Unable to find image 'n132/arvo:55026-vul' locally
55026-vul: Pulling from n132/arvo
846c0b181fff: Pulling fs layer
c732a83f227b: Pulling fs layer
dc6ab69ec6a5: Pulling fs layer
a74efbe5a839: Pulling fs layer
8cf12841ce4b: Pulling fs layer
846c0b181fff: Waiting
f494ec788846: Pulling fs layer
c732a83f227b: Waiting
26c2dd9bd6fc: Pulling fs layer
a74efbe5a839: Waiting
b49429dbc0b7: Pulling fs layer
dc6ab69ec6a5: Waiting
d805f64c17b1: Pulling fs layer
94cbecb2f2e5: Pulling fs layer
f365a3024c62: Pulling fs layer
bebb874b422a: Pulling fs layer
b49429dbc0b7: Waiting
9b92fd07a2d4: Pulling fs layer
d805f64c17b1: Waiting
94cbecb2f2e5: Waiting
3f02467a3518: Pulling fs layer
9b92fd07a2d4: Waiting
bebb874b422a: Waiting
f365a3024c62: Waiting
6bfce3c803dd: Pulling fs layer
3f02467a3518: Waiting
f96d010ccf1e: Pulling fs layer
6bfce3c803dd: Waiting
0dee8648b422: Pulling fs layer
4545c169f59c: Pulling fs layer
efb0844e2530: Pulling fs layer
0dee8648b422: Waiting
4545c169f59c: Waiting
b0fec63c658e: Pulling fs layer
68a784dbb0c2: Pulling fs layer
b0fec63c658e: Waiting
d262737ab8c5: Pulling fs layer
68a784dbb0c2: Waiting
b5f62b1126af: Pulling fs layer
d262737ab8c5: Waiting
6c8cbd112f61: Pulling fs layer
0c38e598898a: Pulling fs layer
b5f62b1126af: Waiting
6c8cbd112f61: Waiting
f7b80776a310: Pulling fs layer
0c38e598898a: Waiting
6432d78cd248: Pulling fs layer
f7b80776a310: Waiting
051efdbc9cda: Pulling fs layer
c73381319e4c: Pulling fs layer
6432d78cd248: Waiting
f22e612a964f: Pulling fs layer
b165baa6a3fc: Pulling fs layer
c73381319e4c: Waiting
051efdbc9cda: Waiting
f9ca122d760e: Pulling fs layer
f22e612a964f: Waiting
b165baa6a3fc: Waiting
dc1bd8b55512: Pulling fs layer
f9ca122d760e: Waiting
352c4022d6a7: Pulling fs layer
dc1bd8b55512: Waiting
0d176689856a: Pulling fs layer
352c4022d6a7: Waiting
8860b7f9fa37: Pulling fs layer
0d176689856a: Waiting
721f5e73c26b: Pulling fs layer
8860b7f9fa37: Waiting
de7077e26010: Pulling fs layer
721f5e73c26b: Waiting
21778d2117f1: Pulling fs layer
c0375ca5076c: Pulling fs layer
21778d2117f1: Waiting
99cd5d0cafd4: Pulling fs layer
c0375ca5076c: Waiting
a571e030eaef: Pulling fs layer
3da095f33370: Pulling fs layer
99cd5d0cafd4: Waiting
a571e030eaef: Waiting
9b7632cf1e7d: Pulling fs layer
3da095f33370: Waiting
a44289ecc856: Pulling fs layer
aa5be7184d6c: Pulling fs layer
9b7632cf1e7d: Waiting
0408a7c178c3: Pulling fs layer
dccb1efca631: Pulling fs layer
aa5be7184d6c: Waiting
a44289ecc856: Waiting
e7b4a48bad31: Pulling fs layer
0408a7c178c3: Waiting
dccb1efca631: Waiting
ca7575274020: Pulling fs layer
e7b4a48bad31: Waiting
5598682053f1: Pulling fs layer
846c0b181fff: Verifying Checksum
846c0b181fff: Download complete
8cf12841ce4b: Waiting
26c2dd9bd6fc: Waiting
f494ec788846: Waiting
f96d010ccf1e: Waiting
efb0844e2530: Waiting
de7077e26010: Waiting
ca7575274020: Waiting
5598682053f1: Waiting
docker: failed to register layer: mkdir /etc/dpkg/origins: no space left on device.
See 'docker run --help'.
