Unable to find image 'n132/arvo:20048-vul' locally
20048-vul: Pulling from n132/arvo
3386e6af03b0: Pulling fs layer
49ac0bbe6c8e: Pulling fs layer
d1983a67e104: Pulling fs layer
1a0f3a523f04: Pulling fs layer
73c5426d06aa: Pulling fs layer
fa7611375f71: Pulling fs layer
cfbeaae4f211: Pulling fs layer
42371f50a4fa: Pulling fs layer
d03027ec3c94: Pulling fs layer
c7d96356120a: Pulling fs layer
6c28d33bde9b: Pulling fs layer
f52300c66b5f: Pulling fs layer
df8ecd39b0e7: Pulling fs layer
9454a074fc30: Pulling fs layer
47fed183f2ed: Pulling fs layer
42371f50a4fa: Waiting
6c28d33bde9b: Waiting
d1983a67e104: Waiting
e96eecbbb562: Pulling fs layer
d03027ec3c94: Waiting
1a0f3a523f04: Waiting
0b0cc7417213: Pulling fs layer
3386e6af03b0: Waiting
c7d96356120a: Waiting
73c5426d06aa: Waiting
8e81c9530cd8: Pulling fs layer
fa7611375f71: Waiting
49ac0bbe6c8e: Waiting
4445fbb6820d: Pulling fs layer
cfbeaae4f211: Waiting
8f1a3969422b: Pulling fs layer
47fed183f2ed: Waiting
df8ecd39b0e7: Waiting
3e6f87cba13b: Pulling fs layer
9454a074fc30: Waiting
f52300c66b5f: Waiting
8e81c9530cd8: Waiting
4445fbb6820d: Waiting
e96eecbbb562: Waiting
0b0cc7417213: Waiting
4baddc9f2450: Pulling fs layer
3e6f87cba13b: Waiting
8f1a3969422b: Waiting
8b40fe672830: Pulling fs layer
4baddc9f2450: Waiting
1c7984b1da81: Pulling fs layer
f505349c77b6: Pulling fs layer
8b40fe672830: Waiting
1c7984b1da81: Waiting
a416f19463ea: Pulling fs layer
f505349c77b6: Waiting
a180e88edd7c: Pulling fs layer
a416f19463ea: Waiting
2b18c7cb1a65: Pulling fs layer
91062fa24e3e: Pulling fs layer
c6633c84f8cd: Pulling fs layer
2b18c7cb1a65: Waiting
a180e88edd7c: Waiting
2e111efe7acd: Pulling fs layer
91062fa24e3e: Waiting
c6633c84f8cd: Waiting
2e111efe7acd: Waiting
f1963cb3e2b3: Pulling fs layer
335a1846ef42: Pulling fs layer
3c86c80ead30: Pulling fs layer
335a1846ef42: Waiting
f1963cb3e2b3: Waiting
3c86c80ead30: Waiting
0c087bdde1d0: Pulling fs layer
5605528700b5: Pulling fs layer
0c087bdde1d0: Waiting
0c81b9e524b2: Pulling fs layer
5605528700b5: Waiting
e53469ef4869: Pulling fs layer
0c81b9e524b2: Waiting
e53469ef4869: Waiting
c912f3e083e1: Pulling fs layer
c3fa7b1ce182: Pulling fs layer
c912f3e083e1: Waiting
011c35c1cb12: Pulling fs layer
c3fa7b1ce182: Waiting
011c35c1cb12: Waiting
d10cd17ddd2b: Pulling fs layer
f6a0b3935134: Pulling fs layer
d10cd17ddd2b: Waiting
f6a0b3935134: Waiting
a530190396a3: Pulling fs layer
43f119cfc4bc: Pulling fs layer
a530190396a3: Waiting
f14661f6d3ef: Pulling fs layer
4c8a33a750b2: Pulling fs layer
6d925eb9b43d: Pulling fs layer
43f119cfc4bc: Waiting
4f4fb700ef54: Pulling fs layer
6d925eb9b43d: Waiting
4c8a33a750b2: Waiting
f14661f6d3ef: Waiting
cb69f38be91c: Pulling fs layer
4f4fb700ef54: Waiting
cb69f38be91c: Waiting
09f7d0039fd8: Pulling fs layer
1f676b1883386e6af03b0: Verifying Checksum
3386e6af03b0: Download complete
49ac0bbe6c8e: Verifying Checksum
49ac0bbe6c8e: Download complete
d1983a67e104: Download complete
1a0f3a523f04: Download complete
3386e6af03b0: Pull complete
49ac0bbe6c8e: Pull complete
d1983a67e104: Pull complete
1a0f3a523f04: Pull complete
73c5426d06aa: Download complete
cfbeaae4f211: Download complete
fa7611375f71: Download complete
d03027ec3c94: Download complete
73c5426d06aa: Pull complete
fa7611375f71: Pull complete
cfbeaae4f211: Pull complete
c7d96356120a: Verifying Checksum
c7d96356120a: Verifying Checksum42371f50a4fa: Verifying Checksum
42371f50a4fa: Download complete
6c28d33bde9b: Download complete
df8ecd39b0e7: Verifying Checksum
df8ecd39b0e7: Download complete
9454a074fc30: Verifying Checksum
9454a074fc30: Download complete
47fed183f2ed: Download complete
e96eecbbb562: Download complete
f52300c66b5f: Verifying Checksum
f52300c66b5f: Verifying Checksum0b0cc7417213: Verifying Checksum
0b0cc7417213: Download complete
8e81c9530cd8: Download complete
8f1a3969422b: Verifying Checksum
8f1a3969422b: Download complete
4445fbb6820d: Verifying Checksum
3e6f87cba13b: Download complete
42371f50a4fa: Pull complete
d03027ec3c94: Pull complete
8b40fe672830: Download complete
4baddc9f2450: Verifying Checksum
4baddc9f2450: Download complete
1c7984b1da81: Verifying Checksum
1c7984b1da81: Download complete
a180e88edd7c: Verifying Checksum
a180e88edd7c: Download complete
a416f19463ea: Verifying Checksum
a416f19463ea: Download complete
c7d96356120a: Pull complete
6c28d33bde9b: Pull complete
91062fa24e3e: Verifying Checksum
91062fa24e3e: Download complete
2b18c7cb1a65: Verifying Checksum
2b18c7cb1a65: Download complete
c6633c84f8cd: Verifying Checksum
c6633c84f8cd: Download complete
2e111efe7acd: Verifying Checksum
2e111efe7acd: Download complete
f1963cb3e2b3: Verifying Checksum
f1963cb3e2b3: Download complete
335a1846ef42: Verifying Checksum
335a1846ef42: Download complete
3c86c80ead30: Verifying Checksum
3c86c80ead30: Download complete
5605528700b5: Verifying Checksum
5605528700b5: Download complete
f505349c77b6: Verifying Checksum
f505349c77b6: Download complete
0c087bdde1d0: Verifying Checksum
0c087bdde1d0: Download complete
e53469ef4869: Verifying Checksum
e53469ef4869: Download complete
0c81b9e524b2: Verifying Checksum
0c81b9e524b2: Download complete
c3fa7b1ce182: Verifying Checksum
c3fa7b1ce182: Download complete
011c35c1cb12: Download complete
c912f3e083e1: Verifying Checksum
c912f3e083e1: Download complete
a530190396a3: Verifying Checksum
a530190396a3: Download complete
f52300c66b5f: Pull complete
d10cd17ddd2b: Verifying Checksum
d10cd17ddd2b: Download complete
f6a0b3935134: Verifying Checksum
f6a0b3935134: Download complete
df8ecd39b0e7: Pull complete
9454a074fc30: Pull complete
47fed183f2ed: Pull complete
e96eecbbb562: Pull complete
f14661f6d3ef: Verifying Checksum
f14661f6d3ef: Download complete
0b0cc7417213: Pull complete
6d925eb9b43d: Verifying Checksum
6d925eb9b43d: Download complete
4f4fb700ef54: Verifying Checksum
4f4fb700ef54: Download complete
4c8a33a750b2: Verifying Checksum
4c8a33a750b2: Download complete
cb69f38be91c: Download complete
1f676b188eff: Verifying Checksum
1f676b188eff: Download complete
8e81c9530cd8: Pull complete
4445fbb6820d: Pull complete
8f1a3969422b: Pull complete
3e6f87cba13b: Pull complete
4baddc9f2450: Pull complete
8b40fe672830: Pull complete
43f119cfc4bc: Verifying Checksum
43f119cfc4bc: Download complete
1c7984b1da81: Pull complete
docker: write /var/lib/docker/tmp/GetImageBlob1550347768: no space left on device.
See 'docker run --help'.
19cfc4bc: Download complete
1c7984b1da81: Pull complete
docker: write /var/lib/docker/tmp/GetImageBlob1550347768: no space left on device.
See 'docker run --help'.
