Unable to find image 'n132/arvo:8615-vul' locally
8615-vul: Pulling from n132/arvo
297061f60c36: Already exists
e9ccef17b516: Already exists
dbc33716854d: Already exists
8fe36b178d25: Already exists
686596545a94: Already exists
1524b83a9ffb: Already exists
a57a1981f1c3: Already exists
869af9d797ab: Already exists
a5ca79036aa0: Pulling fs layer
569aee00a013: Pulling fs layer
62366290f4a0: Pulling fs layer
9981975630fc: Pulling fs layer
b0f8b1fd03a7: Pulling fs layer
0347aff43da0: Pulling fs layer
b8dc3dc7a501: Pulling fs layer
7a52e4a0d59b: Pulling fs layer
8330d90b9479: Pulling fs layer
62366290f4a0: Download complete
569aee00a013: Download complete
c06a18e8f1d1: Pulling fs layer
0347aff43da0: Waiting
8bfac4f8ab0f: Pulling fs layer
9981975630fc: Download complete
b8dc3dc7a501: Waiting
1b62cd523f16: Pulling fs layer
8330d90b9479: Waiting
7a52e4a0d59b: Waiting
b0f8b1fd03a7: Waiting
c06a18e8f1d1: Waiting
7b945105c277: Pulling fs layer
8bfac4f8ab0f: Waiting
1b62cd523f16: Waiting
293062ec2950: Pulling fs layer
fb7baf086c1b: Pulling fs layer
dd53c9a90eef: Pulling fs layer
7b945105c277: Waiting
293062ec2950: Waiting
921b11b6fc03: Pulling fs layer
fb7baf086c1b: Waiting
dd53c9a90eef: Waiting
285652a7bb1e: Pulling fs layer
ff916a23d2da: Pulling fs layer
921b11b6fc03: Waiting
d4dc3d68e16e: Pulling fs layer
9d4ec97ff46b: Pulling fs layer
285652a7bb1e: Waiting
f2564ae515c2: Pulling fs layer
ff916a23d2da: Waiting
0d7537e373c2: Pulling fs layer
d4dc3d68e16e: Waiting
9d4ec97ff46b: Waiting
566a92725484: Pulling fs layer
f2564ae515c2: Waiting
5f425967f76e: Pulling fs layer
0d7537e373c2: Waiting
33550f506258: Pulling fs layer
566a92725484: Waiting
d373272c7795: Pulling fs layer
20b92daddb3d: Pulling fs layer
5f425967f76e: Waiting
d5a8ccc07252: Pulling fs layer
33550f506258: Waiting
d373272c7795: Waiting
a4e39428c4ad: Pulling fs layer
4f4fb700ef54: Pulling fs layer
20b92daddb3d: Waiting
d5a8ccc07252: Waiting
a54551cb49b7: Pulling fs layer
4f4fb700ef54: Waiting
68792a35946a: Pulling fs layer
a4e39428c4ad: Waiting
a54551cb49b7: Waiting
76e664563b1d: Pulling fs layer
68792a35946a: Waiting
76e664563b1d: Waiting
a5ca79036aa0: Download complete
b0f8b1fd03a7: Download complete
0347aff43da0: Verifying Checksum
0347aff43da0: Download complete
b8dc3dc7a501: Verifying Checksum
b8dc3dc7a501: Download complete
7a52e4a0d59b: Download complete
a5ca79036aa0: Pull complete
569aee00a013: Pull complete
62366290f4a0: Pull complete
9981975630fc: Pull complete
b0f8b1fd03a7: Pull complete
0347aff43da0: Pull complete
b8dc3dc7a501: Pull complete
7a52e4a0d59b: Pull complete
c06a18e8f1d1: Download complete
8bfac4f8ab0f: Verifying Checksum
8330d90b9479: Download complete
7b945105c277: Verifying Checksum
7b945105c277: Download complete
293062ec2950: Download complete
fb7baf086c1b: Download complete
dd53c9a90eef: Verifying Checksum
dd53c9a90eef: Download complete
921b11b6fc03: Verifying Checksum
921b11b6fc03: Download complete
285652a7bb1e: Verifying Checksum
285652a7bb1e: Download complete
ff916a23d2da: Download complete
d4dc3d68e16e: Verifying Checksum
d4dc3d68e16e: Download complete
8330d90b9479: Pull complete
c06a18e8f1d1: Pull complete
f2564ae515c2: Download complete
9d4ec97ff46b: Download complete
1b62cd523f16: Verifying Checksum
1b62cd523f16: Download complete
0d7537e373c2: Verifying Checksum
0d7537e373c2: Download complete
5f425967f76e: Verifying Checksum
5f425967f76e: Download complete
566a92725484: Verifying Checksum
566a92725484: Download complete
8bfac4f8ab0f: Pull complete
d373272c7795: Verifying Checksum
d373272c7795: Download complete
d5a8ccc07252: Verifying Checksum
d5a8ccc07252: Download complete
33550f506258: Verifying Checksum
33550f506258: Download complete
4f4fb700ef54: Download complete
a54551cb49b7: Download complete
a4e39428c4ad: Verifying Checksum
a4e39428c4ad: Download complete
76e664563b1d: Verifying Checksum
76e664563b1d: Download complete
20b92daddb3d: Verifying Checksum
20b92daddb3d: Download complete
1b62cd523f16: Pull complete
7b945105c277: Pull complete
293062ec2950: Pull complete
fb7baf086c1b: Pull complete
docker: write /var/lib/docker/tmp/GetImageBlob3290437831: no space left on device.
See 'docker run --help'.
lete
5f425967f76e: Verifying Checksum
5f425967f76e: Download complete
566a92725484: Verifying Checksum
566a92725484: Download complete
8bfac4f8ab0f: Pull complete
d373272c7795: Verifying Checksum
d373272c7795: Download complete
d5a8ccc07252: Verifying Checksum
d5a8ccc07252: Download complete
33550f506258: Verifying Checksum
33550f506258: Download complete
4f4fb700ef54: Download complete
a54551cb49b7: Download complete
a4e39428c4ad: Download complete
76e664563b1d: Verifying Checksum
76e664563b1d: Download complete
20b92daddb3d: Verifying Checksum
20b92daddb3d: Download complete
1b62cd523f16: Pull complete
7b945105c277: Pull complete
293062ec2950: Pull complete
fb7baf086c1b: Pull complete
docker: write /var/lib/docker/tmp/GetImageBlob3290437831: no space left on device.
See 'docker run --help'.
