Unable to find image 'n132/arvo:57829-vul' locally
57829-vul: Pulling from n132/arvo
7608715873ec: Already exists
ae415db10c28: Pulling fs layer
3df13df25856: Pulling fs layer
2e457be5f03c: Pulling fs layer
4e1301d90f76: Pulling fs layer
cd4786088128: Pulling fs layer
9a946082a692: Pulling fs layer
2a318a3aa03b: Pulling fs layer
1de558139cc2: Pulling fs layer
83a20d8eda58: Pulling fs layer
2e3807511e7e: Pulling fs layer
c9e20853cafe: Pulling fs layer
ab59ea540597: Pulling fs layer
6f45af67343c: Pulling fs layer
11000a987582: Pulling fs layer
40682065444e: Pulling fs layer
398f064d2c69: Pulling fs layer
953a5601ef6d: Pulling fs layer
f2dbd038a2fb: Pulling fs layer
bca17f8a8a29: Pulling fs layer
c720cd58b82f: Pulling fs layer
efdf886b6476: Pulling fs layer
53024431fae2: Pulling fs layer
83a20d8eda58: Waiting
4497c79db972: Pulling fs layer
c13dd88defb2: Pulling fs layer
2e457be5f03c: Waiting
2a3b0439d56f: Pulling fs layer
e57864ae8143: Pulling fs layer
a193d0f3b037: Pulling fs layer
953a5601ef6d: Waiting
4e1301d90f76: Waiting
9bc533c225c9: Pulling fs layer
2e3807511e7e: Waiting
cd4786088128: Waiting
9a946082a692: Waiting
2a318a3aa03b: Waiting
fbb5f9a508ae: Pulling fs layer
c9e20853cafe: Waiting
ab59ea540597: Waiting
6f45af67343c: Waiting
11000a987582: Waiting
1de558139cc2: Waiting
ae415db10c28: Waiting
40682065444e: Waiting
c7a0587e1856: Pulling fs layer
398f064d2c69: Waiting
f2dbd038a2fb: Waiting
a8af7bcc53c8: Pulling fs layer
3df13df25856: Waiting
9bc533c225c9: Waiting
bca17f8a8a29: Waiting
c720cd58b82f: Waiting
e90af83d7ea7: Pulling fs layer
efdf886b6476: Waiting
2a3b0439d56f: Waiting
e57864ae8143: Waiting
53024431fae2: Waiting
fbb5f9a508ae: Waiting
4497c79db972: Waiting
407513de8f99: Pulling fs layer
c13dd88defb2: Waiting
dde2b87f1287: Pulling fs layer
a193d0f3b037: Waiting
c7a0587e1856: Waiting
a4ffa3e5fce3: Pulling fs layer
57cdb726c375: Pulling fs layer
dde2b87f1287: Waiting
407513de8f99: Waiting
f30cfe165cae: Pulling fs layer
a4ffa3e5fce3: Waiting
a835ac4cb7e7: Pulling fs layer
fb7c39d5684a: Pulling fs layer
a835ac4cb7e7: Waiting
7c0217915bff: Pulling fs layer
b5ac38af45be: Pulling fs layer
7c0217915bff: Waiting
fb7c39d5684a: Waiting
85204c5f9c80: Pulling fs layer
f525ffad6e97: Pulling fs layer
cd5ee9fef9c8: Pulling fs layer
2971025b3fa1: Pulling fs layer
5f82458f9ccc: Pulling fs layer
2c5cfe562997: Pulling fs layer
5f82458f9ccc: Waiting
d2a0c90be412: Pulling fs layer
4f50f6c99854: Pulling fs layer
2c5cfe562997: Waiting
d2a0c90be412: Waiting
e90af83d7ea7: Waiting
4f50f6c99854: Waiting
3df13df25856: Download complete
ae415db10c28: Verifying Checksum
ae415db10c28: Download complete
2e457be5f03c: Verifying Checksum
2e457be5f03c: Download complete
ae415db10c28: Pull complete
3df13df25856: Pull complete
cd4786088128: Download complete
2e457be5f03c: Pull complete
4e1301d90f76: Download complete
4e1301d90f76: Pull complete
cd4786088128: Pull complete
9a946082a692: Verifying Checksum
9a946082a692: Download complete
1de558139cc2: Download complete
2a318a3aa03b: Download complete
83a20d8eda58: Verifying Checksum
83a20d8eda58: Download complete
c9e20853cafe: Verifying Checksum
c9e20853cafe: Download complete
ab59ea540597: Verifying Checksum
ab59ea540597: Download complete
6f45af67343c: Verifying Checksum
6f45af67343c: Download complete
11000a987582: Verifying Checksum
11000a987582: Download complete
2e3807511e7e: Verifying Checksum
2e3807511e7e: Download complete
398f064d2c69: Download complete
40682065444e: Download complete
953a5601ef6d: Verifying Checksum
953a5601ef6d: Download complete
9a946082a692: Pull complete
2a318a3aa03b: Pull complete
1de558139cc2: Pull complete
bca17f8a8a29: Download complete
c720cd58b82f: Download complete
efdf886b6476: Verifying Checksum
efdf886b6476: Download complete
f2dbd038a2fb: Verifying Checksum
f2dbd038a2fb: Download complete
53024431fae2: Verifying Checksum
53024431fae2: Download complete
4497c79db972: Download complete
c13dd88defb2: Verifying Checksum
2a3b0439d56f: Download complete
e57864ae8143: Download complete
83a20d8eda58: Pull complete
2e3807511e7e: Pull complete
c9e20853cafe: Pull complete
ab59ea540597: Pull complete
6f45af67343c: Pull complete
11000a987582: Pull complete
40682065444e: Pull complete
398f064d2c69: Pull complete
953a5601ef6d: Pull complete
f2dbd038a2fb: Pull complete
bca17f8a8a29: Pull complete
c720cd58b82f: Pull complete
efdf886b6476: Pull complete
53024431fae2: Pull complete
4497c79db972: Pull complete
c13dd88defb2: Pull complete
2a3b0439d56f: Pull complete
e57864ae8143: Pull complete
9bc533c225c9: Verifying Checksum
9bc533c225c9: Download complete
a193d0f3b037: Verifying Checksum
a193d0f3b037: Download complete
fbb5f9a508ae: Verifying Checksum
fbb5f9a508ae: Download complete
c7a0587e1856: Verifying Checksum
c7a0587e1856: Download complete
e90af83d7ea7: Verifying Checksum
e90af83d7ea7: Download complete
407513de8f99: Verifying Checksum
407513de8f99: Download complete
dde2b87f1287: Verifying Checksum
dde2b87f1287: Download complete
a4ffa3e5fce3: Verifying Checksum
a4ffa3e5fce3: Download complete
57cdb726c375: Verifying Checksum
57cdb726c375: Download complete
a193d0f3b037: Pull complete
9bc533c225c9: Pull complete
a8af7bcc53c8: Verifying Checksum
a8af7bcc53c8: Download complete
a835ac4cb7e7: Verifying Checksum
a835ac4cb7e7: Download complete
fb7c39d5684a: Verifying Checksum
fb7c39d5684a: Download complete
7c0217915bff: Verifying Checksum
7c0217915bff: Download complete
b5ac38af45be: Download complete
f30cfe165cae: Verifying Checksum
f30cfe165cae: Download complete
85204c5f9c80: Verifying Checksum
85204c5f9c80: Download complete
f525ffad6e97: Verifying Checksum
f525ffad6e97: Download complete
cd5ee9fef9c8: Verifying Checksum
cd5ee9fef9c8: Download complete
2971025b3fa1: Verifying Checksum
2971025b3fa1: Download complete
5f82458f9ccc: Download complete
2c5cfe562997: Verifying Checksum
2c5cfe562997: Download complete
fbb5f9a508ae: Pull complete
c7a0587e1856: Pull complete
4f50f6c99854: Download complete
docker: write /var/lib/docker/tmp/GetImageBlob462928420: no space left on device.
See 'docker run --help'.
