Unable to find image 'n132/arvo:20272-vul' locally
20272-vul: Pulling from n132/arvo
0a01a72a686c: Pulling fs layer
0a01a72a686c: Waiting
cc899a5544da: Pulling fs layer
19197c550755: Pulling fs layer
716d454e56b6: Pulling fs layer
06dc387fe5f4: Pulling fs layer
716d454e56b6: Waiting
cc899a5544da: Waiting
19197c550755: Waiting
06dc387fe5f4: Waiting
a39215e7186c: Pulling fs layer
9c586eb5c78a: Pulling fs layer
a39215e7186c: Waiting
9c586eb5c78a: Waiting
15da22c01168: Pulling fs layer
24bb3fcf7d61: Pulling fs layer
530e012225b3: Pulling fs layer
15da22c01168: Waiting
93be8895fa0a: Pulling fs layer
24bb3fcf7d61: Waiting
530e012225b3: Waiting
557cec56b20f: Pulling fs layer
93be8895fa0a: Waiting
ead433304001: Pulling fs layer
557cec56b20f: Waiting
6bbb18af02ba: Pulling fs layer
ead433304001: Waiting
de3619435d5f: Pulling fs layer
fa73f6b02861: Pulling fs layer
6bbb18af02ba: Waiting
7a64477c0dac: Pulling fs layer
de3619435d5f: Waiting
fa73f6b02861: Waiting
433b02639131: Pulling fs layer
7a64477c0dac: Waiting
433b02639131: Waiting
f928d4879d32: Pulling fs layer
d52021e4797f: Pulling fs layer
f928d4879d32: Waiting
8c4ede7963f5: Pulling fs layer
d52021e4797f: Waiting
8c4ede7963f5: Waiting
821c72f78b2b: Pulling fs layer
7c79d6dff783: Pulling fs layer
821c72f78b2b: Waiting
7c79d6dff783: Waiting
171a00517a75: Pulling fs layer
b2adacd4c263: Pulling fs layer
844325ff8d7d: Pulling fs layer
abb14cbec3bd: Pulling fs layer
171a00517a75: Waiting
b2adacd4c263: Waiting
844325ff8d7d: Waiting
abb14cbec3bd: Waiting
916da33bcec5: Pulling fs layer
a18f43665fa5: Pulling fs layer
bd3a6ecb493b: Pulling fs layer
916da33bcec5: Waiting
a18f43665fa5: Waiting
0cc1f403bd1a: Pulling fs layer
bd3a6ecb493b: Waiting
b8d860edba9a: Pulling fs layer
0cc1f403bd1a: Waiting
9c4d26ccab26: Pulling fs layer
b8d860edba9a: Waiting
9c4d26ccab26: Waiting
1b769547881f: Pulling fs layer
dfbbe9f4f54a: Pulling fs layer
0eba180ae8bf: Pulling fs layer
1b769547881f: Waiting
de7de06833fa: Pulling fs layer
dfbbe9f4f54a: Waiting
0eba180ae8bf: Waiting
de7de06833fa: Waiting
64e817d23ebf: Pulling fs layer
1749235d3ac8: Pulling fs layer
64e817d23ebf: Waiting
c2bf9e7b76ab: Pulling fs layer
3b34bfe78756: Pulling fs layer
1749235d3ac8: Waiting
bf881353bdc0: Pulling fs layer
84e74c514890: Pulling fs layer
50df2d8b0bb6: Pulling fs layer
84e74c514890: Waiting
3b34bfe78756: Waiting
bf881353bdc0: Waiting
c2bf9e7b76ab: Waiting
50df2d8b0bb6: Waiting
757d8634caf9: Pulling fs layer
2cdfda39cc99: Pulling fs layer
7364d9936ad2: Pulling fs layer
89504020ae9f: Pulling fs layer
7364d9936ad2: Waiting
757d8634caf9: Waiting
2cdfda39cc99: Waiting
89504020ae9f: Waiting
4f4fb700ef54: Pulling fs layer
2a9f50a01a72a686c: Verifying Checksum
0a01a72a686c: Download complete
cc899a5544da: Download complete
19197c550755: Download complete
716d454e56b6: Download complete
0a01a72a686c: Pull complete
cc899a5544da: Pull complete
19197c550755: Pull complete
716d454e56b6: Pull complete
06dc387fe5f4: Verifying Checksum
06dc387fe5f4: Download complete
a39215e7186c: Download complete
9c586eb5c78a: Verifying Checksum
9c586eb5c78a: Download complete
24bb3fcf7d61: Verifying Checksum
24bb3fcf7d61: Download complete
06dc387fe5f4: Pull complete
a39215e7186c: Pull complete
9c586eb5c78a: Pull complete
530e012225b3: Verifying Checksum
530e012225b3: Download complete
93be8895fa0a: Download complete
557cec56b20f: Download complete
15da22c01168: Download complete
6bbb18af02ba: Verifying Checksum
6bbb18af02ba: Download complete
ead433304001: Verifying Checksum
ead433304001: Download complete
de3619435d5f: Download complete
fa73f6b02861: Verifying Checksum
fa73f6b02861: Download complete
7a64477c0dac: Verifying Checksum
7a64477c0dac: Download complete
433b02639131: Verifying Checksum
433b02639131: Download complete
f928d4879d32: Download complete
d52021e4797f: Download complete
8c4ede7963f5: Verifying Checksum
8c4ede7963f5: Download complete
7c79d6dff783: Verifying Checksum
7c79d6dff783: Download complete
821c72f78b2b: Verifying Checksum
821c72f78b2b: Download complete
171a00517a75: Verifying Checksum
171a00517a75: Download complete
844325ff8d7d: Download complete
abb14cbec3bd: Download complete
916da33bcec5: Verifying Checksum
916da33bcec5: Download complete
15da22c01168: Pull complete
24bb3fcf7d61: Pull complete
a18f43665fa5: Download complete
bd3a6ecb493b: Download complete
b2adacd4c263: Verifying Checksum
b2adacd4c263: Download complete
0cc1f403bd1a: Verifying Checksum
0cc1f403bd1a: Download complete
b8d860edba9a: Verifying Checksum
b8d860edba9a: Download complete
9c4d26ccab26: Verifying Checksum
9c4d26ccab26: Download complete
1b769547881f: Verifying Checksum
1b769547881f: Download complete
dfbbe9f4f54a: Download complete
0eba180ae8bf: Verifying Checksum
0eba180ae8bf: Download complete
530e012225b3: Pull complete
93be8895fa0a: Pull complete
de7de06833fa: Verifying Checksum
de7de06833fa: Download complete
64e817d23ebf: Verifying Checksum
64e817d23ebf: Download complete
c2bf9e7b76ab: Verifying Checksum
c2bf9e7b76ab: Download complete
1749235d3ac8: Verifying Checksum
1749235d3ac8: Download complete
bf881353bdc0: Verifying Checksum
bf881353bdc0: Download complete
3b34bfe78756: Verifying Checksum
3b34bfe78756: Download complete
50df2d8b0bb6: Download complete
84e74c514890: Verifying Checksum
84e74c514890: Download complete
557cec56b20f: Pull complete
2cdfda39cc99: Verifying Checksum
2cdfda39cc99: Download complete
ead433304001: Pull complete
6bbb18af02ba: Pull complete
de3619435d5f: Pull complete
fa73f6b02861: Pull complete
7364d9936ad2: Verifying Checksum
7364d9936ad2: Download complete
7a64477c0dac: Pull complete
89504020ae9f: Verifying Checksum
89504020ae9f: Download complete
4f4fb700ef54: Download complete
2a9f59f50958: Verifying Checksum
2a9f59f50958: Download complete
757d8634caf9: Verifying Checksum
757d8634caf9: Download complete
d81c4304282a: Verifying Checksum
d81c4304282a: Download complete
433b02639131: Pull complete
f928d4879d32: Pull complete
d52021e4797f: Pull complete
8c4ede7963f5: Pull complete
821c72f78b2b: Pull complete
7c79d6dff783: Pull complete
171a00517a75: Pull complete
b2adacd4c263: Pull complete
844325ff8d7d: Pull complete
abb14cbec3bd: Pull complete
916da33bcec5: Pull complete
a18f43665fa5: Pull complete
bd3a6ecb493b: Pull complete
0cc1f403bd1a: Pull complete
b8d860edba9a: Pull complete
9c4d26ccab26: Pull complete
1b769547881f: Pull complete
dfbbe9f4f54a: Pull complete
0eba180ae8bf: Pull complete
de7de06833fa: Pull complete
64e817d23ebf: Pull complete
1749235d3ac8: Pull complete
c2bf9e7b76ab: Pull complete
3b34bfe78756: Pull complete
bf881353bdc0: Pull complete
84e74c514890: Pull complete
50df2d8b0bb6: Pull complete
d773b8fdd640: Download complete
757d8634caf9: Pull complete
2cdfda39cc99: Pull complete
7364d9936ad2: Pull complete
89504020ae9f: Pull complete
4f4fb700ef54: Pull complete
2a9f59f50958: Pull complete
docker: failed to register layer: write /out/coder_IMAGE_fuzzer: no space left on device.
See 'docker run --help'.
34caf9: Pull complete
2cdfda39cc99: Pull complete
7364d9936ad2: Pull complete
89504020ae9f: Pull complete
4f4fb700ef54: Pull complete
2a9f59f50958: Pull complete
docker: failed to register layer: write /out/coder_IMAGE_fuzzer: no space left on device.
See 'docker run --help'.
