Unable to find image 'n132/arvo:19282-vul' locally
19282-vul: Pulling from n132/arvo
976a760c94fc: Pulling fs layer
c58992f3c37b: Pulling fs layer
0ca0e5e7f12e: Pulling fs layer
f2a274cc00ca: Pulling fs layer
2c6cb06664e2: Pulling fs layer
92244a88aa5d: Pulling fs layer
d54474ddf167: Pulling fs layer
5d5272dbb165: Pulling fs layer
b41136897a71: Pulling fs layer
c3cb3be2c3ef: Pulling fs layer
2eca2ccbfce9: Pulling fs layer
6a0b3dc6c789: Pulling fs layer
74484be39dac: Pulling fs layer
3be48a4935d6: Pulling fs layer
01ce10ffc8e1: Pulling fs layer
3266dd1d8303: Pulling fs layer
a3f97d4424ed: Pulling fs layer
dbaff53db0ca: Pulling fs layer
6647ec4e8a2f: Pulling fs layer
69cfd75c46d3: Pulling fs layer
976a760c94fc: Waiting
f0767406f026: Pulling fs layer
7415840244e1: Pulling fs layer
c58992f3c37b: Waiting
69638b6c2a69: Pulling fs layer
024cacde6df6: Pulling fs layer
ff738c5d583f: Pulling fs layer
5a10dd11fb7f: Pulling fs layer
0ca0e5e7f12e: Waiting
dfc2f3dab4cf: Pulling fs layer
f2a274cc00ca: Waiting
2c6cb06664e2: Waiting
92244a88aa5d: Waiting
d54474ddf167: Waiting
5d5272dbb165: Waiting
b41136897a71: Waiting
c3cb3be2c3ef: Waiting
2eca2ccbfce9: Waiting
6a0b3dc6c789: Waiting
74484be39dac: Waiting
3be48a4935d6: Waiting
01ce10ffc8e1: Waiting
3266dd1d8303: Waiting
617b0ce8363a: Pulling fs layer
a3f97d4424ed: Waiting
e43a2ac3322d: Pulling fs layer
dbaff53db0ca: Waiting
4ce6d32f1ca7: Pulling fs layer
6647ec4e8a2f: Waiting
a98f269ac917: Pulling fs layer
f0767406f026: Waiting
0ddbfe32d1b4: Pulling fs layer
7415840244e1: Waiting
9e4f5281fcc5: Pulling fs layer
69638b6c2a69: Waiting
c1e1217a5488: Pulling fs layer
024cacde6df6: Waiting
290c94445bac: Pulling fs layer
0e2ca6659140: Pulling fs layer
ff738c5d583f: Waiting
d3c9ecb97def: Pulling fs layer
fffc134b8b4b: Pulling fs layer
5a10dd11fb7f: Waiting
a7ba4c1839c3: Pulling fs layer
e43a2ac3322d: Waiting
dfc2f3dab4cf: Waiting
94d1aca4a427: Pulling fs layer
617b0ce8363a: Waiting
4ce6d32f1ca7: Waiting
ad89c5776fee: Pulling fs layer
69cfd75c46d3: Waiting
0e2ca6659140: Waiting
47097f222fbc: Pulling fs layer
cc971ef08171: Pulling fs layer
a98f269ac917: Waiting
d3c9ecb97def: Waiting
0ddbfe32d1b4: Waiting
fffc134b8b4b: Waiting
bcac19fcf9e0: Pulling fs layer
9e4f5281fcc5: Waiting
49d8f63e5a65: Pulling fs layer
a7ba4c1839c3: Waiting
530ad6b497bb: Pulling fs layer
94d1aca4a427: Waiting
99716ecbbcc7: Pulling fs layer
f4acb5c7e597: Pulling fs layer
c1e1217a5488: Waiting
47097f222fbc: Waiting
7fcc5a72b790: Pulling fs layer
cc971ef08171: Waiting
ad89c5776fee: Waiting
18f02e90ecbf: Pulling fs layer
bcac19fcf9e0: Waiting
290c94445bac: Waiting
49d8f63e5a65: Waiting
7d1863dd37bb: Pulling fs layer
7fcc5a72b790: Waiting
7d1863dd37bb: Waiting
530ad6b497bb: Waiting
99716ecbbcc7: Waiting
f4acb5c7e597: Waiting
976a760c94fc: Verifying Checksum
976a760c94fc: Download complete
0ca0e5e7f12e: Verifying Checksum
0ca0e5e7f12e: Download complete
f2a274cc00ca: Download complete
c58992f3c37b: Download complete
2c6cb06664e2: Verifying Checksum
2c6cb06664e2: Download complete
976a760c94fc: Pull complete
c58992f3c37b: Pull complete
0ca0e5e7f12e: Pull complete
f2a274cc00ca: Pull complete
92244a88aa5d: Download complete
2c6cb06664e2: Pull complete
92244a88aa5d: Pull complete
d54474ddf167: Verifying Checksum
d54474ddf167: Download complete
d54474ddf167: Pull complete
b41136897a71: Verifying Checksum
b41136897a71: Download complete
5d5272dbb165: Verifying Checksum
5d5272dbb165: Download complete
2eca2ccbfce9: Verifying Checksum
2eca2ccbfce9: Download complete
c3cb3be2c3ef: Verifying Checksum
c3cb3be2c3ef: Download complete
74484be39dac: Verifying Checksum
74484be39dac: Download complete
3be48a4935d6: Verifying Checksum
3be48a4935d6: Download complete
6a0b3dc6c789: Verifying Checksum
6a0b3dc6c789: Download complete
01ce10ffc8e1: Verifying Checksum
01ce10ffc8e1: Download complete
3266dd1d8303: Download complete
dbaff53db0ca: Verifying Checksum
dbaff53db0ca: Download complete
6647ec4e8a2f: Verifying Checksum
6647ec4e8a2f: Download complete
a3f97d4424ed: Verifying Checksum
a3f97d4424ed: Download complete
69cfd75c46d3: Verifying Checksum
69cfd75c46d3: Download complete
7415840244e1: Verifying Checksum
7415840244e1: Download complete
f0767406f026: Verifying Checksum
f0767406f026: Download complete
024cacde6df6: Download complete
69638b6c2a69: Verifying Checksum
69638b6c2a69: Download complete
5d5272dbb165: Pull complete
b41136897a71: Pull complete
ff738c5d583f: Verifying Checksum
ff738c5d583f: Download complete
dfc2f3dab4cf: Verifying Checksum
dfc2f3dab4cf: Download complete
617b0ce8363a: Verifying Checksum
617b0ce8363a: Download complete
18f02e90ecbf: Waiting
docker: write /var/lib/docker/tmp/GetImageBlob469022405: no space left on device.
See 'docker run --help'.
