Unable to find image 'n132/arvo:26490-vul' locally
26490-vul: Pulling from n132/arvo
4f53fa4d2cf0: Pulling fs layer
6af7c939e38e: Pulling fs layer
903d0ffd64f6: Pulling fs layer
04feeed388b7: Pulling fs layer
4fefe0f760dd: Pulling fs layer
49363ca3157f: Pulling fs layer
6e6431fe0f02: Pulling fs layer
15557d0fc590: Pulling fs layer
4f53fa4d2cf0: Waiting
097adba85965: Pulling fs layer
059ae1bfc2b9: Pulling fs layer
6af7c939e38e: Waiting
dac7650673bc: Pulling fs layer
04feeed388b7: Waiting
903d0ffd64f6: Waiting
f82e521b58a5: Pulling fs layer
4fefe0f760dd: Waiting
12a6a2345834: Pulling fs layer
49363ca3157f: Waiting
6e6431fe0f02: Waiting
6cf6489a8ad9: Pulling fs layer
df8d922453f8: Pulling fs layer
f58179fd10d6: Pulling fs layer
5c55c778a1c5: Pulling fs layer
15557d0fc590: Waiting
dac7650673bc: Waiting
097adba85965: Waiting
ec9f3a4ed17b: Pulling fs layer
5b02e928b73a: Pulling fs layer
12a6a2345834: Waiting
468c724a6a3b: Pulling fs layer
f58179fd10d6: Waiting
f82e521b58a5: Waiting
6cf6489a8ad9: Waiting
df8d922453f8: Waiting
52d1cbe4c02d: Pulling fs layer
7c528d1baf57: Pulling fs layer
5b02e928b73a: Waiting
468c724a6a3b: Waiting
5c55c778a1c5: Waiting
52d1cbe4c02d: Waiting
ec9f3a4ed17b: Waiting
436d1bd8011a: Pulling fs layer
5d8d20288bec: Pulling fs layer
2629278bebd7: Pulling fs layer
436d1bd8011a: Waiting
8dac135f1dbd: Pulling fs layer
f1a2bb57249e: Pulling fs layer
5d8d20288bec: Waiting
3ba627104bf0: Pulling fs layer
b8190a3e983c: Pulling fs layer
9be08542968c: Pulling fs layer
2629278bebd7: Waiting
0e52d8dc28ae: Pulling fs layer
8dac135f1dbd: Waiting
aa40ae3963db: Pulling fs layer
f1a2bb57249e: Waiting
0e52d8dc28ae: Waiting
8eb1bc757e00: Pulling fs layer
d864f5aa61de: Pulling fs layer
eac222c69077: Pulling fs layer
aa40ae3963db: Waiting
5d71f2f88c3c: Pulling fs layer
586b68398b1e: Pulling fs layer
0d26721a9968: Pulling fs layer
d864f5aa61de: Waiting
9da338023305: Pulling fs layer
586b68398b1e: Waiting
8eb1bc757e00: Waiting
0d26721a9968: Waiting
7882d19020f0: Pulling fs layer
53c48e7ef89f: Pulling fs layer
7882d19020f0: Waiting
082e8186c161: Pulling fs layer
7acb79885270: Pulling fs layer
53c48e7ef89f: Waiting
35f96f9c1f95: Pulling fs layer
757aa763ef82: Pulling fs layer
082e8186c161: Waiting
243dacf6ad86: Pulling fs layer
e89784763141: Pulling fs layer
32743cf9d347: Pulling fs layer
35f96f9c1f95: Waiting
757aa763ef82: Waiting
4fa5c26200ea: Pulling fs layer
bb13c4ad1e20: Pulling fs layer
7acb79885270: Waiting
e89784763141: Waiting
243dacf6ad86: Waiting
32743cf9d347: Waiting
9b8b639e68b9: Pulling fs layer
15cd475eed96: Pulling fs layer
9b8b639e68b9: Waiting
4f53fa4d2cf0: Download complete
6af7c939e38e: Verifying Checksum
6af7c939e38e: Download complete
903d0ffd64f6: Download complete
04feeed388b7: Verifying Checksum
04feeed388b7: Download complete
4f53fa4d2cf0: Pull complete
6af7c939e38e: Pull complete
903d0ffd64f6: Pull complete
04feeed388b7: Pull complete
4fefe0f760dd: Verifying Checksum
4fefe0f760dd: Download complete
49363ca3157f: Download complete
15557d0fc590: Verifying Checksum
15557d0fc590: Download complete
4fefe0f760dd: Pull complete
49363ca3157f: Pull complete
6e6431fe0f02: Verifying Checksum
6e6431fe0f02: Download complete
059ae1bfc2b9: Verifying Checksum
059ae1bfc2b9: Download complete
7c528d1baf57: Waiting
b8190a3e983c: Waiting
3ba627104bf0: Waiting
9be08542968c: Waiting
eac222c69077: Waiting
5d71f2f88c3c: Waiting
9da338023305: Waiting
4fa5c26200ea: Waiting
bb13c4ad1e20: Waiting
15cd475eed96: Waiting
docker: write /var/lib/docker/tmp/GetImageBlob1156641866: no space left on device.
See 'docker run --help'.
