Unable to find image 'n132/arvo:55102-vul' locally
55102-vul: Pulling from n132/arvo
846c0b181fff: Pulling fs layer
4f3ffd0c819c: Pulling fs layer
846c0b181fff: Waiting
4f3ffd0c819c: Waiting
86321126d274: Pulling fs layer
786b8d9b6d04: Pulling fs layer
d2ab98ca9967: Pulling fs layer
69a045778816: Pulling fs layer
262ab88b1610: Pulling fs layer
786b8d9b6d04: Waiting
d2ab98ca9967: Waiting
daeae51dbd65: Pulling fs layer
262ab88b1610: Waiting
e96f7493451c: Pulling fs layer
daeae51dbd65: Waiting
5c77cd15fc0a: Pulling fs layer
b7ea2868ba0f: Pulling fs layer
b105b444e012: Pulling fs layer
e952eb65ff2a: Pulling fs layer
3cb87be8d003: Pulling fs layer
01fb1e87f3b8: Pulling fs layer
b7ea2868ba0f: Waiting
c876913df8ef: Pulling fs layer
e96f7493451c: Waiting
5c77cd15fc0a: Waiting
3cb87be8d003: Waiting
959569a5041d: Pulling fs layer
249ef8929914: Pulling fs layer
74040606f4b9: Pulling fs layer
b105b444e012: Waiting
77455c5dc715: Pulling fs layer
e952eb65ff2a: Waiting
a7d6ded0bc9a: Pulling fs layer
eded773cec50: Pulling fs layer
7e17af778ebd: Pulling fs layer
86321126d274: Waiting
3e7e92577798: Pulling fs layer
c876913df8ef: Waiting
e918a5e152b8: Pulling fs layer
77455c5dc715: Waiting
959569a5041d: Waiting
cd54884851dc: Pulling fs layer
74040606f4b9: Waiting
eded773cec50: Waiting
a7d6ded0bc9a: Waiting
3e7e92577798: Waiting
cd957727b6ef: Pulling fs layer
cd54884851dc: Waiting
be6345640956: Pulling fs layer
d033f6875f76: Pulling fs layer
be6345640956: Waiting
aee80896fdab: Pulling fs layer
09197ade0ba7: Pulling fs layer
aee80896fdab: Waiting
6cbb7a0456c2: Pulling fs layer
09197ade0ba7: Waiting
05d504da793b: Pulling fs layer
6cbb7a0456c2: Waiting
cd957727b6ef: Waiting
f75b3569adf1: Pulling fs layer
d5d4dc372f1e: Pulling fs layer
7e17af778ebd: Waiting
05d504da793b: Waiting
f75b3569adf1: Waiting
93d455a1b5e0: Pulling fs layer
f7dc9850cf77: Pulling fs layer
f7dc9850cf77: Waiting
93d455a1b5e0: Waiting
d5d4dc372f1e: Waiting
0c488a9e02a6: Pulling fs layer
c42dfedc5b99: Pulling fs layer
62ba3f880583: Pulling fs layer
37ff58b1f06c: Pulling fs layer
f9886abf5268: Pulling fs layer
0c488a9e02a6: Waiting
62ba3f880583: Waiting
37ff58b1f06c: Waiting
296844295e59: Pulling fs layer
f9886abf5268: Waiting
f64c2a1cbb4a: Pulling fs layer
296844295e59: Waiting
8d4a44ee7806: Pulling fs layer
b4cdbb3d7967: Pulling fs layer
f64c2a1cbb4a: Waiting
b4cdbb3d7967: Waiting
3484b2c5ddf1: Pulling fs layer
3ab80559417c: Pulling fs layer
3484b2c5ddf1: Waiting
8d24f2df84d0: Pulling fs layer
d2832abc6da4: Pulling fs layer
317455a6d9d0: Pulling fs layer
3ab80559417c: Waiting
8d24f2df84d0: Waiting
d2832abc6da4: Waiting
317455a6d9d0: Waiting
846c0b181fff: Verifying Checksum
846c0b181fff: Download complete
69a045778816: Waiting
01fb1e87f3b8: Waiting
249ef8929914: Waiting
e918a5e152b8: Waiting
d033f6875f76: Waiting
c42dfedc5b99: Waiting
8d4a44ee7806: Waiting
docker: failed to register layer: mkdir /etc/dpkg/origins: no space left on device.
See 'docker run --help'.
