Unable to find image 'n132/arvo:8834-vul' locally
8834-vul: Pulling from n132/arvo
297061f60c36: Already exists
e9ccef17b516: Already exists
dbc33716854d: Already exists
8fe36b178d25: Already exists
686596545a94: Already exists
1524b83a9ffb: Already exists
a57a1981f1c3: Already exists
869af9d797ab: Already exists
a5ca79036aa0: Pulling fs layer
569aee00a013: Pulling fs layer
62366290f4a0: Pulling fs layer
9981975630fc: Pulling fs layer
b0f8b1fd03a7: Pulling fs layer
0347aff43da0: Pulling fs layer
b8dc3dc7a501: Pulling fs layer
7a52e4a0d59b: Pulling fs layer
514a22157a07: Pulling fs layer
499f39959cd3: Pulling fs layer
6e5736a6dd7b: Pulling fs layer
235ebd873ec7: Pulling fs layer
f36243fecb72: Pulling fs layer
85534824a241: Pulling fs layer
22392da424b2: Pulling fs layer
6d895f1eea1b: Pulling fs layer
c950205d9b4b: Pulling fs layer
168f5f8428ed: Pulling fs layer
1b3dcaa05dd4: Pulling fs layer
1aa1284a7bf7: Pulling fs layer
00dfeb5b9ee6: Pulling fs layer
155fe0657b0f: Pulling fs layer
d3e5250fc9bb: Pulling fs layer
0797bdd92f29: Pulling fs layer
573fda24e921: Pulling fs layer
2a0bd92466b9: Pulling fs layer
3503355d055c: Pulling fs layer
fec5ff66a0e5: Pulling fs layer
0bbcf13ace26: Pulling fs layer
c65ea859a5da: Pulling fs layer
4f4fb700ef54: Pulling fs layer
eb2be0fc888e: Pulling fs layer
34364f150d7f: Pulling fs layer
c7875519db9c: Pulling fs layer
c7875519db9c: Waiting
6d895f1eea1b: Waiting
573fda24e921: Waiting
c950205d9b4b: Waiting
168f5f8428ed: Waiting
7a52e4a0d59b: Waiting
569aee00a013: Download complete
b0f8b1fd03a7: Waiting
0347aff43da0: Waiting
1b3dcaa05dd4: Waiting
b8dc3dc7a501: Waiting
0bbcf13ace26: Waiting
62366290f4a0: Download complete
9981975630fc: Download complete
1aa1284a7bf7: Waiting
3503355d055c: Waiting
2a0bd92466b9: Waiting
235ebd873ec7: Waiting
00dfeb5b9ee6: Waiting
d3e5250fc9bb: Waiting
155fe0657b0f: Waiting
0797bdd92f29: Waiting
fec5ff66a0e5: Waiting
4f4fb700ef54: Waiting
514a22157a07: Waiting
22392da424b2: Waiting
c65ea859a5da: Waiting
499f39959cd3: Waiting
85534824a241: Waiting
f36243fecb72: Waiting
eb2be0fc888e: Waiting
6e5736a6dd7b: Waiting
34364f150d7f: Waiting
a5ca79036aa0: Verifying Checksum
a5ca79036aa0: Download complete
b0f8b1fd03a7: Verifying Checksum
b0f8b1fd03a7: Download complete
0347aff43da0: Verifying Checksum
0347aff43da0: Download complete
b8dc3dc7a501: Download complete
7a52e4a0d59b: Download complete
a5ca79036aa0: Pull complete
569aee00a013: Pull complete
62366290f4a0: Pull complete
9981975630fc: Pull complete
b0f8b1fd03a7: Pull complete
0347aff43da0: Pull complete
b8dc3dc7a501: Pull complete
7a52e4a0d59b: Pull complete
514a22157a07: Download complete
499f39959cd3: Verifying Checksum
499f39959cd3: Download complete
6e5736a6dd7b: Verifying Checksum
6e5736a6dd7b: Download complete
514a22157a07: Pull complete
499f39959cd3: Pull complete
6e5736a6dd7b: Pull complete
235ebd873ec7: Verifying Checksum
235ebd873ec7: Download complete
f36243fecb72: Verifying Checksum
f36243fecb72: Download complete
85534824a241: Verifying Checksum
85534824a241: Download complete
22392da424b2: Download complete
6d895f1eea1b: Verifying Checksum
6d895f1eea1b: Download complete
c950205d9b4b: Download complete
168f5f8428ed: Verifying Checksum
168f5f8428ed: Download complete
1b3dcaa05dd4: Download complete
1aa1284a7bf7: Verifying Checksum
1aa1284a7bf7: Download complete
00dfeb5b9ee6: Verifying Checksum
00dfeb5b9ee6: Download complete
155fe0657b0f: Verifying Checksum
155fe0657b0f: Download complete
d3e5250fc9bb: Download complete
0797bdd92f29: Verifying Checksum
0797bdd92f29: Download complete
573fda24e921: Download complete
235ebd873ec7: Pull complete
2a0bd92466b9: Verifying Checksum
2a0bd92466b9: Download complete
3503355d055c: Verifying Checksum
3503355d055c: Download complete
f36243fecb72: Pull complete
85534824a241: Pull complete
22392da424b2: Pull complete
6d895f1eea1b: Pull complete
c950205d9b4b: Pull complete
168f5f8428ed: Pull complete
1b3dcaa05dd4: Pull complete
1aa1284a7bf7: Pull complete
00dfeb5b9ee6: Pull complete
155fe0657b0f: Pull complete
d3e5250fc9bb: Pull complete
fec5ff66a0e5: Verifying Checksum
fec5ff66a0e5: Download complete
0797bdd92f29: Pull complete
573fda24e921: Pull complete
2a0bd92466b9: Pull complete
3503355d055c: Pull complete
0bbcf13ace26: Verifying Checksum
0bbcf13ace26: Download complete
fec5ff66a0e5: Pull complete
0bbcf13ace26: Pull complete
c65ea859a5da: Download complete
c65ea859a5da: Pull complete
4f4fb700ef54: Verifying Checksum
4f4fb700ef54: Download complete
4f4fb700ef54: Pull complete
eb2be0fc888e: Verifying Checksum
eb2be0fc888e: Download complete
eb2be0fc888e: Pull complete
c7875519db9c: Verifying Checksum
c7875519db9c: Download complete
docker: write /var/lib/docker/tmp/GetImageBlob2392726374: no space left on device.
See 'docker run --help'.
mplete
168f5f8428ed: Pull complete
1b3dcaa05dd4: Pull complete
1aa1284a7bf7: Pull complete
00dfeb5b9ee6: Pull complete
155fe0657b0f: Pull complete
d3e5250fc9bb: Pull complete
fec5ff66a0e5: Verifying Checksum
fec5ff66a0e5: Download complete
0797bdd92f29: Pull complete
573fda24e921: Pull complete
2a0bd92466b9: Pull complete
3503355d055c: Pull complete
0bbcf13ace26: Verifying Checksum
0bbcf13ace26: Download complete
fec5ff66a0e5: Pull complete
0bbcf13ace26: Pull complete
c65ea859a5da: Download complete
c65ea859a5da: Pull complete
4f4fb700ef54: Download complete
4f4fb700ef54: Pull complete
eb2be0fc888e: Verifying Checksum
eb2be0fc888e: Download complete
eb2be0fc888e: Pull complete
c7875519db9c: Verifying Checksum
c7875519db9c: Download complete
docker: write /var/lib/docker/tmp/GetImageBlob2392726374: no space left on device.
See 'docker run --help'.
