Unable to find image 'n132/arvo:36329-vul' locally
36329-vul: Pulling from n132/arvo
61e03ba1d414: Pulling fs layer
4afb39f216bd: Pulling fs layer
61e03ba1d414: Waiting
e489abdc9f90: Pulling fs layer
4afb39f216bd: Waiting
e489abdc9f90: Waiting
999fff7bcc24: Pulling fs layer
3c98c0852c3e: Pulling fs layer
999fff7bcc24: Waiting
8fb1b96b0194: Pulling fs layer
0f4e9129a85e: Pulling fs layer
2f04b95c6cb4: Pulling fs layer
45903c5d6fd1: Pulling fs layer
4f9917dc7f61: Pulling fs layer
822ab719dfe3: Pulling fs layer
fb3d8008b389: Pulling fs layer
cf11d330b4df: Pulling fs layer
4967334e5a42: Pulling fs layer
28d6cd951f28: Pulling fs layer
6bdb1c73be33: Pulling fs layer
7da25af96800: Pulling fs layer
efd3e017b1c0: Pulling fs layer
3c98c0852c3e: Waiting
857e04b43f6f: Pulling fs layer
efd3e017b1c0: Waiting
8fb1b96b0194: Waiting
0f4e9129a85e: Waiting
2f04b95c6cb4: Waiting
45903c5d6fd1: Waiting
cf11d330b4df: Waiting
4967334e5a42: Waiting
28d6cd951f28: Waiting
4f9917dc7f61: Waiting
822ab719dfe3: Waiting
fb3d8008b389: Waiting
6bdb1c73be33: Waiting
7da25af96800: Waiting
57e766728052: Pulling fs layer
32a0d49424aa: Pulling fs layer
396368b3604a: Pulling fs layer
8924c7a292c3: Pulling fs layer
d956dfc4fc5c: Pulling fs layer
7aa474711d6e: Pulling fs layer
7aa474711d6e: Waiting
878714c1d396: Pulling fs layer
857e04b43f6f: Waiting
32a0d49424aa: Waiting
1a0d932fdf3e: Pulling fs layer
396368b3604a: Waiting
8924c7a292c3: Waiting
d956dfc4fc5c: Waiting
5d0b7d52bb3c: Pulling fs layer
878714c1d396: Waiting
1a0d932fdf3e: Waiting
57e766728052: Waiting
688786a9e902: Pulling fs layer
5d0b7d52bb3c: Waiting
0ce7c145b4f0: Pulling fs layer
d20940710ea5: Pulling fs layer
8800446d4f31: Pulling fs layer
12fa2e21a075: Pulling fs layer
bb8920cd4663: Pulling fs layer
936bee12ec4b: Pulling fs layer
f7a74df9c34e: Pulling fs layer
9a0c38d9e441: Pulling fs layer
645fad0b4231: Pulling fs layer
a6c8301c7de8: Pulling fs layer
a96ad85357da: Pulling fs layer
6f9897e0e17c: Pulling fs layer
e3bd6207e225: Pulling fs layer
ec60712188ad: Pulling fs layer
28cb3fb70d86: Pulling fs layer
9c7fd778ebd0: Pulling fs layer
41c8f7766afc: Pulling fs layer
0b9ade2a3ac0: Pulling fs layer
6ceebd60dad7: Pulling fs layer
220abe80dbdb: Pulling fs layer
1b7b3f92c22a: Pulling fs layer
f7a74df9c34e: Waiting
8800446d4f31: Waiting
9a0c38d9e441: Waiting
645fad0b4231: Waiting
12fa2e21a075: Waiting
936bee12ec4b: Waiting
bb8920cd4663: Waiting
a6c8301c7de8: Waiting
d8e1e64fd970: Pulling fs layer
ec60712188ad: Waiting
0b9ade2a3ac0: Waiting
6ceebd60dad7: Waiting
a96ad85357da: Waiting
ff24a83ed3a6: Pulling fs layer
41c8f7766afc: Waiting
28cb3fb70d86: Waiting
9c7fd778ebd0: Waiting
6f9897e0e17c: Waiting
688786a9e902: Waiting
e3bd6207e225: Waiting
220abe80dbdb: Waiting
d8e1e64fd970: Waiting
d20940710ea5: Waiting
ff24a83ed3a6: Waiting
1b7b3f92c22a: Waiting
0ce7c145b4f0: Waiting
4afb39f216bd: Verifying Checksum
4afb39f216bd: Download complete
e489abdc9f90: Verifying Checksum
e489abdc9f90: Download complete
61e03ba1d414: Verifying Checksum
61e03ba1d414: Download complete
999fff7bcc24: Download complete
8fb1b96b0194: Download complete
3c98c0852c3e: Verifying Checksum
3c98c0852c3e: Download complete
0f4e9129a85e: Verifying Checksum
0f4e9129a85e: Download complete
61e03ba1d414: Pull complete
4afb39f216bd: Pull complete
e489abdc9f90: Pull complete
999fff7bcc24: Pull complete
2f04b95c6cb4: Verifying Checksum
2f04b95c6cb4: Download complete
3c98c0852c3e: Pull complete
8fb1b96b0194: Pull complete
0f4e9129a85e: Pull complete
2f04b95c6cb4: Pull complete
4f9917dc7f61: Download complete
45903c5d6fd1: Download complete
fb3d8008b389: Verifying Checksum
fb3d8008b389: Download complete
cf11d330b4df: Verifying Checksum
cf11d330b4df: Download complete
822ab719dfe3: Download complete
45903c5d6fd1: Pull complete
4f9917dc7f61: Pull complete
28d6cd951f28: Verifying Checksum
28d6cd951f28: Download complete
4967334e5a42: Verifying Checksum
4967334e5a42: Download complete
efd3e017b1c0: Download complete
857e04b43f6f: Download complete
7da25af96800: Download complete
32a0d49424aa: Verifying Checksum
32a0d49424aa: Download complete
8924c7a292c3: Verifying Checksum
8924c7a292c3: Download complete
57e766728052: Verifying Checksum
57e766728052: Download complete
396368b3604a: Verifying Checksum
396368b3604a: Download complete
7aa474711d6e: Download complete
d956dfc4fc5c: Verifying Checksum
d956dfc4fc5c: Download complete
878714c1d396: Verifying Checksum
878714c1d396: Download complete
1a0d932fdf3e: Verifying Checksum
1a0d932fdf3e: Download complete
5d0b7d52bb3c: Verifying Checksum
5d0b7d52bb3c: Download complete
docker: write /var/lib/docker/tmp/GetImageBlob2000435872: no space left on device.
See 'docker run --help'.
