Unable to find image 'n132/arvo:27867-vul' locally
27867-vul: Pulling from n132/arvo
2c11b7cecaa5: Already exists
04637fa56252: Already exists
d6e6af23a0f3: Already exists
b4a424de92ad: Already exists
d7de5037c4e0: Pulling fs layer
c98da428d635: Pulling fs layer
a68088117c11: Pulling fs layer
f9cc52ea00ee: Pulling fs layer
13749ce9634e: Pulling fs layer
7155d207cf4e: Pulling fs layer
9336d7ee6051: Pulling fs layer
c98da428d635: Waiting
582f088896e0: Pulling fs layer
ef268251889a: Pulling fs layer
13749ce9634e: Waiting
c73b50277d83: Pulling fs layer
d7de5037c4e0: Waiting
a68088117c11: Waiting
f9cc52ea00ee: Waiting
039e5b192047: Pulling fs layer
9336d7ee6051: Waiting
7155d207cf4e: Waiting
ef268251889a: Waiting
514b0faabdd8: Pulling fs layer
c73b50277d83: Waiting
eb807d27e9c6: Pulling fs layer
582f088896e0: Waiting
039e5b192047: Waiting
f0be52286e16: Pulling fs layer
514b0faabdd8: Waiting
001c011ea80c: Pulling fs layer
eb807d27e9c6: Waiting
f0be52286e16: Waiting
f7b1bb82c588: Pulling fs layer
001c011ea80c: Waiting
b00f1d2b8392: Pulling fs layer
d4994b6414f0: Pulling fs layer
a3d36470f142: Pulling fs layer
f7b1bb82c588: Waiting
b00f1d2b8392: Waiting
8e2f2f8484ee: Pulling fs layer
d4994b6414f0: Waiting
a3d36470f142: Waiting
72809df17bc4: Pulling fs layer
8e2f2f8484ee: Waiting
de9c75ac2c4f: Pulling fs layer
1c8f380f7ba1: Pulling fs layer
72809df17bc4: Waiting
de9c75ac2c4f: Waiting
ba3947c415bb: Pulling fs layer
c06573703d42: Pulling fs layer
625342bea4f7: Pulling fs layer
5aa5a84a3a27: Pulling fs layer
8ec6c04cbc83: Pulling fs layer
1058204b8584: Pulling fs layer
c06573703d42: Waiting
625342bea4f7: Waiting
6e08388db95d: Pulling fs layer
1c8f380f7ba1: Waiting
ba3947c415bb: Waiting
5aa5a84a3a27: Waiting
fadc7a59b60a: Pulling fs layer
8ec6c04cbc83: Waiting
1058204b8584: Waiting
7acb0c908eb5: Pulling fs layer
6e08388db95d: Waiting
73d8c9716dfa: Pulling fs layer
fadc7a59b60a: Waiting
9fc6aa61f6f5: Pulling fs layer
75b99a8b52e0: Pulling fs layer
4b68229c17c4: Pulling fs layer
e0d9e3b68505: Pulling fs layer
8f8dc7f205bf: Pulling fs layer
b438b89051d4: Pulling fs layer
dccd93586980: Pulling fs layer
ce1446d26b7b: Pulling fs layer
55ed66e46a58: Pulling fs layer
ff31606158da: Pulling fs layer
d337889e3936: Pulling fs layer
e0d9e3b68505: Waiting
dccd93586980: Waiting
cd110f0190bc: Pulling fs layer
55ed66e46a58: Waiting
ff31606158da: Waiting
5fd608941f92: Pulling fs layer
d337889e3936: Waiting
7acb0c908eb5: Waiting
ce1446d26b7b: Waiting
ecd15b1d7d4a: Pulling fs layer
8f8dc7f205bf: Waiting
73d8c9716dfa: Waiting
9fc6aa61f6f5: Waiting
75b99a8b52e0: Waiting
a8fac326b341: Pulling fs layer
f111ea5aa4c5: Pulling fs layer
b438b89051d4: Waiting
5fd608941f92: Waiting
3e5ca63bb625: Pulling fs layer
4b68229c17c4: Waiting
cd110f0190bc: Waiting
4f4fb700ef54: Pulling fs layer
a8fac326b341: Waiting
ecd15b1d7d4a: Waiting
bf83ad7ccde2: Pulling fs lac98da428d635: Verifying Checksum
c98da428d635: Download complete
d7de5037c4e0: Verifying Checksum
a68088117c11: Verifying Checksum
a68088117c11: Download complete
f9cc52ea00ee: Download complete
d7de5037c4e0: Pull complete
c98da428d635: Pull complete
7155d207cf4e: Download complete
a68088117c11: Pull complete
f9cc52ea00ee: Pull complete
9336d7ee6051: Verifying Checksum
9336d7ee6051: Download complete
582f088896e0: Verifying Checksum
582f088896e0: Download complete
ef268251889a: Download complete
c73b50277d83: Download complete
13749ce9634e: Verifying Checksum
13749ce9634e: Download complete
039e5b192047: Verifying Checksum
039e5b192047: Download complete
514b0faabdd8: Verifying Checksum
514b0faabdd8: Download complete
f0be52286e16: Verifying Checksum
f0be52286e16: Download complete
001c011ea80c: Download complete
f7b1bb82c588: Download complete
eb807d27e9c6: Verifying Checksum
eb807d27e9c6: Download complete
d4994b6414f0: Verifying Checksum
d4994b6414f0: Download complete
b00f1d2b8392: Download complete
de9c75ac2c4f: Verifying Checksum
de9c75ac2c4f: Download complete
a3d36470f142: Verifying Checksum
a3d36470f142: Download complete
1c8f380f7ba1: Download complete
72809df17bc4: Verifying Checksum
c06573703d42: Download complete
ba3947c415bb: Verifying Checksum
ba3947c415bb: Download complete
625342bea4f7: Download complete
1058204b8584: Verifying Checksum
1058204b8584: Download complete
8ec6c04cbc83: Verifying Checksum
8ec6c04cbc83: Download complete
6e08388db95d: Verifying Checksum
6e08388db95d: Download complete
fadc7a59b60a: Verifying Checksum
fadc7a59b60a: Download complete
7acb0c908eb5: Verifying Checksum
7acb0c908eb5: Download complete
73d8c9716dfa: Verifying Checksum
73d8c9716dfa: Download complete
9fc6aa61f6f5: Download complete
5aa5a84a3a27: Verifying Checksum
5aa5a84a3a27: Download complete
4b68229c17c4: Download complete
13749ce9634e: Pull complete
7155d207cf4e: Pull complete
75b99a8b52e0: Download complete
8f8dc7f205bf: Verifying Checksum
8f8dc7f205bf: Download complete
dccd93586980: Verifying Checksum
dccd93586980: Download complete
b438b89051d4: Verifying Checksum
b438b89051d4: Download complete
55ed66e46a58: Verifying Checksum
55ed66e46a58: Download complete
ce1446d26b7b: Verifying Checksum
ce1446d26b7b: Download complete
ff31606158da: Verifying Checksum
ff31606158da: Download complete
d337889e3936: Download complete
e0d9e3b68505: Verifying Checksum
e0d9e3b68505: Download complete
9336d7ee6051: Pull complete
5fd608941f92: Verifying Checksum
5fd608941f92: Download complete
a8fac326b341: Verifying Checksum
a8fac326b341: Download complete
f111ea5aa4c5: Verifying Checksum
f111ea5aa4c5: Download complete
582f088896e0: Pull complete
cd110f0190bc: Verifying Checksum
cd110f0190bc: Download complete
ef268251889a: Pull complete
c73b50277d83: Pull complete
3e5ca63bb625: Verifying Checksum
3e5ca63bb625: Download complete
4f4fb700ef54: Download complete
bf83ad7ccde2: Download complete
505b48c63f9a: Verifying Checksum
505b48c63f9a: Download complete
72809df17bc4: Download complete
8e2f2f8484ee: Download complete
docker: write /var/lib/docker/tmp/GetImageBlob1318203328: no space left on device.
See 'docker run --help'.
a63bb625: Download complete
4f4fb700ef54: Verifying Checksum
bf83ad7ccde2: Verifying Checksum
bf83ad7ccde2: Download complete
505b48c63f9a: Verifying Checksum
505b48c63f9a: Download complete
4f4fb700ef54: Download complete
8e2f2f8484ee: Download complete
docker: write /var/lib/docker/tmp/GetImageBlob1318203328: no space left on device.
See 'docker run --help'.
