Unable to find image 'n132/arvo:45722-vul' locally
45722-vul: Pulling from n132/arvo
7c3b88808835: Already exists
5cacf886223c: Already exists
df4ab0605df5: Already exists
e34c553c5398: Already exists
411af1782d53: Already exists
24f45ceb2b78: Already exists
059b9481e335: Already exists
22f026cfa973: Already exists
3286169cacea: Already exists
b5dc5fa1074d: Already exists
5a29a576cd0a: Already exists
f1463df2d8b2: Already exists
09fc7eb29305: Already exists
848edbc591b6: Already exists
02f371f14c68: Already exists
df81047c9773: Already exists
f201e55c4819: Already exists
18936555c951: Already exists
bef50b04e07e: Already exists
38d161c24d04: Already exists
da01be8e7f2b: Already exists
dcaa8f90eb1c: Already exists
ae3200909ed3: Pulling fs layer
3e913f661b57: Pulling fs layer
19ce2cfed201: Pulling fs layer
8ed4d2ca17fb: Pulling fs layer
0b91370f4f5b: Pulling fs layer
d428544c5dee: Pulling fs layer
b9be88f180ac: Pulling fs layer
b56d5f841116: Pulling fs layer
ae3200909ed3: Waiting
e16dfd256c71: Pulling fs layer
19ce2cfed201: Waiting
5c8e0c7a2c37: Pulling fs layer
3e913f661b57: Waiting
80892550e57b: Pulling fs layer
b9be88f180ac: Waiting
aeb529609c62: Pulling fs layer
d428544c5dee: Waiting
0b91370f4f5b: Waiting
d4cf1ec0d6a4: Pulling fs layer
2f1a76cbffe6: Pulling fs layer
8ed4d2ca17fb: Waiting
8952b0d54c26: Pulling fs layer
d4cf1ec0d6a4: Waiting
f4a4cf81d246: Pulling fs layer
c6afaad98cd2: Pulling fs layer
aeb529609c62: Waiting
02dff37590b6: Pulling fs layer
8952b0d54c26: Waiting
5005e7cd3131: Pulling fs layer
8d13932de4e7: Pulling fs layer
f4a4cf81d246: Waiting
c6afaad98cd2: Waiting
e38fe66a8adf: Pulling fs layer
d1d048707e01: Pulling fs layer
e4883a92edf7: Pulling fs layer
9da2763aa76b: Pulling fs layer
80892550e57b: Waiting
d1d048707e01: Waiting
8d13932de4e7: Waiting
e4883a92edf7: Waiting
5005e7cd3131: Waiting
e38fe66a8adf: Waiting
02dff37590b6: Waiting
9da2763aa76b: Waiting
3e913f661b57: Download complete
19ce2cfed201: Verifying Checksum
19ce2cfed201: Download complete
ae3200909ed3: Verifying Checksum
ae3200909ed3: Download complete
0b91370f4f5b: Verifying Checksum
0b91370f4f5b: Download complete
d428544c5dee: Verifying Checksum
d428544c5dee: Download complete
b9be88f180ac: Verifying Checksum
b9be88f180ac: Download complete
b56d5f841116: Download complete
e16dfd256c71: Verifying Checksum
e16dfd256c71: Download complete
5c8e0c7a2c37: Verifying Checksum
5c8e0c7a2c37: Download complete
80892550e57b: Verifying Checksum
80892550e57b: Download complete
aeb529609c62: Verifying Checksum
aeb529609c62: Download complete
d4cf1ec0d6a4: Verifying Checksum
d4cf1ec0d6a4: Download complete
8952b0d54c26: Download complete
f4a4cf81d246: Verifying Checksum
f4a4cf81d246: Download complete
2f1a76cbffe6: Verifying Checksum
2f1a76cbffe6: Download complete
ae3200909ed3: Pull complete
3e913f661b57: Pull complete
c6afaad98cd2: Verifying Checksum
c6afaad98cd2: Download complete
02dff37590b6: Verifying Checksum
02dff37590b6: Download complete
5005e7cd3131: Verifying Checksum
5005e7cd3131: Download complete
e38fe66a8adf: Verifying Checksum
e38fe66a8adf: Download complete
8d13932de4e7: Verifying Checksum
8d13932de4e7: Download complete
d1d048707e01: Verifying Checksum
d1d048707e01: Download complete
9da2763aa76b: Verifying Checksum
9da2763aa76b: Download complete
19ce2cfed201: Pull complete
8ed4d2ca17fb: Verifying Checksum
8ed4d2ca17fb: Download complete
8ed4d2ca17fb: Pull complete
0b91370f4f5b: Pull complete
d428544c5dee: Pull complete
b9be88f180ac: Pull complete
b56d5f841116: Pull complete
e16dfd256c71: Pull complete
5c8e0c7a2c37: Pull complete
80892550e57b: Pull complete
aeb529609c62: Pull complete
d4cf1ec0d6a4: Pull complete
2f1a76cbffe6: Pull complete
8952b0d54c26: Pull complete
f4a4cf81d246: Pull complete
c6afaad98cd2: Pull complete
02dff37590b6: Pull complete
5005e7cd3131: Pull complete
8d13932de4e7: Pull complete
e38fe66a8adf: Pull complete
d1d048707e01: Pull complete
docker: write /var/lib/docker/tmp/GetImageBlob946233456: no space left on device.
See 'docker run --help'.
