Unable to find image 'n132/arvo:17715-vul' locally
17715-vul: Pulling from n132/arvo
16c48d79e9cc: Pulling fs layer
3c654ad3ed7d: Pulling fs layer
6276f4f9c29d: Pulling fs layer
a4bd43ad48ce: Pulling fs layer
6276f4f9c29d: Waiting
16c48d79e9cc: Waiting
3c654ad3ed7d: Waiting
73b1e2525958: Pulling fs layer
71a9dd491eb3: Pulling fs layer
a4bd43ad48ce: Waiting
73b1e2525958: Waiting
55ef7d718cf2: Pulling fs layer
71a9dd491eb3: Waiting
290d9a005ae4: Pulling fs layer
55ef7d718cf2: Waiting
9c702f90a325: Pulling fs layer
9de8e51e024a: Pulling fs layer
b7300b4af1d4: Pulling fs layer
512e0797f251: Pulling fs layer
290d9a005ae4: Waiting
13c0785d998a: Pulling fs layer
9de8e51e024a: Waiting
1fa34fe8fa39: Pulling fs layer
13c0785d998a: Waiting
b7300b4af1d4: Waiting
512e0797f251: Waiting
9c702f90a325: Waiting
1fa34fe8fa39: Waiting
e772c17c6058: Pulling fs layer
524858c24aa3: Pulling fs layer
e772c17c6058: Waiting
92205f20baa6: Pulling fs layer
08e466a316b5: Pulling fs layer
7c766221b790: Pulling fs layer
524858c24aa3: Waiting
92205f20baa6: Waiting
08e466a316b5: Waiting
bbd4f5a62850: Pulling fs layer
7c766221b790: Waiting
b8890549a886: Pulling fs layer
dc75ba4b2cdf: Pulling fs layer
67fd4e7e9fb6: Pulling fs layer
bbd4f5a62850: Waiting
b8890549a886: Waiting
dc75ba4b2cdf: Waiting
67fd4e7e9fb6: Waiting
4f4fb700ef54: Pulling fs layer
345ea64a0581: Pulling fs layer
4f4fb700ef54: Waiting
345ea64a0581: Waiting
1895a74824bf: Pulling fs layer
cf95e563a16c48d79e9cc: Verifying Checksum
16c48d79e9cc: Download complete
3c654ad3ed7d: Download complete
6276f4f9c29d: Verifying Checksum
6276f4f9c29d: Download complete
a4bd43ad48ce: Download complete
16c48d79e9cc: Pull complete
3c654ad3ed7d: Pull complete
6276f4f9c29d: Pull complete
a4bd43ad48ce: Pull complete
71a9dd491eb3: Download complete
55ef7d718cf2: Verifying Checksum
55ef7d718cf2: Download complete
73b1e2525958: Verifying Checksum
73b1e2525958: Download complete
9c702f90a325: Download complete
73b1e2525958: Pull complete
71a9dd491eb3: Pull complete
55ef7d718cf2: Pull complete
9de8e51e024a: Verifying Checksum
9de8e51e024a: Download complete
b7300b4af1d4: Verifying Checksum
b7300b4af1d4: Download complete
290d9a005ae4: Verifying Checksum
290d9a005ae4: Download complete
13c0785d998a: Verifying Checksum
13c0785d998a: Download complete
1fa34fe8fa39: Verifying Checksum
1fa34fe8fa39: Download complete
e772c17c6058: Download complete
512e0797f251: Download complete
92205f20baa6: Verifying Checksum
92205f20baa6: Download complete
08e466a316b5: Verifying Checksum
08e466a316b5: Download complete
524858c24aa3: Verifying Checksum
524858c24aa3: Download complete
bbd4f5a62850: Verifying Checksum
bbd4f5a62850: Download complete
b8890549a886: Verifying Checksum
b8890549a886: Download complete
7c766221b790: Download complete
dc75ba4b2cdf: Download complete
4f4fb700ef54: Verifying Checksum
4f4fb700ef54: Download complete
345ea64a0581: Verifying Checksum
345ea64a0581: Download complete
cf95e563a09b: Verifying Checksum
cf95e563a09b: Download complete
290d9a005ae4: Pull complete
9c702f90a325: Pull complete
1895a74824bf: Verifying Checksum
1895a74824bf: Download complete
docker: write /var/lib/docker/tmp/GetImageBlob302559917: no space left on device.
See 'docker run --help'.
824bf: Download complete
docker: write /var/lib/docker/tmp/GetImageBlob302559917: no space left on device.
See 'docker run --help'.
