Unable to find image 'n132/arvo:62089-vul' locally
62089-vul: Pulling from n132/arvo
7608715873ec: Already exists
ba0f7f6ad026: Pulling fs layer
a89db50526df: Pulling fs layer
42f603f935a1: Pulling fs layer
d587c585871b: Pulling fs layer
08355c5e2767: Pulling fs layer
a0801aef7920: Pulling fs layer
8f900e2c4044: Pulling fs layer
8e4a42011416: Pulling fs layer
a1149f3bab40: Pulling fs layer
bc84adf33580: Pulling fs layer
850a365f7921: Pulling fs layer
8093912dbb6c: Pulling fs layer
2a5b3093abdc: Pulling fs layer
6762f9c71a4c: Pulling fs layer
a5aec3331a67: Pulling fs layer
f9207ad8acb7: Pulling fs layer
9c16c3dee092: Pulling fs layer
f1e681202b03: Pulling fs layer
2bbaea9a8393: Pulling fs layer
c3decf102b70: Pulling fs layer
679b960f88fc: Pulling fs layer
ba0dfdbb94e3: Pulling fs layer
1b1dc1284c04: Pulling fs layer
a86090835a3d: Pulling fs layer
d65f83cdb8be: Pulling fs layer
ba0f7f6ad026: Waiting
1224501fb55f: Pulling fs layer
5ff638715f3c: Pulling fs layer
dd414bda75c5: Pulling fs layer
d652f906d4b8: Pulling fs layer
a89db50526df: Waiting
88a5d0f047bb: Pulling fs layer
42f603f935a1: Waiting
ae7cca458106: Pulling fs layer
b2566412f9c3: Pulling fs layer
f0f893f0ccaf: Pulling fs layer
7501c0aa4ac8: Pulling fs layer
d587c585871b: Waiting
5513f7781d4e: Pulling fs layer
d7e7536cda0d: Pulling fs layer
08355c5e2767: Waiting
4d554945ee4e: Pulling fs layer
a0801aef7920: Waiting
b73f9931522a: Pulling fs layer
c6f372034734: Pulling fs layer
13f295a4d0c4: Pulling fs layer
8f900e2c4044: Waiting
64c3f4737259: Pulling fs layer
c7c53990fc84: Pulling fs layer
e2db186996d5: Pulling fs layer
fc534724938e: Pulling fs layer
8e4a42011416: Waiting
850a365f7921: Waiting
8093912dbb6c: Waiting
a1149f3bab40: Waiting
2a5b3093abdc: Waiting
bc84adf33580: Waiting
6762f9c71a4c: Waiting
a5aec3331a67: Waiting
f9207ad8acb7: Waiting
5ff638715f3c: Waiting
9c16c3dee092: Waiting
dd414bda75c5: Waiting
f1e681202b03: Waiting
d652f906d4b8: Waiting
2bbaea9a8393: Waiting
7501c0aa4ac8: Waiting
88a5d0f047bb: Waiting
c3decf102b70: Waiting
5513f7781d4e: Waiting
679b960f88fc: Waiting
ae7cca458106: Waiting
ba0dfdbb94e3: Waiting
b2566412f9c3: Waiting
1b1dc1284c04: Waiting
a86090835a3d: Waiting
d7e7536cda0d: Waiting
d65f83cdb8be: Waiting
1224501fb55f: Waiting
4d554945ee4e: Waiting
13f295a4d0c4: Waiting
64c3f4737259: Waiting
f0f893f0ccaf: Waiting
c7c53990fc84: Waiting
e2db186996d5: Waiting
c6f372034734: Waiting
fc534724938e: Waiting
c87d1e267636: Pulling fs layer
0ab35a485865: Pulling fs layer
51e213eae262: Pulling fs layer
3bbb6c834f8d: Pulling fs layer
76018539ee38: Pulling fs layer
c87d1e267636: Waiting
38042f04aeb3: Pulling fs layer
0ab35a485865: Waiting
f457bd1b758b: Pulling fs layer
51e213eae262: Waiting
22fdd9634a46: Pulling fs layer
3bbb6c834f8d: Waiting
38042f04aeb3: Waiting
ba0f7f6ad026: Download complete
a89db50526df: Download complete
42f603f935a1: Verifying Checksum
42f603f935a1: Download complete
d587c585871b: Verifying Checksum
d587c585871b: Download complete
ba0f7f6ad026: Pull complete
a89db50526df: Pull complete
42f603f935a1: Pull complete
d587c585871b: Pull complete
08355c5e2767: Download complete
08355c5e2767: Pull complete
8f900e2c4044: Download complete
8e4a42011416: Verifying Checksum
8e4a42011416: Download complete
a1149f3bab40: Verifying Checksum
a1149f3bab40: Download complete
bc84adf33580: Verifying Checksum
bc84adf33580: Download complete
850a365f7921: Verifying Checksum
850a365f7921: Download complete
8093912dbb6c: Verifying Checksum
8093912dbb6c: Download complete
2a5b3093abdc: Verifying Checksum
2a5b3093abdc: Download complete
a0801aef7920: Verifying Checksum
a0801aef7920: Download complete
a5aec3331a67: Download complete
6762f9c71a4c: Verifying Checksum
6762f9c71a4c: Download complete
9c16c3dee092: Verifying Checksum
9c16c3dee092: Download complete
f9207ad8acb7: Verifying Checksum
f9207ad8acb7: Download complete
2bbaea9a8393: Verifying Checksum
2bbaea9a8393: Download complete
f1e681202b03: Verifying Checksum
f1e681202b03: Download complete
c3decf102b70: Verifying Checksum
c3decf102b70: Download complete
679b960f88fc: Verifying Checksum
679b960f88fc: Download complete
ba0dfdbb94e3: Verifying Checksum
ba0dfdbb94e3: Download complete
1b1dc1284c04: Download complete
a86090835a3d: Download complete
1224501fb55f: Verifying Checksum
1224501fb55f: Download complete
5ff638715f3c: Download complete
d65f83cdb8be: Verifying Checksum
d65f83cdb8be: Download complete
dd414bda75c5: Download complete
d652f906d4b8: Verifying Checksum
d652f906d4b8: Download complete
ae7cca458106: Verifying Checksum
ae7cca458106: Download complete
f0f893f0ccaf: Download complete
5513f7781d4e: Verifying Checksum
5513f7781d4e: Download complete
d7e7536cda0d: Verifying Checksum
d7e7536cda0d: Download complete
4d554945ee4e: Verifying Checksum
4d554945ee4e: Download complete
b73f9931522a: Verifying Checksum
b73f9931522a: Download complete
c6f372034734: Download complete
13f295a4d0c4: Verifying Checksum
13f295a4d0c4: Download complete
7501c0aa4ac8: Verifying Checksum
7501c0aa4ac8: Download complete
64c3f4737259: Verifying Checksum
64c3f4737259: Download complete
e2db186996d5: Verifying Checksum
e2db186996d5: Download complete
fc534724938e: Download complete
c87d1e267636: Verifying Checksum
c87d1e267636: Download complete
c7c53990fc84: Verifying Checksum
c7c53990fc84: Download complete
0ab35a485865: Verifying Checksum
0ab35a485865: Download complete
b2566412f9c3: Verifying Checksum
b2566412f9c3: Download complete
76018539ee38: Download complete
38042f04aeb3: Verifying Checksum
38042f04aeb3: Download complete
3bbb6c834f8d: Verifying Checksum
3bbb6c834f8d: Download complete
22fdd9634a46: Download complete
51e213eae262: Verifying Checksum
51e213eae262: Download complete
docker: write /var/lib/docker/tmp/GetImageBlob1225975444: no space left on device.
See 'docker run --help'.
