Unable to find image 'n132/arvo:23870-vul' locally
23870-vul: Pulling from n132/arvo
e92ed755c008: Already exists
b9fd7cb1ff8f: Already exists
ee690f2d57a1: Already exists
53e3366ec435: Already exists
63e7c0e1f466: Pulling fs layer
a2db896529a8: Pulling fs layer
1aadbf2b743b: Pulling fs layer
c47cfe87133d: Pulling fs layer
d47d661e0346: Pulling fs layer
54f456767742: Pulling fs layer
50838dae68b0: Pulling fs layer
e3dcfa897fac: Pulling fs layer
a2db896529a8: Waiting
a39a6f57d314: Pulling fs layer
1aadbf2b743b: Waiting
63e7c0e1f466: Waiting
8e5ad5f844bd: Pulling fs layer
acdc4754fb16: Pulling fs layer
561d38f2523f: Pulling fs layer
d89ccc9de79b: Pulling fs layer
d555683b6ceb: Pulling fs layer
77f0c8f46b99: Pulling fs layer
ff650ebce0c0: Pulling fs layer
54f456767742: Waiting
82e53dcf5b25: Pulling fs layer
a39a6f57d314: Waiting
6cdc92e4034f: Pulling fs layer
d47d661e0346: Waiting
5ac0b8588de6: Pulling fs layer
8e5ad5f844bd: Waiting
7ea325996a10: Pulling fs layer
60c255bbffcc: Pulling fs layer
54e29bcf3c6f: Pulling fs layer
fa1deb6b5132: Pulling fs layer
e3dcfa897fac: Waiting
2beb07d1a95e: Pulling fs layer
77f0c8f46b99: Waiting
9c7d0f4fa0b6: Pulling fs layer
561d38f2523f: Waiting
82e53dcf5b25: Waiting
4f4fb700ef54: Pulling fs layer
acdc4754fb16: Waiting
2d5f22da49f7: Pulling fs layer
8a37fb47d658: Pulling fs layer
fa1deb6b5132: Waiting
88de0aaf9d72: Pulling fs layer
9c7d0f4fa0b6: Waiting
492a7fd48296: Pulling fs layer
4f4fb700ef54: Waiting
b16242235c55: Pulling fs layer
60c255bbffcc: Waiting
34edc065ae19: Pulling fs layer
ff650ebce0c0: Waiting
7ea325996a10: Waiting
b16242235c55: Waiting
6cdc92e4034f: Waiting
8a37fb47d658: Waiting
50838dae68b0: Waiting
54e29bcf3c6f: Waiting
63e7c0e1f466: Download complete
a2db896529a8: Download complete
1aadbf2b743b: Download complete
63e7c0e1f466: Pull complete
a2db896529a8: Pull complete
1aadbf2b743b: Pull complete
d47d661e0346: Download complete
54f456767742: Verifying Checksum
54f456767742: Download complete
c47cfe87133d: Verifying Checksum
c47cfe87133d: Download complete
50838dae68b0: Verifying Checksum
50838dae68b0: Download complete
e3dcfa897fac: Verifying Checksum
e3dcfa897fac: Download complete
a39a6f57d314: Verifying Checksum
a39a6f57d314: Download complete
acdc4754fb16: Verifying Checksum
acdc4754fb16: Download complete
d89ccc9de79b: Verifying Checksum
d89ccc9de79b: Download complete
d555683b6ceb: Verifying Checksum
d555683b6ceb: Download complete
561d38f2523f: Download complete
77f0c8f46b99: Download complete
82e53dcf5b25: Verifying Checksum
82e53dcf5b25: Download complete
6cdc92e4034f: Verifying Checksum
6cdc92e4034f: Download complete
5ac0b8588de6: Verifying Checksum
5ac0b8588de6: Download complete
ff650ebce0c0: Download complete
7ea325996a10: Verifying Checksum
7ea325996a10: Download complete
54e29bcf3c6f: Verifying Checksum
54e29bcf3c6f: Download complete
fa1deb6b5132: Verifying Checksum
fa1deb6b5132: Download complete
2beb07d1a95e: Verifying Checksum
2beb07d1a95e: Download complete
9c7d0f4fa0b6: Download complete
4f4fb700ef54: Verifying Checksum
4f4fb700ef54: Download complete
60c255bbffcc: Verifying Checksum
60c255bbffcc: Download complete
8a37fb47d658: Verifying Checksum
8a37fb47d658: Download complete
492a7fd48296: Verifying Checksum
492a7fd48296: Download complete
88de0aaf9d72: Verifying Checksum
88de0aaf9d72: Download complete
2d5f22da49f7: Download complete
34edc065ae19: Verifying Checksum
34edc065ae19: Download complete
b16242235c55: Download complete
docker: write /var/lib/docker/tmp/GetImageBlob1917024695: no space left on device.
See 'docker run --help'.
