Unable to find image 'n132/arvo:47861-vul' locally
47861-vul: Pulling from n132/arvo
4d32b49e2995: Already exists
0372169c5ac9: Already exists
73292b01e9e9: Already exists
cf811841d42c: Pulling fs layer
74f6483844ca: Pulling fs layer
b4b1fbf886d2: Pulling fs layer
216fadc2b38a: Pulling fs layer
ff14114eb81b: Pulling fs layer
36204639bce9: Pulling fs layer
307231a72c6b: Pulling fs layer
267b318202ff: Pulling fs layer
13dd41c18be3: Pulling fs layer
a32e666759b5: Pulling fs layer
bed8fffbe8d8: Pulling fs layer
d7c792a57aa2: Pulling fs layer
7f3d20816be2: Pulling fs layer
66b98c33bace: Pulling fs layer
174f77217014: Pulling fs layer
a18477932cfb: Pulling fs layer
f5ff9cf06d4e: Pulling fs layer
0181c67e3b78: Pulling fs layer
f4fcafbebd45: Pulling fs layer
dfc0dcab5f17: Pulling fs layer
5df6da9ba848: Pulling fs layer
e812e0ddeed4: Pulling fs layer
c46490e28111: Pulling fs layer
018850a1f348: Pulling fs layer
3fe8407053fa: Pulling fs layer
b0b9a4cb7a64: Pulling fs layer
1170c85d8135: Pulling fs layer
1ec0030133df: Pulling fs layer
81d063eff24f: Pulling fs layer
f5ba56f86842: Pulling fs layer
7d496c3baccd: Pulling fs layer
b3a062d6142a: Pulling fs layer
34333d8d5213: Pulling fs layer
1356a9774dc0: Pulling fs layer
62b7ee3f72db: Pulling fs layer
5bbb1e0a969f: Pulling fs layer
2128ae1f291d: Pulling fs layer
20df216b54d8: Pulling fs layer
fa45c3526fde: Pulling fs layer
eeca3f882174: Pulling fs layer
4873bba5a81e: Pulling fs layer
8a45e08ff30b: Pulling fs layer
6b02796d286c: Pulling fs layer
cf811841d42c: Waiting
74f6483844ca: Waiting
b4b1fbf886d2: Waiting
216fadc2b38a: Waiting
ff14114eb81b: Waiting
36204639bce9: Waiting
307231a72c6b: Waiting
267b318202ff: Waiting
a32e666759b5: Waiting
2128ae1f291d: Waiting
1ec0030133df: Waiting
bed8fffbe8d8: Waiting
20df216b54d8: Waiting
34333d8d5213: Waiting
1356a9774dc0: Waiting
7d496c3baccd: Waiting
fa45c3526fde: Waiting
81d063eff24f: Waiting
b3a062d6142a: Waiting
62b7ee3f72db: Waiting
f4fcafbebd45: Waiting
f5ff9cf06d4e: Waiting
0181c67e3b78: Waiting
f5ba56f86842: Waiting
66b98c33bace: Waiting
174f77217014: Waiting
eeca3f882174: Waiting
dfc0dcab5f17: Waiting
3fe8407053fa: Waiting
c46490e28111: Waiting
a18477932cfb: Waiting
e812e0ddeed4: Waiting
7f3d20816be2: Waiting
1170c85d8135: Waiting
5df6da9ba848: Waiting
8a45e08ff30b: Waiting
b0b9a4cb7a64: Waiting
5bbb1e0a969f: Waiting
d7c792a57aa2: Waiting
cf811841d42c: Verifying Checksum
cf811841d42c: Download complete
b4b1fbf886d2: Download complete
74f6483844ca: Verifying Checksum
74f6483844ca: Download complete
ff14114eb81b: Verifying Checksum
ff14114eb81b: Download complete
cf811841d42c: Pull complete
74f6483844ca: Pull complete
b4b1fbf886d2: Pull complete
36204639bce9: Verifying Checksum
36204639bce9: Download complete
307231a72c6b: Verifying Checksum
307231a72c6b: Download complete
267b318202ff: Verifying Checksum
267b318202ff: Download complete
216fadc2b38a: Download complete
a32e666759b5: Verifying Checksum
a32e666759b5: Download complete
13dd41c18be3: Verifying Checksum
13dd41c18be3: Download complete
d7c792a57aa2: Verifying Checksum
d7c792a57aa2: Download complete
bed8fffbe8d8: Download complete
7f3d20816be2: Download complete
66b98c33bace: Verifying Checksum
66b98c33bace: Download complete
a18477932cfb: Verifying Checksum
a18477932cfb: Download complete
174f77217014: Verifying Checksum
174f77217014: Download complete
f5ff9cf06d4e: Verifying Checksum
f5ff9cf06d4e: Download complete
0181c67e3b78: Download complete
f4fcafbebd45: Download complete
5df6da9ba848: Verifying Checksum
5df6da9ba848: Download complete
3fe8407053fa: Verifying Checksum
3fe8407053fa: Download complete
018850a1f348: Verifying Checksum
018850a1f348: Download complete
b0b9a4cb7a64: Verifying Checksum
b0b9a4cb7a64: Download complete
1ec0030133df: Download complete
81d063eff24f: Verifying Checksum
81d063eff24f: Download complete
1170c85d8135: Verifying Checksum
1170c85d8135: Download complete
f5ba56f86842: Verifying Checksum
f5ba56f86842: Download complete
7d496c3baccd: Download complete
c46490e28111: Verifying Checksum
c46490e28111: Download complete
b3a062d6142a: Verifying Checksum
b3a062d6142a: Download complete
62b7ee3f72db: Download complete
1356a9774dc0: Download complete
5bbb1e0a969f: Verifying Checksum
5bbb1e0a969f: Download complete
2128ae1f291d: Verifying Checksum
2128ae1f291d: Download complete
34333d8d5213: Verifying Checksum
34333d8d5213: Download complete
20df216b54d8: Verifying Checksum
20df216b54d8: Download complete
4873bba5a81e: Download complete
eeca3f882174: Verifying Checksum
eeca3f882174: Download complete
6b02796d286c: Verifying Checksum
6b02796d286c: Download complete
fa45c3526fde: Verifying Checksum
fa45c3526fde: Download complete
docker: write /var/lib/docker/tmp/GetImageBlob1023156371: no space left on device.
See 'docker run --help'.
