INFO: Seed: 1620750227
INFO: Loaded 1 modules   (35521 inline 8-bit counters): 35521 [0xf4efe8, 0xf57aa9), 
INFO: Loaded 1 PC tables (35521 PCs): 35521 [0xbb6dc0,0xc419d0), 
/out/ffmpeg_AV_CODEC_ID_ILBC_fuzzer: Running 1 inputs 1 time(s) each.
Running: /tmp/poc
=================================================================
==7==ERROR: AddressSanitizer: global-buffer-overflow on address 0x000000aa3f9e at pc 0x00000054f1ca bp 0x7ffdec6b80d0 sp 0x7ffdec6b80c8
READ of size 2 at 0x000000aa3f9e thread T0
SCARINESS: 14 (2-byte-read-global-buffer-overflow)
    #0 0x54f1c9 in gain_dequantization /src/ffmpeg/libavcodec/ilbcdec.c:604:22
    #1 0x54ea17 in construct_vector /src/ffmpeg/libavcodec/ilbcdec.c:732:15
    #2 0x54c093 in decode_residual /src/ffmpeg/libavcodec/ilbcdec.c:849:13
    #3 0x5488c7 in ilbc_decode_frame /src/ffmpeg/libavcodec/ilbcdec.c:1384:9
    #4 0x544cf4 in decode_simple_internal /src/ffmpeg/libavcodec/decode.c:437:15
    #5 0x544942 in decode_simple_receive_frame /src/ffmpeg/libavcodec/decode.c:633:15
    #6 0x53a711 in decode_receive_frame_internal /src/ffmpeg/libavcodec/decode.c:651:15
    #7 0x53a522 in avcodec_send_packet /src/ffmpeg/libavcodec/decode.c:709:15
    #8 0x53b155 in compat_decode /src/ffmpeg/libavcodec/decode.c:800:15
    #9 0x53189e in LLVMFuzzerTestOneInput /src/ffmpeg/tools/target_dec_fuzzer.c:245:23
    #10 0x9b2778 in fuzzer::Fuzzer::ExecuteCallback(unsigned char const*, unsigned long) /src/libfuzzer/FuzzerLoop.cpp:570:15
    #11 0x988a1d in fuzzer::RunOneTest(fuzzer::Fuzzer*, char const*, unsigned long) /src/libfuzzer/FuzzerDriver.cpp:280:6
    #12 0x994293 in fuzzer::FuzzerDriver(int*, char***, int (*)(unsigned char const*, unsigned long)) /src/libfuzzer/FuzzerDriver.cpp:713:9
    #13 0x98809c in main /src/libfuzzer/FuzzerMain.cpp:20:10
    #14 0x70197447f83f in __libc_start_main (/lib/x86_64-linux-gnu/libc.so.6+0x2083f)
    #15 0x41d8a8 in _start (/out/ffmpeg_AV_CODEC_ID_ILBC_fuzzer+0x41d8a8)

DEDUP_TOKEN: gain_dequantization--construct_vector--decode_residual
0x000000aa3f9e is located 2 bytes to the left of global variable 'gain4' defined in 'libavcodec/ilbcdata.h:203:22' (0xaa3fa0) of size 34
0x000000aa3f9e is located 60 bytes to the right of global variable 'gain5' defined in 'libavcodec/ilbcdata.h:208:22' (0xaa3f20) of size 66
SUMMARY: AddressSanitizer: global-buffer-overflow /src/ffmpeg/libavcodec/ilbcdec.c:604:22 in gain_dequantization
Shadow bytes around the buggy address:
  0x00008014c7a0: 00 00 00 00 00 00 00 00 f9 f9 f9 f9 00 00 00 00
  0x00008014c7b0: 00 00 00 00 00 00 00 00 00 00 00 00 f9 f9 f9 f9
  0x00008014c7c0: 00 00 00 00 00 00 00 00 00 00 00 00 00 00 00 00
  0x00008014c7d0: f9 f9 f9 f9 00 00 f9 f9 f9 f9 f9 f9 00 00 00 f9
  0x00008014c7e0: f9 f9 f9 f9 00 00 00 00 00 00 00 00 02 f9 f9 f9
=>0x00008014c7f0: f9 f9 f9[f9]00 00 00 00 02 f9 f9 f9 f9 f9 f9 f9
  0x00008014c800: 00 00 02 f9 f9 f9 f9 f9 00 00 f9 f9 f9 f9 f9 f9
  0x00008014c810: 00 f9 f9 f9 f9 f9 f9 f9 00 00 00 00 00 00 00 00
  0x00008014c820: 00 00 00 00 00 00 00 00 00 00 00 00 00 00 00 00
  0x00008014c830: 00 00 00 00 00 00 00 00 00 00 00 00 00 00 00 00
  0x00008014c840: 00 00 00 00 00 00 00 00 00 00 00 00 00 00 00 00
Shadow byte legend (one shadow byte represents 8 application bytes):
  Addressable:           00
  Partially addressable: 01 02 03 04 05 06 07 
  Heap left redzone:       fa
  Freed heap region:       fd
  Stack left redzone:      f1
  Stack mid redzone:       f2
  Stack right redzone:     f3
  Stack after return:      f5
  Stack use after scope:   f8
  Global redzone:          f9
  Global init order:       f6
  Poisoned by user:        f7
  Container overflow:      fc
  Array cookie:            ac
  Intra object redzone:    bb
  ASan internal:           fe
  Left alloca redzone:     ca
  Right alloca redzone:    cb
  Shadow gap:              cc
==7==ABORTING
