INFO: Running with entropic power schedule (0xFF, 100).
INFO: Seed: 1620198039
INFO: Loaded 1 modules   (68908 inline 8-bit counters): 68908 [0xbbaa68, 0xbcb794), 
INFO: Loaded 1 PC tables (68908 PCs): 68908 [0x8eb050,0x9f8310), 
/out/libraw_fuzzer: Running 1 inputs 1 time(s) each.
Running: /tmp/poc
src/demosaic/dht_demosaic.cpp:100:21: runtime error: index 3 out of bounds for type 'float[3]'
    #0 0x68e001 in DHT::get_hv_rbg(int, int, int) /src/libraw/src/demosaic/dht_demosaic.cpp:100:21
    #1 0x68c35b in DHT::make_hv_dline(int) /src/libraw/src/demosaic/dht_demosaic.cpp:569:11
    #2 0x68bec3 in DHT::make_hv_dirs() /src/libraw/src/demosaic/dht_demosaic.cpp:460:5
    #3 0x6921c7 in LibRaw::dht_interpolate() /src/libraw/src/demosaic/dht_demosaic.cpp:1016:7
    #4 0x4c03ef in LibRaw::dcraw_process() /src/libraw/src/postprocessing/dcraw_process.cpp:171:9
    #5 0x4b40b7 in LLVMFuzzerTestOneInput /src/libraw_fuzzer.cc:75:22
    #6 0x43d962 in fuzzer::Fuzzer::ExecuteCallback(unsigned char const*, unsigned long) /src/llvm-project/compiler-rt/lib/fuzzer/FuzzerLoop.cpp:611:15
    #7 0x429512 in fuzzer::RunOneTest(fuzzer::Fuzzer*, char const*, unsigned long) /src/llvm-project/compiler-rt/lib/fuzzer/FuzzerDriver.cpp:324:6
    #8 0x42ed7c in fuzzer::FuzzerDriver(int*, char***, int (*)(unsigned char const*, unsigned long)) /src/llvm-project/compiler-rt/lib/fuzzer/FuzzerDriver.cpp:860:9
    #9 0x457712 in main /src/llvm-project/compiler-rt/lib/fuzzer/FuzzerMain.cpp:20:10
    #10 0x7a4147e11082 in __libc_start_main (/lib/x86_64-linux-gnu/libc.so.6+0x24082)
    #11 0x407c5d in _start (/out/libraw_fuzzer+0x407c5d)

DEDUP_TOKEN: DHT::get_hv_rbg(int, int, int)--DHT::make_hv_dline(int)--DHT::make_hv_dirs()
SUMMARY: UndefinedBehaviorSanitizer: undefined-behavior src/demosaic/dht_demosaic.cpp:100:21 in 
