Unable to find image 'n132/arvo:30135-vul' locally
30135-vul: Pulling from n132/arvo
4007a89234b4: Pulling fs layer
5dfa26c6b9c9: Pulling fs layer
4007a89234b4: Waiting
0ba7bf18aa40: Pulling fs layer
5dfa26c6b9c9: Waiting
0ba7bf18aa40: Waiting
4c6ec688ebe3: Pulling fs layer
acb310f6e6f0: Pulling fs layer
4c6ec688ebe3: Waiting
5ab3cd2f4794: Pulling fs layer
60345b3636b6: Pulling fs layer
acb310f6e6f0: Waiting
26555b03b680: Pulling fs layer
f1f816601716: Pulling fs layer
8f9daa4fd8e2: Pulling fs layer
5ab3cd2f4794: Waiting
3ee8f3968b66: Pulling fs layer
60345b3636b6: Waiting
ad73cb3ffa2a: Pulling fs layer
26555b03b680: Waiting
f85c4bc44d53: Pulling fs layer
f1f816601716: Waiting
2282691cd98e: Pulling fs layer
62839d172e57: Pulling fs layer
3ee8f3968b66: Waiting
a608ddf83526: Pulling fs layer
ad73cb3ffa2a: Waiting
7168ab323ec5: Pulling fs layer
182a4d9f636c: Pulling fs layer
f85c4bc44d53: Waiting
a608ddf83526: Waiting
62839d172e57: Waiting
4e06850781a9: Pulling fs layer
d104e9433db0: Pulling fs layer
7168ab323ec5: Waiting
182a4d9f636c: Waiting
1b21a4ba2fd1: Pulling fs layer
7163f1fe69e4: Pulling fs layer
d104e9433db0: Waiting
4e06850781a9: Waiting
1b21a4ba2fd1: Waiting
c14108b358c2: Pulling fs layer
530251f5b6b4: Pulling fs layer
7163f1fe69e4: Waiting
c14108b358c2: Waiting
852d7d793751: Pulling fs layer
6f9f541cd5fd: Pulling fs layer
5d30ee9e04d0: Pulling fs layer
177d4361b52d: Pulling fs layer
f7f7de6c0cc1: Pulling fs layer
5b7d40de0c3c: Pulling fs layer
91586172fb72: Pulling fs layer
177d4361b52d: Waiting
5b7d40de0c3c: Waiting
68d38c64f82e: Pulling fs layer
46d5b7a8567b: Pulling fs layer
91586172fb72: Waiting
292bf2a43a59: Pulling fs layer
68d38c64f82e: Waiting
46d5b7a8567b: Waiting
7afaf6b73aeb: Pulling fs layer
292bf2a43a59: Waiting
e53ce22f06ae: Pulling fs layer
7afaf6b73aeb: Waiting
37c05a65db23: Pulling fs layer
e53ce22f06ae: Waiting
51060dbc65de: Pulling fs layer
37c05a65db23: Waiting
d5becadeb180: Pulling fs layer
51060dbc65de: Waiting
a9276246aa10: Pulling fs layer
874c981d6338: Pulling fs layer
a9276246aa10: Waiting
673053967259: Pulling fs layer
dd70ba10c33f: Pulling fs layer
874c981d6338: Waiting
673053967259: Waiting
a67c84e41f42: Pulling fs layer
87131f869877: Pulling fs layer
7a74120d504f: Pulling fs layer
87131f869877: Waiting
8506531e6df6: Pulling fs layer
7a74120d504f: Waiting
7cfd97774906: Pulling fs layer
dee30557968b: Pulling fs layer
8506531e6df6: Waiting
7cfd97774906: Waiting
1442c569fbe3: Pulling fs layer
fb21da23d224: Pulling fs layer
ffc89305138f: Pulling fs layer
fb21da23d224: Waiting
ffc89305138f: Waiting
4007a89234b4: Verifying Checksum
4007a89234b4: Download complete
5dfa26c6b9c9: Verifying Checksum
5dfa26c6b9c9: Download complete
0ba7bf18aa40: Download complete
4c6ec688ebe3: Download complete
4007a89234b4: Pull complete
5dfa26c6b9c9: Pull complete
0ba7bf18aa40: Pull complete
4c6ec688ebe3: Pull complete
5ab3cd2f4794: Verifying Checksum
5ab3cd2f4794: Download complete
acb310f6e6f0: Download complete
26555b03b680: Verifying Checksum
26555b03b680: Download complete
acb310f6e6f0: Pull complete
5ab3cd2f4794: Pull complete
60345b3636b6: Verifying Checksum
60345b3636b6: Download complete
8f9daa4fd8e2: Download complete
60345b3636b6: Pull complete
26555b03b680: Pull complete
2282691cd98e: Waiting
530251f5b6b4: Waiting
852d7d793751: Waiting
6f9f541cd5fd: Waiting
5d30ee9e04d0: Waiting
f7f7de6c0cc1: Waiting
d5becadeb180: Waiting
dd70ba10c33f: Waiting
a67c84e41f42: Waiting
dee30557968b: Waiting
1442c569fbe3: Waiting
docker: write /var/lib/docker/tmp/GetImageBlob2179433651: no space left on device.
See 'docker run --help'.
