Unable to find image 'n132/arvo:39956-vul' locally
39956-vul: Pulling from n132/arvo
f3ef4ff62e0d: Pulling fs layer
71597766d6d1: Pulling fs layer
fa95a0422deb: Pulling fs layer
0ca9a930fa05: Pulling fs layer
f3ef4ff62e0d: Waiting
71597766d6d1: Waiting
bf972e7061f1: Pulling fs layer
fa95a0422deb: Waiting
0ca9a930fa05: Waiting
b38562501b1a: Pulling fs layer
bf972e7061f1: Waiting
62305f0fdabd: Pulling fs layer
951f8168d803: Pulling fs layer
b38562501b1a: Waiting
4d531cb354da: Pulling fs layer
29822b19036a: Pulling fs layer
951f8168d803: Waiting
7bf32ce85a9e: Pulling fs layer
4d531cb354da: Waiting
885df2877d55: Pulling fs layer
3d148047a880: Pulling fs layer
7bf32ce85a9e: Waiting
b35fbbd983c8: Pulling fs layer
62305f0fdabd: Waiting
29822b19036a: Waiting
885df2877d55: Waiting
628ce4e25f21: Pulling fs layer
3d148047a880: Waiting
e599a6301f30: Pulling fs layer
0bef90d26266: Pulling fs layer
628ce4e25f21: Waiting
eb1eb4fb51ff: Pulling fs layer
99d233c76f00: Pulling fs layer
05c63b33929c: Pulling fs layer
9d8d4052f2d9: Pulling fs layer
0bef90d26266: Waiting
e599a6301f30: Waiting
b35fbbd983c8: Waiting
755b4e57ba04: Pulling fs layer
05c63b33929c: Waiting
4b3c335fee1e: Pulling fs layer
9d8d4052f2d9: Waiting
f99bb703191a: Pulling fs layer
eb1eb4fb51ff: Waiting
4f5e97ae6e74: Pulling fs layer
755b4e57ba04: Waiting
46ae7de2b30a: Pulling fs layer
57bc5c963898: Pulling fs layer
4b3c335fee1e: Waiting
f99bb703191a: Waiting
4f5e97ae6e74: Waiting
46ae7de2b30a: Waiting
2227ef789d92: Pulling fs layer
57bc5c963898: Waiting
5aa475772875: Pulling fs layer
b1878b0e6091: Pulling fs layer
21638010cdb2: Pulling fs layer
5da96525a496: Pulling fs layer
2227ef789d92: Waiting
37cbb8e9994b: Pulling fs layer
7838320c47e0: Pulling fs layer
5aa475772875: Waiting
a1ec9c058d3d: Pulling fs layer
b1878b0e6091: Waiting
0b73a60837b1: Pulling fs layer
de3d06c8309c: Pulling fs layer
5da96525a496: Waiting
9299b815c334: Pulling fs layer
37cbb8e9994b: Waiting
7838320c47e0: Waiting
0df1d89d2d14: Pulling fs layer
21638010cdb2: Waiting
043a88907413: Pulling fs layer
46686996e822: Pulling fs layer
de3d06c8309c: Waiting
ae302fb310a5: Pulling fs layer
9299b815c334: Waiting
0b73a60837b1: Waiting
ae302fb310a5: Waiting
46686996e822: Waiting
043a88907413: Waiting
71597766d6d1: Download complete
f3ef4ff62e0d: Verifying Checksum
f3ef4ff62e0d: Download complete
fa95a0422deb: Verifying Checksum
fa95a0422deb: Download complete
bf972e7061f1: Download complete
62305f0fdabd: Verifying Checksum
62305f0fdabd: Download complete
0ca9a930fa05: Verifying Checksum
0ca9a930fa05: Download complete
f3ef4ff62e0d: Pull complete
4d531cb354da: Verifying Checksum
4d531cb354da: Download complete
29822b19036a: Download complete
71597766d6d1: Pull complete
fa95a0422deb: Pull complete
7bf32ce85a9e: Download complete
b38562501b1a: Verifying Checksum
b38562501b1a: Download complete
0ca9a930fa05: Pull complete
bf972e7061f1: Pull complete
3d148047a880: Verifying Checksum
3d148047a880: Download complete
b35fbbd983c8: Download complete
628ce4e25f21: Download complete
e599a6301f30: Download complete
0bef90d26266: Download complete
eb1eb4fb51ff: Verifying Checksum
eb1eb4fb51ff: Download complete
885df2877d55: Download complete
99d233c76f00: Verifying Checksum
99d233c76f00: Download complete
05c63b33929c: Verifying Checksum
05c63b33929c: Download complete
755b4e57ba04: Verifying Checksum
755b4e57ba04: Download complete
951f8168d803: Verifying Checksum
951f8168d803: Download complete
46ae7de2b30a: Verifying Checksum
46ae7de2b30a: Download complete
4f5e97ae6e74: Verifying Checksum
4f5e97ae6e74: Download complete
2227ef789d92: Verifying Checksum
2227ef789d92: Download complete
57bc5c963898: Verifying Checksum
57bc5c963898: Download complete
5aa475772875: Verifying Checksum
5aa475772875: Download complete
b1878b0e6091: Download complete
21638010cdb2: Verifying Checksum
21638010cdb2: Download complete
5da96525a496: Download complete
37cbb8e9994b: Verifying Checksum
37cbb8e9994b: Download complete
a1ec9c058d3d: Verifying Checksum
a1ec9c058d3d: Download complete
0b73a60837b1: Verifying Checksum
0b73a60837b1: Download complete
0df1d89d2d14: Verifying Checksum
0df1d89d2d14: Download complete
9299b815c334: Verifying Checksum
9299b815c334: Download complete
de3d06c8309c: Verifying Checksum
de3d06c8309c: Download complete
043a88907413: Download complete
ae302fb310a5: Download complete
docker: write /var/lib/docker/tmp/GetImageBlob1808236258: no space left on device.
See 'docker run --help'.
