Unable to find image 'n132/arvo:58758-vul' locally
58758-vul: Pulling from n132/arvo
7608715873ec: Already exists
393141f4b152: Pulling fs layer
a2ee7c951b75: Pulling fs layer
d851f9f2755f: Pulling fs layer
f97fec6d0669: Pulling fs layer
014884d42056: Pulling fs layer
393141f4b152: Waiting
16747f6686fb: Pulling fs layer
f4da407da14e: Pulling fs layer
d451bfee440f: Pulling fs layer
88e47edfd3bc: Pulling fs layer
f64cf5857c7d: Pulling fs layer
1f6e78476668: Pulling fs layer
5783c3d30552: Pulling fs layer
d7bda040f22e: Pulling fs layer
0c58f3f73d02: Pulling fs layer
e34b6240eb2f: Pulling fs layer
5bec1163d4db: Pulling fs layer
fd47b5c196df: Pulling fs layer
85f67bc055c9: Pulling fs layer
2d411138ba01: Pulling fs layer
5b23827e765d: Pulling fs layer
e803b83b71d5: Pulling fs layer
cc40c763c746: Pulling fs layer
08c82edd9ac4: Pulling fs layer
7b4936eafd16: Pulling fs layer
9870cbd267cb: Pulling fs layer
5783c3d30552: Waiting
73b8a09ca624: Pulling fs layer
a2ee7c951b75: Waiting
d851f9f2755f: Waiting
cd3fc53879f7: Pulling fs layer
f97fec6d0669: Waiting
014884d42056: Waiting
dd2607e93a66: Pulling fs layer
16747f6686fb: Waiting
f4da407da14e: Waiting
d451bfee440f: Waiting
2ce419b8042f: Pulling fs layer
7ed02d293c48: Pulling fs layer
88e47edfd3bc: Waiting
f64cf5857c7d: Waiting
4558760f7329: Pulling fs layer
63f583b6bd28: Pulling fs layer
1f6e78476668: Waiting
85e90f8a9b88: Pulling fs layer
e59b09050c0b: Pulling fs layer
835f727fa5a8: Pulling fs layer
56d672fb5a94: Pulling fs layer
08c82edd9ac4: Waiting
10bb822ba7b5: Pulling fs layer
d7bda040f22e: Waiting
dfe5f580c894: Pulling fs layer
2d411138ba01: Waiting
5b23827e765d: Waiting
85f67bc055c9: Waiting
5f1e895a2c6a: Pulling fs layer
cc40c763c746: Waiting
1b90cc6545f6: Pulling fs layer
e803b83b71d5: Waiting
4558760f7329: Waiting
7b4936eafd16: Waiting
cd3fc53879f7: Waiting
fa7ea6187ff7: Pulling fs layer
dd2607e93a66: Waiting
9870cbd267cb: Waiting
cac53a926d23: Pulling fs layer
2ce419b8042f: Waiting
73b8a09ca624: Waiting
0c58f3f73d02: Waiting
7ed02d293c48: Waiting
c86104945a4c: Pulling fs layer
e34b6240eb2f: Waiting
5bec1163d4db: Waiting
fd47b5c196df: Waiting
1153f6b50065: Pulling fs layer
56d672fb5a94: Waiting
85e90f8a9b88: Waiting
e59b09050c0b: Waiting
9a3f58c9c453: Pulling fs layer
835f727fa5a8: Waiting
63f583b6bd28: Waiting
1b90cc6545f6: Waiting
bba101e8830e: Pulling fs layer
dfe5f580c894: Waiting
5f1e895a2c6a: Waiting
10bb822ba7b5: Waiting
515a3329cd2b: Pulling fs layer
c86104945a4c: Waiting
fa7ea6187ff7: Waiting
1153f6b50065: Waiting
83a7984e78ac: Pulling fs layer
cac53a926d23: Waiting
9a3f58c9c453: Waiting
bba101e8830e: Waiting
515a3329cd2b: Waiting
3d5a9331f992: Pulling fs layer
ae5fabd1c147: Pulling fs layer
2d1bf2185974: Pulling fs layer
c11e65e018db: Pulling fs layer
af690fd7d9cf: Pulling fs layer
fe5519d8477a: Pulling fs layer
ae5fabd1c147: Waiting
83a7984e78ac: Waiting
ae2383b98873: Pulling fs layer
c11e65e018db: Waiting
3d5a9331f992: Waiting
a5bdebd02d27: Pulling fs layer
2d1bf2185974: Waiting
fe5519d8477a: Waiting
af690fd7d9cf: Waiting
45729ccf3186: Pulling fs layer
4f4fb700ef54: Pulling fs layer
a5bdebd02d27: Waiting
88d844b2efdc: Pulling fs layer
45729ccf3186: Waiting
ae2383b98873: Waiting
4f4fb700ef54: Waiting
da9e9c9c1098: Pulling fs layer
8819f9763a2ee7c951b75: Verifying Checksum
a2ee7c951b75: Download complete
393141f4b152: Verifying Checksum
393141f4b152: Download complete
d851f9f2755f: Verifying Checksum
d851f9f2755f: Download complete
014884d42056: Verifying Checksum
014884d42056: Download complete
f97fec6d0669: Verifying Checksum
f97fec6d0669: Download complete
f4da407da14e: Download complete
393141f4b152: Pull complete
a2ee7c951b75: Pull complete
d451bfee440f: Download complete
16747f6686fb: Verifying Checksum
16747f6686fb: Download complete
d851f9f2755f: Pull complete
f64cf5857c7d: Verifying Checksum
f64cf5857c7d: Download complete
f97fec6d0669: Pull complete
014884d42056: Pull complete
1f6e78476668: Download complete
5783c3d30552: Verifying Checksum
5783c3d30552: Download complete
88e47edfd3bc: Verifying Checksum
88e47edfd3bc: Download complete
d7bda040f22e: Verifying Checksum
d7bda040f22e: Download complete
0c58f3f73d02: Download complete
e34b6240eb2f: Verifying Checksum
e34b6240eb2f: Download complete
5bec1163d4db: Verifying Checksum
5bec1163d4db: Download complete
fd47b5c196df: Verifying Checksum
fd47b5c196df: Download complete
85f67bc055c9: Verifying Checksum
85f67bc055c9: Download complete
2d411138ba01: Download complete
5b23827e765d: Verifying Checksum
5b23827e765d: Download complete
e803b83b71d5: Download complete
cc40c763c746: Download complete
08c82edd9ac4: Download complete
9870cbd267cb: Verifying Checksum
9870cbd267cb: Download complete
7b4936eafd16: Verifying Checksum
7b4936eafd16: Download complete
73b8a09ca624: Verifying Checksum
73b8a09ca624: Download complete
16747f6686fb: Pull complete
f4da407da14e: Pull complete
d451bfee440f: Pull complete
88e47edfd3bc: Pull complete
f64cf5857c7d: Pull complete
1f6e78476668: Pull complete
5783c3d30552: Pull complete
d7bda040f22e: Pull complete
0c58f3f73d02: Pull complete
e34b6240eb2f: Pull complete
5bec1163d4db: Pull complete
fd47b5c196df: Pull complete
85f67bc055c9: Pull complete
2d411138ba01: Pull complete
5b23827e765d: Pull complete
e803b83b71d5: Pull complete
cc40c763c746: Pull complete
08c82edd9ac4: Pull complete
7b4936eafd16: Pull complete
9870cbd267cb: Pull complete
73b8a09ca624: Pull complete
cd3fc53879f7: Verifying Checksum
cd3fc53879f7: Download complete
dd2607e93a66: Verifying Checksum
dd2607e93a66: Download complete
2ce419b8042f: Verifying Checksum
2ce419b8042f: Download complete
4558760f7329: Verifying Checksum
4558760f7329: Download complete
63f583b6bd28: Download complete
e59b09050c0b: Verifying Checksum
e59b09050c0b: Downloade59b09050c835f727fa5a8: Verifying Checksum
835f727fa5a8: Download835f727fa556d672fb5a94: Verifying Checksum
56d672fb5a94: Download complete
10bb822ba7b5: Verifyin10bb822ba7b5: Verifying Checksum
10bb822ba785e90f8a9b88: Verifyin85e90f8a9b885e90f8a9b88: Download complete
dfe5f580c894: Verifyindfe5f580c894: Verifying Checksum
dfe5f580c85f1e895a2c6a: Download complete
7ed02d293c48: Download complete
1b90cc6545f6: Verifying Checksum
1b90cc6545f6: Download complete
c86104945a4c: Download complete
cac53a926d23: Verifying Checksum
cac53a926d23: Download complete
fa7ea6187ff7: Verifying Checksum
fa7ea6187ff7: Download complete
cd3fc53879f7: Pull complete
dd2607e93a66: Pull complete
9a3f58c9c453: Verifying Checksum
9a3f58c9c453: Download complete
1153f6b50065: Verifying Checksum
1153f6b50065: Download complete
bba101e8830e: Verifying Checksum
bba101e8830e: Download complete
515a3329cd2b: Verifying Checksum
515a3329cd2b: Download complete
3d5a9331f992: Verifying Checksum
3d5a9331f992: Download complete
2d1bf2185974: Download complete
c11e65e018db: Verifying Checksum
c11e65e018db: Download complete
83a7984e78ac: Verifying Checksum
83a7984e78ac: Download complete
2ce419b8042f: Pull complete
af690fd7d9cf: Download complete
fe5519d8477a: Verifying Checksum
fe5519d8477a: Download complete
ae2383b98873: Verifying Checksum
ae2383b98873: Download complete
a5bdebd02d27: Verifying Checksum
a5bdebd02d27: Download complete
45729ccf3186: Verifying Checksum
45729ccf3186: Download complete
4f4fb700ef54: Download complete
88d844b2efdc: Download complete
8819f97636fc: Verifying Checksum
8819f97636fc: Download complete
ae5fabd1c147: Verifying Checksum
ae5fabd1c147: Download complete
7ed02d293c48: Pull complete
4558760f7329: Pull complete
63f583b6bd28: Pull complete
85e90f8a9b88: Pull complete
e59b09050c0b: Pull complete
835f727fa5a8: Pull complete
56d672fb5a94: Pull complete
10bb822ba7b5: Pull complete
dfe5f580c894: Pull complete
5f1e895a2c6a: Pull complete
1b90cc6545f6: Pull complete
fa7ea6187ff7: Pull complete
cac53a926d23: Pull complete
c86104945a4c: Pull complete
1153f6b50065: Pull complete
9a3f58c9c453: Pull complete
bba101e8830e: Pull complete
515a3329cd2b: Pull complete
83a7984e78ac: Pull complete
3d5a9331f992: Pull complete
docker: write /var/lib/docker/tmp/GetImageBlob3381116195: no space left on device.
See 'docker run --help'.
ull complete
docker: write /var/lib/docker/tmp/GetImageBlob3381116195: no space left on device.
See 'docker run --help'.
