Unable to find image 'n132/arvo:1434-vul' locally
1434-vul: Pulling from n132/arvo
d16fc20e681d: Already exists
63f1c4e4b781: Already exists
fb4d3bb1280c: Already exists
8038895a6c2e: Already exists
43fa392d948c: Already exists
269c60a1465b: Already exists
962cf29a2bb7: Already exists
48dcb286890a: Already exists
0cede67fb003: Already exists
3c826b7674fb: Already exists
8387efc1ffde: Already exists
911ca8932ada: Already exists
8e7f672d6b82: Already exists
9d1a80471d30: Already exists
331bc47ffa98: Already exists
dfc9b8ab6df1: Pulling fs layer
f66ad7a2c460: Pulling fs layer
ba51d8add83e: Pulling fs layer
69b9c3778c6c: Pulling fs layer
50606b769001: Pulling fs layer
5be0ce2e5c33: Pulling fs layer
aa7e6af4538e: Pulling fs layer
49dded90773c: Pulling fs layer
18cb57de8f5e: Pulling fs layer
62cd1c2f8dfa: Pulling fs layer
c5d50865caac: Pulling fs layer
cd22690cae9d: Pulling fs layer
8c5734971226: Pulling fs layer
783a241ea2aa: Pulling fs layer
ad03f8da167c: Pulling fs layer
956cf7e619ee: Pulling fs layer
e05886094b47: Pulling fs layer
6abaeb9594cd: Pulling fs layer
e4df374bf98f: Pulling fs layer
5adbd7d1d10c: Pulling fs layer
d1bfd8ef9295: Pulling fs layer
e80cd911c44c: Pulling fs layer
917f06d63b05: Pulling fs layer
ecdd81e7e0ea: Pulling fs layer
867621d96a1b: Pulling fs layer
7d52927f4938: Pulling fs layer
1ad72d928b37: Pulling fs layer
edf578cce609: Pulling fs layer
963414239ac7: Pulling fs layer
6df62ced8e03: Pulling fs layer
f190b66d9ee5: Pulling fs layer
cffb24f911bc: Pulling fs layer
461fcda601ef: Pulling fs layer
2dced04c00f1: Pulling fs layer
81035f58ff68: Pulling fs layer
5578754709f5: Pulling fs layer
dfc9b8ab6df1: Waiting
f66ad7a2c460: Waiting
ba51d8add83e: Waiting
69b9c3778c6c: Waiting
50606b769001: Waiting
5be0ce2e5c33: Waiting
aa7e6af4538e: Waiting
49dded90773c: Waiting
18cb57de8f5e: Waiting
62cd1c2f8dfa: Waiting
c5d50865caac: Waiting
cd22690cae9d: Waiting
8c5734971226: Waiting
783a241ea2aa: Waiting
ad03f8da167c: Waiting
956cf7e619ee: Waiting
e05886094b47: Waiting
6abaeb9594cd: Waiting
e4df374bf98f: Waiting
5adbd7d1d10c: Waiting
d1bfd8ef9295: Waiting
e80cd911c44c: Waiting
917f06d63b05: Waiting
ecdd81e7e0ea: Waiting
867621d96a1b: Waiting
7d52927f4938: Waiting
1ad72d928b37: Waiting
edf578cce609: Waiting
963414239ac7: Waiting
6df62ced8e03: Waiting
f190b66d9ee5: Waiting
cffb24f911bc: Waiting
461fcda601ef: Waiting
2dced04c00f1: Waiting
81035f58ff68: Waiting
5578754709f5: Waiting
dfc9b8ab6df1: Verifying Checksum
dfc9b8ab6df1: Download complete
f66ad7a2c460: Verifying Checksum
f66ad7a2c460: Download complete
ba51d8add83e: Verifying Checksum
ba51d8add83e: Download complete
50606b769001: Verifying Checksum
50606b769001: Download complete
69b9c3778c6c: Verifying Checksum
69b9c3778c6c: Download complete
dfc9b8ab6df1: Pull complete
f66ad7a2c460: Pull complete
aa7e6af4538e: Verifying Checksum
aa7e6af4538e: Download complete
49dded90773c: Verifying Checksum
49dded90773c: Download complete
5be0ce2e5c33: Download complete
18cb57de8f5e: Download complete
c5d50865caac: Verifying Checksum
c5d50865caac: Download complete
cd22690cae9d: Verifying Checksum
cd22690cae9d: Download complete
62cd1c2f8dfa: Verifying Checksum
62cd1c2f8dfa: Download complete
783a241ea2aa: Download complete
8c5734971226: Verifying Checksum
8c5734971226: Download complete
ad03f8da167c: Verifying Checksum
ad03f8da167c: Download complete
956cf7e619ee: Verifying Checksum
956cf7e619ee: Download complete
e05886094b47: Download complete
6abaeb9594cd: Verifying Checksum
6abaeb9594cd: Download complete
e4df374bf98f: Download complete
d1bfd8ef9295: Verifying Checksum
d1bfd8ef9295: Download complete
5adbd7d1d10c: Verifying Checksum
5adbd7d1d10c: Download complete
917f06d63b05: Verifying Checksum
917f06d63b05: Download complete
e80cd911c44c: Verifying Checksum
e80cd911c44c: Download complete
ba51d8add83e: Pull complete
ecdd81e7e0ea: Verifying Checksum
ecdd81e7e0ea: Download complete
7d52927f4938: Verifying Checksum
7d52927f4938: Download complete
867621d96a1b: Download complete
1ad72d928b37: Verifying Checksum
1ad72d928b37: Download complete
edf578cce609: Verifying Checksum
edf578cce609: Download complete
963414239ac7: Verifying Checksum
963414239ac7: Download complete
f190b66d9ee5: Verifying Checksum
f190b66d9ee5: Download complete
6df62ced8e03: Verifying Checksum
6df62ced8e03: Download complete
461fcda601ef: Download complete
69b9c3778c6c: Pull complete
50606b769001: Pull complete
5be0ce2e5c33: Pull complete
aa7e6af4538e: Pull complete
49dded90773c: Pull complete
18cb57de8f5e: Pull complete
cffb24f911bc: Verifying Checksum
cffb24f911bc: Download complete
62cd1c2f8dfa: Pull complete
c5d50865caac: Pull complete
cd22690cae9d: Pull complete
8c5734971226: Pull complete
783a241ea2aa: Pull complete
ad03f8da167c: Pull complete
956cf7e619ee: Pull complete
e05886094b47: Pull complete
6abaeb9594cd: Pull complete
e4df374bf98f: Pull complete
2dced04c00f1: Verifying Checksum
2dced04c00f1: Download complete
5adbd7d1d10c: Pull complete
d1bfd8ef9295: Pull complete
e80cd911c44c: Pull complete
917f06d63b05: Pull complete
5578754709f5: Download complete
ecdd81e7e0ea: Pull complete
867621d96a1b: Pull complete
7d52927f4938: Pull complete
1ad72d928b37: Pull complete
edf578cce609: Pull complete
963414239ac7: Pull complete
6df62ced8e03: Pull complete
f190b66d9ee5: Pull complete
cffb24f911bc: Pull complete
461fcda601ef: Pull complete
2dced04c00f1: Pull complete
docker: write /var/lib/docker/tmp/GetImageBlob560092858: no space left on device.
See 'docker run --help'.
