Unable to find image 'n132/arvo:54716-vul' locally
54716-vul: Pulling from n132/arvo
846c0b181fff: Pulling fs layer
16cc997c339e: Pulling fs layer
846c0b181fff: Waiting
6e8b7e1b8b34: Pulling fs layer
16cc997c339e: Waiting
7c5677a4e1fb: Pulling fs layer
6e8b7e1b8b34: Waiting
de7ea5afbf74: Pulling fs layer
7c5677a4e1fb: Waiting
de7ea5afbf74: Waiting
1b88b6ae61e8: Pulling fs layer
1b88b6ae61e8: Waiting
7701642b5fd3: Pulling fs layer
7701642b5fd3: Waiting
6769fa03a7a8: Pulling fs layer
9d3a73feddc8: Pulling fs layer
6769fa03a7a8: Waiting
9d3a73feddc8: Waiting
d37a1c03377e: Pulling fs layer
70ab34ec0b51: Pulling fs layer
ebe9075b9198: Pulling fs layer
70ab34ec0b51: Waiting
d37a1c03377e: Waiting
d4e14f0c90e8: Pulling fs layer
ebe9075b9198: Waiting
d4e14f0c90e8: Waiting
67f1f819c147: Pulling fs layer
d914ab1bf64c: Pulling fs layer
8d2b8970d7db: Pulling fs layer
67f1f819c147: Waiting
d914ab1bf64c: Waiting
8e2f4f7b2851: Pulling fs layer
8d2b8970d7db: Waiting
01a59e352029: Pulling fs layer
5d5c29f803d6: Pulling fs layer
d30ed5488097: Pulling fs layer
5d5c29f803d6: Waiting
01a59e352029: Waiting
8e2f4f7b2851: Waiting
2259ba4db311: Pulling fs layer
d30ed5488097: Waiting
822547fc7e98: Pulling fs layer
2259ba4db311: Waiting
08bb6618ae19: Pulling fs layer
ef067e0e6d35: Pulling fs layer
0d067af1091d: Pulling fs layer
934ac5227640: Pulling fs layer
ef067e0e6d35: Waiting
822547fc7e98: Waiting
ca91076357f4: Pulling fs layer
08bb6618ae19: Waiting
0d067af1091d: Waiting
986ed5c3b04a: Pulling fs layer
934ac5227640: Waiting
ca91076357f4: Waiting
986ed5c3b04a: Waiting
b0e4725b6f3b: Pulling fs layer
f7a1073390f0: Pulling fs layer
b0e4725b6f3b: Waiting
b0bcc56cd664: Pulling fs layer
f7a1073390f0: Waiting
80695327052c: Pulling fs layer
fe148ad98ccc: Pulling fs layer
29b4adebfd01: Pulling fs layer
2bc5fd1bd4dd: Pulling fs layer
80695327052c: Waiting
07eb657023f9: Pulling fs layer
fe148ad98ccc: Waiting
29b4adebfd01: Waiting
2bc5fd1bd4dd: Waiting
672b3a7c9d91: Pulling fs layer
07eb657023f9: Waiting
b0bcc56cd664: Waiting
2a360f52050a: Pulling fs layer
672b3a7c9d91: Waiting
264b0b48d4b4: Pulling fs layer
2a360f52050a: Waiting
0440e0dd5856: Pulling fs layer
264b0b48d4b4: Waiting
077448f15a80: Pulling fs layer
0440e0dd5856: Waiting
f6dffb12435f: Pulling fs layer
740a9dcecb53: Pulling fs layer
077448f15a80: Waiting
69660c6c6312: Pulling fs layer
f6dffb12435f: Waiting
740a9dcecb53: Waiting
a1e6b8dcf143: Pulling fs layer
3631c5d644b8: Pulling fs layer
a1e6b8dcf143: Waiting
69660c6c6312: Waiting
3866db3b15a9: Pulling fs layer
3631c5d644b8: Waiting
2ffee043410a: Pulling fs layer
3866db3b15a9: Waiting
e2591ca8651b: Pulling fs layer
2ffee043410a: Waiting
e2591ca8651b: Waiting
505f167197fe: Pulling fs layer
1c996ffc3182: Pulling fs layer
505f167197fe: Waiting
1c996ffc3182: Waiting
e0551fc26e32: Pulling fs layer
c78e801db365: Pulling fs layer
e0551fc26e32: Waiting
0323b5507cc5: Pulling fs layer
c78e801db365: Waiting
533c21a9adbd: Pulling fs layer
925831647891: Pulling fs layer
533c21a9adbd: Waiting
0323b5507cc5: Waiting
925831647891: Waiting
035a05d40344: Pulling fs layer
4f4fb700ef54: Pulling fs layer
f7ffc62bbf5a: Pulling fs layer
4f4fb700ef54: Waiting
035a05d40344: Waiting
90aa69345d1a: Pulling fs layer
f7ffc62bbf5a: Waiting
eed87fa90b66: Pulling fs layer
90aa69345d1a: Waiting
846c0b181fff: Verifying Checksum
846c0b181fff: Download complete
6e8b7e1b8b34: Download6e8b7e1b8bde7ea5afbf74: Download complete
16cc997c339e: Verifying Checksum
16cc997c339e: Download complete
7c5677a4e1fb: Verifying Checksum
7c5677a4e1fb: Download complete
6769fa03a7a8: Verifying Checksum
6769fa03a7a8: Download complete
1b88b6ae61e8: Download complete
9d3a73feddc8: Download complete
70ab34ec0b51: Verifying Checksum
70ab34ec0b51: Download complete
7701642b5fd3: Verifying Checksum
7701642b5fd3: Download complete
ebe9075b9198: Verifying Checksum
ebe9075b9198: Download complete
d4e14f0c90e8: Verifying Checksum
d4e14f0c90e8: Download complete
67f1f819c147: Verifying Checksum
67f1f819c147: Download complete
d37a1c03377e: Verifying Checksum
d37a1c03377e: Download complete
8d2b8970d7db: Verifying Checksum
8d2b8970d7db: Download complete
8e2f4f7b2851: Verifying Checksum
8e2f4f7b2851: Download8e2f4f7b2801a59e352029: Verifying Checksum
01a59e352029: Download01a59e35205d5c29f803d6: Download complete
d30ed5488097: Download complete
d914ab1bf64c: Verifying Checksum
d914ab1bf64c: Download complete
2259ba4db311: Verifying Checksum
2259ba4db311: Download2259ba4db308bb6618ae19: Verifying Checksum
08bb6618ae19: Download complete
822547fc7e98: Download complete
0d067af1091d: Download complete
934ac5227640: Download complete
ef067e0e6d35: Verifying Checksum
ef067e0e6d35: Downloadef067e0e6deed87fa90b66: Waiting
docker: failed to register layer: mkdir /etc/dpkg/origins: no space left on device.
See 'docker run --help'.
device.
See 'docker run --help'.
