Unable to find image 'n132/arvo:20271-vul' locally
20271-vul: Pulling from n132/arvo
0a01a72a686c: Pulling fs layer
cc899a5544da: Pulling fs layer
19197c550755: Pulling fs layer
716d454e56b6: Pulling fs layer
06dc387fe5f4: Pulling fs layer
a39215e7186c: Pulling fs layer
9c586eb5c78a: Pulling fs layer
15da22c01168: Pulling fs layer
24bb3fcf7d61: Pulling fs layer
530e012225b3: Pulling fs layer
93be8895fa0a: Pulling fs layer
557cec56b20f: Pulling fs layer
ead433304001: Pulling fs layer
6bbb18af02ba: Pulling fs layer
06dc387fe5f4: Waiting
de3619435d5f: Pulling fs layer
fa73f6b02861: Pulling fs layer
557cec56b20f: Waiting
24bb3fcf7d61: Waiting
530e012225b3: Waiting
93be8895fa0a: Waiting
a39215e7186c: Waiting
7a64477c0dac: Pulling fs layer
15da22c01168: Waiting
9c586eb5c78a: Waiting
cc899a5544da: Waiting
0a01a72a686c: Waiting
19197c550755: Waiting
433b02639131: Pulling fs layer
6bbb18af02ba: Waiting
ead433304001: Waiting
716d454e56b6: Waiting
f928d4879d32: Pulling fs layer
fa73f6b02861: Waiting
7a64477c0dac: Waiting
de3619435d5f: Waiting
433b02639131: Waiting
d52021e4797f: Pulling fs layer
8c4ede7963f5: Pulling fs layer
2469005a09f6: Pulling fs layer
1ea415b71805: Pulling fs layer
04d5d648fb89: Pulling fs layer
cb8c8ab0b49a: Pulling fs layer
8c4ede7963f5: Waiting
f928d4879d32: Waiting
d52021e4797f: Waiting
d27663198fd4: Pulling fs layer
1ea415b71805: Waiting
2469005a09f6: Waiting
04d5d648fb89: Waiting
ee3afcdc74a8: Pulling fs layer
cb8c8ab0b49a: Waiting
d27663198fd4: Waiting
9057cb398de6: Pulling fs layer
ee3afcdc74a8: Waiting
c04c86bf695b: Pulling fs layer
70700fa16253: Pulling fs layer
572637126dfe: Pulling fs layer
9057cb398de6: Waiting
c04c86bf695b: Waiting
70700fa16253: Waiting
b1e8f83696f8: Pulling fs layer
694b37013214: Pulling fs layer
572637126dfe: Waiting
cf0d18a5fd5b: Pulling fs layer
b1e8f83696f8: Waiting
66a98771f124: Pulling fs layer
694b37013214: Waiting
cf0d18a5fd5b: Waiting
178191c50e92: Pulling fs layer
fa0f83a1a908: Pulling fs layer
66a98771f124: Waiting
2484cfae5382: Pulling fs layer
cb6740d52498: Pulling fs layer
4c9ac8579d9b: Pulling fs layer
fa0f83a1a908: Waiting
3afedb648d56: Pulling fs layer
178191c50e92: Waiting
cb6740d52498: Waiting
2484cfae5382: Waiting
4c9ac8579d9b: Waiting
c9a2945155fc: Pulling fs layer
b3732ce60d59: Pulling fs layer
03f487b0d3ff: Pulling fs layer
259ba4e8eee1: Pulling fs layer
52ec521a7541: Pulling fs layer
b3732ce60d59: Waiting
03f487b0d3ff: Waiting
259ba4e8eee1: Waiting
fb1e0f35d7f8: Pulling fs layer
3afedb648d56: Waiting
c9a2945155fc: Waiting
52ec521a7541: Waiting
c911f2e3e523: Pulling fs layer
4f4fb700ef54: Pulling fs layer
fb1e0f35d7f8: Waiting
c911f2e3e523: Waiting
c47597ca8ae4: Pulling fs la0a01a72a686c: Download complete
cc899a5544da: Download complete
19197c550755: Download complete
716d454e56b6: Download complete
0a01a72a686c: Pull complete
cc899a5544da: Pull complete
19197c550755: Pull complete
716d454e56b6: Pull complete
06dc387fe5f4: Verifying Checksum
06dc387fe5f4: Download complete
a39215e7186c: Download complete
9c586eb5c78a: Verifying Checksum
9c586eb5c78a: Download complete
24bb3fcf7d61: Verifying Checksum
24bb3fcf7d61: Download complete
06dc387fe5f4: Pull complete
a39215e7186c: Pull complete
9c586eb5c78a: Pull complete
530e012225b3: Verifying Checksum
530e012225b3: Download complete
93be8895fa0a: Verifying Checksum
93be8895fa0a: Download complete
557cec56b20f: Verifying Checksum
557cec56b20f: Download complete
15da22c01168: Download complete
6bbb18af02ba: Verifying Checksum
6bbb18af02ba: Download complete
ead433304001: Verifying Checksum
ead433304001: Download complete
de3619435d5f: Download complete
fa73f6b02861: Verifying Checksum
fa73f6b02861: Download complete
7a64477c0dac: Verifying Checksum
7a64477c0dac: Download complete
433b02639131: Verifying Checksum
433b02639131: Download complete
f928d4879d32: Verifying Checksum
f928d4879d32: Download complete
d52021e4797f: Download complete
8c4ede7963f5: Verifying Checksum
8c4ede7963f5: Download complete
15da22c01168: Pull complete
24bb3fcf7d61: Pull complete
530e012225b3: Pull complete
93be8895fa0a: Pull complete
557cec56b20f: Pull complete
ead433304001: Pull complete
6bbb18af02ba: Pull complete
de3619435d5f: Pull complete
fa73f6b02861: Pull complete
7a64477c0dac: Pull complete
433b02639131: Pull complete
f928d4879d32: Pull complete
d52021e4797f: Pull complete
8c4ede7963f5: Pull complete
1ea415b71805: Download complete
04d5d648fb89: Verifying Checksum
04d5d648fb89: Download complete
2469005a09f6: Verifying Checksum
2469005a09f6: Download complete
d27663198fd4: Verifying Checksum
d27663198fd4: Download complete
9057cb398de6: Verifying Checksum
9057cb398de6: Download complete
ee3afcdc74a8: Verifying Checksum
ee3afcdc74a8: Download complete
70700fa16253: Download complete
572637126dfe: Download complete
c04c86bf695b: Verifying Checksum
c04c86bf695b: Download complete
b1e8f83696f8: Download complete
694b37013214: Verifying Checksum
694b37013214: Download complete
cb8c8ab0b49a: Verifying Checksum
cb8c8ab0b49a: Download complete
178191c50e92: Verifying Checksum
178191c50e92: Download complete
66a98771f124: Verifying Checksum
66a98771f124: Download complete
fa0f83a1a908: Verifying Checksum
fa0f83a1a908: Download complete
2469005a09f6: Pull complete
1ea415b71805: Pull complete
2484cfae5382: Verifying Checksum
2484cfae5382: Download complete
cf0d18a5fd5b: Verifying Checksum
cf0d18a5fd5b: Download complete
4c9ac8579d9b: Verifying Checksum
4c9ac8579d9b: Download complete
cb6740d52498: Verifying Checksum
cb6740d52498: Download complete
3afedb648d56: Verifying Checksum
3afedb648d56: Download complete
03f487b0d3ff: Verifying Checksum
03f487b0d3ff: Download complete
b3732ce60d59: Verifying Checksum
b3732ce60d59: Download complete
c9a2945155fc: Download complete
fb1e0f35d7f8: Verifying Checksum
fb1e0f35d7f8: Download complete
52ec521a7541: Verifying Checksum
52ec521a7541: Download complete
4f4fb700ef54: Download complete
c911f2e3e523: Verifying Checksum
c911f2e3e523: Download complete
04d5d648fb89: Pull complete
c47597ca8ae4: Verifying Checksum
c47597ca8ae4: Download complete
1ccb81769139: Download complete
259ba4e8eee1: Verifying Checksum
259ba4e8eee1: Download complete
cb8c8ab0b49a: Pull complete
d27663198fd4: Pull complete
ee3afcdc74a8: Pull complete
9057cb398de6: Pull complete
c04c86bf695b: Pull complete
70700fa16253: Pull complete
572637126dfe: Pull complete
b1e8f83696f8: Pull complete
694b37013214: Pull complete
cf0d18a5fd5b: Pull complete
66a98771f124: Pull complete
178191c50e92: Pull complete
fa0f83a1a908: Pull complete
2484cfae5382: Pull complete
cb6740d52498: Pull complete
4c9ac8579d9b: Pull complete
3afedb648d56: Pull complete
c9a2945155fc: Pull complete
b3732ce60d59: Pull complete
03f487b0d3ff: Pull complete
docker: write /var/lib/docker/tmp/GetImageBlob1003907408: no space left on device.
See 'docker run --help'.
3afedb648d56: Pull complete
c9a2945155fc: Pull complete
b3732ce60d59: Pull complete
03f487b0d3ff: Pull complete
docker: write /var/lib/docker/tmp/GetImageBlob1003907408: no space left on device.
See 'docker run --help'.
