Unable to find image 'n132/arvo:52133-vul' locally
52133-vul: Pulling from n132/arvo
675920708c8b: Already exists
f12e6d5ac552: Pulling fs layer
8e0c39c3dd6d: Pulling fs layer
19bd0e8307bc: Pulling fs layer
ede5461b1cd4: Pulling fs layer
fc291cb1f4b9: Pulling fs layer
f12e6d5ac552: Waiting
5131233087dc: Pulling fs layer
19bd0e8307bc: Waiting
ae652b2009f7: Pulling fs layer
8e0c39c3dd6d: Waiting
ef2c00a8e5e4: Pulling fs layer
ede5461b1cd4: Waiting
3b4bd544c70b: Pulling fs layer
5131233087dc: Waiting
fc291cb1f4b9: Waiting
ae652b2009f7: Waiting
96da981830b7: Pulling fs layer
ef2c00a8e5e4: Waiting
145842912fab: Pulling fs layer
3b4bd544c70b: Waiting
30570a942130: Pulling fs layer
9e8301494f38: Pulling fs layer
145842912fab: Waiting
96da981830b7: Waiting
eb2ae4c8cdb7: Pulling fs layer
30570a942130: Waiting
b01773470e4f: Pulling fs layer
2b231ca916ad: Pulling fs layer
2736aab90812: Pulling fs layer
eb2ae4c8cdb7: Waiting
9e8301494f38: Waiting
b01773470e4f: Waiting
680d4e60ba65: Pulling fs layer
2b231ca916ad: Waiting
2736aab90812: Waiting
cae53167decc: Pulling fs layer
680d4e60ba65: Waiting
b7e1cc5ad6b8: Pulling fs layer
cae53167decc: Waiting
ead8db2a26a2: Pulling fs layer
9035c4e14540: Pulling fs layer
b7e1cc5ad6b8: Waiting
cd5878495d6e: Pulling fs layer
39dcd95ec3cf: Pulling fs layer
55e484277fa8: Pulling fs layer
3c2d09f69608: Pulling fs layer
d3e9e89c7003: Pulling fs layer
cd5878495d6e: Waiting
855b1858a958: Pulling fs layer
ead8db2a26a2: Waiting
55e484277fa8: Waiting
9035c4e14540: Waiting
39dcd95ec3cf: Waiting
4e3a72fb1849: Pulling fs layer
3c2d09f69608: Waiting
d3e9e89c7003: Waiting
56a14d75d3de: Pulling fs layer
855b1858a958: Waiting
4e3a72fb1849: Waiting
ebd8f16157b3: Pulling fs layer
367b916b5414: Pulling fs layer
56a14d75d3de: Waiting
4dc7bf024b94: Pulling fs layer
b122e82124ad: Pulling fs layer
7337425f9565: Pulling fs layer
367b916b5414: Waiting
ebd8f16157b3: Waiting
bdbfcd78447f: Pulling fs layer
e05828730847: Pulling fs layer
b122e82124ad: Waiting
7337425f9565: Waiting
4dc7bf024b94: Waiting
4fd4592bd4be: Pulling fs layer
bdbfcd78447f: Waiting
9b687c191b66: Pulling fs layer
e05828730847: Waiting
4fd4592bd4be: Waiting
d7783a10c0cf: Pulling fs layer
9b687c191b66: Waiting
575435283328: Pulling fs layer
47ef7f74ac8d: Pulling fs layer
f08644f6dcce: Pulling fs layer
d5730e9dffc3: Pulling fs layer
7e744a30eb08: Pulling fs layer
47ef7f74ac8d: Waiting
f08644f6dcce: Waiting
0eb3382fb53e: Pulling fs layer
d7783a10c0cf: Waiting
575435283328: Waiting
d5730e9dffc3: Waiting
3c94f8d50dd7: Pulling fs layer
7e744a30eb08: Waiting
0eb3382fb53e: Waiting
23dfca89d224: Pulling fs layer
95b9e8ee9e04: Pulling fs layer
3c94f8d50dd7: Waiting
23dfca89d224: Waiting
49f0f7c3705c: Pulling fs layer
e9360d2dc53d: Pulling fs layer
69a89a886074: Pulling fs layer
e8c161e62f04: Pulling fs layer
964992c8438e: Pulling fs layer
61226e3c9ac6: Pulling fs layer
e9360d2dc53d: Waiting
2175e66d472b: Pulling fs layer
e8c161e62f04: Waiting
964992c8438e: Waiting
69a89a886074: Waiting
4f4fb700ef54: Pulling fs layer
95b9e8ee9e04: Waiting
61226e3c9ac6: Waiting
49f0f7c3705c: Waiting
509918e0c39c3dd6d: Verifying Checksum
8e0c39c3dd6d: Download complete
f12e6d5ac552: Verifying Checksum
f12e6d5ac552: Download complete
19bd0e8307bc: Verifying Checksum
19bd0e8307bc: Download complete
ede5461b1cd4: Verifying Checksum
ede5461b1cd4: Download complete
fc291cb1f4b9: Verifying Checksum
fc291cb1f4b9: Download complete
ae652b2009f7: Download complete
f12e6d5ac552: Pull complete
8e0c39c3dd6d: Pull complete
ef2c00a8e5e4: Verifying Checksum
ef2c00a8e5e4: Download complete
19bd0e8307bc: Pull complete
5131233087dc: Verifying Checksum
5131233087dc: Download complete
96da981830b7: Download complete
ede5461b1cd4: Pull complete
fc291cb1f4b9: Pull complete
3b4bd544c70b: Verifying Checksum
3b4bd544c70b: Download complete
145842912fab: Download complete
30570a942130: Verifying Checksum
30570a942130: Download complete
9e8301494f38: Verifying Checksum
9e8301494f38: Download complete
b01773470e4f: Verifying Checksum
b01773470e4f: Download complete
2b231ca916ad: Verifying Checksum
2b231ca916ad: Download complete
eb2ae4c8cdb7: Verifying Checksum
eb2ae4c8cdb7: Download complete
2736aab90812: Verifying Checksum
2736aab90812: Download complete
680d4e60ba65: Verifying Checksum
680d4e60ba65: Download complete
b7e1cc5ad6b8: Verifying Checksum
b7e1cc5ad6b8: Download complete
cae53167decc: Verifying Checksum
cae53167decc: Download complete
9035c4e14540: Download complete
cd5878495d6e: Download complete
39dcd95ec3cf: Download complete
55e484277fa8: Verifying Checksum
55e484277fa8: Download complete
d3e9e89c7003: Verifying Checksum
d3e9e89c7003: Download complete
855b1858a958: Verifying Checksum
855b1858a958: Download complete
56a14d75d3de: Verifying Checksum
56a14d75d3de: Download complete
ebd8f16157b3: Verifying Checksum
ebd8f16157b3: Download complete
367b916b5414: Verifying Checksum
367b916b5414: Download complete
4e3a72fb1849: Verifying Checksum
4e3a72fb1849: Download complete
3c2d09f69608: Verifying Checksum
3c2d09f69608: Download complete
4dc7bf024b94: Verifying Checksum
4dc7bf024b94: Download complete
7337425f9565: Verifying Checksum
7337425f9565: Download complete
b122e82124ad: Verifying Checksum
b122e82124ad: Download complete
4fd4592bd4be: Download complete
e05828730847: Verifying Checksum
e05828730847: Download complete
d7783a10c0cf: Verifying Checksum
d7783a10c0cf: Download complete
bdbfcd78447f: Download complete
575435283328: Download complete
47ef7f74ac8d: Download complete
d5730e9dffc3: Verifying Checksum
d5730e9dffc3: Download complete
9b687c191b66: Download complete
f08644f6dcce: Verifying Checksum
f08644f6dcce: Download complete
7e744a30eb08: Verifying Checksum
7e744a30eb08: Download complete
23dfca89d224: Verifying Checksum
23dfca89d224: Download complete
3c94f8d50dd7: Download complete
0eb3382fb53e: Verifying Checksum
0eb3382fb53e: Download complete
49f0f7c3705c: Verifying Checksum
49f0f7c3705c: Download complete
e9360d2dc53d: Verifying Checksum
e9360d2dc53d: Download complete
e8c161e62f04: Verifying Checksum
e8c161e62f04: Download complete
69a89a886074: Verifying Checksum
69a89a886074: Download complete
964992c8438e: Verifying Checksum
964992c8438e: Download complete
2175e66d472b: Verifying Checksum
2175e66d472b: Download complete
61226e3c9ac6: Verifying Checksum
61226e3c9ac6: Download complete
4f4fb700ef54: Download complete
509912595ee8: Download complete
95b9e8ee9e04: Verifying Checksum
95b9e8ee9e04: Download complete
143dfb1c4b3c: Download complete
docker: write /var/lib/docker/tmp/GetImageBlob445245554: no space left on device.
See 'docker run --help'.
26e3c9ac6: Download complete
4f4fb700ef54: Download complete
509912595ee8: Download complete
95b9e8ee9e04: Verifying Checksum
95b9e8ee9e04: Download complete
143dfb1c4b3c: Download complete
docker: write /var/lib/docker/tmp/GetImageBlob445245554: no space left on device.
See 'docker run --help'.
