Unable to find image 'n132/arvo:17986-vul' locally
17986-vul: Pulling from n132/arvo
16c48d79e9cc: Pulling fs layer
3c654ad3ed7d: Pulling fs layer
16c48d79e9cc: Waiting
6276f4f9c29d: Pulling fs layer
3c654ad3ed7d: Waiting
a4bd43ad48ce: Pulling fs layer
382d4938cda9: Pulling fs layer
d4209fecdd39: Pulling fs layer
6276f4f9c29d: Waiting
a4bd43ad48ce: Waiting
9e26543fa9c6: Pulling fs layer
382d4938cda9: Waiting
f6497a251ae9: Pulling fs layer
82a56921fb15: Pulling fs layer
d4209fecdd39: Waiting
f6497a251ae9: Waiting
9e26543fa9c6: Waiting
d6d91e32db40: Pulling fs layer
82a56921fb15: Waiting
289019faed73: Pulling fs layer
d6d91e32db40: Waiting
b8fd801ad858: Pulling fs layer
289019faed73: Waiting
b8fd801ad858: Waiting
4c2de37ac061: Pulling fs layer
277d15438afd: Pulling fs layer
55532a0f3a10: Pulling fs layer
277d15438afd: Waiting
4c2de37ac061: Waiting
0c0e2cc08e42: Pulling fs layer
c2bace161998: Pulling fs layer
55532a0f3a10: Waiting
0c0e2cc08e42: Waiting
6e1ac268e5d6: Pulling fs layer
fb790b21155c: Pulling fs layer
c2bace161998: Waiting
262d129cc272: Pulling fs layer
fb790b21155c: Waiting
6e1ac268e5d6: Waiting
262d129cc272: Waiting
cfa31cee41f1: Pulling fs layer
0a51ac2177ab: Pulling fs layer
42a9b224ccc3: Pulling fs layer
8845d4eeee10: Pulling fs layer
cfa31cee41f1: Waiting
d36376ca650a: Pulling fs layer
0a51ac2177ab: Waiting
42a9b224ccc3: Waiting
3add1b025a20: Pulling fs layer
d36376ca650a: Waiting
8845d4eeee10: Waiting
bc32744f8d53: Pulling fs layer
3add1b025a20: Waiting
bc32744f8d53: Waiting
500493149cf9: Pulling fs layer
3a0340da05cb: Pulling fs layer
2883c308ca7e: Pulling fs layer
500493149cf9: Waiting
3a0340da05cb: Waiting
952d4ab76ad5: Pulling fs layer
2883c308ca7e: Waiting
35904c836643: Pulling fs layer
952d4ab76ad5: Waiting
739331a83856: Pulling fs layer
35904c836643: Waiting
bd20fcc36417: Pulling fs layer
739331a83856: Waiting
aa95994f3e7e: Pulling fs layer
1040eda2e869: Pulling fs layer
aa95994f3e7e: Waiting
bd20fcc36417: Waiting
1040eda2e869: Waiting
5b8936a8cd9f: Pulling fs layer
b0b133ee80d3: Pulling fs layer
5b8936a8cd9f: Waiting
6ff3c529d949: Pulling fs layer
a445f9f51e42: Pulling fs layer
b0b133ee80d3: Waiting
277c936d6510: Pulling fs layer
a445f9f51e42: Waiting
6ff3c529d949: Waiting
2d4692b3b029: Pulling fs layer
277c936d6510: Waiting
41cf9b1594b5: Pulling fs layer
83ef26c8a016: Pulling fs layer
2d4692b3b029: Waiting
5f872c48c885: Pulling fs layer
41cf9b1594b5: Waiting
4f4fb700ef54: Pulling fs layer
75f45f7b98ec: Pulling fs layer
a29984222df0: Pulling fs layer
102e12169e21: Pulling fs layer
16c48d79e9cc: Verifying Checksum
16c48d79e9cc: Download complete
3c654ad3ed7d: Download complete
6276f4f9c29d: Verifying Checksum
6276f4f9c29d: Download complete
a4bd43ad48ce: Download complete
16c48d79e9cc: Pull complete
3c654ad3ed7d: Pull complete
6276f4f9c29d: Pull complete
a4bd43ad48ce: Pull complete
382d4938cda9: Verifying Checksum
382d4938cda9: Download complete
d4209fecdd39: Verifying Checksum
9e26543fa9c6: Verifying Checksum
9e26543fa9c6: Download complete
382d4938cda9: Pull complete
d4209fecdd39: Pull complete
9e26543fa9c6: Pull complete
f6497a251ae9: Verifying Checksum
f6497a251ae9: Download complete
82a56921fb15: Verifying Checksum
82a56921fb15: Download complete
d6d91e32db40: Verifying Checksum
d6d91e32db40: Download complete
289019faed73: Verifying Checksum
289019faed73: Download complete
4c2de37ac061: Verifying Checksum
4c2de37ac061: Download complete
277d15438afd: Verifying Checksum
277d15438afd: Download complete
55532a0f3a10: Verifying Checksum
55532a0f3a10: Download complete
42a9b224ccc3: Waiting
bc32744f8d53: Waiting
277c936d6510: Waiting
83ef26c8a016: Waiting
5f872c48c8docker: write /var/lib/docker/tmp/docker: write /var/lib/docker/tmp/GetImageBlob2550422176: no space left on device.
See 'docker run --help'.
