Unable to find image 'n132/arvo:1468-vul' locally
1468-vul: Pulling from n132/arvo
d16fc20e681d: Already exists
63f1c4e4b781: Already exists
fb4d3bb1280c: Already exists
8038895a6c2e: Already exists
43fa392d948c: Already exists
acb324eaf143: Already exists
2d869ded115f: Already exists
33f51ca5dba0: Already exists
2e24ca0e8f73: Already exists
fcd73e9b9751: Already exists
240423bcfba4: Already exists
d5077c143141: Already exists
2d5a31a2dd25: Already exists
c655debf496a: Already exists
de9124ff0e0f: Already exists
b435c0a1cf5d: Pulling fs layer
012227e9d912: Pulling fs layer
5b9aefbc01f3: Pulling fs layer
2397d275f15b: Pulling fs layer
63d2f0860f49: Pulling fs layer
10a71acef1f8: Pulling fs layer
eb2e34c6a6a6: Pulling fs layer
012227e9d912: Waiting
c83e0e88d7d2: Pulling fs layer
b435c0a1cf5d: Waiting
3722044f987b: Pulling fs layer
b14abfa0e4d2: Pulling fs layer
f334f668bc9c: Pulling fs layer
10a71acef1f8: Waiting
640a52f64bff: Pulling fs layer
10f3ebdd5220: Pulling fs layer
eb2e34c6a6a6: Waiting
5b9aefbc01f3: Waiting
2397d275f15b: Waiting
050ae3faf11c: Pulling fs layer
3722044f987b: Waiting
c83e0e88d7d2: Waiting
b3a6497330c8: Pulling fs layer
ca94c1a0179c: Pulling fs layer
63d2f0860f49: Waiting
5713eee20c8b: Pulling fs layer
f334f668bc9c: Waiting
640a52f64bff: Waiting
b14abfa0e4d2: Waiting
12836e66d1ad: Pulling fs layer
993cdfc878e1: Pulling fs layer
050ae3faf11c: Waiting
5713eee20c8b: Waiting
ca94c1a0179c: Waiting
cd3949303105: Pulling fs layer
12836e66d1ad: Waiting
c3002638ab77: Pulling fs layer
cd3949303105: Waiting
0aaca5b27b9f: Pulling fs layer
f383c605703b: Pulling fs layer
d9efe7545ac7: Pulling fs layer
0aaca5b27b9f: Waiting
53b8ba7ee190: Pulling fs layer
a7fc8d9453a0: Pulling fs layer
d9efe7545ac7: Waiting
60de754aa2dd: Pulling fs layer
6020ff6d39ca: Pulling fs layer
e13c68949673: Pulling fs layer
6020ff6d39ca: Waiting
6f891e6967f3: Pulling fs layer
9dfd066b5b1c: Pulling fs layer
e13c68949673: Waiting
a7fc8d9453a0: Waiting
73c5726095fd: Pulling fs layer
982381fd1c21: Pulling fs layer
286ba3bd75f9: Pulling fs layer
9dfd066b5b1c: Waiting
73c5726095fd: Waiting
a2f0fb0d6c2b: Pulling fs layer
3f95364688b7: Pulling fs layer
286ba3bd75f9: Waiting
6f891e6967f3: Waiting
3f95364688b7: Waiting
b435c0a1cf5d: Verifying Checksum
b435c0a1cf5d: Download complete
012227e9d912: Verifying Checksum
012227e9d912: Download complete
5b9aefbc01f3: Verifying Checksum
5b9aefbc01f3: Download complete
10f3ebdd5220: Waiting
b3a6497330c8: Waiting
993cdfc878e1: Waiting
c3002638ab77: Waiting
f383c605703b: Waiting
53b8ba7ee190: Waiting
60de754aa2dd: Waiting
982381fd1c21: Waiting
a2f0fb0d6c2b: Waiting
docker: write /var/lib/docker/tmp/GetImageBlob1351349549: no space left on device.
See 'docker run --help'.
