Unable to find image 'n132/arvo:46194-vul' locally
46194-vul: Pulling from n132/arvo
4d32b49e2995: Already exists
0372169c5ac9: Already exists
73292b01e9e9: Already exists
cf811841d42c: Pulling fs layer
74f6483844ca: Pulling fs layer
b4b1fbf886d2: Pulling fs layer
216fadc2b38a: Pulling fs layer
cf811841d42c: Waiting
ff14114eb81b: Pulling fs layer
36204639bce9: Pulling fs layer
307231a72c6b: Pulling fs layer
267b318202ff: Pulling fs layer
13dd41c18be3: Pulling fs layer
216fadc2b38a: Waiting
a32e666759b5: Pulling fs layer
74f6483844ca: Waiting
bed8fffbe8d8: Pulling fs layer
d7c792a57aa2: Pulling fs layer
7f3d20816be2: Pulling fs layer
307231a72c6b: Waiting
ff14114eb81b: Waiting
66b98c33bace: Pulling fs layer
174f77217014: Pulling fs layer
36204639bce9: Waiting
b4b1fbf886d2: Waiting
a32e666759b5: Waiting
a18477932cfb: Pulling fs layer
267b318202ff: Waiting
13dd41c18be3: Waiting
f5ff9cf06d4e: Pulling fs layer
7f3d20816be2: Waiting
bed8fffbe8d8: Waiting
66b98c33bace: Waiting
d7c792a57aa2: Waiting
174f77217014: Waiting
a18477932cfb: Waiting
0181c67e3b78: Pulling fs layer
f4fcafbebd45: Pulling fs layer
f5ff9cf06d4e: Waiting
e5369f51d39c: Pulling fs layer
0181c67e3b78: Waiting
f4fcafbebd45: Waiting
6e193c94b95d: Pulling fs layer
67c80f73112d: Pulling fs layer
2e9243e6e2f5: Pulling fs layer
64c047334650: Pulling fs layer
e5369f51d39c: Waiting
6e193c94b95d: Waiting
2e9243e6e2f5: Waiting
4702eba0e4dc: Pulling fs layer
a8977884d9cb: Pulling fs layer
2be8976bf1e6: Pulling fs layer
876c453dee3e: Pulling fs layer
64c047334650: Waiting
b58ffb3097bb: Pulling fs layer
3a8869b0eb92: Pulling fs layer
4702eba0e4dc: Waiting
414fcd85c19e: Pulling fs layer
2be8976bf1e6: Waiting
26ec152059e0: Pulling fs layer
e3f3bc748f8f: Pulling fs layer
f1d7ac474fae: Pulling fs layer
dbe93f928e74: Pulling fs layer
71cd3cbbd160: Pulling fs layer
876c453dee3e: Waiting
459956930506: Pulling fs layer
4ce50527a10c: Pulling fs layer
6773f2a9f7fb: Pulling fs layer
f6268fb08c5c: Pulling fs layer
414fcd85c19e: Waiting
899f1c01e583: Pulling fs layer
b47dad4574bd: Pulling fs layer
e3f3bc748f8f: Waiting
8fd7e5bfc0e7: Pulling fs layer
71cd3cbbd160: Waiting
dbe93f928e74: Waiting
6773f2a9f7fb: Waiting
b58ffb3097bb: Waiting
4ce50527a10c: Waiting
f6268fb08c5c: Waiting
899f1c01e583: Waiting
a8977884d9cb: Waiting
f1d7ac474fae: Waiting
26ec152059e0: Waiting
3a8869b0eb92: Waiting
b47dad4574bd: Waiting
cf811841d42c: Verifying Checksum
cf811841d42c: Download complete
b4b1fbf886d2: Download complete
74f6483844ca: Verifying Checksum
74f6483844ca: Download complete
ff14114eb81b: Verifying Checksum
ff14114eb81b: Download complete
cf811841d42c: Pull complete
74f6483844ca: Pull complete
b4b1fbf886d2: Pull complete
36204639bce9: Download complete
307231a72c6b: Verifying Checksum
307231a72c6b: Download complete
267b318202ff: Verifying Checksum
267b318202ff: Download complete
216fadc2b38a: Verifying Checksum
216fadc2b38a: Download complete
a32e666759b5: Verifying Checksum
a32e666759b5: Download complete
13dd41c18be3: Verifying Checksum
13dd41c18be3: Download complete
d7c792a57aa2: Verifying Checksum
d7c792a57aa2: Download complete
bed8fffbe8d8: Verifying Checksum
bed8fffbe8d8: Download complete
7f3d20816be2: Download complete
66b98c33bace: Verifying Checksum
66b98c33bace: Download complete
a18477932cfb: Verifying Checksum
a18477932cfb: Download complete
174f77217014: Verifying Checksum
174f77217014: Download complete
f5ff9cf06d4e: Verifying Checksum
f5ff9cf06d4e: Download complete
0181c67e3b78: Download complete
f4fcafbebd45: Download complete
67c80f73112d: Waiting
459956930506: Waiting
8fd7e5bfc0e7: Waiting
docker: failed to register layer: write /usr/local/lib/LLVMgold.so: no space left on device.
See 'docker run --help'.
