Unable to find image 'n132/arvo:8596-vul' locally
8596-vul: Pulling from n132/arvo
297061f60c36: Already exists
e9ccef17b516: Already exists
dbc33716854d: Already exists
8fe36b178d25: Already exists
686596545a94: Already exists
1524b83a9ffb: Already exists
a57a1981f1c3: Already exists
869af9d797ab: Already exists
a5ca79036aa0: Pulling fs layer
569aee00a013: Pulling fs layer
62366290f4a0: Pulling fs layer
9981975630fc: Pulling fs layer
b0f8b1fd03a7: Pulling fs layer
0347aff43da0: Pulling fs layer
b8dc3dc7a501: Pulling fs layer
7a52e4a0d59b: Pulling fs layer
2ec4cd1e71a1: Pulling fs layer
a20c1d7b1333: Pulling fs layer
62366290f4a0: Download complete
521c6d58b669: Pulling fs layer
0b0fd625c575: Pulling fs layer
21b15a8a93cd: Pulling fs layer
38a6a0dc4b05: Pulling fs layer
7982a2313ec3: Pulling fs layer
7a52e4a0d59b: Waiting
b0f8b1fd03a7: Waiting
521c6d58b669: Waiting
0347aff43da0: Waiting
a51a074559ef: Pulling fs layer
b8dc3dc7a501: Waiting
2ec4cd1e71a1: Waiting
9981975630fc: Download complete
b5e2ae9a67be: Pulling fs layer
569aee00a013: Download complete
a20c1d7b1333: Waiting
21b15a8a93cd: Waiting
432510f6d4eb: Pulling fs layer
7982a2313ec3: Waiting
a51a074559ef: Waiting
38a6a0dc4b05: Waiting
0b0fd625c575: Waiting
586413f899fd: Pulling fs layer
432510f6d4eb: Waiting
b5e2ae9a67be: Waiting
749a984f249f: Pulling fs layer
04a2bcbb1e76: Pulling fs layer
586413f899fd: Waiting
749a984f249f: Waiting
8b315dd83b48: Pulling fs layer
40e68d5589e5: Pulling fs layer
04a2bcbb1e76: Waiting
8b315dd83b48: Waiting
26caad112b41: Pulling fs layer
40e68d5589e5: Waiting
eb2a2cf200f7: Pulling fs layer
26caad112b41: Waiting
de213036ee17: Pulling fs layer
d65e249babf7: Pulling fs layer
e25fed150f30: Pulling fs layer
eb2a2cf200f7: Waiting
cf8c297c46c7: Pulling fs layer
fc857e9b4997: Pulling fs layer
4f4fb700ef54: Pulling fs layer
d65e249babf7: Waiting
d9b145d8965f: Pulling fs layer
de213036ee17: Waiting
8f842386f72e: Pulling fs layer
cf8c297c46c7: Waiting
e25fed150f30: Waiting
fc857e9b4997: Waiting
9e94b3ccf79c: Pulling fs layer
d9b145d8965f: Waiting
4f4fb700ef54: Waiting
9e94b3ccf79c: Waiting
8f842386f72e: Waiting
a5ca79036aa0: Download complete
b0f8b1fd03a7: Verifying Checksum
b0f8b1fd03a7: Download complete
0347aff43da0: Verifying Checksum
0347aff43da0: Download complete
b8dc3dc7a501: Verifying Checksum
b8dc3dc7a501: Download complete
7a52e4a0d59b: Download complete
a5ca79036aa0: Pull complete
569aee00a013: Pull complete
62366290f4a0: Pull complete
9981975630fc: Pull complete
b0f8b1fd03a7: Pull complete
0347aff43da0: Pull complete
b8dc3dc7a501: Pull complete
7a52e4a0d59b: Pull complete
a20c1d7b1333: Verifying Checksum
a20c1d7b1333: Download complete
2ec4cd1e71a1: Verifying Checksum
2ec4cd1e71a1: Download complete
521c6d58b669: Verifying Checksum
521c6d58b669: Download complete
21b15a8a93cd: Verifying Checksum
21b15a8a93cd: Download complete
38a6a0dc4b05: Verifying Checksum
38a6a0dc4b05: Download complete
7982a2313ec3: Verifying Checksum
7982a2313ec3: Download complete
2ec4cd1e71a1: Pull complete
a20c1d7b1333: Pull complete
a51a074559ef: Verifying Checksum
a51a074559ef: Download complete
b5e2ae9a67be: Verifying Checksum
b5e2ae9a67be: Download complete
0b0fd625c575: Verifying Checksum
0b0fd625c575: Download complete
432510f6d4eb: Verifying Checksum
432510f6d4eb: Download complete
749a984f249f: Download complete
04a2bcbb1e76: Download complete
586413f899fd: Download complete
40e68d5589e5: Verifying Checksum
40e68d5589e5: Download complete
8b315dd83b48: Verifying Checksum
8b315dd83b48: Download complete
26caad112b41: Verifying Checksum
26caad112b41: Download complete
eb2a2cf200f7: Verifying Checksum
eb2a2cf200f7: Download complete
521c6d58b669: Pull complete
d65e249babf7: Verifying Checksum
d65e249babf7: Download complete
de213036ee17: Verifying Checksum
de213036ee17: Download complete
e25fed150f30: Verifying Checksum
e25fed150f30: Download complete
fc857e9b4997: Download complete
cf8c297c46c7: Verifying Checksum
cf8c297c46c7: Download complete
d9b145d8965f: Verifying Checksum
d9b145d8965f: Download complete
4f4fb700ef54: Verifying Checksum
4f4fb700ef54: Download complete
9e94b3ccf79c: Download complete
docker: write /var/lib/docker/tmp/GetImageBlob2242794003: no space left on device.
See 'docker run --help'.
f7: Download complete
de213036ee17: Verifying Checksum
de213036ee17: Download complete
e25fed150f30: Verifying Checksum
e25fed150f30: Download complete
fc857e9b4997: Verifying Checksum
fc857e9b4997: Download complete
cf8c297c46c7: Verifying Checksum
cf8c297c46c7: Download complete
d9b145d8965f: Verifying Checksum
d9b145d8965f: Download complete
4f4fb700ef54: Download complete
9e94b3ccf79c: Download complete
docker: write /var/lib/docker/tmp/GetImageBlob2242794003: no space left on device.
See 'docker run --help'.
