Unable to find image 'n132/arvo:58661-vul' locally
58661-vul: Pulling from n132/arvo
7608715873ec: Already exists
d2441503c741: Pulling fs layer
87643c45ece3: Pulling fs layer
a3ba46bd74cd: Pulling fs layer
95b53798ecfa: Pulling fs layer
98f96117894c: Pulling fs layer
d9f4a3bf7dda: Pulling fs layer
9f6b8881eb09: Pulling fs layer
7d2dfe42f93e: Pulling fs layer
a3ba46bd74cd: Waiting
b425e664d57b: Pulling fs layer
98f96117894c: Waiting
a0750263fd7a: Pulling fs layer
95b53798ecfa: Waiting
7b0c50e50d0a: Pulling fs layer
3809459039a8: Pulling fs layer
d2441503c741: Waiting
be57ef777757: Pulling fs layer
d9f4a3bf7dda: Waiting
87643c45ece3: Waiting
7d2dfe42f93e: Waiting
a0750263fd7a: Waiting
e3a683ed2dd1: Pulling fs layer
1acee6b599e3: Pulling fs layer
22d89a8b5878: Pulling fs layer
e244c210e763: Pulling fs layer
9f6b8881eb09: Waiting
d8a1e9977c4a: Pulling fs layer
7bb05aa33484: Pulling fs layer
b425e664d57b: Waiting
857a8f20c2f8: Pulling fs layer
e3a683ed2dd1: Waiting
3809459039a8: Waiting
3adf31b36783: Pulling fs layer
7b0c50e50d0a: Waiting
43769a0615b5: Pulling fs layer
be57ef777757: Waiting
e244c210e763: Waiting
21a11fda87a0: Pulling fs layer
1acee6b599e3: Waiting
d29cb1bf97aa: Pulling fs layer
22d89a8b5878: Waiting
72b82b25af28: Pulling fs layer
857a8f20c2f8: Waiting
732c7657a508: Pulling fs layer
96718f4b9d8f: Pulling fs layer
9bd76856c2aa: Pulling fs layer
969ac3bb13d5: Pulling fs layer
a612a5c0e2af: Pulling fs layer
f7d55fd56a2b: Pulling fs layer
689c8e07afd4: Pulling fs layer
4063843a18a4: Pulling fs layer
7748bbda4dd2: Pulling fs layer
b0dad0c500ac: Pulling fs layer
d8a1e9977c4a: Waiting
1bcd6ebcc118: Pulling fs layer
b4b63708cccc: Pulling fs layer
9bd76856c2aa: Waiting
8a64d877de92: Pulling fs layer
3adf31b36783: Waiting
516fb38e17d5: Pulling fs layer
43769a0615b5: Waiting
7bb05aa33484: Waiting
210f88889955: Pulling fs layer
72b82b25af28: Waiting
6b56d94f3682: Pulling fs layer
21a11fda87a0: Waiting
732c7657a508: Waiting
3bf0fc939f72: Pulling fs layer
d29cb1bf97aa: Waiting
83f1b14d986a: Pulling fs layer
96718f4b9d8f: Waiting
26a564b9179d: Pulling fs layer
b0dad0c500ac: Waiting
f7d55fd56a2b: Waiting
509688c740cb: Pulling fs layer
689c8e07afd4: Waiting
969ac3bb13d5: Waiting
4063843a18a4: Waiting
a612a5c0e2af: Waiting
7748bbda4dd2: Waiting
210f88889955: Waiting
56a8677e357a: Pulling fs layer
3bf0fc939f72: Waiting
6b56d94f3682: Waiting
80beb2dfbb97: Pulling fs layer
26a564b9179d: Waiting
e17a8d20b9bd: Pulling fs layer
83f1b14d986a: Waiting
56a8677e357a: Waiting
3da49134d04e: Pulling fs layer
80beb2dfbb97: Waiting
509688c740cb: Waiting
b4b63708cccc: Waiting
1bcd6ebcc118: Waiting
3ffb5ce2eb6e: Pulling fs layer
8a64d877de92: Waiting
e17a8d20b9bd: Waiting
516fb38e17d5: Waiting
3f949683726e: Pulling fs layer
3da49134d04e: Waiting
9ea1e26da6b9: Pulling fs layer
ac510bcf0a6d: Pulling fs layer
9b66afef2bd5: Pulling fs layer
3f949683726e: Waiting
2f3cef019b70: Pulling fs layer
3ffb5ce2eb6e: Waiting
4bccfc432013: Pulling fs layer
ec094677d64e: Pulling fs layer
ac510bcf0a6d: Waiting
2f3cef019b70: Waiting
4bccfc432013: Waiting
4f4fb700ef54: Pulling fs layer
9ea1e26da6b9: Waiting
3875472f406a: Pulling fs la87643c45ece3: Verifying Checksum
87643c45ece3: Download complete
d2441503c741: Verifying Checksum
d2441503c741: Download complete
a3ba46bd74cd: Verifying Checksum
a3ba46bd74cd: Download complete
95b53798ecfa: Download complete
98f96117894c: Download complete
9f6b8881eb09: Download complete
d2441503c741: Pull complete
87643c45ece3: Pull complete
7d2dfe42f93e: Verifying Checksum
7d2dfe42f93e: Download complete
a3ba46bd74cd: Pull complete
95b53798ecfa: Pull complete
98f96117894c: Pull complete
d9f4a3bf7dda: Verifying Checksum
d9f4a3bf7dda: Download complete
a0750263fd7a: Verifying Checksum
a0750263fd7a: Download complete
7b0c50e50d0a: Download complete
b425e664d57b: Verifying Checksum
b425e664d57b: Download complete
be57ef777757: Verifying Checksum
be57ef777757: Download complete
3809459039a8: Verifying Checksum
3809459039a8: Download complete
e3a683ed2dd1: Verifying Checksum
e3a683ed2dd1: Download complete
1acee6b599e3: Verifying Checksum
1acee6b599e3: Download complete
22d89a8b5878: Verifying Checksum
22d89a8b5878: Download complete
e244c210e763: Verifying Checksum
e244c210e763: Download complete
d9f4a3bf7dda: Pull complete
9f6b8881eb09: Pull complete
7d2dfe42f93e: Pull complete
d8a1e9977c4a: Verifying Checksum
d8a1e9977c4a: Download complete
857a8f20c2f8: Download complete
3adf31b36783: Download complete
7bb05aa33484: Download complete
43769a0615b5: Download complete
b425e664d57b: Pull complete
21a11fda87a0: Verifying Checksum
21a11fda87a0: Download complete
72b82b25af28: Verifying Checksum
732c7657a508: Download complete
d29cb1bf97aa: Verifying Checksum
d29cb1bf97aa: Download complete
a0750263fd7a: Pull complete
7b0c50e50d0a: Pull complete
3809459039a8: Pull complete
be57ef777757: Pull complete
e3a683ed2dd1: Pull complete
1acee6b599e3: Pull complete
22d89a8b5878: Pull complete
e244c210e763: Pull complete
d8a1e9977c4a: Pull complete
7bb05aa33484: Pull complete
857a8f20c2f8: Pull complete
3adf31b36783: Pull complete
43769a0615b5: Pull complete
21a11fda87a0: Pull complete
d29cb1bf97aa: Pull complete
72b82b25af28: Pull complete
96718f4b9d8f: Verifying Checksum
96718f4b9d8f: Download complete
732c7657a508: Pull complete
969ac3bb13d5: Verifying Checksum
969ac3bb13d5: Download complete
a612a5c0e2af: Verifying Checksum
a612a5c0e2af: Download complete
9bd76856c2aa: Download complete
f7d55fd56a2b: Download complete
4063843a18a4: Verifying Checksum
4063843a18a4: Download complete
689c8e07afd4: Download complete
7748bbda4dd2: Verifying Checksum
7748bbda4dd2: Download complete
b0dad0c500ac: Download complete
1bcd6ebcc118: Verifying Checksum
1bcd6ebcc118: Download complete
b4b63708cccc: Verifying Checksum
516fb38e17d5: Verifying Checksum
516fb38e17d5: Download complete
8a64d877de92: Verifying Checksum
8a64d877de92: Download complete
96718f4b9d8f: Pull complete
9bd76856c2aa: Pull complete
6b56d94f3682: Verifying Checksum
6b56d94f3682: Download complete
3bf0fc939f72: Verifying Checksum
3bf0fc939f72: Download complete
83f1b14d986a: Download complete
210f88889955: Download complete
509688c740cb: Verifying Checksum
509688c740cb: Download complete
80beb2dfbb97: Verifying Checksum
80beb2dfbb97: Download complete
26a564b9179d: Download complete
3da49134d04e: Download complete
969ac3bb13d5: Pull complete
e17a8d20b9bd: Verifying Checksum
e17a8d20b9bd: Download complete
56a8677e357a: Verifying Checksum
56a8677e357a: Download complete
3f949683726e: Verifying Checksum
3f949683726e: Download complete
9ea1e26da6b9: Download complete
ac510bcf0a6d: Verifying Checksum
ac510bcf0a6d: Download complete
9b66afef2bd5: Verifying Checksum
9b66afef2bd5: Download complete
ec094677d64e: Download complete
4bccfc432013: Verifying Checksum
4bccfc432013: Download complete
3875472f406a: Download complete
4f4fb700ef54: Verifying Checksum
4f4fb700ef54: Download complete
10a757b861c4: Verifying Checksum
10a757b861c4: Download complete
2f3cef019b70: Download complete
b4b63708cccc: Download complete
docker: write /var/lib/docker/tmp/GetImageBlob769594803: no space left on device.
See 'docker run --help'.
0ef54: Download complete
10a757b861c4: Verifying Checksum
10a757b861c4: Download complete
docker: write /var/lib/docker/tmp/GetImageBlob769594803: no space left on device.
See 'docker run --help'.
