Unable to find image 'n132/arvo:48429-vul' locally
48429-vul: Pulling from n132/arvo
d7bfe07ed847: Pulling fs layer
3dd93ef8ffd9: Pulling fs layer
790f9d0a0dce: Pulling fs layer
11cd3f144815: Pulling fs layer
aca768540b99: Pulling fs layer
d7bfe07ed847: Waiting
35b1312e159e: Pulling fs layer
4d0ca8b7e228: Pulling fs layer
3dd93ef8ffd9: Waiting
790f9d0a0dce: Waiting
414fd4239a5b: Pulling fs layer
35b1312e159e: Waiting
134292459dc2: Pulling fs layer
3e879b680f74: Pulling fs layer
aca768540b99: Waiting
4d0ca8b7e228: Waiting
134292459dc2: Waiting
4e3ee7259875: Pulling fs layer
179bd47227be: Pulling fs layer
414fd4239a5b: Waiting
4e3ee7259875: Waiting
662cb2cd82c8: Pulling fs layer
3e879b680f74: Waiting
2b2061b7cfc8: Pulling fs layer
179bd47227be: Waiting
09a8db6460fc: Pulling fs layer
662cb2cd82c8: Waiting
2b2061b7cfc8: Waiting
35013daf344c: Pulling fs layer
09a8db6460fc: Waiting
e30bb79aa736: Pulling fs layer
a40f0e6334a1: Pulling fs layer
2040f9a72d25: Pulling fs layer
5b9b7d46044b: Pulling fs layer
281dec0535bb: Pulling fs layer
2040f9a72d25: Waiting
5da4306d17df: Pulling fs layer
5b9b7d46044b: Waiting
dd9225820a04: Pulling fs layer
a7cc05ddb3e3: Pulling fs layer
281dec0535bb: Waiting
af850ccbf533: Pulling fs layer
dd9225820a04: Waiting
edf7efda9f19: Pulling fs layer
a7cc05ddb3e3: Waiting
af850ccbf533: Waiting
997d31779a0b: Pulling fs layer
edf7efda9f19: Waiting
e072eab68f98: Pulling fs layer
f8dac7a3516c: Pulling fs layer
6cc15af46f9f: Pulling fs layer
e072eab68f98: Waiting
997d31779a0b: Waiting
a4d4f760d359: Pulling fs layer
6cc15af46f9f: Waiting
e35fff147c95: Pulling fs layer
8fa3ea5ece3e: Pulling fs layer
d8bbb36d1d57: Pulling fs layer
e35fff147c95: Waiting
f8dac7a3516c: Waiting
077549ad1e59: Pulling fs layer
8fa3ea5ece3e: Waiting
d9abf1b3bef7: Pulling fs layer
d8bbb36d1d57: Waiting
077549ad1e59: Waiting
5f7d5ffc9d42: Pulling fs layer
c5a2f2cda840: Pulling fs layer
d9abf1b3bef7: Waiting
51f4bd412d70: Pulling fs layer
89f3807c503a: Pulling fs layer
51f4bd412d70: Waiting
bc0d1d6fa7ec: Pulling fs layer
89f3807c503a: Waiting
f190d793764a: Pulling fs layer
2698388c541f: Pulling fs layer
c594b1b58fbb: Pulling fs layer
2698388c541f: Waiting
00e9746b893e: Pulling fs layer
20ee0a04840b: Pulling fs layer
c594b1b58fbb: Waiting
20ee0a04840b: Waiting
d7bfe07ed847: Verifying Checksum
d7bfe07ed847: Download complete
790f9d0a0dce: Download complete
3dd93ef8ffd9: Verifying Checksum
3dd93ef8ffd9: Download complete
d7bfe07ed847: Pull complete
11cd3f144815: Verifying Checksum
11cd3f144815: Download complete
35b1312e159e: Download complete
aca768540b99: Verifying Checksum
aca768540b99: Download complete
3dd93ef8ffd9: Pull complete
790f9d0a0dce: Pull complete
414fd4239a5b: Download complete
11cd3f144815: Pull complete
aca768540b99: Pull complete
35b1312e159e: Pull complete
134292459dc2: Verifying Checksum
134292459dc2: Download complete
4d0ca8b7e228: Verifying Checksum
4d0ca8b7e228: Download complete
4e3ee7259875: Verifying Checksum
4e3ee7259875: Download complete
3e879b680f74: Verifying Checksum
3e879b680f74: Download complete
179bd47227be: Download complete
2b2061b7cfc8: Verifying Checksum
2b2061b7cfc8: Download complete
662cb2cd82c8: Verifying Checksum
662cb2cd82c8: Download complete
09a8db6460fc: Verifying Checksum
09a8db6460fc: Download complete
35013daf344c: Verifying Checksum
35013daf344c: Download complete
a40f0e6334a1: Verifying Checksum
a40f0e6334a1: Download complete
e30bb79aa736: Download complete
2040f9a72d25: Download complete
281dec0535bb: Download complete
5da4306d17df: Download complete
5b9b7d46044b: Verifying Checksum
5b9b7d46044b: Download complete
a7cc05ddb3e3: Download complete
4d0ca8b7e228: Pull complete
414fd4239a5b: Pull complete
af850ccbf533: Verifying Checksum
af850ccbf533: Download complete
edf7efda9f19: Verifying Checksum
edf7efda9f19: Download complete
134292459dc2: Pull complete
dd9225820a04: Verifying Checksum
dd9225820a04: Download complete
997d31779a0b: Verifying Checksum
997d31779a0b: Download complete
f8dac7a3516c: Verifying Checksum
f8dac7a3516c: Download complete
6cc15af46f9f: Verifying Checksum
6cc15af46f9f: Download complete
e072eab68f98: Verifying Checksum
e072eab68f98: Download complete
e35fff147c95: Verifying Checksum
e35fff147c95: Download complete
8fa3ea5ece3e: Verifying Checksum
8fa3ea5ece3e: Download complete
a4d4f760d359: Verifying Checksum
a4d4f760d359: Download complete
d8bbb36d1d57: Download complete
077549ad1e59: Verifying Checksum
077549ad1e59: Download complete
3e879b680f74: Pull complete
4e3ee7259875: Pull complete
179bd47227be: Pull complete
5f7d5ffc9d42: Verifying Checksum
5f7d5ffc9d42: Download complete
662cb2cd82c8: Pull complete
2b2061b7cfc8: Pull complete
09a8db6460fc: Pull complete
35013daf344c: Pull complete
e30bb79aa736: Pull complete
a40f0e6334a1: Pull complete
2040f9a72d25: Pull complete
5b9b7d46044b: Pull complete
281dec0535bb: Pull complete
5da4306d17df: Pull complete
d9abf1b3bef7: Verifying Checksum
d9abf1b3bef7: Download complete
c5a2f2cda840: Verifying Checksum
c5a2f2cda840: Download complete
51f4bd412d70: Download complete
89f3807c503a: Verifying Checksum
89f3807c503a: Download complete
bc0d1d6fa7ec: Verifying Checksum
bc0d1d6fa7ec: Download complete
2698388c541f: Verifying Checksum
2698388c541f: Download complete
c594b1b58fbb: Download complete
f190d793764a: Verifying Checksum
f190d793764a: Download complete
20ee0a04840b: Verifying Checksum
20ee0a04840b: Download complete
docker: write /var/lib/docker/tmp/GetImageBlob1430612540: no space left on device.
See 'docker run --help'.
