Unable to find image 'n132/arvo:59828-vul' locally
59828-vul: Pulling from n132/arvo
7608715873ec: Already exists
e2bcde7c9d10: Pulling fs layer
f90f7c5514c2: Pulling fs layer
e2bcde7c9d10: Waiting
c030bfa0b4be: Pulling fs layer
f90f7c5514c2: Waiting
88f88a6d928e: Pulling fs layer
dc0578ef7395: Pulling fs layer
d5505516a2c8: Pulling fs layer
c030bfa0b4be: Waiting
0e34efc6ee36: Pulling fs layer
88f88a6d928e: Waiting
dc0578ef7395: Waiting
7c324d10fbef: Pulling fs layer
0e34efc6ee36: Waiting
d5505516a2c8: Waiting
7c324d10fbef: Waiting
a172e49a4bfc: Pulling fs layer
f8a4d0229f3d: Pulling fs layer
a172e49a4bfc: Waiting
e9a488085094: Pulling fs layer
f8a4d0229f3d: Waiting
a49863a798af: Pulling fs layer
e9a488085094: Waiting
3abbc75b51dc: Pulling fs layer
a49863a798af: Waiting
b0e3611ad6ae: Pulling fs layer
3abbc75b51dc: Waiting
86f6d81932f7: Pulling fs layer
2b7672e0185d: Pulling fs layer
47b1e404afb7: Pulling fs layer
86f6d81932f7: Waiting
d5d231817a31: Pulling fs layer
a9bad22b92eb: Pulling fs layer
7f0c9076deb0: Pulling fs layer
9cdbb5120618: Pulling fs layer
d5d231817a31: Waiting
7f0c9076deb0: Waiting
1f8a633ad4a3: Pulling fs layer
9cdbb5120618: Waiting
6ff1c9aeb37b: Pulling fs layer
1f8a633ad4a3: Waiting
d36d82ef34f6: Pulling fs layer
1971e12960e2: Pulling fs layer
d36d82ef34f6: Waiting
940879a7e014: Pulling fs layer
1971e12960e2: Waiting
be3aa9bf119d: Pulling fs layer
940879a7e014: Waiting
aafdf85bba18: Pulling fs layer
7f1d5361158b: Pulling fs layer
aafdf85bba18: Waiting
7f1d5361158b: Waiting
67dfb0951bab: Pulling fs layer
e0d4cdc63839: Pulling fs layer
67dfb0951bab: Waiting
8d06b16fc273: Pulling fs layer
e0d4cdc63839: Waiting
fb01f2a57b48: Pulling fs layer
a5f127dc79c2: Pulling fs layer
8d06b16fc273: Waiting
fb01f2a57b48: Waiting
81cae76a56de: Pulling fs layer
963d5758e179: Pulling fs layer
1653c98602de: Pulling fs layer
81cae76a56de: Waiting
1b5c694ec3bf: Pulling fs layer
963d5758e179: Waiting
f4e27c12c1bb: Pulling fs layer
1653c98602de: Waiting
498221d50b12: Pulling fs layer
fb2fc58ab33a: Pulling fs layer
1b5c694ec3bf: Waiting
4b5c63c18b99: Pulling fs layer
498221d50b12: Waiting
fb2fc58ab33a: Waiting
03f124283759: Pulling fs layer
50c9ff72684c: Pulling fs layer
766b36bc0fe1: Pulling fs layer
4b5c63c18b99: Waiting
d78e79aea2a7: Pulling fs layer
f4e27c12c1bb: Waiting
03f124283759: Waiting
b7a3e11cedbe: Pulling fs layer
50c9ff72684c: Waiting
766b36bc0fe1: Waiting
6177f6a5b370: Pulling fs layer
b7a3e11cedbe: Waiting
6500af5bae49: Pulling fs layer
6177f6a5b370: Waiting
6500af5bae49: Waiting
f90f7c5514c2: Verifying Checksum
f90f7c5514c2: Download complete
e2bcde7c9d10: Verifying Checksum
e2bcde7c9d10: Download complete
c030bfa0b4be: Verifying Checksum
c030bfa0b4be: Download complete
dc0578ef7395: Verifying Checksum
dc0578ef7395: Download complete
88f88a6d928e: Verifying Checksum
88f88a6d928e: Download complete
0e34efc6ee36: Download complete
7c324d10fbef: Download complete
e2bcde7c9d10: Pull complete
f90f7c5514c2: Pull complete
c030bfa0b4be: Pull complete
88f88a6d928e: Pull complete
dc0578ef7395: Pull complete
a172e49a4bfc: Verifying Checksum
a172e49a4bfc: Download complete
d5505516a2c8: Verifying Checksum
d5505516a2c8: Download complete
e9a488085094: Verifying Checksum
e9a488085094: Download complete
f8a4d0229f3d: Verifying Checksum
f8a4d0229f3d: Download complete
a49863a798af: Verifying Checksum
a49863a798af: Download complete
3abbc75b51dc: Download complete
86f6d81932f7: Verifying Checksum
86f6d81932f7: Download complete
b0e3611ad6ae: Verifying Checksum
b0e3611ad6ae: Download complete
2b7672e0185d: Verifying Checksum
2b7672e0185d: Download complete
47b1e404afb7: Download complete
a9bad22b92eb: Verifying Checksum
7f0c9076deb0: Verifying Checksum
7f0c9076deb0: Download complete
d5d231817a31: Verifying Checksum
d5d231817a31: Download complete
9cdbb5120618: Verifying Checksum
9cdbb5120618: Download complete
1f8a633ad4a3: Verifying Checksum
1f8a633ad4a3: Download complete
6ff1c9aeb37b: Verifying Checksum
6ff1c9aeb37b: Download complete
d36d82ef34f6: Download complete
1971e12960e2: Verifying Checksum
1971e12960e2: Download complete
940879a7e014: Verifying Checksum
940879a7e014: Download complete
aafdf85bba18: Verifying Checksum
aafdf85bba18: Download complete
d5505516a2c8: Pull complete
0e34efc6ee36: Pull complete
7c324d10fbef: Pull complete
be3aa9bf119d: Verifying Checksum
be3aa9bf119d: Download complete
67dfb0951bab: Verifying Checksum
67dfb0951bab: Download complete
a5f127dc79c2: Waiting
d78e79aea2a7: Waiting
a9bad22b92eb: Download complete
docker: write /var/lib/docker/tmp/GetImageBlob1654711780: no space left on device.
See 'docker run --help'.
