Unable to find image 'n132/arvo:30744-vul' locally
30744-vul: Pulling from n132/arvo
4007a89234b4: Pulling fs layer
5dfa26c6b9c9: Pulling fs layer
0ba7bf18aa40: Pulling fs layer
4007a89234b4: Waiting
4c6ec688ebe3: Pulling fs layer
5dfa26c6b9c9: Waiting
aec4b0e74fec: Pulling fs layer
4c6ec688ebe3: Waiting
0ba7bf18aa40: Waiting
666c66fe15d7: Pulling fs layer
1c446f8ee06c: Pulling fs layer
666c66fe15d7: Waiting
bb46bfedc9e7: Pulling fs layer
057ea9073f33: Pulling fs layer
1c446f8ee06c: Waiting
29ff25a8b8b4: Pulling fs layer
50e7afcb1772: Pulling fs layer
bb46bfedc9e7: Waiting
4feca38fc621: Pulling fs layer
50e7afcb1772: Waiting
48fb7c5c2ad2: Pulling fs layer
4feca38fc621: Waiting
2360ec56e394: Pulling fs layer
88d9f5f6431e: Pulling fs layer
48b78ce35253: Pulling fs layer
2360ec56e394: Waiting
88d9f5f6431e: Waiting
73d2fa03a1ae: Pulling fs layer
48b78ce35253: Waiting
d016b617a22a: Pulling fs layer
73d2fa03a1ae: Waiting
a0050de6d1ea: Pulling fs layer
d016b617a22a: Waiting
0bb794772427: Pulling fs layer
3966ab5c7350: Pulling fs layer
0bb794772427: Waiting
802d16ea49f2: Pulling fs layer
6d3cf4bbd12c: Pulling fs layer
3966ab5c7350: Waiting
4c5219588fae: Pulling fs layer
6d3cf4bbd12c: Waiting
ffab4fb93243: Pulling fs layer
ec83b898d0b5: Pulling fs layer
e3b7385b4e7a: Pulling fs layer
cd9fbf4afeec: Pulling fs layer
ec83b898d0b5: Waiting
ffab4fb93243: Waiting
e3b7385b4e7a: Waiting
e4a22eeb4798: Pulling fs layer
6dbd10ac5e3b: Pulling fs layer
e4a22eeb4798: Waiting
3b50e940509f: Pulling fs layer
e07ef6bb7799: Pulling fs layer
6dbd10ac5e3b: Waiting
3b50e940509f: Waiting
93af11ecf3d7: Pulling fs layer
f02d727e4cdd: Pulling fs layer
ab9fd0e4c2c8: Pulling fs layer
b9f3f4c2b651: Pulling fs layer
f02d727e4cdd: Waiting
71f2fccc581a: Pulling fs layer
aeae12f536fa: Pulling fs layer
ab9fd0e4c2c8: Waiting
b9f3f4c2b651: Waiting
d7b723da7973: Pulling fs layer
71f2fccc581a: Waiting
4b107bf0eabc: Pulling fs layer
aeae12f536fa: Waiting
d7b723da7973: Waiting
da2bd6e53220: Pulling fs layer
4b107bf0eabc: Waiting
da2401def215: Pulling fs layer
b96156e2df83: Pulling fs layer
da2401def215: Waiting
48e083cabbac: Pulling fs layer
3b96afc4bd28: Pulling fs layer
300064ebbffe: Pulling fs layer
086c448df9de: Pulling fs layer
3b96afc4bd28: Waiting
300064ebbffe: Waiting
48e083cabbac: Waiting
3c5a395c17b1: Pulling fs layer
30221dadc6d1: Pulling fs layer
3c5a395c17b1: Waiting
246cb1d839a4: Pulling fs layer
ed0def4e727e: Pulling fs layer
246cb1d839a4: Waiting
6d5d9ed08c12: Pulling fs layer
ed0def4e727e: Waiting
6d5d9ed08c12: Waiting
4007a89234b4: Download complete
5dfa26c6b9c9: Verifying Checksum
5dfa26c6b9c9: Download complete
0ba7bf18aa40: Download complete
4c6ec688ebe3: Download complete
4007a89234b4: Pull complete
5dfa26c6b9c9: Pull complete
0ba7bf18aa40: Pull complete
4c6ec688ebe3: Pull complete
057ea9073f33: Waiting
29ff25a8b8b4: Waiting
48fb7c5c2ad2: Waiting
a0050de6d1ea: Waiting
802d16ea49f2: Waiting
4c5219588fae: Waiting
cd9fbf4afeec: Waiting
e07ef6bb7799: Waiting
93af11ecf3d7: Waiting
da2bd6e53220: Waiting
b96156e2df83: Waiting
086c448df9de: Waiting
30221dadc6d1: Waiting
docker: write /var/lib/docker/tmp/GetImageBlob2122593749: no space left on device.
See 'docker run --help'.
