Unable to find image 'n132/arvo:26821-vul' locally
26821-vul: Pulling from n132/arvo
2c11b7cecaa5: Already exists
04637fa56252: Already exists
d6e6af23a0f3: Already exists
b4a424de92ad: Already exists
370c5f36eeb1: Pulling fs layer
386afa7ea2a8: Pulling fs layer
c9c6b1175ffd: Pulling fs layer
f0d403200454: Pulling fs layer
b620c429de65: Pulling fs layer
82d00f7ac458: Pulling fs layer
0e5d862a5fba: Pulling fs layer
8996ec7a16d9: Pulling fs layer
f9ae4bc86d1c: Pulling fs layer
f0d403200454: Waiting
ab1aa6a70879: Pulling fs layer
65e7e0f3f774: Pulling fs layer
c9c6b1175ffd: Waiting
b620c429de65: Waiting
192732ad961d: Pulling fs layer
82d00f7ac458: Waiting
1e6121f3abb0: Pulling fs layer
472133d754ee: Pulling fs layer
8996ec7a16d9: Waiting
72fcae6810f1: Pulling fs layer
ab1aa6a70879: Waiting
10137796ee35: Pulling fs layer
0e5d862a5fba: Waiting
4658792d193e: Pulling fs layer
190ccbcc8847: Pulling fs layer
192732ad961d: Waiting
10137796ee35: Waiting
59ae779c194b: Pulling fs layer
1e6121f3abb0: Waiting
72fcae6810f1: Waiting
661a1ff0e584: Pulling fs layer
386afa7ea2a8: Waiting
8e4538726699: Pulling fs layer
91f11a58b7a6: Pulling fs layer
190ccbcc8847: Waiting
dda75953af61: Pulling fs layer
bfdc0703ba61: Pulling fs layer
4658792d193e: Waiting
90d721c30cf0: Pulling fs layer
606ffde30217: Pulling fs layer
65e7e0f3f774: Waiting
661a1ff0e584: Waiting
304c18d98889: Pulling fs layer
8e4538726699: Waiting
dda75953af61: Waiting
2ad1c81566ec: Pulling fs layer
6d68ca58cef4: Pulling fs layer
90d721c30cf0: Waiting
bfdc0703ba61: Waiting
d6dfac231486: Pulling fs layer
8ee507fde44b: Pulling fs layer
d3fed625507b: Pulling fs layer
d6dfac231486: Waiting
6d68ca58cef4: Waiting
0ed216ce804c: Pulling fs layer
d3fed625507b: Waiting
feb905122f0f: Pulling fs layer
184a635c0f80: Pulling fs layer
0ed216ce804c: Waiting
59ae779c194b: Waiting
feb905122f0f: Waiting
323b4bd60d42: Pulling fs layer
47701e523a5c: Pulling fs layer
184a635c0f80: Waiting
aa30aab9f99c: Pulling fs layer
7fe88fa57c0e: Pulling fs layer
52e382f98431: Pulling fs layer
9e455e12dcd1: Pulling fs layer
47701e523a5c: Waiting
aa30aab9f99c: Waiting
7a9f66e58580: Pulling fs layer
caa21f4b85fe: Pulling fs layer
dc7541579d7f: Pulling fs layer
0382f5128879: Pulling fs layer
76758c40af2d: Pulling fs layer
6d164b93f1b2: Pulling fs layer
dc7541579d7f: Waiting
caa21f4b85fe: Waiting
304c18d98889: Waiting
76758c40af2d: Waiting
0382f5128879: Waiting
6d164b93f1b2: Waiting
7a9f66e58580: Waiting
7fe88fa57c0e: Waiting
370c5f36eeb1: Verifying Checksum
370c5f36eeb1: Download complete
386afa7ea2a8: Verifying Checksum
386afa7ea2a8: Download complete
370c5f36eeb1: Pull complete
386afa7ea2a8: Pull complete
c9c6b1175ffd: Verifying Checksum
c9c6b1175ffd: Download complete
f0d403200454: Verifying Checksum
f0d403200454: Download complete
c9c6b1175ffd: Pull complete
f0d403200454: Pull complete
82d00f7ac458: Verifying Checksum
82d00f7ac458: Download complete
8996ec7a16d9: Verifying Checksum
8996ec7a16d9: Download complete
f9ae4bc86d1c: Verifying Checksum
f9ae4bc86d1c: Download complete
ab1aa6a70879: Verifying Checksum
ab1aa6a70879: Download complete
0e5d862a5fba: Verifying Checksum
0e5d862a5fba: Download complete
65e7e0f3f774: Verifying Checksum
65e7e0f3f774: Download complete
b620c429de65: Verifying Checksum
b620c429de65: Download complete
472133d754ee: Verifying Checksum
472133d754ee: Download complete
1e6121f3abb0: Verifying Checksum
1e6121f3abb0: Download complete
192732ad961d: Verifying Checksum
192732ad961d: Download complete
10137796ee35: Verifying Checksum
10137796ee35: Download complete
4658792d193e: Verifying Checksum
4658792d193e: Download complete
190ccbcc8847: Verifying Checksum
190ccbcc8847: Download complete
59ae779c194b: Verifying Checksum
59ae779c194b: Download complete
661a1ff0e584: Verifying Checksum
661a1ff0e584: Download complete
72fcae6810f1: Verifying Checksum
72fcae6810f1: Download complete
8e4538726699: Verifying Checksum
8e4538726699: Download complete
bfdc0703ba61: Verifying Checksum
bfdc0703ba61: Download complete
dda75953af61: Verifying Checksum
dda75953af61: Download complete
90d721c30cf0: Verifying Checksum
90d721c30cf0: Download complete
91f11a58b7a6: Verifying Checksum
91f11a58b7a6: Download complete
606ffde30217: Verifying Checksum
606ffde30217: Download complete
6d68ca58cef4: Verifying Checksum
6d68ca58cef4: Download complete
2ad1c81566ec: Verifying Checksum
2ad1c81566ec: Download complete
304c18d98889: Verifying Checksum
304c18d98889: Download complete
8ee507fde44b: Verifying Checksum
8ee507fde44b: Download complete
d6dfac231486: Verifying Checksum
d6dfac231486: Download complete
d3fed625507b: Verifying Checksum
d3fed625507b: Download complete
feb905122f0f: Verifying Checksum
feb905122f0f: Download complete
0ed216ce804c: Verifying Checksum
0ed216ce804c: Download complete
184a635c0f80: Verifying Checksum
184a635c0f80: Download complete
47701e523a5c: Verifying Checksum
47701e523a5c: Download complete
323b4bd60d42: Verifying Checksum
323b4bd60d42: Download complete
aa30aab9f99c: Verifying Checksum
aa30aab9f99c: Download complete
52e382f98431: Verifying Checksum
52e382f98431: Download complete
9e455e12dcd1: Verifying Checksum
9e455e12dcd1: Download complete
caa21f4b85fe: Verifying Checksum
caa21f4b85fe: Download complete
7a9f66e58580: Verifying Checksum
7a9f66e58580: Download complete
7fe88fa57c0e: Verifying Checksum
7fe88fa57c0e: Download complete
b620c429de65: Pull complete
82d00f7ac458: Pull complete
dc7541579d7f: Verifying Checksum
dc7541579d7f: Download complete
0382f5128879: Download complete
6d164b93f1b2: Verifying Checksum
6d164b93f1b2: Download complete
0e5d862a5fba: Pull complete
8996ec7a16d9: Pull complete
f9ae4bc86d1c: Pull complete
ab1aa6a70879: Pull complete
65e7e0f3f774: Pull complete
docker: write /var/lib/docker/tmp/GetImageBlob951371125: no space left on device.
See 'docker run --help'.
