Unable to find image 'n132/arvo:21956-vul' locally
21956-vul: Pulling from n132/arvo
3386e6af03b0: Pulling fs layer
49ac0bbe6c8e: Pulling fs layer
d1983a67e104: Pulling fs layer
49ac0bbe6c8e: Waiting
3386e6af03b0: Waiting
1a0f3a523f04: Pulling fs layer
73c5426d06aa: Pulling fs layer
fa7611375f71: Pulling fs layer
cfbeaae4f211: Pulling fs layer
42371f50a4fa: Pulling fs layer
cfbeaae4f211: Waiting
d1983a67e104: Waiting
1a0f3a523f04: Waiting
73c5426d06aa: Waiting
fa7611375f71: Waiting
42371f50a4fa: Waiting
d03027ec3c94: Pulling fs layer
c7d96356120a: Pulling fs layer
6c28d33bde9b: Pulling fs layer
d03027ec3c94: Waiting
c7d96356120a: Waiting
f52300c66b5f: Pulling fs layer
df8ecd39b0e7: Pulling fs layer
9454a074fc30: Pulling fs layer
df8ecd39b0e7: Waiting
f52300c66b5f: Waiting
6c28d33bde9b: Waiting
47fed183f2ed: Pulling fs layer
9454a074fc30: Waiting
e96eecbbb562: Pulling fs layer
0b0cc7417213: Pulling fs layer
47fed183f2ed: Waiting
e96eecbbb562: Waiting
8e81c9530cd8: Pulling fs layer
0b0cc7417213: Waiting
4445fbb6820d: Pulling fs layer
8e81c9530cd8: Waiting
8f1a3969422b: Pulling fs layer
4445fbb6820d: Waiting
8f1a3969422b: Waiting
3e6f87cba13b: Pulling fs layer
14b1f97ee945: Pulling fs layer
fa67e7d58ded: Pulling fs layer
87f145cc7079: Pulling fs layer
4fb8eaf52d26: Pulling fs layer
7d505cba861f: Pulling fs layer
60451cb3438c: Pulling fs layer
e21958df352d: Pulling fs layer
95d2cdb05ba0: Pulling fs layer
d768ecc4d8fc: Pulling fs layer
951356b02c19: Pulling fs layer
0714f32282f7: Pulling fs layer
7b3c0f909839: Pulling fs layer
6020eb4fe1ec: Pulling fs layer
e800e9087637: Pulling fs layer
bd47bdd2292b: Pulling fs layer
4fddaf3ce14b: Pulling fs layer
2d6ee5d54c81: Pulling fs layer
dfbde635c6d5: Pulling fs layer
b3c7bc04aa90: Pulling fs layer
346847151eb9: Pulling fs layer
ce81092feac3: Pulling fs layer
d31b64f0648b: Pulling fs layer
2de779a06cf2: Pulling fs layer
5408f3066943: Pulling fs layer
a72231a5da7b: Pulling fs layer
9a32d1554d89: Pulling fs layer
5a91fdae7a45: Pulling fs layer
4f4fb700ef54: Pulling fs layer
8a0640f3a6c1: Pulling fs layer
09f3865c8735: Pulling fs layer
0371680dc534: Pulling fs layer
0371680dc534: Waiting
3e6f87cba13b: Waiting
14b1f97ee945: Waiting
fa67e7d58ded: Waiting
87f145cc7079: Waiting
4fb8eaf52d26: Waiting
7d505cba861f: Waiting
60451cb3438c: Waiting
e21958df352d: Waiting
95d2cdb05ba0: Waiting
d768ecc4d8fc: Waiting
951356b02c19: Waiting
0714f32282f7: Waiting
7b3c0f909839: Waiting
6020eb4fe1ec: Waiting
e800e9087637: Waiting
bd47bdd2292b: Waiting
4fddaf3ce14b: Waiting
2d6ee5d54c81: Waiting
dfbde635c6d5: Waiting
b3c7bc04aa90: Waiting
346847151eb9: Waiting
ce81092feac3: Waiting
d31b64f0648b: Waiting
2de779a06cf2: Waiting
3386e6af03b0: Download complete
49ac0bbe6c8e: Verifying Checksum
49ac0bbe6c8e: Download complete
d1983a67e104: Verifying Checksum
d1983a67e104: Download complete
1a0f3a523f04: Download complete
3386e6af03b0: Pull complete
49ac0bbe6c8e: Pull complete
d1983a67e104: Pull complete
1a0f3a523f04: Pull complete
73c5426d06aa: Verifying Checksum
73c5426d06aa: Download complete
cfbeaae4f211: Download complete
fa7611375f71: Download complete
d03027ec3c94: Download complete
73c5426d06aa: Pull complete
fa7611375f71: Pull complete
cfbeaae4f211: Pull complete
c7d96356120a: Verifying Checksum
c7d96356120a: Download complete
42371f50a4fa: Download complete
6c28d33bde9b: Download complete
df8ecd39b0e7: Verifying Checksum
df8ecd39b0e7: Download complete
9454a074fc30: Verifying Checksum
9454a074fc30: Download complete
47fed183f2ed: Download complete
e96eecbbb562: Verifying Checksum
e96eecbbb562: Download complete
f52300c66b5f: Verifying Checksum
f52300c66b5f: Download complete
0b0cc7417213: Verifying Checksum
0b0cc7417213: Download complete
8e81c9530cd8: Verifying Checksum
8e81c9530cd8: Download complete
8f1a3969422b: Verifying Checksum
8f1a3969422b: Download complete
4445fbb6820d: Download complete
3e6f87cba13b: Verifying Checksum
3e6f87cba13b: Download complete
42371f50a4fa: Pull complete
d03027ec3c94: Pull complete
c7d96356120a: Pull complete
6c28d33bde9b: Pull complete
f52300c66b5f: Pull complete
df8ecd39b0e7: Pull complete
9454a074fc30: Pull complete
47fed183f2ed: Pull complete
e96eecbbb562: Pull complete
0b0cc7417213: Pull complete
8e81c9530cd8: Pull complete
4445fbb6820d: Pull complete
8f1a3969422b: Pull complete
3e6f87cba13b: Pull complete
fa67e7d58ded: Verifying Checksum
fa67e7d58ded: Download complete
14b1f97ee945: Verifying Checksum
14b1f97ee945: Download complete
87f145cc7079: Verifying Checksum
87f145cc7079: Download complete
14b1f97ee945: Pull complete
fa67e7d58ded: Pull complete
4fb8eaf52d26: Verifying Checksum
4fb8eaf52d26: Download complete
87f145cc7079: Pull complete
60451cb3438c: Verifying Checksum
60451cb3438c: Download complete
7d505cba861f: Verifying Checksum
7d505cba861f: Download complete
e21958df352d: Download complete
d768ecc4d8fc: Verifying Checksum
d768ecc4d8fc: Download complete
95d2cdb05ba0: Verifying Checksum
95d2cdb05ba0: Download complete
951356b02c19: Verifying Checksum
951356b02c19: Download951356b02c0714f32282f7: Download complete
7b3c0f909839: Download complete
6020eb4fe1ec: Verifying Checksum
6020eb4fe1ec: Download complete
e800e9087637: Verifying Checksum
e800e9087637: Download complete
4fddaf3ce14b: Verifying Checksum
4fdVerifying CDownload4fddaf3ce12d6ee5d54c81: Verifying Checksum
2d6ee5d54c81: Download complete
dfbde635c6d5: Verifying Checksum
dfbde635c6d5: Download complete
bd47bdd2292b: Download complete
b3c7bc04aa90: Download complete
ce81092feac3: Verifying Checksum
ce81092feac3: Download complete
346847151eb9: Verifying Checksum
346847151eb9: Download complete
d31b64f0648b: Verifying Checksum
d31b64f0648b: Download complete
2de779a06cf2: Verifying Checksum
2de779a06cf2: Download complete
a72231a5da7b: Verifying Checksum
a72231a5da7b: Download complete
4fb8eaf52d26: Pull complete
9a32d1554d89: Verifying Checksum
9a32d1554d89: Download complete
5a91fdae7a45: Verifying Checksum
5a91fdae7a45: Download complete
4f4fb700ef54: Download complete
7d505cba861f: Pull complete
8a0640f3a6c1: Verifying Checksum
8a0640f3a6c1: Download complete
60451cb3438c: Pull complete
e21958df352d: Pull complete
95d2cdb05ba0: Pull complete
d768ecc4d8fc: Pull complete
951356b02c19: Pull complete
0714f32282f7: Pull complete
7b3c0f909839: Pull complete
6020eb4fe1ec: Pull complete
e800e9087637: Pull complete
bd47bdd2292b: Pull complete
4fddaf3ce14b: Pull complete
2d6ee5d54c81: Pull complete
dfbde635c6d5: Pull complete
b3c7bc04aa90: Pull complete
346847151eb9: Pull complete
ce81092feac3: Pull complete
5408f3066943: Verifying Checksum
5408f3066943: Download complete
0371680dc534: Verifying Checksum
0371680dc534: Download complete
d31b64f0648b: Pull complete
2de779a06cf2: Pull complete
5408f3066943: Pull complete
a72231a5da7b: Pull complete
9a32d1554d89: Pull complete
5a91fdae7a45: Pull complete
4f4fb700ef54: Pull complete
8a0640f3a6c1: Pull complete
09f3865c8735: Verifying Checksum
09f3865c8735: Download complete
docker: failed to regidocker: failed to register layer: write /out/coder_PNG_fuzzer: no space left on device.
See 'docker run --help'.
