Unable to find image 'n132/arvo:58120-vul' locally
58120-vul: Pulling from n132/arvo
7608715873ec: Already exists
ae415db10c28: Pulling fs layer
3df13df25856: Pulling fs layer
2e457be5f03c: Pulling fs layer
4e1301d90f76: Pulling fs layer
cd4786088128: Pulling fs layer
ae415db10c28: Waiting
9a946082a692: Pulling fs layer
2a318a3aa03b: Pulling fs layer
1de558139cc2: Pulling fs layer
2e457be5f03c: Waiting
83a20d8eda58: Pulling fs layer
3df13df25856: Waiting
cd4786088128: Waiting
4e1301d90f76: Waiting
2a318a3aa03b: Waiting
2e3807511e7e: Pulling fs layer
1de558139cc2: Waiting
9a946082a692: Waiting
c9e20853cafe: Pulling fs layer
83a20d8eda58: Waiting
2e3807511e7e: Waiting
ab59ea540597: Pulling fs layer
c9e20853cafe: Waiting
6f45af67343c: Pulling fs layer
11000a987582: Pulling fs layer
40682065444e: Pulling fs layer
398f064d2c69: Pulling fs layer
ab59ea540597: Waiting
953a5601ef6d: Pulling fs layer
11000a987582: Waiting
f2dbd038a2fb: Pulling fs layer
6f45af67343c: Waiting
398f064d2c69: Waiting
bca17f8a8a29: Pulling fs layer
40682065444e: Waiting
c720cd58b82f: Pulling fs layer
953a5601ef6d: Waiting
efdf886b6476: Pulling fs layer
f2dbd038a2fb: Waiting
bca17f8a8a29: Waiting
53024431fae2: Pulling fs layer
c720cd58b82f: Waiting
4497c79db972: Pulling fs layer
efdf886b6476: Waiting
c13dd88defb2: Pulling fs layer
53024431fae2: Waiting
2a3b0439d56f: Pulling fs layer
4497c79db972: Waiting
e57864ae8143: Pulling fs layer
c13dd88defb2: Waiting
2a3b0439d56f: Waiting
a4a120846a3f: Pulling fs layer
f72d40d0b3e6: Pulling fs layer
e57864ae8143: Waiting
c1ed19c425f5: Pulling fs layer
a4a120846a3f: Waiting
442b8a8d8d83: Pulling fs layer
f72d40d0b3e6: Waiting
c1ed19c425f5: Waiting
466a5b414e4b: Pulling fs layer
08dbbefdd961: Pulling fs layer
9a97bd9dbea7: Pulling fs layer
466a5b414e4b: Waiting
08dbbefdd961: Waiting
9173691f07ef: Pulling fs layer
1b44b9ba3d2f: Pulling fs layer
dae7d51066af: Pulling fs layer
9173691f07ef: Waiting
f16e77c2c942: Pulling fs layer
9a97bd9dbea7: Waiting
1b44b9ba3d2f: Waiting
dae7d51066af: Waiting
5d5cbd5d10ed: Pulling fs layer
f16e77c2c942: Waiting
9d8d926eb065: Pulling fs layer
5d5cbd5d10ed: Waiting
640db1d82985: Pulling fs layer
8d9e12910cd5: Pulling fs layer
57da1485db6c: Pulling fs layer
6b2a05bb37bb: Pulling fs layer
8d9e12910cd5: Waiting
57da1485db6c: Waiting
3eac9985110e: Pulling fs layer
640db1d82985: Waiting
6b2a05bb37bb: Waiting
73b1f71a9ae9: Pulling fs layer
f53b0f9a9655: Pulling fs layer
73b1f71a9ae9: Waiting
e87da5cbee14: Pulling fs layer
bfcf519908f7: Pulling fs layer
51d3bd53daa7: Pulling fs layer
bfcf519908f7: Waiting
51d3bd53daa7: Waiting
3df13df25856: Download complete
ae415db10c28: Verifying Checksum
ae415db10c28: Download complete
2e457be5f03c: Verifying Checksum
2e457be5f03c: Download complete
ae415db10c28: Pull complete
3df13df25856: Pull complete
cd4786088128: Verifying Checksum
cd4786088128: Download complete
2e457be5f03c: Pull complete
4e1301d90f76: Download complete
4e1301d90f76: Pull complete
cd4786088128: Pull complete
9a946082a692: Verifying Checksum
9a946082a692: Download complete
1de558139cc2: Download complete
2a318a3aa03b: Download complete
83a20d8eda58: Verifying Checksum
83a20d8eda58: Download complete
c9e20853cafe: Verifying Checksum
c9e20853cafe: Download complete
ab59ea540597: Verifying Checksum
ab59ea540597: Download complete
6f45af67343c: Verifying Checksum
6f45af67343c: Download complete
11000a987582: Verifying Checksum
11000a987582: Download complete
2e3807511e7e: Verifying Checksum
2e3807511e7e: Download complete
398f064d2c69: Download complete
40682065444e: Download complete
953a5601ef6d: Verifying Checksum
953a5601ef6d: Download complete
9a946082a692: Pull complete
2a318a3aa03b: Pull complete
1de558139cc2: Pull complete
bca17f8a8a29: Download complete
c720cd58b82f: Download complete
efdf886b6476: Verifying Checksum
efdf886b6476: Download complete
f2dbd038a2fb: Download complete
53024431fae2: Verifying Checksum
53024431fae2: Download complete
4497c79db972: Download complete
c13dd88defb2: Download complete
2a3b0439d56f: Download complete
e57864ae8143: Download complete
83a20d8eda58: Pull complete
2e3807511e7e: Pull complete
c9e20853cafe: Pull complete
ab59ea540597: Pull complete
6f45af67343c: Pull complete
11000a987582: Pull complete
40682065444e: Pull complete
398f064d2c69: Pull complete
953a5601ef6d: Pull complete
f2dbd038a2fb: Pull complete
bca17f8a8a29: Pull complete
c720cd58b82f: Pull complete
efdf886b6476: Pull complete
53024431fae2: Pull complete
4497c79db972: Pull complete
c13dd88defb2: Pull complete
2a3b0439d56f: Pull complete
e57864ae8143: Pull complete
f72d40d0b3e6: Verifying Checksum
f72d40d0b3e6: Download complete
a4a120846a3f: Verifying Checksum
a4a120846a3f: Download complete
c1ed19c425f5: Verifying Checksum
c1ed19c425f5: Download complete
442b8a8d8d83: Download complete
08dbbefdd961: Verifying Checksum
08dbbefdd961: Download complete
466a5b414e4b: Verifying Checksum
466a5b414e4b: Download complete
9a97bd9dbea7: Verifying Checksum
9a97bd9dbea7: Download complete
1b44b9ba3d2f: Verifying Checksum
1b44b9ba3d2f: Download complete
a4a120846a3f: Pull complete
f72d40d0b3e6: Pull complete
dae7d51066af: Verifying Checksum
dae7d51066af: Download complete
f16e77c2c942: Download complete
5d5cbd5d10ed: Verifying Checksum
5d5cbd5d10ed: Download complete
9d8d926eb065: Verifying Checksum
9d8d926eb065: Download complete
640db1d82985: Verifying Checksum
640db1d82985: Download complete
8d9e12910cd5: Download complete
57da1485db6c: Verifying Checksum
57da1485db6c: Download complete
6b2a05bb37bb: Verifying Checksum
6b2a05bb37bb: Download complete
3eac9985110e: Verifying Checksum
3eac9985110e: Download complete
e87da5cbee14: Download complete
f53b0f9a9655: Download complete
51d3bd53daa7: Verifying Checksum
51d3bd53daa7: Download complete
c1ed19c425f5: Pull complete
442b8a8d8d83: Pull complete
466a5b414e4b: Pull complete
08dbbefdd961: Pull complete
9a97bd9dbea7: Pull complete
docker: write /var/lib/docker/tmp/GetImageBlob990174219: no space left on device.
See 'docker run --help'.
