Unable to find image 'n132/arvo:63090-vul' locally
63090-vul: Pulling from n132/arvo
7608715873ec: Already exists
7a6fb64bbddc: Pulling fs layer
40cb9ed18c8e: Pulling fs layer
1e1f8e7cd29d: Pulling fs layer
c6b815875d06: Pulling fs layer
47159b548a93: Pulling fs layer
037d1a3ff5d1: Pulling fs layer
7a6fb64bbddc: Waiting
0e0bbcf6a384: Pulling fs layer
0319480abea7: Pulling fs layer
40cb9ed18c8e: Waiting
367068d13bc6: Pulling fs layer
c8d7cfbaa190: Pulling fs layer
c4d4823cab8a: Pulling fs layer
1e1f8e7cd29d: Waiting
60da9451a13c: Pulling fs layer
c6b815875d06: Waiting
d66a22fb8853: Pulling fs layer
037d1a3ff5d1: Waiting
18588d234dd3: Pulling fs layer
0e0bbcf6a384: Waiting
0319480abea7: Waiting
d66d47d04176: Pulling fs layer
bdc278742aba: Pulling fs layer
c4d4823cab8a: Waiting
367068d13bc6: Waiting
66c95331b0ec: Pulling fs layer
60da9451a13c: Waiting
d66a22fb8853: Waiting
c8d7cfbaa190: Waiting
ac59a9edd0e7: Pulling fs layer
18588d234dd3: Waiting
6343a3667c5d: Pulling fs layer
d66d47d04176: Waiting
66c95331b0ec: Waiting
bdc278742aba: Waiting
3e572c4768ff: Pulling fs layer
6343a3667c5d: Waiting
cd8af4ec1e16: Pulling fs layer
108e28d2c1fb: Pulling fs layer
09cdd25ca2bd: Pulling fs layer
e2a1acfa12f8: Pulling fs layer
108e28d2c1fb: Waiting
09cdd25ca2bd: Waiting
cd8af4ec1e16: Waiting
a80b6ffa30b4: Pulling fs layer
227a7ada6d70: Pulling fs layer
60f79a13ad8e: Pulling fs layer
97c538113066: Pulling fs layer
e2a1acfa12f8: Waiting
8e13f51e6611: Pulling fs layer
a80b6ffa30b4: Waiting
e876ac7573a9: Pulling fs layer
83b348a6dbb5: Pulling fs layer
227a7ada6d70: Waiting
e876ac7573a9: Waiting
8e13f51e6611: Waiting
eb87c6c928de: Pulling fs layer
d759a696d960: Pulling fs layer
fd234047e6b5: Pulling fs layer
917a6d31674e: Pulling fs layer
6bb8622abcf0: Pulling fs layer
83b348a6dbb5: Waiting
fd234047e6b5: Waiting
feeca2625e5d: Pulling fs layer
93b8dea35dba: Pulling fs layer
398e759a5f25: Pulling fs layer
feeca2625e5d: Waiting
6bb8622abcf0: Waiting
54b1085ba91c: Pulling fs layer
93b8dea35dba: Waiting
398e759a5f25: Waiting
38173d66fa28: Pulling fs layer
57501ec53556: Pulling fs layer
38173d66fa28: Waiting
5b6d65684204: Pulling fs layer
57501ec53556: Waiting
08f14983b5b2: Pulling fs layer
d25ac93dbab2: Pulling fs layer
5b6d65684204: Waiting
72fdf71f89eb: Pulling fs layer
08f14983b5b2: Waiting
e259b712e9cf: Pulling fs layer
d25ac93dbab2: Waiting
0369c26d6f04: Pulling fs layer
e259b712e9cf: Waiting
b9a9afbec525: Pulling fs layer
0369c26d6f04: Waiting
2277b6d01d3b: Pulling fs layer
ff91b0d2a846: Pulling fs layer
b9a9afbec525: Waiting
2277b6d01d3b: Waiting
6d4393fac856: Pulling fs layer
ff91b0d2a846: Waiting
6d4393fac856: Waiting
47159b548a93: Waiting
ac59a9edd0e7: Waiting
3e572c4768ff: Waiting
60f79a13ad8e: Waiting
97c538113066: Waiting
eb87c6c928de: Waiting
d759a696d960: Waiting
917a6d31674e: Waiting
54b1085ba91c: Waiting
72fdf71f89eb: Waiting
docker: write /var/lib/docker/tmp/GetImageBlob2195997589: no space left on device.
See 'docker run --help'.
