Unable to find image 'n132/arvo:16135-vul' locally
16135-vul: Pulling from n132/arvo
f7277927d38a: Already exists
8d3eac894db4: Already exists
edf72af6d627: Already exists
3e4f86211d23: Already exists
dabe3be6573e: Pulling fs layer
d494f8ad10a5: Pulling fs layer
4261eb839d4a: Pulling fs layer
af56862a5a93: Pulling fs layer
dabe3be6573e: Waiting
ad7b298cb27a: Pulling fs layer
2a63a3b0cd84: Pulling fs layer
4261eb839d4a: Waiting
d494f8ad10a5: Waiting
eea4492c34ee: Pulling fs layer
235a194ce1ea: Pulling fs layer
591e60e7ff8b: Pulling fs layer
af56862a5a93: Waiting
ba7bb6f4dadd: Pulling fs layer
fdadbb2fea70: Pulling fs layer
162dba7df534: Pulling fs layer
00adb6c02552: Pulling fs layer
19d1b706bd8a: Pulling fs layer
aa6e00c0ddb1: Pulling fs layer
c0321b5ffb18: Pulling fs layer
c65757bfa33a: Pulling fs layer
8ea264456dc3: Pulling fs layer
591e60e7ff8b: Waiting
7da1589d0e9c: Pulling fs layer
8dedd5b79d47: Pulling fs layer
32b6b372ebd2: Pulling fs layer
82c66d3fdb38: Pulling fs layer
6fa43ef0ae9f: Pulling fs layer
162dba7df534: Waiting
0a8be7278a35: Pulling fs layer
3bd88bed7ffb: Pulling fs layer
235a194ce1ea: Waiting
a7276674d52d: Pulling fs layer
463a25c150dc: Pulling fs layer
8d17540cbb90: Pulling fs layer
a94f330ebdd2: Pulling fs layer
b36a54224d08: Pulling fs layer
4d6a37fd6fe0: Pulling fs layer
892868775be7: Pulling fs layer
2a63a3b0cd84: Waiting
ba7bb6f4dadd: Waiting
8ac9da93d5f0: Pulling fs layer
feb91ac79971: Pulling fs layer
fdadbb2fea70: Waiting
c0321b5ffb18: Waiting
d7a34d07427a: Pulling fs layer
caf7daf8d5dd: Pulling fs layer
c65757bfa33a: Waiting
19d1b706bd8a: Waiting
8dedd5b79d47: Waiting
cfd5a80bf2f6: Pulling fs layer
5b9e4efc4a7e: Pulling fs layer
11db744104bf: Pulling fs layer
c6fb90c236bb: Pulling fs layer
3dfe5129e98a: Pulling fs layer
00adb6c02552: Waiting
03ae3339835b: Pulling fs layer
aa6e00c0ddb1: Waiting
9dba5d0f420b: Pulling fs layer
b9b51649d06d: Pulling fs layer
aed4c53007ed: Pulling fs layer
9b061d360daa: Pulling fs layer
7da1589d0e9c: Waiting
5d1357db8b6b: Pulling fs layer
1b18fe350f4d: Pulling fs layer
7991293c94c6: Pulling fs layer
3bd88bed7ffb: Waiting
a7276674d52d: Waiting
463a25c150dc: Waiting
6fa43ef0ae9f: Waiting
c6fb90c236bb: Waiting
8d17540cbb90: Waiting
82c66d3fdb38: Waiting
0a8be7278a35: Waiting
b36a54224d08: Waiting
03ae3339835b: Waiting
8ac9da93d5f0: Waiting
feb91ac79971: Waiting
4d6a37fd6fe0: Waiting
892868775be7: Waiting
cfd5a80bf2f6: Waiting
d7a34d07427a: Waiting
11db744104bf: Waiting
7991293c94c6: Waiting
5b9e4efc4a7e: Waiting
caf7daf8d5dd: Waiting
b9b51649d06d: Waiting
1b18fe350f4d: Waiting
5d1357db8b6b: Waiting
9b061d360daa: Waiting
a94f330ebdd2: Waiting
aed4c53007ed: Waiting
3dfe5129e98a: Waiting
dabe3be6573e: Verifying Checksum
dabe3be6573e: Download complete
d494f8ad10a5: Download complete
4261eb839d4a: Verifying Checksum
4261eb839d4a: Download complete
ad7b298cb27a: Waiting
eea4492c34ee: Waiting
8ea264456dc3: Waiting
32b6b372ebd2: Waiting
9dba5d0f420b: Waiting
docker: write /var/lib/docker/tmp/GetImageBlob3594092674: no space left on device.
See 'docker run --help'.
