Unable to find image 'n132/arvo:47899-vul' locally
47899-vul: Pulling from n132/arvo
e0b25ef51634: Already exists
5aaae36b1c95: Already exists
8fb38c236c54: Already exists
62f19361d5d5: Already exists
18304fb608a0: Already exists
710b39f6b0a8: Already exists
28e11756d48d: Already exists
4f295184a171: Already exists
d2de25ab57be: Already exists
05882302f719: Already exists
8f6b9883a571: Already exists
6f2a91b24c0e: Already exists
58b766b3cee4: Already exists
6c2bcc283c4e: Already exists
7c22bccf26d3: Already exists
1d55592fc188: Already exists
d74f64e67ee0: Already exists
9654a679143e: Already exists
9b45e19898d0: Already exists
1b68cfdc7a8c: Already exists
4e8aa1c23274: Already exists
3e494f3076a2: Already exists
934ec5fb10ef: Pulling fs layer
6c3fb9b07f65: Pulling fs layer
1bfc4eb957a5: Pulling fs layer
5ac445feed4f: Pulling fs layer
56bd86bc8a56: Pulling fs layer
a6b8cadfe106: Pulling fs layer
1357361823a0: Pulling fs layer
2b4f600d984a: Pulling fs layer
274c4b7c4593: Pulling fs layer
fcf41ae9d87b: Pulling fs layer
934ec5fb10ef: Waiting
1d307ee064fd: Pulling fs layer
1bfc4eb957a5: Waiting
f63834e64648: Pulling fs layer
5ac445feed4f: Waiting
6c3fb9b07f65: Waiting
976f841db270: Pulling fs layer
a6b8cadfe106: Waiting
1da94773f584: Pulling fs layer
2b4f600d984a: Waiting
1357361823a0: Waiting
274c4b7c4593: Waiting
9b470ce4b06c: Pulling fs layer
976f841db270: Waiting
f63834e64648: Waiting
1da94773f584: Waiting
6caa32a21626: Pulling fs layer
1d307ee064fd: Waiting
d93e92c9b26b: Pulling fs layer
c7e56f248182: Pulling fs layer
c3789198df85: Pulling fs layer
27667b0b6907: Pulling fs layer
d93e92c9b26b: Waiting
c7e56f248182: Waiting
c3789198df85: Waiting
b9cf3be7a3ad: Pulling fs layer
18bebbd0800e: Pulling fs layer
56bd86bc8a56: Waiting
089817a2a447: Pulling fs layer
7740748db6d8: Pulling fs layer
9b470ce4b06c: Waiting
7740748db6d8: Waiting
18bebbd0800e: Waiting
6c3fb9b07f65: Download complete
934ec5fb10ef: Verifying Checksum
934ec5fb10ef: Download complete
1bfc4eb957a5: Verifying Checksum
1bfc4eb957a5: Download complete
56bd86bc8a56: Verifying Checksum
56bd86bc8a56: Download complete
a6b8cadfe106: Verifying Checksum
a6b8cadfe106: Download complete
5ac445feed4f: Verifying Checksum
5ac445feed4f: Download complete
2b4f600d984a: Verifying Checksum
2b4f600d984a: Download complete
1357361823a0: Verifying Checksum
1357361823a0: Download complete
274c4b7c4593: Download complete
fcf41ae9d87b: Verifying Checksum
fcf41ae9d87b: Download complete
1d307ee064fd: Verifying Checksum
1d307ee064fd: Download complete
976f841db270: Download complete
f63834e64648: Verifying Checksum
f63834e64648: Download complete
934ec5fb10ef: Pull complete
6c3fb9b07f65: Pull complete
9b470ce4b06c: Download complete
6caa32a21626: Verifying Checksum
6caa32a21626: Download complete
1da94773f584: Verifying Checksum
1da94773f584: Download complete
c7e56f248182: Verifying Checksum
c7e56f248182: Download complete
c3789198df85: Verifying Checksum
c3789198df85: Download complete
d93e92c9b26b: Verifying Checksum
d93e92c9b26b: Download complete
1bfc4eb957a5: Pull complete
27667b0b6907: Verifying Checksum
27667b0b6907: Download complete
b9cf3be7a3ad: Verifying Checksum
b9cf3be7a3ad: Download complete
18bebbd0800e: Verifying Checksum
18bebbd0800e: Download complete
7740748db6d8: Verifying Checksum
7740748db6d8: Download complete
5ac445feed4f: Pull complete
56bd86bc8a56: Pull complete
a6b8cadfe106: Pull complete
1357361823a0: Pull complete
2b4f600d984a: Pull complete
274c4b7c4593: Pull complete
fcf41ae9d87b: Pull complete
1d307ee064fd: Pull complete
f63834e64648: Pull complete
976f841db270: Pull complete
docker: write /var/lib/docker/tmp/GetImageBlob3425286251: no space left on device.
See 'docker run --help'.
