Unable to find image 'n132/arvo:10400-vul' locally
10400-vul: Pulling from n132/arvo
297061f60c36: Already exists
e9ccef17b516: Already exists
dbc33716854d: Already exists
8fe36b178d25: Already exists
686596545a94: Already exists
dcd5c3fae03a: Already exists
b185ad8a5803: Already exists
691c44d8650f: Already exists
eb38715ac26f: Already exists
d22955ec0608: Already exists
a96397e1b962: Already exists
bd50ea5a7863: Already exists
8f3d86761d2c: Already exists
ada9e45150f2: Already exists
cb78044c2fe3: Already exists
c95372feab6c: Already exists
53b32bf85294: Pulling fs layer
a7732b267a99: Pulling fs layer
b594d4b818cd: Pulling fs layer
e8f4021bffeb: Pulling fs layer
eaeceacd7649: Pulling fs layer
a2321404e511: Pulling fs layer
c53bba044dcd: Pulling fs layer
812bd52de4f5: Pulling fs layer
8143ecdf5f07: Pulling fs layer
8a7f6fc49aa4: Pulling fs layer
dd5f1db2d759: Pulling fs layer
59014b5c7d14: Pulling fs layer
ea32b7a7d47c: Pulling fs layer
5f1bd301945e: Pulling fs layer
b0b814456726: Pulling fs layer
4a5cd847d271: Pulling fs layer
cfe286438280: Pulling fs layer
a0ead5c89c01: Pulling fs layer
c53bba044dcd: Waiting
ff07d8d2e85f: Pulling fs layer
812bd52de4f5: Waiting
8143ecdf5f07: Waiting
8a7f6fc49aa4: Waiting
d1bc3521e363: Pulling fs layer
ba1dcf60b0d0: Pulling fs layer
7600ed36a622: Pulling fs layer
4f4fb700ef54: Pulling fs layer
dd5f1db2d759: Waiting
fb40e800f7b6: Pulling fs layer
c312b8ecd93c: Pulling fs layer
59014b5c7d14: Waiting
24d5c42f5193: Pulling fs layer
ea32b7a7d47c: Waiting
5f1bd301945e: Waiting
4a5cd847d271: Waiting
cfe286438280: Waiting
b0b814456726: Waiting
a0ead5c89c01: Waiting
4f4fb700ef54: Waiting
ff07d8d2e85f: Waiting
fb40e800f7b6: Waiting
d1bc3521e363: Waiting
ba1dcf60b0d0: Waiting
c312b8ecd93c: Waiting
7600ed36a622: Waiting
24d5c42f5193: Waiting
e8f4021bffeb: Waiting
eaeceacd7649: Waiting
a2321404e511: Waiting
a7732b267a99: Verifying Checksum
a7732b267a99: Download complete
b594d4b818cd: Verifying Checksum
b594d4b818cd: Download complete
eaeceacd7649: Verifying Checksum
eaeceacd7649: Download complete
53b32bf85294: Verifying Checksum
53b32bf85294: Download complete
c53bba044dcd: Verifying Checksum
c53bba044dcd: Download complete
a2321404e511: Verifying Checksum
a2321404e511: Download complete
8143ecdf5f07: Download complete
8a7f6fc49aa4: Verifying Checksum
8a7f6fc49aa4: Download complete
812bd52de4f5: Verifying Checksum
812bd52de4f5: Download complete
e8f4021bffeb: Verifying Checksum
e8f4021bffeb: Download complete
53b32bf85294: Pull complete
a7732b267a99: Pull complete
dd5f1db2d759: Verifying Checksum
dd5f1db2d759: Download complete
59014b5c7d14: Verifying Checksum
59014b5c7d14: Download complete
ea32b7a7d47c: Download complete
5f1bd301945e: Verifying Checksum
5f1bd301945e: Download complete
b0b814456726: Verifying Checksum
b0b814456726: Download complete
cfe286438280: Download complete
4a5cd847d271: Verifying Checksum
4a5cd847d271: Download complete
b594d4b818cd: Pull complete
ff07d8d2e85f: Verifying Checksum
ff07d8d2e85f: Download complete
ba1dcf60b0d0: Download complete
a0ead5c89c01: Verifying Checksum
a0ead5c89c01: Download complete
7600ed36a622: Verifying Checksum
7600ed36a622: Download complete
4f4fb700ef54: Verifying Checksum
4f4fb700ef54: Download complete
fb40e800f7b6: Verifying Checksum
fb40e800f7b6: Download complete
24d5c42f5193: Verifying Checksum
24d5c42f5193: Download complete
d1bc3521e363: Verifying Checksum
d1bc3521e363: Download complete
e8f4021bffeb: Pull complete
eaeceacd7649: Pull complete
a2321404e511: Pull complete
c53bba044dcd: Pull complete
812bd52de4f5: Pull complete
8143ecdf5f07: Pull complete
8a7f6fc49aa4: Pull complete
dd5f1db2d759: Pull complete
59014b5c7d14: Pull complete
ea32b7a7d47c: Pull complete
5f1bd301945e: Pull complete
b0b814456726: Pull complete
4a5cd847d271: Pull complete
cfe286438280: Pull complete
a0ead5c89c01: Pull complete
ff07d8d2e85f: Pull complete
d1bc3521e363: Pull complete
ba1dcf60b0d0: Pull complete
7600ed36a622: Pull complete
4f4fb700ef54: Pull complete
fb40e800f7b6: Pull complete
c312b8ecd93c: Verifying Checksum
c312b8ecd93c: Download complete
c312b8ecd93c: Pull complete
24d5c42f5193: Pull complete
Digest: sha256:c4b1fea3df4e312e82747c54b715166f2e66654acbc480a328e20cdd8270b444
Status: Downloaded newer image for n132/arvo:10400-vul
INFO: Seed: 1345241818
INFO: Loaded 1 modules   (74411 inline 8-bit counters): 74411 [0x1353f08, 0x13661b3), 
INFO: Loaded 1 PC tables (74411 PCs): 74411 [0x13661b8,0x1488c68), 
/out/coder_MNG_fuzzer: Running 1 inputs 1 time(s) each.
Running: /tmp/poc
=================================================================
==7==ERROR: AddressSanitizer: heap-buffer-overflow on address 0x602000000151 at pc 0x0000007c6cbf bp 0x7ffc481238c0 sp 0x7ffc481238b8
READ of size 1 at 0x602000000151 thread T0
SCARINESS: 12 (1-byte-read-heap-buffer-overflow)
    #0 0x7c6cbe in mng_get_long /src/graphicsmagick/coders/png.c:1018:38
    #1 0x7b46a7 in ReadMNGImage /src/graphicsmagick/coders/png.c:4920:30
    #2 0x646f9a in ReadImage /src/graphicsmagick/magick/constitute.c:1607:13
    #3 0x5fe2e4 in BlobToImage /src/graphicsmagick/magick/blob.c:764:13
    #4 0x5b408f in Magick::Image::read(Magick::Blob const&) /src/graphicsmagick/Magick++/lib/Image.cpp:1591:5
    #5 0x52a6e6 in LLVMFuzzerTestOneInput /src/graphicsmagick/fuzzing/coder_fuzzer.cc:20:15
    #6 0x5540dc in fuzzer::Fuzzer::ExecuteCallback(unsigned char const*, unsigned long) /src/libfuzzer/FuzzerLoop.cpp:520:13
    #7 0x52b6da in fuzzer::RunOneTest(fuzzer::Fuzzer*, char const*, unsigned long) /src/libfuzzer/FuzzerDriver.cpp:280:6
    #8 0x536f2b in fuzzer::FuzzerDriver(int*, char***, int (*)(unsigned char const*, unsigned long)) /src/libfuzzer/FuzzerDriver.cpp:701:9
    #9 0x52ad7c in main /src/libfuzzer/FuzzerMain.cpp:20:10
    #10 0x76c0b245883f in __libc_start_main (/lib/x86_64-linux-gnu/libc.so.6+0x2083f)
    #11 0x41dd88 in _start (/out/coder_MNG_fuzzer+0x41dd88)

DEDUP_TOKEN: mng_get_long--ReadMNGImage--ReadImage
0x602000000151 is located 0 bytes to the right of 1-byte region [0x602000000150,0x602000000151)
allocated by thread T0 here:
    #0 0x4eada7 in malloc /src/llvm/projects/compiler-rt/lib/asan/asan_malloc_linux.cc:98
    #1 0x7ae1e2 in ReadMNGImage /src/graphicsmagick/coders/png.c:4196:21
    #2 0x646f9a in ReadImage /src/graphicsmagick/magick/constitute.c:1607:13
    #3 0x5fe2e4 in BlobToImage /src/graphicsmagick/magick/blob.c:764:13
    #4 0x5b408f in Magick::Image::read(Magick::Blob const&) /src/graphicsmagick/Magick++/lib/Image.cpp:1591:5
    #5 0x52a6e6 in LLVMFuzzerTestOneInput /src/graphicsmagick/fuzzing/coder_fuzzer.cc:20:15
    #6 0x5540dc in fuzzer::Fuzzer::ExecuteCallback(unsigned char const*, unsigned long) /src/libfuzzer/FuzzerLoop.cpp:520:13
    #7 0x52b6da in fuzzer::RunOneTest(fuzzer::Fuzzer*, char const*, unsigned long) /src/libfuzzer/FuzzerDriver.cpp:280:6
    #8 0x536f2b in fuzzer::FuzzerDriver(int*, char***, int (*)(unsigned char const*, unsigned long)) /src/libfuzzer/FuzzerDriver.cpp:701:9
    #9 0x52ad7c in main /src/libfuzzer/FuzzerMain.cpp:20:10
    #10 0x76c0b245883f in __libc_start_main (/lib/x86_64-linux-gnu/libc.so.6+0x2083f)

DEDUP_TOKEN: malloc--ReadMNGImage--ReadImage
SUMMARY: AddressSanitizer: heap-buffer-overflow /src/graphicsmagick/coders/png.c:1018:38 in mng_get_long
Shadow bytes around the buggy address:
  0x0c047fff7fd0: 00 00 00 00 00 00 00 00 00 00 00 00 00 00 00 00
  0x0c047fff7fe0: 00 00 00 00 00 00 00 00 00 00 00 00 00 00 00 00
  0x0c047fff7ff0: 00 00 00 00 00 00 00 00 00 00 00 00 00 00 00 00
  0x0c047fff8000: fa fa fd fa fa fa fd fa fa fa 00 00 fa fa 00 fa
  0x0c047fff8010: fa fa 00 fa fa fa 00 fa fa fa 00 00 fa fa 00 00
=>0x0c047fff8020: fa fa fd fd fa fa 00 00 fa fa[01]fa fa fa fa fa
  0x0c047fff8030: fa fa fa fa fa fa fa fa fa fa fa fa fa fa fa fa
  0x0c047fff8040: fa fa fa fa fa fa fa fa fa fa fa fa fa fa fa fa
  0x0c047fff8050: fa fa fa fa fa fa fa fa fa fa fa fa fa fa fa fa
  0x0c047fff8060: fa fa fa fa fa fa fa fa fa fa fa fa fa fa fa fa
  0x0c047fff8070: fa fa fa fa fa fa fa fa fa fa fa fa fa fa fa fa
Shadow byte legend (one shadow byte represents 8 application bytes):
  Addressable:           00
  Partially addressable: 01 02 03 04 05 06 07 
  Heap left redzone:       fa
  Freed heap region:       fd
  Stack left redzone:      f1
  Stack mid redzone:       f2
  Stack right redzone:     f3
  Stack after return:      f5
  Stack use after scope:   f8
  Global redzone:          f9
  Global init order:       f6
  Poisoned by user:        f7
  Container overflow:      fc
  Array cookie:            ac
  Intra object redzone:    bb
  ASan internal:           fe
  Left alloca redzone:     ca
  Right alloca redzone:    cb
==7==ABORTING
