Unable to find image 'n132/arvo:10653-vul' locally
10653-vul: Pulling from n132/arvo
3620e2d282dc: Already exists
ef22f5e4b3b2: Already exists
99f229f854da: Already exists
4fe433abe16a: Already exists
c9b72a16d85e: Already exists
de599d649ace: Already exists
b095926b8e5d: Already exists
2cb899c88361: Already exists
e3e971831feb: Already exists
2b6c6771b90f: Already exists
7d225808fe07: Already exists
9b379b826590: Already exists
b2a75a6e4d30: Already exists
3dd7d3726d39: Already exists
e060c62c016e: Already exists
0482579cc5a5: Already exists
46c9b720ce8c: Pulling fs layer
a5361e9d7455: Pulling fs layer
ed4b1db9f2b7: Pulling fs layer
52b93efe53c7: Pulling fs layer
bcd4bfd0e84b: Pulling fs layer
73e3ca8fe179: Pulling fs layer
c8741da73950: Pulling fs layer
f0a85b961299: Pulling fs layer
cacc4fe7a2ec: Pulling fs layer
3cc5fa9f316d: Pulling fs layer
05c701b2eee4: Pulling fs layer
5cb8accdfc00: Pulling fs layer
875704ae5b13: Pulling fs layer
ed13db29c60c: Pulling fs layer
7488df5f559e: Pulling fs layer
b3a46238ef0b: Pulling fs layer
ce98156d086e: Pulling fs layer
91fec9032b66: Pulling fs layer
01f145127cec: Pulling fs layer
bcd4bfd0e84b: Waiting
24d075cf7b6c: Pulling fs layer
52b93efe53c7: Waiting
fef3d499b57d: Pulling fs layer
d7601aaa4753: Pulling fs layer
4f4fb700ef54: Pulling fs layer
73e3ca8fe179: Waiting
c8741da73950: Waiting
e3f3ed6dc70d: Pulling fs layer
35b988068e0d: Pulling fs layer
f0a85b961299: Waiting
cacc4fe7a2ec: Waiting
cad9f9991d34: Pulling fs layer
3cc5fa9f316d: Waiting
875704ae5b13: Waiting
05c701b2eee4: Waiting
ed13db29c60c: Waiting
7488df5f559e: Waiting
5cb8accdfc00: Waiting
b3a46238ef0b: Waiting
d7601aaa4753: Waiting
cad9f9991d34: Waiting
4f4fb700ef54: Waiting
ce98156d086e: Waiting
91fec9032b66: Waiting
e3f3ed6dc70d: Waiting
01f145127cec: Waiting
fef3d499b57d: Waiting
35b988068e0d: Waiting
a5361e9d7455: Verifying Checksum
a5361e9d7455: Download complete
ed4b1db9f2b7: Verifying Checksum
ed4b1db9f2b7: Download complete
46c9b720ce8c: Verifying Checksum
46c9b720ce8c: Download complete
bcd4bfd0e84b: Verifying Checksum
bcd4bfd0e84b: Download complete
73e3ca8fe179: Verifying Checksum
73e3ca8fe179: Download complete
c8741da73950: Download complete
f0a85b961299: Verifying Checksum
f0a85b961299: Download complete
cacc4fe7a2ec: Download complete
46c9b720ce8c: Pull complete
a5361e9d7455: Pull complete
05c701b2eee4: Download complete
3cc5fa9f316d: Verifying Checksum
3cc5fa9f316d: Download complete
5cb8accdfc00: Verifying Checksum
5cb8accdfc00: Download complete
875704ae5b13: Download complete
7488df5f559e: Verifying Checksum
7488df5f559e: Download complete
ed13db29c60c: Verifying Checksum
ed13db29c60c: Download complete
ed4b1db9f2b7: Pull complete
ce98156d086e: Verifying Checksum
ce98156d086e: Download complete
b3a46238ef0b: Verifying Checksum
b3a46238ef0b: Download complete
52b93efe53c7: Verifying Checksum
52b93efe53c7: Download complete
01f145127cec: Verifying Checksum
01f145127cec: Download complete
91fec9032b66: Verifying Checksum
91fec9032b66: Download complete
d7601aaa4753: Verifying Checksum
d7601aaa4753: Download complete
fef3d499b57d: Verifying Checksum
fef3d499b57d: Download complete
4f4fb700ef54: Verifying Checksum
4f4fb700ef54: Download complete
e3f3ed6dc70d: Verifying Checksum
e3f3ed6dc70d: Download complete
cad9f9991d34: Download complete
24d075cf7b6c: Verifying Checksum
24d075cf7b6c: Download complete
52b93efe53c7: Pull complete
bcd4bfd0e84b: Pull complete
73e3ca8fe179: Pull complete
c8741da73950: Pull complete
f0a85b961299: Pull complete
cacc4fe7a2ec: Pull complete
3cc5fa9f316d: Pull complete
05c701b2eee4: Pull complete
5cb8accdfc00: Pull complete
875704ae5b13: Pull complete
ed13db29c60c: Pull complete
7488df5f559e: Pull complete
b3a46238ef0b: Pull complete
ce98156d086e: Pull complete
91fec9032b66: Pull complete
01f145127cec: Pull complete
24d075cf7b6c: Pull complete
fef3d499b57d: Pull complete
d7601aaa4753: Pull complete
4f4fb700ef54: Pull complete
e3f3ed6dc70d: Pull complete
35b988068e0d: Verifying Checksum
35b988068e0d: Download complete
35b988068e0d: Pull complete
cad9f9991d34: Pull complete
Digest: sha256:85ccf950d065fa3c3c7d79eb1ce40c99797033c08dccc1a31866ce8ad1056634
Status: Downloaded newer image for n132/arvo:10653-vul
======================= INFO =========================
This binary is built for AFL-fuzz.
To run the target function on individual input(s) execute this:
  /out/coder_MVG_fuzzer < INPUT_FILE
or
  /out/coder_MVG_fuzzer INPUT_FILE1 [INPUT_FILE2 ... ]
To fuzz with afl-fuzz execute this:
  afl-fuzz [afl-flags] /out/coder_MVG_fuzzer [-N]
afl-fuzz will run N iterations before re-spawning the process (default: 1000)
======================================================
=================================================================
==7==ERROR: AddressSanitizer: stack-buffer-overflow on address 0x778da4be41d5 at pc 0x0000004eb0fb bp 0x7ffc4d7ab930 sp 0x7ffc4d7ab0e0
READ of size 2049 at 0x778da4be41d5 thread T0
SCARINESS: 41 (multi-byte-read-stack-buffer-overflow)
    #0 0x4eb0fa in __asan_memmove /src/llvm/projects/compiler-rt/lib/asan/asan_interceptors_memintrinsics.cc:31
    #1 0x714d8c in MagickGetToken /src/graphicsmagick/magick/utility.c:3830:16
    #2 0x6b8e74 in DrawImage /src/graphicsmagick/magick/render.c:2467:9
    #3 0x7fcfc2 in ReadMVGImage /src/graphicsmagick/coders/mvg.c:224:10
    #4 0x5ca17d in ReadImage /src/graphicsmagick/magick/constitute.c:1607:13
    #5 0x583445 in BlobToImage /src/graphicsmagick/magick/blob.c:764:13
    #6 0x5371de in Magick::Image::read(Magick::Blob const&) /src/graphicsmagick/Magick++/lib/Image.cpp:1591:5
    #7 0x52ea83 in LLVMFuzzerTestOneInput /src/graphicsmagick/fuzzing/coder_fuzzer.cc:20:15
    #8 0x52f3bf in ExecuteFilesOnyByOne(int, char**) /src/libfuzzer/afl/afl_driver.cpp:301:5
    #9 0x52f96e in main /src/libfuzzer/afl/afl_driver.cpp:339:12
    #10 0x778da3b1a83f in __libc_start_main (/lib/x86_64-linux-gnu/libc.so.6+0x2083f)
    #11 0x41ddc8 in _start (/out/coder_MVG_fuzzer+0x41ddc8)

DEDUP_TOKEN: __asan_memmove--MagickGetToken--DrawImage
Address 0x778da4be41d5 is located in stack of thread T0 at offset 6613 in frame
    #0 0x6b7eff in DrawImage /src/graphicsmagick/magick/render.c:2253

DEDUP_TOKEN: DrawImage
  This frame has 41 object(s):
    [32, 80) 'affine' (line 2256)
    [112, 160) 'current' (line 2256)
    [192, 4298) 'key' (line 2260)
    [4560, 6613) 'keyword' (line 2260)
    [6752, 8805) 'geometry' (line 2260) <== Memory access at offset 6613 partially underflows this variable
    [8944, 10997) 'name' (line 2260)
    [11136, 13189) 'pattern' (line 2260)
    [13328, 13336) 'primitive' (line 2260)
    [13360, 13368) 'q' (line 2260)
    [13392, 13400) 'token' (line 2260)
    [13424, 13432) 'angle' (line 2270)
    [13456, 13472) 'point' (line 2283)
    [13488, 13496) 'start_color' (line 2286)
    [13520, 13528) 'primitive_info' (line 2289)
    [13552, 13560) 'length' (line 2305)
    [13584, 13592) 'token_max_length' (line 2305)
    [13616, 13624) 'primitive_extent' (line 2305)
    [13648, 13652) 'status' (line 2310)
    [13664, 13672) 'number_points' (line 2313)
    [13696, 13728) 'PIMgr' (line 2343)
    [13760, 13768) 'opacity508' (line 2744)
    [13792, 13800) 'opacity868' (line 2945)
    [13824, 13832) 'ExtractedLength' (line 3085)
    [13856, 17962) 'key1142' (line 3093)
    [18224, 20277) 'name1143' (line 3093)
    [20416, 22469) 'type' (line 3093)
    [22608, 22640) 'segment' (line 3098)
    [22672, 24725) 'resource_str' (line 3183)
    [24864, 26917) 'gradient_size_str' (line 3220)
    [27056, 27064) 'ExtractedLength1573' (line 3249)
    [27088, 27096) 'ordinate' (line 3257)
    [27120, 27128) 'stop_color' (line 3427)
    [27152, 27160) 'p1958' (line 3485)
    [27184, 27192) 'opacity2146' (line 3592)
    [27216, 27220) 'SVGCompliant' (line 3634)
    [27232, 27240) 'value' (line 3664)
    [27264, 27272) 'value2289' (line 3683)
    [27296, 27304) 'value2355' (line 3734)
    [27328, 27336) 'value2365' (line 3742)
    [27360, 27368) 't' (line 3982)
    [27392, 27496) 'metrics' (line 4300)
HINT: this may be a false positive if your program uses some custom stack unwind mechanism, swapcontext or vfork
      (longjmp and C++ exceptions *are* supported)
SUMMARY: AddressSanitizer: stack-buffer-overflow /src/llvm/projects/compiler-rt/lib/asan/asan_interceptors_memintrinsics.cc:31 in __asan_memmove
Shadow bytes around the buggy address:
  0x0ef2349747e0: 00 00 00 00 00 00 00 00 00 00 00 00 00 00 00 00
  0x0ef2349747f0: 00 00 00 00 00 00 00 00 00 00 00 00 00 00 00 00
  0x0ef234974800: 00 00 00 00 00 00 00 00 00 00 00 00 00 00 00 00
  0x0ef234974810: 00 00 00 00 00 00 00 00 00 00 00 00 00 00 00 00
  0x0ef234974820: 00 00 00 00 00 00 00 00 00 00 00 00 00 00 00 00
=>0x0ef234974830: 00 00 00 00 00 00 00 00 00 00[05]f2 f2 f2 f2 f2
  0x0ef234974840: f2 f2 f2 f2 f2 f2 f2 f2 f2 f2 f2 f2 00 00 00 00
  0x0ef234974850: 00 00 00 00 00 00 00 00 00 00 00 00 00 00 00 00
  0x0ef234974860: 00 00 00 00 00 00 00 00 00 00 00 00 00 00 00 00
  0x0ef234974870: 00 00 00 00 00 00 00 00 00 00 00 00 00 00 00 00
  0x0ef234974880: 00 00 00 00 00 00 00 00 00 00 00 00 00 00 00 00
Shadow byte legend (one shadow byte represents 8 application bytes):
  Addressable:           00
  Partially addressable: 01 02 03 04 05 06 07 
  Heap left redzone:       fa
  Freed heap region:       fd
  Stack left redzone:      f1
  Stack mid redzone:       f2
  Stack right redzone:     f3
  Stack after return:      f5
  Stack use after scope:   f8
  Global redzone:          f9
  Global init order:       f6
  Poisoned by user:        f7
  Container overflow:      fc
  Array cookie:            ac
  Intra object redzone:    bb
  ASan internal:           fe
  Left alloca redzone:     ca
  Right alloca redzone:    cb
  Shadow gap:              cc
==7==ABORTING
