INFO: Seed: 71052423
INFO: Loaded 1 modules   (27617 inline 8-bit counters): 27617 [0x100b168, 0x1011d49),
INFO: Loaded 1 PC tables (27617 PCs): 27617 [0x1011d50,0x107db60),
/out/av1_dec_fuzzer: Running 1 inputs 1 time(s) each.
Running: /tmp/poc
=================================================================
==13==ERROR: AddressSanitizer: heap-buffer-overflow on address 0x75f3bb75d000 at pc 0x0000004f14cd bp 0x7ffc1a7d8810 sp 0x7ffc1a7d7fc0
READ of size 21264 at 0x75f3bb75d000 thread T0
SCARINESS: 26 (multi-byte-read-heap-buffer-overflow)
    #0 0x4f14cc in __asan_memcpy /src/llvm/projects/compiler-rt/lib/asan/asan_interceptors_memintrinsics.cc:23
    #1 0x5db326 in show_existing_frame_reset /src/aom/av1/decoder/decodeframe.c:4758:63
    #2 0x5db326 in read_uncompressed_header /src/aom/av1/decoder/decodeframe.c:4877
    #3 0x5d94ad in av1_decode_frame_headers_and_setup /src/aom/av1/decoder/decodeframe.c:5468:3
    #4 0x66406e in read_frame_header_obu /src/aom/av1/decoder/obu.c:292:10
    #5 0x66406e in aom_decode_frame_from_obus /src/aom/av1/decoder/obu.c:769
    #6 0x651d2b in av1_receive_compressed_data /src/aom/av1/decoder/decoder.c:516:7
    #7 0x5d4eb3 in frame_worker_hook /src/aom/av1/av1_dx_iface.c:353:16
    #8 0x847411 in execute /src/aom/aom_util/aom_thread.c:163:27
    #9 0x5c8881 in decode_one /src/aom/av1/av1_dx_iface.c:491:3
    #10 0x5c8881 in decoder_decode /src/aom/av1/av1_dx_iface.c:619
    #11 0x5bfe33 in aom_codec_decode /src/aom/aom/src/aom_decoder.c:106:11
    #12 0x5be24a in LLVMFuzzerTestOneInput /src/av1_dec_fuzzer.cc:58:9
    #13 0x562595 in fuzzer::Fuzzer::ExecuteCallback(unsigned char const*, unsigned long) /src/libfuzzer/FuzzerLoop.cpp:571:15
    #14 0x537dbd in fuzzer::RunOneTest(fuzzer::Fuzzer*, char const*, unsigned long) /src/libfuzzer/FuzzerDriver.cpp:280:6
    #15 0x543606 in fuzzer::FuzzerDriver(int*, char***, int (*)(unsigned char const*, unsigned long)) /src/libfuzzer/FuzzerDriver.cpp:713:9
    #16 0x53743c in main /src/libfuzzer/FuzzerMain.cpp:20:10
    #17 0x75f3bb7d983f in __libc_start_main (/lib/x86_64-linux-gnu/libc.so.6+0x2083f)
    #18 0x423b48 in _start (/out/av1_dec_fuzzer+0x423b48)

DEDUP_TOKEN: __asan_memcpy--show_existing_frame_reset--read_uncompressed_header
0x75f3bb75d000 is located 6144 bytes to the left of 364903-byte region [0x75f3bb75e800,0x75f3bb7b7967)
allocated by thread T0 here:
    #0 0x4f289f in malloc /src/llvm/projects/compiler-rt/lib/asan/asan_malloc_linux.cc:146
    #1 0x5c6660 in aom_memalign /src/aom/aom_mem/aom_mem.c:55:22
    #2 0x5c6660 in aom_malloc /src/aom/aom_mem/aom_mem.c:63
    #3 0x5c6660 in aom_calloc /src/aom/aom_mem/aom_mem.c:67
    #4 0x5c8186 in init_decoder /src/aom/av1/av1_dx_iface.c:377:36
    #5 0x5c8186 in decoder_decode /src/aom/av1/av1_dx_iface.c:581
    #6 0x5bfe33 in aom_codec_decode /src/aom/aom/src/aom_decoder.c:106:11
    #7 0x5be24a in LLVMFuzzerTestOneInput /src/av1_dec_fuzzer.cc:58:9
    #8 0x562595 in fuzzer::Fuzzer::ExecuteCallback(unsigned char const*, unsigned long) /src/libfuzzer/FuzzerLoop.cpp:571:15
    #9 0x537dbd in fuzzer::RunOneTest(fuzzer::Fuzzer*, char const*, unsigned long) /src/libfuzzer/FuzzerDriver.cpp:280:6
    #10 0x543606 in fuzzer::FuzzerDriver(int*, char***, int (*)(unsigned char const*, unsigned long)) /src/libfuzzer/FuzzerDriver.cpp:713:9
    #11 0x53743c in main /src/libfuzzer/FuzzerMain.cpp:20:10
    #12 0x75f3bb7d983f in __libc_start_main (/lib/x86_64-linux-gnu/libc.so.6+0x2083f)

DEDUP_TOKEN: malloc--aom_memalign--aom_malloc
SUMMARY: AddressSanitizer: heap-buffer-overflow /src/llvm/projects/compiler-rt/lib/asan/asan_interceptors_memintrinsics.cc:23 in __asan_memcpy
Shadow bytes around the buggy address:
  0x0ebef76e39b0: 00 00 00 00 00 00 00 00 00 00 00 00 00 00 00 00
  0x0ebef76e39c0: 00 00 00 00 00 00 00 00 00 00 00 00 00 00 00 00
  0x0ebef76e39d0: 00 00 00 00 00 00 00 00 00 00 00 00 00 00 00 00
  0x0ebef76e39e0: 00 00 00 00 00 00 00 00 00 00 00 00 00 00 00 00
  0x0ebef76e39f0: 00 00 00 00 00 00 00 00 00 00 00 00 00 00 00 00
=>0x0ebef76e3a00:[fa]fa fa fa fa fa fa fa fa fa fa fa fa fa fa fa
  0x0ebef76e3a10: fa fa fa fa fa fa fa fa fa fa fa fa fa fa fa fa
  0x0ebef76e3a20: fa fa fa fa fa fa fa fa fa fa fa fa fa fa fa fa
  0x0ebef76e3a30: fa fa fa fa fa fa fa fa fa fa fa fa fa fa fa fa
  0x0ebef76e3a40: fa fa fa fa fa fa fa fa fa fa fa fa fa fa fa fa
  0x0ebef76e3a50: fa fa fa fa fa fa fa fa fa fa fa fa fa fa fa fa
Shadow byte legend (one shadow byte represents 8 application bytes):
  Addressable:           00
  Partially addressable: 01 02 03 04 05 06 07
  Heap left redzone:       fa
  Freed heap region:       fd
  Stack left redzone:      f1
  Stack mid redzone:       f2
  Stack right redzone:     f3
  Stack after return:      f5
  Stack use after scope:   f8
  Global redzone:          f9
  Global init order:       f6
  Poisoned by user:        f7
  Container overflow:      fc
  Array cookie:            ac
  Intra object redzone:    bb
  ASan internal:           fe
  Left alloca redzone:     ca
  Right alloca redzone:    cb
  Shadow gap:              cc
==13==ABORTING