INFO: Seed: 70491025
INFO: Loaded 1 modules   (29109 inline 8-bit counters): 29109 [0x10b0fc8, 0x10b817d),
INFO: Loaded 1 PC tables (29109 PCs): 29109 [0x10b8180,0x1129cd0),
/out/av1_dec_fuzzer: Running 1 inputs 1 time(s) each.
Running: /tmp/poc
=================================================================
==13==ERROR: AddressSanitizer: heap-buffer-overflow on address 0x63200000015c at pc 0x000000a1a75b bp 0x7ffc5e222420 sp 0x7ffc5e222418
READ of size 16 at 0x63200000015c thread T0
SCARINESS: 36 (multi-byte-read-heap-buffer-overflow-far-from-bounds)
    #0 0xa1a75a in av1_convolve_2d_copy_sr_sse2 /src/aom/av1/common/x86/convolve_2d_sse2.c
    #1 0x950a56 in av1_convolve_2d_facade /src/aom/av1/common/convolve.c:615:5
    #2 0x998020 in inter_predictor /src/aom/av1/common/reconinter.h
    #3 0x998020 in av1_make_inter_predictor /src/aom/av1/common/reconinter.c:97
    #4 0x60cfe0 in dec_build_inter_predictors /src/aom/av1/decoder/decodeframe.c:824:9
    #5 0x60a238 in dec_build_inter_predictors_for_planes /src/aom/av1/decoder/decodeframe.c:850:5
    #6 0x606ac5 in dec_build_inter_predictors_sby /src/aom/av1/decoder/decodeframe.c:858:3
    #7 0x606ac5 in dec_build_inter_predictors_sb /src/aom/av1/decoder/decodeframe.c:892
    #8 0x606ac5 in predict_inter_block /src/aom/av1/decoder/decodeframe.c:1074
    #9 0x61f8b6 in decode_token_recon_block /src/aom/av1/decoder/decodeframe.c:1164:5
    #10 0x615f2b in decode_partition /src/aom/av1/decoder/decodeframe.c:1801:7
    #11 0x624c74 in decode_tile /src/aom/av1/decoder/decodeframe.c:3108:7
    #12 0x5f5f45 in decode_tiles /src/aom/av1/decoder/decodeframe.c:3242:7
    #13 0x5f5f45 in av1_decode_tg_tiles_and_wrapup /src/aom/av1/decoder/decodeframe.c:5543
    #14 0x66863e in read_one_tile_group_obu /src/aom/av1/decoder/obu.c:351:3
    #15 0x66863e in aom_decode_frame_from_obus /src/aom/av1/decoder/obu.c:829
    #16 0x6557a3 in av1_receive_compressed_data /src/aom/av1/decoder/decoder.c:486:7
    #17 0x5d6bc3 in frame_worker_hook /src/aom/av1/av1_dx_iface.c:353:16
    #18 0x894311 in execute /src/aom/aom_util/aom_thread.c:163:27
    #19 0x5c9e66 in decode_one /src/aom/av1/av1_dx_iface.c:489:3
    #20 0x5c9e66 in decoder_decode /src/aom/av1/av1_dx_iface.c:616
    #21 0x5c1503 in aom_codec_decode /src/aom/aom/src/aom_decoder.c:106:11
    #22 0x5bf94a in LLVMFuzzerTestOneInput /src/av1_dec_fuzzer.cc:58:9
    #23 0x565a45 in fuzzer::Fuzzer::ExecuteCallback(unsigned char const*, unsigned long) /src/libfuzzer/FuzzerLoop.cpp:533:15
    #24 0x53ba46 in fuzzer::RunOneTest(fuzzer::Fuzzer*, char const*, unsigned long) /src/libfuzzer/FuzzerDriver.cpp:285:6
    #25 0x547306 in fuzzer::FuzzerDriver(int*, char***, int (*)(unsigned char const*, unsigned long)) /src/libfuzzer/FuzzerDriver.cpp:714:9
    #26 0x53b0bc in main /src/libfuzzer/FuzzerMain.cpp:20:10
    #27 0x77e57d2b283f in __libc_start_main (/lib/x86_64-linux-gnu/libc.so.6+0x2083f)
    #28 0x423ea8 in _start (/out/av1_dec_fuzzer+0x423ea8)

DEDUP_TOKEN: av1_convolve_2d_copy_sr_sse2--av1_convolve_2d_facade--inter_predictor
0x63200000015c is located 1700 bytes to the left of 84918-byte region [0x632000000800,0x6320000153b6)
allocated by thread T0 here:
    #0 0x4f5f4f in malloc /src/llvm/projects/compiler-rt/lib/asan/asan_malloc_linux.cc:146
    #1 0x5c7cd0 in aom_memalign /src/aom/aom_mem/aom_mem.c:55:22
    #2 0x5c7cd0 in aom_malloc /src/aom/aom_mem/aom_mem.c:63
    #3 0x5c7cd0 in aom_calloc /src/aom/aom_mem/aom_mem.c:67
    #4 0x96eeea in av1_get_frame_buffer /src/aom/av1/common/frame_buffers.c:76:46
    #5 0x894eff in aom_realloc_frame_buffer /src/aom/aom_scale/generic/yv12config.c:105:11
    #6 0x5fd8b4 in setup_buffer_pool /src/aom/av1/decoder/decodeframe.c:2373:7
    #7 0x5fca48 in setup_frame_size /src/aom/av1/decoder/decodeframe.c:2419:3
    #8 0x5e13c6 in read_uncompressed_header /src/aom/av1/decoder/decodeframe.c:5101:5
    #9 0x5db053 in av1_decode_frame_headers_and_setup /src/aom/av1/decoder/decodeframe.c:5449:3
    #10 0x6669b4 in read_frame_header_obu /src/aom/av1/decoder/obu.c:292:10
    #11 0x6669b4 in aom_decode_frame_from_obus /src/aom/av1/decoder/obu.c:773
    #12 0x6557a3 in av1_receive_compressed_data /src/aom/av1/decoder/decoder.c:486:7
    #13 0x5d6bc3 in frame_worker_hook /src/aom/av1/av1_dx_iface.c:353:16
    #14 0x894311 in execute /src/aom/aom_util/aom_thread.c:163:27
    #15 0x5c9e66 in decode_one /src/aom/av1/av1_dx_iface.c:489:3
    #16 0x5c9e66 in decoder_decode /src/aom/av1/av1_dx_iface.c:616
    #17 0x5c1503 in aom_codec_decode /src/aom/aom/src/aom_decoder.c:106:11
    #18 0x5bf94a in LLVMFuzzerTestOneInput /src/av1_dec_fuzzer.cc:58:9
    #19 0x565a45 in fuzzer::Fuzzer::ExecuteCallback(unsigned char const*, unsigned long) /src/libfuzzer/FuzzerLoop.cpp:533:15
    #20 0x53ba46 in fuzzer::RunOneTest(fuzzer::Fuzzer*, char const*, unsigned long) /src/libfuzzer/FuzzerDriver.cpp:285:6
    #21 0x547306 in fuzzer::FuzzerDriver(int*, char***, int (*)(unsigned char const*, unsigned long)) /src/libfuzzer/FuzzerDriver.cpp:714:9
    #22 0x53b0bc in main /src/libfuzzer/FuzzerMain.cpp:20:10
    #23 0x77e57d2b283f in __libc_start_main (/lib/x86_64-linux-gnu/libc.so.6+0x2083f)

DEDUP_TOKEN: malloc--aom_memalign--aom_malloc
SUMMARY: AddressSanitizer: heap-buffer-overflow /src/aom/av1/common/x86/convolve_2d_sse2.c in av1_convolve_2d_copy_sr_sse2
Shadow bytes around the buggy address:
  0x0c647fff7fd0: 00 00 00 00 00 00 00 00 00 00 00 00 00 00 00 00
  0x0c647fff7fe0: 00 00 00 00 00 00 00 00 00 00 00 00 00 00 00 00
  0x0c647fff7ff0: 00 00 00 00 00 00 00 00 00 00 00 00 00 00 00 00
  0x0c647fff8000: fa fa fa fa fa fa fa fa fa fa fa fa fa fa fa fa
  0x0c647fff8010: fa fa fa fa fa fa fa fa fa fa fa fa fa fa fa fa
=>0x0c647fff8020: fa fa fa fa fa fa fa fa fa fa fa[fa]fa fa fa fa
  0x0c647fff8030: fa fa fa fa fa fa fa fa fa fa fa fa fa fa fa fa
  0x0c647fff8040: fa fa fa fa fa fa fa fa fa fa fa fa fa fa fa fa
  0x0c647fff8050: fa fa fa fa fa fa fa fa fa fa fa fa fa fa fa fa
  0x0c647fff8060: fa fa fa fa fa fa fa fa fa fa fa fa fa fa fa fa
  0x0c647fff8070: fa fa fa fa fa fa fa fa fa fa fa fa fa fa fa fa
Shadow byte legend (one shadow byte represents 8 application bytes):
  Addressable:           00
  Partially addressable: 01 02 03 04 05 06 07
  Heap left redzone:       fa
  Freed heap region:       fd
  Stack left redzone:      f1
  Stack mid redzone:       f2
  Stack right redzone:     f3
  Stack after return:      f5
  Stack use after scope:   f8
  Global redzone:          f9
  Global init order:       f6
  Poisoned by user:        f7
  Container overflow:      fc
  Array cookie:            ac
  Intra object redzone:    bb
  ASan internal:           fe
  Left alloca redzone:     ca
  Right alloca redzone:    cb
  Shadow gap:              cc
==13==ABORTING