INFO: Seed: 1810842206
INFO: Loaded 1 modules (68167 guards): [0xe331b0, 0xe75acc), 
/out/ffmpeg_AV_CODEC_ID_SAMI_fuzzer: Running 1 inputs 1 time(s) each.
Running: /tmp/poc
=================================================================
==7==ERROR: AddressSanitizer: heap-buffer-overflow on address 0x61d000002681 at pc 0x0000004b0ab8 bp 0x7fffa24ea390 sp 0x7fffa24e9b40
READ of size 1 at 0x61d000002681 thread T0
SCARINESS: 12 (1-byte-read-heap-buffer-overflow)
    #0 0x4b0ab7 in __interceptor_strncmp.part.75 /src/llvm/projects/compiler-rt/lib/asan/../sanitizer_common/sanitizer_common_interceptors.inc:367
    #1 0x5cfc8a in ff_htmlmarkup_to_ass /src/ffmpeg/libavcodec/htmlsubtitles.c:174:30
    #2 0x572ddb in sami_paragraph_to_ass /src/ffmpeg/libavcodec/samidec.c:119:5
    #3 0x57169b in sami_decode_frame /src/ffmpeg/libavcodec/samidec.c:134:36
    #4 0x532005 in avcodec_decode_subtitle2 /src/ffmpeg/libavcodec/decode.c:1011:19
    #5 0x51a252 in subtitle_handler /src/ffmpeg/tools/target_dec_fuzzer.c:81:15
    #6 0x519502 in LLVMFuzzerTestOneInput /src/ffmpeg/tools/target_dec_fuzzer.c:213:23
    #7 0x8d08e9 in fuzzer::Fuzzer::ExecuteCallback(unsigned char const*, unsigned long) /src/libfuzzer/FuzzerLoop.cpp:440:13
    #8 0x8d10ba in fuzzer::Fuzzer::RunOne(unsigned char const*, unsigned long) /src/libfuzzer/FuzzerLoop.cpp:397:3
    #9 0x8a8416 in fuzzer::RunOneTest(fuzzer::Fuzzer*, char const*, unsigned long) /src/libfuzzer/FuzzerDriver.cpp:268:6
    #10 0x8b38b6 in fuzzer::FuzzerDriver(int*, char***, int (*)(unsigned char const*, unsigned long)) /src/libfuzzer/FuzzerDriver.cpp:682:9
    #11 0x8a7a38 in main /src/libfuzzer/FuzzerMain.cpp:20:10
    #12 0x76759903483f in __libc_start_main (/lib/x86_64-linux-gnu/libc.so.6+0x2083f)
    #13 0x41d6a8 in _start (/out/ffmpeg_AV_CODEC_ID_SAMI_fuzzer+0x41d6a8)

DEDUP_TOKEN: __interceptor_strncmp.part.75--ff_htmlmarkup_to_ass--sami_paragraph_to_ass
0x61d000002681 is located 1 bytes to the right of 2048-byte region [0x61d000001e80,0x61d000002680)
allocated by thread T0 here:
    #0 0x4dc7c8 in realloc /src/llvm/projects/compiler-rt/lib/asan/asan_malloc_linux.cc:79
    #1 0x7bee78 in av_bprint_alloc /src/ffmpeg/libavutil/bprint.c:50:15
    #2 0x7c1142 in av_bprint_chars /src/ffmpeg/libavutil/bprint.c:148:13
    #3 0x5ce7b5 in ff_htmlmarkup_to_ass /src/ffmpeg/libavcodec/htmlsubtitles.c
    #4 0x572ddb in sami_paragraph_to_ass /src/ffmpeg/libavcodec/samidec.c:119:5
    #5 0x57169b in sami_decode_frame /src/ffmpeg/libavcodec/samidec.c:134:36
    #6 0x532005 in avcodec_decode_subtitle2 /src/ffmpeg/libavcodec/decode.c:1011:19
    #7 0x51a252 in subtitle_handler /src/ffmpeg/tools/target_dec_fuzzer.c:81:15
    #8 0x519502 in LLVMFuzzerTestOneInput /src/ffmpeg/tools/target_dec_fuzzer.c:213:23
    #9 0x8d08e9 in fuzzer::Fuzzer::ExecuteCallback(unsigned char const*, unsigned long) /src/libfuzzer/FuzzerLoop.cpp:440:13
    #10 0x8d10ba in fuzzer::Fuzzer::RunOne(unsigned char const*, unsigned long) /src/libfuzzer/FuzzerLoop.cpp:397:3
    #11 0x8a8416 in fuzzer::RunOneTest(fuzzer::Fuzzer*, char const*, unsigned long) /src/libfuzzer/FuzzerDriver.cpp:268:6
    #12 0x8b38b6 in fuzzer::FuzzerDriver(int*, char***, int (*)(unsigned char const*, unsigned long)) /src/libfuzzer/FuzzerDriver.cpp:682:9
    #13 0x8a7a38 in main /src/libfuzzer/FuzzerMain.cpp:20:10
    #14 0x76759903483f in __libc_start_main (/lib/x86_64-linux-gnu/libc.so.6+0x2083f)

DEDUP_TOKEN: realloc--av_bprint_alloc--av_bprint_chars
SUMMARY: AddressSanitizer: heap-buffer-overflow /src/llvm/projects/compiler-rt/lib/asan/../sanitizer_common/sanitizer_common_interceptors.inc:367 in __interceptor_strncmp.part.75
Shadow bytes around the buggy address:
  0x0c3a7fff8480: 00 00 00 00 00 00 00 00 00 00 00 00 00 00 00 00
  0x0c3a7fff8490: 00 00 00 00 00 00 00 00 00 00 00 00 00 00 00 00
  0x0c3a7fff84a0: 00 00 00 00 00 00 00 00 00 00 00 00 00 00 00 00
  0x0c3a7fff84b0: 00 00 00 00 00 00 00 00 00 00 00 00 00 00 00 00
  0x0c3a7fff84c0: 00 00 00 00 00 00 00 00 00 00 00 00 00 00 00 00
=>0x0c3a7fff84d0:[fa]fa fa fa fa fa fa fa fa fa fa fa fa fa fa fa
  0x0c3a7fff84e0: fa fa fa fa fa fa fa fa fa fa fa fa fa fa fa fa
  0x0c3a7fff84f0: fa fa fa fa fa fa fa fa fa fa fa fa fa fa fa fa
  0x0c3a7fff8500: fa fa fa fa fa fa fa fa fa fa fa fa fa fa fa fa
  0x0c3a7fff8510: fa fa fa fa fa fa fa fa fa fa fa fa fa fa fa fa
  0x0c3a7fff8520: fa fa fa fa fa fa fa fa fa fa fa fa fa fa fa fa
Shadow byte legend (one shadow byte represents 8 application bytes):
  Addressable:           00
  Partially addressable: 01 02 03 04 05 06 07 
  Heap left redzone:       fa
  Freed heap region:       fd
  Stack left redzone:      f1
  Stack mid redzone:       f2
  Stack right redzone:     f3
  Stack after return:      f5
  Stack use after scope:   f8
  Global redzone:          f9
  Global init order:       f6
  Poisoned by user:        f7
  Container overflow:      fc
  Array cookie:            ac
  Intra object redzone:    bb
  ASan internal:           fe
  Left alloca redzone:     ca
  Right alloca redzone:    cb
==7==ABORTING
