INFO: Seed: 1812182858
INFO: Loaded 1 modules (68291 guards): [0xe34430, 0xe76f3c), 
/out/ffmpeg_AV_CODEC_ID_CDXL_fuzzer: Running 1 inputs 1 time(s) each.
Running: /tmp/poc
=================================================================
==7==ERROR: AddressSanitizer: heap-buffer-overflow on address 0x60a00000056f at pc 0x0000004c55e8 bp 0x7ffce1c855d0 sp 0x7ffce1c84d80
WRITE of size 80 at 0x60a00000056f thread T0
SCARINESS: 45 (multi-byte-write-heap-buffer-overflow)
    #0 0x4c55e7 in __asan_memcpy /src/llvm/projects/compiler-rt/lib/asan/asan_interceptors.cc:469
    #1 0x5306b2 in bytestream2_get_buffer /src/ffmpeg/libavcodec/bytestream.h:268:5
    #2 0x5306b2 in chunky2chunky /src/ffmpeg/libavcodec/cdxl.c:118
    #3 0x52b36e in cdxl_decode_frame /src/ffmpeg/libavcodec/cdxl.c:309:9
    #4 0x54f12f in decode_simple_internal /src/ffmpeg/libavcodec/decode.c:414:15
    #5 0x54e725 in decode_simple_receive_frame /src/ffmpeg/libavcodec/decode.c:617:15
    #6 0x536a5f in decode_receive_frame_internal /src/ffmpeg/libavcodec/decode.c:635:15
    #7 0x53427f in avcodec_send_packet /src/ffmpeg/libavcodec/decode.c:675:15
    #8 0x5382cf in compat_decode /src/ffmpeg/libavcodec/decode.c:730:15
    #9 0x5194b2 in LLVMFuzzerTestOneInput /src/ffmpeg/tools/target_dec_fuzzer.c:213:23
    #10 0x8d2209 in fuzzer::Fuzzer::ExecuteCallback(unsigned char const*, unsigned long) /src/libfuzzer/FuzzerLoop.cpp:440:13
    #11 0x8d29da in fuzzer::Fuzzer::RunOne(unsigned char const*, unsigned long) /src/libfuzzer/FuzzerLoop.cpp:397:3
    #12 0x8a9d36 in fuzzer::RunOneTest(fuzzer::Fuzzer*, char const*, unsigned long) /src/libfuzzer/FuzzerDriver.cpp:268:6
    #13 0x8b51d6 in fuzzer::FuzzerDriver(int*, char***, int (*)(unsigned char const*, unsigned long)) /src/libfuzzer/FuzzerDriver.cpp:682:9
    #14 0x8a9358 in main /src/libfuzzer/FuzzerMain.cpp:20:10
    #15 0x7f1907ae083f in __libc_start_main (/lib/x86_64-linux-gnu/libc.so.6+0x2083f)
    #16 0x41d658 in _start (/out/ffmpeg_AV_CODEC_ID_CDXL_fuzzer+0x41d658)

DEDUP_TOKEN: __asan_memcpy--bytestream2_get_buffer--chunky2chunky
0x60a00000056f is located 0 bytes to the right of 79-byte region [0x60a000000520,0x60a00000056f)
allocated by thread T0 here:
    #0 0x4dcdc0 in __interceptor_posix_memalign /src/llvm/projects/compiler-rt/lib/asan/asan_malloc_linux.cc:142
    #1 0x826c54 in av_malloc /src/ffmpeg/libavutil/mem.c:87:9
    #2 0x7c6a29 in av_buffer_alloc /src/ffmpeg/libavutil/buffer.c:72:12
    #3 0x7c6b0e in av_buffer_allocz /src/ffmpeg/libavutil/buffer.c:85:24
    #4 0x7cb4b7 in pool_alloc_buffer /src/ffmpeg/libavutil/buffer.c:313:26
    #5 0x7caaa6 in av_buffer_pool_get /src/ffmpeg/libavutil/buffer.c:349:15
    #6 0x544208 in video_get_buffer /src/ffmpeg/libavcodec/decode.c:1378:23
    #7 0x54a927 in get_buffer_internal /src/ffmpeg/libavcodec/decode.c:1604:11
    #8 0x549fd9 in ff_get_buffer /src/ffmpeg/libavcodec/decode.c:1619:15
    #9 0x52ad7a in cdxl_decode_frame /src/ffmpeg/libavcodec/cdxl.c:295:16
    #10 0x54f12f in decode_simple_internal /src/ffmpeg/libavcodec/decode.c:414:15
    #11 0x54e725 in decode_simple_receive_frame /src/ffmpeg/libavcodec/decode.c:617:15
    #12 0x536a5f in decode_receive_frame_internal /src/ffmpeg/libavcodec/decode.c:635:15
    #13 0x53427f in avcodec_send_packet /src/ffmpeg/libavcodec/decode.c:675:15
    #14 0x5382cf in compat_decode /src/ffmpeg/libavcodec/decode.c:730:15
    #15 0x5194b2 in LLVMFuzzerTestOneInput /src/ffmpeg/tools/target_dec_fuzzer.c:213:23
    #16 0x8d2209 in fuzzer::Fuzzer::ExecuteCallback(unsigned char const*, unsigned long) /src/libfuzzer/FuzzerLoop.cpp:440:13
    #17 0x8d29da in fuzzer::Fuzzer::RunOne(unsigned char const*, unsigned long) /src/libfuzzer/FuzzerLoop.cpp:397:3
    #18 0x8a9d36 in fuzzer::RunOneTest(fuzzer::Fuzzer*, char const*, unsigned long) /src/libfuzzer/FuzzerDriver.cpp:268:6
    #19 0x8b51d6 in fuzzer::FuzzerDriver(int*, char***, int (*)(unsigned char const*, unsigned long)) /src/libfuzzer/FuzzerDriver.cpp:682:9
    #20 0x8a9358 in main /src/libfuzzer/FuzzerMain.cpp:20:10
    #21 0x7f1907ae083f in __libc_start_main (/lib/x86_64-linux-gnu/libc.so.6+0x2083f)

DEDUP_TOKEN: __interceptor_posix_memalign--av_malloc--av_buffer_alloc
SUMMARY: AddressSanitizer: heap-buffer-overflow /src/llvm/projects/compiler-rt/lib/asan/asan_interceptors.cc:469 in __asan_memcpy
Shadow bytes around the buggy address:
  0x0c147fff8050: fa fa fa fa fd fd fd fd fd fd fd fd fd fd fd fa
  0x0c147fff8060: fa fa fa fa fa fa fa fa 00 00 00 00 00 00 00 00
  0x0c147fff8070: 00 00 00 fa fa fa fa fa fa fa fa fa 00 00 00 00
  0x0c147fff8080: 00 00 00 00 00 00 00 fa fa fa fa fa fa fa fa fa
  0x0c147fff8090: 00 00 00 00 00 00 00 00 00 00 00 fa fa fa fa fa
=>0x0c147fff80a0: fa fa fa fa 00 00 00 00 00 00 00 00 00[07]fa fa
  0x0c147fff80b0: fa fa fa fa fa fa fa fa fa fa fa fa fa fa fa fa
  0x0c147fff80c0: fa fa fa fa fa fa fa fa fa fa fa fa fa fa fa fa
  0x0c147fff80d0: fa fa fa fa fa fa fa fa fa fa fa fa fa fa fa fa
  0x0c147fff80e0: fa fa fa fa fa fa fa fa fa fa fa fa fa fa fa fa
  0x0c147fff80f0: fa fa fa fa fa fa fa fa fa fa fa fa fa fa fa fa
Shadow byte legend (one shadow byte represents 8 application bytes):
  Addressable:           00
  Partially addressable: 01 02 03 04 05 06 07 
  Heap left redzone:       fa
  Freed heap region:       fd
  Stack left redzone:      f1
  Stack mid redzone:       f2
  Stack right redzone:     f3
  Stack after return:      f5
  Stack use after scope:   f8
  Global redzone:          f9
  Global init order:       f6
  Poisoned by user:        f7
  Container overflow:      fc
  Array cookie:            ac
  Intra object redzone:    bb
  ASan internal:           fe
  Left alloca redzone:     ca
  Right alloca redzone:    cb
==7==ABORTING
