Unable to find image 'n132/arvo:13851-vul' locally
13851-vul: Pulling from n132/arvo
34667c7e4631: Pulling fs layer
d18d76a881a4: Pulling fs layer
119c7358fbfc: Pulling fs layer
2aaf13f3eff0: Pulling fs layer
833176b94784: Pulling fs layer
1b763a2d1a9b: Pulling fs layer
bb3dcb92a7cf: Pulling fs layer
aacf3ddefaf5: Pulling fs layer
7a293537d161: Pulling fs layer
370a364ad623: Pulling fs layer
965a76613907: Pulling fs layer
533205e6ded4: Pulling fs layer
5a92530c3949: Pulling fs layer
56c941d7b36f: Pulling fs layer
6d08e08fa54c: Pulling fs layer
e3fafe968b53: Pulling fs layer
63787f46280d: Pulling fs layer
cb332bac7906: Pulling fs layer
9e8be8dbd175: Pulling fs layer
ab24627e1a0e: Pulling fs layer
784bbe74f84c: Pulling fs layer
4ac08935ec19: Pulling fs layer
7c30a84dc733: Pulling fs layer
50cff7766a09: Pulling fs layer
c656e54f7355: Pulling fs layer
973ed6c46444: Pulling fs layer
9a493ff3968c: Pulling fs layer
a7c3f48e39aa: Pulling fs layer
27250b07a227: Pulling fs layer
0ad0f4eaf50f: Pulling fs layer
da8d25e960aa: Pulling fs layer
b7a2680ebfd5: Pulling fs layer
490a33f1f937: Pulling fs layer
c7459ac5e458: Pulling fs layer
2a60d5ff7400: Pulling fs layer
d0c89e25de4f: Pulling fs layer
106c796446bd: Pulling fs layer
ed8733cb5400: Pulling fs layer
f0a563d1c9b1: Pulling fs layer
01304577635e: Pulling fs layer
35b9fc97eb89: Pulling fs layer
353070ceedf2: Pulling fs layer
65c9f78c1f87: Pulling fs layer
e2f237685ebc: Pulling fs layer
e4c9399d484e: Pulling fs layer
cc2db79805de: Pulling fs layer
a7f4d901a311: Pulling fs layer
2aaf13f3eff0: Waiting
833176b94784: Waiting
0abfbc1c35c2: Pulling fs layer
1b763a2d1a9b: Waiting
66a173456f7d: Pulling fs layer
bb3dcb92a7cf: Waiting
e3fafe968b53: Waiting
63787f46280d: Waiting
e8997f0df306: Pulling fs layer
dc3006fc64fc: Pulling fs layer
973ed6c46444: Waiting
9a493ff3968c: Waiting
9210299f3fb6: Pulling fs layer
e3f0aa82fb2f: Pulling fs layer
a7c3f48e39aa: Waiting
27250b07a227: Waiting
0ad0f4eaf50f: Waiting
da8d25e960aa: Waiting
b7a2680ebfd5: Waiting
cb332bac7906: Waiting
490a33f1f937: Waiting
4ac08935ec19: Waiting
c7459ac5e458: Waiting
9e8be8dbd175: Waiting
2a60d5ff7400: Waiting
aacf3ddefaf5: Waiting
d0c89e25de4f: Waiting
ab24627e1a0e: Waiting
106c796446bd: Waiting
50cff7766a09: Waiting
7a293537d161: Waiting
ed8733cb5400: Waiting
784bbe74f84c: Waiting
c656e54f7355: Waiting
370a364ad623: Waiting
965a76613907: Waiting
e2f237685ebc: Waiting
7c30a84dc733: Waiting
cc2db79805de: Waiting
e4c9399d484e: Waiting
a7f4d901a311: Waiting
e8997f0df306: Waiting
66a173456f7d: Waiting
dc3006fc64fc: Waiting
9210299f3fb6: Waiting
533205e6ded4: Waiting
01304577635e: Waiting
e3f0aa82fb2f: Waiting
353070ceedf2: Waiting
65c9f78c1f87: Waiting
35b9fc97eb89: Waiting
0abfbc1c35c2: Waiting
5a92530c3949: Waiting
56c941d7b36f: Waiting
6d08e08fa54c: Waiting
d18d76a881a4: Verifying Checksum
d18d76a881a4: Download complete
119c7358fbfc: Download complete
2aaf13f3eff0: Verifying Checksum
2aaf13f3eff0: Download complete
34667c7e4631: Verifying Checksum
34667c7e4631: Download complete
bb3dcb92a7cf: Verifying Checksum
bb3dcb92a7cf: Download complete
1b763a2d1a9b: Verifying Checksum
1b763a2d1a9b: Download complete
833176b94784: Verifying Checksum
833176b94784: Download complete
34667c7e4631: Pull complete
d18d76a881a4: Pull complete
119c7358fbfc: Pull complete
2aaf13f3eff0: Pull complete
7a293537d161: Verifying Checksum
7a293537d161: Download complete
965a76613907: Verifying Checksum
965a76613907: Download complete
833176b94784: Pull complete
1b763a2d1a9b: Pull complete
bb3dcb92a7cf: Pull complete
533205e6ded4: Verifying Checksum
533205e6ded4: Download complete
370a364ad623: Verifying Checksum
370a364ad623: Download complete
5a92530c3949: Verifying Checksum
5a92530c3949: Download complete
56c941d7b36f: Verifying Checksum
56c941d7b36f: Download complete
6d08e08fa54c: Verifying Checksum
6d08e08fa54c: Download complete
63787f46280d: Verifying Checksum
63787f46280d: Download complete
e3fafe968b53: Verifying Checksum
e3fafe968b53: Download complete
cb332bac7906: Verifying Checksum
cb332bac7906: Download complete
9e8be8dbd175: Verifying Checksum
9e8be8dbd175: Download complete
aacf3ddefaf5: Verifying Checksum
aacf3ddefaf5: Download complete
ab24627e1a0e: Verifying Checksum
ab24627e1a0e: Download complete
7c30a84dc733: Download complete
4ac08935ec19: Verifying Checksum
4ac08935ec19: Download complete
50cff7766a09: Verifying Checksum
50cff7766a09: Download complete
c656e54f7355: Download complete
973ed6c46444: Verifying Checksum
973ed6c46444: Download complete
9a493ff3968c: Verifying Checksum
9a493ff3968c: Download complete
a7c3f48e39aa: Verifying Checksum
a7c3f48e39aa: Download complete
27250b07a227: Download complete
0ad0f4eaf50f: Download complete
784bbe74f84c: Verifying Checksum
784bbe74f84c: Download complete
da8d25e960aa: Verifying Checksum
da8d25e960aa: Download complete
b7a2680ebfd5: Download complete
c7459ac5e458: Verifying Checksum
c7459ac5e458: Download complete
490a33f1f937: Verifying Checksum
490a33f1f937: Download complete
2a60d5ff7400: Verifying Checksum
2a60d5ff7400: Download complete
d0c89e25de4f: Verifying Checksum
d0c89e25de4f: Download complete
f0a563d1c9b1: Verifying Checksum
f0a563d1c9b1: Download complete
ed8733cb5400: Verifying Checksum
ed8733cb5400: Download complete
01304577635e: Verifying Checksum
aacf3ddefaf5: Pull complete
7a293537d161: Pull complete
353070ceedf2: Download complete
35b9fc97eb89: Verifying Checksum
35b9fc97eb89: Download complete
e2f237685ebc: Download complete
65c9f78c1f87: Verifying Checksum
65c9f78c1f87: Download complete
106c796446bd: Verifying Checksum
106c796446bd: Download complete
cc2db79805de: Verifying Checksum
cc2db79805de: Download complete
370a364ad623: Pull complete
a7f4d901a311: Download complete
e4c9399d484e: Verifying Checksum
e4c9399d484e: Download complete
965a76613907: Pull complete
533205e6ded4: Pull complete
e8997f0df306: Verifying Checksum
e8997f0df306: Download complete
0abfbc1c35c2: Verifying Checksum
0abfbc1c35c2: Download complete
5a92530c3949: Pull complete
dc3006fc64fc: Verifying Checksum
dc3006fc64fc: Download complete
e3f0aa82fb2f: Verifying Checksum
e3f0aa82fb2f: Download complete
56c941d7b36f: Pull complete
6d08e08fa54c: Pull complete
e3fafe968b53: Pull complete
63787f46280d: Pull complete
cb332bac7906: Pull complete
9e8be8dbd175: Pull complete
66a173456f7d: Verifying Checksum
66a173456f7d: Download complete
ab24627e1a0e: Pull complete
784bbe74f84c: Pull complete
4ac08935ec19: Pull complete
7c30a84dc733: Pull complete
50cff7766a09: Pull complete
c656e54f7355: Pull complete
973ed6c46444: Pull complete
9a493ff3968c: Pull complete
a7c3f48e39aa: Pull complete
27250b07a227: Pull complete
0ad0f4eaf50f: Pull complete
da8d25e960aa: Pull complete
b7a2680ebfd5: Pull complete
490a33f1f937: Pull complete
c7459ac5e458: Pull complete
2a60d5ff7400: Pull complete
d0c89e25de4f: Pull complete
106c796446bd: Pull complete
ed8733cb5400: Pull complete
f0a563d1c9b1: Pull complete
01304577635e: Pull complete
35b9fc97eb89: Pull complete
353070ceedf2: Pull complete
65c9f78c1f87: Pull complete
e2f237685ebc: Pull complete
e4c9399d484e: Pull complete
cc2db79805de: Pull complete
a7f4d901a311: Pull complete
0abfbc1c35c2: Pull complete
66a173456f7d: Pull complete
e8997f0df306: Pull complete
dc3006fc64fc: Pull complete
9210299f3fb6: Verifying Checksum
9210299f3fb6: Download complete
9210299f3fb6: Pull complete
e3f0aa82fb2f: Pull complete
Digest: sha256:d7a620ed1d072441747307174191010e32545285b276ee377d78062f114cb81b
Status: Downloaded newer image for n132/arvo:13851-vul
======================= INFO =========================
This binary is built for AFL-fuzz.
To run the target function on individual input(s) execute this:
  /out/ffmpeg_AV_CODEC_ID_TIFF_fuzzer < INPUT_FILE
or
  /out/ffmpeg_AV_CODEC_ID_TIFF_fuzzer INPUT_FILE1 [INPUT_FILE2 ... ]
To fuzz with afl-fuzz execute this:
  afl-fuzz [afl-flags] /out/ffmpeg_AV_CODEC_ID_TIFF_fuzzer [-N]
afl-fuzz will run N iterations before re-spawning the process (default: 1000)
======================================================
=================================================================
==7==ERROR: AddressSanitizer: heap-buffer-overflow on address 0x61200000040f at pc 0x0000006b1507 bp 0x7ffdbad232a0 sp 0x7ffdbad23298
WRITE of size 1 at 0x61200000040f thread T0
SCARINESS: 31 (1-byte-write-heap-buffer-overflow)
    #0 0x6b1506 in ff_lzw_decode /src/ffmpeg/libavcodec/lzw.c:184:20
    #1 0x5257f7 in tiff_unpack_strip /src/ffmpeg/libavcodec/tiff.c:601:22
    #2 0x51a18d in decode_frame /src/ffmpeg/libavcodec/tiff.c:1488:24
    #3 0x507515 in decode_simple_internal /src/ffmpeg/libavcodec/decode.c:433:15
    #4 0x5071d5 in decode_simple_receive_frame /src/ffmpeg/libavcodec/decode.c:629:15
    #5 0x4fd9ad in decode_receive_frame_internal /src/ffmpeg/libavcodec/decode.c:647:15
    #6 0x4fd7b7 in avcodec_send_packet /src/ffmpeg/libavcodec/decode.c:705:15
    #7 0x4fe31f in compat_decode /src/ffmpeg/libavcodec/decode.c:796:15
    #8 0x4f545a in LLVMFuzzerTestOneInput /src/ffmpeg/tools/target_dec_fuzzer.c:245:23
    #9 0x9766aa in ExecuteFilesOnyByOne(int, char**) /src/libfuzzer/afl/afl_driver.cpp:156:5
    #10 0x976911 in main /src/libfuzzer/afl/afl_driver.cpp:193:12
    #11 0x71ba9aab183f in __libc_start_main (/lib/x86_64-linux-gnu/libc.so.6+0x2083f)
    #12 0x41dcb8 in _start (/out/ffmpeg_AV_CODEC_ID_TIFF_fuzzer+0x41dcb8)

DEDUP_TOKEN: ff_lzw_decode--tiff_unpack_strip--decode_frame
0x61200000040f is located 0 bytes to the right of 207-byte region [0x612000000340,0x61200000040f)
allocated by thread T0 here:
    #0 0x4b13de in __interceptor_posix_memalign /src/llvm/projects/compiler-rt/lib/asan/asan_malloc_linux.cc:218
    #1 0x91ef1b in av_malloc /src/ffmpeg/libavutil/mem.c:87:9
    #2 0x8fe8bd in av_buffer_alloc /src/ffmpeg/libavutil/buffer.c:72:12
    #3 0x8fe99b in av_buffer_allocz /src/ffmpeg/libavutil/buffer.c:85:24
    #4 0x900121 in pool_alloc_buffer /src/ffmpeg/libavutil/buffer.c:313:26
    #5 0x8ffe23 in av_buffer_pool_get /src/ffmpeg/libavutil/buffer.c:349:15
    #6 0x503d78 in video_get_buffer /src/ffmpeg/libavcodec/decode.c:1634:23
    #7 0x505ff8 in get_buffer_internal /src/ffmpeg/libavcodec/decode.c:1896:11
    #8 0x505ca9 in ff_get_buffer /src/ffmpeg/libavcodec/decode.c:1921:15
    #9 0x51522a in ff_thread_get_buffer /src/ffmpeg/libavcodec/pthread_frame.c:966:15
    #10 0x5222fe in init_image /src/ffmpeg/libavcodec/tiff.c:874:16
    #11 0x5198ab in decode_frame /src/ffmpeg/libavcodec/tiff.c:1428:16
    #12 0x507515 in decode_simple_internal /src/ffmpeg/libavcodec/decode.c:433:15
    #13 0x5071d5 in decode_simple_receive_frame /src/ffmpeg/libavcodec/decode.c:629:15
    #14 0x4fd9ad in decode_receive_frame_internal /src/ffmpeg/libavcodec/decode.c:647:15
    #15 0x4fd7b7 in avcodec_send_packet /src/ffmpeg/libavcodec/decode.c:705:15
    #16 0x4fe31f in compat_decode /src/ffmpeg/libavcodec/decode.c:796:15
    #17 0x4f545a in LLVMFuzzerTestOneInput /src/ffmpeg/tools/target_dec_fuzzer.c:245:23
    #18 0x9766aa in ExecuteFilesOnyByOne(int, char**) /src/libfuzzer/afl/afl_driver.cpp:156:5
    #19 0x976911 in main /src/libfuzzer/afl/afl_driver.cpp:193:12
    #20 0x71ba9aab183f in __libc_start_main (/lib/x86_64-linux-gnu/libc.so.6+0x2083f)

DEDUP_TOKEN: __interceptor_posix_memalign--av_malloc--av_buffer_alloc
SUMMARY: AddressSanitizer: heap-buffer-overflow /src/ffmpeg/libavcodec/lzw.c:184:20 in ff_lzw_decode
Shadow bytes around the buggy address:
  0x0c247fff8030: fa fa fa fa fa fa fa fa fd fd fd fd fd fd fd fd
  0x0c247fff8040: fd fd fd fd fd fd fd fd fd fd fd fd fd fd fd fd
  0x0c247fff8050: fd fd fd fd fd fd fd fd fd fa fa fa fa fa fa fa
  0x0c247fff8060: fa fa fa fa fa fa fa fa 00 00 00 00 00 00 00 00
  0x0c247fff8070: 00 00 00 00 00 00 00 00 00 00 00 00 00 00 00 00
=>0x0c247fff8080: 00[07]fa fa fa fa fa fa fa fa fa fa fa fa fa fa
  0x0c247fff8090: fa fa fa fa fa fa fa fa fa fa fa fa fa fa fa fa
  0x0c247fff80a0: fa fa fa fa fa fa fa fa fa fa fa fa fa fa fa fa
  0x0c247fff80b0: fa fa fa fa fa fa fa fa fa fa fa fa fa fa fa fa
  0x0c247fff80c0: fa fa fa fa fa fa fa fa fa fa fa fa fa fa fa fa
  0x0c247fff80d0: fa fa fa fa fa fa fa fa fa fa fa fa fa fa fa fa
Shadow byte legend (one shadow byte represents 8 application bytes):
  Addressable:           00
  Partially addressable: 01 02 03 04 05 06 07 
  Heap left redzone:       fa
  Freed heap region:       fd
  Stack left redzone:      f1
  Stack mid redzone:       f2
  Stack right redzone:     f3
  Stack after return:      f5
  Stack use after scope:   f8
  Global redzone:          f9
  Global init order:       f6
  Poisoned by user:        f7
  Container overflow:      fc
  Array cookie:            ac
  Intra object redzone:    bb
  ASan internal:           fe
  Left alloca redzone:     ca
  Right alloca redzone:    cb
  Shadow gap:              cc
==7==ABORTING
