INFO: Seed: 1879877614
INFO: Loaded 1 modules   (38758 inline 8-bit counters): 38758 [0xf8edd0, 0xf98536), 
INFO: Loaded 1 PC tables (38758 PCs): 38758 [0xbd8df0,0xc70450), 
/out/ffmpeg_AV_CODEC_ID_AGM_fuzzer: Running 1 inputs 1 time(s) each.
Running: /tmp/poc
=================================================================
==7==ERROR: AddressSanitizer: heap-buffer-overflow on address 0x619000001d11 at pc 0x0000004fa9dc bp 0x7ffe4af20830 sp 0x7ffe4af20828
READ of size 4 at 0x619000001d11 thread T0
SCARINESS: 17 (4-byte-read-heap-buffer-overflow)
    #0 0x4fa9db in show_bits /src/ffmpeg/libavcodec/get_bits.h:455:5
    #1 0x4fa456 in read_code /src/ffmpeg/libavcodec/agm.c:91:9
    #2 0x4fc654 in decode_inter_block /src/ffmpeg/libavcodec/agm.c:263:19
    #3 0x4fb6c9 in decode_inter_plane /src/ffmpeg/libavcodec/agm.c:326:23
    #4 0x4f8884 in decode_inter /src/ffmpeg/libavcodec/agm.c:488:11
    #5 0x4f77c1 in decode_frame /src/ffmpeg/libavcodec/agm.c:585:15
    #6 0x50ebd4 in decode_simple_internal /src/ffmpeg/libavcodec/decode.c:433:15
    #7 0x50e831 in decode_simple_receive_frame /src/ffmpeg/libavcodec/decode.c:629:15
    #8 0x504641 in decode_receive_frame_internal /src/ffmpeg/libavcodec/decode.c:647:15
    #9 0x504452 in avcodec_send_packet /src/ffmpeg/libavcodec/decode.c:705:15
    #10 0x505090 in compat_decode /src/ffmpeg/libavcodec/decode.c:796:15
    #11 0x4f5b11 in LLVMFuzzerTestOneInput /src/ffmpeg/tools/target_dec_fuzzer.c:245:23
    #12 0x9dedf1 in fuzzer::Fuzzer::ExecuteCallback(unsigned char const*, unsigned long) /src/libfuzzer/FuzzerLoop.cpp:529:15
    #13 0x99e72f in fuzzer::RunOneTest(fuzzer::Fuzzer*, char const*, unsigned long) /src/libfuzzer/FuzzerDriver.cpp:286:6
    #14 0x9aa403 in fuzzer::FuzzerDriver(int*, char***, int (*)(unsigned char const*, unsigned long)) /src/libfuzzer/FuzzerDriver.cpp:715:9
    #15 0x99dd87 in main /src/libfuzzer/FuzzerMain.cpp:19:10
    #16 0x713ff9db883f in __libc_start_main (/lib/x86_64-linux-gnu/libc.so.6+0x2083f)
    #17 0x41e288 in _start (/out/ffmpeg_AV_CODEC_ID_AGM_fuzzer+0x41e288)

DEDUP_TOKEN: show_bits--read_code--decode_inter_block
0x619000001d11 is located 0 bytes to the right of 913-byte region [0x619000001980,0x619000001d11)
allocated by thread T0 here:
    #0 0x4b1260 in realloc /src/llvm/projects/compiler-rt/lib/asan/asan_malloc_linux.cc:164
    #1 0x91e75f in av_buffer_realloc /src/ffmpeg/libavutil/buffer.c:177:25
    #2 0x4fd8b0 in packet_alloc /src/ffmpeg/libavcodec/avpacket.c:77:11
    #3 0x5013ca in av_packet_ref /src/ffmpeg/libavcodec/avpacket.c:616:15
    #4 0x504294 in avcodec_send_packet /src/ffmpeg/libavcodec/decode.c:693:15
    #5 0x505090 in compat_decode /src/ffmpeg/libavcodec/decode.c:796:15
    #6 0x4f5b11 in LLVMFuzzerTestOneInput /src/ffmpeg/tools/target_dec_fuzzer.c:245:23
    #7 0x9dedf1 in fuzzer::Fuzzer::ExecuteCallback(unsigned char const*, unsigned long) /src/libfuzzer/FuzzerLoop.cpp:529:15
    #8 0x99e72f in fuzzer::RunOneTest(fuzzer::Fuzzer*, char const*, unsigned long) /src/libfuzzer/FuzzerDriver.cpp:286:6
    #9 0x9aa403 in fuzzer::FuzzerDriver(int*, char***, int (*)(unsigned char const*, unsigned long)) /src/libfuzzer/FuzzerDriver.cpp:715:9
    #10 0x99dd87 in main /src/libfuzzer/FuzzerMain.cpp:19:10
    #11 0x713ff9db883f in __libc_start_main (/lib/x86_64-linux-gnu/libc.so.6+0x2083f)

DEDUP_TOKEN: realloc--av_buffer_realloc--packet_alloc
SUMMARY: AddressSanitizer: heap-buffer-overflow /src/ffmpeg/libavcodec/get_bits.h:455:5 in show_bits
Shadow bytes around the buggy address:
  0x0c327fff8350: 00 00 00 00 00 00 00 00 00 00 00 00 00 00 00 00
  0x0c327fff8360: 00 00 00 00 00 00 00 00 00 00 00 00 00 00 00 00
  0x0c327fff8370: 00 00 00 00 00 00 00 00 00 00 00 00 00 00 00 00
  0x0c327fff8380: 00 00 00 00 00 00 00 00 00 00 00 00 00 00 00 00
  0x0c327fff8390: 00 00 00 00 00 00 00 00 00 00 00 00 00 00 00 00
=>0x0c327fff83a0: 00 00[01]fa fa fa fa fa fa fa fa fa fa fa fa fa
  0x0c327fff83b0: fa fa fa fa fa fa fa fa fa fa fa fa fa fa fa fa
  0x0c327fff83c0: fa fa fa fa fa fa fa fa fa fa fa fa fa fa fa fa
  0x0c327fff83d0: fa fa fa fa fa fa fa fa fa fa fa fa fa fa fa fa
  0x0c327fff83e0: fa fa fa fa fa fa fa fa fa fa fa fa fa fa fa fa
  0x0c327fff83f0: fa fa fa fa fa fa fa fa fa fa fa fa fa fa fa fa
Shadow byte legend (one shadow byte represents 8 application bytes):
  Addressable:           00
  Partially addressable: 01 02 03 04 05 06 07 
  Heap left redzone:       fa
  Freed heap region:       fd
  Stack left redzone:      f1
  Stack mid redzone:       f2
  Stack right redzone:     f3
  Stack after return:      f5
  Stack use after scope:   f8
  Global redzone:          f9
  Global init order:       f6
  Poisoned by user:        f7
  Container overflow:      fc
  Array cookie:            ac
  Intra object redzone:    bb
  ASan internal:           fe
  Left alloca redzone:     ca
  Right alloca redzone:    cb
  Shadow gap:              cc
==7==ABORTING
