INFO: Seed: 3266056847
INFO: Loaded 1 modules (73793 guards): [0xf1f4f0, 0xf675f4),
/out/ffmpeg_AV_CODEC_ID_LIBFDK_AAC_fuzzer: Running 1 inputs 1 time(s) each.
Running: /tmp/poc
=================================================================
==13==ERROR: AddressSanitizer: heap-buffer-overflow on address 0x62d000012400 at pc 0x0000004c5d4d bp 0x7ffe810c6d60 sp 0x7ffe810c6510
WRITE of size 65536 at 0x62d000012400 thread T0
SCARINESS: 45 (multi-byte-write-heap-buffer-overflow)
    #0 0x4c5d4c in __asan_memset /src/llvm/projects/compiler-rt/lib/asan/asan_interceptors.cc:473
    #1 0x8d04a9 in FDKmemset /src/fdk-aac/libSYS/src/genericStds.cpp:343:68
    #2 0x8a88af in aacDecoder_DecodeFrame /src/fdk-aac/libAACdec/src/aacdecoder_lib.cpp:1065:7
    #3 0x555528 in fdk_aac_decode_frame /src/ffmpeg/libavcodec/libfdk-aacdec.c:328:11
    #4 0x5476cf in decode_simple_internal /src/ffmpeg/libavcodec/decode.c:414:15
    #5 0x546cc5 in decode_simple_receive_frame /src/ffmpeg/libavcodec/decode.c:617:15
    #6 0x52efff in decode_receive_frame_internal /src/ffmpeg/libavcodec/decode.c:635:15
    #7 0x52c81f in avcodec_send_packet /src/ffmpeg/libavcodec/decode.c:675:15
    #8 0x53086f in compat_decode /src/ffmpeg/libavcodec/decode.c:730:15
    #9 0x519612 in LLVMFuzzerTestOneInput /src/ffmpeg/tools/target_dec_fuzzer.c:213:23
    #10 0x987c29 in fuzzer::Fuzzer::ExecuteCallback(unsigned char const*, unsigned long) /src/libfuzzer/FuzzerLoop.cpp:440:13
    #11 0x9883fa in fuzzer::Fuzzer::RunOne(unsigned char const*, unsigned long) /src/libfuzzer/FuzzerLoop.cpp:397:3
    #12 0x95f756 in fuzzer::RunOneTest(fuzzer::Fuzzer*, char const*, unsigned long) /src/libfuzzer/FuzzerDriver.cpp:268:6
    #13 0x96abf6 in fuzzer::FuzzerDriver(int*, char***, int (*)(unsigned char const*, unsigned long)) /src/libfuzzer/FuzzerDriver.cpp:682:9
    #14 0x95ed78 in main /src/libfuzzer/FuzzerMain.cpp:20:10
    #15 0x70980175f83f in __libc_start_main (/lib/x86_64-linux-gnu/libc.so.6+0x2083f)
    #16 0x41d7b8 in _start (/out/ffmpeg_AV_CODEC_ID_LIBFDK_AAC_fuzzer+0x41d7b8)

DEDUP_TOKEN: __asan_memset--FDKmemset--aacDecoder_DecodeFrame
0x62d000012400 is located 0 bytes to the right of 32768-byte region [0x62d00000a400,0x62d000012400)
allocated by thread T0 here:
    #0 0x4dcf20 in __interceptor_posix_memalign /src/llvm/projects/compiler-rt/lib/asan/asan_malloc_linux.cc:142
    #1 0x823724 in av_malloc /src/ffmpeg/libavutil/mem.c:87:9
    #2 0x554624 in fdk_aac_decode_init /src/ffmpeg/libavcodec/libfdk-aacdec.c:306:25
    #3 0x583c9b in avcodec_open2 /src/ffmpeg/libavcodec/utils.c:1020:15
    #4 0x519275 in LLVMFuzzerTestOneInput /src/ffmpeg/tools/target_dec_fuzzer.c:182:15
    #5 0x987c29 in fuzzer::Fuzzer::ExecuteCallback(unsigned char const*, unsigned long) /src/libfuzzer/FuzzerLoop.cpp:440:13
    #6 0x9883fa in fuzzer::Fuzzer::RunOne(unsigned char const*, unsigned long) /src/libfuzzer/FuzzerLoop.cpp:397:3
    #7 0x95f756 in fuzzer::RunOneTest(fuzzer::Fuzzer*, char const*, unsigned long) /src/libfuzzer/FuzzerDriver.cpp:268:6
    #8 0x96abf6 in fuzzer::FuzzerDriver(int*, char***, int (*)(unsigned char const*, unsigned long)) /src/libfuzzer/FuzzerDriver.cpp:682:9
    #9 0x95ed78 in main /src/libfuzzer/FuzzerMain.cpp:20:10
    #10 0x70980175f83f in __libc_start_main (/lib/x86_64-linux-gnu/libc.so.6+0x2083f)

DEDUP_TOKEN: __interceptor_posix_memalign--av_malloc--fdk_aac_decode_init
SUMMARY: AddressSanitizer: heap-buffer-overflow /src/llvm/projects/compiler-rt/lib/asan/asan_interceptors.cc:473 in __asan_memset
Shadow bytes around the buggy address:
  0x0c5a7fffa430: 00 00 00 00 00 00 00 00 00 00 00 00 00 00 00 00
  0x0c5a7fffa440: 00 00 00 00 00 00 00 00 00 00 00 00 00 00 00 00
  0x0c5a7fffa450: 00 00 00 00 00 00 00 00 00 00 00 00 00 00 00 00
  0x0c5a7fffa460: 00 00 00 00 00 00 00 00 00 00 00 00 00 00 00 00
  0x0c5a7fffa470: 00 00 00 00 00 00 00 00 00 00 00 00 00 00 00 00
=>0x0c5a7fffa480:[fa]fa fa fa fa fa fa fa fa fa fa fa fa fa fa fa
  0x0c5a7fffa490: fa fa fa fa fa fa fa fa fa fa fa fa fa fa fa fa
  0x0c5a7fffa4a0: fa fa fa fa fa fa fa fa fa fa fa fa fa fa fa fa
  0x0c5a7fffa4b0: fa fa fa fa fa fa fa fa fa fa fa fa fa fa fa fa
  0x0c5a7fffa4c0: fa fa fa fa fa fa fa fa fa fa fa fa fa fa fa fa
  0x0c5a7fffa4d0: fa fa fa fa fa fa fa fa fa fa fa fa fa fa fa fa
Shadow byte legend (one shadow byte represents 8 application bytes):
  Addressable:           00
  Partially addressable: 01 02 03 04 05 06 07
  Heap left redzone:       fa
  Freed heap region:       fd
  Stack left redzone:      f1
  Stack mid redzone:       f2
  Stack right redzone:     f3
  Stack after return:      f5
  Stack use after scope:   f8
  Global redzone:          f9
  Global init order:       f6
  Poisoned by user:        f7
  Container overflow:      fc
  Array cookie:            ac
  Intra object redzone:    bb
  ASan internal:           fe
  Left alloca redzone:     ca
  Right alloca redzone:    cb
==13==ABORTING