INFO: Seed: 3266172464
INFO: Loaded 1 modules (67931 guards): [0xe33e90, 0xe763fc),
/out/ffmpeg_AV_CODEC_ID_XPM_fuzzer: Running 1 inputs 1 time(s) each.
Running: /tmp/poc
=================================================================
==13==ERROR: AddressSanitizer: stack-buffer-overflow on address 0x7907cd121e84 at pc 0x000000447a31 bp 0x7fff6387acb0 sp 0x7fff6387a460
WRITE of size 101 at 0x7907cd121e84 thread T0
SCARINESS: 60 (multi-byte-write-stack-buffer-overflow)
    #0 0x447a30 in strncpy /src/llvm/projects/compiler-rt/lib/asan/asan_interceptors.cc:608
    #1 0x5a5535 in color_string_to_rgba /src/ffmpeg/libavcodec/xpmdec.c:266:9
    #2 0x5a371e in xpm_decode_frame /src/ffmpeg/libavcodec/xpmdec.c:374:26
    #3 0x5475bf in decode_simple_internal /src/ffmpeg/libavcodec/decode.c:414:15
    #4 0x546bb5 in decode_simple_receive_frame /src/ffmpeg/libavcodec/decode.c:617:15
    #5 0x52eeef in decode_receive_frame_internal /src/ffmpeg/libavcodec/decode.c:635:15
    #6 0x52c70f in avcodec_send_packet /src/ffmpeg/libavcodec/decode.c:675:15
    #7 0x53075f in compat_decode /src/ffmpeg/libavcodec/decode.c:730:15
    #8 0x519502 in LLVMFuzzerTestOneInput /src/ffmpeg/tools/target_dec_fuzzer.c:213:23
    #9 0x8cd9b9 in fuzzer::Fuzzer::ExecuteCallback(unsigned char const*, unsigned long) /src/libfuzzer/FuzzerLoop.cpp:440:13
    #10 0x8ce18a in fuzzer::Fuzzer::RunOne(unsigned char const*, unsigned long) /src/libfuzzer/FuzzerLoop.cpp:397:3
    #11 0x8a54e6 in fuzzer::RunOneTest(fuzzer::Fuzzer*, char const*, unsigned long) /src/libfuzzer/FuzzerDriver.cpp:268:6
    #12 0x8b0986 in fuzzer::FuzzerDriver(int*, char***, int (*)(unsigned char const*, unsigned long)) /src/libfuzzer/FuzzerDriver.cpp:682:9
    #13 0x8a4b08 in main /src/libfuzzer/FuzzerMain.cpp:20:10
    #14 0x7907cd1d283f in __libc_start_main (/lib/x86_64-linux-gnu/libc.so.6+0x2083f)
    #15 0x41d6a8 in _start (/out/ffmpeg_AV_CODEC_ID_XPM_fuzzer+0x41d6a8)

DEDUP_TOKEN: strncpy--color_string_to_rgba--xpm_decode_frame
Address 0x7907cd121e84 is located in stack of thread T0 at offset 132 in frame
    #0 0x5a52ef in color_string_to_rgba /src/ffmpeg/libavcodec/xpmdec.c:231

DEDUP_TOKEN: color_string_to_rgba
  This frame has 1 object(s):
    [32, 132) 'color_name' (line 234) <== Memory access at offset 132 overflows this variable
HINT: this may be a false positive if your program uses some custom stack unwind mechanism or swapcontext
      (longjmp and C++ exceptions *are* supported)
SUMMARY: AddressSanitizer: stack-buffer-overflow /src/llvm/projects/compiler-rt/lib/asan/asan_interceptors.cc:608 in strncpy
Shadow bytes around the buggy address:
  0x0f2179a1c380: f5 f5 f5 f5 f5 f5 f5 f5 f5 f5 f5 f5 f5 f5 f5 f5
  0x0f2179a1c390: f5 f5 f5 f5 f5 f5 f5 f5 f5 f5 f5 f5 f5 f5 f5 f5
  0x0f2179a1c3a0: f5 f5 f5 f5 f5 f5 f5 f5 f5 f5 f5 f5 f5 f5 f5 f5
  0x0f2179a1c3b0: f5 f5 f5 f5 f5 f5 f5 f5 f5 f5 f5 f5 f5 f5 f5 f5
  0x0f2179a1c3c0: f1 f1 f1 f1 00 00 00 00 00 00 00 00 00 00 00 00
=>0x0f2179a1c3d0:[04]f3 f3 f3 f3 f3 f3 f3 00 00 00 00 00 00 00 00
  0x0f2179a1c3e0: 00 00 00 00 00 00 00 00 00 00 00 00 00 00 00 00
  0x0f2179a1c3f0: 00 00 00 00 00 00 00 00 00 00 00 00 00 00 00 00
  0x0f2179a1c400: 00 00 00 00 00 00 00 00 00 00 00 00 00 00 00 00
  0x0f2179a1c410: 00 00 00 00 00 00 00 00 00 00 00 00 00 00 00 00
  0x0f2179a1c420: 00 00 00 00 00 00 00 00 00 00 00 00 00 00 00 00
Shadow byte legend (one shadow byte represents 8 application bytes):
  Addressable:           00
  Partially addressable: 01 02 03 04 05 06 07
  Heap left redzone:       fa
  Freed heap region:       fd
  Stack left redzone:      f1
  Stack mid redzone:       f2
  Stack right redzone:     f3
  Stack after return:      f5
  Stack use after scope:   f8
  Global redzone:          f9
  Global init order:       f6
  Poisoned by user:        f7
  Container overflow:      fc
  Array cookie:            ac
  Intra object redzone:    bb
  ASan internal:           fe
  Left alloca redzone:     ca
  Right alloca redzone:    cb
==13==ABORTING