Unable to find image 'n132/arvo:1478-vul' locally
1478-vul: Pulling from n132/arvo
d16fc20e681d: Already exists
63f1c4e4b781: Already exists
fb4d3bb1280c: Already exists
8038895a6c2e: Already exists
43fa392d948c: Already exists
269c60a1465b: Already exists
962cf29a2bb7: Already exists
48dcb286890a: Already exists
0cede67fb003: Already exists
3c826b7674fb: Already exists
8387efc1ffde: Already exists
911ca8932ada: Already exists
8e7f672d6b82: Already exists
9d1a80471d30: Already exists
331bc47ffa98: Already exists
b3e4271b775c: Pulling fs layer
fc87bef11417: Pulling fs layer
5215281074db: Pulling fs layer
302b68d1a3a4: Pulling fs layer
d396a6d5d922: Pulling fs layer
675a0bae4b33: Pulling fs layer
17353a223942: Pulling fs layer
e5b4c6728f5d: Pulling fs layer
519fa4223b6e: Pulling fs layer
ad60637e30e0: Pulling fs layer
a09b111067e5: Pulling fs layer
4b003f78a0dc: Pulling fs layer
96c3cb3d81eb: Pulling fs layer
56160adc418e: Pulling fs layer
308bd0919579: Pulling fs layer
835d8a7b5f20: Pulling fs layer
302b68d1a3a4: Waiting
970aec9ae0f5: Pulling fs layer
b32c4217325b: Pulling fs layer
476cc1931f70: Pulling fs layer
675a0bae4b33: Waiting
c3610d350190: Pulling fs layer
d396a6d5d922: Waiting
17353a223942: Waiting
c5326b0e955e: Pulling fs layer
e5b4c6728f5d: Waiting
519fa4223b6e: Waiting
4b003f78a0dc: Waiting
a929a2a76b72: Pulling fs layer
ad60637e30e0: Waiting
a09b111067e5: Waiting
bb1ffa5d399b: Pulling fs layer
81fe7cda78b8: Pulling fs layer
9b063a59081d: Pulling fs layer
835d8a7b5f20: Waiting
970aec9ae0f5: Waiting
b32c4217325b: Waiting
c3610d350190: Waiting
476cc1931f70: Waiting
e8bf385e18bd: Pulling fs layer
c5326b0e955e: Waiting
a929a2a76b72: Waiting
81fe7cda78b8: Waiting
b2d944f71860: Pulling fs layer
9b063a59081d: Waiting
34035f126bab: Pulling fs layer
bb1ffa5d399b: Waiting
96c3cb3d81eb: Waiting
308bd0919579: Waiting
b2d944f71860: Waiting
e7604302ad99: Pulling fs layer
37b583305c14: Pulling fs layer
34035f126bab: Waiting
e8bf385e18bd: Waiting
e7604302ad99: Waiting
bda0eccfb882: Pulling fs layer
54f3542228bf: Pulling fs layer
37b583305c14: Waiting
bb150eeb14e5: Pulling fs layer
b4d1cf2fc18a: Pulling fs layer
ea691ce71d79: Pulling fs layer
58d0c8c29560: Pulling fs layer
ea691ce71d79: Waiting
58d0c8c29560: Waiting
54f3542228bf: Waiting
b4d1cf2fc18a: Waiting
56160adc418e: Waiting
bda0eccfb882: Waiting
fc87bef11417: Verifying Checksum
fc87bef11417: Download complete
b3e4271b775c: Verifying Checksum
b3e4271b775c: Download complete
5215281074db: Verifying Checksum
5215281074db: Download complete
675a0bae4b33: Verifying Checksum
675a0bae4b33: Download complete
d396a6d5d922: Verifying Checksum
d396a6d5d922: Download complete
e5b4c6728f5d: Verifying Checksum
e5b4c6728f5d: Download complete
17353a223942: Download complete
519fa4223b6e: Download complete
ad60637e30e0: Verifying Checksum
ad60637e30e0: Download complete
4b003f78a0dc: Download complete
b3e4271b775c: Pull complete
fc87bef11417: Pull complete
96c3cb3d81eb: Download complete
a09b111067e5: Verifying Checksum
a09b111067e5: Download complete
56160adc418e: Download complete
302b68d1a3a4: Verifying Checksum
302b68d1a3a4: Download complete
308bd0919579: Verifying Checksum
308bd0919579: Download complete
970aec9ae0f5: Download complete
835d8a7b5f20: Verifying Checksum
835d8a7b5f20: Download complete
b32c4217325b: Verifying Checksum
b32c4217325b: Download complete
476cc1931f70: Verifying Checksum
476cc1931f70: Download complete
c5326b0e955e: Verifying Checksum
c5326b0e955e: Download complete
a929a2a76b72: Verifying Checksum
a929a2a76b72: Download complete
bb1ffa5d399b: Download complete
9b063a59081d: Verifying Checksum
9b063a59081d: Download complete
81fe7cda78b8: Verifying Checksum
81fe7cda78b8: Download complete
b2d944f71860: Download complete
5215281074db: Pull complete
c3610d350190: Verifying Checksum
c3610d350190: Download complete
e8bf385e18bd: Verifying Checksum
e8bf385e18bd: Download complete
e7604302ad99: Verifying Checksum
e7604302ad99: Download complete
37b583305c14: Download complete
34035f126bab: Verifying Checksum
34035f126bab: Download complete
bda0eccfb882: Verifying Checksum
bda0eccfb882: Download complete
bb150eeb14e5: Verifying Checksum
bb150eeb14e5: Download complete
b4d1cf2fc18a: Verifying Checksum
b4d1cf2fc18a: Download complete
302b68d1a3a4: Pull complete
58d0c8c29560: Verifying Checksum
58d0c8c29560: Download complete
d396a6d5d922: Pull complete
675a0bae4b33: Pull complete
17353a223942: Pull complete
e5b4c6728f5d: Pull complete
519fa4223b6e: Pull complete
ad60637e30e0: Pull complete
a09b111067e5: Pull complete
4b003f78a0dc: Pull complete
96c3cb3d81eb: Pull complete
56160adc418e: Pull complete
308bd0919579: Pull complete
835d8a7b5f20: Pull complete
970aec9ae0f5: Pull complete
b32c4217325b: Pull complete
476cc1931f70: Pull complete
c3610d350190: Pull complete
c5326b0e955e: Pull complete
a929a2a76b72: Pull complete
bb1ffa5d399b: Pull complete
81fe7cda78b8: Pull complete
9b063a59081d: Pull complete
e8bf385e18bd: Pull complete
b2d944f71860: Pull complete
34035f126bab: Pull complete
e7604302ad99: Pull complete
37b583305c14: Pull complete
bda0eccfb882: Pull complete
54f3542228bf: Verifying Checksum
54f3542228bf: Download complete
54f3542228bf: Pull complete
bb150eeb14e5: Pull complete
b4d1cf2fc18a: Pull complete
ea691ce71d79: Verifying Checksum
ea691ce71d79: Download complete
ea691ce71d79: Pull complete
58d0c8c29560: Pull complete
Digest: sha256:fa35efaa821469e8164cc902b3f11850cd6321b11342e28bdf3f0d69afa91420
Status: Downloaded newer image for n132/arvo:1478-vul
INFO: Seed: 2993230191
INFO: Loaded 1 modules (69659 guards): [0xe49190, 0xe8d1fc), 
/out/ffmpeg_AV_CODEC_ID_SCPR_fuzzer: Running 1 inputs 1 time(s) each.
Running: /tmp/poc
=================================================================
==7==ERROR: AddressSanitizer: heap-buffer-overflow on address 0x63100002550c at pc 0x00000057bfa9 bp 0x7ffc13c16970 sp 0x7ffc13c16968
WRITE of size 4 at 0x63100002550c thread T0
SCARINESS: 36 (4-byte-write-heap-buffer-overflow)
    #0 0x57bfa8 in decompress_i /src/ffmpeg/libavcodec/scpr.c:334:35
    #1 0x573a74 in decode_frame /src/ffmpeg/libavcodec/scpr.c
    #2 0x54756f in decode_simple_internal /src/ffmpeg/libavcodec/decode.c:414:15
    #3 0x546b65 in decode_simple_receive_frame /src/ffmpeg/libavcodec/decode.c:617:15
    #4 0x52ee9f in decode_receive_frame_internal /src/ffmpeg/libavcodec/decode.c:635:15
    #5 0x52c6bf in avcodec_send_packet /src/ffmpeg/libavcodec/decode.c:675:15
    #6 0x53070f in compat_decode /src/ffmpeg/libavcodec/decode.c:730:15
    #7 0x5194b2 in LLVMFuzzerTestOneInput /src/ffmpeg/tools/target_dec_fuzzer.c:213:23
    #8 0x8e1fa9 in fuzzer::Fuzzer::ExecuteCallback(unsigned char const*, unsigned long) /src/libfuzzer/FuzzerLoop.cpp:440:13
    #9 0x8e277a in fuzzer::Fuzzer::RunOne(unsigned char const*, unsigned long) /src/libfuzzer/FuzzerLoop.cpp:397:3
    #10 0x8b9ad6 in fuzzer::RunOneTest(fuzzer::Fuzzer*, char const*, unsigned long) /src/libfuzzer/FuzzerDriver.cpp:268:6
    #11 0x8c4f76 in fuzzer::FuzzerDriver(int*, char***, int (*)(unsigned char const*, unsigned long)) /src/libfuzzer/FuzzerDriver.cpp:682:9
    #12 0x8b90f8 in main /src/libfuzzer/FuzzerMain.cpp:20:10
    #13 0x7cb01b11883f in __libc_start_main (/lib/x86_64-linux-gnu/libc.so.6+0x2083f)
    #14 0x41d658 in _start (/out/ffmpeg_AV_CODEC_ID_SCPR_fuzzer+0x41d658)

DEDUP_TOKEN: decompress_i--decode_frame--decode_simple_internal
0x63100002550f is located 0 bytes to the right of 68879-byte region [0x631000014800,0x63100002550f)
allocated by thread T0 here:
    #0 0x4dcdc0 in __interceptor_posix_memalign /src/llvm/projects/compiler-rt/lib/asan/asan_malloc_linux.cc:142
    #1 0x8369f4 in av_malloc /src/ffmpeg/libavutil/mem.c:87:9
    #2 0x7d67c9 in av_buffer_alloc /src/ffmpeg/libavutil/buffer.c:72:12
    #3 0x7d68ae in av_buffer_allocz /src/ffmpeg/libavutil/buffer.c:85:24
    #4 0x7db257 in pool_alloc_buffer /src/ffmpeg/libavutil/buffer.c:313:26
    #5 0x7da846 in av_buffer_pool_get /src/ffmpeg/libavutil/buffer.c:349:15
    #6 0x53c648 in video_get_buffer /src/ffmpeg/libavcodec/decode.c:1378:23
    #7 0x542d67 in get_buffer_internal /src/ffmpeg/libavcodec/decode.c:1604:11
    #8 0x542419 in ff_get_buffer /src/ffmpeg/libavcodec/decode.c:1619:15
    #9 0x544d30 in reget_buffer_internal /src/ffmpeg/libavcodec/decode.c:1643:16
    #10 0x5444c1 in ff_reget_buffer /src/ffmpeg/libavcodec/decode.c:1668:15
    #11 0x572745 in decode_frame /src/ffmpeg/libavcodec/scpr.c:749:16
    #12 0x54756f in decode_simple_internal /src/ffmpeg/libavcodec/decode.c:414:15
    #13 0x546b65 in decode_simple_receive_frame /src/ffmpeg/libavcodec/decode.c:617:15
    #14 0x52ee9f in decode_receive_frame_internal /src/ffmpeg/libavcodec/decode.c:635:15
    #15 0x52c6bf in avcodec_send_packet /src/ffmpeg/libavcodec/decode.c:675:15
    #16 0x53070f in compat_decode /src/ffmpeg/libavcodec/decode.c:730:15
    #17 0x5194b2 in LLVMFuzzerTestOneInput /src/ffmpeg/tools/target_dec_fuzzer.c:213:23
    #18 0x8e1fa9 in fuzzer::Fuzzer::ExecuteCallback(unsigned char const*, unsigned long) /src/libfuzzer/FuzzerLoop.cpp:440:13
    #19 0x8e277a in fuzzer::Fuzzer::RunOne(unsigned char const*, unsigned long) /src/libfuzzer/FuzzerLoop.cpp:397:3
    #20 0x8b9ad6 in fuzzer::RunOneTest(fuzzer::Fuzzer*, char const*, unsigned long) /src/libfuzzer/FuzzerDriver.cpp:268:6
    #21 0x8c4f76 in fuzzer::FuzzerDriver(int*, char***, int (*)(unsigned char const*, unsigned long)) /src/libfuzzer/FuzzerDriver.cpp:682:9
    #22 0x8b90f8 in main /src/libfuzzer/FuzzerMain.cpp:20:10
    #23 0x7cb01b11883f in __libc_start_main (/lib/x86_64-linux-gnu/libc.so.6+0x2083f)

DEDUP_TOKEN: __interceptor_posix_memalign--av_malloc--av_buffer_alloc
SUMMARY: AddressSanitizer: heap-buffer-overflow /src/ffmpeg/libavcodec/scpr.c:334:35 in decompress_i
Shadow bytes around the buggy address:
  0x0c627fffca50: 00 00 00 00 00 00 00 00 00 00 00 00 00 00 00 00
  0x0c627fffca60: 00 00 00 00 00 00 00 00 00 00 00 00 00 00 00 00
  0x0c627fffca70: 00 00 00 00 00 00 00 00 00 00 00 00 00 00 00 00
  0x0c627fffca80: 00 00 00 00 00 00 00 00 00 00 00 00 00 00 00 00
  0x0c627fffca90: 00 00 00 00 00 00 00 00 00 00 00 00 00 00 00 00
=>0x0c627fffcaa0: 00[07]fa fa fa fa fa fa fa fa fa fa fa fa fa fa
  0x0c627fffcab0: fa fa fa fa fa fa fa fa fa fa fa fa fa fa fa fa
  0x0c627fffcac0: fa fa fa fa fa fa fa fa fa fa fa fa fa fa fa fa
  0x0c627fffcad0: fa fa fa fa fa fa fa fa fa fa fa fa fa fa fa fa
  0x0c627fffcae0: fa fa fa fa fa fa fa fa fa fa fa fa fa fa fa fa
  0x0c627fffcaf0: fa fa fa fa fa fa fa fa fa fa fa fa fa fa fa fa
Shadow byte legend (one shadow byte represents 8 application bytes):
  Addressable:           00
  Partially addressable: 01 02 03 04 05 06 07 
  Heap left redzone:       fa
  Freed heap region:       fd
  Stack left redzone:      f1
  Stack mid redzone:       f2
  Stack right redzone:     f3
  Stack after return:      f5
  Stack use after scope:   f8
  Global redzone:          f9
  Global init order:       f6
  Poisoned by user:        f7
  Container overflow:      fc
  Array cookie:            ac
  Intra object redzone:    bb
  ASan internal:           fe
  Left alloca redzone:     ca
  Right alloca redzone:    cb
==7==ABORTING
