Unable to find image 'n132/arvo:15270-vul' locally
15270-vul: Pulling from n132/arvo
9ff7e2e5f967: Pulling fs layer
59856638ac9f: Pulling fs layer
6f317d6d954b: Pulling fs layer
a9dde5e2a643: Pulling fs layer
f86a787b0701: Pulling fs layer
2b08aa7512d9: Pulling fs layer
99373ab745ec: Pulling fs layer
10ea0dd0dea0: Pulling fs layer
a909ef3d4152: Pulling fs layer
d63546fbd1cf: Pulling fs layer
456b8e58c9a8: Pulling fs layer
c83b038143db: Pulling fs layer
40b8544ae315: Pulling fs layer
26bd59b11031: Pulling fs layer
a69a44b94773: Pulling fs layer
dc701300ee3f: Pulling fs layer
f63bee860d63: Pulling fs layer
7f43403a026d: Pulling fs layer
a9dde5e2a643: Waiting
40960e75ee92: Pulling fs layer
ec2ae500865b: Pulling fs layer
2b08aa7512d9: Waiting
99373ab745ec: Waiting
10ea0dd0dea0: Waiting
8f20f7c962dd: Pulling fs layer
a909ef3d4152: Waiting
8c25d9a91cb5: Pulling fs layer
d63546fbd1cf: Waiting
456b8e58c9a8: Waiting
fe25c7451514: Pulling fs layer
9baa1de105ae: Pulling fs layer
bf701c1bdddc: Pulling fs layer
3f16d388ea31: Pulling fs layer
7f43403a026d: Waiting
8f20f7c962dd: Waiting
ece6499d4e97: Pulling fs layer
59f41d21a1b8: Pulling fs layer
ec2ae500865b: Waiting
c83b038143db: Waiting
ee66142d2aeb: Pulling fs layer
40960e75ee92: Waiting
40b8544ae315: Waiting
3b4d5c013698: Pulling fs layer
9688f83552d2: Pulling fs layer
26bd59b11031: Waiting
e14a4fb045c7: Pulling fs layer
420f19b77033: Pulling fs layer
a69a44b94773: Waiting
5e3e98b6f7d7: Pulling fs layer
f86a787b0701: Waiting
dc701300ee3f: Waiting
8c25d9a91cb5: Waiting
b560eb9907c9: Pulling fs layer
fe25c7451514: Waiting
9baa1de105ae: Waiting
bf701c1bdddc: Waiting
122d056a3d95: Pulling fs layer
3f16d388ea31: Waiting
ee66142d2aeb: Waiting
9688f83552d2: Waiting
1f54266bdb82: Pulling fs layer
ece6499d4e97: Waiting
3b4d5c013698: Waiting
59f41d21a1b8: Waiting
e14a4fb045c7: Waiting
f63bee860d63: Waiting
3e93cf0190e8: Pulling fs layer
420f19b77033: Waiting
b560eb9907c9: Waiting
04b72d70d716: Pulling fs layer
5e3e98b6f7d7: Waiting
1f54266bdb82: Waiting
553fcb438116: Pulling fs layer
3e93cf0190e8: Waiting
122d056a3d95: Waiting
04b72d70d716: Waiting
fec084883191: Pulling fs layer
553fcb438116: Waiting
4ccd0e4fbea6: Pulling fs layer
fec084883191: Waiting
42c4bc5c234b: Pulling fs layer
65fe8ba680d1: Pulling fs layer
1a141a913b87: Pulling fs layer
51689264db2a: Pulling fs layer
4ccd0e4fbea6: Waiting
42c4bc5c234b: Waiting
8af0075521f3: Pulling fs layer
61ce9849ea35: Pulling fs layer
51689264db2a: Waiting
65fe8ba680d1: Waiting
cb6f743e3ff2: Pulling fs layer
1a141a913b87: Waiting
8af0075521f3: Waiting
3f200ee1b6ef: Pulling fs layer
61ce9849ea35: Waiting
cb6f743e3ff2: Waiting
996636f57036: Pulling fs layer
cac894a4bff2: Pulling fs layer
3f200ee1b6ef: Waiting
b65fdf4b0703: Pulling fs layer
996636f57036: Waiting
b65fdf4b0703: Waiting
59856638ac9f: Verifying Checksum
59856638ac9f: Download complete
6f317d6d954b: Verifying Checksum
6f317d6d954b: Download complete
a9dde5e2a643: Verifying Checksum
a9dde5e2a643: Download complete
9ff7e2e5f967: Verifying Checksum
9ff7e2e5f967: Download complete
2b08aa7512d9: Download complete
f86a787b0701: Verifying Checksum
f86a787b0701: Download complete
9ff7e2e5f967: Pull complete
59856638ac9f: Pull complete
6f317d6d954b: Pull complete
a9dde5e2a643: Pull complete
a909ef3d4152: Verifying Checksum
a909ef3d4152: Download complete
f86a787b0701: Pull complete
2b08aa7512d9: Pull complete
99373ab745ec: Verifying Checksum
99373ab745ec: Download complete
99373ab745ec: Pull complete
456b8e58c9a8: Verifying Checksum
456b8e58c9a8: Download complete
c83b038143db: Verifying Checksum
c83b038143db: Download complete
d63546fbd1cf: Verifying Checksum
d63546fbd1cf: Download complete
40b8544ae315: Verifying Checksum
40b8544ae315: Download complete
a69a44b94773: Download complete
26bd59b11031: Verifying Checksum
26bd59b11031: Download complete
f63bee860d63: Verifying Checksum
f63bee860d63: Download complete
7f43403a026d: Download complete
10ea0dd0dea0: Download complete
40960e75ee92: Verifying Checksum
40960e75ee92: Download complete
ec2ae500865b: Verifying Checksum
ec2ae500865b: Download complete
dc701300ee3f: Verifying Checksum
dc701300ee3f: Download complete
8f20f7c962dd: Verifying Checksum
8f20f7c962dd: Download complete
8c25d9a91cb5: Verifying Checksum
8c25d9a91cb5: Download complete
fe25c7451514: Download complete
bf701c1bdddc: Verifying Checksum
bf701c1bdddc: Download complete
9baa1de105ae: Verifying Checksum
9baa1de105ae: Download complete
3f16d388ea31: Verifying Checksum
3f16d388ea31: Download complete
59f41d21a1b8: Verifying Checksum
59f41d21a1b8: Download complete
10ea0dd0dea0: Pull complete
a909ef3d4152: Pull complete
ece6499d4e97: Verifying Checksum
ece6499d4e97: Download complete
ee66142d2aeb: Verifying Checksum
ee66142d2aeb: Download complete
3b4d5c013698: Download complete
e14a4fb045c7: Download complete
420f19b77033: Verifying Checksum
420f19b77033: Download complete
9688f83552d2: Download complete
5e3e98b6f7d7: Download complete
b560eb9907c9: Download complete
122d056a3d95: Verifying Checksum
122d056a3d95: Download complete
3e93cf0190e8: Verifying Checksum
3e93cf0190e8: Download complete
d63546fbd1cf: Pull complete
456b8e58c9a8: Pull complete
c83b038143db: Pull complete
04b72d70d716: Download complete
553fcb438116: Verifying Checksum
553fcb438116: Download complete
40b8544ae315: Pull complete
4ccd0e4fbea6: Verifying Checksum
4ccd0e4fbea6: Download complete
fec084883191: Verifying Checksum
fec084883191: Download complete
65fe8ba680d1: Download complete
42c4bc5c234b: Verifying Checksum
42c4bc5c234b: Download complete
1a141a913b87: Verifying Checksum
1a141a913b87: Download complete
1f54266bdb82: Verifying Checksum
1f54266bdb82: Download complete
51689264db2a: Verifying Checksum
51689264db2a: Download complete
61ce9849ea35: Verifying Checksum
61ce9849ea35: Download complete
8af0075521f3: Verifying Checksum
8af0075521f3: Download complete
3f200ee1b6ef: Verifying Checksum
3f200ee1b6ef: Download complete
996636f57036: Verifying Checksum
996636f57036: Download complete
26bd59b11031: Pull complete
b65fdf4b0703: Verifying Checksum
b65fdf4b0703: Download complete
a69a44b94773: Pull complete
cb6f743e3ff2: Verifying Checksum
cb6f743e3ff2: Download complete
dc701300ee3f: Pull complete
f63bee860d63: Pull complete
7f43403a026d: Pull complete
40960e75ee92: Pull complete
ec2ae500865b: Pull complete
8f20f7c962dd: Pull complete
8c25d9a91cb5: Pull complete
fe25c7451514: Pull complete
9baa1de105ae: Pull complete
bf701c1bdddc: Pull complete
3f16d388ea31: Pull complete
ece6499d4e97: Pull complete
59f41d21a1b8: Pull complete
ee66142d2aeb: Pull complete
3b4d5c013698: Pull complete
9688f83552d2: Pull complete
e14a4fb045c7: Pull complete
420f19b77033: Pull complete
5e3e98b6f7d7: Pull complete
b560eb9907c9: Pull complete
122d056a3d95: Pull complete
1f54266bdb82: Pull complete
3e93cf0190e8: Pull complete
04b72d70d716: Pull complete
553fcb438116: Pull complete
fec084883191: Pull complete
4ccd0e4fbea6: Pull complete
42c4bc5c234b: Pull complete
65fe8ba680d1: Pull complete
1a141a913b87: Pull complete
51689264db2a: Pull complete
8af0075521f3: Pull complete
61ce9849ea35: Pull complete
cb6f743e3ff2: Pull complete
3f200ee1b6ef: Pull complete
996636f57036: Pull complete
cac894a4bff2: Verifying Checksum
cac894a4bff2: Download complete
cac894a4bff2: Pull complete
b65fdf4b0703: Pull complete
Digest: sha256:42dddcd91f3e19f364399ff00a682ec67d640dfc0e1109c0be94f61e5a4f02d3
Status: Downloaded newer image for n132/arvo:15270-vul
======================= INFO =========================
This binary is built for AFL-fuzz.
To run the target function on individual input(s) execute this:
  /out/ffmpeg_AV_CODEC_ID_IFF_ILBM_fuzzer < INPUT_FILE
or
  /out/ffmpeg_AV_CODEC_ID_IFF_ILBM_fuzzer INPUT_FILE1 [INPUT_FILE2 ... ]
To fuzz with afl-fuzz execute this:
  afl-fuzz [afl-flags] /out/ffmpeg_AV_CODEC_ID_IFF_ILBM_fuzzer [-N]
afl-fuzz will run N iterations before re-spawning the process (default: 1000)
======================================================
=================================================================
==7==ERROR: AddressSanitizer: heap-buffer-overflow on address 0x61a0000004cc at pc 0x0000004e7328 bp 0x7fff055c1c80 sp 0x7fff055c1c78
WRITE of size 4 at 0x61a0000004cc thread T0
SCARINESS: 36 (4-byte-write-heap-buffer-overflow)
    #0 0x4e7327 in cmap_read_palette /src/ffmpeg/libavcodec/iff.c:180:20
    #1 0x4deff9 in decode_frame /src/ffmpeg/libavcodec/iff.c:1517:20
    #2 0x4db3d5 in decode_simple_internal /src/ffmpeg/libavcodec/decode.c:433:15
    #3 0x4db095 in decode_simple_receive_frame /src/ffmpeg/libavcodec/decode.c:629:15
    #4 0x4d108d in decode_receive_frame_internal /src/ffmpeg/libavcodec/decode.c:647:15
    #5 0x4d0e97 in avcodec_send_packet /src/ffmpeg/libavcodec/decode.c:705:15
    #6 0x4d21df in compat_decode /src/ffmpeg/libavcodec/decode.c:841:15
    #7 0x4c8a1e in LLVMFuzzerTestOneInput /src/ffmpeg/tools/target_dec_fuzzer.c:257:23
    #8 0x94d35a in ExecuteFilesOnyByOne /src/libfuzzer/afl/afl_driver.cpp:216:5
    #9 0x94d35a in main /src/libfuzzer/afl/afl_driver.cpp:253
    #10 0x711b6c6b883f in __libc_start_main (/lib/x86_64-linux-gnu/libc.so.6+0x2083f)
    #11 0x41e788 in _start (/out/ffmpeg_AV_CODEC_ID_IFF_ILBM_fuzzer+0x41e788)

DEDUP_TOKEN: cmap_read_palette--decode_frame--decode_simple_internal
0x61a0000004cf is located 0 bytes to the right of 1103-byte region [0x61a000000080,0x61a0000004cf)
allocated by thread T0 here:
    #0 0x4971d7 in posix_memalign /src/llvm/projects/compiler-rt/lib/asan/asan_malloc_linux.cc:226:3
    #1 0x8f420b in av_malloc /src/ffmpeg/libavutil/mem.c:87:9
    #2 0x8d389d in av_buffer_alloc /src/ffmpeg/libavutil/buffer.c:72:12
    #3 0x8d397b in av_buffer_allocz /src/ffmpeg/libavutil/buffer.c:85:24
    #4 0x8d5101 in pool_alloc_buffer /src/ffmpeg/libavutil/buffer.c:313:26
    #5 0x8d4e03 in av_buffer_pool_get /src/ffmpeg/libavutil/buffer.c:349:15
    #6 0x4d7c38 in video_get_buffer /src/ffmpeg/libavcodec/decode.c:1679:23
    #7 0x4d9eb8 in get_buffer_internal /src/ffmpeg/libavcodec/decode.c:1941:11
    #8 0x4d9b69 in ff_get_buffer /src/ffmpeg/libavcodec/decode.c:1966:15
    #9 0x4ded7b in decode_frame /src/ffmpeg/libavcodec/iff.c:1507:16
    #10 0x4db3d5 in decode_simple_internal /src/ffmpeg/libavcodec/decode.c:433:15
    #11 0x4db095 in decode_simple_receive_frame /src/ffmpeg/libavcodec/decode.c:629:15
    #12 0x4d108d in decode_receive_frame_internal /src/ffmpeg/libavcodec/decode.c:647:15
    #13 0x4d0e97 in avcodec_send_packet /src/ffmpeg/libavcodec/decode.c:705:15
    #14 0x4d21df in compat_decode /src/ffmpeg/libavcodec/decode.c:841:15
    #15 0x4c8a1e in LLVMFuzzerTestOneInput /src/ffmpeg/tools/target_dec_fuzzer.c:257:23
    #16 0x94d35a in ExecuteFilesOnyByOne /src/libfuzzer/afl/afl_driver.cpp:216:5
    #17 0x94d35a in main /src/libfuzzer/afl/afl_driver.cpp:253
    #18 0x711b6c6b883f in __libc_start_main (/lib/x86_64-linux-gnu/libc.so.6+0x2083f)

DEDUP_TOKEN: posix_memalign--av_malloc--av_buffer_alloc
SUMMARY: AddressSanitizer: heap-buffer-overflow /src/ffmpeg/libavcodec/iff.c:180:20 in cmap_read_palette
Shadow bytes around the buggy address:
  0x0c347fff8040: 00 00 00 00 00 00 00 00 00 00 00 00 00 00 00 00
  0x0c347fff8050: 00 00 00 00 00 00 00 00 00 00 00 00 00 00 00 00
  0x0c347fff8060: 00 00 00 00 00 00 00 00 00 00 00 00 00 00 00 00
  0x0c347fff8070: 00 00 00 00 00 00 00 00 00 00 00 00 00 00 00 00
  0x0c347fff8080: 00 00 00 00 00 00 00 00 00 00 00 00 00 00 00 00
=>0x0c347fff8090: 00 00 00 00 00 00 00 00 00[07]fa fa fa fa fa fa
  0x0c347fff80a0: fa fa fa fa fa fa fa fa fa fa fa fa fa fa fa fa
  0x0c347fff80b0: fa fa fa fa fa fa fa fa fa fa fa fa fa fa fa fa
  0x0c347fff80c0: fa fa fa fa fa fa fa fa fa fa fa fa fa fa fa fa
  0x0c347fff80d0: fa fa fa fa fa fa fa fa fa fa fa fa fa fa fa fa
  0x0c347fff80e0: fa fa fa fa fa fa fa fa fa fa fa fa fa fa fa fa
Shadow byte legend (one shadow byte represents 8 application bytes):
  Addressable:           00
  Partially addressable: 01 02 03 04 05 06 07 
  Heap left redzone:       fa
  Freed heap region:       fd
  Stack left redzone:      f1
  Stack mid redzone:       f2
  Stack right redzone:     f3
  Stack after return:      f5
  Stack use after scope:   f8
  Global redzone:          f9
  Global init order:       f6
  Poisoned by user:        f7
  Container overflow:      fc
  Array cookie:            ac
  Intra object redzone:    bb
  ASan internal:           fe
  Left alloca redzone:     ca
  Right alloca redzone:    cb
  Shadow gap:              cc
==7==ABORTING
