INFO: Seed: 199038224
INFO: Loaded 1 modules   (39455 inline 8-bit counters): 39455 [0xeefe50, 0xef986f),
INFO: Loaded 1 PC tables (39455 PCs): 39455 [0xb4bb58,0xbe5d48),
/out/ffmpeg_AV_CODEC_ID_CFHD_fuzzer: Running 1 inputs 1 time(s) each.
Running: /tmp/poc
=================================================================
==14==ERROR: AddressSanitizer: heap-buffer-overflow on address 0x7158703a9250 at pc 0x00000057d58d bp 0x7ffd78c73130 sp 0x7ffd78c73128
WRITE of size 2 at 0x7158703a9250 thread T0
SCARINESS: 33 (2-byte-write-heap-buffer-overflow)
    #0 0x57d58c in filter /src/ffmpeg/libavcodec/cfhd.c
    #1 0x57be3f in horiz_filter_clip_bayer /src/ffmpeg/libavcodec/cfhd.c:266:5
    #2 0x57930f in cfhd_decode /src/ffmpeg/libavcodec/cfhd.c:968:21
    #3 0x58b714 in decode_simple_internal /src/ffmpeg/libavcodec/decode.c:433:15
    #4 0x58b361 in decode_simple_receive_frame /src/ffmpeg/libavcodec/decode.c:629:15
    #5 0x580a01 in decode_receive_frame_internal /src/ffmpeg/libavcodec/decode.c:647:15
    #6 0x580812 in avcodec_send_packet /src/ffmpeg/libavcodec/decode.c:705:15
    #7 0x581ce0 in compat_decode /src/ffmpeg/libavcodec/decode.c:841:15
    #8 0x56cea0 in LLVMFuzzerTestOneInput /src/ffmpeg/tools/target_dec_fuzzer.c:258:23
    #9 0x4741a1 in fuzzer::Fuzzer::ExecuteCallback(unsigned char const*, unsigned long) /src/llvm/projects/compiler-rt/lib/fuzzer/FuzzerLoop.cpp:553:15
    #10 0x45eae1 in fuzzer::RunOneTest(fuzzer::Fuzzer*, char const*, unsigned long) /src/llvm/projects/compiler-rt/lib/fuzzer/FuzzerDriver.cpp:292:6
    #11 0x46466e in fuzzer::FuzzerDriver(int*, char***, int (*)(unsigned char const*, unsigned long)) /src/llvm/projects/compiler-rt/lib/fuzzer/FuzzerDriver.cpp:775:9
    #12 0x48dc12 in main /src/llvm/projects/compiler-rt/lib/fuzzer/FuzzerMain.cpp:19:10
    #13 0x715877dac83f in __libc_start_main (/lib/x86_64-linux-gnu/libc.so.6+0x2083f)
    #14 0x41e818 in _start (/out/ffmpeg_AV_CODEC_ID_CFHD_fuzzer+0x41e818)

DEDUP_TOKEN: filter--horiz_filter_clip_bayer--cfhd_decode
0x7158703a9250 is located 1 bytes to the right of 8026703-byte region [0x71586fc01800,0x7158703a924f)
allocated by thread T0 here:
    #0 0x53a957 in posix_memalign /src/llvm/projects/compiler-rt/lib/asan/asan_malloc_linux.cc:226:3
    #1 0x9b6fc6 in av_malloc /src/ffmpeg/libavutil/mem.c:87:9
    #2 0x9944cc in av_buffer_alloc /src/ffmpeg/libavutil/buffer.c:72:12
    #3 0x9945a9 in av_buffer_allocz /src/ffmpeg/libavutil/buffer.c:85:24
    #4 0x995e4b in pool_alloc_buffer /src/ffmpeg/libavutil/buffer.c:313:26
    #5 0x995afe in av_buffer_pool_get /src/ffmpeg/libavutil/buffer.c:349:15
    #6 0x587d15 in video_get_buffer /src/ffmpeg/libavcodec/decode.c:1679:23
    #7 0x58a102 in get_buffer_internal /src/ffmpeg/libavcodec/decode.c:1941:11
    #8 0x589d62 in ff_get_buffer /src/ffmpeg/libavcodec/decode.c:1966:15
    #9 0x59a3a9 in ff_thread_get_buffer /src/ffmpeg/libavcodec/pthread_frame.c:966:15
    #10 0x5758c2 in cfhd_decode /src/ffmpeg/libavcodec/cfhd.c:633:24
    #11 0x58b714 in decode_simple_internal /src/ffmpeg/libavcodec/decode.c:433:15
    #12 0x58b361 in decode_simple_receive_frame /src/ffmpeg/libavcodec/decode.c:629:15
    #13 0x580a01 in decode_receive_frame_internal /src/ffmpeg/libavcodec/decode.c:647:15
    #14 0x580812 in avcodec_send_packet /src/ffmpeg/libavcodec/decode.c:705:15
    #15 0x581ce0 in compat_decode /src/ffmpeg/libavcodec/decode.c:841:15
    #16 0x56cea0 in LLVMFuzzerTestOneInput /src/ffmpeg/tools/target_dec_fuzzer.c:258:23
    #17 0x4741a1 in fuzzer::Fuzzer::ExecuteCallback(unsigned char const*, unsigned long) /src/llvm/projects/compiler-rt/lib/fuzzer/FuzzerLoop.cpp:553:15
    #18 0x45eae1 in fuzzer::RunOneTest(fuzzer::Fuzzer*, char const*, unsigned long) /src/llvm/projects/compiler-rt/lib/fuzzer/FuzzerDriver.cpp:292:6
    #19 0x46466e in fuzzer::FuzzerDriver(int*, char***, int (*)(unsigned char const*, unsigned long)) /src/llvm/projects/compiler-rt/lib/fuzzer/FuzzerDriver.cpp:775:9
    #20 0x48dc12 in main /src/llvm/projects/compiler-rt/lib/fuzzer/FuzzerMain.cpp:19:10
    #21 0x715877dac83f in __libc_start_main (/lib/x86_64-linux-gnu/libc.so.6+0x2083f)

DEDUP_TOKEN: posix_memalign--av_malloc--av_buffer_alloc
SUMMARY: AddressSanitizer: heap-buffer-overflow /src/ffmpeg/libavcodec/cfhd.c in filter
Shadow bytes around the buggy address:
  0x0e2b8e06d1f0: 00 00 00 00 00 00 00 00 00 00 00 00 00 00 00 00
  0x0e2b8e06d200: 00 00 00 00 00 00 00 00 00 00 00 00 00 00 00 00
  0x0e2b8e06d210: 00 00 00 00 00 00 00 00 00 00 00 00 00 00 00 00
  0x0e2b8e06d220: 00 00 00 00 00 00 00 00 00 00 00 00 00 00 00 00
  0x0e2b8e06d230: 00 00 00 00 00 00 00 00 00 00 00 00 00 00 00 00
=>0x0e2b8e06d240: 00 00 00 00 00 00 00 00 00 07[fa]fa fa fa fa fa
  0x0e2b8e06d250: fa fa fa fa fa fa fa fa fa fa fa fa fa fa fa fa
  0x0e2b8e06d260: fa fa fa fa fa fa fa fa fa fa fa fa fa fa fa fa
  0x0e2b8e06d270: fa fa fa fa fa fa fa fa fa fa fa fa fa fa fa fa
  0x0e2b8e06d280: fa fa fa fa fa fa fa fa fa fa fa fa fa fa fa fa
  0x0e2b8e06d290: fa fa fa fa fa fa fa fa fa fa fa fa fa fa fa fa
Shadow byte legend (one shadow byte represents 8 application bytes):
  Addressable:           00
  Partially addressable: 01 02 03 04 05 06 07
  Heap left redzone:       fa
  Freed heap region:       fd
  Stack left redzone:      f1
  Stack mid redzone:       f2
  Stack right redzone:     f3
  Stack after return:      f5
  Stack use after scope:   f8
  Global redzone:          f9
  Global init order:       f6
  Poisoned by user:        f7
  Container overflow:      fc
  Array cookie:            ac
  Intra object redzone:    bb
  ASan internal:           fe
  Left alloca redzone:     ca
  Right alloca redzone:    cb
  Shadow gap:              cc
==14==ABORTING