INFO: Seed: 435684115
INFO: Loaded 1 modules   (15920 inline 8-bit counters): 15920 [0x9c5340, 0x9c9170),
INFO: Loaded 1 PC tables (15920 PCs): 15920 [0x721410,0x75f710),
/out/simple_decompress: Running 1 inputs 1 time(s) each.
Running: /tmp/poc
=================================================================
==14==ERROR: AddressSanitizer: stack-buffer-overflow on address 0x7ffd20434f68 at pc 0x00000052e3e0 bp 0x7ffd20412510 sp 0x7ffd20411cd8
WRITE of size 131082 at 0x7ffd20434f68 thread T0
SCARINESS: 60 (multi-byte-write-stack-buffer-overflow)
    #0 0x52e3df in __asan_memcpy /src/llvm/projects/compiler-rt/lib/asan/asan_interceptors_memintrinsics.cc:22:3
    #1 0x6901ec in ZSTD_decodeLiteralsBlock /src/zstd/tests/fuzz/../../lib/legacy/zstd_v03.c:2529:17
    #2 0x68fd67 in ZSTD_decompressBlock /src/zstd/tests/fuzz/../../lib/legacy/zstd_v03.c:2885:23
    #3 0x68fc3e in ZSTD_decompressDCtx /src/zstd/tests/fuzz/../../lib/legacy/zstd_v03.c:2925:27
    #4 0x68f0f8 in ZSTD_decompress /src/zstd/tests/fuzz/../../lib/legacy/zstd_v03.c:2955:12
    #5 0x5662a6 in ZSTD_decompressMultiFrame /src/zstd/tests/fuzz/../../lib/decompress/zstd_decompress.c:726:27
    #6 0x566829 in ZSTD_decompress_usingDDict /src/zstd/tests/fuzz/../../lib/decompress/zstd_decompress.c:1223:12
    #7 0x6d98bf in LLVMFuzzerTestOneInput /src/zstd/tests/fuzz/simple_decompress.c:37:9
    #8 0x469604 in fuzzer::Fuzzer::ExecuteCallback(unsigned char const*, unsigned long) /src/llvm/projects/compiler-rt/lib/fuzzer/FuzzerLoop.cpp:529:15
    #9 0x457801 in fuzzer::RunOneTest(fuzzer::Fuzzer*, char const*, unsigned long) /src/llvm/projects/compiler-rt/lib/fuzzer/FuzzerDriver.cpp:286:6
    #10 0x45c5ab in fuzzer::FuzzerDriver(int*, char***, int (*)(unsigned char const*, unsigned long)) /src/llvm/projects/compiler-rt/lib/fuzzer/FuzzerDriver.cpp:715:9
    #11 0x482e02 in main /src/llvm/projects/compiler-rt/lib/fuzzer/FuzzerMain.cpp:19:10
    #12 0x7f3d5d69f83f in __libc_start_main (/lib/x86_64-linux-gnu/libc.so.6+0x2083f)
    #13 0x41de28 in _start (/out/simple_decompress+0x41de28)

DEDUP_TOKEN: __asan_memcpy--ZSTD_decodeLiteralsBlock--ZSTD_decompressBlock
Address 0x7ffd20434f68 is located in stack of thread T0 at offset 141416 in frame
    #0 0x68efff in ZSTD_decompress /src/zstd/tests/fuzz/../../lib/legacy/zstd_v03.c:2952

DEDUP_TOKEN: ZSTD_decompress
  This frame has 1 object(s):
    [32, 141416) 'ctx' (line 2953) <== Memory access at offset 141416 overflows this variable
HINT: this may be a false positive if your program uses some custom stack unwind mechanism, swapcontext or vfork
      (longjmp and C++ exceptions *are* supported)
SUMMARY: AddressSanitizer: stack-buffer-overflow /src/llvm/projects/compiler-rt/lib/asan/asan_interceptors_memintrinsics.cc:22:3 in __asan_memcpy
Shadow bytes around the buggy address:
  0x10002407e990: 00 00 00 00 00 00 00 00 00 00 00 00 00 00 00 00
  0x10002407e9a0: 00 00 00 00 00 00 00 00 00 00 00 00 00 00 00 00
  0x10002407e9b0: 00 00 00 00 00 00 00 00 00 00 00 00 00 00 00 00
  0x10002407e9c0: 00 00 00 00 00 00 00 00 00 00 00 00 00 00 00 00
  0x10002407e9d0: 00 00 00 00 00 00 00 00 00 00 00 00 00 00 00 00
=>0x10002407e9e0: 00 00 00 00 00 00 00 00 00 00 00 00 00[f3]f3 f3
  0x10002407e9f0: f3 f3 f3 f3 f3 f3 f3 f3 f3 f3 f3 f3 f3 f3 f3 f3
  0x10002407ea00: f3 f3 f3 f3 f3 f3 f3 f3 f3 f3 f3 f3 f3 f3 f3 f3
  0x10002407ea10: 00 00 00 00 00 00 00 00 00 00 00 00 00 00 00 00
  0x10002407ea20: 00 00 00 00 00 00 00 00 00 00 00 00 00 00 00 00
  0x10002407ea30: 00 00 00 00 00 00 00 00 00 00 00 00 00 00 00 00
Shadow byte legend (one shadow byte represents 8 application bytes):
  Addressable:           00
  Partially addressable: 01 02 03 04 05 06 07
  Heap left redzone:       fa
  Freed heap region:       fd
  Stack left redzone:      f1
  Stack mid redzone:       f2
  Stack right redzone:     f3
  Stack after return:      f5
  Stack use after scope:   f8
  Global redzone:          f9
  Global init order:       f6
  Poisoned by user:        f7
  Container overflow:      fc
  Array cookie:            ac
  Intra object redzone:    bb
  ASan internal:           fe
  Left alloca redzone:     ca
  Right alloca redzone:    cb
  Shadow gap:              cc
==14==ABORTING