INFO: Seed: 247321874
INFO: Loaded 1 modules   (2677 inline 8-bit counters): 2677 [0x83dca8, 0x83e71d),
INFO: Loaded 1 PC tables (2677 PCs): 2677 [0x83e720,0x848e70),
/out/fuzzer_decoder: Running 1 inputs 1 time(s) each.
Running: /tmp/poc
=================================================================
==13==ERROR: AddressSanitizer: heap-buffer-overflow on address 0x625000002100 at pc 0x000000579a01 bp 0x7ffc4f236fb0 sp 0x7ffc4f236fa8
READ of size 4 at 0x625000002100 thread T0
SCARINESS: 17 (4-byte-read-heap-buffer-overflow)
    #0 0x579a00 in FLAC__bitreader_read_rice_signed_block /src/flac/src/libFLAC/bitreader.c:867:8
    #1 0x573c91 in read_residual_partitioned_rice_ /src/flac/src/libFLAC/stream_decoder.c:2773:8
    #2 0x572fe0 in read_subframe_lpc_ /src/flac/src/libFLAC/stream_decoder.c:2702:8
    #3 0x570605 in read_subframe_ /src/flac/src/libFLAC/stream_decoder.c:2527:7
    #4 0x5642e7 in read_frame_ /src/flac/src/libFLAC/stream_decoder.c:2066:7
    #5 0x5654f0 in FLAC__stream_decoder_process_until_end_of_stream /src/flac/src/libFLAC/stream_decoder.c:1089:9
    #6 0x55d789 in FLAC::Decoder::Stream::process_until_end_of_stream() /src/flac/src/libFLAC++/stream_decoder.cpp:218:17
    #7 0x556651 in LLVMFuzzerTestOneInput /src/flac-fuzzers/fuzzer_decoder.cpp:269:50
    #8 0x45b5d1 in fuzzer::Fuzzer::ExecuteCallback(unsigned char const*, unsigned long) /src/llvm/projects/compiler-rt/lib/fuzzer/FuzzerLoop.cpp:554:15
    #9 0x445e11 in fuzzer::RunOneTest(fuzzer::Fuzzer*, char const*, unsigned long) /src/llvm/projects/compiler-rt/lib/fuzzer/FuzzerDriver.cpp:292:6
    #10 0x44bb1e in fuzzer::FuzzerDriver(int*, char***, int (*)(unsigned char const*, unsigned long)) /src/llvm/projects/compiler-rt/lib/fuzzer/FuzzerDriver.cpp:775:9
    #11 0x4754a2 in main /src/llvm/projects/compiler-rt/lib/fuzzer/FuzzerMain.cpp:19:10
    #12 0x74af9831383f in __libc_start_main (/lib/x86_64-linux-gnu/libc.so.6+0x2083f)
    #13 0x41f2a8 in _start (/out/fuzzer_decoder+0x41f2a8)

DEDUP_TOKEN: FLAC__bitreader_read_rice_signed_block--read_residual_partitioned_rice_--read_subframe_lpc_
0x625000002100 is located 0 bytes to the right of 8192-byte region [0x625000000100,0x625000002100)
allocated by thread T0 here:
    #0 0x5221cd in malloc /src/llvm/projects/compiler-rt/lib/asan/asan_malloc_linux.cpp:145:3
    #1 0x575401 in FLAC__bitreader_init /src/flac/src/libFLAC/bitreader.c:268:15
    #2 0x55ee2e in init_stream_internal_ /src/flac/src/libFLAC/stream_decoder.c:416:6
    #3 0x55ebd0 in FLAC__stream_decoder_init_stream /src/flac/src/libFLAC/stream_decoder.c:460:9
    #4 0x55d0bb in FLAC::Decoder::Stream::init() /src/flac/src/libFLAC++/stream_decoder.cpp:176:11
    #5 0x5560a4 in LLVMFuzzerTestOneInput /src/flac-fuzzers/fuzzer_decoder.cpp:157:31
    #6 0x45b5d1 in fuzzer::Fuzzer::ExecuteCallback(unsigned char const*, unsigned long) /src/llvm/projects/compiler-rt/lib/fuzzer/FuzzerLoop.cpp:554:15
    #7 0x445e11 in fuzzer::RunOneTest(fuzzer::Fuzzer*, char const*, unsigned long) /src/llvm/projects/compiler-rt/lib/fuzzer/FuzzerDriver.cpp:292:6
    #8 0x44bb1e in fuzzer::FuzzerDriver(int*, char***, int (*)(unsigned char const*, unsigned long)) /src/llvm/projects/compiler-rt/lib/fuzzer/FuzzerDriver.cpp:775:9
    #9 0x4754a2 in main /src/llvm/projects/compiler-rt/lib/fuzzer/FuzzerMain.cpp:19:10
    #10 0x74af9831383f in __libc_start_main (/lib/x86_64-linux-gnu/libc.so.6+0x2083f)

DEDUP_TOKEN: malloc--FLAC__bitreader_init--init_stream_internal_
SUMMARY: AddressSanitizer: heap-buffer-overflow /src/flac/src/libFLAC/bitreader.c:867:8 in FLAC__bitreader_read_rice_signed_block
Shadow bytes around the buggy address:
  0x0c4a7fff83d0: 00 00 00 00 00 00 00 00 00 00 00 00 00 00 00 00
  0x0c4a7fff83e0: 00 00 00 00 00 00 00 00 00 00 00 00 00 00 00 00
  0x0c4a7fff83f0: 00 00 00 00 00 00 00 00 00 00 00 00 00 00 00 00
  0x0c4a7fff8400: 00 00 00 00 00 00 00 00 00 00 00 00 00 00 00 00
  0x0c4a7fff8410: 00 00 00 00 00 00 00 00 00 00 00 00 00 00 00 00
=>0x0c4a7fff8420:[fa]fa fa fa fa fa fa fa fa fa fa fa fa fa fa fa
  0x0c4a7fff8430: fa fa fa fa fa fa fa fa fa fa fa fa fa fa fa fa
  0x0c4a7fff8440: fa fa fa fa fa fa fa fa fa fa fa fa fa fa fa fa
  0x0c4a7fff8450: fa fa fa fa fa fa fa fa fa fa fa fa fa fa fa fa
  0x0c4a7fff8460: fa fa fa fa fa fa fa fa fa fa fa fa fa fa fa fa
  0x0c4a7fff8470: fa fa fa fa fa fa fa fa fa fa fa fa fa fa fa fa
Shadow byte legend (one shadow byte represents 8 application bytes):
  Addressable:           00
  Partially addressable: 01 02 03 04 05 06 07
  Heap left redzone:       fa
  Freed heap region:       fd
  Stack left redzone:      f1
  Stack mid redzone:       f2
  Stack right redzone:     f3
  Stack after return:      f5
  Stack use after scope:   f8
  Global redzone:          f9
  Global init order:       f6
  Poisoned by user:        f7
  Container overflow:      fc
  Array cookie:            ac
  Intra object redzone:    bb
  ASan internal:           fe
  Left alloca redzone:     ca
  Right alloca redzone:    cb
  Shadow gap:              cc
==13==ABORTING