INFO: Seed: 1905256046
INFO: Loaded 1 modules   (41982 inline 8-bit counters): 41982 [0xe4bb50, 0xe55f4e), 
INFO: Loaded 1 PC tables (41982 PCs): 41982 [0xe55f50,0xef9f30), 
/out/x509: Running 1 inputs 1 time(s) each.
Running: /tmp/poc
=================================================================
==7==ERROR: AddressSanitizer: heap-buffer-overflow on address 0x6020000007bd at pc 0x000000432b99 bp 0x7ffcd4e35af0 sp 0x7ffcd4e352b0
READ of size 14 at 0x6020000007bd thread T0
SCARINESS: 26 (multi-byte-read-heap-buffer-overflow)
    #0 0x432b98 in strlen /src/llvm/projects/compiler-rt/lib/asan/../sanitizer_common/sanitizer_common_interceptors.inc:365:5
    #1 0x58c647 in CRYPTO_strdup /src/openssl/crypto/o_str.c:21:25
    #2 0x59d00d in X509V3_add_value /src/openssl/crypto/x509/v3_utl.c:46:28
    #3 0x8b0f94 in i2v_GENERAL_NAME /src/openssl/crypto/x509/v3_alt.c:80:18
    #4 0x8afe95 in i2v_GENERAL_NAMES /src/openssl/crypto/x509/v3_alt.c:57:15
    #5 0x59c82f in X509V3_EXT_print /src/openssl/crypto/x509/v3_prn.c:117:21
    #6 0x59cd74 in X509V3_extensions_print /src/openssl/crypto/x509/v3_prn.c:164:14
    #7 0x59af12 in X509_print_ex /src/openssl/crypto/x509/t_x509.c:201:9
    #8 0x4ca74c in FuzzerTestOneInput /src/openssl/fuzz/x509.c:37:9
    #9 0x51a876 in fuzzer::Fuzzer::ExecuteCallback(unsigned char const*, unsigned long) /src/libfuzzer/FuzzerLoop.cpp:554:15
    #10 0x4cb36f in fuzzer::RunOneTest(fuzzer::Fuzzer*, char const*, unsigned long) /src/libfuzzer/FuzzerDriver.cpp:292:6
    #11 0x4d9002 in fuzzer::FuzzerDriver(int*, char***, int (*)(unsigned char const*, unsigned long)) /src/libfuzzer/FuzzerDriver.cpp:775:9
    #12 0x4ca9b7 in main /src/libfuzzer/FuzzerMain.cpp:19:10
    #13 0x770e5401c83f in __libc_start_main (/lib/x86_64-linux-gnu/libc.so.6+0x2083f)
    #14 0x41fd58 in _start (/out/x509+0x41fd58)

DEDUP_TOKEN: strlen--CRYPTO_strdup--X509V3_add_value
0x6020000007bd is located 0 bytes to the right of 13-byte region [0x6020000007b0,0x6020000007bd)
allocated by thread T0 here:
    #0 0x49819d in malloc /src/llvm/projects/compiler-rt/lib/asan/asan_malloc_linux.cpp:145:3
    #1 0x5d6738 in ASN1_STRING_set /src/openssl/crypto/asn1/asn1_lib.c:284:21
    #2 0x5c2684 in c2i_ASN1_INTEGER /src/openssl/crypto/asn1/a_int.c:300:9
    #3 0x5e0293 in asn1_ex_c2i /src/openssl/crypto/asn1/tasn_dec.c:835:14
    #4 0x5dd2e7 in asn1_d2i_ex_primitive /src/openssl/crypto/asn1/tasn_dec.c:761:10
    #5 0x5db540 in asn1_item_embed_d2i /src/openssl/crypto/asn1/tasn_dec.c
    #6 0x5de8cc in asn1_template_noexp_d2i /src/openssl/crypto/asn1/tasn_dec.c:624:15
    #7 0x5dc8f6 in asn1_template_ex_d2i /src/openssl/crypto/asn1/tasn_dec.c:475:15
    #8 0x5db84b in asn1_item_embed_d2i /src/openssl/crypto/asn1/tasn_dec.c:363:19
    #9 0x5de9b1 in asn1_template_noexp_d2i /src/openssl/crypto/asn1/tasn_dec.c:614:15
    #10 0x5dc7ab in asn1_template_ex_d2i /src/openssl/crypto/asn1/tasn_dec.c:499:16
    #11 0x5dba2e in asn1_item_embed_d2i /src/openssl/crypto/asn1/tasn_dec.c:240:19
    #12 0x5dee19 in asn1_template_noexp_d2i /src/openssl/crypto/asn1/tasn_dec.c:592:18
    #13 0x5dc7ab in asn1_template_ex_d2i /src/openssl/crypto/asn1/tasn_dec.c:499:16
    #14 0x5dbcd2 in asn1_item_embed_d2i /src/openssl/crypto/asn1/tasn_dec.c:178:20
    #15 0x5dab04 in ASN1_item_ex_d2i /src/openssl/crypto/asn1/tasn_dec.c:124:10
    #16 0x5da9f2 in ASN1_item_d2i /src/openssl/crypto/asn1/tasn_dec.c:114:9
    #17 0x59c6c9 in X509V3_EXT_print /src/openssl/crypto/x509/v3_prn.c:89:19
    #18 0x59cd74 in X509V3_extensions_print /src/openssl/crypto/x509/v3_prn.c:164:14
    #19 0x59af12 in X509_print_ex /src/openssl/crypto/x509/t_x509.c:201:9
    #20 0x4ca74c in FuzzerTestOneInput /src/openssl/fuzz/x509.c:37:9
    #21 0x51a876 in fuzzer::Fuzzer::ExecuteCallback(unsigned char const*, unsigned long) /src/libfuzzer/FuzzerLoop.cpp:554:15
    #22 0x4cb36f in fuzzer::RunOneTest(fuzzer::Fuzzer*, char const*, unsigned long) /src/libfuzzer/FuzzerDriver.cpp:292:6
    #23 0x4d9002 in fuzzer::FuzzerDriver(int*, char***, int (*)(unsigned char const*, unsigned long)) /src/libfuzzer/FuzzerDriver.cpp:775:9
    #24 0x4ca9b7 in main /src/libfuzzer/FuzzerMain.cpp:19:10
    #25 0x770e5401c83f in __libc_start_main (/lib/x86_64-linux-gnu/libc.so.6+0x2083f)

DEDUP_TOKEN: malloc--ASN1_STRING_set--c2i_ASN1_INTEGER
SUMMARY: AddressSanitizer: heap-buffer-overflow /src/llvm/projects/compiler-rt/lib/asan/../sanitizer_common/sanitizer_common_interceptors.inc:365:5 in strlen
Shadow bytes around the buggy address:
  0x0c047fff80a0: fa fa 05 fa fa fa 00 00 fa fa fd fd fa fa fd fa
  0x0c047fff80b0: fa fa fd fa fa fa fd fa fa fa fd fd fa fa fd fd
  0x0c047fff80c0: fa fa fd fa fa fa fd fd fa fa 00 00 fa fa 00 05
  0x0c047fff80d0: fa fa 00 00 fa fa 00 00 fa fa 00 00 fa fa 00 05
  0x0c047fff80e0: fa fa 00 00 fa fa 00 05 fa fa 00 00 fa fa 00 00
=>0x0c047fff80f0: fa fa 00 00 fa fa 00[05]fa fa 00 00 fa fa 00 00
  0x0c047fff8100: fa fa 00 00 fa fa 00 00 fa fa 04 fa fa fa 00 05
  0x0c047fff8110: fa fa 00 05 fa fa 04 fa fa fa 00 05 fa fa fa fa
  0x0c047fff8120: fa fa fa fa fa fa fa fa fa fa fa fa fa fa fa fa
  0x0c047fff8130: fa fa fa fa fa fa fa fa fa fa fa fa fa fa fa fa
  0x0c047fff8140: fa fa fa fa fa fa fa fa fa fa fa fa fa fa fa fa
Shadow byte legend (one shadow byte represents 8 application bytes):
  Addressable:           00
  Partially addressable: 01 02 03 04 05 06 07 
  Heap left redzone:       fa
  Freed heap region:       fd
  Stack left redzone:      f1
  Stack mid redzone:       f2
  Stack right redzone:     f3
  Stack after return:      f5
  Stack use after scope:   f8
  Global redzone:          f9
  Global init order:       f6
  Poisoned by user:        f7
  Container overflow:      fc
  Array cookie:            ac
  Intra object redzone:    bb
  ASan internal:           fe
  Left alloca redzone:     ca
  Right alloca redzone:    cb
  Shadow gap:              cc
==7==ABORTING
