Unable to find image 'n132/arvo:18788-vul' locally
18788-vul: Pulling from n132/arvo
e80174c8b43b: Pulling fs layer
d1072db285cc: Pulling fs layer
858453671e67: Pulling fs layer
3d07b1124f98: Pulling fs layer
7804481e6417: Pulling fs layer
d9dcea20cbc3: Pulling fs layer
ac5d1f73d9c2: Pulling fs layer
c2ac81415538: Pulling fs layer
0454841a0701: Pulling fs layer
ca5570330e90: Pulling fs layer
d4a42683ae9a: Pulling fs layer
199c2873e4d2: Pulling fs layer
0062a00ea020: Pulling fs layer
75c9997620e5: Pulling fs layer
65076cea62f2: Pulling fs layer
3d07b1124f98: Waiting
a23dd90e1e96: Pulling fs layer
35026f4554f3: Pulling fs layer
56ea1aa88ba2: Pulling fs layer
7804481e6417: Waiting
6ffb39943a69: Pulling fs layer
621d97f26cd4: Pulling fs layer
332b1b004c6e: Pulling fs layer
3f24bc22f09f: Pulling fs layer
80b7eccd8e07: Pulling fs layer
0454841a0701: Waiting
22d7ab261767: Pulling fs layer
ca5570330e90: Waiting
d9dcea20cbc3: Waiting
f5efe9b1149d: Pulling fs layer
d4a42683ae9a: Waiting
ac5d1f73d9c2: Waiting
ea20c4d616c1: Pulling fs layer
320939bac7a1: Pulling fs layer
199c2873e4d2: Waiting
607e3a2111a2: Pulling fs layer
0062a00ea020: Waiting
68f567e6ac95: Pulling fs layer
d27af66baee9: Pulling fs layer
75c9997620e5: Waiting
621d97f26cd4: Waiting
da50742183f5: Pulling fs layer
a23dd90e1e96: Waiting
35026f4554f3: Waiting
72e14e97b249: Pulling fs layer
65076cea62f2: Waiting
22d7ab261767: Waiting
332b1b004c6e: Waiting
320939bac7a1: Waiting
f5efe9b1149d: Waiting
37895631d708: Pulling fs layer
56ea1aa88ba2: Waiting
607e3a2111a2: Waiting
09e304c1facc: Pulling fs layer
ea20c4d616c1: Waiting
6ffb39943a69: Waiting
c2ac81415538: Waiting
9e9b1d087773: Pulling fs layer
80b7eccd8e07: Waiting
3f24bc22f09f: Waiting
aabe6b2c737e: Pulling fs layer
da50742183f5: Waiting
72e14e97b249: Waiting
d27af66baee9: Waiting
9e9b1d087773: Waiting
cc82354da796: Pulling fs layer
09e304c1facc: Waiting
254eade48957: Pulling fs layer
aabe6b2c737e: Waiting
24a09a162c66: Pulling fs layer
96c7d45fc37f: Pulling fs layer
0e8339856e0c: Pulling fs layer
411f3de89556: Pulling fs layer
fd8856e87664: Pulling fs layer
b082de23e3ce: Pulling fs layer
254eade48957: Waiting
cf8db08b9a80: Pulling fs layer
411f3de89556: Waiting
86378b85beac: Pulling fs layer
24a09a162c66: Waiting
0e8339856e0c: Waiting
96c7d45fc37f: Waiting
f0e71e5cdfe2: Pulling fs layer
214210784f6a: Pulling fs layer
b082de23e3ce: Waiting
fd8856e87664: Waiting
cd8c25d58761: Pulling fs layer
cf8db08b9a80: Waiting
86378b85beac: Waiting
f0e71e5cdfe2: Waiting
cd8c25d58761: Waiting
858453671e67: Download complete
d1072db285cc: Verifying Checksum
d1072db285cc: Download complete
3d07b1124f98: Verifying Checksum
3d07b1124f98: Download complete
e80174c8b43b: Verifying Checksum
e80174c8b43b: Download complete
d9dcea20cbc3: Verifying Checksum
d9dcea20cbc3: Download complete
7804481e6417: Verifying Checksum
7804481e6417: Download complete
ac5d1f73d9c2: Verifying Checksum
ac5d1f73d9c2: Download complete
0454841a0701: Verifying Checksum
0454841a0701: Download complete
e80174c8b43b: Pull complete
d1072db285cc: Pull complete
858453671e67: Pull complete
3d07b1124f98: Pull complete
d4a42683ae9a: Download complete
7804481e6417: Pull complete
d9dcea20cbc3: Pull complete
ac5d1f73d9c2: Pull complete
ca5570330e90: Verifying Checksum
ca5570330e90: Download complete
199c2873e4d2: Verifying Checksum
199c2873e4d2: Download complete
0062a00ea020: Verifying Checksum
0062a00ea020: Download complete
65076cea62f2: Download complete
75c9997620e5: Verifying Checksum
75c9997620e5: Download complete
a23dd90e1e96: Verifying Checksum
a23dd90e1e96: Download complete
56ea1aa88ba2: Verifying Checksum
56ea1aa88ba2: Download complete
35026f4554f3: Verifying Checksum
35026f4554f3: Download complete
621d97f26cd4: Verifying Checksum
621d97f26cd4: Download complete
332b1b004c6e: Verifying Checksum
332b1b004c6e: Download complete
3f24bc22f09f: Download complete
6ffb39943a69: Verifying Checksum
6ffb39943a69: Download complete
80b7eccd8e07: Verifying Checksum
80b7eccd8e07: Download complete
f5efe9b1149d: Verifying Checksum
ea20c4d616c1: Download complete
320939bac7a1: Verifying Checksum
320939bac7a1: Download complete
607e3a2111a2: Download complete
68f567e6ac95: Verifying Checksum
68f567e6ac95: Download complete
22d7ab261767: Verifying Checksum
22d7ab261767: Download complete
d27af66baee9: Verifying Checksum
d27af66baee9: Download complete
72e14e97b249: Verifying Checksum
72e14e97b249: Download complete
da50742183f5: Verifying Checksum
da50742183f5: Download complete
09e304c1facc: Download complete
37895631d708: Verifying Checksum
37895631d708: Download complete
9e9b1d087773: Download complete
aabe6b2c737e: Download complete
254eade48957: Verifying Checksum
254eade48957: Download complete
24a09a162c66: Verifying Checksum
24a09a162c66: Download complete
96c7d45fc37f: Verifying Checksum
96c7d45fc37f: Download complete
0e8339856e0c: Verifying Checksum
0e8339856e0c: Download complete
411f3de89556: Download complete
fd8856e87664: Verifying Checksum
fd8856e87664: Download complete
b082de23e3ce: Download complete
cc82354da796: Verifying Checksum
cc82354da796: Download complete
cf8db08b9a80: Verifying Checksum
cf8db08b9a80: Download complete
c2ac81415538: Verifying Checksum
c2ac81415538: Download complete
86378b85beac: Verifying Checksum
86378b85beac: Download complete
f0e71e5cdfe2: Verifying Checksum
f0e71e5cdfe2: Download complete
cd8c25d58761: Verifying Checksum
cd8c25d58761: Download complete
c2ac81415538: Pull complete
0454841a0701: Pull complete
ca5570330e90: Pull complete
d4a42683ae9a: Pull complete
199c2873e4d2: Pull complete
0062a00ea020: Pull complete
75c9997620e5: Pull complete
65076cea62f2: Pull complete
a23dd90e1e96: Pull complete
35026f4554f3: Pull complete
56ea1aa88ba2: Pull complete
6ffb39943a69: Pull complete
621d97f26cd4: Pull complete
332b1b004c6e: Pull complete
3f24bc22f09f: Pull complete
80b7eccd8e07: Pull complete
22d7ab261767: Pull complete
f5efe9b1149d: Pull complete
ea20c4d616c1: Pull complete
320939bac7a1: Pull complete
607e3a2111a2: Pull complete
68f567e6ac95: Pull complete
d27af66baee9: Pull complete
da50742183f5: Pull complete
72e14e97b249: Pull complete
37895631d708: Pull complete
09e304c1facc: Pull complete
9e9b1d087773: Pull complete
aabe6b2c737e: Pull complete
cc82354da796: Pull complete
254eade48957: Pull complete
24a09a162c66: Pull complete
96c7d45fc37f: Pull complete
0e8339856e0c: Pull complete
411f3de89556: Pull complete
fd8856e87664: Pull complete
b082de23e3ce: Pull complete
cf8db08b9a80: Pull complete
86378b85beac: Pull complete
f0e71e5cdfe2: Pull complete
214210784f6a: Verifying Checksum
214210784f6a: Download complete
214210784f6a: Pull complete
cd8c25d58761: Pull complete
Digest: sha256:ae038bd70f28cfcff97c48365c4ef15c97a750092905f180593125727b4701c1
Status: Downloaded newer image for n132/arvo:18788-vul
INFO: Seed: 409862193
INFO: Loaded 1 modules   (39453 inline 8-bit counters): 39453 [0xed0b50, 0xeda56d), 
INFO: Loaded 1 PC tables (39453 PCs): 39453 [0xb2efc8,0xbc9198), 
/out/ffmpeg_AV_CODEC_ID_DVVIDEO_fuzzer: Running 1 inputs 1 time(s) each.
Running: /tmp/poc
=================================================================
==7==ERROR: AddressSanitizer: global-buffer-overflow on address 0x000000a1d029 at pc 0x000000572646 bp 0x7ffd7473be70 sp 0x7ffd7473be68
READ of size 1 at 0x000000a1d029 thread T0
SCARINESS: 22 (1-byte-read-global-buffer-overflow-far-from-bounds)
    #0 0x572645 in put_block_8x4 /src/ffmpeg/libavcodec/dvdec.c:279:20
    #1 0x572645 in dv100_idct_put_last_row_field_luma /src/ffmpeg/libavcodec/dvdec.c:306:5
    #2 0x56f8cf in dv_decode_video_segment /src/ffmpeg/libavcodec/dvdec.c:487:13
    #3 0x5916e1 in avcodec_default_execute /src/ffmpeg/libavcodec/utils.c:446:17
    #4 0x56d8a3 in dvvideo_decode_frame /src/ffmpeg/libavcodec/dvdec.c:611:5
    #5 0x5698a4 in decode_simple_internal /src/ffmpeg/libavcodec/decode.c:432:15
    #6 0x5694f1 in decode_simple_receive_frame /src/ffmpeg/libavcodec/decode.c:628:15
    #7 0x55ead1 in decode_receive_frame_internal /src/ffmpeg/libavcodec/decode.c:646:15
    #8 0x55e8bd in avcodec_send_packet /src/ffmpeg/libavcodec/decode.c:704:15
    #9 0x55fdb0 in compat_decode /src/ffmpeg/libavcodec/decode.c:840:15
    #10 0x555d48 in LLVMFuzzerTestOneInput /src/ffmpeg/tools/target_dec_fuzzer.c:285:23
    #11 0x45a911 in fuzzer::Fuzzer::ExecuteCallback(unsigned char const*, unsigned long) /src/llvm/projects/compiler-rt/lib/fuzzer/FuzzerLoop.cpp:556:15
    #12 0x445531 in fuzzer::RunOneTest(fuzzer::Fuzzer*, char const*, unsigned long) /src/llvm/projects/compiler-rt/lib/fuzzer/FuzzerDriver.cpp:292:6
    #13 0x44b1ee in fuzzer::FuzzerDriver(int*, char***, int (*)(unsigned char const*, unsigned long)) /src/llvm/projects/compiler-rt/lib/fuzzer/FuzzerDriver.cpp:774:9
    #14 0x475362 in main /src/llvm/projects/compiler-rt/lib/fuzzer/FuzzerMain.cpp:19:10
    #15 0x769c2ba1483f in __libc_start_main (/lib/x86_64-linux-gnu/libc.so.6+0x2083f)
    #16 0x41e8e8 in _start (/out/ffmpeg_AV_CODEC_ID_DVVIDEO_fuzzer+0x41e8e8)

DEDUP_TOKEN: put_block_8x4--dv100_idct_put_last_row_field_luma--dv_decode_video_segment
0x000000a1d029 is located 23 bytes to the left of global variable 'ff_crop_tab' defined in 'libavcodec/mathtables.c:77:15' (0xa1d040) of size 2304
0x000000a1d029 is located 41 bytes to the right of global variable 'ff_sqrt_tab' defined in 'libavcodec/mathtables.c:63:15' (0xa1cf00) of size 256
SUMMARY: AddressSanitizer: global-buffer-overflow /src/ffmpeg/libavcodec/dvdec.c:279:20 in put_block_8x4
Shadow bytes around the buggy address:
  0x00008013b9b0: 00 00 00 00 00 00 00 00 00 00 00 00 04 f9 f9 f9
  0x00008013b9c0: f9 f9 f9 f9 f9 f9 f9 f9 f9 f9 f9 f9 f9 f9 f9 f9
  0x00008013b9d0: f9 f9 f9 f9 f9 f9 f9 f9 f9 f9 f9 f9 f9 f9 f9 f9
  0x00008013b9e0: 00 00 00 00 00 00 00 00 00 00 00 00 00 00 00 00
  0x00008013b9f0: 00 00 00 00 00 00 00 00 00 00 00 00 00 00 00 00
=>0x00008013ba00: f9 f9 f9 f9 f9[f9]f9 f9 00 00 00 00 00 00 00 00
  0x00008013ba10: 00 00 00 00 00 00 00 00 00 00 00 00 00 00 00 00
  0x00008013ba20: 00 00 00 00 00 00 00 00 00 00 00 00 00 00 00 00
  0x00008013ba30: 00 00 00 00 00 00 00 00 00 00 00 00 00 00 00 00
  0x00008013ba40: 00 00 00 00 00 00 00 00 00 00 00 00 00 00 00 00
  0x00008013ba50: 00 00 00 00 00 00 00 00 00 00 00 00 00 00 00 00
Shadow byte legend (one shadow byte represents 8 application bytes):
  Addressable:           00
  Partially addressable: 01 02 03 04 05 06 07 
  Heap left redzone:       fa
  Freed heap region:       fd
  Stack left redzone:      f1
  Stack mid redzone:       f2
  Stack right redzone:     f3
  Stack after return:      f5
  Stack use after scope:   f8
  Global redzone:          f9
  Global init order:       f6
  Poisoned by user:        f7
  Container overflow:      fc
  Array cookie:            ac
  Intra object redzone:    bb
  ASan internal:           fe
  Left alloca redzone:     ca
  Right alloca redzone:    cb
  Shadow gap:              cc
==7==ABORTING
