Unable to find image 'n132/arvo:1934-vul' locally
1934-vul: Pulling from n132/arvo
594cf71eb8ba: Pulling fs layer
3b5244e3179b: Pulling fs layer
37a19d5c10ab: Pulling fs layer
d9e6649d6df2: Pulling fs layer
5d01611bd83b: Pulling fs layer
fbb964a9bf09: Pulling fs layer
b2728aead28b: Pulling fs layer
386b11c9ce34: Pulling fs layer
16dec0d64774: Pulling fs layer
6936601cc83d: Pulling fs layer
0182583f5d81: Pulling fs layer
adb03f344412: Pulling fs layer
1ec94ea3b706: Pulling fs layer
fb00d45d6d11: Pulling fs layer
1e9ac2a9b667: Pulling fs layer
d9dd7b375a21: Pulling fs layer
ce3057e104b5: Pulling fs layer
b9fb8fe85ec7: Pulling fs layer
645f1567fb2f: Pulling fs layer
3e11b9032a9b: Pulling fs layer
5d01611bd83b: Waiting
66baec0e4934: Pulling fs layer
6936601cc83d: Waiting
831f2467e604: Pulling fs layer
9923bc05bd84: Pulling fs layer
0182583f5d81: Waiting
ecf27cbbbff6: Pulling fs layer
d9e6649d6df2: Waiting
5a34ee7c18ed: Pulling fs layer
b8a754a6e0ef: Pulling fs layer
fbb964a9bf09: Waiting
1818fb9dcd00: Pulling fs layer
b2728aead28b: Waiting
fc00767953ef: Pulling fs layer
adb03f344412: Waiting
43d0a6280d10: Pulling fs layer
1ec94ea3b706: Waiting
fb00d45d6d11: Waiting
aa37ea577394: Pulling fs layer
744e68f74d5e: Pulling fs layer
ada583bcbf14: Pulling fs layer
b6a7e08bc852: Pulling fs layer
8e59377e2fed: Pulling fs layer
f054549a5979: Pulling fs layer
e5d9c4937b41: Pulling fs layer
6ed8a5dea04d: Pulling fs layer
ebecb031f13e: Pulling fs layer
386b11c9ce34: Waiting
e21d03854f69: Pulling fs layer
7166cc9bf0d2: Pulling fs layer
16dec0d64774: Waiting
6420347c2ff5: Pulling fs layer
0418b0160042: Pulling fs layer
aef758e4c779: Pulling fs layer
8404c0b26c91: Pulling fs layer
1e9ac2a9b667: Waiting
e9175982a0bf: Pulling fs layer
d9dd7b375a21: Waiting
b9fb8fe85ec7: Waiting
cf0ba2abb420: Pulling fs layer
73c1e5884b59: Pulling fs layer
99d5e3d6a33d: Pulling fs layer
66baec0e4934: Waiting
27f42bce79a7: Pulling fs layer
831f2467e604: Waiting
9923bc05bd84: Waiting
3f5988ce2561: Pulling fs layer
ecf27cbbbff6: Waiting
e436f8cf711e: Pulling fs layer
ce3057e104b5: Waiting
f2f2feca3e1a: Pulling fs layer
5a34ee7c18ed: Waiting
b8a754a6e0ef: Waiting
73c1e5884b59: Waiting
645f1567fb2f: Waiting
aef758e4c779: Waiting
8e59377e2fed: Waiting
99d5e3d6a33d: Waiting
27f42bce79a7: Waiting
3f5988ce2561: Waiting
e21d03854f69: Waiting
8404c0b26c91: Waiting
e436f8cf711e: Waiting
f2f2feca3e1a: Waiting
f054549a5979: Waiting
7166cc9bf0d2: Waiting
e9175982a0bf: Waiting
cf0ba2abb420: Waiting
3e11b9032a9b: Waiting
0418b0160042: Waiting
e5d9c4937b41: Waiting
1818fb9dcd00: Waiting
aa37ea577394: Waiting
fc00767953ef: Waiting
43d0a6280d10: Waiting
6ed8a5dea04d: Waiting
744e68f74d5e: Waiting
ebecb031f13e: Waiting
b6a7e08bc852: Waiting
6420347c2ff5: Waiting
37a19d5c10ab: Download complete
3b5244e3179b: Verifying Checksum
3b5244e3179b: Download complete
d9e6649d6df2: Download complete
5d01611bd83b: Verifying Checksum
5d01611bd83b: Download complete
b2728aead28b: Verifying Checksum
b2728aead28b: Download complete
594cf71eb8ba: Verifying Checksum
594cf71eb8ba: Download complete
16dec0d64774: Verifying Checksum
16dec0d64774: Download complete
fbb964a9bf09: Verifying Checksum
fbb964a9bf09: Download complete
386b11c9ce34: Download complete
0182583f5d81: Download complete
594cf71eb8ba: Pull complete
3b5244e3179b: Pull complete
37a19d5c10ab: Pull complete
d9e6649d6df2: Pull complete
5d01611bd83b: Pull complete
1ec94ea3b706: Verifying Checksum
1ec94ea3b706: Download complete
fbb964a9bf09: Pull complete
b2728aead28b: Pull complete
fb00d45d6d11: Verifying Checksum
fb00d45d6d11: Download complete
adb03f344412: Verifying Checksum
adb03f344412: Download complete
386b11c9ce34: Pull complete
16dec0d64774: Pull complete
1e9ac2a9b667: Verifying Checksum
1e9ac2a9b667: Download complete
ce3057e104b5: Verifying Checksum
ce3057e104b5: Download complete
d9dd7b375a21: Verifying Checksum
d9dd7b375a21: Download complete
6936601cc83d: Verifying Checksum
6936601cc83d: Download complete
3e11b9032a9b: Verifying Checksum
3e11b9032a9b: Download complete
66baec0e4934: Download complete
b9fb8fe85ec7: Verifying Checksum
b9fb8fe85ec7: Download complete
831f2467e604: Download complete
9923bc05bd84: Download complete
ecf27cbbbff6: Verifying Checksum
ecf27cbbbff6: Download complete
5a34ee7c18ed: Verifying Checksum
5a34ee7c18ed: Download complete
b8a754a6e0ef: Verifying Checksum
b8a754a6e0ef: Download complete
1818fb9dcd00: Verifying Checksum
1818fb9dcd00: Download complete
43d0a6280d10: Verifying Checksum
43d0a6280d10: Download complete
6936601cc83d: Pull complete
0182583f5d81: Pull complete
aa37ea577394: Verifying Checksum
aa37ea577394: Download complete
744e68f74d5e: Download complete
645f1567fb2f: Verifying Checksum
645f1567fb2f: Download complete
ada583bcbf14: Verifying Checksum
ada583bcbf14: Download complete
8e59377e2fed: Download complete
b6a7e08bc852: Download complete
adb03f344412: Pull complete
1ec94ea3b706: Pull complete
fb00d45d6d11: Pull complete
1e9ac2a9b667: Pull complete
f054549a5979: Verifying Checksum
f054549a5979: Download complete
6ed8a5dea04d: Verifying Checksum
6ed8a5dea04d: Download complete
e21d03854f69: Download complete
ebecb031f13e: Download complete
6420347c2ff5: Verifying Checksum
6420347c2ff5: Download complete
7166cc9bf0d2: Verifying Checksum
7166cc9bf0d2: Download complete
aef758e4c779: Verifying Checksum
aef758e4c779: Download complete
d9dd7b375a21: Pull complete
ce3057e104b5: Pull complete
8404c0b26c91: Verifying Checksum
8404c0b26c91: Download complete
0418b0160042: Verifying Checksum
0418b0160042: Download complete
e5d9c4937b41: Verifying Checksum
e5d9c4937b41: Download complete
e9175982a0bf: Verifying Checksum
e9175982a0bf: Download complete
cf0ba2abb420: Verifying Checksum
cf0ba2abb420: Download complete
73c1e5884b59: Verifying Checksum
73c1e5884b59: Download complete
3f5988ce2561: Download complete
27f42bce79a7: Verifying Checksum
27f42bce79a7: Download complete
f2f2feca3e1a: Download complete
b9fb8fe85ec7: Pull complete
645f1567fb2f: Pull complete
3e11b9032a9b: Pull complete
66baec0e4934: Pull complete
831f2467e604: Pull complete
9923bc05bd84: Pull complete
ecf27cbbbff6: Pull complete
99d5e3d6a33d: Verifying Checksum
99d5e3d6a33d: Download complete
5a34ee7c18ed: Pull complete
b8a754a6e0ef: Pull complete
1818fb9dcd00: Pull complete
fc00767953ef: Pull complete
43d0a6280d10: Pull complete
aa37ea577394: Pull complete
744e68f74d5e: Pull complete
ada583bcbf14: Pull complete
b6a7e08bc852: Pull complete
8e59377e2fed: Pull complete
f054549a5979: Pull complete
e5d9c4937b41: Pull complete
6ed8a5dea04d: Pull complete
ebecb031f13e: Pull complete
e21d03854f69: Pull complete
7166cc9bf0d2: Pull complete
6420347c2ff5: Pull complete
0418b0160042: Pull complete
aef758e4c779: Pull complete
8404c0b26c91: Pull complete
e9175982a0bf: Pull complete
cf0ba2abb420: Pull complete
73c1e5884b59: Pull complete
99d5e3d6a33d: Pull complete
27f42bce79a7: Pull complete
3f5988ce2561: Pull complete
e436f8cf711e: Verifying Checksum
e436f8cf711e: Download complete
e436f8cf711e: Pull complete
f2f2feca3e1a: Pull complete
Digest: sha256:e20735ebc1f6afb96c4831fde5133d69c8723c60f1393413d0f84f9260b1ee33
Status: Downloaded newer image for n132/arvo:1934-vul
======================= INFO =========================
This binary is built for AFL-fuzz.
To run the target function on individual input(s) execute this:
  /out/ffmpeg_AV_CODEC_ID_MP1_fuzzer < INPUT_FILE
or
  /out/ffmpeg_AV_CODEC_ID_MP1_fuzzer INPUT_FILE1 [INPUT_FILE2 ... ]
To fuzz with afl-fuzz execute this:
  afl-fuzz [afl-flags] /out/ffmpeg_AV_CODEC_ID_MP1_fuzzer [-N]
afl-fuzz will run N iterations before re-spawning the process (default: 1000)
======================================================
