INFO: Seed: 1824245847
INFO: Loaded 1 modules (15604 guards): [0xb985b0, 0xba7980), 
/out/ffmpeg_AV_CODEC_ID_AAC_FIXED_fuzzer: Running 1 inputs 1 time(s) each.
Running: /tmp/poc
=================================================================
==7==ERROR: AddressSanitizer: global-buffer-overflow on address 0x0000018bb420 at pc 0x0000005910d1 bp 0x7ffd1d081d90 sp 0x7ffd1d081d88
READ of size 4 at 0x0000018bb420 thread T0
SCARINESS: 27 (4-byte-read-global-buffer-overflow-far-from-bounds)
    #0 0x5910d0 in stereo_processing /src/ffmpeg/libavcodec/aacps.c:904:19
    #1 0x58d843 in ff_ps_apply_fixed /src/ffmpeg/libavcodec/aacps.c:1003:5
    #2 0x539132 in ff_sbr_apply_fixed /src/ffmpeg/libavcodec/aacsbr_template.c:1540:13
    #3 0x527d34 in spectral_to_sample /src/ffmpeg/libavcodec/aacdec_template.c:2792:25
    #4 0x524e5f in aac_decode_frame_int /src/ffmpeg/libavcodec/aacdec_template.c:3104:5
    #5 0x51a861 in aac_decode_frame /src/ffmpeg/libavcodec/aacdec_template.c:3200:15
    #6 0x564463 in decode_simple_internal /src/ffmpeg/libavcodec/decode.c:417:15
    #7 0x563f54 in decode_simple_receive_frame /src/ffmpeg/libavcodec/decode.c:620:15
    #8 0x55b05e in decode_receive_frame_internal /src/ffmpeg/libavcodec/decode.c:638:15
    #9 0x55a5dd in avcodec_send_packet /src/ffmpeg/libavcodec/decode.c:678:15
    #10 0x55bf0d in compat_decode /src/ffmpeg/libavcodec/decode.c:853:15
    #11 0x518e97 in LLVMFuzzerTestOneInput /src/ffmpeg/tools/target_dec_fuzzer.c:216:23
    #12 0x73af19 in fuzzer::Fuzzer::ExecuteCallback(unsigned char const*, unsigned long) /src/libfuzzer/FuzzerLoop.cpp:458:13
    #13 0x73b74a in fuzzer::Fuzzer::RunOne(unsigned char const*, unsigned long) /src/libfuzzer/FuzzerLoop.cpp:397:3
    #14 0x712656 in fuzzer::RunOneTest(fuzzer::Fuzzer*, char const*, unsigned long) /src/libfuzzer/FuzzerDriver.cpp:268:6
    #15 0x71dbe0 in fuzzer::FuzzerDriver(int*, char***, int (*)(unsigned char const*, unsigned long)) /src/libfuzzer/FuzzerDriver.cpp:683:9
    #16 0x711c68 in main /src/libfuzzer/FuzzerMain.cpp:20:10
    #17 0x75083d3fb83f in __libc_start_main (/lib/x86_64-linux-gnu/libc.so.6+0x2083f)
    #18 0x41d728 in _start (/out/ffmpeg_AV_CODEC_ID_AAC_FIXED_fuzzer+0x41d728)

DEDUP_TOKEN: stereo_processing--ff_ps_apply_fixed--ff_sbr_apply_fixed
0x0000018bb420 is located 96 bytes to the right of global variable 'phi_fract' defined in 'libavcodec/aacps_fixed_tablegen.h:56:8' (0x18bb0a0) of size 800
SUMMARY: AddressSanitizer: global-buffer-overflow /src/ffmpeg/libavcodec/aacps.c:904:19 in stereo_processing
Shadow bytes around the buggy address:
  0x00008030f630: 00 00 00 00 00 00 00 00 00 00 00 00 00 00 00 00
  0x00008030f640: 00 00 00 00 00 00 00 00 00 00 00 00 00 00 00 00
  0x00008030f650: 00 00 00 00 00 00 00 00 00 00 00 00 00 00 00 00
  0x00008030f660: 00 00 00 00 00 00 00 00 00 00 00 00 00 00 00 00
  0x00008030f670: 00 00 00 00 00 00 00 00 f9 f9 f9 f9 f9 f9 f9 f9
=>0x00008030f680: f9 f9 f9 f9[f9]f9 f9 f9 f9 f9 f9 f9 f9 f9 f9 f9
  0x00008030f690: 00 00 00 00 00 00 00 00 00 00 00 00 00 00 00 00
  0x00008030f6a0: 00 00 00 00 00 00 00 00 00 00 00 00 00 00 00 00
  0x00008030f6b0: 00 00 00 00 00 00 00 00 00 00 00 00 00 00 00 00
  0x00008030f6c0: 00 00 00 00 00 00 00 00 00 00 00 00 00 00 00 00
  0x00008030f6d0: 00 00 00 00 00 00 00 00 00 00 00 00 00 00 00 00
Shadow byte legend (one shadow byte represents 8 application bytes):
  Addressable:           00
  Partially addressable: 01 02 03 04 05 06 07 
  Heap left redzone:       fa
  Freed heap region:       fd
  Stack left redzone:      f1
  Stack mid redzone:       f2
  Stack right redzone:     f3
  Stack after return:      f5
  Stack use after scope:   f8
  Global redzone:          f9
  Global init order:       f6
  Poisoned by user:        f7
  Container overflow:      fc
  Array cookie:            ac
  Intra object redzone:    bb
  ASan internal:           fe
  Left alloca redzone:     ca
  Right alloca redzone:    cb
==7==ABORTING
