Unable to find image 'n132/arvo:1944-vul' locally
1944-vul: Pulling from n132/arvo
594cf71eb8ba: Already exists
3b5244e3179b: Already exists
37a19d5c10ab: Already exists
d9e6649d6df2: Already exists
5d01611bd83b: Already exists
930cabbe7110: Pulling fs layer
796d468c634b: Pulling fs layer
951984a1fdc7: Pulling fs layer
b853ea7a7aeb: Pulling fs layer
147c29d7d496: Pulling fs layer
bd2fd9663328: Pulling fs layer
e25b754f67ba: Pulling fs layer
98fee31dcd62: Pulling fs layer
ccdcb0b49633: Pulling fs layer
ea1107c8a642: Pulling fs layer
a83c25774e31: Pulling fs layer
b853ea7a7aeb: Waiting
653710d8bd83: Pulling fs layer
147c29d7d496: Waiting
4c7cc9051254: Pulling fs layer
e25b754f67ba: Waiting
98fee31dcd62: Waiting
4c37c6364b47: Pulling fs layer
ccdcb0b49633: Waiting
86b2b4facbe4: Pulling fs layer
ea1107c8a642: Waiting
7473467e72d9: Pulling fs layer
a83c25774e31: Waiting
54987ad3036b: Pulling fs layer
677077d576c4: Pulling fs layer
653710d8bd83: Waiting
e1738a589be4: Pulling fs layer
4c7cc9051254: Waiting
5eb4c6b8ac6f: Pulling fs layer
4c37c6364b47: Waiting
35f356d03ce0: Pulling fs layer
86b2b4facbe4: Waiting
90e8bde239e6: Pulling fs layer
7473467e72d9: Waiting
84a7a300cc5e: Pulling fs layer
3cf12177fd21: Pulling fs layer
758e3148cb96: Pulling fs layer
54987ad3036b: Waiting
f59384b35747: Pulling fs layer
677077d576c4: Waiting
dd7074fbae70: Pulling fs layer
e1738a589be4: Waiting
c58c67db8173: Pulling fs layer
fa269515a10d: Pulling fs layer
5eb4c6b8ac6f: Waiting
cacf86634a73: Pulling fs layer
84a7a300cc5e: Waiting
7e11c6049596: Pulling fs layer
3cf12177fd21: Waiting
3a7ea579cad1: Pulling fs layer
758e3148cb96: Waiting
35f356d03ce0: Waiting
f59384b35747: Waiting
f555d4f7dad9: Pulling fs layer
90e8bde239e6: Waiting
f280266b4816: Pulling fs layer
e7ce56da01c9: Pulling fs layer
bd2fd9663328: Waiting
dd7074fbae70: Waiting
a92e68a0a908: Pulling fs layer
ea193c2d6328: Pulling fs layer
f555d4f7dad9: Waiting
26310e0b65a4: Pulling fs layer
7e11c6049596: Waiting
3a7ea579cad1: Waiting
64054ded7e7f: Pulling fs layer
f280266b4816: Waiting
2c66111ffa05: Pulling fs layer
e7ce56da01c9: Waiting
86b4e0816290: Pulling fs layer
a92e68a0a908: Waiting
41e2107de50e: Pulling fs layer
ea193c2d6328: Waiting
26310e0b65a4: Waiting
643f0093873e: Pulling fs layer
de9474c960fc: Pulling fs layer
cacf86634a73: Waiting
88dbcd845398: Pulling fs layer
64054ded7e7f: Waiting
fa269515a10d: Waiting
2c66111ffa05: Waiting
faad7fe36225: Pulling fs layer
86b4e0816290: Waiting
612d701e2739: Pulling fs layer
643f0093873e: Waiting
41e2107de50e: Waiting
faad7fe36225: Waiting
612d701e2739: Waiting
c58c67db8173: Waiting
de9474c960fc: Waiting
796d468c634b: Verifying Checksum
796d468c634b: Download complete
951984a1fdc7: Verifying Checksum
951984a1fdc7: Download complete
b853ea7a7aeb: Verifying Checksum
b853ea7a7aeb: Download complete
bd2fd9663328: Verifying Checksum
bd2fd9663328: Download complete
930cabbe7110: Verifying Checksum
930cabbe7110: Download complete
930cabbe7110: Pull complete
796d468c634b: Pull complete
98fee31dcd62: Verifying Checksum
98fee31dcd62: Download complete
ccdcb0b49633: Verifying Checksum
ccdcb0b49633: Download complete
e25b754f67ba: Verifying Checksum
e25b754f67ba: Download complete
951984a1fdc7: Pull complete
b853ea7a7aeb: Pull complete
ea1107c8a642: Verifying Checksum
ea1107c8a642: Download complete
653710d8bd83: Download complete
a83c25774e31: Verifying Checksum
a83c25774e31: Download complete
147c29d7d496: Verifying Checksum
147c29d7d496: Download complete
86b2b4facbe4: Verifying Checksum
86b2b4facbe4: Download complete
4c7cc9051254: Verifying Checksum
4c7cc9051254: Download complete
54987ad3036b: Download complete
7473467e72d9: Verifying Checksum
7473467e72d9: Download complete
e1738a589be4: Verifying Checksum
e1738a589be4: Download complete
4c37c6364b47: Verifying Checksum
4c37c6364b47: Download complete
677077d576c4: Verifying Checksum
677077d576c4: Download complete
90e8bde239e6: Verifying Checksum
90e8bde239e6: Download complete
35f356d03ce0: Verifying Checksum
35f356d03ce0: Download complete
5eb4c6b8ac6f: Verifying Checksum
5eb4c6b8ac6f: Download complete
3cf12177fd21: Download complete
758e3148cb96: Verifying Checksum
758e3148cb96: Download complete
84a7a300cc5e: Download complete
f59384b35747: Verifying Checksum
f59384b35747: Download complete
dd7074fbae70: Verifying Checksum
dd7074fbae70: Download complete
fa269515a10d: Verifying Checksum
fa269515a10d: Download complete
147c29d7d496: Pull complete
bd2fd9663328: Pull complete
c58c67db8173: Verifying Checksum
c58c67db8173: Download complete
cacf86634a73: Download complete
f555d4f7dad9: Verifying Checksum
f555d4f7dad9: Download complete
3a7ea579cad1: Verifying Checksum
3a7ea579cad1: Download complete
f280266b4816: Verifying Checksum
f280266b4816: Download complete
e25b754f67ba: Pull complete
a92e68a0a908: Verifying Checksum
a92e68a0a908: Download complete
e7ce56da01c9: Verifying Checksum
e7ce56da01c9: Download complete
98fee31dcd62: Pull complete
ea193c2d6328: Verifying Checksum
ea193c2d6328: Download complete
ccdcb0b49633: Pull complete
7e11c6049596: Verifying Checksum
7e11c6049596: Download complete
ea1107c8a642: Pull complete
64054ded7e7f: Verifying Checksum
64054ded7e7f: Download complete
2c66111ffa05: Verifying Checksum
2c66111ffa05: Download complete
26310e0b65a4: Verifying Checksum
41e2107de50e: Verifying Checksum
41e2107de50e: Download complete
de9474c960fc: Download complete
86b4e0816290: Verifying Checksum
86b4e0816290: Download complete
88dbcd845398: Verifying Checksum
88dbcd845398: Download complete
612d701e2739: Verifying Checksum
612d701e2739: Download complete
a83c25774e31: Pull complete
653710d8bd83: Pull complete
4c7cc9051254: Pull complete
643f0093873e: Verifying Checksum
643f0093873e: Download complete
4c37c6364b47: Pull complete
86b2b4facbe4: Pull complete
7473467e72d9: Pull complete
54987ad3036b: Pull complete
677077d576c4: Pull complete
e1738a589be4: Pull complete
5eb4c6b8ac6f: Pull complete
35f356d03ce0: Pull complete
90e8bde239e6: Pull complete
84a7a300cc5e: Pull complete
3cf12177fd21: Pull complete
758e3148cb96: Pull complete
f59384b35747: Pull complete
dd7074fbae70: Pull complete
c58c67db8173: Pull complete
fa269515a10d: Pull complete
cacf86634a73: Pull complete
7e11c6049596: Pull complete
3a7ea579cad1: Pull complete
f555d4f7dad9: Pull complete
f280266b4816: Pull complete
e7ce56da01c9: Pull complete
a92e68a0a908: Pull complete
ea193c2d6328: Pull complete
26310e0b65a4: Pull complete
64054ded7e7f: Pull complete
2c66111ffa05: Pull complete
86b4e0816290: Pull complete
41e2107de50e: Pull complete
643f0093873e: Pull complete
de9474c960fc: Pull complete
88dbcd845398: Pull complete
faad7fe36225: Verifying Checksum
faad7fe36225: Download complete
faad7fe36225: Pull complete
612d701e2739: Pull complete
Digest: sha256:3b287a179bc4047897568050b9ecd2c818e20b642fc43185ba7202c8126b85f6
Status: Downloaded newer image for n132/arvo:1944-vul
INFO: Seed: 3330458714
INFO: Loaded 1 modules (15604 guards): [0xb985b0, 0xba7980), 
/out/ffmpeg_AV_CODEC_ID_AAC_FIXED_fuzzer: Running 1 inputs 1 time(s) each.
Running: /tmp/poc
=================================================================
==7==ERROR: AddressSanitizer: global-buffer-overflow on address 0x0000018bb420 at pc 0x0000005910d1 bp 0x7ffdf1903350 sp 0x7ffdf1903348
READ of size 4 at 0x0000018bb420 thread T0
SCARINESS: 27 (4-byte-read-global-buffer-overflow-far-from-bounds)
    #0 0x5910d0 in stereo_processing /src/ffmpeg/libavcodec/aacps.c:904:19
    #1 0x58d843 in ff_ps_apply_fixed /src/ffmpeg/libavcodec/aacps.c:1003:5
    #2 0x539132 in ff_sbr_apply_fixed /src/ffmpeg/libavcodec/aacsbr_template.c:1540:13
    #3 0x527d34 in spectral_to_sample /src/ffmpeg/libavcodec/aacdec_template.c:2792:25
    #4 0x524e5f in aac_decode_frame_int /src/ffmpeg/libavcodec/aacdec_template.c:3104:5
    #5 0x51a861 in aac_decode_frame /src/ffmpeg/libavcodec/aacdec_template.c:3200:15
    #6 0x564463 in decode_simple_internal /src/ffmpeg/libavcodec/decode.c:417:15
    #7 0x563f54 in decode_simple_receive_frame /src/ffmpeg/libavcodec/decode.c:620:15
    #8 0x55b05e in decode_receive_frame_internal /src/ffmpeg/libavcodec/decode.c:638:15
    #9 0x55a5dd in avcodec_send_packet /src/ffmpeg/libavcodec/decode.c:678:15
    #10 0x55bf0d in compat_decode /src/ffmpeg/libavcodec/decode.c:853:15
    #11 0x518e97 in LLVMFuzzerTestOneInput /src/ffmpeg/tools/target_dec_fuzzer.c:216:23
    #12 0x73af19 in fuzzer::Fuzzer::ExecuteCallback(unsigned char const*, unsigned long) /src/libfuzzer/FuzzerLoop.cpp:458:13
    #13 0x73b74a in fuzzer::Fuzzer::RunOne(unsigned char const*, unsigned long) /src/libfuzzer/FuzzerLoop.cpp:397:3
    #14 0x712656 in fuzzer::RunOneTest(fuzzer::Fuzzer*, char const*, unsigned long) /src/libfuzzer/FuzzerDriver.cpp:268:6
    #15 0x71dbe0 in fuzzer::FuzzerDriver(int*, char***, int (*)(unsigned char const*, unsigned long)) /src/libfuzzer/FuzzerDriver.cpp:683:9
    #16 0x711c68 in main /src/libfuzzer/FuzzerMain.cpp:20:10
    #17 0x73386a31d83f in __libc_start_main (/lib/x86_64-linux-gnu/libc.so.6+0x2083f)
    #18 0x41d728 in _start (/out/ffmpeg_AV_CODEC_ID_AAC_FIXED_fuzzer+0x41d728)

DEDUP_TOKEN: stereo_processing--ff_ps_apply_fixed--ff_sbr_apply_fixed
0x0000018bb420 is located 96 bytes to the right of global variable 'phi_fract' defined in 'libavcodec/aacps_fixed_tablegen.h:56:8' (0x18bb0a0) of size 800
SUMMARY: AddressSanitizer: global-buffer-overflow /src/ffmpeg/libavcodec/aacps.c:904:19 in stereo_processing
Shadow bytes around the buggy address:
  0x00008030f630: 00 00 00 00 00 00 00 00 00 00 00 00 00 00 00 00
  0x00008030f640: 00 00 00 00 00 00 00 00 00 00 00 00 00 00 00 00
  0x00008030f650: 00 00 00 00 00 00 00 00 00 00 00 00 00 00 00 00
  0x00008030f660: 00 00 00 00 00 00 00 00 00 00 00 00 00 00 00 00
  0x00008030f670: 00 00 00 00 00 00 00 00 f9 f9 f9 f9 f9 f9 f9 f9
=>0x00008030f680: f9 f9 f9 f9[f9]f9 f9 f9 f9 f9 f9 f9 f9 f9 f9 f9
  0x00008030f690: 00 00 00 00 00 00 00 00 00 00 00 00 00 00 00 00
  0x00008030f6a0: 00 00 00 00 00 00 00 00 00 00 00 00 00 00 00 00
  0x00008030f6b0: 00 00 00 00 00 00 00 00 00 00 00 00 00 00 00 00
  0x00008030f6c0: 00 00 00 00 00 00 00 00 00 00 00 00 00 00 00 00
  0x00008030f6d0: 00 00 00 00 00 00 00 00 00 00 00 00 00 00 00 00
Shadow byte legend (one shadow byte represents 8 application bytes):
  Addressable:           00
  Partially addressable: 01 02 03 04 05 06 07 
  Heap left redzone:       fa
  Freed heap region:       fd
  Stack left redzone:      f1
  Stack mid redzone:       f2
  Stack right redzone:     f3
  Stack after return:      f5
  Stack use after scope:   f8
  Global redzone:          f9
  Global init order:       f6
  Poisoned by user:        f7
  Container overflow:      fc
  Array cookie:            ac
  Intra object redzone:    bb
  ASan internal:           fe
  Left alloca redzone:     ca
  Right alloca redzone:    cb
==7==ABORTING
