INFO: Seed: 3267053903
INFO: Loaded 1 modules (17608 guards): [0xc0b990, 0xc1ccb0),
/out/ffmpeg_AV_CODEC_ID_SVQ3_fuzzer: Running 1 inputs 1 time(s) each.
Running: /tmp/poc
=================================================================
==13==ERROR: AddressSanitizer: global-buffer-overflow on address 0x0000008b6a99 at pc 0x00000053ff6b bp 0x7ffdf3f1ef70 sp 0x7ffdf3f1ef68
READ of size 1 at 0x0000008b6a99 thread T0
SCARINESS: 12 (1-byte-read-global-buffer-overflow)
    #0 0x53ff6a in svq3_decode_mb /src/ffmpeg/libavcodec/svq3.c:870:27
    #1 0x5392d3 in svq3_decode_frame /src/ffmpeg/libavcodec/svq3.c:1567:33
    #2 0x529ee3 in decode_simple_internal /src/ffmpeg/libavcodec/decode.c:417:15
    #3 0x5299d4 in decode_simple_receive_frame /src/ffmpeg/libavcodec/decode.c:620:15
    #4 0x520ade in decode_receive_frame_internal /src/ffmpeg/libavcodec/decode.c:638:15
    #5 0x52005d in avcodec_send_packet /src/ffmpeg/libavcodec/decode.c:678:15
    #6 0x52198d in compat_decode /src/ffmpeg/libavcodec/decode.c:853:15
    #7 0x518e17 in LLVMFuzzerTestOneInput /src/ffmpeg/tools/target_dec_fuzzer.c:216:23
    #8 0x7c3af9 in fuzzer::Fuzzer::ExecuteCallback(unsigned char const*, unsigned long) /src/libfuzzer/FuzzerLoop.cpp:458:13
    #9 0x7c432a in fuzzer::Fuzzer::RunOne(unsigned char const*, unsigned long) /src/libfuzzer/FuzzerLoop.cpp:397:3
    #10 0x79b236 in fuzzer::RunOneTest(fuzzer::Fuzzer*, char const*, unsigned long) /src/libfuzzer/FuzzerDriver.cpp:268:6
    #11 0x7a67c0 in fuzzer::FuzzerDriver(int*, char***, int (*)(unsigned char const*, unsigned long)) /src/libfuzzer/FuzzerDriver.cpp:683:9
    #12 0x79a848 in main /src/libfuzzer/FuzzerMain.cpp:20:10
    #13 0x72967117f83f in __libc_start_main (/lib/x86_64-linux-gnu/libc.so.6+0x2083f)
    #14 0x41d6a8 in _start (/out/ffmpeg_AV_CODEC_ID_SVQ3_fuzzer+0x41d6a8)

DEDUP_TOKEN: svq3_decode_mb--svq3_decode_frame--decode_simple_internal
0x0000008b6a99 is located 39 bytes to the left of global variable 'svq3_pred_0' defined in 'libavcodec/svq3.c:178:22' (0x8b6ac0) of size 50
0x0000008b6a99 is located 5 bytes to the right of global variable 'svq3_pred_1' defined in 'libavcodec/svq3.c:190:21' (0x8b69e0) of size 180
SUMMARY: AddressSanitizer: global-buffer-overflow /src/ffmpeg/libavcodec/svq3.c:870:27 in svq3_decode_mb
Shadow bytes around the buggy address:
  0x00008010ed00: 00 07 f9 f9 f9 f9 f9 f9 00 00 06 f9 f9 f9 f9 f9
  0x00008010ed10: 00 00 00 00 01 f9 f9 f9 f9 f9 f9 f9 00 00 00 03
  0x00008010ed20: f9 f9 f9 f9 00 00 00 f9 f9 f9 f9 f9 00 00 05 f9
  0x00008010ed30: f9 f9 f9 f9 00 00 04 f9 f9 f9 f9 f9 00 00 00 00
  0x00008010ed40: 00 00 00 00 00 00 00 00 00 00 00 00 00 00 00 00
=>0x00008010ed50: 00 00 04[f9]f9 f9 f9 f9 00 00 00 00 00 00 02 f9
  0x00008010ed60: f9 f9 f9 f9 00 00 02 f9 f9 f9 f9 f9 00 00 00 00
  0x00008010ed70: 03 f9 f9 f9 f9 f9 f9 f9 00 04 f9 f9 f9 f9 f9 f9
  0x00008010ed80: 00 03 f9 f9 f9 f9 f9 f9 00 00 00 00 04 f9 f9 f9
  0x00008010ed90: f9 f9 f9 f9 00 00 00 04 f9 f9 f9 f9 00 00 00 00
  0x00008010eda0: 06 f9 f9 f9 f9 f9 f9 f9 00 00 00 00 06 f9 f9 f9
Shadow byte legend (one shadow byte represents 8 application bytes):
  Addressable:           00
  Partially addressable: 01 02 03 04 05 06 07
  Heap left redzone:       fa
  Freed heap region:       fd
  Stack left redzone:      f1
  Stack mid redzone:       f2
  Stack right redzone:     f3
  Stack after return:      f5
  Stack use after scope:   f8
  Global redzone:          f9
  Global init order:       f6
  Poisoned by user:        f7
  Container overflow:      fc
  Array cookie:            ac
  Intra object redzone:    bb
  ASan internal:           fe
  Left alloca redzone:     ca
  Right alloca redzone:    cb
==13==ABORTING