Unable to find image 'n132/arvo:20048-vul' locally
20048-vul: Pulling from n132/arvo
3386e6af03b0: Pulling fs layer
49ac0bbe6c8e: Pulling fs layer
d1983a67e104: Pulling fs layer
1a0f3a523f04: Pulling fs layer
73c5426d06aa: Pulling fs layer
fa7611375f71: Pulling fs layer
cfbeaae4f211: Pulling fs layer
42371f50a4fa: Pulling fs layer
d03027ec3c94: Pulling fs layer
c7d96356120a: Pulling fs layer
6c28d33bde9b: Pulling fs layer
f52300c66b5f: Pulling fs layer
df8ecd39b0e7: Pulling fs layer
9454a074fc30: Pulling fs layer
47fed183f2ed: Pulling fs layer
e96eecbbb562: Pulling fs layer
0b0cc7417213: Pulling fs layer
8e81c9530cd8: Pulling fs layer
4445fbb6820d: Pulling fs layer
8f1a3969422b: Pulling fs layer
3e6f87cba13b: Pulling fs layer
4baddc9f2450: Pulling fs layer
8b40fe672830: Pulling fs layer
1c7984b1da81: Pulling fs layer
f505349c77b6: Pulling fs layer
c7d96356120a: Waiting
a416f19463ea: Pulling fs layer
a180e88edd7c: Pulling fs layer
2b18c7cb1a65: Pulling fs layer
6c28d33bde9b: Waiting
91062fa24e3e: Pulling fs layer
f52300c66b5f: Waiting
c6633c84f8cd: Pulling fs layer
df8ecd39b0e7: Waiting
2e111efe7acd: Pulling fs layer
9454a074fc30: Waiting
f1963cb3e2b3: Pulling fs layer
335a1846ef42: Pulling fs layer
3c86c80ead30: Pulling fs layer
0c087bdde1d0: Pulling fs layer
47fed183f2ed: Waiting
5605528700b5: Pulling fs layer
0c81b9e524b2: Pulling fs layer
e96eecbbb562: Waiting
0b0cc7417213: Waiting
e53469ef4869: Pulling fs layer
c912f3e083e1: Pulling fs layer
8e81c9530cd8: Waiting
c3fa7b1ce182: Pulling fs layer
4445fbb6820d: Waiting
011c35c1cb12: Pulling fs layer
8f1a3969422b: Waiting
8b40fe672830: Waiting
d10cd17ddd2b: Pulling fs layer
f6a0b3935134: Pulling fs layer
1c7984b1da81: Waiting
3e6f87cba13b: Waiting
a530190396a3: Pulling fs layer
4baddc9f2450: Waiting
43f119cfc4bc: Pulling fs layer
f14661f6d3ef: Pulling fs layer
4c8a33a750b2: Pulling fs layer
f505349c77b6: Waiting
6d925eb9b43d: Pulling fs layer
a416f19463ea: Waiting
4f4fb700ef54: Pulling fs layer
2b18c7cb1a65: Waiting
a180e88edd7c: Waiting
cb69f38be91c: Pulling fs layer
09f7d0039fd8: Pulling fs layer
1f676b188eff: Pulling fs layer
011c35c1cb12: Waiting
91062fa24e3e: Waiting
4c8a33a750b2: Waiting
c6633c84f8cd: Waiting
6d925eb9b43d: Waiting
2e111efe7acd: Waiting
d10cd17ddd2b: Waiting
f6a0b3935134: Waiting
f1963cb3e2b3: Waiting
a530190396a3: Waiting
335a1846ef42: Waiting
42371f50a4fa: Waiting
fa7611375f71: Waiting
3c86c80ead30: Waiting
cfbeaae4f211: Waiting
d03027ec3c94: Waiting
4f4fb700ef54: Waiting
cb69f38be91c: Waiting
43f119cfc4bc: Waiting
09f7d0039fd8: Waiting
1f676b188eff: Waiting
f14661f6d3ef: Waiting
5605528700b5: Waiting
c3fa7b1ce182: Waiting
e53469ef4869: Waiting
1a0f3a523f04: Waiting
73c5426d06aa: Waiting
0c81b9e524b2: Waiting
49ac0bbe6c8e: Download complete
d1983a67e104: Verifying Checksum
d1983a67e104: Download complete
1a0f3a523f04: Download complete
fa7611375f71: Verifying Checksum
fa7611375f71: Download complete
3386e6af03b0: Verifying Checksum
3386e6af03b0: Download complete
cfbeaae4f211: Verifying Checksum
cfbeaae4f211: Download complete
73c5426d06aa: Verifying Checksum
73c5426d06aa: Download complete
d03027ec3c94: Verifying Checksum
d03027ec3c94: Download complete
3386e6af03b0: Pull complete
49ac0bbe6c8e: Pull complete
d1983a67e104: Pull complete
1a0f3a523f04: Pull complete
6c28d33bde9b: Verifying Checksum
6c28d33bde9b: Download complete
73c5426d06aa: Pull complete
fa7611375f71: Pull complete
cfbeaae4f211: Pull complete
c7d96356120a: Verifying Checksum
c7d96356120a: Download complete
df8ecd39b0e7: Verifying Checksum
df8ecd39b0e7: Download complete
f52300c66b5f: Verifying Checksum
f52300c66b5f: Download complete
47fed183f2ed: Download complete
9454a074fc30: Verifying Checksum
9454a074fc30: Download complete
e96eecbbb562: Verifying Checksum
e96eecbbb562: Download complete
42371f50a4fa: Verifying Checksum
42371f50a4fa: Download complete
8e81c9530cd8: Verifying Checksum
8e81c9530cd8: Download complete
4445fbb6820d: Verifying Checksum
4445fbb6820d: Download complete
8f1a3969422b: Verifying Checksum
8f1a3969422b: Download complete
3e6f87cba13b: Verifying Checksum
3e6f87cba13b: Download complete
0b0cc7417213: Verifying Checksum
0b0cc7417213: Download complete
8b40fe672830: Download complete
4baddc9f2450: Verifying Checksum
4baddc9f2450: Download complete
a416f19463ea: Verifying Checksum
a416f19463ea: Download complete
1c7984b1da81: Verifying Checksum
1c7984b1da81: Download complete
a180e88edd7c: Verifying Checksum
a180e88edd7c: Download complete
91062fa24e3e: Verifying Checksum
91062fa24e3e: Download complete
c6633c84f8cd: Verifying Checksum
c6633c84f8cd: Download complete
2b18c7cb1a65: Verifying Checksum
2b18c7cb1a65: Download complete
42371f50a4fa: Pull complete
d03027ec3c94: Pull complete
2e111efe7acd: Verifying Checksum
2e111efe7acd: Download complete
f1963cb3e2b3: Download complete
335a1846ef42: Verifying Checksum
335a1846ef42: Download complete
f505349c77b6: Verifying Checksum
f505349c77b6: Download complete
5605528700b5: Verifying Checksum
5605528700b5: Download complete
c7d96356120a: Pull complete
6c28d33bde9b: Pull complete
0c087bdde1d0: Verifying Checksum
0c087bdde1d0: Download complete
3c86c80ead30: Verifying Checksum
3c86c80ead30: Download complete
0c81b9e524b2: Verifying Checksum
0c81b9e524b2: Download complete
c912f3e083e1: Verifying Checksum
c912f3e083e1: Download complete
e53469ef4869: Verifying Checksum
e53469ef4869: Download complete
d10cd17ddd2b: Verifying Checksum
d10cd17ddd2b: Download complete
c3fa7b1ce182: Verifying Checksum
c3fa7b1ce182: Download complete
f52300c66b5f: Pull complete
011c35c1cb12: Verifying Checksum
011c35c1cb12: Download complete
a530190396a3: Verifying Checksum
a530190396a3: Download complete
df8ecd39b0e7: Pull complete
9454a074fc30: Pull complete
47fed183f2ed: Pull complete
e96eecbbb562: Pull complete
0b0cc7417213: Pull complete
f6a0b3935134: Verifying Checksum
f6a0b3935134: Download complete
4c8a33a750b2: Verifying Checksum
4c8a33a750b2: Download complete
6d925eb9b43d: Download complete
f14661f6d3ef: Verifying Checksum
f14661f6d3ef: Download complete
cb69f38be91c: Verifying Checksum
cb69f38be91c: Download complete
4f4fb700ef54: Verifying Checksum
4f4fb700ef54: Download complete
8e81c9530cd8: Pull complete
4445fbb6820d: Pull complete
8f1a3969422b: Pull complete
1f676b188eff: Verifying Checksum
1f676b188eff: Download complete
3e6f87cba13b: Pull complete
4baddc9f2450: Pull complete
8b40fe672830: Pull complete
43f119cfc4bc: Verifying Checksum
43f119cfc4bc: Download complete
1c7984b1da81: Pull complete
f505349c77b6: Pull complete
a416f19463ea: Pull complete
a180e88edd7c: Pull complete
2b18c7cb1a65: Pull complete
91062fa24e3e: Pull complete
c6633c84f8cd: Pull complete
2e111efe7acd: Pull complete
f1963cb3e2b3: Pull complete
335a1846ef42: Pull complete
3c86c80ead30: Pull complete
0c087bdde1d0: Pull complete
5605528700b5: Pull complete
0c81b9e524b2: Pull complete
e53469ef4869: Pull complete
c912f3e083e1: Pull complete
c3fa7b1ce182: Pull complete
011c35c1cb12: Pull complete
d10cd17ddd2b: Pull complete
f6a0b3935134: Pull complete
a530190396a3: Pull complete
43f119cfc4bc: Pull complete
f14661f6d3ef: Pull complete
4c8a33a750b2: Pull complete
6d925eb9b43d: Pull complete
4f4fb700ef54: Pull complete
cb69f38be91c: Pull complete
09f7d0039fd8: Verifying Checksum
09f7d0039fd8: Download complete
09f7d0039fd8: Pull complete
1f676b188eff: Pull complete
Digest: sha256:edd1e975009c9216ff051d16583cd25ec83b6e3e284c893212b85be3c5c0c35d
Status: Downloaded newer image for n132/arvo:20048-vul
INFO: Seed: 537218091
INFO: Loaded 1 modules   (123258 inline 8-bit counters): 123258 [0x1735fa0, 0x175411a), 
INFO: Loaded 1 PC tables (123258 PCs): 123258 [0x1754120,0x19358c0), 
/out/coder_PICT_fuzzer: Running 1 inputs 1 time(s) each.
Running: /tmp/poc
=================================================================
==7==ERROR: AddressSanitizer: heap-buffer-overflow on address 0x62d00000860d at pc 0x0000005223ea bp 0x7ffe276ea6f0 sp 0x7ffe276e9eb8
READ of size 119 at 0x62d00000860d thread T0
SCARINESS: 26 (multi-byte-read-heap-buffer-overflow)
    #0 0x5223e9 in __asan_memcpy /src/llvm-project/compiler-rt/lib/asan/asan_interceptors_memintrinsics.cpp:22:3
    #1 0x897e33 in DecodeImage /src/graphicsmagick/coders/pict.c:959:20
    #2 0x891624 in ReadPICTImage /src/graphicsmagick/coders/pict.c
    #3 0x5fe94f in ReadImage /src/graphicsmagick/magick/constitute.c:1607:13
    #4 0x5b5398 in BlobToImage /src/graphicsmagick/magick/blob.c:764:13
    #5 0x55cb1f in Magick::Image::read(Magick::Blob const&) /src/graphicsmagick/Magick++/lib/Image.cpp:1591:5
    #6 0x5559b7 in LLVMFuzzerTestOneInput /src/graphicsmagick/fuzzing/coder_fuzzer.cc:22:15
    #7 0x45b411 in fuzzer::Fuzzer::ExecuteCallback(unsigned char const*, unsigned long) /src/llvm-project/compiler-rt/lib/fuzzer/FuzzerLoop.cpp:556:15
    #8 0x445f31 in fuzzer::RunOneTest(fuzzer::Fuzzer*, char const*, unsigned long) /src/llvm-project/compiler-rt/lib/fuzzer/FuzzerDriver.cpp:292:6
    #9 0x44bbee in fuzzer::FuzzerDriver(int*, char***, int (*)(unsigned char const*, unsigned long)) /src/llvm-project/compiler-rt/lib/fuzzer/FuzzerDriver.cpp:774:9
    #10 0x475b12 in main /src/llvm-project/compiler-rt/lib/fuzzer/FuzzerMain.cpp:19:10
    #11 0x78b62ccce83f in __libc_start_main (/lib/x86_64-linux-gnu/libc.so.6+0x2083f)
    #12 0x41f3a8 in _start (/out/coder_PICT_fuzzer+0x41f3a8)

DEDUP_TOKEN: __asan_memcpy--DecodeImage--ReadPICTImage
0x62d00000860d is located 0 bytes to the right of 33293-byte region [0x62d000000400,0x62d00000860d)
allocated by thread T0 here:
    #0 0x522fad in malloc /src/llvm-project/compiler-rt/lib/asan/asan_malloc_linux.cpp:145:3
    #1 0x897ab6 in DecodeImage /src/graphicsmagick/coders/pict.c:891:12
    #2 0x891624 in ReadPICTImage /src/graphicsmagick/coders/pict.c
    #3 0x5fe94f in ReadImage /src/graphicsmagick/magick/constitute.c:1607:13
    #4 0x5b5398 in BlobToImage /src/graphicsmagick/magick/blob.c:764:13
    #5 0x55cb1f in Magick::Image::read(Magick::Blob const&) /src/graphicsmagick/Magick++/lib/Image.cpp:1591:5
    #6 0x5559b7 in LLVMFuzzerTestOneInput /src/graphicsmagick/fuzzing/coder_fuzzer.cc:22:15
    #7 0x45b411 in fuzzer::Fuzzer::ExecuteCallback(unsigned char const*, unsigned long) /src/llvm-project/compiler-rt/lib/fuzzer/FuzzerLoop.cpp:556:15
    #8 0x445f31 in fuzzer::RunOneTest(fuzzer::Fuzzer*, char const*, unsigned long) /src/llvm-project/compiler-rt/lib/fuzzer/FuzzerDriver.cpp:292:6
    #9 0x44bbee in fuzzer::FuzzerDriver(int*, char***, int (*)(unsigned char const*, unsigned long)) /src/llvm-project/compiler-rt/lib/fuzzer/FuzzerDriver.cpp:774:9
    #10 0x475b12 in main /src/llvm-project/compiler-rt/lib/fuzzer/FuzzerMain.cpp:19:10
    #11 0x78b62ccce83f in __libc_start_main (/lib/x86_64-linux-gnu/libc.so.6+0x2083f)

DEDUP_TOKEN: malloc--DecodeImage--ReadPICTImage
SUMMARY: AddressSanitizer: heap-buffer-overflow /src/llvm-project/compiler-rt/lib/asan/asan_interceptors_memintrinsics.cpp:22:3 in __asan_memcpy
Shadow bytes around the buggy address:
  0x0c5a7fff9070: 00 00 00 00 00 00 00 00 00 00 00 00 00 00 00 00
  0x0c5a7fff9080: 00 00 00 00 00 00 00 00 00 00 00 00 00 00 00 00
  0x0c5a7fff9090: 00 00 00 00 00 00 00 00 00 00 00 00 00 00 00 00
  0x0c5a7fff90a0: 00 00 00 00 00 00 00 00 00 00 00 00 00 00 00 00
  0x0c5a7fff90b0: 00 00 00 00 00 00 00 00 00 00 00 00 00 00 00 00
=>0x0c5a7fff90c0: 00[05]fa fa fa fa fa fa fa fa fa fa fa fa fa fa
  0x0c5a7fff90d0: fa fa fa fa fa fa fa fa fa fa fa fa fa fa fa fa
  0x0c5a7fff90e0: fa fa fa fa fa fa fa fa fa fa fa fa fa fa fa fa
  0x0c5a7fff90f0: fa fa fa fa fa fa fa fa fa fa fa fa fa fa fa fa
  0x0c5a7fff9100: fa fa fa fa fa fa fa fa fa fa fa fa fa fa fa fa
  0x0c5a7fff9110: fa fa fa fa fa fa fa fa fa fa fa fa fa fa fa fa
Shadow byte legend (one shadow byte represents 8 application bytes):
  Addressable:           00
  Partially addressable: 01 02 03 04 05 06 07 
  Heap left redzone:       fa
  Freed heap region:       fd
  Stack left redzone:      f1
  Stack mid redzone:       f2
  Stack right redzone:     f3
  Stack after return:      f5
  Stack use after scope:   f8
  Global redzone:          f9
  Global init order:       f6
  Poisoned by user:        f7
  Container overflow:      fc
  Array cookie:            ac
  Intra object redzone:    bb
  ASan internal:           fe
  Left alloca redzone:     ca
  Right alloca redzone:    cb
  Shadow gap:              cc
==7==ABORTING
