INFO: Seed: 1915789624
INFO: Loaded 1 modules   (123258 inline 8-bit counters): 123258 [0x1735fa0, 0x175411a), 
INFO: Loaded 1 PC tables (123258 PCs): 123258 [0x1754120,0x19358c0), 
/out/coder_PICT_fuzzer: Running 1 inputs 1 time(s) each.
Running: /tmp/poc
=================================================================
==7==ERROR: AddressSanitizer: heap-buffer-overflow on address 0x62d00000860d at pc 0x0000005223ea bp 0x7fff4d3f9fb0 sp 0x7fff4d3f9778
READ of size 119 at 0x62d00000860d thread T0
SCARINESS: 26 (multi-byte-read-heap-buffer-overflow)
    #0 0x5223e9 in __asan_memcpy /src/llvm-project/compiler-rt/lib/asan/asan_interceptors_memintrinsics.cpp:22:3
    #1 0x897e33 in DecodeImage /src/graphicsmagick/coders/pict.c:959:20
    #2 0x891624 in ReadPICTImage /src/graphicsmagick/coders/pict.c
    #3 0x5fe94f in ReadImage /src/graphicsmagick/magick/constitute.c:1607:13
    #4 0x5b5398 in BlobToImage /src/graphicsmagick/magick/blob.c:764:13
    #5 0x55cb1f in Magick::Image::read(Magick::Blob const&) /src/graphicsmagick/Magick++/lib/Image.cpp:1591:5
    #6 0x5559b7 in LLVMFuzzerTestOneInput /src/graphicsmagick/fuzzing/coder_fuzzer.cc:22:15
    #7 0x45b411 in fuzzer::Fuzzer::ExecuteCallback(unsigned char const*, unsigned long) /src/llvm-project/compiler-rt/lib/fuzzer/FuzzerLoop.cpp:556:15
    #8 0x445f31 in fuzzer::RunOneTest(fuzzer::Fuzzer*, char const*, unsigned long) /src/llvm-project/compiler-rt/lib/fuzzer/FuzzerDriver.cpp:292:6
    #9 0x44bbee in fuzzer::FuzzerDriver(int*, char***, int (*)(unsigned char const*, unsigned long)) /src/llvm-project/compiler-rt/lib/fuzzer/FuzzerDriver.cpp:774:9
    #10 0x475b12 in main /src/llvm-project/compiler-rt/lib/fuzzer/FuzzerMain.cpp:19:10
    #11 0x71d83e10883f in __libc_start_main (/lib/x86_64-linux-gnu/libc.so.6+0x2083f)
    #12 0x41f3a8 in _start (/out/coder_PICT_fuzzer+0x41f3a8)

DEDUP_TOKEN: __asan_memcpy--DecodeImage--ReadPICTImage
0x62d00000860d is located 0 bytes to the right of 33293-byte region [0x62d000000400,0x62d00000860d)
allocated by thread T0 here:
    #0 0x522fad in malloc /src/llvm-project/compiler-rt/lib/asan/asan_malloc_linux.cpp:145:3
    #1 0x897ab6 in DecodeImage /src/graphicsmagick/coders/pict.c:891:12
    #2 0x891624 in ReadPICTImage /src/graphicsmagick/coders/pict.c
    #3 0x5fe94f in ReadImage /src/graphicsmagick/magick/constitute.c:1607:13
    #4 0x5b5398 in BlobToImage /src/graphicsmagick/magick/blob.c:764:13
    #5 0x55cb1f in Magick::Image::read(Magick::Blob const&) /src/graphicsmagick/Magick++/lib/Image.cpp:1591:5
    #6 0x5559b7 in LLVMFuzzerTestOneInput /src/graphicsmagick/fuzzing/coder_fuzzer.cc:22:15
    #7 0x45b411 in fuzzer::Fuzzer::ExecuteCallback(unsigned char const*, unsigned long) /src/llvm-project/compiler-rt/lib/fuzzer/FuzzerLoop.cpp:556:15
    #8 0x445f31 in fuzzer::RunOneTest(fuzzer::Fuzzer*, char const*, unsigned long) /src/llvm-project/compiler-rt/lib/fuzzer/FuzzerDriver.cpp:292:6
    #9 0x44bbee in fuzzer::FuzzerDriver(int*, char***, int (*)(unsigned char const*, unsigned long)) /src/llvm-project/compiler-rt/lib/fuzzer/FuzzerDriver.cpp:774:9
    #10 0x475b12 in main /src/llvm-project/compiler-rt/lib/fuzzer/FuzzerMain.cpp:19:10
    #11 0x71d83e10883f in __libc_start_main (/lib/x86_64-linux-gnu/libc.so.6+0x2083f)

DEDUP_TOKEN: malloc--DecodeImage--ReadPICTImage
SUMMARY: AddressSanitizer: heap-buffer-overflow /src/llvm-project/compiler-rt/lib/asan/asan_interceptors_memintrinsics.cpp:22:3 in __asan_memcpy
Shadow bytes around the buggy address:
  0x0c5a7fff9070: 00 00 00 00 00 00 00 00 00 00 00 00 00 00 00 00
  0x0c5a7fff9080: 00 00 00 00 00 00 00 00 00 00 00 00 00 00 00 00
  0x0c5a7fff9090: 00 00 00 00 00 00 00 00 00 00 00 00 00 00 00 00
  0x0c5a7fff90a0: 00 00 00 00 00 00 00 00 00 00 00 00 00 00 00 00
  0x0c5a7fff90b0: 00 00 00 00 00 00 00 00 00 00 00 00 00 00 00 00
=>0x0c5a7fff90c0: 00[05]fa fa fa fa fa fa fa fa fa fa fa fa fa fa
  0x0c5a7fff90d0: fa fa fa fa fa fa fa fa fa fa fa fa fa fa fa fa
  0x0c5a7fff90e0: fa fa fa fa fa fa fa fa fa fa fa fa fa fa fa fa
  0x0c5a7fff90f0: fa fa fa fa fa fa fa fa fa fa fa fa fa fa fa fa
  0x0c5a7fff9100: fa fa fa fa fa fa fa fa fa fa fa fa fa fa fa fa
  0x0c5a7fff9110: fa fa fa fa fa fa fa fa fa fa fa fa fa fa fa fa
Shadow byte legend (one shadow byte represents 8 application bytes):
  Addressable:           00
  Partially addressable: 01 02 03 04 05 06 07 
  Heap left redzone:       fa
  Freed heap region:       fd
  Stack left redzone:      f1
  Stack mid redzone:       f2
  Stack right redzone:     f3
  Stack after return:      f5
  Stack use after scope:   f8
  Global redzone:          f9
  Global init order:       f6
  Poisoned by user:        f7
  Container overflow:      fc
  Array cookie:            ac
  Intra object redzone:    bb
  ASan internal:           fe
  Left alloca redzone:     ca
  Right alloca redzone:    cb
  Shadow gap:              cc
==7==ABORTING
