Unable to find image 'n132/arvo:20271-vul' locally
20271-vul: Pulling from n132/arvo
0a01a72a686c: Pulling fs layer
cc899a5544da: Pulling fs layer
19197c550755: Pulling fs layer
716d454e56b6: Pulling fs layer
06dc387fe5f4: Pulling fs layer
a39215e7186c: Pulling fs layer
9c586eb5c78a: Pulling fs layer
15da22c01168: Pulling fs layer
24bb3fcf7d61: Pulling fs layer
530e012225b3: Pulling fs layer
93be8895fa0a: Pulling fs layer
557cec56b20f: Pulling fs layer
ead433304001: Pulling fs layer
6bbb18af02ba: Pulling fs layer
de3619435d5f: Pulling fs layer
fa73f6b02861: Pulling fs layer
7a64477c0dac: Pulling fs layer
433b02639131: Pulling fs layer
f928d4879d32: Pulling fs layer
d52021e4797f: Pulling fs layer
8c4ede7963f5: Pulling fs layer
2469005a09f6: Pulling fs layer
1ea415b71805: Pulling fs layer
04d5d648fb89: Pulling fs layer
cb8c8ab0b49a: Pulling fs layer
d27663198fd4: Pulling fs layer
ee3afcdc74a8: Pulling fs layer
9057cb398de6: Pulling fs layer
c04c86bf695b: Pulling fs layer
70700fa16253: Pulling fs layer
572637126dfe: Pulling fs layer
b1e8f83696f8: Pulling fs layer
694b37013214: Pulling fs layer
cf0d18a5fd5b: Pulling fs layer
66a98771f124: Pulling fs layer
178191c50e92: Pulling fs layer
fa0f83a1a908: Pulling fs layer
2484cfae5382: Pulling fs layer
cb6740d52498: Pulling fs layer
4c9ac8579d9b: Pulling fs layer
3afedb648d56: Pulling fs layer
c9a2945155fc: Pulling fs layer
433b02639131: Waiting
f928d4879d32: Waiting
d52021e4797f: Waiting
8c4ede7963f5: Waiting
b3732ce60d59: Pulling fs layer
2469005a09f6: Waiting
03f487b0d3ff: Pulling fs layer
259ba4e8eee1: Pulling fs layer
1ea415b71805: Waiting
52ec521a7541: Pulling fs layer
04d5d648fb89: Waiting
fb1e0f35d7f8: Pulling fs layer
c911f2e3e523: Pulling fs layer
4f4fb700ef54: Pulling fs layer
cb8c8ab0b49a: Waiting
c47597ca8ae4: Pulling fs layer
d27663198fd4: Waiting
fd2e94edabea: Pulling fs layer
ee3afcdc74a8: Waiting
1ccb81769139: Pulling fs layer
70700fa16253: Waiting
572637126dfe: Waiting
b1e8f83696f8: Waiting
694b37013214: Waiting
cf0d18a5fd5b: Waiting
716d454e56b6: Waiting
66a98771f124: Waiting
06dc387fe5f4: Waiting
24bb3fcf7d61: Waiting
178191c50e92: Waiting
9c586eb5c78a: Waiting
a39215e7186c: Waiting
9057cb398de6: Waiting
c04c86bf695b: Waiting
c47597ca8ae4: Waiting
fd2e94edabea: Waiting
fa0f83a1a908: Waiting
15da22c01168: Waiting
52ec521a7541: Waiting
530e012225b3: Waiting
93be8895fa0a: Waiting
fb1e0f35d7f8: Waiting
1ccb81769139: Waiting
6bbb18af02ba: Waiting
557cec56b20f: Waiting
c911f2e3e523: Waiting
c9a2945155fc: Waiting
de3619435d5f: Waiting
2484cfae5382: Waiting
4f4fb700ef54: Waiting
ead433304001: Waiting
cb6740d52498: Waiting
7a64477c0dac: Waiting
b3732ce60d59: Waiting
4c9ac8579d9b: Waiting
259ba4e8eee1: Waiting
3afedb648d56: Waiting
03f487b0d3ff: Waiting
cc899a5544da: Download complete
19197c550755: Verifying Checksum
19197c550755: Download complete
0a01a72a686c: Verifying Checksum
0a01a72a686c: Download complete
716d454e56b6: Verifying Checksum
716d454e56b6: Download complete
a39215e7186c: Verifying Checksum
a39215e7186c: Download complete
9c586eb5c78a: Download complete
0a01a72a686c: Pull complete
cc899a5544da: Pull complete
19197c550755: Pull complete
716d454e56b6: Pull complete
06dc387fe5f4: Verifying Checksum
06dc387fe5f4: Download complete
24bb3fcf7d61: Verifying Checksum
24bb3fcf7d61: Download complete
93be8895fa0a: Download complete
06dc387fe5f4: Pull complete
a39215e7186c: Pull complete
9c586eb5c78a: Pull complete
530e012225b3: Verifying Checksum
530e012225b3: Download complete
557cec56b20f: Verifying Checksum
557cec56b20f: Download complete
6bbb18af02ba: Verifying Checksum
6bbb18af02ba: Download complete
de3619435d5f: Verifying Checksum
de3619435d5f: Download complete
ead433304001: Verifying Checksum
ead433304001: Download complete
fa73f6b02861: Verifying Checksum
fa73f6b02861: Download complete
15da22c01168: Verifying Checksum
15da22c01168: Download complete
f928d4879d32: Verifying Checksum
f928d4879d32: Download complete
7a64477c0dac: Verifying Checksum
7a64477c0dac: Download complete
d52021e4797f: Verifying Checksum
d52021e4797f: Download complete
8c4ede7963f5: Verifying Checksum
8c4ede7963f5: Download complete
433b02639131: Verifying Checksum
433b02639131: Download complete
1ea415b71805: Verifying Checksum
1ea415b71805: Download complete
04d5d648fb89: Verifying Checksum
04d5d648fb89: Download complete
2469005a09f6: Verifying Checksum
2469005a09f6: Download complete
d27663198fd4: Verifying Checksum
d27663198fd4: Download complete
ee3afcdc74a8: Verifying Checksum
ee3afcdc74a8: Download complete
9057cb398de6: Verifying Checksum
9057cb398de6: Download complete
70700fa16253: Verifying Checksum
70700fa16253: Download complete
15da22c01168: Pull complete
24bb3fcf7d61: Pull complete
c04c86bf695b: Verifying Checksum
c04c86bf695b: Download complete
572637126dfe: Verifying Checksum
572637126dfe: Download complete
cb8c8ab0b49a: Verifying Checksum
cb8c8ab0b49a: Download complete
b1e8f83696f8: Verifying Checksum
b1e8f83696f8: Download complete
694b37013214: Verifying Checksum
694b37013214: Download complete
cf0d18a5fd5b: Download complete
530e012225b3: Pull complete
93be8895fa0a: Pull complete
178191c50e92: Verifying Checksum
178191c50e92: Download complete
fa0f83a1a908: Download complete
66a98771f124: Verifying Checksum
66a98771f124: Download complete
2484cfae5382: Verifying Checksum
2484cfae5382: Download complete
cb6740d52498: Verifying Checksum
cb6740d52498: Download complete
4c9ac8579d9b: Verifying Checksum
4c9ac8579d9b: Download complete
c9a2945155fc: Verifying Checksum
c9a2945155fc: Download complete
3afedb648d56: Download complete
03f487b0d3ff: Verifying Checksum
03f487b0d3ff: Download complete
557cec56b20f: Pull complete
ead433304001: Pull complete
6bbb18af02ba: Pull complete
de3619435d5f: Pull complete
fa73f6b02861: Pull complete
b3732ce60d59: Verifying Checksum
b3732ce60d59: Download complete
7a64477c0dac: Pull complete
52ec521a7541: Verifying Checksum
52ec521a7541: Download complete
fb1e0f35d7f8: Verifying Checksum
fb1e0f35d7f8: Download complete
4f4fb700ef54: Verifying Checksum
4f4fb700ef54: Download complete
c911f2e3e523: Verifying Checksum
c911f2e3e523: Download complete
c47597ca8ae4: Verifying Checksum
c47597ca8ae4: Download complete
1ccb81769139: Verifying Checksum
1ccb81769139: Download complete
433b02639131: Pull complete
f928d4879d32: Pull complete
d52021e4797f: Pull complete
8c4ede7963f5: Pull complete
2469005a09f6: Pull complete
1ea415b71805: Pull complete
04d5d648fb89: Pull complete
259ba4e8eee1: Download complete
cb8c8ab0b49a: Pull complete
d27663198fd4: Pull complete
ee3afcdc74a8: Pull complete
9057cb398de6: Pull complete
c04c86bf695b: Pull complete
70700fa16253: Pull complete
572637126dfe: Pull complete
b1e8f83696f8: Pull complete
694b37013214: Pull complete
cf0d18a5fd5b: Pull complete
66a98771f124: Pull complete
178191c50e92: Pull complete
fa0f83a1a908: Pull complete
2484cfae5382: Pull complete
cb6740d52498: Pull complete
4c9ac8579d9b: Pull complete
3afedb648d56: Pull complete
c9a2945155fc: Pull complete
b3732ce60d59: Pull complete
03f487b0d3ff: Pull complete
259ba4e8eee1: Pull complete
52ec521a7541: Pull complete
fb1e0f35d7f8: Pull complete
c911f2e3e523: Pull complete
4f4fb700ef54: Pull complete
c47597ca8ae4: Pull complete
fd2e94edabea: Verifying Checksum
fd2e94edabea: Download complete
fd2e94edabea: Pull complete
1ccb81769139: Pull complete
Digest: sha256:92a6dfa55bd6f154e314bf1ccb129321ff3424dab7c6a015b3d46867ad52e031
Status: Downloaded newer image for n132/arvo:20271-vul
INFO: Seed: 809676591
INFO: Loaded 1 modules   (123312 inline 8-bit counters): 123312 [0x1736040, 0x17541f0), 
INFO: Loaded 1 PC tables (123312 PCs): 123312 [0x17541f0,0x1935cf0), 
/out/coder_PICT_fuzzer: Running 1 inputs 1 time(s) each.
Running: /tmp/poc
=================================================================
==7==ERROR: AddressSanitizer: heap-buffer-overflow on address 0x611000000140 at pc 0x000000898d3d bp 0x7ffc3ae75750 sp 0x7ffc3ae75748
READ of size 1 at 0x611000000140 thread T0
SCARINESS: 12 (1-byte-read-heap-buffer-overflow)
    #0 0x898d3c in ExpandBuffer /src/graphicsmagick/coders/pict.c:737:15
    #1 0x8982bc in DecodeImage /src/graphicsmagick/coders/pict.c:963:15
    #2 0x891a64 in ReadPICTImage /src/graphicsmagick/coders/pict.c
    #3 0x5fe94f in ReadImage /src/graphicsmagick/magick/constitute.c:1607:13
    #4 0x5b5398 in BlobToImage /src/graphicsmagick/magick/blob.c:764:13
    #5 0x55cb1f in Magick::Image::read(Magick::Blob const&) /src/graphicsmagick/Magick++/lib/Image.cpp:1591:5
    #6 0x5559b7 in LLVMFuzzerTestOneInput /src/graphicsmagick/fuzzing/coder_fuzzer.cc:22:15
    #7 0x45b411 in fuzzer::Fuzzer::ExecuteCallback(unsigned char const*, unsigned long) /src/llvm-project/compiler-rt/lib/fuzzer/FuzzerLoop.cpp:556:15
    #8 0x445f31 in fuzzer::RunOneTest(fuzzer::Fuzzer*, char const*, unsigned long) /src/llvm-project/compiler-rt/lib/fuzzer/FuzzerDriver.cpp:292:6
    #9 0x44bbee in fuzzer::FuzzerDriver(int*, char***, int (*)(unsigned char const*, unsigned long)) /src/llvm-project/compiler-rt/lib/fuzzer/FuzzerDriver.cpp:774:9
    #10 0x475b12 in main /src/llvm-project/compiler-rt/lib/fuzzer/FuzzerMain.cpp:19:10
    #11 0x75c27bfda83f in __libc_start_main (/lib/x86_64-linux-gnu/libc.so.6+0x2083f)
    #12 0x41f3a8 in _start (/out/coder_PICT_fuzzer+0x41f3a8)

DEDUP_TOKEN: ExpandBuffer--DecodeImage--ReadPICTImage
0x611000000140 is located 0 bytes to the right of 256-byte region [0x611000000040,0x611000000140)
allocated by thread T0 here:
    #0 0x522fad in malloc /src/llvm-project/compiler-rt/lib/asan/asan_malloc_linux.cpp:145:3
    #1 0x897f5d in DecodeImage /src/graphicsmagick/coders/pict.c:899:12
    #2 0x891a64 in ReadPICTImage /src/graphicsmagick/coders/pict.c
    #3 0x5fe94f in ReadImage /src/graphicsmagick/magick/constitute.c:1607:13
    #4 0x5b5398 in BlobToImage /src/graphicsmagick/magick/blob.c:764:13
    #5 0x55cb1f in Magick::Image::read(Magick::Blob const&) /src/graphicsmagick/Magick++/lib/Image.cpp:1591:5
    #6 0x5559b7 in LLVMFuzzerTestOneInput /src/graphicsmagick/fuzzing/coder_fuzzer.cc:22:15
    #7 0x45b411 in fuzzer::Fuzzer::ExecuteCallback(unsigned char const*, unsigned long) /src/llvm-project/compiler-rt/lib/fuzzer/FuzzerLoop.cpp:556:15
    #8 0x445f31 in fuzzer::RunOneTest(fuzzer::Fuzzer*, char const*, unsigned long) /src/llvm-project/compiler-rt/lib/fuzzer/FuzzerDriver.cpp:292:6
    #9 0x44bbee in fuzzer::FuzzerDriver(int*, char***, int (*)(unsigned char const*, unsigned long)) /src/llvm-project/compiler-rt/lib/fuzzer/FuzzerDriver.cpp:774:9
    #10 0x475b12 in main /src/llvm-project/compiler-rt/lib/fuzzer/FuzzerMain.cpp:19:10
    #11 0x75c27bfda83f in __libc_start_main (/lib/x86_64-linux-gnu/libc.so.6+0x2083f)

DEDUP_TOKEN: malloc--DecodeImage--ReadPICTImage
SUMMARY: AddressSanitizer: heap-buffer-overflow /src/graphicsmagick/coders/pict.c:737:15 in ExpandBuffer
Shadow bytes around the buggy address:
  0x0c227fff7fd0: 00 00 00 00 00 00 00 00 00 00 00 00 00 00 00 00
  0x0c227fff7fe0: 00 00 00 00 00 00 00 00 00 00 00 00 00 00 00 00
  0x0c227fff7ff0: 00 00 00 00 00 00 00 00 00 00 00 00 00 00 00 00
  0x0c227fff8000: fa fa fa fa fa fa fa fa 00 00 00 00 00 00 00 00
  0x0c227fff8010: 00 00 00 00 00 00 00 00 00 00 00 00 00 00 00 00
=>0x0c227fff8020: 00 00 00 00 00 00 00 00[fa]fa fa fa fa fa fa fa
  0x0c227fff8030: fa fa fa fa fa fa fa fa fa fa fa fa fa fa fa fa
  0x0c227fff8040: fa fa fa fa fa fa fa fa fa fa fa fa fa fa fa fa
  0x0c227fff8050: fa fa fa fa fa fa fa fa fa fa fa fa fa fa fa fa
  0x0c227fff8060: fa fa fa fa fa fa fa fa fa fa fa fa fa fa fa fa
  0x0c227fff8070: fa fa fa fa fa fa fa fa fa fa fa fa fa fa fa fa
Shadow byte legend (one shadow byte represents 8 application bytes):
  Addressable:           00
  Partially addressable: 01 02 03 04 05 06 07 
  Heap left redzone:       fa
  Freed heap region:       fd
  Stack left redzone:      f1
  Stack mid redzone:       f2
  Stack right redzone:     f3
  Stack after return:      f5
  Stack use after scope:   f8
  Global redzone:          f9
  Global init order:       f6
  Poisoned by user:        f7
  Container overflow:      fc
  Array cookie:            ac
  Intra object redzone:    bb
  ASan internal:           fe
  Left alloca redzone:     ca
  Right alloca redzone:    cb
  Shadow gap:              cc
==7==ABORTING
