Unable to find image 'n132/arvo:20318-vul' locally
20318-vul: Pulling from n132/arvo
3386e6af03b0: Already exists
49ac0bbe6c8e: Already exists
d1983a67e104: Already exists
1a0f3a523f04: Already exists
73c5426d06aa: Already exists
fa7611375f71: Already exists
cfbeaae4f211: Already exists
42371f50a4fa: Already exists
d03027ec3c94: Already exists
c7d96356120a: Already exists
6c28d33bde9b: Already exists
f52300c66b5f: Already exists
df8ecd39b0e7: Already exists
9454a074fc30: Already exists
47fed183f2ed: Already exists
e96eecbbb562: Already exists
0b0cc7417213: Already exists
8e81c9530cd8: Already exists
4445fbb6820d: Already exists
8f1a3969422b: Already exists
3e6f87cba13b: Already exists
295dd3f2bf9c: Pulling fs layer
30db0635f2e7: Pulling fs layer
64b2ac942635: Pulling fs layer
40b52b3ac769: Pulling fs layer
716acdfe1ad7: Pulling fs layer
2f5d90b3ba3b: Pulling fs layer
df3e9d7df5d0: Pulling fs layer
38b00e0ac35d: Pulling fs layer
1fd9329c47bd: Pulling fs layer
ab94b317e9de: Pulling fs layer
78a0a40898b2: Pulling fs layer
8eeef8ce831c: Pulling fs layer
1c35e91d52a1: Pulling fs layer
ad4a7e7bf826: Pulling fs layer
d563fb518540: Pulling fs layer
f052fabe5f77: Pulling fs layer
f7cb234eec4f: Pulling fs layer
3c1b31b8a172: Pulling fs layer
716acdfe1ad7: Waiting
f20062f156e1: Pulling fs layer
00b44c0edb60: Pulling fs layer
2f5d90b3ba3b: Waiting
dc0e78e2ef0b: Pulling fs layer
0d271cb992fd: Pulling fs layer
df3e9d7df5d0: Waiting
8ceaac2a779b: Pulling fs layer
d2c612032070: Pulling fs layer
71599c9d5513: Pulling fs layer
066a7520eaa3: Pulling fs layer
d0b4f5c3d3d5: Pulling fs layer
4f4fb700ef54: Pulling fs layer
1802e23befc6: Pulling fs layer
5855c19dbbe8: Pulling fs layer
509d4ab75bde: Pulling fs layer
38b00e0ac35d: Waiting
1fd9329c47bd: Waiting
ab94b317e9de: Waiting
0d271cb992fd: Waiting
8ceaac2a779b: Waiting
d2c612032070: Waiting
71599c9d5513: Waiting
066a7520eaa3: Waiting
78a0a40898b2: Waiting
d0b4f5c3d3d5: Waiting
4f4fb700ef54: Waiting
8eeef8ce831c: Waiting
1c35e91d52a1: Waiting
1802e23befc6: Waiting
ad4a7e7bf826: Waiting
5855c19dbbe8: Waiting
d563fb518540: Waiting
f052fabe5f77: Waiting
509d4ab75bde: Waiting
f7cb234eec4f: Waiting
3c1b31b8a172: Waiting
f20062f156e1: Waiting
40b52b3ac769: Waiting
dc0e78e2ef0b: Waiting
30db0635f2e7: Verifying Checksum
30db0635f2e7: Download complete
64b2ac942635: Verifying Checksum
64b2ac942635: Download complete
295dd3f2bf9c: Download complete
716acdfe1ad7: Verifying Checksum
716acdfe1ad7: Download complete
2f5d90b3ba3b: Verifying Checksum
2f5d90b3ba3b: Download complete
df3e9d7df5d0: Verifying Checksum
df3e9d7df5d0: Download complete
38b00e0ac35d: Verifying Checksum
38b00e0ac35d: Download complete
1fd9329c47bd: Verifying Checksum
1fd9329c47bd: Download complete
295dd3f2bf9c: Pull complete
30db0635f2e7: Pull complete
78a0a40898b2: Download complete
8eeef8ce831c: Verifying Checksum
8eeef8ce831c: Download complete
ab94b317e9de: Verifying Checksum
ab94b317e9de: Download complete
1c35e91d52a1: Verifying Checksum
1c35e91d52a1: Download complete
64b2ac942635: Pull complete
40b52b3ac769: Download complete
ad4a7e7bf826: Verifying Checksum
ad4a7e7bf826: Download complete
d563fb518540: Verifying Checksum
d563fb518540: Download complete
f7cb234eec4f: Verifying Checksum
f7cb234eec4f: Download complete
f052fabe5f77: Verifying Checksum
f052fabe5f77: Download complete
f20062f156e1: Verifying Checksum
f20062f156e1: Download complete
3c1b31b8a172: Verifying Checksum
3c1b31b8a172: Download complete
00b44c0edb60: Verifying Checksum
00b44c0edb60: Download complete
dc0e78e2ef0b: Verifying Checksum
dc0e78e2ef0b: Download complete
8ceaac2a779b: Verifying Checksum
8ceaac2a779b: Download complete
0d271cb992fd: Verifying Checksum
0d271cb992fd: Download complete
71599c9d5513: Download complete
d0b4f5c3d3d5: Verifying Checksum
d0b4f5c3d3d5: Download complete
066a7520eaa3: Verifying Checksum
066a7520eaa3: Download complete
4f4fb700ef54: Verifying Checksum
4f4fb700ef54: Download complete
1802e23befc6: Download complete
509d4ab75bde: Verifying Checksum
509d4ab75bde: Download complete
40b52b3ac769: Pull complete
716acdfe1ad7: Pull complete
2f5d90b3ba3b: Pull complete
df3e9d7df5d0: Pull complete
38b00e0ac35d: Pull complete
1fd9329c47bd: Pull complete
ab94b317e9de: Pull complete
78a0a40898b2: Pull complete
8eeef8ce831c: Pull complete
1c35e91d52a1: Pull complete
ad4a7e7bf826: Pull complete
d563fb518540: Pull complete
f052fabe5f77: Pull complete
f7cb234eec4f: Pull complete
3c1b31b8a172: Pull complete
f20062f156e1: Pull complete
00b44c0edb60: Pull complete
dc0e78e2ef0b: Pull complete
0d271cb992fd: Pull complete
8ceaac2a779b: Pull complete
d2c612032070: Verifying Checksum
d2c612032070: Download complete
d2c612032070: Pull complete
71599c9d5513: Pull complete
066a7520eaa3: Pull complete
d0b4f5c3d3d5: Pull complete
4f4fb700ef54: Pull complete
1802e23befc6: Pull complete
5855c19dbbe8: Verifying Checksum
5855c19dbbe8: Download complete
5855c19dbbe8: Pull complete
509d4ab75bde: Pull complete
Digest: sha256:4debf6d3f0da8ab19a0ea94d254a08b5c46b43978ba51249fb4fc6c51302e4e2
Status: Downloaded newer image for n132/arvo:20318-vul
======================= INFO =========================
This binary is built for AFL-fuzz.
To run the target function on individual input(s) execute this:
  /out/coder_WPG_fuzzer < INPUT_FILE
or
  /out/coder_WPG_fuzzer INPUT_FILE1 [INPUT_FILE2 ... ]
To fuzz with afl-fuzz execute this:
  afl-fuzz [afl-flags] /out/coder_WPG_fuzzer [-N]
afl-fuzz will run N iterations before re-spawning the process (default: 1000)
======================================================
=================================================================
==7==ERROR: AddressSanitizer: heap-buffer-overflow on address 0x622000001564 at pc 0x000000859a04 bp 0x7ffe1257d050 sp 0x7ffe1257d048
WRITE of size 2 at 0x622000001564 thread T0
SCARINESS: 33 (2-byte-write-heap-buffer-overflow)
    #0 0x859a03 in InsertRow /src/graphicsmagick/coders/wpg.c:332:25
    #1 0x85b06b in ZeroFillMissingData /src/graphicsmagick/coders/wpg.c:422:9
    #2 0x857dfe in UnpackWPGRaster /src/graphicsmagick/coders/wpg.c:510:17
    #3 0x8535fd in ReadWPGImage /src/graphicsmagick/coders/wpg.c:1382:20
    #4 0x56f0cf in ReadImage /src/graphicsmagick/magick/constitute.c:1607:13
    #5 0x528050 in BlobToImage /src/graphicsmagick/magick/blob.c:764:13
    #6 0x4d318b in Magick::Image::read(Magick::Blob const&) /src/graphicsmagick/Magick++/lib/Image.cpp:1591:5
    #7 0x4ca739 in LLVMFuzzerTestOneInput /src/graphicsmagick/fuzzing/coder_fuzzer.cc:22:15
    #8 0x4cbdce in ExecuteFilesOnyByOne /src/libfuzzer/afl/afl_driver.cpp:216:5
    #9 0x4cbdce in main /src/libfuzzer/afl/afl_driver.cpp:253:12
    #10 0x79625ee5483f in __libc_start_main (/lib/x86_64-linux-gnu/libc.so.6+0x2083f)
    #11 0x41f148 in _start (/out/coder_WPG_fuzzer+0x41f148)

DEDUP_TOKEN: InsertRow--ZeroFillMissingData--UnpackWPGRaster
0x622000001564 is located 0 bytes to the right of 5220-byte region [0x622000000100,0x622000001564)
allocated by thread T0 here:
    #0 0x497d2d in malloc /src/llvm-project/compiler-rt/lib/asan/asan_malloc_linux.cpp:145:3
    #1 0x649a8c in OpenCache /src/graphicsmagick/magick/pixel_cache.c:2497:7
    #2 0x648fc7 in ModifyCache /src/graphicsmagick/magick/pixel_cache.c:4586:18
    #3 0x64c908 in SetCacheNexus /src/graphicsmagick/magick/pixel_cache.c:922:7
    #4 0x64c75e in SetCacheViewPixels /src/graphicsmagick/magick/pixel_cache.c:4883:10
    #5 0x739fa4 in ReadDIBImage /src/graphicsmagick/coders/dib.c:826:11
    #6 0x56f0cf in ReadImage /src/graphicsmagick/magick/constitute.c:1607:13
    #7 0x528050 in BlobToImage /src/graphicsmagick/magick/blob.c:764:13
    #8 0x856df3 in ExtractPostscript /src/graphicsmagick/coders/wpg.c:945:12
    #9 0x8528c9 in ReadWPGImage /src/graphicsmagick/coders/wpg.c:1293:23
    #10 0x56f0cf in ReadImage /src/graphicsmagick/magick/constitute.c:1607:13
    #11 0x528050 in BlobToImage /src/graphicsmagick/magick/blob.c:764:13
    #12 0x4d318b in Magick::Image::read(Magick::Blob const&) /src/graphicsmagick/Magick++/lib/Image.cpp:1591:5
    #13 0x4ca739 in LLVMFuzzerTestOneInput /src/graphicsmagick/fuzzing/coder_fuzzer.cc:22:15
    #14 0x4cbdce in ExecuteFilesOnyByOne /src/libfuzzer/afl/afl_driver.cpp:216:5
    #15 0x4cbdce in main /src/libfuzzer/afl/afl_driver.cpp:253:12
    #16 0x79625ee5483f in __libc_start_main (/lib/x86_64-linux-gnu/libc.so.6+0x2083f)

DEDUP_TOKEN: malloc--OpenCache--ModifyCache
SUMMARY: AddressSanitizer: heap-buffer-overflow /src/graphicsmagick/coders/wpg.c:332:25 in InsertRow
Shadow bytes around the buggy address:
  0x0c447fff8250: 00 00 00 00 00 00 00 00 00 00 00 00 00 00 00 00
  0x0c447fff8260: 00 00 00 00 00 00 00 00 00 00 00 00 00 00 00 00
  0x0c447fff8270: 00 00 00 00 00 00 00 00 00 00 00 00 00 00 00 00
  0x0c447fff8280: 00 00 00 00 00 00 00 00 00 00 00 00 00 00 00 00
  0x0c447fff8290: 00 00 00 00 00 00 00 00 00 00 00 00 00 00 00 00
=>0x0c447fff82a0: 00 00 00 00 00 00 00 00 00 00 00 00[04]fa fa fa
  0x0c447fff82b0: fa fa fa fa fa fa fa fa fa fa fa fa fa fa fa fa
  0x0c447fff82c0: fa fa fa fa fa fa fa fa fa fa fa fa fa fa fa fa
  0x0c447fff82d0: fa fa fa fa fa fa fa fa fa fa fa fa fa fa fa fa
  0x0c447fff82e0: fa fa fa fa fa fa fa fa fa fa fa fa fa fa fa fa
  0x0c447fff82f0: fa fa fa fa fa fa fa fa fa fa fa fa fa fa fa fa
Shadow byte legend (one shadow byte represents 8 application bytes):
  Addressable:           00
  Partially addressable: 01 02 03 04 05 06 07 
  Heap left redzone:       fa
  Freed heap region:       fd
  Stack left redzone:      f1
  Stack mid redzone:       f2
  Stack right redzone:     f3
  Stack after return:      f5
  Stack use after scope:   f8
  Global redzone:          f9
  Global init order:       f6
  Poisoned by user:        f7
  Container overflow:      fc
  Array cookie:            ac
  Intra object redzone:    bb
  ASan internal:           fe
  Left alloca redzone:     ca
  Right alloca redzone:    cb
  Shadow gap:              cc
==7==ABORTING
