======================= INFO =========================
This binary is built for AFL-fuzz.
To run the target function on individual input(s) execute this:
  /out/ffmpeg_AV_CODEC_ID_CDTOONS_fuzzer < INPUT_FILE
or
  /out/ffmpeg_AV_CODEC_ID_CDTOONS_fuzzer INPUT_FILE1 [INPUT_FILE2 ... ]
To fuzz with afl-fuzz execute this:
  afl-fuzz [afl-flags] /out/ffmpeg_AV_CODEC_ID_CDTOONS_fuzzer [-N]
afl-fuzz will run N iterations before re-spawning the process (default: 1000)
======================================================
=================================================================
==7==ERROR: AddressSanitizer: heap-buffer-overflow on address 0x61a00000050a at pc 0x00000049697a bp 0x7fffef83f160 sp 0x7fffef83e928
READ of size 1 at 0x61a00000050a thread T0
SCARINESS: 12 (1-byte-read-heap-buffer-overflow)
    #0 0x496979 in __asan_memcpy /src/llvm-project/compiler-rt/lib/asan/asan_interceptors_memintrinsics.cpp:22:3
    #1 0x4d4501 in cdtoons_render_sprite /src/ffmpeg/libavcodec/cdtoons.c:132:17
    #2 0x4d2fcf in cdtoons_decode_frame /src/ffmpeg/libavcodec/cdtoons.c:272:21
    #3 0x4e0aab in decode_simple_internal /src/ffmpeg/libavcodec/decode.c:432:15
    #4 0x4e0761 in decode_simple_receive_frame /src/ffmpeg/libavcodec/decode.c:628:15
    #5 0x4d68ad in decode_receive_frame_internal /src/ffmpeg/libavcodec/decode.c:646:15
    #6 0x4d66b7 in avcodec_send_packet /src/ffmpeg/libavcodec/decode.c:704:15
    #7 0x4d79fe in compat_decode /src/ffmpeg/libavcodec/decode.c:840:15
    #8 0x4cbb10 in LLVMFuzzerTestOneInput /src/ffmpeg/tools/target_dec_fuzzer.c:322:23
    #9 0x92da7e in ExecuteFilesOnyByOne /src/libfuzzer/afl/afl_driver.cpp:216:5
    #10 0x92da7e in main /src/libfuzzer/afl/afl_driver.cpp:253:12
    #11 0x749b5ad8083f in __libc_start_main (/lib/x86_64-linux-gnu/libc.so.6+0x2083f)
    #12 0x41e958 in _start (/out/ffmpeg_AV_CODEC_ID_CDTOONS_fuzzer+0x41e958)

DEDUP_TOKEN: __asan_memcpy--cdtoons_render_sprite--cdtoons_decode_frame
0x61a00000050a is located 0 bytes to the right of 1162-byte region [0x61a000000080,0x61a00000050a)
allocated by thread T0 here:
    #0 0x497859 in realloc /src/llvm-project/compiler-rt/lib/asan/asan_malloc_linux.cpp:164:3
    #1 0x8b4eac in av_buffer_realloc /src/ffmpeg/libavutil/buffer.c:178:25
    #2 0x4cdb4f in packet_alloc /src/ffmpeg/libavcodec/avpacket.c:77:11
    #3 0x4cd9ca in av_new_packet /src/ffmpeg/libavcodec/avpacket.c:89:15
    #4 0x4cb56f in LLVMFuzzerTestOneInput /src/ffmpeg/tools/target_dec_fuzzer.c:281:15
    #5 0x92da7e in ExecuteFilesOnyByOne /src/libfuzzer/afl/afl_driver.cpp:216:5
    #6 0x92da7e in main /src/libfuzzer/afl/afl_driver.cpp:253:12
    #7 0x749b5ad8083f in __libc_start_main (/lib/x86_64-linux-gnu/libc.so.6+0x2083f)

DEDUP_TOKEN: realloc--av_buffer_realloc--packet_alloc
SUMMARY: AddressSanitizer: heap-buffer-overflow /src/llvm-project/compiler-rt/lib/asan/asan_interceptors_memintrinsics.cpp:22:3 in __asan_memcpy
Shadow bytes around the buggy address:
  0x0c347fff8050: 00 00 00 00 00 00 00 00 00 00 00 00 00 00 00 00
  0x0c347fff8060: 00 00 00 00 00 00 00 00 00 00 00 00 00 00 00 00
  0x0c347fff8070: 00 00 00 00 00 00 00 00 00 00 00 00 00 00 00 00
  0x0c347fff8080: 00 00 00 00 00 00 00 00 00 00 00 00 00 00 00 00
  0x0c347fff8090: 00 00 00 00 00 00 00 00 00 00 00 00 00 00 00 00
=>0x0c347fff80a0: 00[02]fa fa fa fa fa fa fa fa fa fa fa fa fa fa
  0x0c347fff80b0: fa fa fa fa fa fa fa fa fa fa fa fa fa fa fa fa
  0x0c347fff80c0: fa fa fa fa fa fa fa fa fa fa fa fa fa fa fa fa
  0x0c347fff80d0: 00 00 00 00 00 00 00 00 00 00 00 00 00 00 00 00
  0x0c347fff80e0: 00 00 00 00 00 00 00 00 00 00 00 00 00 00 00 00
  0x0c347fff80f0: 00 00 00 00 00 00 00 00 00 00 00 00 00 00 00 00
Shadow byte legend (one shadow byte represents 8 application bytes):
  Addressable:           00
  Partially addressable: 01 02 03 04 05 06 07 
  Heap left redzone:       fa
  Freed heap region:       fd
  Stack left redzone:      f1
  Stack mid redzone:       f2
  Stack right redzone:     f3
  Stack after return:      f5
  Stack use after scope:   f8
  Global redzone:          f9
  Global init order:       f6
  Poisoned by user:        f7
  Container overflow:      fc
  Array cookie:            ac
  Intra object redzone:    bb
  ASan internal:           fe
  Left alloca redzone:     ca
  Right alloca redzone:    cb
  Shadow gap:              cc
==7==ABORTING
