INFO: Seed: 1943523738
INFO: Loaded 1 modules   (34063 inline 8-bit counters): 34063 [0xc4b2e0, 0xc537ef), 
INFO: Loaded 1 PC tables (34063 PCs): 34063 [0x977d68,0x9fce58), 
/out/compress_fuzzer: Running 1 inputs 1 time(s) each.
Running: /tmp/poc
=================================================================
==7==ERROR: AddressSanitizer: heap-buffer-overflow on address 0x62d00001c4a1 at pc 0x000000564103 bp 0x7ffd2c448610 sp 0x7ffd2c448608
WRITE of size 1 at 0x62d00001c4a1 thread T0
SCARINESS: 31 (1-byte-write-heap-buffer-overflow)
    #0 0x564102 in blosclz_compress /src/c-blosc/blosc/blosclz.c:474:11
    #1 0x560ad4 in blosc_c /src/c-blosc/blosc/blosc.c:653:16
    #2 0x5581c1 in serial_blosc /src/c-blosc/blosc/blosc.c:836:18
    #3 0x5581c1 in do_job /src/c-blosc/blosc/blosc.c:914:15
    #4 0x55b45b in blosc_compress_context /src/c-blosc/blosc/blosc.c:1255:13
    #5 0x55b45b in blosc_compress /src/c-blosc/blosc/blosc.c:1417:14
    #6 0x5571a0 in LLVMFuzzerTestOneInput /src/c-blosc/tests/fuzz/fuzz_compress.c:44:7
    #7 0x45fb41 in fuzzer::Fuzzer::ExecuteCallback(unsigned char const*, unsigned long) /src/llvm-project/compiler-rt/lib/fuzzer/FuzzerLoop.cpp:558:15
    #8 0x44b2b2 in fuzzer::RunOneTest(fuzzer::Fuzzer*, char const*, unsigned long) /src/llvm-project/compiler-rt/lib/fuzzer/FuzzerDriver.cpp:296:6
    #9 0x4512de in fuzzer::FuzzerDriver(int*, char***, int (*)(unsigned char const*, unsigned long)) /src/llvm-project/compiler-rt/lib/fuzzer/FuzzerDriver.cpp:796:9
    #10 0x478bf2 in main /src/llvm-project/compiler-rt/lib/fuzzer/FuzzerMain.cpp:19:10
    #11 0x75953f96383f in __libc_start_main (/lib/x86_64-linux-gnu/libc.so.6+0x2083f)
    #12 0x4258b8 in _start (/out/compress_fuzzer+0x4258b8)

DEDUP_TOKEN: blosclz_compress--blosc_c--serial_blosc
0x62d00001c4a1 is located 0 bytes to the right of 32929-byte region [0x62d000014400,0x62d00001c4a1)
allocated by thread T0 here:
    #0 0x52495d in malloc /src/llvm-project/compiler-rt/lib/asan/asan_malloc_linux.cpp:145:3
    #1 0x557158 in LLVMFuzzerTestOneInput /src/c-blosc/tests/fuzz/fuzz_compress.c:40:12
    #2 0x45fb41 in fuzzer::Fuzzer::ExecuteCallback(unsigned char const*, unsigned long) /src/llvm-project/compiler-rt/lib/fuzzer/FuzzerLoop.cpp:558:15
    #3 0x44b2b2 in fuzzer::RunOneTest(fuzzer::Fuzzer*, char const*, unsigned long) /src/llvm-project/compiler-rt/lib/fuzzer/FuzzerDriver.cpp:296:6
    #4 0x4512de in fuzzer::FuzzerDriver(int*, char***, int (*)(unsigned char const*, unsigned long)) /src/llvm-project/compiler-rt/lib/fuzzer/FuzzerDriver.cpp:796:9
    #5 0x478bf2 in main /src/llvm-project/compiler-rt/lib/fuzzer/FuzzerMain.cpp:19:10
    #6 0x75953f96383f in __libc_start_main (/lib/x86_64-linux-gnu/libc.so.6+0x2083f)

DEDUP_TOKEN: malloc--LLVMFuzzerTestOneInput--fuzzer::Fuzzer::ExecuteCallback(unsigned char const*, unsigned long)
SUMMARY: AddressSanitizer: heap-buffer-overflow /src/c-blosc/blosc/blosclz.c:474:11 in blosclz_compress
Shadow bytes around the buggy address:
  0x0c5a7fffb840: 00 00 00 00 00 00 00 00 00 00 00 00 00 00 00 00
  0x0c5a7fffb850: 00 00 00 00 00 00 00 00 00 00 00 00 00 00 00 00
  0x0c5a7fffb860: 00 00 00 00 00 00 00 00 00 00 00 00 00 00 00 00
  0x0c5a7fffb870: 00 00 00 00 00 00 00 00 00 00 00 00 00 00 00 00
  0x0c5a7fffb880: 00 00 00 00 00 00 00 00 00 00 00 00 00 00 00 00
=>0x0c5a7fffb890: 00 00 00 00[01]fa fa fa fa fa fa fa fa fa fa fa
  0x0c5a7fffb8a0: fa fa fa fa fa fa fa fa fa fa fa fa fa fa fa fa
  0x0c5a7fffb8b0: fa fa fa fa fa fa fa fa fa fa fa fa fa fa fa fa
  0x0c5a7fffb8c0: fa fa fa fa fa fa fa fa fa fa fa fa fa fa fa fa
  0x0c5a7fffb8d0: fa fa fa fa fa fa fa fa fa fa fa fa fa fa fa fa
  0x0c5a7fffb8e0: fa fa fa fa fa fa fa fa fa fa fa fa fa fa fa fa
Shadow byte legend (one shadow byte represents 8 application bytes):
  Addressable:           00
  Partially addressable: 01 02 03 04 05 06 07 
  Heap left redzone:       fa
  Freed heap region:       fd
  Stack left redzone:      f1
  Stack mid redzone:       f2
  Stack right redzone:     f3
  Stack after return:      f5
  Stack use after scope:   f8
  Global redzone:          f9
  Global init order:       f6
  Poisoned by user:        f7
  Container overflow:      fc
  Array cookie:            ac
  Intra object redzone:    bb
  ASan internal:           fe
  Left alloca redzone:     ca
  Right alloca redzone:    cb
  Shadow gap:              cc
==7==ABORTING
