Unable to find image 'n132/arvo:23794-vul' locally
23794-vul: Pulling from n132/arvo
b5e173e44934: Pulling fs layer
29047100b040: Pulling fs layer
15743a713c2a: Pulling fs layer
4b6bc9e29877: Pulling fs layer
d6c6e668f5c6: Pulling fs layer
90e25daa25f9: Pulling fs layer
ad153a15ad4a: Pulling fs layer
c768a479ab0d: Pulling fs layer
bd2f84802a8e: Pulling fs layer
e6e4784731d7: Pulling fs layer
e44c02d95f52: Pulling fs layer
632fc2bea069: Pulling fs layer
55158c5ef83a: Pulling fs layer
6e81d79faa6e: Pulling fs layer
a47f838c2a62: Pulling fs layer
8d9de1c8bd53: Pulling fs layer
21f24ea7aadd: Pulling fs layer
3c0f9440a350: Pulling fs layer
ddb359730c63: Pulling fs layer
6376002dff79: Pulling fs layer
1fc4a3354d1b: Pulling fs layer
99c1db17abd7: Pulling fs layer
4012655ae81a: Pulling fs layer
d8c8d3b42c3c: Pulling fs layer
5e0ff4d05fec: Pulling fs layer
28c4b30d1fd0: Pulling fs layer
3a88384158c3: Pulling fs layer
045f8318b639: Pulling fs layer
dd6d0f0a734b: Pulling fs layer
4f4fb700ef54: Pulling fs layer
4fe0e3a7f19e: Pulling fs layer
064e93d68e59: Pulling fs layer
64aad26e33b0: Pulling fs layer
bd2f84802a8e: Waiting
e6e4784731d7: Waiting
e44c02d95f52: Waiting
632fc2bea069: Waiting
55158c5ef83a: Waiting
6e81d79faa6e: Waiting
a47f838c2a62: Waiting
8d9de1c8bd53: Waiting
21f24ea7aadd: Waiting
3c0f9440a350: Waiting
ddb359730c63: Waiting
6376002dff79: Waiting
d6c6e668f5c6: Waiting
1fc4a3354d1b: Waiting
99c1db17abd7: Waiting
90e25daa25f9: Waiting
ad153a15ad4a: Waiting
4012655ae81a: Waiting
c768a479ab0d: Waiting
d8c8d3b42c3c: Waiting
064e93d68e59: Waiting
64aad26e33b0: Waiting
5e0ff4d05fec: Waiting
4b6bc9e29877: Waiting
4fe0e3a7f19e: Waiting
28c4b30d1fd0: Waiting
045f8318b639: Waiting
3a88384158c3: Waiting
4f4fb700ef54: Waiting
dd6d0f0a734b: Waiting
15743a713c2a: Verifying Checksum
15743a713c2a: Download complete
29047100b040: Verifying Checksum
29047100b040: Download complete
4b6bc9e29877: Download complete
b5e173e44934: Verifying Checksum
b5e173e44934: Download complete
90e25daa25f9: Download complete
ad153a15ad4a: Verifying Checksum
ad153a15ad4a: Download complete
bd2f84802a8e: Verifying Checksum
bd2f84802a8e: Download complete
d6c6e668f5c6: Verifying Checksum
d6c6e668f5c6: Download complete
b5e173e44934: Pull complete
29047100b040: Pull complete
15743a713c2a: Pull complete
4b6bc9e29877: Pull complete
d6c6e668f5c6: Pull complete
90e25daa25f9: Pull complete
ad153a15ad4a: Pull complete
e44c02d95f52: Download complete
e6e4784731d7: Verifying Checksum
e6e4784731d7: Download complete
632fc2bea069: Verifying Checksum
632fc2bea069: Download complete
55158c5ef83a: Verifying Checksum
55158c5ef83a: Download complete
a47f838c2a62: Verifying Checksum
a47f838c2a62: Download complete
6e81d79faa6e: Verifying Checksum
6e81d79faa6e: Download complete
21f24ea7aadd: Verifying Checksum
21f24ea7aadd: Download complete
3c0f9440a350: Verifying Checksum
3c0f9440a350: Download complete
8d9de1c8bd53: Verifying Checksum
8d9de1c8bd53: Download complete
ddb359730c63: Verifying Checksum
ddb359730c63: Download complete
1fc4a3354d1b: Verifying Checksum
1fc4a3354d1b: Download complete
6376002dff79: Verifying Checksum
6376002dff79: Download complete
99c1db17abd7: Download complete
4012655ae81a: Verifying Checksum
4012655ae81a: Download complete
c768a479ab0d: Verifying Checksum
c768a479ab0d: Download complete
d8c8d3b42c3c: Verifying Checksum
d8c8d3b42c3c: Download complete
28c4b30d1fd0: Verifying Checksum
28c4b30d1fd0: Download complete
3a88384158c3: Verifying Checksum
3a88384158c3: Download complete
045f8318b639: Verifying Checksum
045f8318b639: Download complete
4f4fb700ef54: Verifying Checksum
4f4fb700ef54: Download complete
dd6d0f0a734b: Verifying Checksum
dd6d0f0a734b: Download complete
5e0ff4d05fec: Verifying Checksum
5e0ff4d05fec: Download complete
4fe0e3a7f19e: Download complete
64aad26e33b0: Verifying Checksum
64aad26e33b0: Download complete
064e93d68e59: Verifying Checksum
064e93d68e59: Download complete
c768a479ab0d: Pull complete
bd2f84802a8e: Pull complete
e6e4784731d7: Pull complete
e44c02d95f52: Pull complete
632fc2bea069: Pull complete
55158c5ef83a: Pull complete
6e81d79faa6e: Pull complete
a47f838c2a62: Pull complete
8d9de1c8bd53: Pull complete
21f24ea7aadd: Pull complete
3c0f9440a350: Pull complete
ddb359730c63: Pull complete
6376002dff79: Pull complete
1fc4a3354d1b: Pull complete
99c1db17abd7: Pull complete
4012655ae81a: Pull complete
d8c8d3b42c3c: Pull complete
5e0ff4d05fec: Pull complete
28c4b30d1fd0: Pull complete
3a88384158c3: Pull complete
045f8318b639: Pull complete
dd6d0f0a734b: Pull complete
4f4fb700ef54: Pull complete
4fe0e3a7f19e: Pull complete
064e93d68e59: Pull complete
64aad26e33b0: Pull complete
Digest: sha256:2047454af0e888ce1f62d836d8fd27504d2bb6b2fc4bcc828cfa089746b0ddc3
Status: Downloaded newer image for n132/arvo:23794-vul
INFO: Seed: 1687157730
INFO: Loaded 1 modules   (34063 inline 8-bit counters): 34063 [0xc4b2e0, 0xc537ef), 
INFO: Loaded 1 PC tables (34063 PCs): 34063 [0x977d68,0x9fce58), 
/out/compress_fuzzer: Running 1 inputs 1 time(s) each.
Running: /tmp/poc
=================================================================
==7==ERROR: AddressSanitizer: heap-buffer-overflow on address 0x62d00001c4a1 at pc 0x000000564103 bp 0x7fff4de79370 sp 0x7fff4de79368
WRITE of size 1 at 0x62d00001c4a1 thread T0
SCARINESS: 31 (1-byte-write-heap-buffer-overflow)
    #0 0x564102 in blosclz_compress /src/c-blosc/blosc/blosclz.c:474:11
    #1 0x560ad4 in blosc_c /src/c-blosc/blosc/blosc.c:653:16
    #2 0x5581c1 in serial_blosc /src/c-blosc/blosc/blosc.c:836:18
    #3 0x5581c1 in do_job /src/c-blosc/blosc/blosc.c:914:15
    #4 0x55b45b in blosc_compress_context /src/c-blosc/blosc/blosc.c:1255:13
    #5 0x55b45b in blosc_compress /src/c-blosc/blosc/blosc.c:1417:14
    #6 0x5571a0 in LLVMFuzzerTestOneInput /src/c-blosc/tests/fuzz/fuzz_compress.c:44:7
    #7 0x45fb41 in fuzzer::Fuzzer::ExecuteCallback(unsigned char const*, unsigned long) /src/llvm-project/compiler-rt/lib/fuzzer/FuzzerLoop.cpp:558:15
    #8 0x44b2b2 in fuzzer::RunOneTest(fuzzer::Fuzzer*, char const*, unsigned long) /src/llvm-project/compiler-rt/lib/fuzzer/FuzzerDriver.cpp:296:6
    #9 0x4512de in fuzzer::FuzzerDriver(int*, char***, int (*)(unsigned char const*, unsigned long)) /src/llvm-project/compiler-rt/lib/fuzzer/FuzzerDriver.cpp:796:9
    #10 0x478bf2 in main /src/llvm-project/compiler-rt/lib/fuzzer/FuzzerMain.cpp:19:10
    #11 0x7b760edaa83f in __libc_start_main (/lib/x86_64-linux-gnu/libc.so.6+0x2083f)
    #12 0x4258b8 in _start (/out/compress_fuzzer+0x4258b8)

DEDUP_TOKEN: blosclz_compress--blosc_c--serial_blosc
0x62d00001c4a1 is located 0 bytes to the right of 32929-byte region [0x62d000014400,0x62d00001c4a1)
allocated by thread T0 here:
    #0 0x52495d in malloc /src/llvm-project/compiler-rt/lib/asan/asan_malloc_linux.cpp:145:3
    #1 0x557158 in LLVMFuzzerTestOneInput /src/c-blosc/tests/fuzz/fuzz_compress.c:40:12
    #2 0x45fb41 in fuzzer::Fuzzer::ExecuteCallback(unsigned char const*, unsigned long) /src/llvm-project/compiler-rt/lib/fuzzer/FuzzerLoop.cpp:558:15
    #3 0x44b2b2 in fuzzer::RunOneTest(fuzzer::Fuzzer*, char const*, unsigned long) /src/llvm-project/compiler-rt/lib/fuzzer/FuzzerDriver.cpp:296:6
    #4 0x4512de in fuzzer::FuzzerDriver(int*, char***, int (*)(unsigned char const*, unsigned long)) /src/llvm-project/compiler-rt/lib/fuzzer/FuzzerDriver.cpp:796:9
    #5 0x478bf2 in main /src/llvm-project/compiler-rt/lib/fuzzer/FuzzerMain.cpp:19:10
    #6 0x7b760edaa83f in __libc_start_main (/lib/x86_64-linux-gnu/libc.so.6+0x2083f)

DEDUP_TOKEN: malloc--LLVMFuzzerTestOneInput--fuzzer::Fuzzer::ExecuteCallback(unsigned char const*, unsigned long)
SUMMARY: AddressSanitizer: heap-buffer-overflow /src/c-blosc/blosc/blosclz.c:474:11 in blosclz_compress
Shadow bytes around the buggy address:
  0x0c5a7fffb840: 00 00 00 00 00 00 00 00 00 00 00 00 00 00 00 00
  0x0c5a7fffb850: 00 00 00 00 00 00 00 00 00 00 00 00 00 00 00 00
  0x0c5a7fffb860: 00 00 00 00 00 00 00 00 00 00 00 00 00 00 00 00
  0x0c5a7fffb870: 00 00 00 00 00 00 00 00 00 00 00 00 00 00 00 00
  0x0c5a7fffb880: 00 00 00 00 00 00 00 00 00 00 00 00 00 00 00 00
=>0x0c5a7fffb890: 00 00 00 00[01]fa fa fa fa fa fa fa fa fa fa fa
  0x0c5a7fffb8a0: fa fa fa fa fa fa fa fa fa fa fa fa fa fa fa fa
  0x0c5a7fffb8b0: fa fa fa fa fa fa fa fa fa fa fa fa fa fa fa fa
  0x0c5a7fffb8c0: fa fa fa fa fa fa fa fa fa fa fa fa fa fa fa fa
  0x0c5a7fffb8d0: fa fa fa fa fa fa fa fa fa fa fa fa fa fa fa fa
  0x0c5a7fffb8e0: fa fa fa fa fa fa fa fa fa fa fa fa fa fa fa fa
Shadow byte legend (one shadow byte represents 8 application bytes):
  Addressable:           00
  Partially addressable: 01 02 03 04 05 06 07 
  Heap left redzone:       fa
  Freed heap region:       fd
  Stack left redzone:      f1
  Stack mid redzone:       f2
  Stack right redzone:     f3
  Stack after return:      f5
  Stack use after scope:   f8
  Global redzone:          f9
  Global init order:       f6
  Poisoned by user:        f7
  Container overflow:      fc
  Array cookie:            ac
  Intra object redzone:    bb
  ASan internal:           fe
  Left alloca redzone:     ca
  Right alloca redzone:    cb
  Shadow gap:              cc
==7==ABORTING
