Unable to find image 'n132/arvo:25425-vul' locally
25425-vul: Pulling from n132/arvo
8e097b52bfb8: Pulling fs layer
a613a9b4553c: Pulling fs layer
acc000f01536: Pulling fs layer
73eef93b7466: Pulling fs layer
54e44fe25975: Pulling fs layer
fd04745f3e11: Pulling fs layer
abc6fa83fa45: Pulling fs layer
bec95f371bb4: Pulling fs layer
5f5c1addbb5f: Pulling fs layer
3c66193ddaf6: Pulling fs layer
e05d1ada41e7: Pulling fs layer
493681d844e9: Pulling fs layer
23e973898712: Pulling fs layer
e447e0ecad3a: Pulling fs layer
e90a5cf32316: Pulling fs layer
848660662b62: Pulling fs layer
242f792057f3: Pulling fs layer
c26183f76fb5: Pulling fs layer
e53220d5adba: Pulling fs layer
cc6c4bbf5d7f: Pulling fs layer
6c89f139dee2: Pulling fs layer
85ff1889a825: Pulling fs layer
493681d844e9: Waiting
73eef93b7466: Waiting
23e973898712: Waiting
54e44fe25975: Waiting
e447e0ecad3a: Waiting
fd04745f3e11: Waiting
e90a5cf32316: Waiting
8d2d36caf09c: Pulling fs layer
242f792057f3: Waiting
848660662b62: Waiting
5f2a22c93e26: Pulling fs layer
c26183f76fb5: Waiting
abc6fa83fa45: Waiting
3c66193ddaf6: Waiting
bec95f371bb4: Waiting
e05d1ada41e7: Waiting
dc9eb8d825bb: Pulling fs layer
a271c43687cb: Pulling fs layer
cc6c4bbf5d7f: Waiting
252a0229cd32: Pulling fs layer
e53220d5adba: Waiting
3ee200a3f80a: Pulling fs layer
6587a36daefe: Pulling fs layer
42309fc904a7: Pulling fs layer
6c89f139dee2: Waiting
85ff1889a825: Waiting
a271c43687cb: Waiting
5f5c1addbb5f: Waiting
252a0229cd32: Waiting
5f2a22c93e26: Waiting
4e0d0c2e9e5b: Pulling fs layer
8d2d36caf09c: Waiting
dc9eb8d825bb: Waiting
6664fa29e6bc: Pulling fs layer
3ee200a3f80a: Waiting
42309fc904a7: Waiting
6587a36daefe: Waiting
090c7a602627: Pulling fs layer
5a963bad069a: Pulling fs layer
6664fa29e6bc: Waiting
8a01d5301394: Pulling fs layer
090c7a602627: Waiting
7357205d7bfc: Pulling fs layer
aedda0224ee5: Pulling fs layer
f1ea958c132b: Pulling fs layer
74a053b432e7: Pulling fs layer
6a4fbba130ed: Pulling fs layer
a31f9f98ffc3: Pulling fs layer
9a27fb0fcdb0: Pulling fs layer
9778f0ee6581: Pulling fs layer
d81398860b5b: Pulling fs layer
5a963bad069a: Waiting
f1ea958c132b: Waiting
7357205d7bfc: Waiting
6a65c21c9af3: Pulling fs layer
0ecbef919a9d: Pulling fs layer
74a053b432e7: Waiting
6a4fbba130ed: Waiting
a31f9f98ffc3: Waiting
aedda0224ee5: Waiting
9778f0ee6581: Waiting
d0d5990a8a66: Pulling fs layer
d81398860b5b: Waiting
8a01d5301394: Waiting
6a65c21c9af3: Waiting
9a27fb0fcdb0: Waiting
ab780d5465b6: Pulling fs layer
5ebc67527ed1: Pulling fs layer
d0d5990a8a66: Waiting
ccde248cd4e8: Pulling fs layer
347337efcdfe: Pulling fs layer
5ebc67527ed1: Waiting
347337efcdfe: Waiting
ccde248cd4e8: Waiting
a613a9b4553c: Verifying Checksum
a613a9b4553c: Download complete
acc000f01536: Verifying Checksum
acc000f01536: Download complete
73eef93b7466: Verifying Checksum
73eef93b7466: Download complete
8e097b52bfb8: Verifying Checksum
8e097b52bfb8: Download complete
fd04745f3e11: Verifying Checksum
fd04745f3e11: Download complete
bec95f371bb4: Verifying Checksum
bec95f371bb4: Download complete
54e44fe25975: Verifying Checksum
54e44fe25975: Download complete
8e097b52bfb8: Pull complete
abc6fa83fa45: Verifying Checksum
abc6fa83fa45: Download complete
a613a9b4553c: Pull complete
acc000f01536: Pull complete
73eef93b7466: Pull complete
3c66193ddaf6: Verifying Checksum
3c66193ddaf6: Download complete
54e44fe25975: Pull complete
fd04745f3e11: Pull complete
493681d844e9: Verifying Checksum
493681d844e9: Download complete
23e973898712: Verifying Checksum
23e973898712: Download complete
abc6fa83fa45: Pull complete
bec95f371bb4: Pull complete
e05d1ada41e7: Verifying Checksum
e05d1ada41e7: Download complete
e90a5cf32316: Verifying Checksum
e90a5cf32316: Download complete
e447e0ecad3a: Verifying Checksum
e447e0ecad3a: Download complete
242f792057f3: Verifying Checksum
242f792057f3: Download complete
c26183f76fb5: Download complete
e53220d5adba: Verifying Checksum
e53220d5adba: Download complete
848660662b62: Verifying Checksum
848660662b62: Download complete
5f5c1addbb5f: Verifying Checksum
5f5c1addbb5f: Download complete
85ff1889a825: Verifying Checksum
85ff1889a825: Download complete
8d2d36caf09c: Verifying Checksum
8d2d36caf09c: Download complete
6c89f139dee2: Verifying Checksum
6c89f139dee2: Download complete
cc6c4bbf5d7f: Verifying Checksum
cc6c4bbf5d7f: Download complete
a271c43687cb: Verifying Checksum
a271c43687cb: Download complete
5f2a22c93e26: Verifying Checksum
5f2a22c93e26: Download complete
3ee200a3f80a: Download complete
252a0229cd32: Verifying Checksum
252a0229cd32: Download complete
dc9eb8d825bb: Verifying Checksum
dc9eb8d825bb: Download complete
5f5c1addbb5f: Pull complete
3c66193ddaf6: Pull complete
4e0d0c2e9e5b: Verifying Checksum
4e0d0c2e9e5b: Download complete
6587a36daefe: Verifying Checksum
6587a36daefe: Download complete
6664fa29e6bc: Verifying Checksum
6664fa29e6bc: Download complete
5a963bad069a: Verifying Checksum
5a963bad069a: Download complete
090c7a602627: Download complete
8a01d5301394: Download complete
7357205d7bfc: Download complete
aedda0224ee5: Verifying Checksum
aedda0224ee5: Download complete
f1ea958c132b: Verifying Checksum
f1ea958c132b: Download complete
74a053b432e7: Verifying Checksum
74a053b432e7: Download complete
a31f9f98ffc3: Download complete
e05d1ada41e7: Pull complete
6a4fbba130ed: Verifying Checksum
6a4fbba130ed: Download complete
9a27fb0fcdb0: Verifying Checksum
9a27fb0fcdb0: Download complete
d81398860b5b: Verifying Checksum
d81398860b5b: Download complete
42309fc904a7: Verifying Checksum
42309fc904a7: Download complete
6a65c21c9af3: Verifying Checksum
6a65c21c9af3: Download complete
d0d5990a8a66: Verifying Checksum
493681d844e9: Pull complete
0ecbef919a9d: Verifying Checksum
0ecbef919a9d: Download complete
23e973898712: Pull complete
ab780d5465b6: Verifying Checksum
ab780d5465b6: Download complete
5ebc67527ed1: Verifying Checksum
5ebc67527ed1: Download complete
347337efcdfe: Verifying Checksum
347337efcdfe: Download complete
9778f0ee6581: Verifying Checksum
9778f0ee6581: Download complete
e447e0ecad3a: Pull complete
e90a5cf32316: Pull complete
848660662b62: Pull complete
242f792057f3: Pull complete
c26183f76fb5: Pull complete
e53220d5adba: Pull complete
cc6c4bbf5d7f: Pull complete
6c89f139dee2: Pull complete
85ff1889a825: Pull complete
8d2d36caf09c: Pull complete
5f2a22c93e26: Pull complete
dc9eb8d825bb: Pull complete
a271c43687cb: Pull complete
252a0229cd32: Pull complete
3ee200a3f80a: Pull complete
6587a36daefe: Pull complete
42309fc904a7: Pull complete
4e0d0c2e9e5b: Pull complete
6664fa29e6bc: Pull complete
090c7a602627: Pull complete
5a963bad069a: Pull complete
8a01d5301394: Pull complete
7357205d7bfc: Pull complete
aedda0224ee5: Pull complete
f1ea958c132b: Pull complete
74a053b432e7: Pull complete
6a4fbba130ed: Pull complete
a31f9f98ffc3: Pull complete
9a27fb0fcdb0: Pull complete
9778f0ee6581: Pull complete
d81398860b5b: Pull complete
6a65c21c9af3: Pull complete
0ecbef919a9d: Pull complete
d0d5990a8a66: Pull complete
ab780d5465b6: Pull complete
5ebc67527ed1: Pull complete
ccde248cd4e8: Verifying Checksum
ccde248cd4e8: Download complete
ccde248cd4e8: Pull complete
347337efcdfe: Pull complete
Digest: sha256:909c67e7fb1c4a3e46d505f2a34e2ab32d3710ad410a3f5931216f2f29b91ef0
Status: Downloaded newer image for n132/arvo:25425-vul
INFO: Seed: 2464552739
INFO: Loaded 1 modules   (47725 inline 8-bit counters): 47725 [0xf647e0, 0xf7024d), 
INFO: Loaded 1 PC tables (47725 PCs): 47725 [0xb95ce8,0xc503b8), 
/out/ffmpeg_AV_CODEC_ID_DXTORY_fuzzer: Running 1 inputs 1 time(s) each.
Running: /tmp/poc
=================================================================
==7==ERROR: AddressSanitizer: heap-buffer-overflow on address 0x621000002880 at pc 0x00000056d2c9 bp 0x7ffeb10d7f30 sp 0x7ffeb10d7f28
WRITE of size 2 at 0x621000002880 thread T0
SCARINESS: 43 (2-byte-write-heap-buffer-overflow-far-from-bounds)
    #0 0x56d2c8 in dxtory_decode_v1_420 /src/ffmpeg/libavcodec/dxtory.c:175:13
    #1 0x56c574 in decode_frame /src/ffmpeg/libavcodec/dxtory.c:653:15
    #2 0x568e3a in decode_simple_internal /src/ffmpeg/libavcodec/decode.c:342:15
    #3 0x568a81 in decode_simple_receive_frame /src/ffmpeg/libavcodec/decode.c:538:15
    #4 0x55e0e2 in decode_receive_frame_internal /src/ffmpeg/libavcodec/decode.c:556:15
    #5 0x55df02 in avcodec_send_packet /src/ffmpeg/libavcodec/decode.c:614:15
    #6 0x55f375 in compat_decode /src/ffmpeg/libavcodec/decode.c:749:15
    #7 0x55f190 in avcodec_decode_video2 /src/ffmpeg/libavcodec/decode.c:810:12
    #8 0x555a8a in LLVMFuzzerTestOneInput /src/ffmpeg/tools/target_dec_fuzzer.c:336:23
    #9 0x4590d1 in fuzzer::Fuzzer::ExecuteCallback(unsigned char const*, unsigned long) /src/llvm-project/compiler-rt/lib/fuzzer/FuzzerLoop.cpp:559:15
    #10 0x444872 in fuzzer::RunOneTest(fuzzer::Fuzzer*, char const*, unsigned long) /src/llvm-project/compiler-rt/lib/fuzzer/FuzzerDriver.cpp:301:6
    #11 0x44a80d in fuzzer::FuzzerDriver(int*, char***, int (*)(unsigned char const*, unsigned long)) /src/llvm-project/compiler-rt/lib/fuzzer/FuzzerDriver.cpp:801:9
    #12 0x4720f2 in main /src/llvm-project/compiler-rt/lib/fuzzer/FuzzerMain.cpp:20:10
    #13 0x7ae8970fa83f in __libc_start_main (/lib/x86_64-linux-gnu/libc.so.6+0x2083f)
    #14 0x41f018 in _start (/out/ffmpeg_AV_CODEC_ID_DXTORY_fuzzer+0x41f018)

DEDUP_TOKEN: dxtory_decode_v1_420--decode_frame--decode_simple_internal
0x621000002880 is located 128 bytes to the left of 4175-byte region [0x621000002900,0x62100000394f)
allocated by thread T0 here:
    #0 0x521f97 in posix_memalign /src/llvm-project/compiler-rt/lib/asan/asan_malloc_linux.cpp:226:3
    #1 0x9f3762 in av_malloc /src/ffmpeg/libavutil/mem.c:86:9
    #2 0x9cf2e9 in av_buffer_alloc /src/ffmpeg/libavutil/buffer.c:72:12
    #3 0x9cf3d9 in av_buffer_allocz /src/ffmpeg/libavutil/buffer.c:85:24
    #4 0x9d0cb9 in pool_alloc_buffer /src/ffmpeg/libavutil/buffer.c:317:26
    #5 0x9d0947 in av_buffer_pool_get /src/ffmpeg/libavutil/buffer.c:353:15
    #6 0x565593 in video_get_buffer /src/ffmpeg/libavcodec/decode.c:1625:23
    #7 0x5640bc in avcodec_default_get_buffer2 /src/ffmpeg/libavcodec/decode.c:1664:16
    #8 0x5679c5 in ff_get_buffer /src/ffmpeg/libavcodec/decode.c:1897:11
    #9 0x56cdb9 in dxtory_decode_v1_420 /src/ffmpeg/libavcodec/dxtory.c:163:16
    #10 0x56c574 in decode_frame /src/ffmpeg/libavcodec/dxtory.c:653:15
    #11 0x568e3a in decode_simple_internal /src/ffmpeg/libavcodec/decode.c:342:15
    #12 0x568a81 in decode_simple_receive_frame /src/ffmpeg/libavcodec/decode.c:538:15
    #13 0x55e0e2 in decode_receive_frame_internal /src/ffmpeg/libavcodec/decode.c:556:15
    #14 0x55df02 in avcodec_send_packet /src/ffmpeg/libavcodec/decode.c:614:15
    #15 0x55f375 in compat_decode /src/ffmpeg/libavcodec/decode.c:749:15
    #16 0x55f190 in avcodec_decode_video2 /src/ffmpeg/libavcodec/decode.c:810:12
    #17 0x555a8a in LLVMFuzzerTestOneInput /src/ffmpeg/tools/target_dec_fuzzer.c:336:23
    #18 0x4590d1 in fuzzer::Fuzzer::ExecuteCallback(unsigned char const*, unsigned long) /src/llvm-project/compiler-rt/lib/fuzzer/FuzzerLoop.cpp:559:15
    #19 0x444872 in fuzzer::RunOneTest(fuzzer::Fuzzer*, char const*, unsigned long) /src/llvm-project/compiler-rt/lib/fuzzer/FuzzerDriver.cpp:301:6
    #20 0x44a80d in fuzzer::FuzzerDriver(int*, char***, int (*)(unsigned char const*, unsigned long)) /src/llvm-project/compiler-rt/lib/fuzzer/FuzzerDriver.cpp:801:9
    #21 0x4720f2 in main /src/llvm-project/compiler-rt/lib/fuzzer/FuzzerMain.cpp:20:10
    #22 0x7ae8970fa83f in __libc_start_main (/lib/x86_64-linux-gnu/libc.so.6+0x2083f)

DEDUP_TOKEN: posix_memalign--av_malloc--av_buffer_alloc
SUMMARY: AddressSanitizer: heap-buffer-overflow /src/ffmpeg/libavcodec/dxtory.c:175:13 in dxtory_decode_v1_420
Shadow bytes around the buggy address:
  0x0c427fff84c0: fa fa fa fa fa fa fa fa fa fa fa fa fa fa fa fa
  0x0c427fff84d0: fa fa fa fa fa fa fa fa fa fa fa fa fa fa fa fa
  0x0c427fff84e0: fa fa fa fa fa fa fa fa fa fa fa fa fa fa fa fa
  0x0c427fff84f0: fa fa fa fa fa fa fa fa fa fa fa fa fa fa fa fa
  0x0c427fff8500: fa fa fa fa fa fa fa fa fa fa fa fa fa fa fa fa
=>0x0c427fff8510:[fa]fa fa fa fa fa fa fa fa fa fa fa fa fa fa fa
  0x0c427fff8520: 00 00 00 00 00 00 00 00 00 00 00 00 00 00 00 00
  0x0c427fff8530: 00 00 00 00 00 00 00 00 00 00 00 00 00 00 00 00
  0x0c427fff8540: 00 00 00 00 00 00 00 00 00 00 00 00 00 00 00 00
  0x0c427fff8550: 00 00 00 00 00 00 00 00 00 00 00 00 00 00 00 00
  0x0c427fff8560: 00 00 00 00 00 00 00 00 00 00 00 00 00 00 00 00
Shadow byte legend (one shadow byte represents 8 application bytes):
  Addressable:           00
  Partially addressable: 01 02 03 04 05 06 07 
  Heap left redzone:       fa
  Freed heap region:       fd
  Stack left redzone:      f1
  Stack mid redzone:       f2
  Stack right redzone:     f3
  Stack after return:      f5
  Stack use after scope:   f8
  Global redzone:          f9
  Global init order:       f6
  Poisoned by user:        f7
  Container overflow:      fc
  Array cookie:            ac
  Intra object redzone:    bb
  ASan internal:           fe
  Left alloca redzone:     ca
  Right alloca redzone:    cb
  Shadow gap:              cc
==7==ABORTING
