======================= INFO =========================
This binary is built for AFL-fuzz.
To run the target function on individual input(s) execute this:
  /out/ffmpeg_dem_VIVIDAS_fuzzer < INPUT_FILE
or
  /out/ffmpeg_dem_VIVIDAS_fuzzer INPUT_FILE1 [INPUT_FILE2 ... ]
To fuzz with afl-fuzz execute this:
  afl-fuzz [afl-flags] /out/ffmpeg_dem_VIVIDAS_fuzzer [-N]
afl-fuzz will run N iterations before re-spawning the process (default: 1000)
======================================================
=================================================================
==13==ERROR: AddressSanitizer: heap-buffer-overflow on address 0x6090000001c0 at pc 0x0000007016a3 bp 0x7ffd822b6090 sp 0x7ffd822b6088
READ of size 4 at 0x6090000001c0 thread T0
SCARINESS: 17 (4-byte-read-heap-buffer-overflow)
    #0 0x7016a2 in viv_read_packet /src/ffmpeg/libavformat/vividas.c:673:51
    #1 0x6d5089 in ff_read_packet /src/ffmpeg/libavformat/utils.c:818:15
    #2 0x6d8beb in read_frame_internal /src/ffmpeg/libavformat/utils.c:1520:15
    #3 0x6e2f4f in avformat_find_stream_info /src/ffmpeg/libavformat/utils.c:3755:15
    #4 0x4ce4be in LLVMFuzzerTestOneInput /src/ffmpeg/tools/target_dem_fuzzer.c:184:11
    #5 0x846bde in ExecuteFilesOnyByOne /src/libfuzzer/afl/afl_driver.cpp:217:5
    #6 0x846bde in main /src/libfuzzer/afl/afl_driver.cpp:254:12
    #7 0x7c598e20383f in __libc_start_main (/lib/x86_64-linux-gnu/libc.so.6+0x2083f)
    #8 0x41f258 in _start (/out/ffmpeg_dem_VIVIDAS_fuzzer+0x41f258)

DEDUP_TOKEN: viv_read_packet--ff_read_packet--read_frame_internal
0x6090000001c1 is located 0 bytes to the right of 1-byte region [0x6090000001c0,0x6090000001c1)
allocated by thread T0 here:
    #0 0x49c2a7 in posix_memalign /src/llvm-project/compiler-rt/lib/asan/asan_malloc_linux.cpp:226:3
    #1 0x820604 in av_malloc /src/ffmpeg/libavutil/mem.c:86:9
    #2 0x820675 in av_malloc /src/ffmpeg/libavutil/mem.c:125:14
    #3 0x820e2b in av_mallocz /src/ffmpeg/libavutil/mem.c:239:17
    #4 0x821172 in av_calloc /src/ffmpeg/libavutil/mem.c:250:12
    #5 0x703663 in track_index /src/ffmpeg/libavformat/vividas.c:478:23
    #6 0x70073f in viv_read_header /src/ffmpeg/libavformat/vividas.c:608:11
    #7 0x6d2ee1 in avformat_open_input /src/ffmpeg/libavformat/utils.c:594:20
    #8 0x4ce496 in LLVMFuzzerTestOneInput /src/ffmpeg/tools/target_dem_fuzzer.c:176:11
    #9 0x846bde in ExecuteFilesOnyByOne /src/libfuzzer/afl/afl_driver.cpp:217:5
    #10 0x846bde in main /src/libfuzzer/afl/afl_driver.cpp:254:12
    #11 0x7c598e20383f in __libc_start_main (/lib/x86_64-linux-gnu/libc.so.6+0x2083f)

DEDUP_TOKEN: posix_memalign--av_malloc--av_malloc
SUMMARY: AddressSanitizer: heap-buffer-overflow /src/ffmpeg/libavformat/vividas.c:673:51 in viv_read_packet
Shadow bytes around the buggy address:
  0x0c127fff7fe0: 00 00 00 00 00 00 00 00 00 00 00 00 00 00 00 00
  0x0c127fff7ff0: 00 00 00 00 00 00 00 00 00 00 00 00 00 00 00 00
  0x0c127fff8000: fa fa fa fa fa fa fa fa fd fa fa fa fa fa fa fa
  0x0c127fff8010: fa fa fa fa fa fa fa fa fd fa fa fa fa fa fa fa
  0x0c127fff8020: fa fa fa fa fa fa fa fa 00 00 00 00 00 00 fa fa
=>0x0c127fff8030: fa fa fa fa fa fa fa fa[01]fa fa fa fa fa fa fa
  0x0c127fff8040: fa fa fa fa fa fa fa fa fa fa fa fa fa fa fa fa
  0x0c127fff8050: fd fd fa fa fa fa fa fa fa fa fa fa fa fa fa fa
  0x0c127fff8060: 00 01 fa fa fa fa fa fa fa fa fa fa fa fa fa fa
  0x0c127fff8070: fa fa fa fa fa fa fa fa fa fa fa fa fa fa fa fa
  0x0c127fff8080: fa fa fa fa fa fa fa fa fa fa fa fa fa fa fa fa
Shadow byte legend (one shadow byte represents 8 application bytes):
  Addressable:           00
  Partially addressable: 01 02 03 04 05 06 07
  Heap left redzone:       fa
  Freed heap region:       fd
  Stack left redzone:      f1
  Stack mid redzone:       f2
  Stack right redzone:     f3
  Stack after return:      f5
  Stack use after scope:   f8
  Global redzone:          f9
  Global init order:       f6
  Poisoned by user:        f7
  Container overflow:      fc
  Array cookie:            ac
  Intra object redzone:    bb
  ASan internal:           fe
  Left alloca redzone:     ca
  Right alloca redzone:    cb
  Shadow gap:              cc
==13==ABORTING