INFO: Running with entropic power schedule (0xFF, 100).
INFO: Seed: 101717181
INFO: Loaded 1 modules   (47016 inline 8-bit counters): 47016 [0xe33ba0, 0xe3f348),
INFO: Loaded 1 PC tables (47016 PCs): 47016 [0xb264c8,0xbddf48),
/out/decompress_frame_fuzzer: Running 1 inputs 1 time(s) each.
Running: /tmp/poc
AddressSanitizer:DEADLYSIGNAL
=================================================================
==13==ERROR: AddressSanitizer: SEGV on unknown address 0x6080202020c3 (pc 0x0000005e53fb bp 0x7ffe55fd98d0 sp 0x7ffe55fd9840 T0)
==13==The signal is caused by a READ memory access.
SCARINESS: 20 (wild-addr-read)
    #0 0x5e53fb in frame_get_usermeta /src/c-blosc2/blosc/frame.c:928:5
    #1 0x5e6dec in blosc2_frame_to_schunk /src/c-blosc2/blosc/frame.c:1263:18
    #2 0x5d8396 in blosc2_schunk_open_sframe /src/c-blosc2/blosc/schunk.c:263:27
    #3 0x561b98 in LLVMFuzzerTestOneInput /src/c-blosc2/tests/fuzz/fuzz_decompress_frame.c:23:27
    #4 0x466801 in fuzzer::Fuzzer::ExecuteCallback(unsigned char const*, unsigned long) /src/llvm-project/compiler-rt/lib/fuzzer/FuzzerLoop.cpp:599:15
    #5 0x450582 in fuzzer::RunOneTest(fuzzer::Fuzzer*, char const*, unsigned long) /src/llvm-project/compiler-rt/lib/fuzzer/FuzzerDriver.cpp:323:6
    #6 0x4568c5 in fuzzer::FuzzerDriver(int*, char***, int (*)(unsigned char const*, unsigned long)) /src/llvm-project/compiler-rt/lib/fuzzer/FuzzerDriver.cpp:856:9
    #7 0x4807e2 in main /src/llvm-project/compiler-rt/lib/fuzzer/FuzzerMain.cpp:20:10
    #8 0x74639273183f in __libc_start_main (/lib/x86_64-linux-gnu/libc.so.6+0x2083f)
    #9 0x42b598 in _start (/out/decompress_frame_fuzzer+0x42b598)

DEDUP_TOKEN: frame_get_usermeta--blosc2_frame_to_schunk--blosc2_schunk_open_sframe
AddressSanitizer can not provide additional info.
SUMMARY: AddressSanitizer: SEGV /src/c-blosc2/blosc/frame.c:928:5 in frame_get_usermeta
==13==ABORTING