Unable to find image 'n132/arvo:27867-vul' locally
27867-vul: Pulling from n132/arvo
2c11b7cecaa5: Already exists
04637fa56252: Already exists
d6e6af23a0f3: Already exists
b4a424de92ad: Already exists
d7de5037c4e0: Pulling fs layer
c98da428d635: Pulling fs layer
a68088117c11: Pulling fs layer
f9cc52ea00ee: Pulling fs layer
13749ce9634e: Pulling fs layer
7155d207cf4e: Pulling fs layer
9336d7ee6051: Pulling fs layer
582f088896e0: Pulling fs layer
ef268251889a: Pulling fs layer
c73b50277d83: Pulling fs layer
039e5b192047: Pulling fs layer
514b0faabdd8: Pulling fs layer
eb807d27e9c6: Pulling fs layer
f0be52286e16: Pulling fs layer
001c011ea80c: Pulling fs layer
f7b1bb82c588: Pulling fs layer
9336d7ee6051: Waiting
7155d207cf4e: Waiting
b00f1d2b8392: Pulling fs layer
f9cc52ea00ee: Waiting
c73b50277d83: Waiting
039e5b192047: Waiting
514b0faabdd8: Waiting
d4994b6414f0: Pulling fs layer
582f088896e0: Waiting
001c011ea80c: Waiting
a3d36470f142: Pulling fs layer
13749ce9634e: Waiting
8e2f2f8484ee: Pulling fs layer
eb807d27e9c6: Waiting
72809df17bc4: Pulling fs layer
f7b1bb82c588: Waiting
de9c75ac2c4f: Pulling fs layer
b00f1d2b8392: Waiting
f0be52286e16: Waiting
1c8f380f7ba1: Pulling fs layer
8e2f2f8484ee: Waiting
a3d36470f142: Waiting
ba3947c415bb: Pulling fs layer
d4994b6414f0: Waiting
72809df17bc4: Waiting
c06573703d42: Pulling fs layer
ef268251889a: Waiting
de9c75ac2c4f: Waiting
625342bea4f7: Pulling fs layer
ba3947c415bb: Waiting
1c8f380f7ba1: Waiting
5aa5a84a3a27: Pulling fs layer
c06573703d42: Waiting
8ec6c04cbc83: Pulling fs layer
625342bea4f7: Waiting
5aa5a84a3a27: Waiting
1058204b8584: Pulling fs layer
6e08388db95d: Pulling fs layer
fadc7a59b60a: Pulling fs layer
7acb0c908eb5: Pulling fs layer
73d8c9716dfa: Pulling fs layer
9fc6aa61f6f5: Pulling fs layer
8ec6c04cbc83: Waiting
1058204b8584: Waiting
75b99a8b52e0: Pulling fs layer
6e08388db95d: Waiting
4b68229c17c4: Pulling fs layer
73d8c9716dfa: Waiting
e0d9e3b68505: Pulling fs layer
8f8dc7f205bf: Pulling fs layer
fadc7a59b60a: Waiting
7acb0c908eb5: Waiting
75b99a8b52e0: Waiting
b438b89051d4: Pulling fs layer
4b68229c17c4: Waiting
dccd93586980: Pulling fs layer
e0d9e3b68505: Waiting
8f8dc7f205bf: Waiting
b438b89051d4: Waiting
ce1446d26b7b: Pulling fs layer
55ed66e46a58: Pulling fs layer
dccd93586980: Waiting
ff31606158da: Pulling fs layer
ce1446d26b7b: Waiting
d337889e3936: Pulling fs layer
55ed66e46a58: Waiting
ff31606158da: Waiting
cd110f0190bc: Pulling fs layer
d337889e3936: Waiting
5fd608941f92: Pulling fs layer
cd110f0190bc: Waiting
ecd15b1d7d4a: Pulling fs layer
a8fac326b341: Pulling fs layer
5fd608941f92: Waiting
ecd15b1d7d4a: Waiting
f111ea5aa4c5: Pulling fs layer
3e5ca63bb625: Pulling fs layer
4f4fb700ef54: Pulling fs layer
bf83ad7ccde2: Pulling fs layer
f111ea5aa4c5: Waiting
3e5ca63bb625: Waiting
d396bea9178d: Pulling fs layer
4f4fb700ef54: Waiting
505b48c63f9a: Pulling fs layer
bf83ad7ccde2: Waiting
505b48c63f9a: Waiting
c98da428d635: Verifying Checksum
c98da428d635: Download complete
d7de5037c4e0: Verifying Checksum
d7de5037c4e0: Download complete
f9cc52ea00ee: Verifying Checksum
f9cc52ea00ee: Download complete
a68088117c11: Verifying Checksum
a68088117c11: Download complete
7155d207cf4e: Download complete
d7de5037c4e0: Pull complete
c98da428d635: Pull complete
a68088117c11: Pull complete
f9cc52ea00ee: Pull complete
582f088896e0: Verifying Checksum
582f088896e0: Download complete
ef268251889a: Verifying Checksum
ef268251889a: Download complete
9336d7ee6051: Verifying Checksum
9336d7ee6051: Download complete
c73b50277d83: Verifying Checksum
c73b50277d83: Download complete
039e5b192047: Verifying Checksum
039e5b192047: Download complete
514b0faabdd8: Verifying Checksum
514b0faabdd8: Download complete
f0be52286e16: Verifying Checksum
f0be52286e16: Download complete
001c011ea80c: Verifying Checksum
001c011ea80c: Download complete
f7b1bb82c588: Verifying Checksum
f7b1bb82c588: Download complete
13749ce9634e: Verifying Checksum
13749ce9634e: Download complete
eb807d27e9c6: Verifying Checksum
eb807d27e9c6: Download complete
b00f1d2b8392: Verifying Checksum
b00f1d2b8392: Download complete
8e2f2f8484ee: Verifying Checksum
8e2f2f8484ee: Download complete
d4994b6414f0: Verifying Checksum
d4994b6414f0: Download complete
72809df17bc4: Verifying Checksum
72809df17bc4: Download complete
de9c75ac2c4f: Verifying Checksum
de9c75ac2c4f: Download complete
a3d36470f142: Verifying Checksum
a3d36470f142: Download complete
c06573703d42: Verifying Checksum
c06573703d42: Download complete
1c8f380f7ba1: Verifying Checksum
1c8f380f7ba1: Download complete
ba3947c415bb: Verifying Checksum
ba3947c415bb: Download complete
625342bea4f7: Verifying Checksum
625342bea4f7: Download complete
8ec6c04cbc83: Verifying Checksum
8ec6c04cbc83: Download complete
1058204b8584: Verifying Checksum
1058204b8584: Download complete
6e08388db95d: Verifying Checksum
6e08388db95d: Download complete
13749ce9634e: Pull complete
7155d207cf4e: Pull complete
7acb0c908eb5: Download complete
fadc7a59b60a: Verifying Checksum
fadc7a59b60a: Download complete
9fc6aa61f6f5: Verifying Checksum
9fc6aa61f6f5: Download complete
5aa5a84a3a27: Verifying Checksum
5aa5a84a3a27: Download complete
4b68229c17c4: Verifying Checksum
4b68229c17c4: Download complete
8f8dc7f205bf: Download complete
75b99a8b52e0: Verifying Checksum
75b99a8b52e0: Download complete
e0d9e3b68505: Verifying Checksum
e0d9e3b68505: Download complete
9336d7ee6051: Pull complete
dccd93586980: Download complete
b438b89051d4: Verifying Checksum
b438b89051d4: Download complete
ce1446d26b7b: Verifying Checksum
ce1446d26b7b: Download complete
55ed66e46a58: Download complete
ff31606158da: Verifying Checksum
ff31606158da: Download complete
d337889e3936: Verifying Checksum
d337889e3936: Download complete
5fd608941f92: Verifying Checksum
5fd608941f92: Download complete
582f088896e0: Pull complete
ef268251889a: Pull complete
c73b50277d83: Pull complete
cd110f0190bc: Verifying Checksum
cd110f0190bc: Download complete
a8fac326b341: Verifying Checksum
a8fac326b341: Download complete
3e5ca63bb625: Download complete
f111ea5aa4c5: Verifying Checksum
f111ea5aa4c5: Download complete
4f4fb700ef54: Download complete
bf83ad7ccde2: Verifying Checksum
bf83ad7ccde2: Download complete
505b48c63f9a: Verifying Checksum
505b48c63f9a: Download complete
039e5b192047: Pull complete
514b0faabdd8: Pull complete
ecd15b1d7d4a: Verifying Checksum
ecd15b1d7d4a: Download complete
eb807d27e9c6: Pull complete
f0be52286e16: Pull complete
001c011ea80c: Pull complete
f7b1bb82c588: Pull complete
b00f1d2b8392: Pull complete
d4994b6414f0: Pull complete
a3d36470f142: Pull complete
8e2f2f8484ee: Pull complete
72809df17bc4: Pull complete
de9c75ac2c4f: Pull complete
1c8f380f7ba1: Pull complete
ba3947c415bb: Pull complete
c06573703d42: Pull complete
625342bea4f7: Pull complete
5aa5a84a3a27: Pull complete
8ec6c04cbc83: Pull complete
1058204b8584: Pull complete
6e08388db95d: Pull complete
fadc7a59b60a: Pull complete
7acb0c908eb5: Pull complete
73d8c9716dfa: Pull complete
9fc6aa61f6f5: Pull complete
75b99a8b52e0: Pull complete
4b68229c17c4: Pull complete
e0d9e3b68505: Pull complete
8f8dc7f205bf: Pull complete
b438b89051d4: Pull complete
dccd93586980: Pull complete
ce1446d26b7b: Pull complete
55ed66e46a58: Pull complete
ff31606158da: Pull complete
d337889e3936: Pull complete
cd110f0190bc: Pull complete
5fd608941f92: Pull complete
ecd15b1d7d4a: Pull complete
a8fac326b341: Pull complete
f111ea5aa4c5: Pull complete
3e5ca63bb625: Pull complete
4f4fb700ef54: Pull complete
bf83ad7ccde2: Pull complete
d396bea9178d: Verifying Checksum
d396bea9178d: Download complete
d396bea9178d: Pull complete
505b48c63f9a: Pull complete
Digest: sha256:936a38921c38b8624d63f9848904380b5ab64ab9f914c2ac98a3c68bb2dc7b32
Status: Downloaded newer image for n132/arvo:27867-vul
INFO: Running with entropic power schedule (0xFF, 100).
INFO: Seed: 3901354481
INFO: Loaded 1 modules   (150063 inline 8-bit counters): 150063 [0x1a78c00, 0x1a9d62f), 
INFO: Loaded 1 PC tables (150063 PCs): 150063 [0x1a9d630,0x1ce7920), 
/out/coder_JPG_fuzzer: Running 1 inputs 1 time(s) each.
Running: /tmp/poc
=================================================================
==7==ERROR: AddressSanitizer: heap-buffer-overflow on address 0x6120000007d8 at pc 0x000000dfc2e5 bp 0x7fff458a2940 sp 0x7fff458a2938
READ of size 2 at 0x6120000007d8 thread T0
SCARINESS: 24 (2-byte-read-heap-buffer-overflow-far-from-bounds)
    #0 0xdfc2e4 in decompress_smooth_data /src/libjpeg-turbo/jdcoefct.c:594:23
    #1 0xe25b4a in process_data_simple_main /src/libjpeg-turbo/jdmainct.c:300:10
    #2 0xd1fb0f in jpeg_read_scanlines /src/libjpeg-turbo/jdapistd.c:287:3
    #3 0x95e592 in ReadJPEGImage /src/graphicsmagick/coders/jpeg.c:1603:12
    #4 0x601983 in ReadImage /src/graphicsmagick/magick/constitute.c:1630:13
    #5 0x5b65d8 in BlobToImage /src/graphicsmagick/magick/blob.c:764:13
    #6 0x55d57f in Magick::Image::read(Magick::Blob const&) /src/graphicsmagick/Magick++/lib/Image.cpp:1591:5
    #7 0x556037 in LLVMFuzzerTestOneInput /src/graphicsmagick/fuzzing/coder_fuzzer.cc:22:15
    #8 0x45aa31 in fuzzer::Fuzzer::ExecuteCallback(unsigned char const*, unsigned long) /src/llvm-project/compiler-rt/lib/fuzzer/FuzzerLoop.cpp:599:15
    #9 0x4447b2 in fuzzer::RunOneTest(fuzzer::Fuzzer*, char const*, unsigned long) /src/llvm-project/compiler-rt/lib/fuzzer/FuzzerDriver.cpp:323:6
    #10 0x44aaf5 in fuzzer::FuzzerDriver(int*, char***, int (*)(unsigned char const*, unsigned long)) /src/llvm-project/compiler-rt/lib/fuzzer/FuzzerDriver.cpp:856:9
    #11 0x474a12 in main /src/llvm-project/compiler-rt/lib/fuzzer/FuzzerMain.cpp:20:10
    #12 0x7914218de83f in __libc_start_main (/lib/x86_64-linux-gnu/libc.so.6+0x2083f)
    #13 0x41f7c8 in _start (/out/coder_JPG_fuzzer+0x41f7c8)

DEDUP_TOKEN: decompress_smooth_data--process_data_simple_main--jpeg_read_scanlines
0x6120000007d8 is located 121 bytes to the right of 287-byte region [0x612000000640,0x61200000075f)
allocated by thread T0 here:
    #0 0x52315d in malloc /src/llvm-project/compiler-rt/lib/asan/asan_malloc_linux.cpp:145:3
    #1 0xd72b76 in alloc_large /src/libjpeg-turbo/jmemmgr.c:391:29
    #2 0xd72b76 in alloc_barray /src/libjpeg-turbo/jmemmgr.c:527:28
    #3 0xd72b76 in realize_virt_arrays /src/libjpeg-turbo/jmemmgr.c:741:26
    #4 0xd3db75 in master_selection /src/libjpeg-turbo/jdmaster.c:561:3
    #5 0xd3db75 in jinit_master_decompress /src/libjpeg-turbo/jdmaster.c:725:3
    #6 0xd1defe in jpeg_start_decompress /src/libjpeg-turbo/jdapistd.c:49:5
    #7 0x95d918 in ReadJPEGImage /src/graphicsmagick/coders/jpeg.c:1451:10
    #8 0x601983 in ReadImage /src/graphicsmagick/magick/constitute.c:1630:13
    #9 0x5b65d8 in BlobToImage /src/graphicsmagick/magick/blob.c:764:13
    #10 0x55d57f in Magick::Image::read(Magick::Blob const&) /src/graphicsmagick/Magick++/lib/Image.cpp:1591:5
    #11 0x556037 in LLVMFuzzerTestOneInput /src/graphicsmagick/fuzzing/coder_fuzzer.cc:22:15
    #12 0x45aa31 in fuzzer::Fuzzer::ExecuteCallback(unsigned char const*, unsigned long) /src/llvm-project/compiler-rt/lib/fuzzer/FuzzerLoop.cpp:599:15
    #13 0x4447b2 in fuzzer::RunOneTest(fuzzer::Fuzzer*, char const*, unsigned long) /src/llvm-project/compiler-rt/lib/fuzzer/FuzzerDriver.cpp:323:6
    #14 0x44aaf5 in fuzzer::FuzzerDriver(int*, char***, int (*)(unsigned char const*, unsigned long)) /src/llvm-project/compiler-rt/lib/fuzzer/FuzzerDriver.cpp:856:9
    #15 0x474a12 in main /src/llvm-project/compiler-rt/lib/fuzzer/FuzzerMain.cpp:20:10
    #16 0x7914218de83f in __libc_start_main (/lib/x86_64-linux-gnu/libc.so.6+0x2083f)

DEDUP_TOKEN: malloc--alloc_large--alloc_barray
SUMMARY: AddressSanitizer: heap-buffer-overflow /src/libjpeg-turbo/jdcoefct.c:594:23 in decompress_smooth_data
Shadow bytes around the buggy address:
  0x0c247fff80a0: 00 00 00 00 00 00 00 00 00 00 00 00 00 00 00 00
  0x0c247fff80b0: 00 00 00 00 00 00 00 00 00 00 00 07 fa fa fa fa
  0x0c247fff80c0: fa fa fa fa fa fa fa fa 00 00 00 00 00 00 00 00
  0x0c247fff80d0: 00 00 00 00 00 00 00 00 00 00 00 00 00 00 00 00
  0x0c247fff80e0: 00 00 00 00 00 00 00 00 00 00 00 07 fa fa fa fa
=>0x0c247fff80f0: fa fa fa fa fa fa fa fa fa fa fa[fa]fa fa fa fa
  0x0c247fff8100: fa fa fa fa fa fa fa fa fa fa fa fa fa fa fa fa
  0x0c247fff8110: fa fa fa fa fa fa fa fa fa fa fa fa fa fa fa fa
  0x0c247fff8120: fa fa fa fa fa fa fa fa fa fa fa fa fa fa fa fa
  0x0c247fff8130: fa fa fa fa fa fa fa fa fa fa fa fa fa fa fa fa
  0x0c247fff8140: fa fa fa fa fa fa fa fa fa fa fa fa fa fa fa fa
Shadow byte legend (one shadow byte represents 8 application bytes):
  Addressable:           00
  Partially addressable: 01 02 03 04 05 06 07 
  Heap left redzone:       fa
  Freed heap region:       fd
  Stack left redzone:      f1
  Stack mid redzone:       f2
  Stack right redzone:     f3
  Stack after return:      f5
  Stack use after scope:   f8
  Global redzone:          f9
  Global init order:       f6
  Poisoned by user:        f7
  Container overflow:      fc
  Array cookie:            ac
  Intra object redzone:    bb
  ASan internal:           fe
  Left alloca redzone:     ca
  Right alloca redzone:    cb
  Shadow gap:              cc
==7==ABORTING
