INFO: Running with entropic power schedule (0xFF, 100).
INFO: Seed: 101950200
INFO: Loaded 1 modules   (47016 inline 8-bit counters): 47016 [0xe33ba0, 0xe3f348),
INFO: Loaded 1 PC tables (47016 PCs): 47016 [0xb264c8,0xbddf48),
/out/decompress_frame_fuzzer: Running 1 inputs 1 time(s) each.
Running: /tmp/poc
=================================================================
==13==ERROR: AddressSanitizer: heap-buffer-overflow on address 0x62b00000dc71 at pc 0x00000052e2d7 bp 0x7ffc84010750 sp 0x7ffc8400ff18
READ of size 117791 at 0x62b00000dc71 thread T0
SCARINESS: 26 (multi-byte-read-heap-buffer-overflow)
    #0 0x52e2d6 in __asan_memcpy /src/llvm-project/compiler-rt/lib/asan/asan_interceptors_memintrinsics.cpp:22:3
    #1 0xa5ea8f in ZSTD_initDDict_internal /src/c-blosc2/internal-complibs/zstd-1.4.5/decompress/zstd_ddict.c:134:9
    #2 0xa5ea8f in ZSTD_createDDict_advanced /src/c-blosc2/internal-complibs/zstd-1.4.5/decompress/zstd_ddict.c:155:39
    #3 0xa5f42f in ZSTD_createDDict /src/c-blosc2/internal-complibs/zstd-1.4.5/decompress/zstd_ddict.c:173:12
    #4 0x5b7de3 in initialize_context_decompression /src/c-blosc2/blosc/blosc2.c:1648:27
    #5 0x5b7de3 in blosc_run_decompression_with_context /src/c-blosc2/blosc/blosc2.c:2153:11
    #6 0x5b830a in blosc2_decompress_ctx /src/c-blosc2/blosc/blosc2.c:2179:12
    #7 0x5ea78c in frame_decompress_chunk /src/c-blosc2/blosc/frame.c:1675:23
    #8 0x5d996a in blosc2_schunk_decompress_chunk /src/c-blosc2/blosc/schunk.c:540:17
    #9 0x561c56 in LLVMFuzzerTestOneInput /src/c-blosc2/tests/fuzz/fuzz_decompress_frame.c:33:15
    #10 0x466801 in fuzzer::Fuzzer::ExecuteCallback(unsigned char const*, unsigned long) /src/llvm-project/compiler-rt/lib/fuzzer/FuzzerLoop.cpp:599:15
    #11 0x450582 in fuzzer::RunOneTest(fuzzer::Fuzzer*, char const*, unsigned long) /src/llvm-project/compiler-rt/lib/fuzzer/FuzzerDriver.cpp:323:6
    #12 0x4568c5 in fuzzer::FuzzerDriver(int*, char***, int (*)(unsigned char const*, unsigned long)) /src/llvm-project/compiler-rt/lib/fuzzer/FuzzerDriver.cpp:856:9
    #13 0x4807e2 in main /src/llvm-project/compiler-rt/lib/fuzzer/FuzzerMain.cpp:20:10
    #14 0x77ef6ddb283f in __libc_start_main (/lib/x86_64-linux-gnu/libc.so.6+0x2083f)
    #15 0x42b598 in _start (/out/decompress_frame_fuzzer+0x42b598)

DEDUP_TOKEN: __asan_memcpy--ZSTD_initDDict_internal--ZSTD_createDDict_advanced
0x62b00000dc71 is located 0 bytes to the right of 27249-byte region [0x62b000007200,0x62b00000dc71)
allocated by thread T0 here:
    #0 0x52ef2d in malloc /src/llvm-project/compiler-rt/lib/asan/asan_malloc_linux.cpp:145:3
    #1 0x4440c7 in operator new(unsigned long) (/out/decompress_frame_fuzzer+0x4440c7)
    #2 0x450582 in fuzzer::RunOneTest(fuzzer::Fuzzer*, char const*, unsigned long) /src/llvm-project/compiler-rt/lib/fuzzer/FuzzerDriver.cpp:323:6
    #3 0x4568c5 in fuzzer::FuzzerDriver(int*, char***, int (*)(unsigned char const*, unsigned long)) /src/llvm-project/compiler-rt/lib/fuzzer/FuzzerDriver.cpp:856:9
    #4 0x4807e2 in main /src/llvm-project/compiler-rt/lib/fuzzer/FuzzerMain.cpp:20:10
    #5 0x77ef6ddb283f in __libc_start_main (/lib/x86_64-linux-gnu/libc.so.6+0x2083f)

DEDUP_TOKEN: malloc--operator new(unsigned long)--fuzzer::RunOneTest(fuzzer::Fuzzer*, char const*, unsigned long)
SUMMARY: AddressSanitizer: heap-buffer-overflow /src/llvm-project/compiler-rt/lib/asan/asan_interceptors_memintrinsics.cpp:22:3 in __asan_memcpy
Shadow bytes around the buggy address:
  0x0c567fff9b30: 00 00 00 00 00 00 00 00 00 00 00 00 00 00 00 00
  0x0c567fff9b40: 00 00 00 00 00 00 00 00 00 00 00 00 00 00 00 00
  0x0c567fff9b50: 00 00 00 00 00 00 00 00 00 00 00 00 00 00 00 00
  0x0c567fff9b60: 00 00 00 00 00 00 00 00 00 00 00 00 00 00 00 00
  0x0c567fff9b70: 00 00 00 00 00 00 00 00 00 00 00 00 00 00 00 00
=>0x0c567fff9b80: 00 00 00 00 00 00 00 00 00 00 00 00 00 00[01]fa
  0x0c567fff9b90: fa fa fa fa fa fa fa fa fa fa fa fa fa fa fa fa
  0x0c567fff9ba0: fa fa fa fa fa fa fa fa fa fa fa fa fa fa fa fa
  0x0c567fff9bb0: fa fa fa fa fa fa fa fa fa fa fa fa fa fa fa fa
  0x0c567fff9bc0: fa fa fa fa fa fa fa fa fa fa fa fa fa fa fa fa
  0x0c567fff9bd0: fa fa fa fa fa fa fa fa fa fa fa fa fa fa fa fa
Shadow byte legend (one shadow byte represents 8 application bytes):
  Addressable:           00
  Partially addressable: 01 02 03 04 05 06 07
  Heap left redzone:       fa
  Freed heap region:       fd
  Stack left redzone:      f1
  Stack mid redzone:       f2
  Stack right redzone:     f3
  Stack after return:      f5
  Stack use after scope:   f8
  Global redzone:          f9
  Global init order:       f6
  Poisoned by user:        f7
  Container overflow:      fc
  Array cookie:            ac
  Intra object redzone:    bb
  ASan internal:           fe
  Left alloca redzone:     ca
  Right alloca redzone:    cb
  Shadow gap:              cc
==13==ABORTING