INFO: Running with entropic power schedule (0xFF, 100).
INFO: Seed: 3277912967
INFO: Loaded 1 modules   (47981 inline 8-bit counters): 47981 [0xe455a0, 0xe5110d),
INFO: Loaded 1 PC tables (47981 PCs): 47981 [0xb327c8,0xbede98),
/out/decompress_frame_fuzzer: Running 1 inputs 1 time(s) each.
Running: /tmp/poc
=================================================================
==13==ERROR: AddressSanitizer: heap-buffer-overflow on address 0x6080000000f9 at pc 0x0000005ba933 bp 0x7fff61410e10 sp 0x7fff61410e08
READ of size 4 at 0x6080000000f9 thread T0
SCARINESS: 17 (4-byte-read-heap-buffer-overflow)
    #0 0x5ba932 in sw32_ /src/c-blosc2/blosc/blosc-private.h:44:13
    #1 0x5ba932 in blosc_d /src/c-blosc2/blosc/blosc2.c:1116:14
    #2 0x5b845f in _blosc_getitem /src/c-blosc2/blosc/blosc2.c:2596:14
    #3 0x5bb173 in blosc_getitem /src/c-blosc2/blosc/blosc2.c:2654:12
    #4 0x5e6767 in get_coffset /src/c-blosc2/blosc/frame.c:1550:12
    #5 0x5e76a8 in frame_get_lazychunk /src/c-blosc2/blosc/frame.c:1710:20
    #6 0x5ed5f4 in frame_decompress_chunk /src/c-blosc2/blosc/frame.c:2504:20
    #7 0x5dac1a in blosc2_schunk_decompress_chunk /src/c-blosc2/blosc/schunk.c:615:17
    #8 0x55d806 in LLVMFuzzerTestOneInput /src/c-blosc2/tests/fuzz/fuzz_decompress_frame.c:33:15
    #9 0x460f61 in fuzzer::Fuzzer::ExecuteCallback(unsigned char const*, unsigned long) /src/llvm-project/compiler-rt/lib/fuzzer/FuzzerLoop.cpp:599:15
    #10 0x44ac22 in fuzzer::RunOneTest(fuzzer::Fuzzer*, char const*, unsigned long) /src/llvm-project/compiler-rt/lib/fuzzer/FuzzerDriver.cpp:323:6
    #11 0x450f76 in fuzzer::FuzzerDriver(int*, char***, int (*)(unsigned char const*, unsigned long)) /src/llvm-project/compiler-rt/lib/fuzzer/FuzzerDriver.cpp:856:9
    #12 0x47af82 in main /src/llvm-project/compiler-rt/lib/fuzzer/FuzzerMain.cpp:20:10
    #13 0x743d99f9383f in __libc_start_main (/lib/x86_64-linux-gnu/libc.so.6+0x2083f)
    #14 0x4257c8 in _start (/out/decompress_frame_fuzzer+0x4257c8)

DEDUP_TOKEN: sw32_--blosc_d--_blosc_getitem
0x6080000000f9 is located 0 bytes to the right of 89-byte region [0x6080000000a0,0x6080000000f9)
allocated by thread T0 here:
    #0 0x529a5d in malloc /src/llvm-project/compiler-rt/lib/asan/asan_malloc_linux.cpp:145:3
    #1 0x43e727 in operator new(unsigned long) (/out/decompress_frame_fuzzer+0x43e727)
    #2 0x44ac22 in fuzzer::RunOneTest(fuzzer::Fuzzer*, char const*, unsigned long) /src/llvm-project/compiler-rt/lib/fuzzer/FuzzerDriver.cpp:323:6
    #3 0x450f76 in fuzzer::FuzzerDriver(int*, char***, int (*)(unsigned char const*, unsigned long)) /src/llvm-project/compiler-rt/lib/fuzzer/FuzzerDriver.cpp:856:9
    #4 0x47af82 in main /src/llvm-project/compiler-rt/lib/fuzzer/FuzzerMain.cpp:20:10
    #5 0x743d99f9383f in __libc_start_main (/lib/x86_64-linux-gnu/libc.so.6+0x2083f)

DEDUP_TOKEN: malloc--operator new(unsigned long)--fuzzer::RunOneTest(fuzzer::Fuzzer*, char const*, unsigned long)
SUMMARY: AddressSanitizer: heap-buffer-overflow /src/c-blosc2/blosc/blosc-private.h:44:13 in sw32_
Shadow bytes around the buggy address:
  0x0c107fff7fc0: 00 00 00 00 00 00 00 00 00 00 00 00 00 00 00 00
  0x0c107fff7fd0: 00 00 00 00 00 00 00 00 00 00 00 00 00 00 00 00
  0x0c107fff7fe0: 00 00 00 00 00 00 00 00 00 00 00 00 00 00 00 00
  0x0c107fff7ff0: 00 00 00 00 00 00 00 00 00 00 00 00 00 00 00 00
  0x0c107fff8000: fa fa fa fa 00 00 00 00 00 00 00 00 00 00 00 01
=>0x0c107fff8010: fa fa fa fa 00 00 00 00 00 00 00 00 00 00 00[01]
  0x0c107fff8020: fa fa fa fa fa fa fa fa fa fa fa fa fa fa fa fa
  0x0c107fff8030: fa fa fa fa fa fa fa fa fa fa fa fa fa fa fa fa
  0x0c107fff8040: fa fa fa fa fa fa fa fa fa fa fa fa fa fa fa fa
  0x0c107fff8050: fa fa fa fa fa fa fa fa fa fa fa fa fa fa fa fa
  0x0c107fff8060: fa fa fa fa fa fa fa fa fa fa fa fa fa fa fa fa
Shadow byte legend (one shadow byte represents 8 application bytes):
  Addressable:           00
  Partially addressable: 01 02 03 04 05 06 07
  Heap left redzone:       fa
  Freed heap region:       fd
  Stack left redzone:      f1
  Stack mid redzone:       f2
  Stack right redzone:     f3
  Stack after return:      f5
  Stack use after scope:   f8
  Global redzone:          f9
  Global init order:       f6
  Poisoned by user:        f7
  Container overflow:      fc
  Array cookie:            ac
  Intra object redzone:    bb
  ASan internal:           fe
  Left alloca redzone:     ca
  Right alloca redzone:    cb
  Shadow gap:              cc
==13==ABORTING