=================================================================
==13==ERROR: AddressSanitizer: heap-buffer-overflow on address 0x6110000002bb at pc 0x0000005e251b bp 0x7ffd51de8970 sp 0x7ffd51de8968
READ of size 1 at 0x6110000002bb thread T0
SCARINESS: 12 (1-byte-read-heap-buffer-overflow)
    #0 0x5e251a in ff_combine_frame /src/ffmpeg/libavcodec/parser.c:304:42
    #1 0x5e7c18 in pnm_parse /src/ffmpeg/libavcodec/pnm_parser.c:122:9
    #2 0x5dea5c in av_parser_parse2 /src/ffmpeg/libavcodec/parser.c:166:13
    #3 0x515197 in LLVMFuzzerTestOneInput /src/ffmpeg/tools/target_dec_fuzzer.c:320:27
    #4 0x1539b43 in ExecuteFilesOnyByOne /src/aflplusplus/utils/aflpp_driver/aflpp_driver.c:184:7
    #5 0x1539b43 in main /src/aflplusplus/utils/aflpp_driver/aflpp_driver.c:236:12
    #6 0x786ec6d6683f in __libc_start_main (/lib/x86_64-linux-gnu/libc.so.6+0x2083f)
    #7 0x460c38 in _start (/out/ffmpeg_AV_CODEC_ID_PBM_fuzzer+0x460c38)

DEDUP_TOKEN: ff_combine_frame--pnm_parse--av_parser_parse2
0x6110000002bb is located 5 bytes to the left of 209-byte region [0x6110000002c0,0x611000000391)
allocated by thread T0 here:
    #0 0x4dbe39 in realloc /src/llvm-project/compiler-rt/lib/asan/asan_malloc_linux.cpp:164:3
    #1 0x13d6ee0 in av_realloc /src/ffmpeg/libavutil/mem.c:142:12
    #2 0x13e13dd in av_fast_realloc /src/ffmpeg/libavutil/mem.c:490:11
    #3 0x5e0f54 in ff_combine_frame /src/ffmpeg/libavcodec/parser.c:259:28
    #4 0x5e7c18 in pnm_parse /src/ffmpeg/libavcodec/pnm_parser.c:122:9
    #5 0x5dea5c in av_parser_parse2 /src/ffmpeg/libavcodec/parser.c:166:13
    #6 0x515197 in LLVMFuzzerTestOneInput /src/ffmpeg/tools/target_dec_fuzzer.c:320:27
    #7 0x1539b43 in ExecuteFilesOnyByOne /src/aflplusplus/utils/aflpp_driver/aflpp_driver.c:184:7
    #8 0x1539b43 in main /src/aflplusplus/utils/aflpp_driver/aflpp_driver.c:236:12

DEDUP_TOKEN: realloc--av_realloc--av_fast_realloc
SUMMARY: AddressSanitizer: heap-buffer-overflow /src/ffmpeg/libavcodec/parser.c:304:42 in ff_combine_frame
Shadow bytes around the buggy address:
  0x0c227fff8000: fa fa fa fa fa fa fa fa 00 00 00 00 00 00 00 00
  0x0c227fff8010: 00 00 00 00 00 00 00 00 00 00 fa fa fa fa fa fa
  0x0c227fff8020: fa fa fa fa fa fa fa fa fa fa fa fa fa fa fa fa
  0x0c227fff8030: 00 00 00 00 00 00 00 00 00 00 00 00 00 00 00 00
  0x0c227fff8040: 00 00 fa fa fa fa fa fa fa fa fa fa fa fa fa fa
=>0x0c227fff8050: fa fa fa fa fa fa fa[fa]00 00 00 00 00 00 00 00
  0x0c227fff8060: 00 00 00 00 00 00 00 00 00 00 00 00 00 00 00 00
  0x0c227fff8070: 00 00 01 fa fa fa fa fa fa fa fa fa fa fa fa fa
  0x0c227fff8080: fa fa fa fa fa fa fa fa fa fa fa fa fa fa fa fa
  0x0c227fff8090: fa fa fa fa fa fa fa fa fa fa fa fa fa fa fa fa
  0x0c227fff80a0: fa fa fa fa fa fa fa fa fa fa fa fa fa fa fa fa
Shadow byte legend (one shadow byte represents 8 application bytes):
  Addressable:           00
  Partially addressable: 01 02 03 04 05 06 07
  Heap left redzone:       fa
  Freed heap region:       fd
  Stack left redzone:      f1
  Stack mid redzone:       f2
  Stack right redzone:     f3
  Stack after return:      f5
  Stack use after scope:   f8
  Global redzone:          f9
  Global init order:       f6
  Poisoned by user:        f7
  Container overflow:      fc
  Array cookie:            ac
  Intra object redzone:    bb
  ASan internal:           fe
  Left alloca redzone:     ca
  Right alloca redzone:    cb
  Shadow gap:              cc
==13==ABORTING