AddressSanitizer:DEADLYSIGNAL
=================================================================
==13==ERROR: AddressSanitizer: SEGV on unknown address 0x7674f9a58986 (pc 0x000000586a1d bp 0x7ffc46f4a600 sp 0x7ffc46f4a460 T0)
==13==The signal is caused by a READ memory access.
SCARINESS: 20 (wild-addr-read)
    #0 0x586a1d in sw32_ /src/c-blosc2/blosc/blosc-private.h:90:13
    #1 0x586a1d in blosc_d /src/c-blosc2/blosc/blosc2.c:1346:14
    #2 0x5840b8 in _blosc_getitem /src/c-blosc2/blosc/blosc2.c:2540:14
    #3 0x589e0d in blosc2_getitem_ctx /src/c-blosc2/blosc/blosc2.c:2607:12
    #4 0x589240 in blosc_getitem /src/c-blosc2/blosc/blosc2.c:2572:12
    #5 0x5f0f02 in get_coffset /src/c-blosc2/blosc/frame.c:1677:12
    #6 0x5ee116 in frame_get_lazychunk /src/c-blosc2/blosc/frame.c:1855:9
    #7 0x5fcc94 in frame_decompress_chunk /src/c-blosc2/blosc/frame.c:2648:18
    #8 0x4d2bf6 in LLVMFuzzerTestOneInput /src/c-blosc2/tests/fuzz/fuzz_decompress_frame.c:38:15
    #9 0x4d3303 in ExecuteFilesOnyByOne /src/aflplusplus/utils/aflpp_driver/aflpp_driver.c:185:7
    #10 0x4d3303 in main /src/aflplusplus/utils/aflpp_driver/aflpp_driver.c:237:12
    #11 0x7674d893883f in __libc_start_main (/lib/x86_64-linux-gnu/libc.so.6+0x2083f)
    #12 0x423e48 in _start (/out/decompress_frame_fuzzer+0x423e48)

DEDUP_TOKEN: sw32_--blosc_d--_blosc_getitem
AddressSanitizer can not provide additional info.
SUMMARY: AddressSanitizer: SEGV /src/c-blosc2/blosc/blosc-private.h:90:13 in sw32_
==13==ABORTING