INFO: Running with entropic power schedule (0xFF, 100).
INFO: Seed: 378422870
INFO: Loaded 1 modules   (18092 inline 8-bit counters): 18092 [0xab76b0, 0xabbd5c),
INFO: Loaded 1 PC tables (18092 PCs): 18092 [0x7a4c08,0x7eb6c8),
/out/libraw_fuzzer: Running 1 inputs 1 time(s) each.
Running: /tmp/poc
=================================================================
==13==ERROR: AddressSanitizer: heap-buffer-overflow on address 0x61900000047f at pc 0x0000005f867a bp 0x7ffd18da2d10 sp 0x7ffd18da2d08
READ of size 1 at 0x61900000047f thread T0
SCARINESS: 12 (1-byte-read-heap-buffer-overflow)
    #0 0x5f8679 in LibRaw::kodak_c330_load_raw() /src/libraw/src/decoders/kodak_decoders.cpp:270:16
    #1 0x558581 in LibRaw::unpack() /src/libraw/src/decoders/unpack.cpp:287:7
    #2 0x5570d6 in LLVMFuzzerTestOneInput /src/libraw_fuzzer.cc:47:20
    #3 0x45a801 in fuzzer::Fuzzer::ExecuteCallback(unsigned char const*, unsigned long) /src/llvm-project/compiler-rt/lib/fuzzer/FuzzerLoop.cpp:599:15
    #4 0x4444c2 in fuzzer::RunOneTest(fuzzer::Fuzzer*, char const*, unsigned long) /src/llvm-project/compiler-rt/lib/fuzzer/FuzzerDriver.cpp:323:6
    #5 0x44a816 in fuzzer::FuzzerDriver(int*, char***, int (*)(unsigned char const*, unsigned long)) /src/llvm-project/compiler-rt/lib/fuzzer/FuzzerDriver.cpp:856:9
    #6 0x474802 in main /src/llvm-project/compiler-rt/lib/fuzzer/FuzzerMain.cpp:20:10
    #7 0x70ad67d8983f in __libc_start_main (/lib/x86_64-linux-gnu/libc.so.6+0x2083f)
    #8 0x41ee88 in _start (/out/libraw_fuzzer+0x41ee88)

DEDUP_TOKEN: LibRaw::kodak_c330_load_raw()--LibRaw::unpack()--LLVMFuzzerTestOneInput
0x61900000047f is located 1 bytes to the right of 1022-byte region [0x619000000080,0x61900000047e)
allocated by thread T0 here:
    #0 0x55464d in operator new(unsigned long) /src/llvm-project/compiler-rt/lib/asan/asan_new_delete.cpp:99:3
    #1 0x56ba90 in void* std::__1::__libcpp_operator_new<unsigned long>(unsigned long) /usr/local/bin/../include/c++/v1/new:235:10
    #2 0x56ba10 in std::__1::__libcpp_allocate(unsigned long, unsigned long) /usr/local/bin/../include/c++/v1/new:261:10
    #3 0x58efdd in std::__1::allocator<unsigned char>::allocate(unsigned long) /usr/local/bin/../include/c++/v1/memory:840:38
    #4 0x58edb0 in std::__1::allocator_traits<std::__1::allocator<unsigned char> >::allocate(std::__1::allocator<unsigned char>&, unsigned long) /usr/local/bin/../include/c++/v1/__memory/allocator_traits.h:260:20
    #5 0x58e70c in std::__1::vector<unsigned char, std::__1::allocator<unsigned char> >::__vallocate(unsigned long) /usr/local/bin/../include/c++/v1/vector:993:37
    #6 0x58c716 in std::__1::vector<unsigned char, std::__1::allocator<unsigned char> >::vector(unsigned long) /usr/local/bin/../include/c++/v1/vector:1126:9
    #7 0x5f7dc7 in LibRaw::kodak_c330_load_raw() /src/libraw/src/decoders/kodak_decoders.cpp:257:22
    #8 0x558581 in LibRaw::unpack() /src/libraw/src/decoders/unpack.cpp:287:7
    #9 0x5570d6 in LLVMFuzzerTestOneInput /src/libraw_fuzzer.cc:47:20
    #10 0x45a801 in fuzzer::Fuzzer::ExecuteCallback(unsigned char const*, unsigned long) /src/llvm-project/compiler-rt/lib/fuzzer/FuzzerLoop.cpp:599:15
    #11 0x4444c2 in fuzzer::RunOneTest(fuzzer::Fuzzer*, char const*, unsigned long) /src/llvm-project/compiler-rt/lib/fuzzer/FuzzerDriver.cpp:323:6
    #12 0x44a816 in fuzzer::FuzzerDriver(int*, char***, int (*)(unsigned char const*, unsigned long)) /src/llvm-project/compiler-rt/lib/fuzzer/FuzzerDriver.cpp:856:9
    #13 0x474802 in main /src/llvm-project/compiler-rt/lib/fuzzer/FuzzerMain.cpp:20:10
    #14 0x70ad67d8983f in __libc_start_main (/lib/x86_64-linux-gnu/libc.so.6+0x2083f)

DEDUP_TOKEN: operator new(unsigned long)--void* std::__1::__libcpp_operator_new<unsigned long>(unsigned long)--std::__1::__libcpp_allocate(unsigned long, unsigned long)
SUMMARY: AddressSanitizer: heap-buffer-overflow /src/libraw/src/decoders/kodak_decoders.cpp:270:16 in LibRaw::kodak_c330_load_raw()
Shadow bytes around the buggy address:
  0x0c327fff8030: 00 00 00 00 00 00 00 00 00 00 00 00 00 00 00 00
  0x0c327fff8040: 00 00 00 00 00 00 00 00 00 00 00 00 00 00 00 00
  0x0c327fff8050: 00 00 00 00 00 00 00 00 00 00 00 00 00 00 00 00
  0x0c327fff8060: 00 00 00 00 00 00 00 00 00 00 00 00 00 00 00 00
  0x0c327fff8070: 00 00 00 00 00 00 00 00 00 00 00 00 00 00 00 00
=>0x0c327fff8080: 00 00 00 00 00 00 00 00 00 00 00 00 00 00 00[06]
  0x0c327fff8090: fa fa fa fa fa fa fa fa fa fa fa fa fa fa fa fa
  0x0c327fff80a0: fa fa fa fa fa fa fa fa fa fa fa fa fa fa fa fa
  0x0c327fff80b0: fa fa fa fa fa fa fa fa fa fa fa fa fa fa fa fa
  0x0c327fff80c0: fa fa fa fa fa fa fa fa fa fa fa fa fa fa fa fa
  0x0c327fff80d0: fa fa fa fa fa fa fa fa fa fa fa fa fa fa fa fa
Shadow byte legend (one shadow byte represents 8 application bytes):
  Addressable:           00
  Partially addressable: 01 02 03 04 05 06 07
  Heap left redzone:       fa
  Freed heap region:       fd
  Stack left redzone:      f1
  Stack mid redzone:       f2
  Stack right redzone:     f3
  Stack after return:      f5
  Stack use after scope:   f8
  Global redzone:          f9
  Global init order:       f6
  Poisoned by user:        f7
  Container overflow:      fc
  Array cookie:            ac
  Intra object redzone:    bb
  ASan internal:           fe
  Left alloca redzone:     ca
  Right alloca redzone:    cb
  Shadow gap:              cc
==13==ABORTING