INFO: Running with entropic power schedule (0xFF, 100).
INFO: Seed: 3278587398
INFO: Loaded 1 modules   (44494 inline 8-bit counters): 44494 [0xdbd840, 0xdc860e),
INFO: Loaded 1 PC tables (44494 PCs): 44494 [0xab81b0,0xb65e90),
/out/decompress_frame_fuzzer: Running 1 inputs 1 time(s) each.
Running: /tmp/poc
==13== ERROR: libFuzzer: out-of-memory (malloc(2155905168))
   To change the out-of-memory limit use -rss_limit_mb=<N>

    #0 0x532801 in __sanitizer_print_stack_trace /src/llvm-project/compiler-rt/lib/asan/asan_stack.cpp:86:3
    #1 0x47ab08 in fuzzer::PrintStackTrace() /src/llvm-project/compiler-rt/lib/fuzzer/FuzzerUtil.cpp:210:5
    #2 0x45ed05 in fuzzer::Fuzzer::HandleMalloc(unsigned long) /src/llvm-project/compiler-rt/lib/fuzzer/FuzzerLoop.cpp:131:3
    #3 0x45ec1a in fuzzer::MallocHook(void const volatile*, unsigned long) /src/llvm-project/compiler-rt/lib/fuzzer/FuzzerLoop.cpp:100:6
    #4 0x538987 in __sanitizer::RunMallocHooks(void const*, unsigned long) /src/llvm-project/compiler-rt/lib/sanitizer_common/sanitizer_common.cpp:301:5
    #5 0x4b04a7 in __asan::Allocator::Allocate(unsigned long, unsigned long, __sanitizer::BufferedStackTrace*, __asan::AllocType, bool) /src/llvm-project/compiler-rt/lib/asan/asan_allocator.cpp:611:5
    #6 0x4b0be5 in __asan::asan_posix_memalign(void**, unsigned long, unsigned long, __sanitizer::BufferedStackTrace*) /src/llvm-project/compiler-rt/lib/asan/asan_allocator.cpp:1061:24
    #7 0x52a8cb in posix_memalign /src/llvm-project/compiler-rt/lib/asan/asan_malloc_linux.cpp:227:10
    #8 0x5ba75e in my_malloc /src/c-blosc2/blosc/blosc2.c:173:9
    #9 0x5ba75e in init_thread_context /src/c-blosc2/blosc/blosc2.c:1560:25
    #10 0x5ba75e in create_thread_context /src/c-blosc2/blosc/blosc2.c:1592:3
    #11 0x5ba75e in blosc2_getitem_ctx /src/c-blosc2/blosc/blosc2.c:2609:31
    #12 0x5ba25d in blosc2_getitem /src/c-blosc2/blosc/blosc2.c:2572:12
    #13 0x5f0d49 in get_coffset /src/c-blosc2/blosc/frame.c:1716:12
    #14 0x5ef345 in frame_get_lazychunk /src/c-blosc2/blosc/frame.c:1905:8
    #15 0x5f6d78 in frame_decompress_chunk /src/c-blosc2/blosc/frame.c:2750:8
    #16 0x5da296 in blosc2_schunk_decompress_chunk /src/c-blosc2/blosc/schunk.c:804:17
    #17 0x55dba6 in LLVMFuzzerTestOneInput /src/c-blosc2/tests/fuzz/fuzz_decompress_frame.c:38:15
    #18 0x4612e1 in fuzzer::Fuzzer::ExecuteCallback(unsigned char const*, unsigned long) /src/llvm-project/compiler-rt/lib/fuzzer/FuzzerLoop.cpp:599:15
    #19 0x44afa2 in fuzzer::RunOneTest(fuzzer::Fuzzer*, char const*, unsigned long) /src/llvm-project/compiler-rt/lib/fuzzer/FuzzerDriver.cpp:323:6
    #20 0x4512f6 in fuzzer::FuzzerDriver(int*, char***, int (*)(unsigned char const*, unsigned long)) /src/llvm-project/compiler-rt/lib/fuzzer/FuzzerDriver.cpp:856:9
    #21 0x47b2e2 in main /src/llvm-project/compiler-rt/lib/fuzzer/FuzzerMain.cpp:20:10
    #22 0x77e44055f83f in __libc_start_main (/lib/x86_64-linux-gnu/libc.so.6+0x2083f)
    #23 0x425968 in _start (/out/decompress_frame_fuzzer+0x425968)

DEDUP_TOKEN: __sanitizer_print_stack_trace--fuzzer::PrintStackTrace()--fuzzer::Fuzzer::HandleMalloc(unsigned long)
SUMMARY: libFuzzer: out-of-memory