INFO: Running with entropic power schedule (0xFF, 100).
INFO: Seed: 3279580720
INFO: Loaded 1 modules   (44456 inline 8-bit counters): 44456 [0xdbb840, 0xdc65e8),
INFO: Loaded 1 PC tables (44456 PCs): 44456 [0xab5cd0,0xb63750),
/out/decompress_frame_fuzzer: Running 1 inputs 1 time(s) each.
Running: /tmp/poc
=================================================================
==13==ERROR: AddressSanitizer: heap-buffer-overflow on address 0x60f0000001d5 at pc 0x000000529157 bp 0x7fffc4697b70 sp 0x7fffc4697338
READ of size 222 at 0x60f0000001d5 thread T0
SCARINESS: 26 (multi-byte-read-heap-buffer-overflow)
    #0 0x529156 in __asan_memcpy /src/llvm-project/compiler-rt/lib/asan/asan_interceptors_memintrinsics.cpp:22:3
    #1 0x9afa16 in ZSTD_initDDict_internal /src/c-blosc2/internal-complibs/zstd-1.4.8/decompress/zstd_ddict.c:134:9
    #2 0x9afa16 in ZSTD_createDDict_advanced /src/c-blosc2/internal-complibs/zstd-1.4.8/decompress/zstd_ddict.c:155:39
    #3 0x9b03c2 in ZSTD_createDDict /src/c-blosc2/internal-complibs/zstd-1.4.8/decompress/zstd_ddict.c:173:12
    #4 0x5b667b in initialize_context_decompression /src/c-blosc2/blosc/blosc2.c:1815:27
    #5 0x5b667b in blosc_run_decompression_with_context /src/c-blosc2/blosc/blosc2.c:2350:8
    #6 0x5b69cc in blosc2_decompress_ctx /src/c-blosc2/blosc/blosc2.c:2376:12
    #7 0x5f4d3e in frame_decompress_chunk /src/c-blosc2/blosc/frame.c:2666:23
    #8 0x55dba6 in LLVMFuzzerTestOneInput /src/c-blosc2/tests/fuzz/fuzz_decompress_frame.c:38:15
    #9 0x4612e1 in fuzzer::Fuzzer::ExecuteCallback(unsigned char const*, unsigned long) /src/llvm-project/compiler-rt/lib/fuzzer/FuzzerLoop.cpp:599:15
    #10 0x44afa2 in fuzzer::RunOneTest(fuzzer::Fuzzer*, char const*, unsigned long) /src/llvm-project/compiler-rt/lib/fuzzer/FuzzerDriver.cpp:323:6
    #11 0x4512f6 in fuzzer::FuzzerDriver(int*, char***, int (*)(unsigned char const*, unsigned long)) /src/llvm-project/compiler-rt/lib/fuzzer/FuzzerDriver.cpp:856:9
    #12 0x47b2e2 in main /src/llvm-project/compiler-rt/lib/fuzzer/FuzzerMain.cpp:20:10
    #13 0x7b1f9356f83f in __libc_start_main (/lib/x86_64-linux-gnu/libc.so.6+0x2083f)
    #14 0x425968 in _start (/out/decompress_frame_fuzzer+0x425968)

DEDUP_TOKEN: __asan_memcpy--ZSTD_initDDict_internal--ZSTD_createDDict_advanced
0x60f0000001d5 is located 0 bytes to the right of 165-byte region [0x60f000000130,0x60f0000001d5)
allocated by thread T0 here:
    #0 0x529dad in malloc /src/llvm-project/compiler-rt/lib/asan/asan_malloc_linux.cpp:145:3
    #1 0x43eab7 in operator new(unsigned long) (/out/decompress_frame_fuzzer+0x43eab7)
    #2 0x44afa2 in fuzzer::RunOneTest(fuzzer::Fuzzer*, char const*, unsigned long) /src/llvm-project/compiler-rt/lib/fuzzer/FuzzerDriver.cpp:323:6
    #3 0x4512f6 in fuzzer::FuzzerDriver(int*, char***, int (*)(unsigned char const*, unsigned long)) /src/llvm-project/compiler-rt/lib/fuzzer/FuzzerDriver.cpp:856:9
    #4 0x47b2e2 in main /src/llvm-project/compiler-rt/lib/fuzzer/FuzzerMain.cpp:20:10
    #5 0x7b1f9356f83f in __libc_start_main (/lib/x86_64-linux-gnu/libc.so.6+0x2083f)

DEDUP_TOKEN: malloc--operator new(unsigned long)--fuzzer::RunOneTest(fuzzer::Fuzzer*, char const*, unsigned long)
SUMMARY: AddressSanitizer: heap-buffer-overflow /src/llvm-project/compiler-rt/lib/asan/asan_interceptors_memintrinsics.cpp:22:3 in __asan_memcpy
Shadow bytes around the buggy address:
  0x0c1e7fff7fe0: 00 00 00 00 00 00 00 00 00 00 00 00 00 00 00 00
  0x0c1e7fff7ff0: 00 00 00 00 00 00 00 00 00 00 00 00 00 00 00 00
  0x0c1e7fff8000: fa fa fa fa fa fa fa fa 00 00 00 00 00 00 00 00
  0x0c1e7fff8010: 00 00 00 00 00 00 00 00 00 00 00 00 05 fa fa fa
  0x0c1e7fff8020: fa fa fa fa fa fa 00 00 00 00 00 00 00 00 00 00
=>0x0c1e7fff8030: 00 00 00 00 00 00 00 00 00 00[05]fa fa fa fa fa
  0x0c1e7fff8040: fa fa fa fa fa fa fa fa fa fa fa fa fa fa fa fa
  0x0c1e7fff8050: fa fa fa fa fa fa fa fa fa fa fa fa fa fa fa fa
  0x0c1e7fff8060: fa fa fa fa fa fa fa fa fa fa fa fa fa fa fa fa
  0x0c1e7fff8070: fa fa fa fa fa fa fa fa fa fa fa fa fa fa fa fa
  0x0c1e7fff8080: fa fa fa fa fa fa fa fa fa fa fa fa fa fa fa fa
Shadow byte legend (one shadow byte represents 8 application bytes):
  Addressable:           00
  Partially addressable: 01 02 03 04 05 06 07
  Heap left redzone:       fa
  Freed heap region:       fd
  Stack left redzone:      f1
  Stack mid redzone:       f2
  Stack right redzone:     f3
  Stack after return:      f5
  Stack use after scope:   f8
  Global redzone:          f9
  Global init order:       f6
  Poisoned by user:        f7
  Container overflow:      fc
  Array cookie:            ac
  Intra object redzone:    bb
  ASan internal:           fe
  Left alloca redzone:     ca
  Right alloca redzone:    cb
  Shadow gap:              cc
==13==ABORTING