INFO: Running with entropic power schedule (0xFF, 100).
INFO: Seed: 3279479073
INFO: Loaded 1 modules   (44456 inline 8-bit counters): 44456 [0xdbb840, 0xdc65e8),
INFO: Loaded 1 PC tables (44456 PCs): 44456 [0xab5cd0,0xb63750),
/out/decompress_frame_fuzzer: Running 1 inputs 1 time(s) each.
Running: /tmp/poc
=================================================================
==13==ERROR: AddressSanitizer: heap-buffer-overflow on address 0x610000000269 at pc 0x0000005b9f0d bp 0x7ffe3dcfc450 sp 0x7ffe3dcfc448
READ of size 4 at 0x610000000269 thread T0
SCARINESS: 27 (4-byte-read-heap-buffer-overflow-far-from-bounds)
    #0 0x5b9f0c in sw32_ /src/c-blosc2/blosc/blosc-private.h:90:13
    #1 0x5b9f0c in blosc_d /src/c-blosc2/blosc/blosc2.c:1346:14
    #2 0x5ae8c8 in serial_blosc /src/c-blosc2/blosc/blosc2.c:1500:16
    #3 0x5ae8c8 in do_job /src/c-blosc2/blosc/blosc2.c:1658:15
    #4 0x5b63ea in blosc_run_decompression_with_context /src/c-blosc2/blosc/blosc2.c:2356:13
    #5 0x5b69cc in blosc2_decompress_ctx /src/c-blosc2/blosc/blosc2.c:2376:12
    #6 0x5f4d3e in frame_decompress_chunk /src/c-blosc2/blosc/frame.c:2666:23
    #7 0x55dba6 in LLVMFuzzerTestOneInput /src/c-blosc2/tests/fuzz/fuzz_decompress_frame.c:38:15
    #8 0x4612e1 in fuzzer::Fuzzer::ExecuteCallback(unsigned char const*, unsigned long) /src/llvm-project/compiler-rt/lib/fuzzer/FuzzerLoop.cpp:599:15
    #9 0x44afa2 in fuzzer::RunOneTest(fuzzer::Fuzzer*, char const*, unsigned long) /src/llvm-project/compiler-rt/lib/fuzzer/FuzzerDriver.cpp:323:6
    #10 0x4512f6 in fuzzer::FuzzerDriver(int*, char***, int (*)(unsigned char const*, unsigned long)) /src/llvm-project/compiler-rt/lib/fuzzer/FuzzerDriver.cpp:856:9
    #11 0x47b2e2 in main /src/llvm-project/compiler-rt/lib/fuzzer/FuzzerMain.cpp:20:10
    #12 0x73ebe9b6d83f in __libc_start_main (/lib/x86_64-linux-gnu/libc.so.6+0x2083f)
    #13 0x425968 in _start (/out/decompress_frame_fuzzer+0x425968)

DEDUP_TOKEN: sw32_--blosc_d--serial_blosc
0x610000000269 is located 111 bytes to the right of 186-byte region [0x610000000140,0x6100000001fa)
allocated by thread T0 here:
    #0 0x529dad in malloc /src/llvm-project/compiler-rt/lib/asan/asan_malloc_linux.cpp:145:3
    #1 0x43eab7 in operator new(unsigned long) (/out/decompress_frame_fuzzer+0x43eab7)
    #2 0x44afa2 in fuzzer::RunOneTest(fuzzer::Fuzzer*, char const*, unsigned long) /src/llvm-project/compiler-rt/lib/fuzzer/FuzzerDriver.cpp:323:6
    #3 0x4512f6 in fuzzer::FuzzerDriver(int*, char***, int (*)(unsigned char const*, unsigned long)) /src/llvm-project/compiler-rt/lib/fuzzer/FuzzerDriver.cpp:856:9
    #4 0x47b2e2 in main /src/llvm-project/compiler-rt/lib/fuzzer/FuzzerMain.cpp:20:10
    #5 0x73ebe9b6d83f in __libc_start_main (/lib/x86_64-linux-gnu/libc.so.6+0x2083f)

DEDUP_TOKEN: malloc--operator new(unsigned long)--fuzzer::RunOneTest(fuzzer::Fuzzer*, char const*, unsigned long)
SUMMARY: AddressSanitizer: heap-buffer-overflow /src/c-blosc2/blosc/blosc-private.h:90:13 in sw32_
Shadow bytes around the buggy address:
  0x0c207fff7ff0: 00 00 00 00 00 00 00 00 00 00 00 00 00 00 00 00
  0x0c207fff8000: fa fa fa fa fa fa fa fa 00 00 00 00 00 00 00 00
  0x0c207fff8010: 00 00 00 00 00 00 00 00 00 00 00 00 00 00 00 02
  0x0c207fff8020: fa fa fa fa fa fa fa fa 00 00 00 00 00 00 00 00
  0x0c207fff8030: 00 00 00 00 00 00 00 00 00 00 00 00 00 00 00 02
=>0x0c207fff8040: fa fa fa fa fa fa fa fa fa fa fa fa fa[fa]fa fa
  0x0c207fff8050: fa fa fa fa fa fa fa fa fa fa fa fa fa fa fa fa
  0x0c207fff8060: fa fa fa fa fa fa fa fa fa fa fa fa fa fa fa fa
  0x0c207fff8070: fa fa fa fa fa fa fa fa fa fa fa fa fa fa fa fa
  0x0c207fff8080: fa fa fa fa fa fa fa fa fa fa fa fa fa fa fa fa
  0x0c207fff8090: fa fa fa fa fa fa fa fa fa fa fa fa fa fa fa fa
Shadow byte legend (one shadow byte represents 8 application bytes):
  Addressable:           00
  Partially addressable: 01 02 03 04 05 06 07
  Heap left redzone:       fa
  Freed heap region:       fd
  Stack left redzone:      f1
  Stack mid redzone:       f2
  Stack right redzone:     f3
  Stack after return:      f5
  Stack use after scope:   f8
  Global redzone:          f9
  Global init order:       f6
  Poisoned by user:        f7
  Container overflow:      fc
  Array cookie:            ac
  Intra object redzone:    bb
  ASan internal:           fe
  Left alloca redzone:     ca
  Right alloca redzone:    cb
  Shadow gap:              cc
==13==ABORTING