INFO: Running with entropic power schedule (0xFF, 100).
INFO: Seed: 119732453
INFO: Loaded 1 modules   (40928 inline 8-bit counters): 40928 [0x8747260, 0x8751240),
INFO: Loaded 1 PC tables (40928 PCs): 40928 [0x86a9aa4,0x86f99a4),
/out/decompress_frame_fuzzer: Running 1 inputs 1 time(s) each.
Running: /tmp/poc
=================================================================
==13==ERROR: AddressSanitizer: heap-buffer-overflow on address 0xea4cb883 at pc 0x0860830d bp 0xffdcb288 sp 0xffdcb280
WRITE of size 2 at 0xea4cb883 thread T0
SCARINESS: 43 (2-byte-write-heap-buffer-overflow-far-from-bounds)
    #0 0x860830c in bshuf_shuffle_bit_eightelem_sse2 /src/c-blosc2/blosc/bitshuffle-sse2.c:445:29
    #1 0x860830c in bshuf_untrans_bit_elem_sse2 /src/c-blosc2/blosc/bitshuffle-sse2.c:464:11
    #2 0x826ce13 in bitunshuffle /src/c-blosc2/blosc/shuffle.c:454:23
    #3 0x81fdb98 in pipeline_d /src/c-blosc2/blosc/blosc2.c:1151:9
    #4 0x820e307 in blosc_d /src/c-blosc2/blosc/blosc2.c:1447:19
    #5 0x820c7f0 in _blosc_getitem /src/c-blosc2/blosc/blosc2.c:2543:14
    #6 0x820f1eb in blosc2_getitem_ctx /src/c-blosc2/blosc/blosc2.c:2613:12
    #7 0x820eb08 in blosc2_getitem /src/c-blosc2/blosc/blosc2.c:2572:12
    #8 0x8249836 in get_coffset /src/c-blosc2/blosc/frame.c:1716:12
    #9 0x824749d in frame_get_lazychunk /src/c-blosc2/blosc/frame.c:1905:8
    #10 0x825103d in frame_decompress_chunk /src/c-blosc2/blosc/frame.c:2750:8
    #11 0x822fff5 in blosc2_schunk_decompress_chunk /src/c-blosc2/blosc/schunk.c:804:17
    #12 0x81a94a6 in LLVMFuzzerTestOneInput /src/c-blosc2/tests/fuzz/fuzz_decompress_frame.c:38:15
    #13 0x80a37f1 in fuzzer::Fuzzer::ExecuteCallback(unsigned char const*, unsigned int) /src/llvm-project/compiler-rt/lib/fuzzer/FuzzerLoop.cpp:599:15
    #14 0x808dd8e in fuzzer::RunOneTest(fuzzer::Fuzzer*, char const*, unsigned int) /src/llvm-project/compiler-rt/lib/fuzzer/FuzzerDriver.cpp:323:6
    #15 0x8093cb4 in fuzzer::FuzzerDriver(int*, char***, int (*)(unsigned char const*, unsigned int)) /src/llvm-project/compiler-rt/lib/fuzzer/FuzzerDriver.cpp:856:9
    #16 0x80bd497 in main /src/llvm-project/compiler-rt/lib/fuzzer/FuzzerMain.cpp:20:10
    #17 0xefab4646 in __libc_start_main (/lib32/libc.so.6+0x18646)
    #18 0x8068238 in _start (/out/decompress_frame_fuzzer+0x8068238)

DEDUP_TOKEN: bshuf_shuffle_bit_eightelem_sse2--bshuf_untrans_bit_elem_sse2--bitunshuffle
0xea4cb883 is located 31 bytes to the right of 1543503972-byte region [0x8e4cb800,0xea4cb864)
allocated by thread T0 here:
    #0 0x817272c in posix_memalign /src/llvm-project/compiler-rt/lib/asan/asan_malloc_linux.cpp:226:3
    #1 0x820f06f in my_malloc /src/c-blosc2/blosc/blosc2.c:173:9
    #2 0x820f06f in init_thread_context /src/c-blosc2/blosc/blosc2.c:1560:25
    #3 0x820f06f in create_thread_context /src/c-blosc2/blosc/blosc2.c:1592:3
    #4 0x820f06f in blosc2_getitem_ctx /src/c-blosc2/blosc/blosc2.c:2609:31
    #5 0x820eb08 in blosc2_getitem /src/c-blosc2/blosc/blosc2.c:2572:12
    #6 0x8249836 in get_coffset /src/c-blosc2/blosc/frame.c:1716:12
    #7 0x824749d in frame_get_lazychunk /src/c-blosc2/blosc/frame.c:1905:8
    #8 0x825103d in frame_decompress_chunk /src/c-blosc2/blosc/frame.c:2750:8
    #9 0x822fff5 in blosc2_schunk_decompress_chunk /src/c-blosc2/blosc/schunk.c:804:17
    #10 0x81a94a6 in LLVMFuzzerTestOneInput /src/c-blosc2/tests/fuzz/fuzz_decompress_frame.c:38:15
    #11 0x80a37f1 in fuzzer::Fuzzer::ExecuteCallback(unsigned char const*, unsigned int) /src/llvm-project/compiler-rt/lib/fuzzer/FuzzerLoop.cpp:599:15
    #12 0x808dd8e in fuzzer::RunOneTest(fuzzer::Fuzzer*, char const*, unsigned int) /src/llvm-project/compiler-rt/lib/fuzzer/FuzzerDriver.cpp:323:6
    #13 0x8093cb4 in fuzzer::FuzzerDriver(int*, char***, int (*)(unsigned char const*, unsigned int)) /src/llvm-project/compiler-rt/lib/fuzzer/FuzzerDriver.cpp:856:9
    #14 0x80bd497 in main /src/llvm-project/compiler-rt/lib/fuzzer/FuzzerMain.cpp:20:10
    #15 0xefab4646 in __libc_start_main (/lib32/libc.so.6+0x18646)

DEDUP_TOKEN: posix_memalign--my_malloc--init_thread_context
SUMMARY: AddressSanitizer: heap-buffer-overflow /src/c-blosc2/blosc/bitshuffle-sse2.c:445:29 in bshuf_shuffle_bit_eightelem_sse2
Shadow bytes around the buggy address:
  0x3d4996c0: 00 00 00 00 00 00 00 00 00 00 00 00 00 00 00 00
  0x3d4996d0: 00 00 00 00 00 00 00 00 00 00 00 00 00 00 00 00
  0x3d4996e0: 00 00 00 00 00 00 00 00 00 00 00 00 00 00 00 00
  0x3d4996f0: 00 00 00 00 00 00 00 00 00 00 00 00 00 00 00 00
  0x3d499700: 00 00 00 00 00 00 00 00 00 00 00 00 04 fa fa fa
=>0x3d499710:[fa]fa fa fa fa fa fa fa fa fa fa fa fa fa fa fa
  0x3d499720: fa fa fa fa fa fa fa fa fa fa fa fa fa fa fa fa
  0x3d499730: fa fa fa fa fa fa fa fa fa fa fa fa fa fa fa fa
  0x3d499740: fa fa fa fa fa fa fa fa fa fa fa fa fa fa fa fa
  0x3d499750: fa fa fa fa fa fa fa fa fa fa fa fa fa fa fa fa
  0x3d499760: fa fa fa fa fa fa fa fa fa fa fa fa fa fa fa fa
Shadow byte legend (one shadow byte represents 8 application bytes):
  Addressable:           00
  Partially addressable: 01 02 03 04 05 06 07
  Heap left redzone:       fa
  Freed heap region:       fd
  Stack left redzone:      f1
  Stack mid redzone:       f2
  Stack right redzone:     f3
  Stack after return:      f5
  Stack use after scope:   f8
  Global redzone:          f9
  Global init order:       f6
  Poisoned by user:        f7
  Container overflow:      fc
  Array cookie:            ac
  Intra object redzone:    bb
  ASan internal:           fe
  Left alloca redzone:     ca
  Right alloca redzone:    cb
  Shadow gap:              cc
==13==ABORTING