INFO: Running with entropic power schedule (0xFF, 100).
INFO: Seed: 3280346655
INFO: Loaded 1 modules   (40928 inline 8-bit counters): 40928 [0x8747260, 0x8751240),
INFO: Loaded 1 PC tables (40928 PCs): 40928 [0x86a9aa4,0x86f99a4),
/out/decompress_frame_fuzzer: Running 1 inputs 1 time(s) each.
Running: /tmp/poc
=================================================================
==13==ERROR: AddressSanitizer: heap-buffer-overflow on address 0xe5003e30 at pc 0x08171097 bp 0xffa0c548 sp 0xffa0c128
WRITE of size 16 at 0xe5003e30 thread T0
SCARINESS: 45 (multi-byte-write-heap-buffer-overflow)
    #0 0x8171096 in __asan_memcpy /src/llvm-project/compiler-rt/lib/asan/asan_interceptors_memintrinsics.cpp:22:3
    #1 0x85d8a92 in ZSTD_copy16 /src/c-blosc2/internal-complibs/zstd-1.4.8/decompress/../common/zstd_internal.h:257:5
    #2 0x85d8a92 in ZSTD_wildcopy /src/c-blosc2/internal-complibs/zstd-1.4.8/decompress/../common/zstd_internal.h:312:13
    #3 0x85d8a92 in ZSTD_execSequence /src/c-blosc2/internal-complibs/zstd-1.4.8/decompress/zstd_decompress_block.c:848:9
    #4 0x85d8a92 in ZSTD_decompressSequences_body /src/c-blosc2/internal-complibs/zstd-1.4.8/decompress/zstd_decompress_block.c:1184:39
    #5 0x85d8a92 in ZSTD_decompressSequences_default /src/c-blosc2/internal-complibs/zstd-1.4.8/decompress/zstd_decompress_block.c:1230:12
    #6 0x85d8a92 in ZSTD_decompressSequences /src/c-blosc2/internal-complibs/zstd-1.4.8/decompress/zstd_decompress_block.c:1390:10
    #7 0x85d8a92 in ZSTD_decompressBlock_internal /src/c-blosc2/internal-complibs/zstd-1.4.8/decompress/zstd_decompress_block.c:1514:16
    #8 0x85bf093 in ZSTD_decompressFrame /src/c-blosc2/internal-complibs/zstd-1.4.8/decompress/zstd_decompress.c:659:27
    #9 0x85bf093 in ZSTD_decompressMultiFrame /src/c-blosc2/internal-complibs/zstd-1.4.8/decompress/zstd_decompress.c:769:32
    #10 0x85bfc23 in ZSTD_decompress_usingDDict /src/c-blosc2/internal-complibs/zstd-1.4.8/decompress/zstd_decompress.c:1273:12
    #11 0x85bfc23 in ZSTD_decompressDCtx /src/c-blosc2/internal-complibs/zstd-1.4.8/decompress/zstd_decompress.c:824:12
    #12 0x820e07a in zstd_wrap_decompress /src/c-blosc2/blosc/blosc2.c:537:12
    #13 0x820e07a in blosc_d /src/c-blosc2/blosc/blosc2.c:1420:18
    #14 0x820c7f0 in _blosc_getitem /src/c-blosc2/blosc/blosc2.c:2543:14
    #15 0x820f1eb in blosc2_getitem_ctx /src/c-blosc2/blosc/blosc2.c:2613:12
    #16 0x820eb08 in blosc2_getitem /src/c-blosc2/blosc/blosc2.c:2572:12
    #17 0x8249836 in get_coffset /src/c-blosc2/blosc/frame.c:1716:12
    #18 0x824749d in frame_get_lazychunk /src/c-blosc2/blosc/frame.c:1905:8
    #19 0x825103d in frame_decompress_chunk /src/c-blosc2/blosc/frame.c:2750:8
    #20 0x822fff5 in blosc2_schunk_decompress_chunk /src/c-blosc2/blosc/schunk.c:804:17
    #21 0x81a94a6 in LLVMFuzzerTestOneInput /src/c-blosc2/tests/fuzz/fuzz_decompress_frame.c:38:15
    #22 0x80a37f1 in fuzzer::Fuzzer::ExecuteCallback(unsigned char const*, unsigned int) /src/llvm-project/compiler-rt/lib/fuzzer/FuzzerLoop.cpp:599:15
    #23 0x808dd8e in fuzzer::RunOneTest(fuzzer::Fuzzer*, char const*, unsigned int) /src/llvm-project/compiler-rt/lib/fuzzer/FuzzerDriver.cpp:323:6
    #24 0x8093cb4 in fuzzer::FuzzerDriver(int*, char***, int (*)(unsigned char const*, unsigned int)) /src/llvm-project/compiler-rt/lib/fuzzer/FuzzerDriver.cpp:856:9
    #25 0x80bd497 in main /src/llvm-project/compiler-rt/lib/fuzzer/FuzzerMain.cpp:20:10
    #26 0xea43c646 in __libc_start_main (/lib32/libc.so.6+0x18646)
    #27 0x8068238 in _start (/out/decompress_frame_fuzzer+0x8068238)

DEDUP_TOKEN: __asan_memcpy--ZSTD_copy16--ZSTD_wildcopy
0xe5003e30 is located 0 bytes to the right of 176-byte region [0xe5003d80,0xe5003e30)
allocated by thread T0 here:
    #0 0x817272c in posix_memalign /src/llvm-project/compiler-rt/lib/asan/asan_malloc_linux.cpp:226:3
    #1 0x820f06f in my_malloc /src/c-blosc2/blosc/blosc2.c:173:9
    #2 0x820f06f in init_thread_context /src/c-blosc2/blosc/blosc2.c:1560:25
    #3 0x820f06f in create_thread_context /src/c-blosc2/blosc/blosc2.c:1592:3
    #4 0x820f06f in blosc2_getitem_ctx /src/c-blosc2/blosc/blosc2.c:2609:31
    #5 0x820eb08 in blosc2_getitem /src/c-blosc2/blosc/blosc2.c:2572:12
    #6 0x8249836 in get_coffset /src/c-blosc2/blosc/frame.c:1716:12
    #7 0x824749d in frame_get_lazychunk /src/c-blosc2/blosc/frame.c:1905:8
    #8 0x825103d in frame_decompress_chunk /src/c-blosc2/blosc/frame.c:2750:8
    #9 0x822fff5 in blosc2_schunk_decompress_chunk /src/c-blosc2/blosc/schunk.c:804:17
    #10 0x81a94a6 in LLVMFuzzerTestOneInput /src/c-blosc2/tests/fuzz/fuzz_decompress_frame.c:38:15
    #11 0x80a37f1 in fuzzer::Fuzzer::ExecuteCallback(unsigned char const*, unsigned int) /src/llvm-project/compiler-rt/lib/fuzzer/FuzzerLoop.cpp:599:15
    #12 0x808dd8e in fuzzer::RunOneTest(fuzzer::Fuzzer*, char const*, unsigned int) /src/llvm-project/compiler-rt/lib/fuzzer/FuzzerDriver.cpp:323:6
    #13 0x8093cb4 in fuzzer::FuzzerDriver(int*, char***, int (*)(unsigned char const*, unsigned int)) /src/llvm-project/compiler-rt/lib/fuzzer/FuzzerDriver.cpp:856:9
    #14 0x80bd497 in main /src/llvm-project/compiler-rt/lib/fuzzer/FuzzerMain.cpp:20:10
    #15 0xea43c646 in __libc_start_main (/lib32/libc.so.6+0x18646)

DEDUP_TOKEN: posix_memalign--my_malloc--init_thread_context
SUMMARY: AddressSanitizer: heap-buffer-overflow /src/llvm-project/compiler-rt/lib/asan/asan_interceptors_memintrinsics.cpp:22:3 in __asan_memcpy
Shadow bytes around the buggy address:
  0x3ca00770: fa fa fa fa fa fa fa fa fa fa fa fa fa fa fa fa
  0x3ca00780: fa fa fa fa fa fa fa fa fa fa fa fa fa fa fa fa
  0x3ca00790: fa fa fa fa fa fa fa fa fa fa fa fa fa fa fa fa
  0x3ca007a0: fa fa fa fa fa fa fa fa fa fa fa fa fa fa fa fa
  0x3ca007b0: 00 00 00 00 00 00 00 00 00 00 00 00 00 00 00 00
=>0x3ca007c0: 00 00 00 00 00 00[fa]fa fa fa fa fa fa fa fa fa
  0x3ca007d0: fa fa fa fa fa fa fa fa 00 00 00 00 00 00 00 00
  0x3ca007e0: 00 00 00 00 00 00 00 00 00 00 00 00 00 00 00 00
  0x3ca007f0: 00 00 fa fa fa fa fa fa fa fa fa fa fa fa fa fa
  0x3ca00800: fa fa fa fa fa fa fa fa fa fa fa fa fa fa fa fa
  0x3ca00810: fa fa fa fa fa fa fa fa fa fa fa fa fa fa fa fa
Shadow byte legend (one shadow byte represents 8 application bytes):
  Addressable:           00
  Partially addressable: 01 02 03 04 05 06 07
  Heap left redzone:       fa
  Freed heap region:       fd
  Stack left redzone:      f1
  Stack mid redzone:       f2
  Stack right redzone:     f3
  Stack after return:      f5
  Stack use after scope:   f8
  Global redzone:          f9
  Global init order:       f6
  Poisoned by user:        f7
  Container overflow:      fc
  Array cookie:            ac
  Intra object redzone:    bb
  ASan internal:           fe
  Left alloca redzone:     ca
  Right alloca redzone:    cb
  Shadow gap:              cc
==13==ABORTING