INFO: Running with entropic power schedule (0xFF, 100).
INFO: Seed: 103267981
INFO: Loaded 1 modules   (44456 inline 8-bit counters): 44456 [0xdbb840, 0xdc65e8),
INFO: Loaded 1 PC tables (44456 PCs): 44456 [0xab5cd0,0xb63750),
/out/decompress_frame_fuzzer: Running 1 inputs 1 time(s) each.
Running: /tmp/poc
=================================================================
==13==ERROR: AddressSanitizer: heap-buffer-overflow on address 0x61100000024a at pc 0x000000529157 bp 0x7ffc393fabf0 sp 0x7ffc393fa3b8
READ of size 67 at 0x61100000024a thread T0
SCARINESS: 26 (multi-byte-read-heap-buffer-overflow)
    #0 0x529156 in __asan_memcpy /src/llvm-project/compiler-rt/lib/asan/asan_interceptors_memintrinsics.cpp:22:3
    #1 0x5ebdf0 in get_vlmeta_from_trailer /src/c-blosc2/blosc/frame.c:1366:5
    #2 0x5ebdf0 in frame_get_vlmetalayers /src/c-blosc2/blosc/frame.c:1425:9
    #3 0x5ecb57 in frame_to_schunk /src/c-blosc2/blosc/frame.c:1644:8
    #4 0x5dbe42 in blosc2_schunk_from_buffer /src/c-blosc2/blosc/schunk.c:446:27
    #5 0x55daba in LLVMFuzzerTestOneInput /src/c-blosc2/tests/fuzz/fuzz_decompress_frame.c:23:27
    #6 0x4612e1 in fuzzer::Fuzzer::ExecuteCallback(unsigned char const*, unsigned long) /src/llvm-project/compiler-rt/lib/fuzzer/FuzzerLoop.cpp:599:15
    #7 0x44afa2 in fuzzer::RunOneTest(fuzzer::Fuzzer*, char const*, unsigned long) /src/llvm-project/compiler-rt/lib/fuzzer/FuzzerDriver.cpp:323:6
    #8 0x4512f6 in fuzzer::FuzzerDriver(int*, char***, int (*)(unsigned char const*, unsigned long)) /src/llvm-project/compiler-rt/lib/fuzzer/FuzzerDriver.cpp:856:9
    #9 0x47b2e2 in main /src/llvm-project/compiler-rt/lib/fuzzer/FuzzerMain.cpp:20:10
    #10 0x75502d68c83f in __libc_start_main (/lib/x86_64-linux-gnu/libc.so.6+0x2083f)
    #11 0x425968 in _start (/out/decompress_frame_fuzzer+0x425968)

DEDUP_TOKEN: __asan_memcpy--get_vlmeta_from_trailer--frame_get_vlmetalayers
0x61100000024a is located 0 bytes to the right of 202-byte region [0x611000000180,0x61100000024a)
allocated by thread T0 here:
    #0 0x529dad in malloc /src/llvm-project/compiler-rt/lib/asan/asan_malloc_linux.cpp:145:3
    #1 0x43eab7 in operator new(unsigned long) (/out/decompress_frame_fuzzer+0x43eab7)
    #2 0x44afa2 in fuzzer::RunOneTest(fuzzer::Fuzzer*, char const*, unsigned long) /src/llvm-project/compiler-rt/lib/fuzzer/FuzzerDriver.cpp:323:6
    #3 0x4512f6 in fuzzer::FuzzerDriver(int*, char***, int (*)(unsigned char const*, unsigned long)) /src/llvm-project/compiler-rt/lib/fuzzer/FuzzerDriver.cpp:856:9
    #4 0x47b2e2 in main /src/llvm-project/compiler-rt/lib/fuzzer/FuzzerMain.cpp:20:10
    #5 0x75502d68c83f in __libc_start_main (/lib/x86_64-linux-gnu/libc.so.6+0x2083f)

DEDUP_TOKEN: malloc--operator new(unsigned long)--fuzzer::RunOneTest(fuzzer::Fuzzer*, char const*, unsigned long)
SUMMARY: AddressSanitizer: heap-buffer-overflow /src/llvm-project/compiler-rt/lib/asan/asan_interceptors_memintrinsics.cpp:22:3 in __asan_memcpy
Shadow bytes around the buggy address:
  0x0c227fff7ff0: 00 00 00 00 00 00 00 00 00 00 00 00 00 00 00 00
  0x0c227fff8000: fa fa fa fa fa fa fa fa 00 00 00 00 00 00 00 00
  0x0c227fff8010: 00 00 00 00 00 00 00 00 00 00 00 00 00 00 00 00
  0x0c227fff8020: 00 02 fa fa fa fa fa fa fa fa fa fa fa fa fa fa
  0x0c227fff8030: 00 00 00 00 00 00 00 00 00 00 00 00 00 00 00 00
=>0x0c227fff8040: 00 00 00 00 00 00 00 00 00[02]fa fa fa fa fa fa
  0x0c227fff8050: fa fa fa fa fa fa fa fa fa fa fa fa fa fa fa fa
  0x0c227fff8060: fa fa fa fa fa fa fa fa fa fa fa fa fa fa fa fa
  0x0c227fff8070: fa fa fa fa fa fa fa fa fa fa fa fa fa fa fa fa
  0x0c227fff8080: fa fa fa fa fa fa fa fa fa fa fa fa fa fa fa fa
  0x0c227fff8090: fa fa fa fa fa fa fa fa fa fa fa fa fa fa fa fa
Shadow byte legend (one shadow byte represents 8 application bytes):
  Addressable:           00
  Partially addressable: 01 02 03 04 05 06 07
  Heap left redzone:       fa
  Freed heap region:       fd
  Stack left redzone:      f1
  Stack mid redzone:       f2
  Stack right redzone:     f3
  Stack after return:      f5
  Stack use after scope:   f8
  Global redzone:          f9
  Global init order:       f6
  Poisoned by user:        f7
  Container overflow:      fc
  Array cookie:            ac
  Intra object redzone:    bb
  ASan internal:           fe
  Left alloca redzone:     ca
  Right alloca redzone:    cb
  Shadow gap:              cc
==13==ABORTING