INFO: Running with entropic power schedule (0xFF, 100).
INFO: Seed: 413596638
INFO: Loaded 1 modules   (19157 inline 8-bit counters): 19157 [0x862b424, 0x862fef9),
INFO: Loaded 1 PC tables (19157 PCs): 19157 [0x862fefc,0x86555a4),
/out/tiff_read_rgba_fuzzer: Running 1 inputs 1 time(s) each.
Running: /tmp/poc
=================================================================
==13==ERROR: AddressSanitizer: heap-buffer-overflow on address 0xebc00f92 at pc 0x084350ce bp 0xffcb2f28 sp 0xffcb2f20
READ of size 1 at 0xebc00f92 thread T0
SCARINESS: 22 (1-byte-read-heap-buffer-overflow-far-from-bounds)
    #0 0x84350cd in decode_mcu_fast /src/libjpeg-turbo/jdhuff.c:693:9
    #1 0x84350cd in decode_mcu /src/libjpeg-turbo/jdhuff.c:782:12
    #2 0x840613d in decompress_onepass /src/libjpeg-turbo/jdcoefct.c:107:12
    #3 0x843a376 in process_data_simple_main /src/libjpeg-turbo/jdmainct.c:300:10
    #4 0x833eb4d in jpeg_read_scanlines /src/libjpeg-turbo/jdapistd.c:287:3
    #5 0x82b6c51 in jpeg_read_scanlines_encap /src/libtiff/libtiff/tif_ojpeg.c:2496:3
    #6 0x82b432f in OJPEGPreDecodeSkipScanlines /src/libtiff/libtiff/tif_ojpeg.c:781:7
    #7 0x82a53b0 in OJPEGPreDecode /src/libtiff/libtiff/tif_ojpeg.c:721:8
    #8 0x8241545 in TIFFStartTile /src/libtiff/libtiff/tif_read.c:1404:10
    #9 0x823fdd7 in TIFFFillTile /src/libtiff/libtiff/tif_read.c:1266:10
    #10 0x823f324 in TIFFReadEncodedTile /src/libtiff/libtiff/tif_read.c:949:6
    #11 0x823f147 in TIFFReadTile /src/libtiff/libtiff/tif_read.c:904:10
    #12 0x823375e in gtTileSeparate /src/libtiff/libtiff/tif_getimage.c:853:32
    #13 0x8219bf3 in TIFFRGBAImageGet /src/libtiff/libtiff/tif_getimage.c:512:12
    #14 0x8219efb in TIFFReadRGBAImageOriented /src/libtiff/libtiff/tif_getimage.c:531:8
    #15 0x821a05b in TIFFReadRGBAImage /src/libtiff/libtiff/tif_getimage.c:549:9
    #16 0x81d23aa in LLVMFuzzerTestOneInput /src/libtiff/contrib/oss-fuzz/tiff_read_rgba_fuzzer.cc:94:7
    #17 0x80cbc0e in fuzzer::Fuzzer::ExecuteCallback(unsigned char const*, unsigned int) /src/llvm-project/compiler-rt/lib/fuzzer/FuzzerLoop.cpp:599:15
    #18 0x80b59fe in fuzzer::RunOneTest(fuzzer::Fuzzer*, char const*, unsigned int) /src/llvm-project/compiler-rt/lib/fuzzer/FuzzerDriver.cpp:323:6
    #19 0x80bb9b9 in fuzzer::FuzzerDriver(int*, char***, int (*)(unsigned char const*, unsigned int)) /src/llvm-project/compiler-rt/lib/fuzzer/FuzzerDriver.cpp:856:9
    #20 0x80e71c7 in main /src/llvm-project/compiler-rt/lib/fuzzer/FuzzerMain.cpp:20:10
    #21 0xf2001646 in __libc_start_main (/lib32/libc.so.6+0x18646)
    #22 0x8090121 in _start (/out/tiff_read_rgba_fuzzer+0x8090121)

DEDUP_TOKEN: decode_mcu_fast--decode_mcu--decompress_onepass
Address 0xebc00f92 is a wild pointer.
SUMMARY: AddressSanitizer: heap-buffer-overflow /src/libjpeg-turbo/jdhuff.c:693:9 in decode_mcu_fast
Shadow bytes around the buggy address:
  0x3d7801a0: fa fa fa fa fa fa fa fa fa fa fa fa fa fa fa fa
  0x3d7801b0: fa fa fa fa fa fa fa fa fa fa fa fa fa fa fa fa
  0x3d7801c0: fa fa fa fa fa fa fa fa fa fa fa fa fa fa fa fa
  0x3d7801d0: fa fa fa fa fa fa fa fa fa fa fa fa fa fa fa fa
  0x3d7801e0: fa fa fa fa fa fa fa fa fa fa fa fa fa fa fa fa
=>0x3d7801f0: fa fa[fa]fa fa fa fa fa fa fa fa fa fa fa fa fa
  0x3d780200: fa fa fa fa fa fa fa fa fa fa fa fa fa fa fa fa
  0x3d780210: fa fa fa fa fa fa fa fa fa fa fa fa fa fa fa fa
  0x3d780220: fa fa fa fa fa fa fa fa fa fa fa fa fa fa fa fa
  0x3d780230: fa fa fa fa fa fa fa fa fa fa fa fa fa fa fa fa
  0x3d780240: fa fa fa fa fa fa fa fa fa fa fa fa fa fa fa fa
Shadow byte legend (one shadow byte represents 8 application bytes):
  Addressable:           00
  Partially addressable: 01 02 03 04 05 06 07
  Heap left redzone:       fa
  Freed heap region:       fd
  Stack left redzone:      f1
  Stack mid redzone:       f2
  Stack right redzone:     f3
  Stack after return:      f5
  Stack use after scope:   f8
  Global redzone:          f9
  Global init order:       f6
  Poisoned by user:        f7
  Container overflow:      fc
  Array cookie:            ac
  Intra object redzone:    bb
  ASan internal:           fe
  Left alloca redzone:     ca
  Right alloca redzone:    cb
  Shadow gap:              cc
==13==ABORTING