INFO: Running with entropic power schedule (0xFF, 100).
INFO: Seed: 200091774
INFO: Loaded 1 modules   (47933 inline 8-bit counters): 47933 [0xf8b960, 0xf9749d),
INFO: Loaded 1 PC tables (47933 PCs): 47933 [0xbb7a28,0xc72df8),
/out/ffmpeg_AV_CODEC_ID_AMV_fuzzer: Running 1 inputs 1 time(s) each.
Running: /tmp/poc
=================================================================
==13==ERROR: AddressSanitizer: heap-buffer-overflow on address 0x621000003ae0 at pc 0x00000054325c bp 0x7ffee4e31c10 sp 0x7ffee4e313d8
WRITE of size 5924 at 0x621000003ae0 thread T0
SCARINESS: 45 (multi-byte-write-heap-buffer-overflow)
    #0 0x54325b in __asan_memset /src/llvm-project/compiler-rt/lib/asan/asan_interceptors_memintrinsics.cpp:26:3
    #1 0x785377 in ff_jpegls_decode_picture /src/ffmpeg/libavcodec/jpeglsdec.c:369:5
    #2 0x5ac2bf in ff_mjpeg_decode_sos /src/ffmpeg/libavcodec/mjpegdec.c:1752:24
    #3 0x5b671f in ff_mjpeg_receive_frame /src/ffmpeg/libavcodec/mjpegdec.c:2600:24
    #4 0x58cdb6 in decode_receive_frame_internal /src/ffmpeg/libavcodec/decode.c:542:15
    #5 0x58cbf2 in avcodec_send_packet /src/ffmpeg/libavcodec/decode.c:608:15
    #6 0x5791cc in LLVMFuzzerTestOneInput /src/ffmpeg/tools/target_dec_fuzzer.c:361:25
    #7 0x47a263 in fuzzer::Fuzzer::ExecuteCallback(unsigned char const*, unsigned long) /src/llvm-project/compiler-rt/lib/fuzzer/FuzzerLoop.cpp:599:15
    #8 0x464072 in fuzzer::RunOneTest(fuzzer::Fuzzer*, char const*, unsigned long) /src/llvm-project/compiler-rt/lib/fuzzer/FuzzerDriver.cpp:323:6
    #9 0x469eba in fuzzer::FuzzerDriver(int*, char***, int (*)(unsigned char const*, unsigned long)) /src/llvm-project/compiler-rt/lib/fuzzer/FuzzerDriver.cpp:856:9
    #10 0x495ba2 in main /src/llvm-project/compiler-rt/lib/fuzzer/FuzzerMain.cpp:20:10
    #11 0x7a56890bc83f in __libc_start_main (/lib/x86_64-linux-gnu/libc.so.6+0x2083f)
    #12 0x43ed58 in _start (/out/ffmpeg_AV_CODEC_ID_AMV_fuzzer+0x43ed58)

DEDUP_TOKEN: __asan_memset--ff_jpegls_decode_picture--ff_mjpeg_decode_sos
0x621000003ae0 is located 0 bytes to the right of 4576-byte region [0x621000002900,0x621000003ae0)
allocated by thread T0 here:
    #0 0x544607 in posix_memalign /src/llvm-project/compiler-rt/lib/asan/asan_malloc_linux.cpp:226:3
    #1 0xa174a5 in av_malloc /src/ffmpeg/libavutil/mem.c:86:9
    #2 0xa17dc9 in av_mallocz /src/ffmpeg/libavutil/mem.c:239:17
    #3 0x5c294c in init_context_defaults /src/ffmpeg/libavcodec/options.c:143:24
    #4 0x5c2d2e in avcodec_alloc_context3 /src/ffmpeg/libavcodec/options.c:177:9
    #5 0x577941 in LLVMFuzzerTestOneInput /src/ffmpeg/tools/target_dec_fuzzer.c:211:27
    #6 0x47a263 in fuzzer::Fuzzer::ExecuteCallback(unsigned char const*, unsigned long) /src/llvm-project/compiler-rt/lib/fuzzer/FuzzerLoop.cpp:599:15
    #7 0x464072 in fuzzer::RunOneTest(fuzzer::Fuzzer*, char const*, unsigned long) /src/llvm-project/compiler-rt/lib/fuzzer/FuzzerDriver.cpp:323:6
    #8 0x469eba in fuzzer::FuzzerDriver(int*, char***, int (*)(unsigned char const*, unsigned long)) /src/llvm-project/compiler-rt/lib/fuzzer/FuzzerDriver.cpp:856:9
    #9 0x495ba2 in main /src/llvm-project/compiler-rt/lib/fuzzer/FuzzerMain.cpp:20:10
    #10 0x7a56890bc83f in __libc_start_main (/lib/x86_64-linux-gnu/libc.so.6+0x2083f)

DEDUP_TOKEN: posix_memalign--av_malloc--av_mallocz
SUMMARY: AddressSanitizer: heap-buffer-overflow /src/llvm-project/compiler-rt/lib/asan/asan_interceptors_memintrinsics.cpp:26:3 in __asan_memset
Shadow bytes around the buggy address:
  0x0c427fff8700: 00 00 00 00 00 00 00 00 00 00 00 00 00 00 00 00
  0x0c427fff8710: 00 00 00 00 00 00 00 00 00 00 00 00 00 00 00 00
  0x0c427fff8720: 00 00 00 00 00 00 00 00 00 00 00 00 00 00 00 00
  0x0c427fff8730: 00 00 00 00 00 00 00 00 00 00 00 00 00 00 00 00
  0x0c427fff8740: 00 00 00 00 00 00 00 00 00 00 00 00 00 00 00 00
=>0x0c427fff8750: 00 00 00 00 00 00 00 00 00 00 00 00[fa]fa fa fa
  0x0c427fff8760: fa fa fa fa fa fa fa fa fa fa fa fa fa fa fa fa
  0x0c427fff8770: fa fa fa fa fa fa fa fa fa fa fa fa fa fa fa fa
  0x0c427fff8780: fa fa fa fa fa fa fa fa fa fa fa fa fa fa fa fa
  0x0c427fff8790: fa fa fa fa fa fa fa fa fa fa fa fa fa fa fa fa
  0x0c427fff87a0: fd fd fd fd fd fd fd fd fd fd fd fd fd fd fd fd
Shadow byte legend (one shadow byte represents 8 application bytes):
  Addressable:           00
  Partially addressable: 01 02 03 04 05 06 07
  Heap left redzone:       fa
  Freed heap region:       fd
  Stack left redzone:      f1
  Stack mid redzone:       f2
  Stack right redzone:     f3
  Stack after return:      f5
  Stack use after scope:   f8
  Global redzone:          f9
  Global init order:       f6
  Poisoned by user:        f7
  Container overflow:      fc
  Array cookie:            ac
  Intra object redzone:    bb
  ASan internal:           fe
  Left alloca redzone:     ca
  Right alloca redzone:    cb
  Shadow gap:              cc
==13==ABORTING