Unable to find image 'n132/arvo:33402-vul' locally
33402-vul: Pulling from n132/arvo
4007a89234b4: Already exists
c1de0f9cdfc1: Pulling fs layer
c8ee6ca703b8: Pulling fs layer
b39e2761d3d4: Pulling fs layer
4bbd1b1e9dea: Pulling fs layer
3f36bec93795: Pulling fs layer
505ac307577b: Pulling fs layer
aa20c5b8ff6e: Pulling fs layer
353d46de7706: Pulling fs layer
5e1d8be230be: Pulling fs layer
a493c99e3a65: Pulling fs layer
604f283a5601: Pulling fs layer
d42f9f066f5f: Pulling fs layer
6deed19b4e24: Pulling fs layer
585b5d76df14: Pulling fs layer
dd6815052762: Pulling fs layer
b28d799b7493: Pulling fs layer
7f6938d2bddf: Pulling fs layer
d22ec5c1d8c2: Pulling fs layer
6ccebb8675e0: Pulling fs layer
e937e5dfd8e3: Pulling fs layer
57c9796c05f3: Pulling fs layer
3a8f9a6337d0: Pulling fs layer
6b748171b2a1: Pulling fs layer
94351f0a6656: Pulling fs layer
09ae202e483b: Pulling fs layer
91a331d8b24e: Pulling fs layer
604f283a5601: Waiting
353d46de7706: Waiting
d42f9f066f5f: Waiting
5e1d8be230be: Waiting
9beee084915f: Pulling fs layer
6deed19b4e24: Waiting
a493c99e3a65: Waiting
585b5d76df14: Waiting
5931a2477e67: Pulling fs layer
5c9ce66f2a3a: Pulling fs layer
4bbd1b1e9dea: Waiting
d4eda1a5ade4: Pulling fs layer
ef0a1980a3d9: Pulling fs layer
72df508ca98f: Pulling fs layer
3f36bec93795: Waiting
c3ad8dcc57d8: Pulling fs layer
d2ecdd5ffa99: Pulling fs layer
505ac307577b: Waiting
09ae202e483b: Waiting
94c0192c7f05: Pulling fs layer
91a331d8b24e: Waiting
e20f919b921f: Pulling fs layer
5931a2477e67: Waiting
5c9ce66f2a3a: Waiting
dd6815052762: Waiting
d4eda1a5ade4: Waiting
bc60d51e1844: Pulling fs layer
b28d799b7493: Waiting
2dc0053d122b: Pulling fs layer
7f6938d2bddf: Waiting
9beee084915f: Waiting
893818a5c77f: Pulling fs layer
d22ec5c1d8c2: Waiting
ef0a1980a3d9: Waiting
4d34149cd88d: Pulling fs layer
72df508ca98f: Waiting
6b748171b2a1: Waiting
aa20c5b8ff6e: Waiting
94351f0a6656: Waiting
87fe3dd78ab6: Pulling fs layer
6ccebb8675e0: Waiting
bec2e7df3292: Pulling fs layer
e937e5dfd8e3: Waiting
c3ad8dcc57d8: Waiting
3a8f9a6337d0: Waiting
20d0a1126744: Pulling fs layer
57c9796c05f3: Waiting
d2ecdd5ffa99: Waiting
e20f919b921f: Waiting
3417d2e4db64: Pulling fs layer
893818a5c77f: Waiting
4d34149cd88d: Waiting
bc60d51e1844: Waiting
2dc0053d122b: Waiting
6d5c1621ba7c: Pulling fs layer
87fe3dd78ab6: Waiting
9176257ad960: Pulling fs layer
20d0a1126744: Waiting
bec2e7df3292: Waiting
4c7293a1d807: Pulling fs layer
6d5c1621ba7c: Waiting
3417d2e4db64: Waiting
290a20f8e884: Pulling fs layer
9176257ad960: Waiting
4c7293a1d807: Waiting
e94cf76bc335: Pulling fs layer
290a20f8e884: Waiting
86464244125a: Pulling fs layer
e94cf76bc335: Waiting
67c7f521b059: Pulling fs layer
2c042e13d142: Pulling fs layer
3b1e302a2008: Pulling fs layer
67c7f521b059: Waiting
2c042e13d142: Waiting
86464244125a: Waiting
3b1e302a2008: Waiting
b39e2761d3d4: Verifying Checksum
b39e2761d3d4: Download complete
c8ee6ca703b8: Download complete
c1de0f9cdfc1: Verifying Checksum
c1de0f9cdfc1: Download complete
c1de0f9cdfc1: Pull complete
c8ee6ca703b8: Pull complete
b39e2761d3d4: Pull complete
3f36bec93795: Download complete
aa20c5b8ff6e: Verifying Checksum
aa20c5b8ff6e: Download complete
4bbd1b1e9dea: Download complete
505ac307577b: Verifying Checksum
505ac307577b: Download complete
5e1d8be230be: Download complete
4bbd1b1e9dea: Pull complete
3f36bec93795: Pull complete
604f283a5601: Verifying Checksum
604f283a5601: Download complete
505ac307577b: Pull complete
aa20c5b8ff6e: Pull complete
d42f9f066f5f: Verifying Checksum
d42f9f066f5f: Download complete
353d46de7706: Verifying Checksum
353d46de7706: Download complete
585b5d76df14: Verifying Checksum
585b5d76df14: Download complete
a493c99e3a65: Verifying Checksum
a493c99e3a65: Download complete
b28d799b7493: Verifying Checksum
b28d799b7493: Download complete
7f6938d2bddf: Download complete
353d46de7706: Pull complete
5e1d8be230be: Pull complete
d22ec5c1d8c2: Download complete
6deed19b4e24: Verifying Checksum
6deed19b4e24: Download complete
e937e5dfd8e3: Verifying Checksum
e937e5dfd8e3: Download complete
dd6815052762: Verifying Checksum
dd6815052762: Download complete
6ccebb8675e0: Verifying Checksum
6ccebb8675e0: Download complete
6b748171b2a1: Verifying Checksum
6b748171b2a1: Download complete
3a8f9a6337d0: Verifying Checksum
3a8f9a6337d0: Download complete
57c9796c05f3: Verifying Checksum
57c9796c05f3: Download complete
09ae202e483b: Verifying Checksum
09ae202e483b: Download complete
91a331d8b24e: Verifying Checksum
91a331d8b24e: Download complete
a493c99e3a65: Pull complete
9beee084915f: Verifying Checksum
9beee084915f: Download complete
94351f0a6656: Verifying Checksum
94351f0a6656: Download complete
5c9ce66f2a3a: Verifying Checksum
5c9ce66f2a3a: Download complete
d4eda1a5ade4: Download complete
ef0a1980a3d9: Download complete
5931a2477e67: Verifying Checksum
5931a2477e67: Download complete
604f283a5601: Pull complete
d42f9f066f5f: Pull complete
d2ecdd5ffa99: Verifying Checksum
d2ecdd5ffa99: Download complete
72df508ca98f: Verifying Checksum
72df508ca98f: Download complete
94c0192c7f05: Verifying Checksum
e20f919b921f: Verifying Checksum
e20f919b921f: Download complete
bc60d51e1844: Verifying Checksum
bc60d51e1844: Download complete
2dc0053d122b: Download complete
893818a5c77f: Download complete
4d34149cd88d: Verifying Checksum
4d34149cd88d: Download complete
87fe3dd78ab6: Verifying Checksum
87fe3dd78ab6: Download complete
6deed19b4e24: Pull complete
bec2e7df3292: Download complete
20d0a1126744: Verifying Checksum
20d0a1126744: Download complete
3417d2e4db64: Verifying Checksum
3417d2e4db64: Download complete
c3ad8dcc57d8: Verifying Checksum
c3ad8dcc57d8: Download complete
9176257ad960: Download complete
4c7293a1d807: Verifying Checksum
4c7293a1d807: Download complete
e94cf76bc335: Verifying Checksum
e94cf76bc335: Download complete
290a20f8e884: Verifying Checksum
290a20f8e884: Download complete
585b5d76df14: Pull complete
67c7f521b059: Verifying Checksum
67c7f521b059: Download complete
86464244125a: Verifying Checksum
86464244125a: Download complete
3b1e302a2008: Verifying Checksum
3b1e302a2008: Download complete
6d5c1621ba7c: Verifying Checksum
6d5c1621ba7c: Download complete
dd6815052762: Pull complete
b28d799b7493: Pull complete
7f6938d2bddf: Pull complete
d22ec5c1d8c2: Pull complete
6ccebb8675e0: Pull complete
e937e5dfd8e3: Pull complete
57c9796c05f3: Pull complete
3a8f9a6337d0: Pull complete
6b748171b2a1: Pull complete
94351f0a6656: Pull complete
09ae202e483b: Pull complete
91a331d8b24e: Pull complete
9beee084915f: Pull complete
5931a2477e67: Pull complete
5c9ce66f2a3a: Pull complete
d4eda1a5ade4: Pull complete
ef0a1980a3d9: Pull complete
72df508ca98f: Pull complete
c3ad8dcc57d8: Pull complete
d2ecdd5ffa99: Pull complete
94c0192c7f05: Pull complete
e20f919b921f: Pull complete
bc60d51e1844: Pull complete
2dc0053d122b: Pull complete
893818a5c77f: Pull complete
4d34149cd88d: Pull complete
87fe3dd78ab6: Pull complete
bec2e7df3292: Pull complete
20d0a1126744: Pull complete
3417d2e4db64: Pull complete
6d5c1621ba7c: Pull complete
9176257ad960: Pull complete
4c7293a1d807: Pull complete
290a20f8e884: Pull complete
e94cf76bc335: Pull complete
86464244125a: Pull complete
67c7f521b059: Pull complete
2c042e13d142: Verifying Checksum
2c042e13d142: Download complete
2c042e13d142: Pull complete
3b1e302a2008: Pull complete
Digest: sha256:6b172950cdcaa8cb464af83778fbf759a1e852afe62f55cf5b2c53431c49ad6d
Status: Downloaded newer image for n132/arvo:33402-vul
INFO: Running with entropic power schedule (0xFF, 100).
INFO: Seed: 1061187802
INFO: Loaded 1 modules   (47933 inline 8-bit counters): 47933 [0xf8b960, 0xf9749d), 
INFO: Loaded 1 PC tables (47933 PCs): 47933 [0xbb7a28,0xc72df8), 
/out/ffmpeg_AV_CODEC_ID_AMV_fuzzer: Running 1 inputs 1 time(s) each.
Running: /tmp/poc
=================================================================
==7==ERROR: AddressSanitizer: heap-buffer-overflow on address 0x621000003ae0 at pc 0x00000054325c bp 0x7fffad7d3010 sp 0x7fffad7d27d8
WRITE of size 5924 at 0x621000003ae0 thread T0
SCARINESS: 45 (multi-byte-write-heap-buffer-overflow)
    #0 0x54325b in __asan_memset /src/llvm-project/compiler-rt/lib/asan/asan_interceptors_memintrinsics.cpp:26:3
    #1 0x785377 in ff_jpegls_decode_picture /src/ffmpeg/libavcodec/jpeglsdec.c:369:5
    #2 0x5ac2bf in ff_mjpeg_decode_sos /src/ffmpeg/libavcodec/mjpegdec.c:1752:24
    #3 0x5b671f in ff_mjpeg_receive_frame /src/ffmpeg/libavcodec/mjpegdec.c:2600:24
    #4 0x58cdb6 in decode_receive_frame_internal /src/ffmpeg/libavcodec/decode.c:542:15
    #5 0x58cbf2 in avcodec_send_packet /src/ffmpeg/libavcodec/decode.c:608:15
    #6 0x5791cc in LLVMFuzzerTestOneInput /src/ffmpeg/tools/target_dec_fuzzer.c:361:25
    #7 0x47a263 in fuzzer::Fuzzer::ExecuteCallback(unsigned char const*, unsigned long) /src/llvm-project/compiler-rt/lib/fuzzer/FuzzerLoop.cpp:599:15
    #8 0x464072 in fuzzer::RunOneTest(fuzzer::Fuzzer*, char const*, unsigned long) /src/llvm-project/compiler-rt/lib/fuzzer/FuzzerDriver.cpp:323:6
    #9 0x469eba in fuzzer::FuzzerDriver(int*, char***, int (*)(unsigned char const*, unsigned long)) /src/llvm-project/compiler-rt/lib/fuzzer/FuzzerDriver.cpp:856:9
    #10 0x495ba2 in main /src/llvm-project/compiler-rt/lib/fuzzer/FuzzerMain.cpp:20:10
    #11 0x78598f2f083f in __libc_start_main (/lib/x86_64-linux-gnu/libc.so.6+0x2083f)
    #12 0x43ed58 in _start (/out/ffmpeg_AV_CODEC_ID_AMV_fuzzer+0x43ed58)

DEDUP_TOKEN: __asan_memset--ff_jpegls_decode_picture--ff_mjpeg_decode_sos
0x621000003ae0 is located 0 bytes to the right of 4576-byte region [0x621000002900,0x621000003ae0)
allocated by thread T0 here:
    #0 0x544607 in posix_memalign /src/llvm-project/compiler-rt/lib/asan/asan_malloc_linux.cpp:226:3
    #1 0xa174a5 in av_malloc /src/ffmpeg/libavutil/mem.c:86:9
    #2 0xa17dc9 in av_mallocz /src/ffmpeg/libavutil/mem.c:239:17
    #3 0x5c294c in init_context_defaults /src/ffmpeg/libavcodec/options.c:143:24
    #4 0x5c2d2e in avcodec_alloc_context3 /src/ffmpeg/libavcodec/options.c:177:9
    #5 0x577941 in LLVMFuzzerTestOneInput /src/ffmpeg/tools/target_dec_fuzzer.c:211:27
    #6 0x47a263 in fuzzer::Fuzzer::ExecuteCallback(unsigned char const*, unsigned long) /src/llvm-project/compiler-rt/lib/fuzzer/FuzzerLoop.cpp:599:15
    #7 0x464072 in fuzzer::RunOneTest(fuzzer::Fuzzer*, char const*, unsigned long) /src/llvm-project/compiler-rt/lib/fuzzer/FuzzerDriver.cpp:323:6
    #8 0x469eba in fuzzer::FuzzerDriver(int*, char***, int (*)(unsigned char const*, unsigned long)) /src/llvm-project/compiler-rt/lib/fuzzer/FuzzerDriver.cpp:856:9
    #9 0x495ba2 in main /src/llvm-project/compiler-rt/lib/fuzzer/FuzzerMain.cpp:20:10
    #10 0x78598f2f083f in __libc_start_main (/lib/x86_64-linux-gnu/libc.so.6+0x2083f)

DEDUP_TOKEN: posix_memalign--av_malloc--av_mallocz
SUMMARY: AddressSanitizer: heap-buffer-overflow /src/llvm-project/compiler-rt/lib/asan/asan_interceptors_memintrinsics.cpp:26:3 in __asan_memset
Shadow bytes around the buggy address:
  0x0c427fff8700: 00 00 00 00 00 00 00 00 00 00 00 00 00 00 00 00
  0x0c427fff8710: 00 00 00 00 00 00 00 00 00 00 00 00 00 00 00 00
  0x0c427fff8720: 00 00 00 00 00 00 00 00 00 00 00 00 00 00 00 00
  0x0c427fff8730: 00 00 00 00 00 00 00 00 00 00 00 00 00 00 00 00
  0x0c427fff8740: 00 00 00 00 00 00 00 00 00 00 00 00 00 00 00 00
=>0x0c427fff8750: 00 00 00 00 00 00 00 00 00 00 00 00[fa]fa fa fa
  0x0c427fff8760: fa fa fa fa fa fa fa fa fa fa fa fa fa fa fa fa
  0x0c427fff8770: fa fa fa fa fa fa fa fa fa fa fa fa fa fa fa fa
  0x0c427fff8780: fa fa fa fa fa fa fa fa fa fa fa fa fa fa fa fa
  0x0c427fff8790: fa fa fa fa fa fa fa fa fa fa fa fa fa fa fa fa
  0x0c427fff87a0: fd fd fd fd fd fd fd fd fd fd fd fd fd fd fd fd
Shadow byte legend (one shadow byte represents 8 application bytes):
  Addressable:           00
  Partially addressable: 01 02 03 04 05 06 07 
  Heap left redzone:       fa
  Freed heap region:       fd
  Stack left redzone:      f1
  Stack mid redzone:       f2
  Stack right redzone:     f3
  Stack after return:      f5
  Stack use after scope:   f8
  Global redzone:          f9
  Global init order:       f6
  Poisoned by user:        f7
  Container overflow:      fc
  Array cookie:            ac
  Intra object redzone:    bb
  ASan internal:           fe
  Left alloca redzone:     ca
  Right alloca redzone:    cb
  Shadow gap:              cc
==7==ABORTING
