INFO: Running with entropic power schedule (0xFF, 100).
INFO: Seed: 1805715568
INFO: Loaded 1 modules   (919 inline 8-bit counters): 919 [0x6599c8, 0x659d5f), 
INFO: Loaded 1 PC tables (919 PCs): 919 [0x604ad8,0x608448), 
/out/fuzzer-parse_msgpack: Running 1 inputs 1 time(s) each.
Running: /tmp/poc
=================================================================
==7==ERROR: AddressSanitizer: heap-buffer-overflow on address 0x6020000000d1 at pc 0x0000004e18d5 bp 0x7ffc99ba7350 sp 0x7ffc99ba7348
READ of size 1 at 0x6020000000d1 thread T0
SCARINESS: 12 (1-byte-read-heap-buffer-overflow)
    #0 0x4e18d4 in nlohmann::basic_json<std::__1::map, std::__1::vector, std::__1::basic_string<char, std::__1::char_traits<char>, std::__1::allocator<char> >, bool, long, unsigned long, double, std::__1::allocator>::from_msgpack_internal(std::__1::vector<unsigned char, std::__1::allocator<unsigned char> > const&, unsigned long&) /src/json/src/json.hpp:6916:13
    #1 0x4e06d3 in nlohmann::basic_json<std::__1::map, std::__1::vector, std::__1::basic_string<char, std::__1::char_traits<char>, std::__1::allocator<char> >, bool, long, unsigned long, double, std::__1::allocator>::from_msgpack_internal(std::__1::vector<unsigned char, std::__1::allocator<unsigned char> > const&, unsigned long&) /src/json/src/json.hpp:6928:39
    #2 0x4de31f in from_msgpack /src/json/src/json.hpp:7672:16
    #3 0x4de31f in LLVMFuzzerTestOneInput /src/json/./test/src/fuzzer-parse_msgpack.cpp:34:19
    #4 0x50dba3 in fuzzer::Fuzzer::ExecuteCallback(unsigned char const*, unsigned long) /src/llvm-project/compiler-rt/lib/fuzzer/FuzzerLoop.cpp:611:15
    #5 0x4f9302 in fuzzer::RunOneTest(fuzzer::Fuzzer*, char const*, unsigned long) /src/llvm-project/compiler-rt/lib/fuzzer/FuzzerDriver.cpp:324:6
    #6 0x4febac in fuzzer::FuzzerDriver(int*, char***, int (*)(unsigned char const*, unsigned long)) /src/llvm-project/compiler-rt/lib/fuzzer/FuzzerDriver.cpp:860:9
    #7 0x5280e2 in main /src/llvm-project/compiler-rt/lib/fuzzer/FuzzerMain.cpp:20:10
    #8 0x7a836edd0082 in __libc_start_main (/lib/x86_64-linux-gnu/libc.so.6+0x24082) (BuildId: 87b331c034a6458c64ce09c03939e947212e18ce)
    #9 0x41f74d in _start (/out/fuzzer-parse_msgpack+0x41f74d)

DEDUP_TOKEN: nlohmann::basic_json<std::__1::map, std::__1::vector, std::__1::basic_string<char, std::__1::char_traits<char>, std::__1::allocator<char> >, bool, long, unsigned long, double, std::__1::allocator>::from_msgpack_internal(std::__1::vector<unsigned char, std::__1::allocator<unsigned char> > const&, unsigned long&)--nlohmann::basic_json<std::__1::map, std::__1::vector, std::__1::basic_string<char, std::__1::char_traits<char>, std::__1::allocator<char> >, bool, long, unsigned long, double, std::__1::allocator>::from_msgpack_internal(std::__1::vector<unsigned char, std::__1::allocator<unsigned char> > const&, unsigned long&)--from_msgpack
0x6020000000d1 is located 0 bytes to the right of 1-byte region [0x6020000000d0,0x6020000000d1)
allocated by thread T0 here:
    #0 0x4db9cd in operator new(unsigned long) /src/llvm-project/compiler-rt/lib/asan/asan_new_delete.cpp:95:3
    #1 0x4de111 in __libcpp_operator_new<unsigned long> /usr/local/bin/../include/c++/v1/new:245:10
    #2 0x4de111 in __libcpp_allocate /usr/local/bin/../include/c++/v1/new:271:10
    #3 0x4de111 in allocate /usr/local/bin/../include/c++/v1/__memory/allocator.h:105:38
    #4 0x4de111 in allocate /usr/local/bin/../include/c++/v1/__memory/allocator_traits.h:262:20
    #5 0x4de111 in __vallocate /usr/local/bin/../include/c++/v1/vector:931:37
    #6 0x4de111 in vector<const unsigned char *> /usr/local/bin/../include/c++/v1/vector:1135:9
    #7 0x4de111 in LLVMFuzzerTestOneInput /src/json/./test/src/fuzzer-parse_msgpack.cpp:33:30
    #8 0x50dba3 in fuzzer::Fuzzer::ExecuteCallback(unsigned char const*, unsigned long) /src/llvm-project/compiler-rt/lib/fuzzer/FuzzerLoop.cpp:611:15
    #9 0x4f9302 in fuzzer::RunOneTest(fuzzer::Fuzzer*, char const*, unsigned long) /src/llvm-project/compiler-rt/lib/fuzzer/FuzzerDriver.cpp:324:6
    #10 0x4febac in fuzzer::FuzzerDriver(int*, char***, int (*)(unsigned char const*, unsigned long)) /src/llvm-project/compiler-rt/lib/fuzzer/FuzzerDriver.cpp:860:9
    #11 0x5280e2 in main /src/llvm-project/compiler-rt/lib/fuzzer/FuzzerMain.cpp:20:10
    #12 0x7a836edd0082 in __libc_start_main (/lib/x86_64-linux-gnu/libc.so.6+0x24082) (BuildId: 87b331c034a6458c64ce09c03939e947212e18ce)

DEDUP_TOKEN: operator new(unsigned long)--__libcpp_operator_new<unsigned long>--__libcpp_allocate
SUMMARY: AddressSanitizer: heap-buffer-overflow /src/json/src/json.hpp:6916:13 in nlohmann::basic_json<std::__1::map, std::__1::vector, std::__1::basic_string<char, std::__1::char_traits<char>, std::__1::allocator<char> >, bool, long, unsigned long, double, std::__1::allocator>::from_msgpack_internal(std::__1::vector<unsigned char, std::__1::allocator<unsigned char> > const&, unsigned long&)
Shadow bytes around the buggy address:
  0x0c047fff7fc0: 00 00 00 00 00 00 00 00 00 00 00 00 00 00 00 00
  0x0c047fff7fd0: 00 00 00 00 00 00 00 00 00 00 00 00 00 00 00 00
  0x0c047fff7fe0: 00 00 00 00 00 00 00 00 00 00 00 00 00 00 00 00
  0x0c047fff7ff0: 00 00 00 00 00 00 00 00 00 00 00 00 00 00 00 00
  0x0c047fff8000: fa fa 00 00 fa fa 00 fa fa fa 00 fa fa fa 00 fa
=>0x0c047fff8010: fa fa 01 fa fa fa 01 fa fa fa[01]fa fa fa fa fa
  0x0c047fff8020: fa fa fa fa fa fa fa fa fa fa fa fa fa fa fa fa
  0x0c047fff8030: fa fa fa fa fa fa fa fa fa fa fa fa fa fa fa fa
  0x0c047fff8040: fa fa fa fa fa fa fa fa fa fa fa fa fa fa fa fa
  0x0c047fff8050: fa fa fa fa fa fa fa fa fa fa fa fa fa fa fa fa
  0x0c047fff8060: fa fa fa fa fa fa fa fa fa fa fa fa fa fa fa fa
Shadow byte legend (one shadow byte represents 8 application bytes):
  Addressable:           00
  Partially addressable: 01 02 03 04 05 06 07 
  Heap left redzone:       fa
  Freed heap region:       fd
  Stack left redzone:      f1
  Stack mid redzone:       f2
  Stack right redzone:     f3
  Stack after return:      f5
  Stack use after scope:   f8
  Global redzone:          f9
  Global init order:       f6
  Poisoned by user:        f7
  Container overflow:      fc
  Array cookie:            ac
  Intra object redzone:    bb
  ASan internal:           fe
  Left alloca redzone:     ca
  Right alloca redzone:    cb
==7==ABORTING
