INFO: Running with entropic power schedule (0xFF, 100).
INFO: Seed: 3281207668
INFO: Loaded 1 modules   (10244 inline 8-bit counters): 10244 [0x8bf2e0, 0x8c1ae4),
INFO: Loaded 1 PC tables (10244 PCs): 10244 [0x8c1ae8,0x8e9b28),
/out/ssml-fuzzer: Running 1 inputs 1 time(s) each.
Running: /tmp/poc
=================================================================
==13==ERROR: AddressSanitizer: global-buffer-overflow on address 0x00000126b27c at pc 0x0000005d8362 bp 0x7ffc6402d100 sp 0x7ffc6402d0f8
READ of size 1 at 0x00000126b27c thread T0
SCARINESS: 12 (1-byte-read-global-buffer-overflow)
    #0 0x5d8361 in IsLetterGroup /src/espeak-ng/src/libespeak-ng/dictionary.c:714:17
    #1 0x5d1644 in MatchRule /src/espeak-ng/src/libespeak-ng/dictionary.c:1972:21
    #2 0x5ce649 in TranslateRules /src/espeak-ng/src/libespeak-ng/dictionary.c:2259:6
    #3 0x5e01be in LookupLetter /src/espeak-ng/src/libespeak-ng/numbers.c:531:4
    #4 0x5e08ea in TranslateLetter /src/espeak-ng/src/libespeak-ng/numbers.c:712:2
    #5 0x57f450 in SpeakIndividualLetters /src/espeak-ng/src/libespeak-ng/translate.c:477:11
    #6 0x56fc7e in TranslateWord3 /src/espeak-ng/src/libespeak-ng/translate.c:742:7
    #7 0x56ebaa in TranslateWord /src/espeak-ng/src/libespeak-ng/translate.c:1167:14
    #8 0x57cd46 in TranslateWord2 /src/espeak-ng/src/libespeak-ng/translate.c:1505:15
    #9 0x579614 in TranslateClause /src/espeak-ng/src/libespeak-ng/translate.c:2663:17
    #10 0x5694e3 in SpeakNextClause /src/espeak-ng/src/libespeak-ng/synthesize.c:1566:2
    #11 0x5574e6 in Synthesize /src/espeak-ng/src/libespeak-ng/speech.c:453:2
    #12 0x5571e9 in sync_espeak_Synth /src/espeak-ng/src/libespeak-ng/speech.c:566:29
    #13 0x55809e in espeak_ng_Synthesize /src/espeak-ng/src/libespeak-ng/speech.c:674:10
    #14 0x555b8c in espeak_Synth /src/espeak-ng/src/libespeak-ng/espeak_api.c:90:32
    #15 0x555810 in LLVMFuzzerTestOneInput /src/espeak-ng/tests/ssml-fuzzer.c:64:8
    #16 0x458aa3 in fuzzer::Fuzzer::ExecuteCallback(unsigned char const*, unsigned long) /src/llvm-project/compiler-rt/lib/fuzzer/FuzzerLoop.cpp:599:15
    #17 0x444012 in fuzzer::RunOneTest(fuzzer::Fuzzer*, char const*, unsigned long) /src/llvm-project/compiler-rt/lib/fuzzer/FuzzerDriver.cpp:323:6
    #18 0x449ca1 in fuzzer::FuzzerDriver(int*, char***, int (*)(unsigned char const*, unsigned long)) /src/llvm-project/compiler-rt/lib/fuzzer/FuzzerDriver.cpp:856:9
    #19 0x473672 in main /src/llvm-project/compiler-rt/lib/fuzzer/FuzzerMain.cpp:20:10
    #20 0x7069bae4d83f in __libc_start_main (/lib/x86_64-linux-gnu/libc.so.6+0x2083f)
    #21 0x41ed38 in _start (/out/ssml-fuzzer+0x41ed38)

DEDUP_TOKEN: IsLetterGroup--MatchRule--TranslateRules
0x00000126b27c is located 4 bytes to the left of global variable 'single_letter' defined in 'src/libespeak-ng/numbers.c:482:14' (0x126b280) of size 10
0x00000126b27c is located 56 bytes to the right of global variable 'tone_pitch_env' defined in 'src/libespeak-ng/intonation.c:55:12' (0x126b240) of size 4
SUMMARY: AddressSanitizer: global-buffer-overflow /src/espeak-ng/src/libespeak-ng/dictionary.c:714:17 in IsLetterGroup
Shadow bytes around the buggy address:
  0x0000802455f0: 00 00 00 00 f9 f9 f9 f9 04 f9 f9 f9 f9 f9 f9 f9
  0x000080245600: 00 f9 f9 f9 f9 f9 f9 f9 00 00 00 00 f9 f9 f9 f9
  0x000080245610: 04 f9 f9 f9 f9 f9 f9 f9 00 f9 f9 f9 f9 f9 f9 f9
  0x000080245620: 01 f9 f9 f9 f9 f9 f9 f9 04 f9 f9 f9 f9 f9 f9 f9
  0x000080245630: 04 f9 f9 f9 f9 f9 f9 f9 04 f9 f9 f9 f9 f9 f9 f9
=>0x000080245640: 04 f9 f9 f9 f9 f9 f9 f9 04 f9 f9 f9 f9 f9 f9[f9]
  0x000080245650: 00 02 f9 f9 f9 f9 f9 f9 04 f9 f9 f9 f9 f9 f9 f9
  0x000080245660: 00 f9 f9 f9 f9 f9 f9 f9 04 f9 f9 f9 f9 f9 f9 f9
  0x000080245670: 04 f9 f9 f9 f9 f9 f9 f9 00 04 f9 f9 f9 f9 f9 f9
  0x000080245680: 00 04 f9 f9 f9 f9 f9 f9 00 f9 f9 f9 f9 f9 f9 f9
  0x000080245690: 00 f9 f9 f9 f9 f9 f9 f9 04 f9 f9 f9 f9 f9 f9 f9
Shadow byte legend (one shadow byte represents 8 application bytes):
  Addressable:           00
  Partially addressable: 01 02 03 04 05 06 07
  Heap left redzone:       fa
  Freed heap region:       fd
  Stack left redzone:      f1
  Stack mid redzone:       f2
  Stack right redzone:     f3
  Stack after return:      f5
  Stack use after scope:   f8
  Global redzone:          f9
  Global init order:       f6
  Poisoned by user:        f7
  Container overflow:      fc
  Array cookie:            ac
  Intra object redzone:    bb
  ASan internal:           fe
  Left alloca redzone:     ca
  Right alloca redzone:    cb
  Shadow gap:              cc
==13==ABORTING