INFO: Running with entropic power schedule (0xFF, 100).
INFO: Seed: 105879169
INFO: Loaded 1 modules   (10244 inline 8-bit counters): 10244 [0x8bf2e0, 0x8c1ae4),
INFO: Loaded 1 PC tables (10244 PCs): 10244 [0x8c1ae8,0x8e9b28),
/out/ssml-fuzzer: Running 1 inputs 1 time(s) each.
Running: /tmp/poc
=================================================================
==13==ERROR: AddressSanitizer: heap-buffer-overflow on address 0x602000000153 at pc 0x0000005d933d bp 0x7ffd280ea8c0 sp 0x7ffd280ea8b8
READ of size 1 at 0x602000000153 thread T0
SCARINESS: 12 (1-byte-read-heap-buffer-overflow)
    #0 0x5d933c in string_decoder_getc_utf_8 /src/espeak-ng/src/libespeak-ng/encoding.c:539:15
    #1 0x5d8bc6 in text_decoder_getc /src/espeak-ng/src/libespeak-ng/encoding.c:769:9
    #2 0x5f12bd in GetC /src/espeak-ng/src/libespeak-ng/readclause.c:174:9
    #3 0x5ee474 in ReadClause /src/espeak-ng/src/libespeak-ng/readclause.c:798:16
    #4 0x574b0b in TranslateClause /src/espeak-ng/src/libespeak-ng/translate.c:2045:15
    #5 0x5694e3 in SpeakNextClause /src/espeak-ng/src/libespeak-ng/synthesize.c:1566:2
    #6 0x5574e6 in Synthesize /src/espeak-ng/src/libespeak-ng/speech.c:453:2
    #7 0x5571e9 in sync_espeak_Synth /src/espeak-ng/src/libespeak-ng/speech.c:566:29
    #8 0x55809e in espeak_ng_Synthesize /src/espeak-ng/src/libespeak-ng/speech.c:674:10
    #9 0x555b8c in espeak_Synth /src/espeak-ng/src/libespeak-ng/espeak_api.c:90:32
    #10 0x555810 in LLVMFuzzerTestOneInput /src/espeak-ng/tests/ssml-fuzzer.c:64:8
    #11 0x458aa3 in fuzzer::Fuzzer::ExecuteCallback(unsigned char const*, unsigned long) /src/llvm-project/compiler-rt/lib/fuzzer/FuzzerLoop.cpp:599:15
    #12 0x444012 in fuzzer::RunOneTest(fuzzer::Fuzzer*, char const*, unsigned long) /src/llvm-project/compiler-rt/lib/fuzzer/FuzzerDriver.cpp:323:6
    #13 0x449ca1 in fuzzer::FuzzerDriver(int*, char***, int (*)(unsigned char const*, unsigned long)) /src/llvm-project/compiler-rt/lib/fuzzer/FuzzerDriver.cpp:856:9
    #14 0x473672 in main /src/llvm-project/compiler-rt/lib/fuzzer/FuzzerMain.cpp:20:10
    #15 0x7ccd7458783f in __libc_start_main (/lib/x86_64-linux-gnu/libc.so.6+0x2083f)
    #16 0x41ed38 in _start (/out/ssml-fuzzer+0x41ed38)

DEDUP_TOKEN: string_decoder_getc_utf_8--text_decoder_getc--GetC
0x602000000153 is located 0 bytes to the right of 3-byte region [0x602000000150,0x602000000153)
allocated by thread T0 here:
    #0 0x5220cd in malloc /src/llvm-project/compiler-rt/lib/asan/asan_malloc_linux.cpp:145:3
    #1 0x5557c5 in LLVMFuzzerTestOneInput /src/espeak-ng/tests/ssml-fuzzer.c:61:20
    #2 0x458aa3 in fuzzer::Fuzzer::ExecuteCallback(unsigned char const*, unsigned long) /src/llvm-project/compiler-rt/lib/fuzzer/FuzzerLoop.cpp:599:15
    #3 0x444012 in fuzzer::RunOneTest(fuzzer::Fuzzer*, char const*, unsigned long) /src/llvm-project/compiler-rt/lib/fuzzer/FuzzerDriver.cpp:323:6
    #4 0x449ca1 in fuzzer::FuzzerDriver(int*, char***, int (*)(unsigned char const*, unsigned long)) /src/llvm-project/compiler-rt/lib/fuzzer/FuzzerDriver.cpp:856:9
    #5 0x473672 in main /src/llvm-project/compiler-rt/lib/fuzzer/FuzzerMain.cpp:20:10
    #6 0x7ccd7458783f in __libc_start_main (/lib/x86_64-linux-gnu/libc.so.6+0x2083f)

DEDUP_TOKEN: malloc--LLVMFuzzerTestOneInput--fuzzer::Fuzzer::ExecuteCallback(unsigned char const*, unsigned long)
SUMMARY: AddressSanitizer: heap-buffer-overflow /src/espeak-ng/src/libespeak-ng/encoding.c:539:15 in string_decoder_getc_utf_8
Shadow bytes around the buggy address:
  0x0c047fff7fd0: 00 00 00 00 00 00 00 00 00 00 00 00 00 00 00 00
  0x0c047fff7fe0: 00 00 00 00 00 00 00 00 00 00 00 00 00 00 00 00
  0x0c047fff7ff0: 00 00 00 00 00 00 00 00 00 00 00 00 00 00 00 00
  0x0c047fff8000: fa fa 00 00 fa fa 00 fa fa fa 00 fa fa fa 00 fa
  0x0c047fff8010: fa fa 02 fa fa fa 02 fa fa fa fd fa fa fa fd fa
=>0x0c047fff8020: fa fa 00 fa fa fa 00 fa fa fa[03]fa fa fa fa fa
  0x0c047fff8030: fa fa fa fa fa fa fa fa fa fa fa fa fa fa fa fa
  0x0c047fff8040: fa fa fa fa fa fa fa fa fa fa fa fa fa fa fa fa
  0x0c047fff8050: fa fa fa fa fa fa fa fa fa fa fa fa fa fa fa fa
  0x0c047fff8060: fa fa fa fa fa fa fa fa fa fa fa fa fa fa fa fa
  0x0c047fff8070: fa fa fa fa fa fa fa fa fa fa fa fa fa fa fa fa
Shadow byte legend (one shadow byte represents 8 application bytes):
  Addressable:           00
  Partially addressable: 01 02 03 04 05 06 07
  Heap left redzone:       fa
  Freed heap region:       fd
  Stack left redzone:      f1
  Stack mid redzone:       f2
  Stack right redzone:     f3
  Stack after return:      f5
  Stack use after scope:   f8
  Global redzone:          f9
  Global init order:       f6
  Poisoned by user:        f7
  Container overflow:      fc
  Array cookie:            ac
  Intra object redzone:    bb
  ASan internal:           fe
  Left alloca redzone:     ca
  Right alloca redzone:    cb
  Shadow gap:              cc
==13==ABORTING