INFO: Running with entropic power schedule (0xFF, 100).
INFO: Seed: 3281612387
INFO: Loaded 1 modules   (10244 inline 8-bit counters): 10244 [0x8bf2e0, 0x8c1ae4),
INFO: Loaded 1 PC tables (10244 PCs): 10244 [0x8c1ae8,0x8e9b28),
/out/ssml-fuzzer: Running 1 inputs 1 time(s) each.
Running: /tmp/poc
=================================================================
==13==ERROR: AddressSanitizer: global-buffer-overflow on address 0x00000125c0c8 at pc 0x0000005fc1a0 bp 0x7ffe061d0130 sp 0x7ffe061d0128
READ of size 4 at 0x00000125c0c8 thread T0
SCARINESS: 17 (4-byte-read-global-buffer-overflow)
    #0 0x5fc19f in DoEmbedded2 /src/espeak-ng/src/libespeak-ng/setlengths.c:427:10
    #1 0x5f8502 in CalcLengths /src/espeak-ng/src/libespeak-ng/setlengths.c:477:4
    #2 0x569536 in SpeakNextClause /src/espeak-ng/src/libespeak-ng/synthesize.c:1569:2
    #3 0x55779d in Synthesize /src/espeak-ng/src/libespeak-ng/speech.c:488:9
    #4 0x5571e9 in sync_espeak_Synth /src/espeak-ng/src/libespeak-ng/speech.c:566:29
    #5 0x55809e in espeak_ng_Synthesize /src/espeak-ng/src/libespeak-ng/speech.c:674:10
    #6 0x555b8c in espeak_Synth /src/espeak-ng/src/libespeak-ng/espeak_api.c:90:32
    #7 0x555810 in LLVMFuzzerTestOneInput /src/espeak-ng/tests/ssml-fuzzer.c:64:8
    #8 0x458aa3 in fuzzer::Fuzzer::ExecuteCallback(unsigned char const*, unsigned long) /src/llvm-project/compiler-rt/lib/fuzzer/FuzzerLoop.cpp:599:15
    #9 0x444012 in fuzzer::RunOneTest(fuzzer::Fuzzer*, char const*, unsigned long) /src/llvm-project/compiler-rt/lib/fuzzer/FuzzerDriver.cpp:323:6
    #10 0x449ca1 in fuzzer::FuzzerDriver(int*, char***, int (*)(unsigned char const*, unsigned long)) /src/llvm-project/compiler-rt/lib/fuzzer/FuzzerDriver.cpp:856:9
    #11 0x473672 in main /src/llvm-project/compiler-rt/lib/fuzzer/FuzzerMain.cpp:20:10
    #12 0x7ce51845883f in __libc_start_main (/lib/x86_64-linux-gnu/libc.so.6+0x2083f)
    #13 0x41ed38 in _start (/out/ssml-fuzzer+0x41ed38)

DEDUP_TOKEN: DoEmbedded2--CalcLengths--SpeakNextClause
0x00000125c0c8 is located 0 bytes to the right of global variable 'embedded_list' defined in 'src/libespeak-ng/translate.c:98:14' (0x125bce0) of size 1000
SUMMARY: AddressSanitizer: global-buffer-overflow /src/espeak-ng/src/libespeak-ng/setlengths.c:427:10 in DoEmbedded2
Shadow bytes around the buggy address:
  0x0000802437c0: 00 00 00 00 00 00 00 00 00 00 00 00 00 00 00 00
  0x0000802437d0: 00 00 00 00 00 00 00 00 00 00 00 00 00 00 00 00
  0x0000802437e0: 00 00 00 00 00 00 00 00 00 00 00 00 00 00 00 00
  0x0000802437f0: 00 00 00 00 00 00 00 00 00 00 00 00 00 00 00 00
  0x000080243800: 00 00 00 00 00 00 00 00 00 00 00 00 00 00 00 00
=>0x000080243810: 00 00 00 00 00 00 00 00 00[f9]f9 f9 f9 f9 f9 f9
  0x000080243820: f9 f9 f9 f9 f9 f9 f9 f9 f9 f9 f9 f9 f9 f9 f9 f9
  0x000080243830: f9 f9 f9 f9 f9 f9 f9 f9 01 f9 f9 f9 f9 f9 f9 f9
  0x000080243840: 04 f9 f9 f9 f9 f9 f9 f9 00 f9 f9 f9 f9 f9 f9 f9
  0x000080243850: 04 f9 f9 f9 f9 f9 f9 f9 00 00 00 00 00 00 02 f9
  0x000080243860: f9 f9 f9 f9 04 f9 f9 f9 f9 f9 f9 f9 04 f9 f9 f9
Shadow byte legend (one shadow byte represents 8 application bytes):
  Addressable:           00
  Partially addressable: 01 02 03 04 05 06 07
  Heap left redzone:       fa
  Freed heap region:       fd
  Stack left redzone:      f1
  Stack mid redzone:       f2
  Stack right redzone:     f3
  Stack after return:      f5
  Stack use after scope:   f8
  Global redzone:          f9
  Global init order:       f6
  Poisoned by user:        f7
  Container overflow:      fc
  Array cookie:            ac
  Intra object redzone:    bb
  ASan internal:           fe
  Left alloca redzone:     ca
  Right alloca redzone:    cb
  Shadow gap:              cc
==13==ABORTING