INFO: Running with entropic power schedule (0xFF, 100).
INFO: Seed: 3281682266
INFO: Loaded 1 modules   (10244 inline 8-bit counters): 10244 [0x8bf2e0, 0x8c1ae4),
INFO: Loaded 1 PC tables (10244 PCs): 10244 [0x8c1ae8,0x8e9b28),
/out/ssml-fuzzer: Running 1 inputs 1 time(s) each.
Running: /tmp/poc
=================================================================
==13==ERROR: AddressSanitizer: global-buffer-overflow on address 0x00000125b464 at pc 0x0000005f71ef bp 0x7ffdedf493d0 sp 0x7ffdedf493c8
READ of size 2 at 0x00000125b464 thread T0
SCARINESS: 14 (2-byte-read-global-buffer-overflow)
    #0 0x5f71ee in SubstitutePhonemes /src/espeak-ng/src/libespeak-ng/phonemelist.c:75:20
    #1 0x5f3db5 in MakePhonemeList /src/espeak-ng/src/libespeak-ng/phonemelist.c:276:15
    #2 0x57a4f4 in TranslateClause /src/espeak-ng/src/libespeak-ng/translate.c:2719:2
    #3 0x5694e3 in SpeakNextClause /src/espeak-ng/src/libespeak-ng/synthesize.c:1566:2
    #4 0x5574e6 in Synthesize /src/espeak-ng/src/libespeak-ng/speech.c:453:2
    #5 0x5571e9 in sync_espeak_Synth /src/espeak-ng/src/libespeak-ng/speech.c:566:29
    #6 0x55809e in espeak_ng_Synthesize /src/espeak-ng/src/libespeak-ng/speech.c:674:10
    #7 0x555b8c in espeak_Synth /src/espeak-ng/src/libespeak-ng/espeak_api.c:90:32
    #8 0x555810 in LLVMFuzzerTestOneInput /src/espeak-ng/tests/ssml-fuzzer.c:64:8
    #9 0x458aa3 in fuzzer::Fuzzer::ExecuteCallback(unsigned char const*, unsigned long) /src/llvm-project/compiler-rt/lib/fuzzer/FuzzerLoop.cpp:599:15
    #10 0x444012 in fuzzer::RunOneTest(fuzzer::Fuzzer*, char const*, unsigned long) /src/llvm-project/compiler-rt/lib/fuzzer/FuzzerDriver.cpp:323:6
    #11 0x449ca1 in fuzzer::FuzzerDriver(int*, char***, int (*)(unsigned char const*, unsigned long)) /src/llvm-project/compiler-rt/lib/fuzzer/FuzzerDriver.cpp:856:9
    #12 0x473672 in main /src/llvm-project/compiler-rt/lib/fuzzer/FuzzerMain.cpp:20:10
    #13 0x7cb67692983f in __libc_start_main (/lib/x86_64-linux-gnu/libc.so.6+0x2083f)
    #14 0x41ed38 in _start (/out/ssml-fuzzer+0x41ed38)

DEDUP_TOKEN: SubstitutePhonemes--MakePhonemeList--TranslateClause
0x00000125b464 is located 4 bytes to the right of global variable 'ph_list2' defined in 'src/libespeak-ng/translate.c:88:15' (0x1259520) of size 8000
SUMMARY: AddressSanitizer: global-buffer-overflow /src/espeak-ng/src/libespeak-ng/phonemelist.c:75:20 in SubstitutePhonemes
Shadow bytes around the buggy address:
  0x000080243630: 00 00 00 00 00 00 00 00 00 00 00 00 00 00 00 00
  0x000080243640: 00 00 00 00 00 00 00 00 00 00 00 00 00 00 00 00
  0x000080243650: 00 00 00 00 00 00 00 00 00 00 00 00 00 00 00 00
  0x000080243660: 00 00 00 00 00 00 00 00 00 00 00 00 00 00 00 00
  0x000080243670: 00 00 00 00 00 00 00 00 00 00 00 00 00 00 00 00
=>0x000080243680: 00 00 00 00 00 00 00 00 00 00 00 00[f9]f9 f9 f9
  0x000080243690: f9 f9 f9 f9 f9 f9 f9 f9 f9 f9 f9 f9 f9 f9 f9 f9
  0x0000802436a0: f9 f9 f9 f9 f9 f9 f9 f9 f9 f9 f9 f9 f9 f9 f9 f9
  0x0000802436b0: f9 f9 f9 f9 f9 f9 f9 f9 f9 f9 f9 f9 f9 f9 f9 f9
  0x0000802436c0: f9 f9 f9 f9 f9 f9 f9 f9 f9 f9 f9 f9 f9 f9 f9 f9
  0x0000802436d0: f9 f9 f9 f9 f9 f9 f9 f9 f9 f9 f9 f9 f9 f9 f9 f9
Shadow byte legend (one shadow byte represents 8 application bytes):
  Addressable:           00
  Partially addressable: 01 02 03 04 05 06 07
  Heap left redzone:       fa
  Freed heap region:       fd
  Stack left redzone:      f1
  Stack mid redzone:       f2
  Stack right redzone:     f3
  Stack after return:      f5
  Stack use after scope:   f8
  Global redzone:          f9
  Global init order:       f6
  Poisoned by user:        f7
  Container overflow:      fc
  Array cookie:            ac
  Intra object redzone:    bb
  ASan internal:           fe
  Left alloca redzone:     ca
  Right alloca redzone:    cb
  Shadow gap:              cc
==13==ABORTING