INFO: Running with entropic power schedule (0xFF, 100).
INFO: Seed: 3281682820
INFO: Loaded 1 modules   (30808 inline 8-bit counters): 30808 [0xb26dc0, 0xb2e618),
INFO: Loaded 1 PC tables (30808 PCs): 30808 [0x83ea20,0x8b6fa0),
/out/simple_compress: Running 1 inputs 1 time(s) each.
Running: /tmp/poc
=================================================================
==13==ERROR: AddressSanitizer: heap-buffer-overflow on address 0x746df4014392 at pc 0x0000006ef24d bp 0x7ffcc583f3f0 sp 0x7ffcc583f3e8
WRITE of size 1 at 0x746df4014392 thread T0
SCARINESS: 31 (1-byte-write-heap-buffer-overflow)
    #0 0x6ef24c in FSE_writeNCount_generic /src/zstd/tests/fuzz/../../lib/compress/fse_compress.c:270:20
    #1 0x6ee9f8 in FSE_writeNCount /src/zstd/tests/fuzz/../../lib/compress/fse_compress.c
    #2 0x6f70d2 in HUF_compressWeights /src/zstd/tests/fuzz/../../lib/compress/huf_compress.c:95:9
    #3 0x6f6be8 in HUF_writeCTable_wksp /src/zstd/tests/fuzz/../../lib/compress/huf_compress.c:136:9
    #4 0x6faf4e in HUF_compress_internal /src/zstd/tests/fuzz/../../lib/compress/huf_compress.c:829:9
    #5 0x6fb480 in HUF_compress4X_repeat /src/zstd/tests/fuzz/../../lib/compress/huf_compress.c:900:12
    #6 0x6f2af8 in ZSTD_compressLiterals /src/zstd/tests/fuzz/../../lib/compress/zstd_compress_literals.c:109:13
    #7 0x6e7dfc in ZSTD_entropyCompressSeqStore_internal /src/zstd/tests/fuzz/../../lib/compress/zstd_compress.c:2595:30
    #8 0x6e6bfc in ZSTD_entropyCompressSeqStore /src/zstd/tests/fuzz/../../lib/compress/zstd_compress.c:2684:26
    #9 0x6e4963 in ZSTD_compressSeqStore_singleBlock /src/zstd/tests/fuzz/../../lib/compress/zstd_compress.c:3488:17
    #10 0x6e42b1 in ZSTD_compressBlock_splitBlock_internal /src/zstd/tests/fuzz/../../lib/compress/zstd_compress.c:3674:22
    #11 0x6e1ce0 in ZSTD_compressBlock_splitBlock /src/zstd/tests/fuzz/../../lib/compress/zstd_compress.c:3719:13
    #12 0x6dfc60 in ZSTD_compress_frameChunk /src/zstd/tests/fuzz/../../lib/compress/zstd_compress.c:3941:25
    #13 0x6cdbfe in ZSTD_compressContinue_internal /src/zstd/tests/fuzz/../../lib/compress/zstd_compress.c:4116:30
    #14 0x6d02a9 in ZSTD_compressEnd /src/zstd/tests/fuzz/../../lib/compress/zstd_compress.c:4620:26
    #15 0x6d0a63 in ZSTD_compress_advanced_internal /src/zstd/tests/fuzz/../../lib/compress/zstd_compress.c:4669:12
    #16 0x6d0c40 in ZSTD_compress_usingDict /src/zstd/tests/fuzz/../../lib/compress/zstd_compress.c:4684:12
    #17 0x6d0d06 in ZSTD_compressCCtx /src/zstd/tests/fuzz/../../lib/compress/zstd_compress.c:4694:12
    #18 0x7f40d6 in LLVMFuzzerTestOneInput /src/zstd/tests/fuzz/simple_compress.c:46:24
    #19 0x458293 in fuzzer::Fuzzer::ExecuteCallback(unsigned char const*, unsigned long) /src/llvm-project/compiler-rt/lib/fuzzer/FuzzerLoop.cpp:599:15
    #20 0x443712 in fuzzer::RunOneTest(fuzzer::Fuzzer*, char const*, unsigned long) /src/llvm-project/compiler-rt/lib/fuzzer/FuzzerDriver.cpp:323:6
    #21 0x4493e7 in fuzzer::FuzzerDriver(int*, char***, int (*)(unsigned char const*, unsigned long)) /src/llvm-project/compiler-rt/lib/fuzzer/FuzzerDriver.cpp:856:9
    #22 0x473052 in main /src/llvm-project/compiler-rt/lib/fuzzer/FuzzerMain.cpp:20:10
    #23 0x746df412b83f in __libc_start_main (/lib/x86_64-linux-gnu/libc.so.6+0x2083f)
    #24 0x41eac8 in _start (/out/simple_compress+0x41eac8)

DEDUP_TOKEN: FSE_writeNCount_generic--FSE_writeNCount--HUF_compressWeights
0x746df4014392 is located 7 bytes to the right of 252811-byte region [0x746df3fd6800,0x746df401438b)
allocated by thread T0 here:
    #0 0x52195d in malloc /src/llvm-project/compiler-rt/lib/asan/asan_malloc_linux.cpp:145:3
    #1 0x55aaa7 in FUZZ_malloc /src/zstd/tests/fuzz/fuzz_helpers.c:19:27
    #2 0x7f40b8 in LLVMFuzzerTestOneInput /src/zstd/tests/fuzz/simple_compress.c:45:18
    #3 0x458293 in fuzzer::Fuzzer::ExecuteCallback(unsigned char const*, unsigned long) /src/llvm-project/compiler-rt/lib/fuzzer/FuzzerLoop.cpp:599:15
    #4 0x443712 in fuzzer::RunOneTest(fuzzer::Fuzzer*, char const*, unsigned long) /src/llvm-project/compiler-rt/lib/fuzzer/FuzzerDriver.cpp:323:6
    #5 0x4493e7 in fuzzer::FuzzerDriver(int*, char***, int (*)(unsigned char const*, unsigned long)) /src/llvm-project/compiler-rt/lib/fuzzer/FuzzerDriver.cpp:856:9
    #6 0x473052 in main /src/llvm-project/compiler-rt/lib/fuzzer/FuzzerMain.cpp:20:10
    #7 0x746df412b83f in __libc_start_main (/lib/x86_64-linux-gnu/libc.so.6+0x2083f)

DEDUP_TOKEN: malloc--FUZZ_malloc--LLVMFuzzerTestOneInput
SUMMARY: AddressSanitizer: heap-buffer-overflow /src/zstd/tests/fuzz/../../lib/compress/fse_compress.c:270:20 in FSE_writeNCount_generic
Shadow bytes around the buggy address:
  0x0e8e3e7fa820: 00 00 00 00 00 00 00 00 00 00 00 00 00 00 00 00
  0x0e8e3e7fa830: 00 00 00 00 00 00 00 00 00 00 00 00 00 00 00 00
  0x0e8e3e7fa840: 00 00 00 00 00 00 00 00 00 00 00 00 00 00 00 00
  0x0e8e3e7fa850: 00 00 00 00 00 00 00 00 00 00 00 00 00 00 00 00
  0x0e8e3e7fa860: 00 00 00 00 00 00 00 00 00 00 00 00 00 00 00 00
=>0x0e8e3e7fa870: 00 03[fa]fa fa fa fa fa fa fa fa fa fa fa fa fa
  0x0e8e3e7fa880: fa fa fa fa fa fa fa fa fa fa fa fa fa fa fa fa
  0x0e8e3e7fa890: fa fa fa fa fa fa fa fa fa fa fa fa fa fa fa fa
  0x0e8e3e7fa8a0: fa fa fa fa fa fa fa fa fa fa fa fa fa fa fa fa
  0x0e8e3e7fa8b0: fa fa fa fa fa fa fa fa fa fa fa fa fa fa fa fa
  0x0e8e3e7fa8c0: fa fa fa fa fa fa fa fa fa fa fa fa fa fa fa fa
Shadow byte legend (one shadow byte represents 8 application bytes):
  Addressable:           00
  Partially addressable: 01 02 03 04 05 06 07
  Heap left redzone:       fa
  Freed heap region:       fd
  Stack left redzone:      f1
  Stack mid redzone:       f2
  Stack right redzone:     f3
  Stack after return:      f5
  Stack use after scope:   f8
  Global redzone:          f9
  Global init order:       f6
  Poisoned by user:        f7
  Container overflow:      fc
  Array cookie:            ac
  Intra object redzone:    bb
  ASan internal:           fe
  Left alloca redzone:     ca
  Right alloca redzone:    cb
  Shadow gap:              cc
==13==ABORTING