Unable to find image 'n132/arvo:36340-vul' locally
36340-vul: Pulling from n132/arvo
61e03ba1d414: Already exists
4afb39f216bd: Already exists
e489abdc9f90: Already exists
999fff7bcc24: Already exists
3c98c0852c3e: Already exists
8fb1b96b0194: Already exists
0f4e9129a85e: Already exists
2f04b95c6cb4: Already exists
45903c5d6fd1: Already exists
4f9917dc7f61: Already exists
822ab719dfe3: Already exists
fb3d8008b389: Already exists
cf11d330b4df: Already exists
4967334e5a42: Already exists
28d6cd951f28: Already exists
6bdb1c73be33: Already exists
7da25af96800: Already exists
efd3e017b1c0: Already exists
857e04b43f6f: Already exists
57e766728052: Already exists
32a0d49424aa: Already exists
396368b3604a: Already exists
8924c7a292c3: Already exists
d956dfc4fc5c: Already exists
7aa474711d6e: Already exists
878714c1d396: Already exists
1a0d932fdf3e: Already exists
5d0b7d52bb3c: Already exists
edad4b0c4e1c: Pulling fs layer
411458836066: Pulling fs layer
93719fedc759: Pulling fs layer
4fecc56a2689: Pulling fs layer
c6d1da3e89d9: Pulling fs layer
fb18b7bea16f: Pulling fs layer
5144948e615b: Pulling fs layer
3610c373aa5b: Pulling fs layer
941dffd49a8d: Pulling fs layer
951929de4673: Pulling fs layer
2feb5122151a: Pulling fs layer
3960d4a9de47: Pulling fs layer
569c038deba7: Pulling fs layer
db51b24463f2: Pulling fs layer
1da903f869c4: Pulling fs layer
ae6327c16387: Pulling fs layer
29655c5374dc: Pulling fs layer
0f3c84d77b8b: Pulling fs layer
017e85472481: Pulling fs layer
c1d2252d1bad: Pulling fs layer
cf440e54c34b: Pulling fs layer
cb8d9dfef8ef: Pulling fs layer
d02fbddc64f9: Pulling fs layer
2feb5122151a: Waiting
a85013df5900: Pulling fs layer
3960d4a9de47: Waiting
4fecc56a2689: Waiting
569c038deba7: Waiting
c6d1da3e89d9: Waiting
db51b24463f2: Waiting
29655c5374dc: Waiting
fb18b7bea16f: Waiting
0f3c84d77b8b: Waiting
1da903f869c4: Waiting
5144948e615b: Waiting
017e85472481: Waiting
ae6327c16387: Waiting
3610c373aa5b: Waiting
941dffd49a8d: Waiting
951929de4673: Waiting
cb8d9dfef8ef: Waiting
cf440e54c34b: Waiting
c1d2252d1bad: Waiting
a85013df5900: Waiting
d02fbddc64f9: Waiting
93719fedc759: Verifying Checksum
93719fedc759: Download complete
411458836066: Verifying Checksum
411458836066: Download complete
4fecc56a2689: Download complete
edad4b0c4e1c: Verifying Checksum
edad4b0c4e1c: Download complete
edad4b0c4e1c: Pull complete
411458836066: Pull complete
93719fedc759: Pull complete
4fecc56a2689: Pull complete
5144948e615b: Verifying Checksum
5144948e615b: Download complete
3610c373aa5b: Verifying Checksum
3610c373aa5b: Download complete
c6d1da3e89d9: Download complete
951929de4673: Verifying Checksum
951929de4673: Download complete
941dffd49a8d: Download complete
fb18b7bea16f: Verifying Checksum
fb18b7bea16f: Download complete
2feb5122151a: Download complete
3960d4a9de47: Download complete
569c038deba7: Download complete
db51b24463f2: Verifying Checksum
db51b24463f2: Download complete
1da903f869c4: Verifying Checksum
1da903f869c4: Download complete
29655c5374dc: Verifying Checksum
29655c5374dc: Download complete
0f3c84d77b8b: Verifying Checksum
0f3c84d77b8b: Download complete
c6d1da3e89d9: Pull complete
c1d2252d1bad: Verifying Checksum
c1d2252d1bad: Download complete
017e85472481: Verifying Checksum
017e85472481: Download complete
ae6327c16387: Verifying Checksum
ae6327c16387: Download complete
cb8d9dfef8ef: Verifying Checksum
cb8d9dfef8ef: Download complete
cf440e54c34b: Verifying Checksum
cf440e54c34b: Download complete
fb18b7bea16f: Pull complete
a85013df5900: Verifying Checksum
a85013df5900: Download complete
5144948e615b: Pull complete
3610c373aa5b: Pull complete
941dffd49a8d: Pull complete
951929de4673: Pull complete
2feb5122151a: Pull complete
3960d4a9de47: Pull complete
569c038deba7: Pull complete
db51b24463f2: Pull complete
1da903f869c4: Pull complete
ae6327c16387: Pull complete
29655c5374dc: Pull complete
0f3c84d77b8b: Pull complete
017e85472481: Pull complete
c1d2252d1bad: Pull complete
cf440e54c34b: Pull complete
cb8d9dfef8ef: Pull complete
d02fbddc64f9: Download complete
d02fbddc64f9: Pull complete
a85013df5900: Pull complete
Digest: sha256:9f35d6d1ab7f57a760d548d5822a18da8a344da389ec21ff842f7d8ddaa822f8
Status: Downloaded newer image for n132/arvo:36340-vul
Accepting input from '/tmp/poc'
Usage for fuzzing: honggfuzz -P [flags] -- /out/ffmpeg_AV_CODEC_ID_MPEG4_fuzzer
=================================================================
==7==ERROR: AddressSanitizer: heap-buffer-overflow on address 0x6090000001c3 at pc 0x0000005336c0 bp 0x7ffe0e86b550 sp 0x7ffe0e86b548
READ of size 4 at 0x6090000001c3 thread T0
SCARINESS: 17 (4-byte-read-heap-buffer-overflow)
    #0 0x5336bf in get_bits /src/ffmpeg/libavcodec/get_bits.h:404:5
    #1 0x53d098 in ff_mpeg4_decode_picture_header /src/ffmpeg/libavcodec/mpeg4videodec.c:3257:13
    #2 0x7c85fa in mpeg4_decode_header /src/ffmpeg/libavcodec/mpeg4video_parser.c:92:15
    #3 0x7c8224 in mpeg4video_parse /src/ffmpeg/libavcodec/mpeg4video_parser.c:149:5
    #4 0x5836c6 in av_parser_parse2 /src/ffmpeg/libavcodec/parser.c:161:13
    #5 0x4ed553 in LLVMFuzzerTestOneInput /src/ffmpeg/tools/target_dec_fuzzer.c:352:27
    #6 0x9df06b in main (/out/ffmpeg_AV_CODEC_ID_MPEG4_fuzzer+0x9df06b)
    #7 0x73667be9f83f in __libc_start_main (/lib/x86_64-linux-gnu/libc.so.6+0x2083f)
    #8 0x43cd68 in _start (/out/ffmpeg_AV_CODEC_ID_MPEG4_fuzzer+0x43cd68)

DEDUP_TOKEN: get_bits--ff_mpeg4_decode_picture_header--mpeg4_decode_header
0x6090000001c3 is located 1 bytes to the right of 2-byte region [0x6090000001c0,0x6090000001c2)
allocated by thread T0 here:
    #0 0x4b8317 in posix_memalign /src/llvm-project/compiler-rt/lib/asan/asan_malloc_linux.cpp:226:3
    #1 0x98102b in av_malloc /src/ffmpeg/libavutil/mem.c:87:9
    #2 0x981e66 in av_memdup /src/ffmpeg/libavutil/mem.c:296:15
    #3 0x4ed013 in LLVMFuzzerTestOneInput /src/ffmpeg/tools/target_dec_fuzzer.c:318:36
    #4 0x9df06b in main (/out/ffmpeg_AV_CODEC_ID_MPEG4_fuzzer+0x9df06b)

DEDUP_TOKEN: posix_memalign--av_malloc--av_memdup
SUMMARY: AddressSanitizer: heap-buffer-overflow /src/ffmpeg/libavcodec/get_bits.h:404:5 in get_bits
Shadow bytes around the buggy address:
  0x0c127fff7fe0: 00 00 00 00 00 00 00 00 00 00 00 00 00 00 00 00
  0x0c127fff7ff0: 00 00 00 00 00 00 00 00 00 00 00 00 00 00 00 00
  0x0c127fff8000: fa fa fa fa fa fa fa fa 00 00 00 00 00 fa fa fa
  0x0c127fff8010: fa fa fa fa fa fa fa fa 00 00 00 00 fa fa fa fa
  0x0c127fff8020: fa fa fa fa fa fa fa fa 00 00 fa fa fa fa fa fa
=>0x0c127fff8030: fa fa fa fa fa fa fa fa[02]fa fa fa fa fa fa fa
  0x0c127fff8040: fa fa fa fa fa fa fa fa fa fa fa fa fa fa fa fa
  0x0c127fff8050: 00 00 00 00 00 00 fa fa fa fa fa fa fa fa fa fa
  0x0c127fff8060: 00 00 00 fa fa fa fa fa fa fa fa fa fa fa fa fa
  0x0c127fff8070: fa fa fa fa fa fa fa fa fa fa fa fa fa fa fa fa
  0x0c127fff8080: fa fa fa fa fa fa fa fa fa fa fa fa fa fa fa fa
Shadow byte legend (one shadow byte represents 8 application bytes):
  Addressable:           00
  Partially addressable: 01 02 03 04 05 06 07 
  Heap left redzone:       fa
  Freed heap region:       fd
  Stack left redzone:      f1
  Stack mid redzone:       f2
  Stack right redzone:     f3
  Stack after return:      f5
  Stack use after scope:   f8
  Global redzone:          f9
  Global init order:       f6
  Poisoned by user:        f7
  Container overflow:      fc
  Array cookie:            ac
  Intra object redzone:    bb
  ASan internal:           fe
  Left alloca redzone:     ca
  Right alloca redzone:    cb
  Shadow gap:              cc
==7==ABORTING
