INFO: Running with entropic power schedule (0xFF, 100).
INFO: Seed: 1806655258
INFO: Loaded 1 modules   (1065 inline 8-bit counters): 1065 [0x65add8, 0x65b201), 
INFO: Loaded 1 PC tables (1065 PCs): 1065 [0x605428,0x6096b8), 
/out/fuzzer-parse_cbor: Running 1 inputs 1 time(s) each.
Running: /tmp/poc
=================================================================
==7==ERROR: AddressSanitizer: heap-buffer-overflow on address 0x60d000000268 at pc 0x0000004e095c bp 0x7ffdd19a90f0 sp 0x7ffdd19a90e8
READ of size 1 at 0x60d000000268 thread T0
SCARINESS: 12 (1-byte-read-heap-buffer-overflow)
    #0 0x4e095b in nlohmann::basic_json<std::__1::map, std::__1::vector, std::__1::basic_string<char, std::__1::char_traits<char>, std::__1::allocator<char> >, bool, long, unsigned long, double, std::__1::allocator>::from_cbor_internal(std::__1::vector<unsigned char, std::__1::allocator<unsigned char> > const&, unsigned long&) /src/json/src/json.hpp:7428:24
    #1 0x4e08d6 in nlohmann::basic_json<std::__1::map, std::__1::vector, std::__1::basic_string<char, std::__1::char_traits<char>, std::__1::allocator<char> >, bool, long, unsigned long, double, std::__1::allocator>::from_cbor_internal(std::__1::vector<unsigned char, std::__1::allocator<unsigned char> > const&, unsigned long&) /src/json/src/json.hpp:7430:38
    #2 0x4e2125 in nlohmann::basic_json<std::__1::map, std::__1::vector, std::__1::basic_string<char, std::__1::char_traits<char>, std::__1::allocator<char> >, bool, long, unsigned long, double, std::__1::allocator>::from_cbor_internal(std::__1::vector<unsigned char, std::__1::allocator<unsigned char> > const&, unsigned long&) /src/json/src/json.hpp:7384:38
    #3 0x4e2125 in nlohmann::basic_json<std::__1::map, std::__1::vector, std::__1::basic_string<char, std::__1::char_traits<char>, std::__1::allocator<char> >, bool, long, unsigned long, double, std::__1::allocator>::from_cbor_internal(std::__1::vector<unsigned char, std::__1::allocator<unsigned char> > const&, unsigned long&) /src/json/src/json.hpp:7384:38
    #4 0x4e2125 in nlohmann::basic_json<std::__1::map, std::__1::vector, std::__1::basic_string<char, std::__1::char_traits<char>, std::__1::allocator<char> >, bool, long, unsigned long, double, std::__1::allocator>::from_cbor_internal(std::__1::vector<unsigned char, std::__1::allocator<unsigned char> > const&, unsigned long&) /src/json/src/json.hpp:7384:38
    #5 0x4e2125 in nlohmann::basic_json<std::__1::map, std::__1::vector, std::__1::basic_string<char, std::__1::char_traits<char>, std::__1::allocator<char> >, bool, long, unsigned long, double, std::__1::allocator>::from_cbor_internal(std::__1::vector<unsigned char, std::__1::allocator<unsigned char> > const&, unsigned long&) /src/json/src/json.hpp:7384:38
    #6 0x4e2125 in nlohmann::basic_json<std::__1::map, std::__1::vector, std::__1::basic_string<char, std::__1::char_traits<char>, std::__1::allocator<char> >, bool, long, unsigned long, double, std::__1::allocator>::from_cbor_internal(std::__1::vector<unsigned char, std::__1::allocator<unsigned char> > const&, unsigned long&) /src/json/src/json.hpp:7384:38
    #7 0x4e2663 in nlohmann::basic_json<std::__1::map, std::__1::vector, std::__1::basic_string<char, std::__1::char_traits<char>, std::__1::allocator<char> >, bool, long, unsigned long, double, std::__1::allocator>::from_cbor_internal(std::__1::vector<unsigned char, std::__1::allocator<unsigned char> > const&, unsigned long&) /src/json/src/json.hpp:7467:39
    #8 0x4e2125 in nlohmann::basic_json<std::__1::map, std::__1::vector, std::__1::basic_string<char, std::__1::char_traits<char>, std::__1::allocator<char> >, bool, long, unsigned long, double, std::__1::allocator>::from_cbor_internal(std::__1::vector<unsigned char, std::__1::allocator<unsigned char> > const&, unsigned long&) /src/json/src/json.hpp:7384:38
    #9 0x4e2125 in nlohmann::basic_json<std::__1::map, std::__1::vector, std::__1::basic_string<char, std::__1::char_traits<char>, std::__1::allocator<char> >, bool, long, unsigned long, double, std::__1::allocator>::from_cbor_internal(std::__1::vector<unsigned char, std::__1::allocator<unsigned char> > const&, unsigned long&) /src/json/src/json.hpp:7384:38
    #10 0x4e2125 in nlohmann::basic_json<std::__1::map, std::__1::vector, std::__1::basic_string<char, std::__1::char_traits<char>, std::__1::allocator<char> >, bool, long, unsigned long, double, std::__1::allocator>::from_cbor_internal(std::__1::vector<unsigned char, std::__1::allocator<unsigned char> > const&, unsigned long&) /src/json/src/json.hpp:7384:38
    #11 0x4e2125 in nlohmann::basic_json<std::__1::map, std::__1::vector, std::__1::basic_string<char, std::__1::char_traits<char>, std::__1::allocator<char> >, bool, long, unsigned long, double, std::__1::allocator>::from_cbor_internal(std::__1::vector<unsigned char, std::__1::allocator<unsigned char> > const&, unsigned long&) /src/json/src/json.hpp:7384:38
    #12 0x4e2125 in nlohmann::basic_json<std::__1::map, std::__1::vector, std::__1::basic_string<char, std::__1::char_traits<char>, std::__1::allocator<char> >, bool, long, unsigned long, double, std::__1::allocator>::from_cbor_internal(std::__1::vector<unsigned char, std::__1::allocator<unsigned char> > const&, unsigned long&) /src/json/src/json.hpp:7384:38
    #13 0x4e2125 in nlohmann::basic_json<std::__1::map, std::__1::vector, std::__1::basic_string<char, std::__1::char_traits<char>, std::__1::allocator<char> >, bool, long, unsigned long, double, std::__1::allocator>::from_cbor_internal(std::__1::vector<unsigned char, std::__1::allocator<unsigned char> > const&, unsigned long&) /src/json/src/json.hpp:7384:38
    #14 0x4e2663 in nlohmann::basic_json<std::__1::map, std::__1::vector, std::__1::basic_string<char, std::__1::char_traits<char>, std::__1::allocator<char> >, bool, long, unsigned long, double, std::__1::allocator>::from_cbor_internal(std::__1::vector<unsigned char, std::__1::allocator<unsigned char> > const&, unsigned long&) /src/json/src/json.hpp:7467:39
    #15 0x4de32f in from_cbor /src/json/src/json.hpp:7734:16
    #16 0x4de32f in LLVMFuzzerTestOneInput /src/json/./test/src/fuzzer-parse_cbor.cpp:34:19
    #17 0x50e493 in fuzzer::Fuzzer::ExecuteCallback(unsigned char const*, unsigned long) /src/llvm-project/compiler-rt/lib/fuzzer/FuzzerLoop.cpp:611:15
    #18 0x4f9bf2 in fuzzer::RunOneTest(fuzzer::Fuzzer*, char const*, unsigned long) /src/llvm-project/compiler-rt/lib/fuzzer/FuzzerDriver.cpp:324:6
    #19 0x4ff49c in fuzzer::FuzzerDriver(int*, char***, int (*)(unsigned char const*, unsigned long)) /src/llvm-project/compiler-rt/lib/fuzzer/FuzzerDriver.cpp:860:9
    #20 0x5289d2 in main /src/llvm-project/compiler-rt/lib/fuzzer/FuzzerMain.cpp:20:10
    #21 0x765a54197082 in __libc_start_main (/lib/x86_64-linux-gnu/libc.so.6+0x24082) (BuildId: 87b331c034a6458c64ce09c03939e947212e18ce)
    #22 0x41f75d in _start (/out/fuzzer-parse_cbor+0x41f75d)

DEDUP_TOKEN: nlohmann::basic_json<std::__1::map, std::__1::vector, std::__1::basic_string<char, std::__1::char_traits<char>, std::__1::allocator<char> >, bool, long, unsigned long, double, std::__1::allocator>::from_cbor_internal(std::__1::vector<unsigned char, std::__1::allocator<unsigned char> > const&, unsigned long&)--nlohmann::basic_json<std::__1::map, std::__1::vector, std::__1::basic_string<char, std::__1::char_traits<char>, std::__1::allocator<char> >, bool, long, unsigned long, double, std::__1::allocator>::from_cbor_internal(std::__1::vector<unsigned char, std::__1::allocator<unsigned char> > const&, unsigned long&)--nlohmann::basic_json<std::__1::map, std::__1::vector, std::__1::basic_string<char, std::__1::char_traits<char>, std::__1::allocator<char> >, bool, long, unsigned long, double, std::__1::allocator>::from_cbor_internal(std::__1::vector<unsigned char, std::__1::allocator<unsigned char> > const&, unsigned long&)
0x60d000000268 is located 0 bytes to the right of 136-byte region [0x60d0000001e0,0x60d000000268)
allocated by thread T0 here:
    #0 0x4db9dd in operator new(unsigned long) /src/llvm-project/compiler-rt/lib/asan/asan_new_delete.cpp:95:3
    #1 0x4de121 in __libcpp_operator_new<unsigned long> /usr/local/bin/../include/c++/v1/new:245:10
    #2 0x4de121 in __libcpp_allocate /usr/local/bin/../include/c++/v1/new:271:10
    #3 0x4de121 in allocate /usr/local/bin/../include/c++/v1/__memory/allocator.h:105:38
    #4 0x4de121 in allocate /usr/local/bin/../include/c++/v1/__memory/allocator_traits.h:262:20
    #5 0x4de121 in __vallocate /usr/local/bin/../include/c++/v1/vector:931:37
    #6 0x4de121 in vector<const unsigned char *> /usr/local/bin/../include/c++/v1/vector:1135:9
    #7 0x4de121 in LLVMFuzzerTestOneInput /src/json/./test/src/fuzzer-parse_cbor.cpp:33:30
    #8 0x50e493 in fuzzer::Fuzzer::ExecuteCallback(unsigned char const*, unsigned long) /src/llvm-project/compiler-rt/lib/fuzzer/FuzzerLoop.cpp:611:15
    #9 0x4f9bf2 in fuzzer::RunOneTest(fuzzer::Fuzzer*, char const*, unsigned long) /src/llvm-project/compiler-rt/lib/fuzzer/FuzzerDriver.cpp:324:6
    #10 0x4ff49c in fuzzer::FuzzerDriver(int*, char***, int (*)(unsigned char const*, unsigned long)) /src/llvm-project/compiler-rt/lib/fuzzer/FuzzerDriver.cpp:860:9
    #11 0x5289d2 in main /src/llvm-project/compiler-rt/lib/fuzzer/FuzzerMain.cpp:20:10
    #12 0x765a54197082 in __libc_start_main (/lib/x86_64-linux-gnu/libc.so.6+0x24082) (BuildId: 87b331c034a6458c64ce09c03939e947212e18ce)

DEDUP_TOKEN: operator new(unsigned long)--__libcpp_operator_new<unsigned long>--__libcpp_allocate
SUMMARY: AddressSanitizer: heap-buffer-overflow /src/json/src/json.hpp:7428:24 in nlohmann::basic_json<std::__1::map, std::__1::vector, std::__1::basic_string<char, std::__1::char_traits<char>, std::__1::allocator<char> >, bool, long, unsigned long, double, std::__1::allocator>::from_cbor_internal(std::__1::vector<unsigned char, std::__1::allocator<unsigned char> > const&, unsigned long&)
Shadow bytes around the buggy address:
  0x0c1a7fff7ff0: 00 00 00 00 00 00 00 00 00 00 00 00 00 00 00 00
  0x0c1a7fff8000: fa fa fa fa fa fa fa fa 00 00 00 00 00 00 00 00
  0x0c1a7fff8010: 00 00 00 00 00 00 00 00 00 fa fa fa fa fa fa fa
  0x0c1a7fff8020: fa fa 00 00 00 00 00 00 00 00 00 00 00 00 00 00
  0x0c1a7fff8030: 00 00 00 fa fa fa fa fa fa fa fa fa 00 00 00 00
=>0x0c1a7fff8040: 00 00 00 00 00 00 00 00 00 00 00 00 00[fa]fa fa
  0x0c1a7fff8050: fa fa fa fa fa fa fa fa fa fa fa fa fa fa fa fa
  0x0c1a7fff8060: fa fa fa fa fa fa fa fa fa fa fa fa fa fa fa fa
  0x0c1a7fff8070: fa fa fa fa fa fa fa fa fa fa fa fa fa fa fa fa
  0x0c1a7fff8080: fa fa fa fa fa fa fa fa fa fa fa fa fa fa fa fa
  0x0c1a7fff8090: fa fa fa fa fa fa fa fa fa fa fa fa fa fa fa fa
Shadow byte legend (one shadow byte represents 8 application bytes):
  Addressable:           00
  Partially addressable: 01 02 03 04 05 06 07 
  Heap left redzone:       fa
  Freed heap region:       fd
  Stack left redzone:      f1
  Stack mid redzone:       f2
  Stack right redzone:     f3
  Stack after return:      f5
  Stack use after scope:   f8
  Global redzone:          f9
  Global init order:       f6
  Poisoned by user:        f7
  Container overflow:      fc
  Array cookie:            ac
  Intra object redzone:    bb
  ASan internal:           fe
  Left alloca redzone:     ca
  Right alloca redzone:    cb
==7==ABORTING
