Unable to find image 'n132/arvo:38369-vul' locally
38369-vul: Pulling from n132/arvo
35807b77a593: Already exists
9d6d529f0569: Already exists
2f17daf42909: Already exists
90ca37a2acfb: Already exists
f8f4d1165147: Already exists
5518c00c675f: Already exists
092cc7347e14: Already exists
7a3de62c3161: Already exists
c6175f8dcec0: Already exists
7160e556b526: Already exists
afe7b5796cd5: Already exists
c7c199fd657c: Already exists
b7b253fb6cd6: Already exists
813f7c60eceb: Already exists
43909b85497d: Already exists
c29d49176c74: Already exists
1bf55dcb5785: Already exists
b3c03fcdbd73: Already exists
d06a28d3e1b2: Already exists
003523c575a5: Already exists
1c3dcb2e6141: Pulling fs layer
0a2a2ee7fcfb: Pulling fs layer
bdaa57edf10a: Pulling fs layer
452d2673caf5: Pulling fs layer
d304ca3215b5: Pulling fs layer
9598d59e29c2: Pulling fs layer
5cea6f3ab12b: Pulling fs layer
4f4fb700ef54: Pulling fs layer
b1f41c7dbfcf: Pulling fs layer
0a1c530f3287: Pulling fs layer
d85d29031020: Pulling fs layer
ced92b00ee7b: Pulling fs layer
452d2673caf5: Waiting
d304ca3215b5: Waiting
4f4fb700ef54: Waiting
b1f41c7dbfcf: Waiting
9598d59e29c2: Waiting
0a1c530f3287: Waiting
d85d29031020: Waiting
ced92b00ee7b: Waiting
5cea6f3ab12b: Waiting
0a2a2ee7fcfb: Verifying Checksum
0a2a2ee7fcfb: Download complete
bdaa57edf10a: Download complete
452d2673caf5: Verifying Checksum
452d2673caf5: Download complete
9598d59e29c2: Download complete
5cea6f3ab12b: Verifying Checksum
5cea6f3ab12b: Download complete
4f4fb700ef54: Verifying Checksum
4f4fb700ef54: Download complete
d304ca3215b5: Verifying Checksum
d304ca3215b5: Download complete
b1f41c7dbfcf: Verifying Checksum
b1f41c7dbfcf: Download complete
0a1c530f3287: Verifying Checksum
0a1c530f3287: Download complete
ced92b00ee7b: Verifying Checksum
ced92b00ee7b: Download complete
1c3dcb2e6141: Verifying Checksum
1c3dcb2e6141: Download complete
d85d29031020: Verifying Checksum
d85d29031020: Download complete
1c3dcb2e6141: Pull complete
0a2a2ee7fcfb: Pull complete
bdaa57edf10a: Pull complete
452d2673caf5: Pull complete
d304ca3215b5: Pull complete
9598d59e29c2: Pull complete
5cea6f3ab12b: Pull complete
4f4fb700ef54: Pull complete
b1f41c7dbfcf: Pull complete
0a1c530f3287: Pull complete
d85d29031020: Pull complete
ced92b00ee7b: Pull complete
Digest: sha256:11ccda44eb866fd0d6ee2885e136648c0c559a7179328098676f701814f5cec9
Status: Downloaded newer image for n132/arvo:38369-vul
INFO: Running with entropic power schedule (0xFF, 100).
INFO: Seed: 3073493254
INFO: Loaded 1 modules   (12244 inline 8-bit counters): 12244 [0x806ac0, 0x809a94), 
INFO: Loaded 1 PC tables (12244 PCs): 12244 [0x809a98,0x8397d8), 
/out/dav1d_fuzzer: Running 1 inputs 1 time(s) each.
Running: /tmp/poc
=================================================================
==7==ERROR: AddressSanitizer: heap-buffer-overflow on address 0x629000009a40 at pc 0x000000538557 bp 0x7ffc446a4d70 sp 0x7ffc446a4538
READ of size 948 at 0x629000009a40 thread T0
SCARINESS: 26 (multi-byte-read-heap-buffer-overflow)
    #0 0x538556 in __asan_memcpy /src/llvm-project/compiler-rt/lib/asan/asan_interceptors_memintrinsics.cpp:22:3
    #1 0x75ea5c in backup_lpf /work/build/../../src/dav1d/src/lr_apply_tmpl.c:88:17
    #2 0x75e202 in dav1d_lr_copy_lpf_16bpc /work/build/../../src/dav1d/src/lr_apply_tmpl.c:148:13
    #3 0x68b529 in dav1d_filter_sbrow_deblock_rows_16bpc /work/build/../../src/dav1d/src/recon_tmpl.c:2076:9
    #4 0x68cca2 in dav1d_filter_sbrow_16bpc /work/build/../../src/dav1d/src/recon_tmpl.c:2154:5
    #5 0x593b3b in dav1d_decode_frame_main /work/build/../../src/dav1d/src/decode.c:3331:13
    #6 0x5945c4 in dav1d_decode_frame /work/build/../../src/dav1d/src/decode.c:3396:19
    #7 0x59798a in dav1d_submit_frame /work/build/../../src/dav1d/src/decode.c:3767:20
    #8 0x5e0305 in dav1d_parse_obus /work/build/../../src/dav1d/src/obu.c:1608:24
    #9 0x5736d7 in gen_picture /work/build/../../src/dav1d/src/lib.c:394:15
    #10 0x573385 in dav1d_send_data /work/build/../../src/dav1d/src/lib.c:424:15
    #11 0x5725b0 in LLVMFuzzerTestOneInput /work/build/../../src/dav1d/tests/libfuzzer/dav1d_fuzzer.c:164:24
    #12 0x46e643 in fuzzer::Fuzzer::ExecuteCallback(unsigned char const*, unsigned long) cxa_noexception.cpp
    #13 0x45b2e2 in fuzzer::RunOneTest(fuzzer::Fuzzer*, char const*, unsigned long) /src/llvm-project/compiler-rt/lib/fuzzer/FuzzerDriver.cpp:324:6
    #14 0x460d0b in fuzzer::FuzzerDriver(int*, char***, int (*)(unsigned char const*, unsigned long)) cxa_noexception.cpp
    #15 0x486bb2 in main /src/llvm-project/compiler-rt/lib/fuzzer/FuzzerMain.cpp:20:10
    #16 0x709715628082 in __libc_start_main (/lib/x86_64-linux-gnu/libc.so.6+0x24082)
    #17 0x4383fd in _start (/out/dav1d_fuzzer+0x4383fd)

DEDUP_TOKEN: __asan_memcpy--backup_lpf--dav1d_lr_copy_lpf_16bpc
0x629000009a40 is located 0 bytes to the right of 18496-byte region [0x629000005200,0x629000009a40)
allocated by thread T0 here:
    #0 0x539c07 in posix_memalign /src/llvm-project/compiler-rt/lib/asan/asan_malloc_linux.cpp:210:3
    #1 0x58ef5d in dav1d_alloc_aligned /work/build/../../src/dav1d/src/mem.h:66:9
    #2 0x58ef5d in dav1d_decode_frame_init /work/build/../../src/dav1d/src/decode.c:3127:27
    #3 0x5944e3 in dav1d_decode_frame /work/build/../../src/dav1d/src/decode.c:3378:15
    #4 0x59798a in dav1d_submit_frame /work/build/../../src/dav1d/src/decode.c:3767:20
    #5 0x5e0305 in dav1d_parse_obus /work/build/../../src/dav1d/src/obu.c:1608:24
    #6 0x5736d7 in gen_picture /work/build/../../src/dav1d/src/lib.c:394:15
    #7 0x573385 in dav1d_send_data /work/build/../../src/dav1d/src/lib.c:424:15
    #8 0x5725b0 in LLVMFuzzerTestOneInput /work/build/../../src/dav1d/tests/libfuzzer/dav1d_fuzzer.c:164:24
    #9 0x46e643 in fuzzer::Fuzzer::ExecuteCallback(unsigned char const*, unsigned long) cxa_noexception.cpp
    #10 0x45b2e2 in fuzzer::RunOneTest(fuzzer::Fuzzer*, char const*, unsigned long) /src/llvm-project/compiler-rt/lib/fuzzer/FuzzerDriver.cpp:324:6
    #11 0x460d0b in fuzzer::FuzzerDriver(int*, char***, int (*)(unsigned char const*, unsigned long)) cxa_noexception.cpp
    #12 0x486bb2 in main /src/llvm-project/compiler-rt/lib/fuzzer/FuzzerMain.cpp:20:10
    #13 0x709715628082 in __libc_start_main (/lib/x86_64-linux-gnu/libc.so.6+0x24082)

DEDUP_TOKEN: posix_memalign--dav1d_alloc_aligned--dav1d_decode_frame_init
SUMMARY: AddressSanitizer: heap-buffer-overflow /src/llvm-project/compiler-rt/lib/asan/asan_interceptors_memintrinsics.cpp:22:3 in __asan_memcpy
Shadow bytes around the buggy address:
  0x0c527fff92f0: 00 00 00 00 00 00 00 00 00 00 00 00 00 00 00 00
  0x0c527fff9300: 00 00 00 00 00 00 00 00 00 00 00 00 00 00 00 00
  0x0c527fff9310: 00 00 00 00 00 00 00 00 00 00 00 00 00 00 00 00
  0x0c527fff9320: 00 00 00 00 00 00 00 00 00 00 00 00 00 00 00 00
  0x0c527fff9330: 00 00 00 00 00 00 00 00 00 00 00 00 00 00 00 00
=>0x0c527fff9340: 00 00 00 00 00 00 00 00[fa]fa fa fa fa fa fa fa
  0x0c527fff9350: fa fa fa fa fa fa fa fa fa fa fa fa fa fa fa fa
  0x0c527fff9360: fa fa fa fa fa fa fa fa fa fa fa fa fa fa fa fa
  0x0c527fff9370: fa fa fa fa fa fa fa fa fa fa fa fa fa fa fa fa
  0x0c527fff9380: fa fa fa fa fa fa fa fa fa fa fa fa fa fa fa fa
  0x0c527fff9390: fa fa fa fa fa fa fa fa fa fa fa fa fa fa fa fa
Shadow byte legend (one shadow byte represents 8 application bytes):
  Addressable:           00
  Partially addressable: 01 02 03 04 05 06 07 
  Heap left redzone:       fa
  Freed heap region:       fd
  Stack left redzone:      f1
  Stack mid redzone:       f2
  Stack right redzone:     f3
  Stack after return:      f5
  Stack use after scope:   f8
  Global redzone:          f9
  Global init order:       f6
  Poisoned by user:        f7
  Container overflow:      fc
  Array cookie:            ac
  Intra object redzone:    bb
  ASan internal:           fe
  Left alloca redzone:     ca
  Right alloca redzone:    cb
==7==ABORTING
