Unable to find image 'n132/arvo:38553-vul' locally
38553-vul: Pulling from n132/arvo
35807b77a593: Already exists
9d6d529f0569: Already exists
2f17daf42909: Already exists
90ca37a2acfb: Already exists
f8f4d1165147: Already exists
5518c00c675f: Already exists
092cc7347e14: Already exists
7a3de62c3161: Already exists
c6175f8dcec0: Already exists
7160e556b526: Already exists
afe7b5796cd5: Already exists
c7c199fd657c: Already exists
b7b253fb6cd6: Already exists
813f7c60eceb: Already exists
43909b85497d: Already exists
c29d49176c74: Already exists
1bf55dcb5785: Already exists
b3c03fcdbd73: Already exists
d06a28d3e1b2: Already exists
003523c575a5: Already exists
37a670189aba: Pulling fs layer
3e7d49c2641f: Pulling fs layer
3da43d9571cc: Pulling fs layer
bb23bd46f9bf: Pulling fs layer
aa12d4e32959: Pulling fs layer
4f4fb700ef54: Pulling fs layer
5594c996776b: Pulling fs layer
c9fa875dbdc5: Pulling fs layer
f6fc617aa9fc: Pulling fs layer
5594c996776b: Waiting
bb23bd46f9bf: Waiting
f6fc617aa9fc: Waiting
aa12d4e32959: Waiting
c9fa875dbdc5: Waiting
4f4fb700ef54: Waiting
3e7d49c2641f: Verifying Checksum
3e7d49c2641f: Download complete
3da43d9571cc: Verifying Checksum
3da43d9571cc: Download complete
aa12d4e32959: Verifying Checksum
aa12d4e32959: Download complete
4f4fb700ef54: Verifying Checksum
4f4fb700ef54: Download complete
bb23bd46f9bf: Verifying Checksum
bb23bd46f9bf: Download complete
5594c996776b: Verifying Checksum
5594c996776b: Download complete
f6fc617aa9fc: Verifying Checksum
f6fc617aa9fc: Download complete
37a670189aba: Verifying Checksum
37a670189aba: Download complete
37a670189aba: Pull complete
3e7d49c2641f: Pull complete
3da43d9571cc: Pull complete
bb23bd46f9bf: Pull complete
aa12d4e32959: Pull complete
4f4fb700ef54: Pull complete
5594c996776b: Pull complete
c9fa875dbdc5: Verifying Checksum
c9fa875dbdc5: Download complete
c9fa875dbdc5: Pull complete
f6fc617aa9fc: Pull complete
Digest: sha256:9623e0c37480acade72ddd569681113259c952f153bfd449540ca421eaa80f88
Status: Downloaded newer image for n132/arvo:38553-vul
INFO: Running with entropic power schedule (0xFF, 100).
INFO: Seed: 3154302956
INFO: Loaded 1 modules   (58161 inline 8-bit counters): 58161 [0xbfbed0, 0xc0a201), 
INFO: Loaded 1 PC tables (58161 PCs): 58161 [0xab47e0,0xb97af0), 
/out/simple_compress: Running 1 inputs 1 time(s) each.
Running: /tmp/poc
=================================================================
==7==ERROR: AddressSanitizer: heap-buffer-overflow on address 0x61b00000061f at pc 0x0000009583ab bp 0x7ffca0b13ca0 sp 0x7ffca0b13c98
WRITE of size 1 at 0x61b00000061f thread T0
SCARINESS: 31 (1-byte-write-heap-buffer-overflow)
    #0 0x9583aa in FSE_writeNCount_generic /src/zstd/tests/fuzz/../../lib/compress/fse_compress.c:317:12
    #1 0x957b90 in FSE_writeNCount /src/zstd/tests/fuzz/../../lib/compress/fse_compress.c
    #2 0x95e48f in ZSTD_buildCTable /src/zstd/tests/fuzz/../../lib/compress/zstd_compress_sequences.c:280:39
    #3 0x94933c in ZSTD_buildSequencesStatistics /src/zstd/tests/fuzz/../../lib/compress/zstd_compress.c:2516:38
    #4 0x950d87 in ZSTD_entropyCompressSeqStore_internal /src/zstd/tests/fuzz/../../lib/compress/zstd_compress.c:2649:17
    #5 0x950d87 in ZSTD_entropyCompressSeqStore /src/zstd/tests/fuzz/../../lib/compress/zstd_compress.c:2701:26
    #6 0x94b14b in ZSTD_compressBlock_internal /src/zstd/tests/fuzz/../../lib/compress/zstd_compress.c:3784:13
    #7 0x926f55 in ZSTD_compress_frameChunk /src/zstd/tests/fuzz/../../lib/compress/zstd_compress.c:3971:25
    #8 0x926f55 in ZSTD_compressContinue_internal /src/zstd/tests/fuzz/../../lib/compress/zstd_compress.c:4142:30
    #9 0x92eda0 in ZSTD_compressEnd /src/zstd/tests/fuzz/../../lib/compress/zstd_compress.c:4646:26
    #10 0x9301b9 in ZSTD_compress_advanced_internal /src/zstd/tests/fuzz/../../lib/compress/zstd_compress.c:4695:12
    #11 0x9301b9 in ZSTD_compress_usingDict /src/zstd/tests/fuzz/../../lib/compress/zstd_compress.c:4710:12
    #12 0x9302e6 in ZSTD_compressCCtx /src/zstd/tests/fuzz/../../lib/compress/zstd_compress.c:4720:12
    #13 0xa6c4e6 in LLVMFuzzerTestOneInput /src/zstd/tests/fuzz/simple_compress.c:46:24
    #14 0x455953 in fuzzer::Fuzzer::ExecuteCallback(unsigned char const*, unsigned long) cxa_noexception.cpp
    #15 0x4425f2 in fuzzer::RunOneTest(fuzzer::Fuzzer*, char const*, unsigned long) /src/llvm-project/compiler-rt/lib/fuzzer/FuzzerDriver.cpp:324:6
    #16 0x44801b in fuzzer::FuzzerDriver(int*, char***, int (*)(unsigned char const*, unsigned long)) cxa_noexception.cpp
    #17 0x46dec2 in main /src/llvm-project/compiler-rt/lib/fuzzer/FuzzerMain.cpp:20:10
    #18 0x78327d79f082 in __libc_start_main (/lib/x86_64-linux-gnu/libc.so.6+0x24082)
    #19 0x41f70d in _start (/out/simple_compress+0x41f70d)

DEDUP_TOKEN: FSE_writeNCount_generic--FSE_writeNCount--ZSTD_buildCTable
0x61b00000061f is located 0 bytes to the right of 1439-byte region [0x61b000000080,0x61b00000061f)
allocated by thread T0 here:
    #0 0x5204ad in __interceptor_malloc /src/llvm-project/compiler-rt/lib/asan/asan_malloc_linux.cpp:129:3
    #1 0x560427 in FUZZ_malloc /src/zstd/tests/fuzz/fuzz_helpers.c:19:27
    #2 0xa6c4c8 in LLVMFuzzerTestOneInput /src/zstd/tests/fuzz/simple_compress.c:45:18
    #3 0x455953 in fuzzer::Fuzzer::ExecuteCallback(unsigned char const*, unsigned long) cxa_noexception.cpp
    #4 0x4425f2 in fuzzer::RunOneTest(fuzzer::Fuzzer*, char const*, unsigned long) /src/llvm-project/compiler-rt/lib/fuzzer/FuzzerDriver.cpp:324:6
    #5 0x44801b in fuzzer::FuzzerDriver(int*, char***, int (*)(unsigned char const*, unsigned long)) cxa_noexception.cpp
    #6 0x46dec2 in main /src/llvm-project/compiler-rt/lib/fuzzer/FuzzerMain.cpp:20:10
    #7 0x78327d79f082 in __libc_start_main (/lib/x86_64-linux-gnu/libc.so.6+0x24082)

DEDUP_TOKEN: __interceptor_malloc--FUZZ_malloc--LLVMFuzzerTestOneInput
SUMMARY: AddressSanitizer: heap-buffer-overflow /src/zstd/tests/fuzz/../../lib/compress/fse_compress.c:317:12 in FSE_writeNCount_generic
Shadow bytes around the buggy address:
  0x0c367fff8070: 00 00 00 00 00 00 00 00 00 00 00 00 00 00 00 00
  0x0c367fff8080: 00 00 00 00 00 00 00 00 00 00 00 00 00 00 00 00
  0x0c367fff8090: 00 00 00 00 00 00 00 00 00 00 00 00 00 00 00 00
  0x0c367fff80a0: 00 00 00 00 00 00 00 00 00 00 00 00 00 00 00 00
  0x0c367fff80b0: 00 00 00 00 00 00 00 00 00 00 00 00 00 00 00 00
=>0x0c367fff80c0: 00 00 00[07]fa fa fa fa fa fa fa fa fa fa fa fa
  0x0c367fff80d0: fa fa fa fa fa fa fa fa fa fa fa fa fa fa fa fa
  0x0c367fff80e0: fa fa fa fa fa fa fa fa fa fa fa fa fa fa fa fa
  0x0c367fff80f0: fa fa fa fa fa fa fa fa fa fa fa fa fa fa fa fa
  0x0c367fff8100: fa fa fa fa fa fa fa fa fa fa fa fa fa fa fa fa
  0x0c367fff8110: fa fa fa fa fa fa fa fa fa fa fa fa fa fa fa fa
Shadow byte legend (one shadow byte represents 8 application bytes):
  Addressable:           00
  Partially addressable: 01 02 03 04 05 06 07 
  Heap left redzone:       fa
  Freed heap region:       fd
  Stack left redzone:      f1
  Stack mid redzone:       f2
  Stack right redzone:     f3
  Stack after return:      f5
  Stack use after scope:   f8
  Global redzone:          f9
  Global init order:       f6
  Poisoned by user:        f7
  Container overflow:      fc
  Array cookie:            ac
  Intra object redzone:    bb
  ASan internal:           fe
  Left alloca redzone:     ca
  Right alloca redzone:    cb
==7==ABORTING
