=================================================================
==7==ERROR: AddressSanitizer: global-buffer-overflow on address 0x000000c94518 at pc 0x00000056deb7 bp 0x7ffd09b738d0 sp 0x7ffd09b738c8
READ of size 4 at 0x000000c94518 thread T0
SCARINESS: 17 (4-byte-read-global-buffer-overflow)
    #0 0x56deb6 in decode_vector /src/ffmpeg/libavcodec/siren.c:652:58
    #1 0x569118 in siren_decode /src/ffmpeg/libavcodec/siren.c:734:11
    #2 0x5216ce in decode_simple_internal /src/ffmpeg/libavcodec/decode.c:326:15
    #3 0x520ee5 in decode_simple_receive_frame /src/ffmpeg/libavcodec/decode.c:517:15
    #4 0x5129fd in decode_receive_frame_internal /src/ffmpeg/libavcodec/decode.c:537:15
    #5 0x5132a9 in avcodec_receive_frame /src/ffmpeg/libavcodec/decode.c:652:15
    #6 0x4fd3da in audio_video_handler /src/ffmpeg/tools/target_dec_fuzzer.c:95:15
    #7 0x4fc446 in LLVMFuzzerTestOneInput /src/ffmpeg/tools/target_dec_fuzzer.c:443:9
    #8 0xc3e135 in ExecuteFilesOnyByOne /src/aflplusplus/utils/aflpp_driver/aflpp_driver.c:191:7
    #9 0xc3dfa5 in main /src/aflplusplus/utils/aflpp_driver/aflpp_driver.c
    #10 0x79fa12b8a082 in __libc_start_main (/lib/x86_64-linux-gnu/libc.so.6+0x24082)
    #11 0x44a67d in _start (/out/ffmpeg_AV_CODEC_ID_MSNSIREN_fuzzer+0x44a67d)

DEDUP_TOKEN: decode_vector--siren_decode--decode_simple_internal
0x000000c94518 is located 40 bytes to the left of global variable 'noise_category6' defined in 'libavcodec/siren.c:351:20' (0xc94540) of size 84
0x000000c94518 is located 4 bytes to the right of global variable 'noise_category5' defined in 'libavcodec/siren.c:346:20' (0xc944c0) of size 84
SUMMARY: AddressSanitizer: global-buffer-overflow /src/ffmpeg/libavcodec/siren.c:652:58 in decode_vector
Shadow bytes around the buggy address:
  0x00008018a850: f9 f9 f9 f9 f9 f9 f9 f9 f9 f9 f9 f9 f9 f9 f9 f9
  0x00008018a860: f9 f9 f9 f9 00 f9 f9 f9 f9 f9 f9 f9 00 00 00 00
  0x00008018a870: 00 00 00 f9 f9 f9 f9 f9 00 f9 f9 f9 f9 f9 f9 f9
  0x00008018a880: 00 00 00 04 f9 f9 f9 f9 00 f9 f9 f9 f9 f9 f9 f9
  0x00008018a890: 00 f9 f9 f9 f9 f9 f9 f9 00 00 00 00 00 00 00 00
=>0x00008018a8a0: 00 00 04[f9]f9 f9 f9 f9 00 00 00 00 00 00 00 00
  0x00008018a8b0: 00 00 04 f9 f9 f9 f9 f9 00 00 00 00 00 00 00 00
  0x00008018a8c0: 00 00 00 00 00 00 00 00 00 00 00 00 00 00 00 00
  0x00008018a8d0: 00 00 00 00 00 00 00 00 00 00 00 00 00 00 00 00
  0x00008018a8e0: 00 00 00 00 00 00 00 00 00 00 00 00 00 00 00 00
  0x00008018a8f0: 00 00 00 00 00 00 00 00 00 00 00 00 00 00 00 00
Shadow byte legend (one shadow byte represents 8 application bytes):
  Addressable:           00
  Partially addressable: 01 02 03 04 05 06 07 
  Heap left redzone:       fa
  Freed heap region:       fd
  Stack left redzone:      f1
  Stack mid redzone:       f2
  Stack right redzone:     f3
  Stack after return:      f5
  Stack use after scope:   f8
  Global redzone:          f9
  Global init order:       f6
  Poisoned by user:        f7
  Container overflow:      fc
  Array cookie:            ac
  Intra object redzone:    bb
  ASan internal:           fe
  Left alloca redzone:     ca
  Right alloca redzone:    cb
  Shadow gap:              cc
==7==ABORTING
