INFO: Running with entropic power schedule (0xFF, 100).
INFO: Seed: 119572127
INFO: Loaded 1 modules   (11730 inline 8-bit counters): 11730 [0x6d1b60, 0x6d4932),
INFO: Loaded 1 PC tables (11730 PCs): 11730 [0x6d4938,0x702658),
/out/ssml-fuzzer: Running 1 inputs 1 time(s) each.
Running: /tmp/poc
Unknown phoneme table: ''
=================================================================
==13==ERROR: AddressSanitizer: stack-buffer-underflow on address 0x733cbd009000 at pc 0x000000564519 bp 0x7ffcca85fe90 sp 0x7ffcca85fe88
READ of size 8 at 0x733cbd009000 thread T0
SCARINESS: 48 (8-byte-read-stack-buffer-underflow-far-from-bounds)
    #0 0x564518 in CountVowelPosition /src/espeak-ng/src/libespeak-ng/synthdata.c:473:14
    #1 0x564518 in InterpretCondition /src/espeak-ng/src/libespeak-ng/synthdata.c:652:12
    #2 0x564518 in InterpretPhoneme /src/espeak-ng/src/libespeak-ng/synthdata.c:851:14
    #3 0x56499f in InterpretPhoneme2 /src/espeak-ng/src/libespeak-ng/synthdata.c:998:2
    #4 0x614bf4 in CalcLengths /src/espeak-ng/src/libespeak-ng/setlengths.c:749:5
    #5 0x573961 in SpeakNextClause /src/espeak-ng/src/libespeak-ng/synthesize.c:1572:2
    #6 0x55c0d1 in Synthesize /src/espeak-ng/src/libespeak-ng/speech.c:492:9
    #7 0x55cc90 in sync_espeak_Synth /src/espeak-ng/src/libespeak-ng/speech.c:570:29
    #8 0x55cc90 in espeak_ng_Synthesize /src/espeak-ng/src/libespeak-ng/speech.c:678:10
    #9 0x55954d in espeak_Synth /src/espeak-ng/src/libespeak-ng/espeak_api.c:90:32
    #10 0x5591c8 in LLVMFuzzerTestOneInput /src/espeak-ng/tests/ssml-fuzzer.c:67:8
    #11 0x455a43 in fuzzer::Fuzzer::ExecuteCallback(unsigned char const*, unsigned long) cxa_noexception.cpp
    #12 0x4426e2 in fuzzer::RunOneTest(fuzzer::Fuzzer*, char const*, unsigned long) /src/llvm-project/compiler-rt/lib/fuzzer/FuzzerDriver.cpp:324:6
    #13 0x44810b in fuzzer::FuzzerDriver(int*, char***, int (*)(unsigned char const*, unsigned long)) cxa_noexception.cpp
    #14 0x46dfb2 in main /src/llvm-project/compiler-rt/lib/fuzzer/FuzzerMain.cpp:20:10
    #15 0x733cbd0d9082 in __libc_start_main (/lib/x86_64-linux-gnu/libc.so.6+0x24082)
    #16 0x41f7fd in _start (/out/ssml-fuzzer+0x41f7fd)

DEDUP_TOKEN: CountVowelPosition--InterpretCondition--InterpretPhoneme
Address 0x733cbd009000 is located in stack of thread T0 at offset 0 in frame
    #0 0x56479f in InterpretPhoneme2 /src/espeak-ng/src/libespeak-ng/synthdata.c:983

DEDUP_TOKEN: InterpretPhoneme2
  This frame has 1 object(s):
    [32, 192) 'plist' (line 986)
HINT: this may be a false positive if your program uses some custom stack unwind mechanism, swapcontext or vfork
      (longjmp and C++ exceptions *are* supported)
SUMMARY: AddressSanitizer: stack-buffer-underflow /src/espeak-ng/src/libespeak-ng/synthdata.c:473:14 in CountVowelPosition
Shadow bytes around the buggy address:
  0x0e68179f91b0: f5 f5 f5 f5 f5 f5 f5 f5 f5 f5 f5 f5 f5 f5 f5 f5
  0x0e68179f91c0: f5 f5 f5 f5 f5 f5 f5 f5 f5 f5 f5 f5 f5 f5 f5 f5
  0x0e68179f91d0: f5 f5 f5 f5 f5 f5 f5 f5 f5 f5 f5 f5 f5 f5 f5 f5
  0x0e68179f91e0: f1 f1 f1 f1 00 00 00 00 00 00 00 00 00 00 00 00
  0x0e68179f91f0: 00 00 00 00 00 00 00 f3 f3 f3 f3 f3 f3 f3 f3 f3
=>0x0e68179f9200:[f1]f1 f1 f1 00 00 00 00 00 00 00 00 00 00 00 00
  0x0e68179f9210: 00 00 00 00 00 00 00 00 f3 f3 f3 f3 f3 f3 f3 f3
  0x0e68179f9220: f1 f1 f1 f1 00 00 00 00 00 00 00 00 00 00 f3 f3
  0x0e68179f9230: f3 f3 f3 f3 00 00 00 00 00 00 00 00 00 00 00 00
  0x0e68179f9240: f5 f5 f5 f5 f5 f5 f5 f5 f5 f5 f5 f5 f5 f5 f5 f5
  0x0e68179f9250: f5 f5 f5 f5 f5 f5 f5 f5 f5 f5 f5 f5 f5 f5 f5 f5
Shadow byte legend (one shadow byte represents 8 application bytes):
  Addressable:           00
  Partially addressable: 01 02 03 04 05 06 07
  Heap left redzone:       fa
  Freed heap region:       fd
  Stack left redzone:      f1
  Stack mid redzone:       f2
  Stack right redzone:     f3
  Stack after return:      f5
  Stack use after scope:   f8
  Global redzone:          f9
  Global init order:       f6
  Poisoned by user:        f7
  Container overflow:      fc
  Array cookie:            ac
  Intra object redzone:    bb
  ASan internal:           fe
  Left alloca redzone:     ca
  Right alloca redzone:    cb
==13==ABORTING