Unable to find image 'n132/arvo:39956-vul' locally
39956-vul: Pulling from n132/arvo
f3ef4ff62e0d: Pulling fs layer
71597766d6d1: Pulling fs layer
fa95a0422deb: Pulling fs layer
0ca9a930fa05: Pulling fs layer
bf972e7061f1: Pulling fs layer
b38562501b1a: Pulling fs layer
62305f0fdabd: Pulling fs layer
951f8168d803: Pulling fs layer
4d531cb354da: Pulling fs layer
29822b19036a: Pulling fs layer
7bf32ce85a9e: Pulling fs layer
885df2877d55: Pulling fs layer
3d148047a880: Pulling fs layer
b35fbbd983c8: Pulling fs layer
628ce4e25f21: Pulling fs layer
e599a6301f30: Pulling fs layer
0bef90d26266: Pulling fs layer
eb1eb4fb51ff: Pulling fs layer
99d233c76f00: Pulling fs layer
05c63b33929c: Pulling fs layer
9d8d4052f2d9: Pulling fs layer
755b4e57ba04: Pulling fs layer
4b3c335fee1e: Pulling fs layer
f99bb703191a: Pulling fs layer
4f5e97ae6e74: Pulling fs layer
7bf32ce85a9e: Waiting
885df2877d55: Waiting
46ae7de2b30a: Pulling fs layer
951f8168d803: Waiting
57bc5c963898: Pulling fs layer
3d148047a880: Waiting
4d531cb354da: Waiting
29822b19036a: Waiting
2227ef789d92: Pulling fs layer
5aa475772875: Pulling fs layer
b1878b0e6091: Pulling fs layer
21638010cdb2: Pulling fs layer
0ca9a930fa05: Waiting
5da96525a496: Pulling fs layer
37cbb8e9994b: Pulling fs layer
4b3c335fee1e: Waiting
7838320c47e0: Pulling fs layer
f99bb703191a: Waiting
755b4e57ba04: Waiting
a1ec9c058d3d: Pulling fs layer
4f5e97ae6e74: Waiting
bf972e7061f1: Waiting
b35fbbd983c8: Waiting
0b73a60837b1: Pulling fs layer
99d233c76f00: Waiting
de3d06c8309c: Pulling fs layer
628ce4e25f21: Waiting
9299b815c334: Pulling fs layer
0df1d89d2d14: Pulling fs layer
b38562501b1a: Waiting
e599a6301f30: Waiting
0bef90d26266: Waiting
043a88907413: Pulling fs layer
62305f0fdabd: Waiting
46686996e822: Pulling fs layer
46ae7de2b30a: Waiting
57bc5c963898: Waiting
ae302fb310a5: Pulling fs layer
05c63b33929c: Waiting
2227ef789d92: Waiting
9d8d4052f2d9: Waiting
5aa475772875: Waiting
7838320c47e0: Waiting
eb1eb4fb51ff: Waiting
b1878b0e6091: Waiting
0df1d89d2d14: Waiting
21638010cdb2: Waiting
de3d06c8309c: Waiting
a1ec9c058d3d: Waiting
5da96525a496: Waiting
043a88907413: Waiting
46686996e822: Waiting
9299b815c334: Waiting
ae302fb310a5: Waiting
0b73a60837b1: Waiting
37cbb8e9994b: Waiting
fa95a0422deb: Verifying Checksum
fa95a0422deb: Download complete
f3ef4ff62e0d: Verifying Checksum
f3ef4ff62e0d: Download complete
71597766d6d1: Verifying Checksum
71597766d6d1: Download complete
f3ef4ff62e0d: Pull complete
bf972e7061f1: Verifying Checksum
bf972e7061f1: Download complete
71597766d6d1: Pull complete
fa95a0422deb: Pull complete
0ca9a930fa05: Verifying Checksum
0ca9a930fa05: Download complete
0ca9a930fa05: Pull complete
bf972e7061f1: Pull complete
b38562501b1a: Verifying Checksum
b38562501b1a: Download complete
62305f0fdabd: Verifying Checksum
62305f0fdabd: Download complete
29822b19036a: Verifying Checksum
29822b19036a: Download complete
7bf32ce85a9e: Download complete
4d531cb354da: Verifying Checksum
4d531cb354da: Download complete
885df2877d55: Verifying Checksum
885df2877d55: Download complete
b35fbbd983c8: Verifying Checksum
b35fbbd983c8: Download complete
3d148047a880: Verifying Checksum
3d148047a880: Download complete
951f8168d803: Verifying Checksum
951f8168d803: Download complete
e599a6301f30: Verifying Checksum
e599a6301f30: Download complete
628ce4e25f21: Verifying Checksum
628ce4e25f21: Download complete
b38562501b1a: Pull complete
62305f0fdabd: Pull complete
0bef90d26266: Verifying Checksum
0bef90d26266: Download complete
99d233c76f00: Verifying Checksum
99d233c76f00: Download complete
05c63b33929c: Verifying Checksum
05c63b33929c: Download complete
eb1eb4fb51ff: Verifying Checksum
eb1eb4fb51ff: Download complete
755b4e57ba04: Verifying Checksum
755b4e57ba04: Download complete
951f8168d803: Pull complete
4b3c335fee1e: Verifying Checksum
4b3c335fee1e: Download complete
4d531cb354da: Pull complete
29822b19036a: Pull complete
4f5e97ae6e74: Verifying Checksum
4f5e97ae6e74: Download complete
7bf32ce85a9e: Pull complete
885df2877d55: Pull complete
3d148047a880: Pull complete
b35fbbd983c8: Pull complete
628ce4e25f21: Pull complete
e599a6301f30: Pull complete
0bef90d26266: Pull complete
eb1eb4fb51ff: Pull complete
99d233c76f00: Pull complete
05c63b33929c: Pull complete
9d8d4052f2d9: Verifying Checksum
9d8d4052f2d9: Download complete
57bc5c963898: Verifying Checksum
57bc5c963898: Download complete
f99bb703191a: Verifying Checksum
f99bb703191a: Download complete
2227ef789d92: Verifying Checksum
2227ef789d92: Download complete
5aa475772875: Verifying Checksum
5aa475772875: Download complete
b1878b0e6091: Download complete
21638010cdb2: Verifying Checksum
21638010cdb2: Download complete
5da96525a496: Download complete
37cbb8e9994b: Verifying Checksum
37cbb8e9994b: Download complete
a1ec9c058d3d: Download complete
0b73a60837b1: Verifying Checksum
0b73a60837b1: Download complete
46ae7de2b30a: Verifying Checksum
46ae7de2b30a: Download complete
de3d06c8309c: Verifying Checksum
de3d06c8309c: Download complete
7838320c47e0: Verifying Checksum
7838320c47e0: Download complete
9299b815c334: Verifying Checksum
9299b815c334: Download complete
043a88907413: Verifying Checksum
043a88907413: Download complete
9d8d4052f2d9: Pull complete
755b4e57ba04: Pull complete
ae302fb310a5: Verifying Checksum
ae302fb310a5: Download complete
0df1d89d2d14: Verifying Checksum
0df1d89d2d14: Download complete
4b3c335fee1e: Pull complete
f99bb703191a: Pull complete
4f5e97ae6e74: Pull complete
46ae7de2b30a: Pull complete
57bc5c963898: Pull complete
2227ef789d92: Pull complete
5aa475772875: Pull complete
b1878b0e6091: Pull complete
21638010cdb2: Pull complete
5da96525a496: Pull complete
37cbb8e9994b: Pull complete
7838320c47e0: Pull complete
a1ec9c058d3d: Pull complete
0b73a60837b1: Pull complete
de3d06c8309c: Pull complete
9299b815c334: Pull complete
0df1d89d2d14: Pull complete
043a88907413: Pull complete
46686996e822: Verifying Checksum
46686996e822: Download complete
46686996e822: Pull complete
ae302fb310a5: Pull complete
Digest: sha256:12e8f2336b0086d1f1210169f309fb32c8bfdbc88b7ebaefd69de791a34fdaee
Status: Downloaded newer image for n132/arvo:39956-vul
Warning: AFL++ tools might need to set AFL_MAP_SIZE to 273672 to be able to run this instrumented program if this crashes!
AddressSanitizer:DEADLYSIGNAL
=================================================================
==7==ERROR: AddressSanitizer: SEGV on unknown address 0x62d000808400 (pc 0x000000a6a0e5 bp 0x7ffe41fd39d0 sp 0x7ffe41fd3860 T0)
==7==The signal is caused by a WRITE memory access.
SCARINESS: 30 (wild-addr-write)
    #0 0xa6a0e5 in iir_mem /src/ffmpeg/libavcodec/speexdec.c:593:14
    #1 0xa198b8 in nb_decode /src/ffmpeg/libavcodec/speexdec.c:948:9
    #2 0xa07cf6 in speex_decode_frame /src/ffmpeg/libavcodec/speexdec.c:1557:15
    #3 0x73ba7c in decode_simple_internal /src/ffmpeg/libavcodec/decode.c:326:15
    #4 0x73485f in decode_simple_receive_frame /src/ffmpeg/libavcodec/decode.c:521:15
    #5 0x6b3a5e in decode_receive_frame_internal /src/ffmpeg/libavcodec/decode.c:541:15
    #6 0x6b1162 in avcodec_send_packet /src/ffmpeg/libavcodec/decode.c:608:15
    #7 0x5b740c in LLVMFuzzerTestOneInput /src/ffmpeg/tools/target_dec_fuzzer.c:390:25
    #8 0x3edf235 in ExecuteFilesOnyByOne /src/aflplusplus/utils/aflpp_driver/aflpp_driver.c:191:7
    #9 0x3edf0a5 in main /src/aflplusplus/utils/aflpp_driver/aflpp_driver.c
    #10 0x7c3c37ca4082 in __libc_start_main (/lib/x86_64-linux-gnu/libc.so.6+0x24082)
    #11 0x4e9c4d in _start (/out/ffmpeg_AV_CODEC_ID_SPEEX_fuzzer+0x4e9c4d)

DEDUP_TOKEN: iir_mem--nb_decode--speex_decode_frame
AddressSanitizer can not provide additional info.
SUMMARY: AddressSanitizer: SEGV /src/ffmpeg/libavcodec/speexdec.c:593:14 in iir_mem
==7==ABORTING
