Unable to find image 'n132/arvo:40109-vul' locally
40109-vul: Pulling from n132/arvo
7b1a6ab2e44d: Pulling fs layer
3db5a06781f7: Pulling fs layer
4bc550331c6f: Pulling fs layer
a6d5685e64fc: Pulling fs layer
a3e8212399ba: Pulling fs layer
737743401d02: Pulling fs layer
281dcb2e8d5b: Pulling fs layer
c31be67b4491: Pulling fs layer
475ce257aa0c: Pulling fs layer
444623cf0367: Pulling fs layer
a4a17477586a: Pulling fs layer
79beabc01ac3: Pulling fs layer
dde9776a2dc0: Pulling fs layer
1b050f3674aa: Pulling fs layer
8090ab54c672: Pulling fs layer
e5e06d4e8bf9: Pulling fs layer
1cc4fa0331d1: Pulling fs layer
294ccd663b84: Pulling fs layer
acae4e0800f5: Pulling fs layer
444623cf0367: Waiting
72697cf930c9: Pulling fs layer
a4a17477586a: Waiting
56b022438e8a: Pulling fs layer
79beabc01ac3: Waiting
dde9776a2dc0: Waiting
1b050f3674aa: Waiting
9f1c68f49aac: Pulling fs layer
223b9baef51d: Pulling fs layer
8090ab54c672: Waiting
3e951c057f8f: Pulling fs layer
20f8c377aed9: Pulling fs layer
e5e06d4e8bf9: Waiting
1cc4fa0331d1: Waiting
a3e8212399ba: Waiting
a6d5685e64fc: Waiting
059a7bbc6506: Pulling fs layer
281dcb2e8d5b: Waiting
c31be67b4491: Waiting
8a346fbd9419: Pulling fs layer
737743401d02: Waiting
294ccd663b84: Waiting
475ce257aa0c: Waiting
acae4e0800f5: Waiting
b84d1f2f9d81: Pulling fs layer
223b9baef51d: Waiting
9445347e41e5: Pulling fs layer
56b022438e8a: Waiting
72697cf930c9: Waiting
3e951c057f8f: Waiting
80ef8884817a: Pulling fs layer
7d15314ac202: Pulling fs layer
9f1c68f49aac: Waiting
2ca66a256bd6: Pulling fs layer
20f8c377aed9: Waiting
e7f8880e9674: Pulling fs layer
b84d1f2f9d81: Waiting
8a346fbd9419: Waiting
059a7bbc6506: Waiting
7d15314ac202: Waiting
9f510b9fd8be: Pulling fs layer
2ca66a256bd6: Waiting
eda9160c5663: Pulling fs layer
9445347e41e5: Waiting
9f510b9fd8be: Waiting
b89a06483ae4: Pulling fs layer
6283c396ef14: Pulling fs layer
b89a06483ae4: Waiting
a2097e587b01: Pulling fs layer
339f9b7249ef: Pulling fs layer
eda9160c5663: Waiting
1c06759bc069: Pulling fs layer
ef26c5ac39c5: Pulling fs layer
6283c396ef14: Waiting
a2097e587b01: Waiting
339f9b7249ef: Waiting
1c06759bc069: Waiting
6ff1990f5f59: Pulling fs layer
ef26c5ac39c5: Waiting
6ff1990f5f59: Waiting
4bc550331c6f: Verifying Checksum
4bc550331c6f: Download complete
7b1a6ab2e44d: Verifying Checksum
7b1a6ab2e44d: Download complete
a3e8212399ba: Verifying Checksum
a3e8212399ba: Download complete
7b1a6ab2e44d: Pull complete
a6d5685e64fc: Verifying Checksum
a6d5685e64fc: Download complete
3db5a06781f7: Verifying Checksum
3db5a06781f7: Download complete
281dcb2e8d5b: Verifying Checksum
281dcb2e8d5b: Download complete
3db5a06781f7: Pull complete
4bc550331c6f: Pull complete
a6d5685e64fc: Pull complete
a3e8212399ba: Pull complete
737743401d02: Verifying Checksum
737743401d02: Download complete
c31be67b4491: Verifying Checksum
c31be67b4491: Download complete
475ce257aa0c: Verifying Checksum
475ce257aa0c: Download complete
444623cf0367: Download complete
a4a17477586a: Download complete
1b050f3674aa: Verifying Checksum
1b050f3674aa: Download complete
dde9776a2dc0: Verifying Checksum
dde9776a2dc0: Download complete
79beabc01ac3: Verifying Checksum
79beabc01ac3: Download complete
e5e06d4e8bf9: Verifying Checksum
e5e06d4e8bf9: Download complete
8090ab54c672: Verifying Checksum
8090ab54c672: Download complete
1cc4fa0331d1: Verifying Checksum
1cc4fa0331d1: Download complete
294ccd663b84: Download complete
acae4e0800f5: Download complete
72697cf930c9: Verifying Checksum
72697cf930c9: Download complete
9f1c68f49aac: Verifying Checksum
9f1c68f49aac: Download complete
737743401d02: Pull complete
281dcb2e8d5b: Pull complete
56b022438e8a: Verifying Checksum
56b022438e8a: Download complete
c31be67b4491: Pull complete
3e951c057f8f: Verifying Checksum
3e951c057f8f: Download complete
20f8c377aed9: Verifying Checksum
20f8c377aed9: Download complete
059a7bbc6506: Verifying Checksum
059a7bbc6506: Download complete
223b9baef51d: Verifying Checksum
223b9baef51d: Download complete
475ce257aa0c: Pull complete
444623cf0367: Pull complete
a4a17477586a: Pull complete
b84d1f2f9d81: Verifying Checksum
b84d1f2f9d81: Download complete
8a346fbd9419: Verifying Checksum
8a346fbd9419: Download complete
79beabc01ac3: Pull complete
9445347e41e5: Download complete
dde9776a2dc0: Pull complete
1b050f3674aa: Pull complete
8090ab54c672: Pull complete
e5e06d4e8bf9: Pull complete
1cc4fa0331d1: Pull complete
294ccd663b84: Pull complete
acae4e0800f5: Pull complete
72697cf930c9: Pull complete
80ef8884817a: Verifying Checksum
80ef8884817a: Download complete
7d15314ac202: Verifying Checksum
7d15314ac202: Download complete
e7f8880e9674: Verifying Checksum
e7f8880e9674: Download complete
2ca66a256bd6: Verifying Checksum
2ca66a256bd6: Download complete
b89a06483ae4: Verifying Checksum
b89a06483ae4: Download complete
eda9160c5663: Verifying Checksum
eda9160c5663: Download complete
a2097e587b01: Verifying Checksum
a2097e587b01: Download complete
6283c396ef14: Verifying Checksum
6283c396ef14: Download complete
339f9b7249ef: Verifying Checksum
339f9b7249ef: Download complete
1c06759bc069: Download complete
9f510b9fd8be: Verifying Checksum
9f510b9fd8be: Download complete
6ff1990f5f59: Verifying Checksum
6ff1990f5f59: Download complete
56b022438e8a: Pull complete
9f1c68f49aac: Pull complete
223b9baef51d: Pull complete
3e951c057f8f: Pull complete
20f8c377aed9: Pull complete
059a7bbc6506: Pull complete
8a346fbd9419: Pull complete
b84d1f2f9d81: Pull complete
9445347e41e5: Pull complete
80ef8884817a: Pull complete
7d15314ac202: Pull complete
2ca66a256bd6: Pull complete
e7f8880e9674: Pull complete
9f510b9fd8be: Pull complete
eda9160c5663: Pull complete
b89a06483ae4: Pull complete
6283c396ef14: Pull complete
a2097e587b01: Pull complete
339f9b7249ef: Pull complete
1c06759bc069: Pull complete
ef26c5ac39c5: Verifying Checksum
ef26c5ac39c5: Download complete
ef26c5ac39c5: Pull complete
6ff1990f5f59: Pull complete
Digest: sha256:071722d2a0d1eeb0e111fc72c665b78cd2a98f967eed7aca8c9225e56118d263
Status: Downloaded newer image for n132/arvo:40109-vul
=================================================================
==7==ERROR: AddressSanitizer: heap-buffer-overflow on address 0x63300001a800 at pc 0x000000fe07c3 bp 0x7ffe2cd4fdb0 sp 0x7ffe2cd4fda8
READ of size 4 at 0x63300001a800 thread T0
SCARINESS: 17 (4-byte-read-heap-buffer-overflow)
    #0 0xfe07c2 in get_bits /src/ffmpeg/libavcodec/get_bits.h:404:5
    #1 0xfdd725 in frame_header_is_valid /src/ffmpeg/libavcodec/flac_parser.c:118:21
    #2 0xfe4b16 in find_headers_search_validate /src/ffmpeg/libavcodec/flac_parser.c:202:9
    #3 0xfe3f8e in find_headers_search /src/ffmpeg/libavcodec/flac_parser.c:248:31
    #4 0xfdebb6 in find_new_headers /src/ffmpeg/libavcodec/flac_parser.c:268:18
    #5 0xfd9d49 in flac_parse /src/ffmpeg/libavcodec/flac_parser.c:666:24
    #6 0xe8aa2c in av_parser_parse2 /src/ffmpeg/libavcodec/parser.c:165:13
    #7 0x67f655 in parse_packet /src/ffmpeg/libavformat/demux.c:1127:15
    #8 0x64f5e9 in read_frame_internal /src/ffmpeg/libavformat/demux.c:1322:24
    #9 0x64c342 in av_read_frame /src/ffmpeg/libavformat/demux.c:1426:17
    #10 0x4e40d1 in LLVMFuzzerTestOneInput /src/ffmpeg/tools/target_dem_fuzzer.c:197:15
    #11 0x114fd45 in ExecuteFilesOnyByOne /src/aflplusplus/utils/aflpp_driver/aflpp_driver.c:191:7
    #12 0x114fbb5 in main /src/aflplusplus/utils/aflpp_driver/aflpp_driver.c
    #13 0x7ab6d74a8082 in __libc_start_main (/lib/x86_64-linux-gnu/libc.so.6+0x24082)
    #14 0x4299cd in _start (/out/ffmpeg_dem_FLAC_fuzzer+0x4299cd)

DEDUP_TOKEN: get_bits--frame_header_is_valid--find_headers_search_validate
0x63300001a800 is located 0 bytes to the right of 106496-byte region [0x633000000800,0x63300001a800)
allocated by thread T0 here:
    #0 0x4aac27 in posix_memalign /src/llvm-project/compiler-rt/lib/asan/asan_malloc_linux.cpp:210:3
    #1 0x10c01b8 in av_malloc /src/ffmpeg/libavutil/mem.c:104:9
    #2 0x10c16d5 in av_malloc_array /src/ffmpeg/libavutil/mem.c:211:12
    #3 0x107e760 in av_fifo_alloc_array /src/ffmpeg/libavutil/fifo.c:51:20
    #4 0x42876f in flac_parse_init /src/ffmpeg/libavcodec/flac_parser.c:747:21
    #5 0xe885d4 in av_parser_init /src/ffmpeg/libavcodec/parser.c:67:15
    #6 0x65c79f in avformat_find_stream_info /src/ffmpeg/libavformat/demux.c:2453:27
    #7 0x4e4083 in LLVMFuzzerTestOneInput /src/ffmpeg/tools/target_dem_fuzzer.c:192:11
    #8 0x114fd45 in ExecuteFilesOnyByOne /src/aflplusplus/utils/aflpp_driver/aflpp_driver.c:191:7

DEDUP_TOKEN: posix_memalign--av_malloc--av_malloc_array
SUMMARY: AddressSanitizer: heap-buffer-overflow /src/ffmpeg/libavcodec/get_bits.h:404:5 in get_bits
Shadow bytes around the buggy address:
  0x0c667fffb4b0: 00 00 00 00 00 00 00 00 00 00 00 00 00 00 00 00
  0x0c667fffb4c0: 00 00 00 00 00 00 00 00 00 00 00 00 00 00 00 00
  0x0c667fffb4d0: 00 00 00 00 00 00 00 00 00 00 00 00 00 00 00 00
  0x0c667fffb4e0: 00 00 00 00 00 00 00 00 00 00 00 00 00 00 00 00
  0x0c667fffb4f0: 00 00 00 00 00 00 00 00 00 00 00 00 00 00 00 00
=>0x0c667fffb500:[fa]fa fa fa fa fa fa fa fa fa fa fa fa fa fa fa
  0x0c667fffb510: fa fa fa fa fa fa fa fa fa fa fa fa fa fa fa fa
  0x0c667fffb520: fa fa fa fa fa fa fa fa fa fa fa fa fa fa fa fa
  0x0c667fffb530: fa fa fa fa fa fa fa fa fa fa fa fa fa fa fa fa
  0x0c667fffb540: fa fa fa fa fa fa fa fa fa fa fa fa fa fa fa fa
  0x0c667fffb550: fa fa fa fa fa fa fa fa fa fa fa fa fa fa fa fa
Shadow byte legend (one shadow byte represents 8 application bytes):
  Addressable:           00
  Partially addressable: 01 02 03 04 05 06 07 
  Heap left redzone:       fa
  Freed heap region:       fd
  Stack left redzone:      f1
  Stack mid redzone:       f2
  Stack right redzone:     f3
  Stack after return:      f5
  Stack use after scope:   f8
  Global redzone:          f9
  Global init order:       f6
  Poisoned by user:        f7
  Container overflow:      fc
  Array cookie:            ac
  Intra object redzone:    bb
  ASan internal:           fe
  Left alloca redzone:     ca
  Right alloca redzone:    cb
==7==ABORTING
