Running LLVMFuzzerInitialize ...
continue...
=================================================================
==13==ERROR: AddressSanitizer: stack-buffer-overflow on address 0x7ac8ad8091cf at pc 0x00000063ed5c bp 0x7ffd2f3184f0 sp 0x7ffd2f3184e8
READ of size 1 at 0x7ac8ad8091cf thread T0
SCARINESS: 27 (1-byte-read-stack-buffer-overflow)
    #0 0x63ed5b in TranslateNumber_1 /src/espeak-ng/src/libespeak-ng/numbers.c:1785:34
    #1 0x638bb6 in TranslateNumber /src/espeak-ng/src/libespeak-ng/numbers.c:2080:10
    #2 0x50f1f1 in TranslateWord3 /src/espeak-ng/src/libespeak-ng/translate.c:711:12
    #3 0x507dea in TranslateWord /src/espeak-ng/src/libespeak-ng/translate.c:1167:14
    #4 0x529d9e in TranslateWord2 /src/espeak-ng/src/libespeak-ng/translate.c:1418:11
    #5 0x522217 in TranslateClause /src/espeak-ng/src/libespeak-ng/translate.c:2655:18
    #6 0x4fb8cb in SpeakNextClause /src/espeak-ng/src/libespeak-ng/synthesize.c:1566:2
    #7 0x4d045c in Synthesize /src/espeak-ng/src/libespeak-ng/speech.c:453:2
    #8 0x4cfd60 in sync_espeak_Synth /src/espeak-ng/src/libespeak-ng/speech.c:566:29
    #9 0x4d1ef5 in espeak_ng_Synthesize /src/espeak-ng/src/libespeak-ng/speech.c:674:10
    #10 0x4cca95 in espeak_Synth /src/espeak-ng/src/libespeak-ng/espeak_api.c:90:32
    #11 0x4cc334 in LLVMFuzzerTestOneInput /src/espeak-ng/tests/ssml-fuzzer.c:64:8
    #12 0x4cbf8e in ExecuteFilesOnyByOne /src/aflplusplus/utils/aflpp_driver/aflpp_driver.c:185:7
    #13 0x4cbf8e in main /src/aflplusplus/utils/aflpp_driver/aflpp_driver.c:249:12
    #14 0x7ac8ac75883f in __libc_start_main (/lib/x86_64-linux-gnu/libc.so.6+0x2083f)
    #15 0x41d158 in _start (/out/ssml-fuzzer+0x41d158)

DEDUP_TOKEN: TranslateNumber_1--TranslateNumber--TranslateWord3
Address 0x7ac8ad8091cf is located in stack of thread T0 at offset 6607 in frame
    #0 0x51509f in TranslateClause /src/espeak-ng/src/libespeak-ng/translate.c:1985

DEDUP_TOKEN: TranslateClause
  This frame has 16 object(s):
    [32, 36) 'cc' (line 1988)
    [48, 52) 'source_index' (line 1989)
    [64, 68) 'prev_in' (line 1992)
    [80, 84) 'prev_out' (line 1993)
    [96, 100) 'next_in' (line 1996)
    [112, 116) 'char_inserted' (line 1998)
    [128, 132) 'word_flags' (line 2007)
    [144, 148) 'charix_top' (line 2019)
    [160, 1768) 'charix' (line 2021)
    [1904, 5504) 'words' (line 2022)
    [5632, 6432) 'sbuf' (line 2026)
    [6560, 6564) 'tone' (line 2029)
    [6576, 6580) 'next2_in' (line 2338)
    [6592, 6596) 'c_temp' (line 2560)
    [6608, 6758) 'number_buf' (line 2564) <== Memory access at offset 6607 underflows this variable
    [6832, 7432) 'num_wtab' (line 2565)
HINT: this may be a false positive if your program uses some custom stack unwind mechanism, swapcontext or vfork
      (longjmp and C++ exceptions *are* supported)
SUMMARY: AddressSanitizer: stack-buffer-overflow /src/espeak-ng/src/libespeak-ng/numbers.c:1785:34 in TranslateNumber_1
Shadow bytes around the buggy address:
  0x0f5995af91e0: 00 00 00 00 00 00 00 00 00 00 00 00 00 00 00 00
  0x0f5995af91f0: 00 00 00 00 00 00 00 00 00 00 00 00 00 00 00 00
  0x0f5995af9200: 00 00 00 00 00 00 00 00 00 00 00 00 00 00 00 00
  0x0f5995af9210: 00 00 00 00 00 00 00 00 00 00 00 00 00 00 00 00
  0x0f5995af9220: 00 00 00 00 f2 f2 f2 f2 f2 f2 f2 f2 f2 f2 f2 f2
=>0x0f5995af9230: f2 f2 f2 f2 04 f2 f8 f2 04[f2]00 00 00 00 00 00
  0x0f5995af9240: 00 00 00 00 00 00 00 00 00 00 00 00 06 f2 f2 f2
  0x0f5995af9250: f2 f2 f2 f2 f2 f2 00 00 00 00 00 00 00 00 00 00
  0x0f5995af9260: 00 00 00 00 00 00 00 00 00 00 00 00 00 00 00 00
  0x0f5995af9270: 00 00 00 00 00 00 00 00 00 00 00 00 00 00 00 00
  0x0f5995af9280: 00 00 00 00 00 00 00 00 00 00 00 00 00 00 00 00
Shadow byte legend (one shadow byte represents 8 application bytes):
  Addressable:           00
  Partially addressable: 01 02 03 04 05 06 07
  Heap left redzone:       fa
  Freed heap region:       fd
  Stack left redzone:      f1
  Stack mid redzone:       f2
  Stack right redzone:     f3
  Stack after return:      f5
  Stack use after scope:   f8
  Global redzone:          f9
  Global init order:       f6
  Poisoned by user:        f7
  Container overflow:      fc
  Array cookie:            ac
  Intra object redzone:    bb
  ASan internal:           fe
  Left alloca redzone:     ca
  Right alloca redzone:    cb
  Shadow gap:              cc
==13==ABORTING