INFO: Running with entropic power schedule (0xFF, 100).
INFO: Seed: 3285426957
INFO: Loaded 1 modules   (10244 inline 8-bit counters): 10244 [0x8bf2e0, 0x8c1ae4),
INFO: Loaded 1 PC tables (10244 PCs): 10244 [0x8c1ae8,0x8e9b28),
/out/ssml-fuzzer: Running 1 inputs 1 time(s) each.
Running: /tmp/poc
=================================================================
==13==ERROR: AddressSanitizer: stack-buffer-overflow on address 0x7ef73a216dfd at pc 0x0000005d8362 bp 0x7ffe46ffe380 sp 0x7ffe46ffe378
READ of size 1 at 0x7ef73a216dfd thread T0
SCARINESS: 27 (1-byte-read-stack-buffer-overflow)
    #0 0x5d8361 in IsLetterGroup /src/espeak-ng/src/libespeak-ng/dictionary.c:714:17
    #1 0x5d1644 in MatchRule /src/espeak-ng/src/libespeak-ng/dictionary.c:1972:21
    #2 0x5ce649 in TranslateRules /src/espeak-ng/src/libespeak-ng/dictionary.c:2259:6
    #3 0x570918 in TranslateWord3 /src/espeak-ng/src/libespeak-ng/translate.c:800:15
    #4 0x56ebaa in TranslateWord /src/espeak-ng/src/libespeak-ng/translate.c:1167:14
    #5 0x57cd46 in TranslateWord2 /src/espeak-ng/src/libespeak-ng/translate.c:1505:15
    #6 0x579614 in TranslateClause /src/espeak-ng/src/libespeak-ng/translate.c:2663:17
    #7 0x5694e3 in SpeakNextClause /src/espeak-ng/src/libespeak-ng/synthesize.c:1566:2
    #8 0x55779d in Synthesize /src/espeak-ng/src/libespeak-ng/speech.c:488:9
    #9 0x5571e9 in sync_espeak_Synth /src/espeak-ng/src/libespeak-ng/speech.c:566:29
    #10 0x55809e in espeak_ng_Synthesize /src/espeak-ng/src/libespeak-ng/speech.c:674:10
    #11 0x555b8c in espeak_Synth /src/espeak-ng/src/libespeak-ng/espeak_api.c:90:32
    #12 0x555810 in LLVMFuzzerTestOneInput /src/espeak-ng/tests/ssml-fuzzer.c:64:8
    #13 0x458aa3 in fuzzer::Fuzzer::ExecuteCallback(unsigned char const*, unsigned long) /src/llvm-project/compiler-rt/lib/fuzzer/FuzzerLoop.cpp:599:15
    #14 0x444012 in fuzzer::RunOneTest(fuzzer::Fuzzer*, char const*, unsigned long) /src/llvm-project/compiler-rt/lib/fuzzer/FuzzerDriver.cpp:323:6
    #15 0x449ca1 in fuzzer::FuzzerDriver(int*, char***, int (*)(unsigned char const*, unsigned long)) /src/llvm-project/compiler-rt/lib/fuzzer/FuzzerDriver.cpp:856:9
    #16 0x473672 in main /src/llvm-project/compiler-rt/lib/fuzzer/FuzzerMain.cpp:20:10
    #17 0x7ef73916683f in __libc_start_main (/lib/x86_64-linux-gnu/libc.so.6+0x2083f)
    #18 0x41ed38 in _start (/out/ssml-fuzzer+0x41ed38)

DEDUP_TOKEN: IsLetterGroup--MatchRule--TranslateRules
Address 0x7ef73a216dfd is located in stack of thread T0 at offset 5629 in frame
    #0 0x5746ef in TranslateClause /src/espeak-ng/src/libespeak-ng/translate.c:1985

DEDUP_TOKEN: TranslateClause
  This frame has 16 object(s):
    [32, 36) 'cc' (line 1988)
    [48, 52) 'source_index' (line 1989)
    [64, 68) 'prev_in' (line 1992)
    [80, 84) 'prev_out' (line 1993)
    [96, 100) 'next_in' (line 1996)
    [112, 116) 'char_inserted' (line 1998)
    [128, 132) 'word_flags' (line 2007)
    [144, 148) 'charix_top' (line 2019)
    [160, 1768) 'charix' (line 2021)
    [1904, 5504) 'words' (line 2022)
    [5632, 6432) 'sbuf' (line 2026) <== Memory access at offset 5629 underflows this variable
    [6560, 6564) 'tone' (line 2029)
    [6576, 6580) 'next2_in' (line 2338)
    [6592, 6596) 'c_temp' (line 2560)
    [6608, 6758) 'number_buf' (line 2564)
    [6832, 7432) 'num_wtab' (line 2565)
HINT: this may be a false positive if your program uses some custom stack unwind mechanism, swapcontext or vfork
      (longjmp and C++ exceptions *are* supported)
SUMMARY: AddressSanitizer: stack-buffer-overflow /src/espeak-ng/src/libespeak-ng/dictionary.c:714:17 in IsLetterGroup
Shadow bytes around the buggy address:
  0x0fdf6743ad60: 00 00 00 00 00 00 00 00 00 00 00 00 00 00 00 00
  0x0fdf6743ad70: 00 00 00 00 00 00 00 00 00 00 00 00 00 00 00 00
  0x0fdf6743ad80: 00 00 00 00 00 00 00 00 00 00 00 00 00 00 00 00
  0x0fdf6743ad90: 00 00 00 00 00 00 00 00 00 00 00 00 00 00 00 00
  0x0fdf6743ada0: 00 00 00 00 00 00 00 00 00 00 00 00 00 00 00 00
=>0x0fdf6743adb0: f2 f2 f2 f2 f2 f2 f2 f2 f2 f2 f2 f2 f2 f2 f2[f2]
  0x0fdf6743adc0: 00 00 00 00 00 00 00 00 00 00 00 00 00 00 00 00
  0x0fdf6743add0: 00 00 00 00 00 00 00 00 00 00 00 00 00 00 00 00
  0x0fdf6743ade0: 00 00 00 00 00 00 00 00 00 00 00 00 00 00 00 00
  0x0fdf6743adf0: 00 00 00 00 00 00 00 00 00 00 00 00 00 00 00 00
  0x0fdf6743ae00: 00 00 00 00 00 00 00 00 00 00 00 00 00 00 00 00
Shadow byte legend (one shadow byte represents 8 application bytes):
  Addressable:           00
  Partially addressable: 01 02 03 04 05 06 07
  Heap left redzone:       fa
  Freed heap region:       fd
  Stack left redzone:      f1
  Stack mid redzone:       f2
  Stack right redzone:     f3
  Stack after return:      f5
  Stack use after scope:   f8
  Global redzone:          f9
  Global init order:       f6
  Poisoned by user:        f7
  Container overflow:      fc
  Array cookie:            ac
  Intra object redzone:    bb
  ASan internal:           fe
  Left alloca redzone:     ca
  Right alloca redzone:    cb
  Shadow gap:              cc
==13==ABORTING