Unable to find image 'n132/arvo:42821-vul' locally
42821-vul: Pulling from n132/arvo
f3ef4ff62e0d: Already exists
71597766d6d1: Already exists
fa95a0422deb: Already exists
0ca9a930fa05: Already exists
bf972e7061f1: Already exists
b38562501b1a: Already exists
62305f0fdabd: Already exists
951f8168d803: Already exists
4d531cb354da: Already exists
29822b19036a: Already exists
7bf32ce85a9e: Already exists
885df2877d55: Already exists
3d148047a880: Already exists
b35fbbd983c8: Already exists
628ce4e25f21: Already exists
e599a6301f30: Already exists
0bef90d26266: Already exists
eb1eb4fb51ff: Already exists
99d233c76f00: Already exists
05c63b33929c: Already exists
c11c13988974: Pulling fs layer
fd65c5953e27: Pulling fs layer
6c35600afd40: Pulling fs layer
eecec3aa5164: Pulling fs layer
ca4fde5498d0: Pulling fs layer
cb5ba4ae55a8: Pulling fs layer
5e5e023ff403: Pulling fs layer
16ce842de352: Pulling fs layer
fe1a5b38fd88: Pulling fs layer
58f0f36ec7d4: Pulling fs layer
3cc53b7b6bc6: Pulling fs layer
744628bca507: Pulling fs layer
1fa00dd80145: Pulling fs layer
e5058455fb95: Pulling fs layer
66446d43c6a7: Pulling fs layer
5f5dc917e2f5: Pulling fs layer
a49c59d8cbdc: Pulling fs layer
d00d73ba394a: Pulling fs layer
4eb4dea7c144: Pulling fs layer
74b36315df2c: Pulling fs layer
0ccdba506328: Pulling fs layer
122d867f481e: Pulling fs layer
cb5ba4ae55a8: Waiting
5e5e023ff403: Waiting
5f5dc917e2f5: Waiting
a49c59d8cbdc: Waiting
16ce842de352: Waiting
d00d73ba394a: Waiting
fe1a5b38fd88: Waiting
4eb4dea7c144: Waiting
74b36315df2c: Waiting
58f0f36ec7d4: Waiting
0ccdba506328: Waiting
122d867f481e: Waiting
e5058455fb95: Waiting
eecec3aa5164: Waiting
66446d43c6a7: Waiting
3cc53b7b6bc6: Waiting
ca4fde5498d0: Waiting
744628bca507: Waiting
1fa00dd80145: Waiting
fd65c5953e27: Verifying Checksum
fd65c5953e27: Download complete
6c35600afd40: Verifying Checksum
6c35600afd40: Download complete
ca4fde5498d0: Verifying Checksum
ca4fde5498d0: Download complete
c11c13988974: Verifying Checksum
c11c13988974: Download complete
cb5ba4ae55a8: Verifying Checksum
cb5ba4ae55a8: Download complete
eecec3aa5164: Download complete
fe1a5b38fd88: Download complete
16ce842de352: Verifying Checksum
16ce842de352: Download complete
5e5e023ff403: Verifying Checksum
5e5e023ff403: Download complete
58f0f36ec7d4: Download complete
744628bca507: Download complete
1fa00dd80145: Verifying Checksum
1fa00dd80145: Download complete
3cc53b7b6bc6: Verifying Checksum
3cc53b7b6bc6: Download complete
5f5dc917e2f5: Verifying Checksum
5f5dc917e2f5: Download complete
66446d43c6a7: Verifying Checksum
66446d43c6a7: Download complete
a49c59d8cbdc: Verifying Checksum
a49c59d8cbdc: Download complete
c11c13988974: Pull complete
fd65c5953e27: Pull complete
e5058455fb95: Verifying Checksum
e5058455fb95: Download complete
74b36315df2c: Verifying Checksum
74b36315df2c: Download complete
d00d73ba394a: Verifying Checksum
d00d73ba394a: Download complete
4eb4dea7c144: Verifying Checksum
4eb4dea7c144: Download complete
122d867f481e: Verifying Checksum
122d867f481e: Download complete
6c35600afd40: Pull complete
eecec3aa5164: Pull complete
ca4fde5498d0: Pull complete
cb5ba4ae55a8: Pull complete
5e5e023ff403: Pull complete
16ce842de352: Pull complete
fe1a5b38fd88: Pull complete
58f0f36ec7d4: Pull complete
3cc53b7b6bc6: Pull complete
744628bca507: Pull complete
1fa00dd80145: Pull complete
e5058455fb95: Pull complete
66446d43c6a7: Pull complete
5f5dc917e2f5: Pull complete
a49c59d8cbdc: Pull complete
d00d73ba394a: Pull complete
4eb4dea7c144: Pull complete
74b36315df2c: Pull complete
0ccdba506328: Verifying Checksum
0ccdba506328: Download complete
0ccdba506328: Pull complete
122d867f481e: Pull complete
Digest: sha256:e88f109c9449573c9c64425fb5b8e4060d675e24773c76cf1ac601fef6685be0
Status: Downloaded newer image for n132/arvo:42821-vul
=================================================================
==7==ERROR: AddressSanitizer: heap-buffer-overflow on address 0x62d000009400 at pc 0x0000004ef26a bp 0x7ffe9edabcb0 sp 0x7ffe9edab478
WRITE of size 160 at 0x62d000009400 thread T0
SCARINESS: 45 (multi-byte-write-heap-buffer-overflow)
    #0 0x4ef269 in __asan_memcpy /src/llvm-project/compiler-rt/lib/asan/asan_interceptors_memintrinsics.cpp:22:3
    #1 0x6ab7c4 in nb_decode /src/ffmpeg/libavcodec/speexdec.c:1076:13
    #2 0x6b0bbe in sb_decode /src/ffmpeg/libavcodec/speexdec.c:1235:15
    #3 0x69f973 in speex_decode_frame /src/ffmpeg/libavcodec/speexdec.c:1557:15
    #4 0x5b06bd in decode_simple_internal /src/ffmpeg/libavcodec/decode.c:326:15
    #5 0x5ae152 in decode_simple_receive_frame /src/ffmpeg/libavcodec/decode.c:521:15
    #6 0x581ca3 in decode_receive_frame_internal /src/ffmpeg/libavcodec/decode.c:541:15
    #7 0x58155c in avcodec_send_packet /src/ffmpeg/libavcodec/decode.c:608:15
    #8 0x5383c1 in LLVMFuzzerTestOneInput /src/ffmpeg/tools/target_dec_fuzzer.c:390:25
    #9 0x1927365 in ExecuteFilesOnyByOne /src/aflplusplus/utils/aflpp_driver/aflpp_driver.c:191:7
    #10 0x19271d5 in main /src/aflplusplus/utils/aflpp_driver/aflpp_driver.c
    #11 0x7e3dc788c082 in __libc_start_main (/lib/x86_64-linux-gnu/libc.so.6+0x24082)
    #12 0x46f60d in _start (/out/ffmpeg_AV_CODEC_ID_SPEEX_fuzzer+0x46f60d)

DEDUP_TOKEN: __asan_memcpy--nb_decode--sb_decode
0x62d000009400 is located 0 bytes to the right of 36864-byte region [0x62d000000400,0x62d000009400)
allocated by thread T0 here:
    #0 0x4f0867 in posix_memalign /src/llvm-project/compiler-rt/lib/asan/asan_malloc_linux.cpp:210:3
    #1 0x17b02c1 in av_malloc /src/ffmpeg/libavutil/mem.c:104:9
    #2 0x16c28c9 in av_buffer_alloc /src/ffmpeg/libavutil/buffer.c:82:12
    #3 0x16c695a in pool_alloc_buffer /src/ffmpeg/libavutil/buffer.c:366:26
    #4 0x16c6325 in av_buffer_pool_get /src/ffmpeg/libavutil/buffer.c:404:15
    #5 0x59ef61 in audio_get_buffer /src/ffmpeg/libavcodec/decode.c:1388:25
    #6 0x5965a3 in avcodec_default_get_buffer2 /src/ffmpeg/libavcodec/decode.c:1471:16
    #7 0x5a44e3 in ff_get_buffer /src/ffmpeg/libavcodec/decode.c:1696:11
    #8 0x69e8af in speex_decode_frame /src/ffmpeg/libavcodec/speexdec.c:1552:16
    #9 0x5b06bd in decode_simple_internal /src/ffmpeg/libavcodec/decode.c:326:15
    #10 0x5ae152 in decode_simple_receive_frame /src/ffmpeg/libavcodec/decode.c:521:15
    #11 0x581ca3 in decode_receive_frame_internal /src/ffmpeg/libavcodec/decode.c:541:15
    #12 0x58155c in avcodec_send_packet /src/ffmpeg/libavcodec/decode.c:608:15
    #13 0x5383c1 in LLVMFuzzerTestOneInput /src/ffmpeg/tools/target_dec_fuzzer.c:390:25
    #14 0x1927365 in ExecuteFilesOnyByOne /src/aflplusplus/utils/aflpp_driver/aflpp_driver.c:191:7

DEDUP_TOKEN: posix_memalign--av_malloc--av_buffer_alloc
SUMMARY: AddressSanitizer: heap-buffer-overflow /src/llvm-project/compiler-rt/lib/asan/asan_interceptors_memintrinsics.cpp:22:3 in __asan_memcpy
Shadow bytes around the buggy address:
  0x0c5a7fff9230: 00 00 00 00 00 00 00 00 00 00 00 00 00 00 00 00
  0x0c5a7fff9240: 00 00 00 00 00 00 00 00 00 00 00 00 00 00 00 00
  0x0c5a7fff9250: 00 00 00 00 00 00 00 00 00 00 00 00 00 00 00 00
  0x0c5a7fff9260: 00 00 00 00 00 00 00 00 00 00 00 00 00 00 00 00
  0x0c5a7fff9270: 00 00 00 00 00 00 00 00 00 00 00 00 00 00 00 00
=>0x0c5a7fff9280:[fa]fa fa fa fa fa fa fa fa fa fa fa fa fa fa fa
  0x0c5a7fff9290: fa fa fa fa fa fa fa fa fa fa fa fa fa fa fa fa
  0x0c5a7fff92a0: fa fa fa fa fa fa fa fa fa fa fa fa fa fa fa fa
  0x0c5a7fff92b0: fa fa fa fa fa fa fa fa fa fa fa fa fa fa fa fa
  0x0c5a7fff92c0: fa fa fa fa fa fa fa fa fa fa fa fa fa fa fa fa
  0x0c5a7fff92d0: fa fa fa fa fa fa fa fa fa fa fa fa fa fa fa fa
Shadow byte legend (one shadow byte represents 8 application bytes):
  Addressable:           00
  Partially addressable: 01 02 03 04 05 06 07 
  Heap left redzone:       fa
  Freed heap region:       fd
  Stack left redzone:      f1
  Stack mid redzone:       f2
  Stack right redzone:     f3
  Stack after return:      f5
  Stack use after scope:   f8
  Global redzone:          f9
  Global init order:       f6
  Poisoned by user:        f7
  Container overflow:      fc
  Array cookie:            ac
  Intra object redzone:    bb
  ASan internal:           fe
  Left alloca redzone:     ca
  Right alloca redzone:    cb
==7==ABORTING
