INFO: Running with entropic power schedule (0xFF, 100).
INFO: Seed: 2013827645
INFO: Loaded 1 modules   (57484 inline 8-bit counters): 57484 [0xf3ab00, 0xf48b8c), 
INFO: Loaded 1 PC tables (57484 PCs): 57484 [0xd35210,0xe15ad0), 
/out/ffmpeg_AV_CODEC_ID_TIFF_fuzzer: Running 1 inputs 1 time(s) each.
Running: /tmp/poc
=================================================================
==7==ERROR: AddressSanitizer: heap-buffer-overflow on address 0x778398f5ac40 at pc 0x0000008b6e84 bp 0x7ffddcf3add0 sp 0x7ffddcf3adc8
WRITE of size 2 at 0x778398f5ac40 thread T0
SCARINESS: 43 (2-byte-write-heap-buffer-overflow-far-from-bounds)
    #0 0x8b6e83 in idctSparseColPut_int16_10bit /src/ffmpeg/libavcodec/simple_idct_template.c:273:13
    #1 0x8b6e83 in ff_simple_idct_put_int16_10bit /src/ffmpeg/libavcodec/simple_idct_template.c:342:9
    #2 0x5be60b in mjpeg_decode_scan /src/ffmpeg/libavcodec/mjpegdec.c:1506:33
    #3 0x5b450b in ff_mjpeg_decode_sos /src/ffmpeg/libavcodec/mjpegdec.c:1782:24
    #4 0x5c3b2c in ff_mjpeg_receive_frame /src/ffmpeg/libavcodec/mjpegdec.c:2613:24
    #5 0x596904 in decode_receive_frame_internal /src/ffmpeg/libavcodec/decode.c:536:15
    #6 0x5966b2 in avcodec_send_packet /src/ffmpeg/libavcodec/decode.c:607:15
    #7 0x5f458a in dng_decode_jpeg /src/ffmpeg/libavcodec/tiff.c:658:11
    #8 0x5f73e5 in dng_decode_strip /src/ffmpeg/libavcodec/tiff.c:735:12
    #9 0x5f2be2 in tiff_unpack_strip /src/ffmpeg/libavcodec/tiff.c:859:20
    #10 0x5e7ac9 in decode_frame /src/ffmpeg/libavcodec/tiff.c:2004:24
    #11 0x596e75 in decode_simple_internal /src/ffmpeg/libavcodec/decode.c:325:15
    #12 0x596e75 in decode_simple_receive_frame /src/ffmpeg/libavcodec/decode.c:520:15
    #13 0x596e75 in decode_receive_frame_internal /src/ffmpeg/libavcodec/decode.c:540:15
    #14 0x5966b2 in avcodec_send_packet /src/ffmpeg/libavcodec/decode.c:607:15
    #15 0x582d8f in LLVMFuzzerTestOneInput /src/ffmpeg/tools/target_dec_fuzzer.c:395:25
    #16 0x477993 in fuzzer::Fuzzer::ExecuteCallback(unsigned char const*, unsigned long) cxa_noexception.cpp
    #17 0x4635d2 in fuzzer::RunOneTest(fuzzer::Fuzzer*, char const*, unsigned long) /src/llvm-project/compiler-rt/lib/fuzzer/FuzzerDriver.cpp:324:6
    #18 0x468e2c in fuzzer::FuzzerDriver(int*, char***, int (*)(unsigned char const*, unsigned long)) cxa_noexception.cpp
    #19 0x491c32 in main /src/llvm-project/compiler-rt/lib/fuzzer/FuzzerMain.cpp:20:10
    #20 0x77839a055082 in __libc_start_main (/lib/x86_64-linux-gnu/libc.so.6+0x24082)
    #21 0x441d8d in _start (/out/ffmpeg_AV_CODEC_ID_TIFF_fuzzer+0x441d8d)

DEDUP_TOKEN: idctSparseColPut_int16_10bit--ff_simple_idct_put_int16_10bit--mjpeg_decode_scan
0x778398f5ac40 is located 3008 bytes to the left of 132175-byte region [0x778398f5b800,0x778398f7bc4f)
allocated by thread T0 here:
    #0 0x548287 in posix_memalign /src/llvm-project/compiler-rt/lib/asan/asan_malloc_linux.cpp:210:3
    #1 0xb60f30 in av_malloc /src/ffmpeg/libavutil/mem.c:104:9
    #2 0xb2f062 in av_buffer_alloc /src/ffmpeg/libavutil/buffer.c:82:12
    #3 0xb2f329 in av_buffer_allocz /src/ffmpeg/libavutil/buffer.c:95:24
    #4 0xb316c9 in pool_alloc_buffer /src/ffmpeg/libavutil/buffer.c:366:26
    #5 0xb316c9 in av_buffer_pool_get /src/ffmpeg/libavutil/buffer.c:404:15
    #6 0x59fc60 in video_get_buffer /src/ffmpeg/libavcodec/decode.c:1433:23
    #7 0x59fc60 in avcodec_default_get_buffer2 /src/ffmpeg/libavcodec/decode.c:1469:16
    #8 0x5a1f97 in ff_get_buffer /src/ffmpeg/libavcodec/decode.c:1696:11
    #9 0x5afe3b in ff_mjpeg_decode_sof /src/ffmpeg/libavcodec/mjpegdec.c:728:13
    #10 0x5c35fd in ff_mjpeg_receive_frame /src/ffmpeg/libavcodec/mjpegdec.c:2523:24
    #11 0x596904 in decode_receive_frame_internal /src/ffmpeg/libavcodec/decode.c:536:15
    #12 0x5966b2 in avcodec_send_packet /src/ffmpeg/libavcodec/decode.c:607:15
    #13 0x5f458a in dng_decode_jpeg /src/ffmpeg/libavcodec/tiff.c:658:11
    #14 0x5f73e5 in dng_decode_strip /src/ffmpeg/libavcodec/tiff.c:735:12
    #15 0x5f2be2 in tiff_unpack_strip /src/ffmpeg/libavcodec/tiff.c:859:20
    #16 0x5e7ac9 in decode_frame /src/ffmpeg/libavcodec/tiff.c:2004:24
    #17 0x596e75 in decode_simple_internal /src/ffmpeg/libavcodec/decode.c:325:15
    #18 0x596e75 in decode_simple_receive_frame /src/ffmpeg/libavcodec/decode.c:520:15
    #19 0x596e75 in decode_receive_frame_internal /src/ffmpeg/libavcodec/decode.c:540:15
    #20 0x5966b2 in avcodec_send_packet /src/ffmpeg/libavcodec/decode.c:607:15
    #21 0x582d8f in LLVMFuzzerTestOneInput /src/ffmpeg/tools/target_dec_fuzzer.c:395:25
    #22 0x477993 in fuzzer::Fuzzer::ExecuteCallback(unsigned char const*, unsigned long) cxa_noexception.cpp
    #23 0x4635d2 in fuzzer::RunOneTest(fuzzer::Fuzzer*, char const*, unsigned long) /src/llvm-project/compiler-rt/lib/fuzzer/FuzzerDriver.cpp:324:6
    #24 0x468e2c in fuzzer::FuzzerDriver(int*, char***, int (*)(unsigned char const*, unsigned long)) cxa_noexception.cpp
    #25 0x491c32 in main /src/llvm-project/compiler-rt/lib/fuzzer/FuzzerMain.cpp:20:10
    #26 0x77839a055082 in __libc_start_main (/lib/x86_64-linux-gnu/libc.so.6+0x24082)

DEDUP_TOKEN: posix_memalign--av_malloc--av_buffer_alloc
SUMMARY: AddressSanitizer: heap-buffer-overflow /src/ffmpeg/libavcodec/simple_idct_template.c:273:13 in idctSparseColPut_int16_10bit
Shadow bytes around the buggy address:
  0x0ef0f31e3530: fa fa fa fa fa fa fa fa fa fa fa fa fa fa fa fa
  0x0ef0f31e3540: fa fa fa fa fa fa fa fa fa fa fa fa fa fa fa fa
  0x0ef0f31e3550: fa fa fa fa fa fa fa fa fa fa fa fa fa fa fa fa
  0x0ef0f31e3560: fa fa fa fa fa fa fa fa fa fa fa fa fa fa fa fa
  0x0ef0f31e3570: fa fa fa fa fa fa fa fa fa fa fa fa fa fa fa fa
=>0x0ef0f31e3580: fa fa fa fa fa fa fa fa[fa]fa fa fa fa fa fa fa
  0x0ef0f31e3590: fa fa fa fa fa fa fa fa fa fa fa fa fa fa fa fa
  0x0ef0f31e35a0: fa fa fa fa fa fa fa fa fa fa fa fa fa fa fa fa
  0x0ef0f31e35b0: fa fa fa fa fa fa fa fa fa fa fa fa fa fa fa fa
  0x0ef0f31e35c0: fa fa fa fa fa fa fa fa fa fa fa fa fa fa fa fa
  0x0ef0f31e35d0: fa fa fa fa fa fa fa fa fa fa fa fa fa fa fa fa
Shadow byte legend (one shadow byte represents 8 application bytes):
  Addressable:           00
  Partially addressable: 01 02 03 04 05 06 07 
  Heap left redzone:       fa
  Freed heap region:       fd
  Stack left redzone:      f1
  Stack mid redzone:       f2
  Stack right redzone:     f3
  Stack after return:      f5
  Stack use after scope:   f8
  Global redzone:          f9
  Global init order:       f6
  Poisoned by user:        f7
  Container overflow:      fc
  Array cookie:            ac
  Intra object redzone:    bb
  ASan internal:           fe
  Left alloca redzone:     ca
  Right alloca redzone:    cb
==7==ABORTING
