INFO: Running with entropic power schedule (0xFF, 100).
INFO: Seed: 446786860
INFO: Loaded 1 modules   (42910 inline 8-bit counters): 42910 [0xa96ac0, 0xaa125e),
INFO: Loaded 1 PC tables (42910 PCs): 42910 [0x9871a0,0xa2eb80),
/out/sequence_compression_api: Running 1 inputs 1 time(s) each.
Running: /tmp/poc
=================================================================
==13==ERROR: AddressSanitizer: heap-buffer-overflow on address 0x62c0000071b3 at pc 0x0000005cdbaf bp 0x7ffe54301c90 sp 0x7ffe54301c88
WRITE of size 1 at 0x62c0000071b3 thread T0
SCARINESS: 31 (1-byte-write-heap-buffer-overflow)
    #0 0x5cdbae in ZSTD_noCompressLiterals /src/zstd/tests/fuzz/../../lib/compress/zstd_compress_literals.c:49:23
    #1 0x5cdbae in ZSTD_compressLiterals /src/zstd/tests/fuzz/../../lib/compress/zstd_compress_literals.c:118:16
    #2 0x5c5ea7 in ZSTD_entropyCompressSeqStore_internal /src/zstd/tests/fuzz/../../lib/compress/zstd_compress.c:2612:30
    #3 0x5c5ea7 in ZSTD_entropyCompressSeqStore /src/zstd/tests/fuzz/../../lib/compress/zstd_compress.c:2700:26
    #4 0x5b4126 in ZSTD_compressSequences_internal /src/zstd/tests/fuzz/../../lib/compress/zstd_compress.c:6111:30
    #5 0x5b4126 in ZSTD_compressSequences /src/zstd/tests/fuzz/../../lib/compress/zstd_compress.c:6195:28
    #6 0x93a2e6 in roundTripTest /src/zstd/tests/fuzz/sequence_compression_api.c:246:13
    #7 0x93a2e6 in LLVMFuzzerTestOneInput /src/zstd/tests/fuzz/sequence_compression_api.c:314:31
    #8 0x455253 in fuzzer::Fuzzer::ExecuteCallback(unsigned char const*, unsigned long) /src/llvm-project/compiler-rt/lib/fuzzer/FuzzerLoop.cpp:611:15
    #9 0x440ee2 in fuzzer::RunOneTest(fuzzer::Fuzzer*, char const*, unsigned long) /src/llvm-project/compiler-rt/lib/fuzzer/FuzzerDriver.cpp:324:6
    #10 0x44672c in fuzzer::FuzzerDriver(int*, char***, int (*)(unsigned char const*, unsigned long)) /src/llvm-project/compiler-rt/lib/fuzzer/FuzzerDriver.cpp:860:9
    #11 0x46f322 in main /src/llvm-project/compiler-rt/lib/fuzzer/FuzzerMain.cpp:20:10
    #12 0x794f8d12f082 in __libc_start_main (/lib/x86_64-linux-gnu/libc.so.6+0x24082)
    #13 0x41f70d in _start (/out/sequence_compression_api+0x41f70d)

DEDUP_TOKEN: ZSTD_noCompressLiterals--ZSTD_compressLiterals--ZSTD_entropyCompressSeqStore_internal
0x62c0000071b3 is located 2 bytes to the right of 28593-byte region [0x62c000000200,0x62c0000071b1)
allocated by thread T0 here:
    #0 0x523b3d in __interceptor_malloc /src/llvm-project/compiler-rt/lib/asan/asan_malloc_linux.cpp:129:3
    #1 0x937c07 in FUZZ_malloc /src/zstd/tests/fuzz/fuzz_helpers.c:19:27
    #2 0x93a122 in LLVMFuzzerTestOneInput /src/zstd/tests/fuzz/sequence_compression_api.c:300:12
    #3 0x455253 in fuzzer::Fuzzer::ExecuteCallback(unsigned char const*, unsigned long) /src/llvm-project/compiler-rt/lib/fuzzer/FuzzerLoop.cpp:611:15
    #4 0x440ee2 in fuzzer::RunOneTest(fuzzer::Fuzzer*, char const*, unsigned long) /src/llvm-project/compiler-rt/lib/fuzzer/FuzzerDriver.cpp:324:6
    #5 0x44672c in fuzzer::FuzzerDriver(int*, char***, int (*)(unsigned char const*, unsigned long)) /src/llvm-project/compiler-rt/lib/fuzzer/FuzzerDriver.cpp:860:9
    #6 0x46f322 in main /src/llvm-project/compiler-rt/lib/fuzzer/FuzzerMain.cpp:20:10
    #7 0x794f8d12f082 in __libc_start_main (/lib/x86_64-linux-gnu/libc.so.6+0x24082)

DEDUP_TOKEN: __interceptor_malloc--FUZZ_malloc--LLVMFuzzerTestOneInput
SUMMARY: AddressSanitizer: heap-buffer-overflow /src/zstd/tests/fuzz/../../lib/compress/zstd_compress_literals.c:49:23 in ZSTD_noCompressLiterals
Shadow bytes around the buggy address:
  0x0c587fff8de0: 00 00 00 00 00 00 00 00 00 00 00 00 00 00 00 00
  0x0c587fff8df0: 00 00 00 00 00 00 00 00 00 00 00 00 00 00 00 00
  0x0c587fff8e00: 00 00 00 00 00 00 00 00 00 00 00 00 00 00 00 00
  0x0c587fff8e10: 00 00 00 00 00 00 00 00 00 00 00 00 00 00 00 00
  0x0c587fff8e20: 00 00 00 00 00 00 00 00 00 00 00 00 00 00 00 00
=>0x0c587fff8e30: 00 00 00 00 00 00[01]fa fa fa fa fa fa fa fa fa
  0x0c587fff8e40: fa fa fa fa fa fa fa fa fa fa fa fa fa fa fa fa
  0x0c587fff8e50: fa fa fa fa fa fa fa fa fa fa fa fa fa fa fa fa
  0x0c587fff8e60: fa fa fa fa fa fa fa fa fa fa fa fa fa fa fa fa
  0x0c587fff8e70: fa fa fa fa fa fa fa fa fa fa fa fa fa fa fa fa
  0x0c587fff8e80: fa fa fa fa fa fa fa fa fa fa fa fa fa fa fa fa
Shadow byte legend (one shadow byte represents 8 application bytes):
  Addressable:           00
  Partially addressable: 01 02 03 04 05 06 07
  Heap left redzone:       fa
  Freed heap region:       fd
  Stack left redzone:      f1
  Stack mid redzone:       f2
  Stack right redzone:     f3
  Stack after return:      f5
  Stack use after scope:   f8
  Global redzone:          f9
  Global init order:       f6
  Poisoned by user:        f7
  Container overflow:      fc
  Array cookie:            ac
  Intra object redzone:    bb
  ASan internal:           fe
  Left alloca redzone:     ca
  Right alloca redzone:    cb
==13==ABORTING