Unable to find image 'n132/arvo:44239-vul' locally
44239-vul: Pulling from n132/arvo
ea362f368469: Already exists
becca0674b25: Already exists
ee6f577f8fb9: Already exists
43e215053d63: Already exists
7831c60fbe20: Already exists
5f03cac10c41: Already exists
0a42c3f99330: Already exists
99c497c179ec: Already exists
ef0eefbd407f: Already exists
fd414e53864b: Already exists
328106ee42e6: Already exists
ebb2b4145de5: Already exists
6ddadebb26e9: Already exists
1b88ed0a74c4: Already exists
4f057acb8360: Already exists
bbc06448cbb9: Already exists
09a8626e841f: Already exists
8705af801c1b: Already exists
fc9117b268f0: Already exists
ef38a434bdc8: Already exists
d521461545de: Already exists
ff15f0e80a7c: Already exists
3b11878e4c11: Pulling fs layer
fe84c785b02a: Pulling fs layer
7bc2d7e7eed9: Pulling fs layer
64778b397bb6: Pulling fs layer
d53cf2ad2879: Pulling fs layer
4f4fb700ef54: Pulling fs layer
25ef1d0eda3c: Pulling fs layer
e87d3fadc9ca: Pulling fs layer
9f9d0521030b: Pulling fs layer
d53cf2ad2879: Waiting
64778b397bb6: Waiting
4f4fb700ef54: Waiting
25ef1d0eda3c: Waiting
e87d3fadc9ca: Waiting
9f9d0521030b: Waiting
fe84c785b02a: Verifying Checksum
fe84c785b02a: Download complete
64778b397bb6: Verifying Checksum
64778b397bb6: Download complete
d53cf2ad2879: Verifying Checksum
d53cf2ad2879: Download complete
7bc2d7e7eed9: Verifying Checksum
7bc2d7e7eed9: Download complete
4f4fb700ef54: Verifying Checksum
4f4fb700ef54: Download complete
25ef1d0eda3c: Verifying Checksum
25ef1d0eda3c: Download complete
9f9d0521030b: Download complete
3b11878e4c11: Verifying Checksum
3b11878e4c11: Download complete
3b11878e4c11: Pull complete
fe84c785b02a: Pull complete
7bc2d7e7eed9: Pull complete
64778b397bb6: Pull complete
d53cf2ad2879: Pull complete
4f4fb700ef54: Pull complete
25ef1d0eda3c: Pull complete
e87d3fadc9ca: Verifying Checksum
e87d3fadc9ca: Download complete
e87d3fadc9ca: Pull complete
9f9d0521030b: Pull complete
Digest: sha256:d0d5df2f9ffd983712bf0f9746fec45d54bc41f1f8f682adcc26c695da7a4d98
Status: Downloaded newer image for n132/arvo:44239-vul
INFO: Running with entropic power schedule (0xFF, 100).
INFO: Seed: 273382766
INFO: Loaded 1 modules   (42910 inline 8-bit counters): 42910 [0xa96ac0, 0xaa125e), 
INFO: Loaded 1 PC tables (42910 PCs): 42910 [0x9871a0,0xa2eb80), 
/out/sequence_compression_api: Running 1 inputs 1 time(s) each.
Running: /tmp/poc
=================================================================
==7==ERROR: AddressSanitizer: heap-buffer-overflow on address 0x62c0000071b3 at pc 0x0000005cdbaf bp 0x7ffe1dfec0f0 sp 0x7ffe1dfec0e8
WRITE of size 1 at 0x62c0000071b3 thread T0
SCARINESS: 31 (1-byte-write-heap-buffer-overflow)
    #0 0x5cdbae in ZSTD_noCompressLiterals /src/zstd/tests/fuzz/../../lib/compress/zstd_compress_literals.c:49:23
    #1 0x5cdbae in ZSTD_compressLiterals /src/zstd/tests/fuzz/../../lib/compress/zstd_compress_literals.c:118:16
    #2 0x5c5ea7 in ZSTD_entropyCompressSeqStore_internal /src/zstd/tests/fuzz/../../lib/compress/zstd_compress.c:2612:30
    #3 0x5c5ea7 in ZSTD_entropyCompressSeqStore /src/zstd/tests/fuzz/../../lib/compress/zstd_compress.c:2700:26
    #4 0x5b4126 in ZSTD_compressSequences_internal /src/zstd/tests/fuzz/../../lib/compress/zstd_compress.c:6111:30
    #5 0x5b4126 in ZSTD_compressSequences /src/zstd/tests/fuzz/../../lib/compress/zstd_compress.c:6195:28
    #6 0x93a2e6 in roundTripTest /src/zstd/tests/fuzz/sequence_compression_api.c:246:13
    #7 0x93a2e6 in LLVMFuzzerTestOneInput /src/zstd/tests/fuzz/sequence_compression_api.c:314:31
    #8 0x455253 in fuzzer::Fuzzer::ExecuteCallback(unsigned char const*, unsigned long) /src/llvm-project/compiler-rt/lib/fuzzer/FuzzerLoop.cpp:611:15
    #9 0x440ee2 in fuzzer::RunOneTest(fuzzer::Fuzzer*, char const*, unsigned long) /src/llvm-project/compiler-rt/lib/fuzzer/FuzzerDriver.cpp:324:6
    #10 0x44672c in fuzzer::FuzzerDriver(int*, char***, int (*)(unsigned char const*, unsigned long)) /src/llvm-project/compiler-rt/lib/fuzzer/FuzzerDriver.cpp:860:9
    #11 0x46f322 in main /src/llvm-project/compiler-rt/lib/fuzzer/FuzzerMain.cpp:20:10
    #12 0x77b11b7f0082 in __libc_start_main (/lib/x86_64-linux-gnu/libc.so.6+0x24082)
    #13 0x41f70d in _start (/out/sequence_compression_api+0x41f70d)

DEDUP_TOKEN: ZSTD_noCompressLiterals--ZSTD_compressLiterals--ZSTD_entropyCompressSeqStore_internal
0x62c0000071b3 is located 2 bytes to the right of 28593-byte region [0x62c000000200,0x62c0000071b1)
allocated by thread T0 here:
    #0 0x523b3d in __interceptor_malloc /src/llvm-project/compiler-rt/lib/asan/asan_malloc_linux.cpp:129:3
    #1 0x937c07 in FUZZ_malloc /src/zstd/tests/fuzz/fuzz_helpers.c:19:27
    #2 0x93a122 in LLVMFuzzerTestOneInput /src/zstd/tests/fuzz/sequence_compression_api.c:300:12
    #3 0x455253 in fuzzer::Fuzzer::ExecuteCallback(unsigned char const*, unsigned long) /src/llvm-project/compiler-rt/lib/fuzzer/FuzzerLoop.cpp:611:15
    #4 0x440ee2 in fuzzer::RunOneTest(fuzzer::Fuzzer*, char const*, unsigned long) /src/llvm-project/compiler-rt/lib/fuzzer/FuzzerDriver.cpp:324:6
    #5 0x44672c in fuzzer::FuzzerDriver(int*, char***, int (*)(unsigned char const*, unsigned long)) /src/llvm-project/compiler-rt/lib/fuzzer/FuzzerDriver.cpp:860:9
    #6 0x46f322 in main /src/llvm-project/compiler-rt/lib/fuzzer/FuzzerMain.cpp:20:10
    #7 0x77b11b7f0082 in __libc_start_main (/lib/x86_64-linux-gnu/libc.so.6+0x24082)

DEDUP_TOKEN: __interceptor_malloc--FUZZ_malloc--LLVMFuzzerTestOneInput
SUMMARY: AddressSanitizer: heap-buffer-overflow /src/zstd/tests/fuzz/../../lib/compress/zstd_compress_literals.c:49:23 in ZSTD_noCompressLiterals
Shadow bytes around the buggy address:
  0x0c587fff8de0: 00 00 00 00 00 00 00 00 00 00 00 00 00 00 00 00
  0x0c587fff8df0: 00 00 00 00 00 00 00 00 00 00 00 00 00 00 00 00
  0x0c587fff8e00: 00 00 00 00 00 00 00 00 00 00 00 00 00 00 00 00
  0x0c587fff8e10: 00 00 00 00 00 00 00 00 00 00 00 00 00 00 00 00
  0x0c587fff8e20: 00 00 00 00 00 00 00 00 00 00 00 00 00 00 00 00
=>0x0c587fff8e30: 00 00 00 00 00 00[01]fa fa fa fa fa fa fa fa fa
  0x0c587fff8e40: fa fa fa fa fa fa fa fa fa fa fa fa fa fa fa fa
  0x0c587fff8e50: fa fa fa fa fa fa fa fa fa fa fa fa fa fa fa fa
  0x0c587fff8e60: fa fa fa fa fa fa fa fa fa fa fa fa fa fa fa fa
  0x0c587fff8e70: fa fa fa fa fa fa fa fa fa fa fa fa fa fa fa fa
  0x0c587fff8e80: fa fa fa fa fa fa fa fa fa fa fa fa fa fa fa fa
Shadow byte legend (one shadow byte represents 8 application bytes):
  Addressable:           00
  Partially addressable: 01 02 03 04 05 06 07 
  Heap left redzone:       fa
  Freed heap region:       fd
  Stack left redzone:      f1
  Stack mid redzone:       f2
  Stack right redzone:     f3
  Stack after return:      f5
  Stack use after scope:   f8
  Global redzone:          f9
  Global init order:       f6
  Poisoned by user:        f7
  Container overflow:      fc
  Array cookie:            ac
  Intra object redzone:    bb
  ASan internal:           fe
  Left alloca redzone:     ca
  Right alloca redzone:    cb
==7==ABORTING
