Running LLVMFuzzerInitialize ...
continue...
Unknown phoneme table: ''
Unknown phoneme table: ''
Unknown phoneme table: ''
Unknown phoneme table: ''
=================================================================
==13==ERROR: AddressSanitizer: stack-buffer-overflow on address 0x7b0e122ef198 at pc 0x00000043af4d bp 0x7ffceae7b3a0 sp 0x7ffceae7ab20
READ of size 42 at 0x7b0e122ef198 thread T0
SCARINESS: 41 (multi-byte-read-stack-buffer-overflow)
    #0 0x43af4c in printf_common(void*, char const*, __va_list_tag*) /src/llvm-project/compiler-rt/lib/asan/../sanitizer_common/sanitizer_common_interceptors_format.inc:553:9
    #1 0x43c489 in __interceptor_vfprintf /src/llvm-project/compiler-rt/lib/asan/../sanitizer_common/sanitizer_common_interceptors.inc:1647:1
    #2 0x43c489 in fprintf /src/llvm-project/compiler-rt/lib/asan/../sanitizer_common/sanitizer_common_interceptors.inc:1704:1
    #3 0x5b9a1b in LoadVoice /src/espeak-ng/src/libespeak-ng/voices.c:917:4
    #4 0x5beef8 in LoadVoiceVariant /src/espeak-ng/src/libespeak-ng/voices.c:992:11
    #5 0x525528 in SpeakNextClause /src/espeak-ng/src/libespeak-ng/synthesize.c:1591:15
    #6 0x4d2eda in Synthesize /src/espeak-ng/src/libespeak-ng/speech.c:492:9
    #7 0x4d19be in sync_espeak_Synth /src/espeak-ng/src/libespeak-ng/speech.c:570:29
    #8 0x4d472a in espeak_ng_Synthesize /src/espeak-ng/src/libespeak-ng/speech.c:678:10
    #9 0x4ccbe5 in espeak_Synth /src/espeak-ng/src/libespeak-ng/espeak_api.c:90:32
    #10 0x4cc110 in LLVMFuzzerTestOneInput /src/espeak-ng/tests/ssml-fuzzer.c:67:8
    #11 0x4cbef0 in ExecuteFilesOnyByOne /src/aflplusplus/utils/aflpp_driver/aflpp_driver.c:191:7
    #12 0x4cbcc0 in main /src/aflplusplus/utils/aflpp_driver/aflpp_driver.c
    #13 0x7b0e1125983f in __libc_start_main (/lib/x86_64-linux-gnu/libc.so.6+0x2083f)
    #14 0x41d2e8 in _start (/out/ssml-fuzzer+0x41d2e8)

DEDUP_TOKEN: printf_common(void*, char const*, __va_list_tag*)--__interceptor_vfprintf--fprintf
Address 0x7b0e122ef198 is located in stack of thread T0 at offset 408 in frame
    #0 0x5a83df in LoadVoice /src/espeak-ng/src/libespeak-ng/voices.c:492

DEDUP_TOKEN: LoadVoice
  This frame has 21 object(s):
    [32, 36) 'value' (line 506)
    [48, 88) 'voicename' (line 513)
    [128, 168) 'language_name' (line 514)
    [208, 248) 'translator_name' (line 515)
    [288, 328) 'new_dictionary' (line 516)
    [368, 408) 'phonemes_name' (line 517)
    [448, 638) 'buf' (line 519) <== Memory access at offset 408 partially underflows this variable
    [704, 876) 'path_voices' (line 520)
    [944, 976) 'stress_add' (line 522)
    [1008, 1328) 'names' (line 523)
    [1392, 1432) 'name1' (line 524)
    [1472, 1552) 'name2' (line 525)
    [1584, 1588) 'pitch1' (line 527)
    [1600, 1604) 'pitch2' (line 528)
    [1616, 1620) 'priority' (line 607)
    [1632, 1636) 'age' (line 650)
    [1648, 1728) 'vgender' (line 651)
    [1760, 1792) 'stress_lengths' (line 688)
    [1824, 1856) 'stress_amps' (line 702)
    [1888, 1936) 'tone_data' (line 828)
    [1968, 1972) 'srate' (line 856)
HINT: this may be a false positive if your program uses some custom stack unwind mechanism, swapcontext or vfork
      (longjmp and C++ exceptions *are* supported)
SUMMARY: AddressSanitizer: stack-buffer-overflow /src/llvm-project/compiler-rt/lib/asan/../sanitizer_common/sanitizer_common_interceptors_format.inc:553:9 in printf_common(void*, char const*, __va_list_tag*)
Shadow bytes around the buggy address:
  0x0f6242455de0: f5 f5 f5 f5 f5 f5 f5 f5 f5 f5 f5 f5 f5 f5 f5 f5
  0x0f6242455df0: f5 f5 f5 f5 f5 f5 f5 f5 f5 f5 f5 f5 f5 f5 f5 f5
  0x0f6242455e00: f1 f1 f1 f1 04 f2 00 00 00 00 00 f2 f2 f2 f2 f2
  0x0f6242455e10: 00 00 00 00 00 f2 f2 f2 f2 f2 00 00 00 00 00 f2
  0x0f6242455e20: f2 f2 f2 f2 00 00 00 00 00 f2 f2 f2 f2 f2 00 00
=>0x0f6242455e30: 00 00 00[f2]f2 f2 f2 f2 00 00 00 00 00 00 00 00
  0x0f6242455e40: 00 00 00 00 00 00 00 00 00 00 00 00 00 00 00 06
  0x0f6242455e50: f2 f2 f2 f2 f2 f2 f2 f2 00 00 00 00 00 00 00 00
  0x0f6242455e60: 00 00 00 00 00 00 00 00 00 00 00 00 00 04 f2 f2
  0x0f6242455e70: f2 f2 f2 f2 f2 f2 00 00 00 00 f2 f2 f2 f2 00 00
  0x0f6242455e80: 00 00 00 00 00 00 00 00 00 00 00 00 00 00 00 00
Shadow byte legend (one shadow byte represents 8 application bytes):
  Addressable:           00
  Partially addressable: 01 02 03 04 05 06 07
  Heap left redzone:       fa
  Freed heap region:       fd
  Stack left redzone:      f1
  Stack mid redzone:       f2
  Stack right redzone:     f3
  Stack after return:      f5
  Stack use after scope:   f8
  Global redzone:          f9
  Global init order:       f6
  Poisoned by user:        f7
  Container overflow:      fc
  Array cookie:            ac
  Intra object redzone:    bb
  ASan internal:           fe
  Left alloca redzone:     ca
  Right alloca redzone:    cb
  Shadow gap:              cc
==13==ABORTING