=================================================================
==13==ERROR: AddressSanitizer: heap-buffer-overflow on address 0x60600000001f at pc 0x000000510422 bp 0x7ffcf0c830b0 sp 0x7ffcf0c830a8
READ of size 1 at 0x60600000001f thread T0
SCARINESS: 12 (1-byte-read-heap-buffer-overflow)
    #0 0x510421 in vp9_superframe_filter /src/ffmpeg/libavcodec/vp9_superframe_bsf.c:111:14
    #1 0x502d4e in av_bsf_receive_packet /src/ffmpeg/libavcodec/bsf.c:229:12
    #2 0x4fc4df in LLVMFuzzerTestOneInput /src/ffmpeg/tools/target_bsf_fuzzer.c:153:16
    #3 0xb12ef5 in ExecuteFilesOnyByOne /src/aflplusplus/utils/aflpp_driver/aflpp_driver.c:191:7
    #4 0xb12d65 in main /src/aflplusplus/utils/aflpp_driver/aflpp_driver.c
    #5 0x708d6676d082 in __libc_start_main (/lib/x86_64-linux-gnu/libc.so.6+0x24082)
    #6 0x44160d in _start (/out/ffmpeg_BSF_VP9_SUPERFRAME_fuzzer+0x44160d)

DEDUP_TOKEN: vp9_superframe_filter--av_bsf_receive_packet--LLVMFuzzerTestOneInput
0x60600000001f is located 1 bytes to the left of 64-byte region [0x606000000020,0x606000000060)
allocated by thread T0 here:
    #0 0x4c1f13 in __interceptor_realloc /src/llvm-project/compiler-rt/lib/asan/asan_malloc_linux.cpp:148:3
    #1 0xa95c5e in av_realloc /src/ffmpeg/libavutil/mem.c:162:11
    #2 0xa53ac4 in av_buffer_realloc /src/ffmpeg/libavutil/buffer.c:192:25
    #3 0x4fd56f in packet_alloc /src/ffmpeg/libavcodec/avpacket.c:88:11
    #4 0x4fd37b in av_new_packet /src/ffmpeg/libavcodec/avpacket.c:100:15
    #5 0x4fc30d in LLVMFuzzerTestOneInput /src/ffmpeg/tools/target_bsf_fuzzer.c:135:15
    #6 0xb12ef5 in ExecuteFilesOnyByOne /src/aflplusplus/utils/aflpp_driver/aflpp_driver.c:191:7

DEDUP_TOKEN: __interceptor_realloc--av_realloc--av_buffer_realloc
SUMMARY: AddressSanitizer: heap-buffer-overflow /src/ffmpeg/libavcodec/vp9_superframe_bsf.c:111:14 in vp9_superframe_filter
Shadow bytes around the buggy address:
  0x0c0c7fff7fb0: 00 00 00 00 00 00 00 00 00 00 00 00 00 00 00 00
  0x0c0c7fff7fc0: 00 00 00 00 00 00 00 00 00 00 00 00 00 00 00 00
  0x0c0c7fff7fd0: 00 00 00 00 00 00 00 00 00 00 00 00 00 00 00 00
  0x0c0c7fff7fe0: 00 00 00 00 00 00 00 00 00 00 00 00 00 00 00 00
  0x0c0c7fff7ff0: 00 00 00 00 00 00 00 00 00 00 00 00 00 00 00 00
=>0x0c0c7fff8000: fa fa fa[fa]00 00 00 00 00 00 00 00 fa fa fa fa
  0x0c0c7fff8010: fa fa fa fa fa fa fa fa fa fa fa fa fa fa fa fa
  0x0c0c7fff8020: fa fa fa fa fa fa fa fa fa fa fa fa fa fa fa fa
  0x0c0c7fff8030: fa fa fa fa fa fa fa fa fa fa fa fa fa fa fa fa
  0x0c0c7fff8040: fa fa fa fa fa fa fa fa fa fa fa fa fa fa fa fa
  0x0c0c7fff8050: fa fa fa fa fa fa fa fa fa fa fa fa fa fa fa fa
Shadow byte legend (one shadow byte represents 8 application bytes):
  Addressable:           00
  Partially addressable: 01 02 03 04 05 06 07
  Heap left redzone:       fa
  Freed heap region:       fd
  Stack left redzone:      f1
  Stack mid redzone:       f2
  Stack right redzone:     f3
  Stack after return:      f5
  Stack use after scope:   f8
  Global redzone:          f9
  Global init order:       f6
  Poisoned by user:        f7
  Container overflow:      fc
  Array cookie:            ac
  Intra object redzone:    bb
  ASan internal:           fe
  Left alloca redzone:     ca
  Right alloca redzone:    cb
==13==ABORTING