Unable to find image 'n132/arvo:45722-vul' locally
45722-vul: Pulling from n132/arvo
7c3b88808835: Pulling fs layer
5cacf886223c: Pulling fs layer
df4ab0605df5: Pulling fs layer
e34c553c5398: Pulling fs layer
411af1782d53: Pulling fs layer
24f45ceb2b78: Pulling fs layer
059b9481e335: Pulling fs layer
22f026cfa973: Pulling fs layer
3286169cacea: Pulling fs layer
b5dc5fa1074d: Pulling fs layer
5a29a576cd0a: Pulling fs layer
f1463df2d8b2: Pulling fs layer
09fc7eb29305: Pulling fs layer
848edbc591b6: Pulling fs layer
02f371f14c68: Pulling fs layer
df81047c9773: Pulling fs layer
f201e55c4819: Pulling fs layer
18936555c951: Pulling fs layer
bef50b04e07e: Pulling fs layer
e34c553c5398: Waiting
38d161c24d04: Pulling fs layer
da01be8e7f2b: Pulling fs layer
dcaa8f90eb1c: Pulling fs layer
ae3200909ed3: Pulling fs layer
411af1782d53: Waiting
3e913f661b57: Pulling fs layer
24f45ceb2b78: Waiting
19ce2cfed201: Pulling fs layer
3286169cacea: Waiting
b5dc5fa1074d: Waiting
8ed4d2ca17fb: Pulling fs layer
0b91370f4f5b: Pulling fs layer
5a29a576cd0a: Waiting
f1463df2d8b2: Waiting
d428544c5dee: Pulling fs layer
09fc7eb29305: Waiting
059b9481e335: Waiting
b9be88f180ac: Pulling fs layer
22f026cfa973: Waiting
b56d5f841116: Pulling fs layer
e16dfd256c71: Pulling fs layer
5c8e0c7a2c37: Pulling fs layer
80892550e57b: Pulling fs layer
ae3200909ed3: Waiting
aeb529609c62: Pulling fs layer
848edbc591b6: Waiting
d4cf1ec0d6a4: Pulling fs layer
3e913f661b57: Waiting
19ce2cfed201: Waiting
2f1a76cbffe6: Pulling fs layer
02f371f14c68: Waiting
8952b0d54c26: Pulling fs layer
df81047c9773: Waiting
8ed4d2ca17fb: Waiting
f4a4cf81d246: Pulling fs layer
0b91370f4f5b: Waiting
c6afaad98cd2: Pulling fs layer
02dff37590b6: Pulling fs layer
f201e55c4819: Waiting
d428544c5dee: Waiting
5005e7cd3131: Pulling fs layer
b9be88f180ac: Waiting
18936555c951: Waiting
8d13932de4e7: Pulling fs layer
b56d5f841116: Waiting
e38fe66a8adf: Pulling fs layer
bef50b04e07e: Waiting
38d161c24d04: Waiting
da01be8e7f2b: Waiting
80892550e57b: Waiting
d1d048707e01: Pulling fs layer
aeb529609c62: Waiting
e4883a92edf7: Pulling fs layer
d4cf1ec0d6a4: Waiting
9da2763aa76b: Pulling fs layer
2f1a76cbffe6: Waiting
dcaa8f90eb1c: Waiting
8952b0d54c26: Waiting
f4a4cf81d246: Waiting
e16dfd256c71: Waiting
e38fe66a8adf: Waiting
c6afaad98cd2: Waiting
9da2763aa76b: Waiting
d1d048707e01: Waiting
5c8e0c7a2c37: Waiting
5005e7cd3131: Waiting
e4883a92edf7: Waiting
02dff37590b6: Waiting
8d13932de4e7: Waiting
df4ab0605df5: Verifying Checksum
df4ab0605df5: Download complete
7c3b88808835: Verifying Checksum
7c3b88808835: Download complete
7c3b88808835: Pull complete
5cacf886223c: Verifying Checksum
5cacf886223c: Download complete
411af1782d53: Verifying Checksum
411af1782d53: Download complete
24f45ceb2b78: Download complete
5cacf886223c: Pull complete
df4ab0605df5: Pull complete
e34c553c5398: Verifying Checksum
e34c553c5398: Download complete
22f026cfa973: Verifying Checksum
22f026cfa973: Download complete
e34c553c5398: Pull complete
411af1782d53: Pull complete
24f45ceb2b78: Pull complete
059b9481e335: Verifying Checksum
059b9481e335: Download complete
3286169cacea: Verifying Checksum
3286169cacea: Download complete
5a29a576cd0a: Download complete
f1463df2d8b2: Verifying Checksum
f1463df2d8b2: Download complete
b5dc5fa1074d: Verifying Checksum
b5dc5fa1074d: Download complete
09fc7eb29305: Verifying Checksum
09fc7eb29305: Download complete
848edbc591b6: Verifying Checksum
848edbc591b6: Download complete
02f371f14c68: Verifying Checksum
02f371f14c68: Download complete
f201e55c4819: Verifying Checksum
f201e55c4819: Download complete
df81047c9773: Verifying Checksum
df81047c9773: Download complete
18936555c951: Download complete
bef50b04e07e: Verifying Checksum
bef50b04e07e: Download complete
38d161c24d04: Verifying Checksum
38d161c24d04: Download complete
059b9481e335: Pull complete
22f026cfa973: Pull complete
da01be8e7f2b: Verifying Checksum
da01be8e7f2b: Download complete
dcaa8f90eb1c: Download complete
3e913f661b57: Verifying Checksum
3e913f661b57: Download complete
19ce2cfed201: Verifying Checksum
19ce2cfed201: Download complete
3286169cacea: Pull complete
0b91370f4f5b: Verifying Checksum
0b91370f4f5b: Download complete
b5dc5fa1074d: Pull complete
5a29a576cd0a: Pull complete
f1463df2d8b2: Pull complete
09fc7eb29305: Pull complete
848edbc591b6: Pull complete
02f371f14c68: Pull complete
8ed4d2ca17fb: Verifying Checksum
8ed4d2ca17fb: Download complete
df81047c9773: Pull complete
f201e55c4819: Pull complete
d428544c5dee: Download complete
18936555c951: Pull complete
bef50b04e07e: Pull complete
38d161c24d04: Pull complete
da01be8e7f2b: Pull complete
dcaa8f90eb1c: Pull complete
ae3200909ed3: Download complete
b56d5f841116: Verifying Checksum
b56d5f841116: Download complete
e16dfd256c71: Download complete
b9be88f180ac: Verifying Checksum
b9be88f180ac: Download complete
5c8e0c7a2c37: Verifying Checksum
5c8e0c7a2c37: Download complete
aeb529609c62: Verifying Checksum
aeb529609c62: Download complete
d4cf1ec0d6a4: Verifying Checksum
d4cf1ec0d6a4: Download complete
80892550e57b: Verifying Checksum
8952b0d54c26: Verifying Checksum
8952b0d54c26: Download complete
f4a4cf81d246: Verifying Checksum
f4a4cf81d246: Download complete
2f1a76cbffe6: Verifying Checksum
2f1a76cbffe6: Download complete
ae3200909ed3: Pull complete
5005e7cd3131: Verifying Checksum
5005e7cd3131: Download complete
3e913f661b57: Pull complete
c6afaad98cd2: Verifying Checksum
c6afaad98cd2: Download complete
8d13932de4e7: Verifying Checksum
8d13932de4e7: Download complete
d1d048707e01: Download complete
02dff37590b6: Verifying Checksum
02dff37590b6: Download complete
e38fe66a8adf: Download complete
9da2763aa76b: Download complete
19ce2cfed201: Pull complete
8ed4d2ca17fb: Pull complete
0b91370f4f5b: Pull complete
d428544c5dee: Pull complete
b9be88f180ac: Pull complete
b56d5f841116: Pull complete
e16dfd256c71: Pull complete
5c8e0c7a2c37: Pull complete
80892550e57b: Pull complete
aeb529609c62: Pull complete
d4cf1ec0d6a4: Pull complete
2f1a76cbffe6: Pull complete
8952b0d54c26: Pull complete
f4a4cf81d246: Pull complete
c6afaad98cd2: Pull complete
02dff37590b6: Pull complete
5005e7cd3131: Pull complete
8d13932de4e7: Pull complete
e38fe66a8adf: Pull complete
d1d048707e01: Pull complete
e4883a92edf7: Verifying Checksum
e4883a92edf7: Download complete
e4883a92edf7: Pull complete
9da2763aa76b: Pull complete
Digest: sha256:aa53311d8bc67e388c83f5b6625ad2ce04957154903fd7396aa2bedf26f0e000
Status: Downloaded newer image for n132/arvo:45722-vul
=================================================================
==7==ERROR: AddressSanitizer: heap-buffer-overflow on address 0x60600000001f at pc 0x000000510422 bp 0x7ffe0d09cf50 sp 0x7ffe0d09cf48
READ of size 1 at 0x60600000001f thread T0
SCARINESS: 12 (1-byte-read-heap-buffer-overflow)
    #0 0x510421 in vp9_superframe_filter /src/ffmpeg/libavcodec/vp9_superframe_bsf.c:111:14
    #1 0x502d4e in av_bsf_receive_packet /src/ffmpeg/libavcodec/bsf.c:229:12
    #2 0x4fc4df in LLVMFuzzerTestOneInput /src/ffmpeg/tools/target_bsf_fuzzer.c:153:16
    #3 0xb12ef5 in ExecuteFilesOnyByOne /src/aflplusplus/utils/aflpp_driver/aflpp_driver.c:191:7
    #4 0xb12d65 in main /src/aflplusplus/utils/aflpp_driver/aflpp_driver.c
    #5 0x7281c089d082 in __libc_start_main (/lib/x86_64-linux-gnu/libc.so.6+0x24082)
    #6 0x44160d in _start (/out/ffmpeg_BSF_VP9_SUPERFRAME_fuzzer+0x44160d)

DEDUP_TOKEN: vp9_superframe_filter--av_bsf_receive_packet--LLVMFuzzerTestOneInput
0x60600000001f is located 1 bytes to the left of 64-byte region [0x606000000020,0x606000000060)
allocated by thread T0 here:
    #0 0x4c1f13 in __interceptor_realloc /src/llvm-project/compiler-rt/lib/asan/asan_malloc_linux.cpp:148:3
    #1 0xa95c5e in av_realloc /src/ffmpeg/libavutil/mem.c:162:11
    #2 0xa53ac4 in av_buffer_realloc /src/ffmpeg/libavutil/buffer.c:192:25
    #3 0x4fd56f in packet_alloc /src/ffmpeg/libavcodec/avpacket.c:88:11
    #4 0x4fd37b in av_new_packet /src/ffmpeg/libavcodec/avpacket.c:100:15
    #5 0x4fc30d in LLVMFuzzerTestOneInput /src/ffmpeg/tools/target_bsf_fuzzer.c:135:15
    #6 0xb12ef5 in ExecuteFilesOnyByOne /src/aflplusplus/utils/aflpp_driver/aflpp_driver.c:191:7

DEDUP_TOKEN: __interceptor_realloc--av_realloc--av_buffer_realloc
SUMMARY: AddressSanitizer: heap-buffer-overflow /src/ffmpeg/libavcodec/vp9_superframe_bsf.c:111:14 in vp9_superframe_filter
Shadow bytes around the buggy address:
  0x0c0c7fff7fb0: 00 00 00 00 00 00 00 00 00 00 00 00 00 00 00 00
  0x0c0c7fff7fc0: 00 00 00 00 00 00 00 00 00 00 00 00 00 00 00 00
  0x0c0c7fff7fd0: 00 00 00 00 00 00 00 00 00 00 00 00 00 00 00 00
  0x0c0c7fff7fe0: 00 00 00 00 00 00 00 00 00 00 00 00 00 00 00 00
  0x0c0c7fff7ff0: 00 00 00 00 00 00 00 00 00 00 00 00 00 00 00 00
=>0x0c0c7fff8000: fa fa fa[fa]00 00 00 00 00 00 00 00 fa fa fa fa
  0x0c0c7fff8010: fa fa fa fa fa fa fa fa fa fa fa fa fa fa fa fa
  0x0c0c7fff8020: fa fa fa fa fa fa fa fa fa fa fa fa fa fa fa fa
  0x0c0c7fff8030: fa fa fa fa fa fa fa fa fa fa fa fa fa fa fa fa
  0x0c0c7fff8040: fa fa fa fa fa fa fa fa fa fa fa fa fa fa fa fa
  0x0c0c7fff8050: fa fa fa fa fa fa fa fa fa fa fa fa fa fa fa fa
Shadow byte legend (one shadow byte represents 8 application bytes):
  Addressable:           00
  Partially addressable: 01 02 03 04 05 06 07 
  Heap left redzone:       fa
  Freed heap region:       fd
  Stack left redzone:      f1
  Stack mid redzone:       f2
  Stack right redzone:     f3
  Stack after return:      f5
  Stack use after scope:   f8
  Global redzone:          f9
  Global init order:       f6
  Poisoned by user:        f7
  Container overflow:      fc
  Array cookie:            ac
  Intra object redzone:    bb
  ASan internal:           fe
  Left alloca redzone:     ca
  Right alloca redzone:    cb
==7==ABORTING
