INFO: Running with entropic power schedule (0xFF, 100).
INFO: Seed: 216674555
INFO: Loaded 1 modules   (56694 inline 8-bit counters): 56694 [0xed6220, 0xee3f96),
INFO: Loaded 1 PC tables (56694 PCs): 56694 [0xcf0d90,0xdce4f0),
/out/ffmpeg_AV_CODEC_ID_DFPWM_fuzzer: Running 1 inputs 1 time(s) each.
Running: /tmp/poc
=================================================================
==13==ERROR: AddressSanitizer: heap-buffer-overflow on address 0x624000003d00 at pc 0x0000005a4806 bp 0x7ffc0f70a070 sp 0x7ffc0f70a068
WRITE of size 1 at 0x624000003d00 thread T0
SCARINESS: 31 (1-byte-write-heap-buffer-overflow)
    #0 0x5a4805 in au_decompress /src/ffmpeg/libavcodec/dfpwmdec.c:75:25
    #1 0x5a4805 in dfpwm_dec_frame /src/ffmpeg/libavcodec/dfpwmdec.c:118:5
    #2 0x596d02 in decode_simple_internal /src/ffmpeg/libavcodec/decode.c:322:15
    #3 0x596d02 in decode_simple_receive_frame /src/ffmpeg/libavcodec/decode.c:530:15
    #4 0x596d02 in decode_receive_frame_internal /src/ffmpeg/libavcodec/decode.c:550:15
    #5 0x596532 in avcodec_send_packet /src/ffmpeg/libavcodec/decode.c:618:15
    #6 0x5821ff in LLVMFuzzerTestOneInput /src/ffmpeg/tools/target_dec_fuzzer.c:426:25
    #7 0x477732 in fuzzer::Fuzzer::ExecuteCallback(unsigned char const*, unsigned long) /src/llvm-project/compiler-rt/lib/fuzzer/FuzzerLoop.cpp:611:15
    #8 0x4632e2 in fuzzer::RunOneTest(fuzzer::Fuzzer*, char const*, unsigned long) /src/llvm-project/compiler-rt/lib/fuzzer/FuzzerDriver.cpp:324:6
    #9 0x468b4c in fuzzer::FuzzerDriver(int*, char***, int (*)(unsigned char const*, unsigned long)) /src/llvm-project/compiler-rt/lib/fuzzer/FuzzerDriver.cpp:860:9
    #10 0x4914e2 in main /src/llvm-project/compiler-rt/lib/fuzzer/FuzzerMain.cpp:20:10
    #11 0x7c59958be082 in __libc_start_main (/lib/x86_64-linux-gnu/libc.so.6+0x24082)
    #12 0x441a2d in _start (/out/ffmpeg_AV_CODEC_ID_DFPWM_fuzzer+0x441a2d)

DEDUP_TOKEN: au_decompress--dfpwm_dec_frame--decode_simple_internal
0x624000003d00 is located 0 bytes to the right of 7168-byte region [0x624000002100,0x624000003d00)
allocated by thread T0 here:
    #0 0x5475b7 in posix_memalign /src/llvm-project/compiler-rt/lib/asan/asan_malloc_linux.cpp:210:3
    #1 0xb498a0 in av_malloc /src/ffmpeg/libavutil/mem.c:105:9
    #2 0xb0ea02 in av_buffer_alloc /src/ffmpeg/libavutil/buffer.c:82:12
    #3 0xb11069 in pool_alloc_buffer /src/ffmpeg/libavutil/buffer.c:366:26
    #4 0xb11069 in av_buffer_pool_get /src/ffmpeg/libavutil/buffer.c:404:15
    #5 0x59f807 in audio_get_buffer /src/ffmpeg/libavcodec/decode.c:1419:25
    #6 0x59f807 in avcodec_default_get_buffer2 /src/ffmpeg/libavcodec/decode.c:1502:16
    #7 0x5a2034 in ff_get_buffer /src/ffmpeg/libavcodec/decode.c:1729:11
    #8 0x5a425e in dfpwm_dec_frame /src/ffmpeg/libavcodec/dfpwmdec.c:115:16
    #9 0x596d02 in decode_simple_internal /src/ffmpeg/libavcodec/decode.c:322:15
    #10 0x596d02 in decode_simple_receive_frame /src/ffmpeg/libavcodec/decode.c:530:15
    #11 0x596d02 in decode_receive_frame_internal /src/ffmpeg/libavcodec/decode.c:550:15
    #12 0x596532 in avcodec_send_packet /src/ffmpeg/libavcodec/decode.c:618:15
    #13 0x5821ff in LLVMFuzzerTestOneInput /src/ffmpeg/tools/target_dec_fuzzer.c:426:25
    #14 0x477732 in fuzzer::Fuzzer::ExecuteCallback(unsigned char const*, unsigned long) /src/llvm-project/compiler-rt/lib/fuzzer/FuzzerLoop.cpp:611:15
    #15 0x4632e2 in fuzzer::RunOneTest(fuzzer::Fuzzer*, char const*, unsigned long) /src/llvm-project/compiler-rt/lib/fuzzer/FuzzerDriver.cpp:324:6
    #16 0x468b4c in fuzzer::FuzzerDriver(int*, char***, int (*)(unsigned char const*, unsigned long)) /src/llvm-project/compiler-rt/lib/fuzzer/FuzzerDriver.cpp:860:9
    #17 0x4914e2 in main /src/llvm-project/compiler-rt/lib/fuzzer/FuzzerMain.cpp:20:10
    #18 0x7c59958be082 in __libc_start_main (/lib/x86_64-linux-gnu/libc.so.6+0x24082)

DEDUP_TOKEN: posix_memalign--av_malloc--av_buffer_alloc
SUMMARY: AddressSanitizer: heap-buffer-overflow /src/ffmpeg/libavcodec/dfpwmdec.c:75:25 in au_decompress
Shadow bytes around the buggy address:
  0x0c487fff8750: 00 00 00 00 00 00 00 00 00 00 00 00 00 00 00 00
  0x0c487fff8760: 00 00 00 00 00 00 00 00 00 00 00 00 00 00 00 00
  0x0c487fff8770: 00 00 00 00 00 00 00 00 00 00 00 00 00 00 00 00
  0x0c487fff8780: 00 00 00 00 00 00 00 00 00 00 00 00 00 00 00 00
  0x0c487fff8790: 00 00 00 00 00 00 00 00 00 00 00 00 00 00 00 00
=>0x0c487fff87a0:[fa]fa fa fa fa fa fa fa fa fa fa fa fa fa fa fa
  0x0c487fff87b0: fa fa fa fa fa fa fa fa fa fa fa fa fa fa fa fa
  0x0c487fff87c0: fa fa fa fa fa fa fa fa fa fa fa fa fa fa fa fa
  0x0c487fff87d0: fa fa fa fa fa fa fa fa fa fa fa fa fa fa fa fa
  0x0c487fff87e0: fa fa fa fa fa fa fa fa fa fa fa fa fa fa fa fa
  0x0c487fff87f0: fa fa fa fa fa fa fa fa fa fa fa fa fa fa fa fa
Shadow byte legend (one shadow byte represents 8 application bytes):
  Addressable:           00
  Partially addressable: 01 02 03 04 05 06 07
  Heap left redzone:       fa
  Freed heap region:       fd
  Stack left redzone:      f1
  Stack mid redzone:       f2
  Stack right redzone:     f3
  Stack after return:      f5
  Stack use after scope:   f8
  Global redzone:          f9
  Global init order:       f6
  Poisoned by user:        f7
  Container overflow:      fc
  Array cookie:            ac
  Intra object redzone:    bb
  ASan internal:           fe
  Left alloca redzone:     ca
  Right alloca redzone:    cb
==13==ABORTING