Unable to find image 'n132/arvo:45846-vul' locally
45846-vul: Pulling from n132/arvo
7c3b88808835: Already exists
5cacf886223c: Already exists
df4ab0605df5: Already exists
e34c553c5398: Already exists
411af1782d53: Already exists
24f45ceb2b78: Already exists
059b9481e335: Already exists
22f026cfa973: Already exists
3286169cacea: Already exists
b5dc5fa1074d: Already exists
5a29a576cd0a: Already exists
f1463df2d8b2: Already exists
09fc7eb29305: Already exists
848edbc591b6: Already exists
02f371f14c68: Already exists
df81047c9773: Already exists
f201e55c4819: Already exists
18936555c951: Already exists
bef50b04e07e: Already exists
38d161c24d04: Already exists
da01be8e7f2b: Already exists
dcaa8f90eb1c: Already exists
1cedd822d4c3: Pulling fs layer
4e3b2b961807: Pulling fs layer
41c5ed919064: Pulling fs layer
58943a8ee5ea: Pulling fs layer
9a764a4ca9b5: Pulling fs layer
39dfc96dfa7f: Pulling fs layer
c66cff33eced: Pulling fs layer
3254432f0ff0: Pulling fs layer
3d0f36133033: Pulling fs layer
433261211b22: Pulling fs layer
e04bea306135: Pulling fs layer
d0cee220a651: Pulling fs layer
dfcfd118a13b: Pulling fs layer
58943a8ee5ea: Waiting
676cbc36f8e1: Pulling fs layer
5ce994203fb9: Pulling fs layer
9a764a4ca9b5: Waiting
1126604d0a0b: Pulling fs layer
39dfc96dfa7f: Waiting
61877ee7062a: Pulling fs layer
b887404fb36d: Pulling fs layer
69d653ef0fd6: Pulling fs layer
8039f1212b5a: Pulling fs layer
44aeed0ca7ae: Pulling fs layer
8077af18aa47: Pulling fs layer
874c9c490009: Pulling fs layer
f8450d186044: Pulling fs layer
c66cff33eced: Waiting
3254432f0ff0: Waiting
3d0f36133033: Waiting
433261211b22: Waiting
e04bea306135: Waiting
d0cee220a651: Waiting
dfcfd118a13b: Waiting
676cbc36f8e1: Waiting
f8450d186044: Waiting
1126604d0a0b: Waiting
61877ee7062a: Waiting
69d653ef0fd6: Waiting
b887404fb36d: Waiting
8077af18aa47: Waiting
874c9c490009: Waiting
5ce994203fb9: Waiting
8039f1212b5a: Waiting
4e3b2b961807: Verifying Checksum
4e3b2b961807: Download complete
1cedd822d4c3: Verifying Checksum
1cedd822d4c3: Download complete
9a764a4ca9b5: Verifying Checksum
9a764a4ca9b5: Download complete
58943a8ee5ea: Verifying Checksum
58943a8ee5ea: Download complete
41c5ed919064: Verifying Checksum
41c5ed919064: Download complete
c66cff33eced: Verifying Checksum
c66cff33eced: Download complete
3254432f0ff0: Download complete
3d0f36133033: Download complete
39dfc96dfa7f: Download complete
433261211b22: Verifying Checksum
433261211b22: Download complete
d0cee220a651: Verifying Checksum
d0cee220a651: Download complete
dfcfd118a13b: Verifying Checksum
dfcfd118a13b: Download complete
e04bea306135: Verifying Checksum
e04bea306135: Download complete
5ce994203fb9: Verifying Checksum
5ce994203fb9: Download complete
1126604d0a0b: Verifying Checksum
1126604d0a0b: Download complete
1cedd822d4c3: Pull complete
4e3b2b961807: Pull complete
61877ee7062a: Verifying Checksum
61877ee7062a: Download complete
676cbc36f8e1: Verifying Checksum
676cbc36f8e1: Download complete
69d653ef0fd6: Verifying Checksum
69d653ef0fd6: Download complete
b887404fb36d: Verifying Checksum
b887404fb36d: Download complete
44aeed0ca7ae: Verifying Checksum
44aeed0ca7ae: Download complete
8077af18aa47: Verifying Checksum
8077af18aa47: Download complete
8039f1212b5a: Verifying Checksum
8039f1212b5a: Download complete
f8450d186044: Verifying Checksum
f8450d186044: Download complete
41c5ed919064: Pull complete
58943a8ee5ea: Pull complete
9a764a4ca9b5: Pull complete
39dfc96dfa7f: Pull complete
c66cff33eced: Pull complete
3254432f0ff0: Pull complete
3d0f36133033: Pull complete
433261211b22: Pull complete
e04bea306135: Pull complete
d0cee220a651: Pull complete
dfcfd118a13b: Pull complete
676cbc36f8e1: Pull complete
5ce994203fb9: Pull complete
1126604d0a0b: Pull complete
61877ee7062a: Pull complete
b887404fb36d: Pull complete
69d653ef0fd6: Pull complete
8039f1212b5a: Pull complete
44aeed0ca7ae: Pull complete
8077af18aa47: Pull complete
874c9c490009: Verifying Checksum
874c9c490009: Download complete
874c9c490009: Pull complete
f8450d186044: Pull complete
Digest: sha256:4707bb0c256ae843e7393ee528ab31ed6d46aa9e361c400c0268c7baf7929ba8
Status: Downloaded newer image for n132/arvo:45846-vul
INFO: Running with entropic power schedule (0xFF, 100).
INFO: Seed: 1260110673
INFO: Loaded 1 modules   (56694 inline 8-bit counters): 56694 [0xed6220, 0xee3f96), 
INFO: Loaded 1 PC tables (56694 PCs): 56694 [0xcf0d90,0xdce4f0), 
/out/ffmpeg_AV_CODEC_ID_DFPWM_fuzzer: Running 1 inputs 1 time(s) each.
Running: /tmp/poc
=================================================================
==7==ERROR: AddressSanitizer: heap-buffer-overflow on address 0x624000003d00 at pc 0x0000005a4806 bp 0x7ffda7d5d670 sp 0x7ffda7d5d668
WRITE of size 1 at 0x624000003d00 thread T0
SCARINESS: 31 (1-byte-write-heap-buffer-overflow)
    #0 0x5a4805 in au_decompress /src/ffmpeg/libavcodec/dfpwmdec.c:75:25
    #1 0x5a4805 in dfpwm_dec_frame /src/ffmpeg/libavcodec/dfpwmdec.c:118:5
    #2 0x596d02 in decode_simple_internal /src/ffmpeg/libavcodec/decode.c:322:15
    #3 0x596d02 in decode_simple_receive_frame /src/ffmpeg/libavcodec/decode.c:530:15
    #4 0x596d02 in decode_receive_frame_internal /src/ffmpeg/libavcodec/decode.c:550:15
    #5 0x596532 in avcodec_send_packet /src/ffmpeg/libavcodec/decode.c:618:15
    #6 0x5821ff in LLVMFuzzerTestOneInput /src/ffmpeg/tools/target_dec_fuzzer.c:426:25
    #7 0x477732 in fuzzer::Fuzzer::ExecuteCallback(unsigned char const*, unsigned long) /src/llvm-project/compiler-rt/lib/fuzzer/FuzzerLoop.cpp:611:15
    #8 0x4632e2 in fuzzer::RunOneTest(fuzzer::Fuzzer*, char const*, unsigned long) /src/llvm-project/compiler-rt/lib/fuzzer/FuzzerDriver.cpp:324:6
    #9 0x468b4c in fuzzer::FuzzerDriver(int*, char***, int (*)(unsigned char const*, unsigned long)) /src/llvm-project/compiler-rt/lib/fuzzer/FuzzerDriver.cpp:860:9
    #10 0x4914e2 in main /src/llvm-project/compiler-rt/lib/fuzzer/FuzzerMain.cpp:20:10
    #11 0x774aa2436082 in __libc_start_main (/lib/x86_64-linux-gnu/libc.so.6+0x24082)
    #12 0x441a2d in _start (/out/ffmpeg_AV_CODEC_ID_DFPWM_fuzzer+0x441a2d)

DEDUP_TOKEN: au_decompress--dfpwm_dec_frame--decode_simple_internal
0x624000003d00 is located 0 bytes to the right of 7168-byte region [0x624000002100,0x624000003d00)
allocated by thread T0 here:
    #0 0x5475b7 in posix_memalign /src/llvm-project/compiler-rt/lib/asan/asan_malloc_linux.cpp:210:3
    #1 0xb498a0 in av_malloc /src/ffmpeg/libavutil/mem.c:105:9
    #2 0xb0ea02 in av_buffer_alloc /src/ffmpeg/libavutil/buffer.c:82:12
    #3 0xb11069 in pool_alloc_buffer /src/ffmpeg/libavutil/buffer.c:366:26
    #4 0xb11069 in av_buffer_pool_get /src/ffmpeg/libavutil/buffer.c:404:15
    #5 0x59f807 in audio_get_buffer /src/ffmpeg/libavcodec/decode.c:1419:25
    #6 0x59f807 in avcodec_default_get_buffer2 /src/ffmpeg/libavcodec/decode.c:1502:16
    #7 0x5a2034 in ff_get_buffer /src/ffmpeg/libavcodec/decode.c:1729:11
    #8 0x5a425e in dfpwm_dec_frame /src/ffmpeg/libavcodec/dfpwmdec.c:115:16
    #9 0x596d02 in decode_simple_internal /src/ffmpeg/libavcodec/decode.c:322:15
    #10 0x596d02 in decode_simple_receive_frame /src/ffmpeg/libavcodec/decode.c:530:15
    #11 0x596d02 in decode_receive_frame_internal /src/ffmpeg/libavcodec/decode.c:550:15
    #12 0x596532 in avcodec_send_packet /src/ffmpeg/libavcodec/decode.c:618:15
    #13 0x5821ff in LLVMFuzzerTestOneInput /src/ffmpeg/tools/target_dec_fuzzer.c:426:25
    #14 0x477732 in fuzzer::Fuzzer::ExecuteCallback(unsigned char const*, unsigned long) /src/llvm-project/compiler-rt/lib/fuzzer/FuzzerLoop.cpp:611:15
    #15 0x4632e2 in fuzzer::RunOneTest(fuzzer::Fuzzer*, char const*, unsigned long) /src/llvm-project/compiler-rt/lib/fuzzer/FuzzerDriver.cpp:324:6
    #16 0x468b4c in fuzzer::FuzzerDriver(int*, char***, int (*)(unsigned char const*, unsigned long)) /src/llvm-project/compiler-rt/lib/fuzzer/FuzzerDriver.cpp:860:9
    #17 0x4914e2 in main /src/llvm-project/compiler-rt/lib/fuzzer/FuzzerMain.cpp:20:10
    #18 0x774aa2436082 in __libc_start_main (/lib/x86_64-linux-gnu/libc.so.6+0x24082)

DEDUP_TOKEN: posix_memalign--av_malloc--av_buffer_alloc
SUMMARY: AddressSanitizer: heap-buffer-overflow /src/ffmpeg/libavcodec/dfpwmdec.c:75:25 in au_decompress
Shadow bytes around the buggy address:
  0x0c487fff8750: 00 00 00 00 00 00 00 00 00 00 00 00 00 00 00 00
  0x0c487fff8760: 00 00 00 00 00 00 00 00 00 00 00 00 00 00 00 00
  0x0c487fff8770: 00 00 00 00 00 00 00 00 00 00 00 00 00 00 00 00
  0x0c487fff8780: 00 00 00 00 00 00 00 00 00 00 00 00 00 00 00 00
  0x0c487fff8790: 00 00 00 00 00 00 00 00 00 00 00 00 00 00 00 00
=>0x0c487fff87a0:[fa]fa fa fa fa fa fa fa fa fa fa fa fa fa fa fa
  0x0c487fff87b0: fa fa fa fa fa fa fa fa fa fa fa fa fa fa fa fa
  0x0c487fff87c0: fa fa fa fa fa fa fa fa fa fa fa fa fa fa fa fa
  0x0c487fff87d0: fa fa fa fa fa fa fa fa fa fa fa fa fa fa fa fa
  0x0c487fff87e0: fa fa fa fa fa fa fa fa fa fa fa fa fa fa fa fa
  0x0c487fff87f0: fa fa fa fa fa fa fa fa fa fa fa fa fa fa fa fa
Shadow byte legend (one shadow byte represents 8 application bytes):
  Addressable:           00
  Partially addressable: 01 02 03 04 05 06 07 
  Heap left redzone:       fa
  Freed heap region:       fd
  Stack left redzone:      f1
  Stack mid redzone:       f2
  Stack right redzone:     f3
  Stack after return:      f5
  Stack use after scope:   f8
  Global redzone:          f9
  Global init order:       f6
  Poisoned by user:        f7
  Container overflow:      fc
  Array cookie:            ac
  Intra object redzone:    bb
  ASan internal:           fe
  Left alloca redzone:     ca
  Right alloca redzone:    cb
==7==ABORTING
