Unable to find image 'n132/arvo:47391-vul' locally
47391-vul: Pulling from n132/arvo
d5fd17ec1767: Pulling fs layer
677c051bd819: Pulling fs layer
49b9202251c1: Pulling fs layer
e66d07dd93a1: Pulling fs layer
d1cffedeab4d: Pulling fs layer
bff6bafc75e1: Pulling fs layer
5bb47c524704: Pulling fs layer
1e2a016a62ed: Pulling fs layer
818baefd6855: Pulling fs layer
704fee89f2d1: Pulling fs layer
1e547dceef0a: Pulling fs layer
ef61d278f72b: Pulling fs layer
678177578018: Pulling fs layer
2e4f64fbdb89: Pulling fs layer
18ea05e3b7d6: Pulling fs layer
1e7e913e1ef8: Pulling fs layer
fb69aee54bc2: Pulling fs layer
6df960c0ab6a: Pulling fs layer
0bcaa6aeb7f0: Pulling fs layer
19967b440eae: Pulling fs layer
898c85c9a8d2: Pulling fs layer
1110572042f3: Pulling fs layer
97a69519816b: Pulling fs layer
ff939eee37f4: Pulling fs layer
09b291690ad1: Pulling fs layer
2837ed2bfaf9: Pulling fs layer
921105c2671a: Pulling fs layer
4f4fb700ef54: Pulling fs layer
719069dfdbd2: Pulling fs layer
893b01decea9: Pulling fs layer
9311365231b9: Pulling fs layer
ef61d278f72b: Waiting
678177578018: Waiting
2e4f64fbdb89: Waiting
18ea05e3b7d6: Waiting
1e7e913e1ef8: Waiting
fb69aee54bc2: Waiting
6df960c0ab6a: Waiting
0bcaa6aeb7f0: Waiting
19967b440eae: Waiting
e66d07dd93a1: Waiting
4f4fb700ef54: Waiting
719069dfdbd2: Waiting
898c85c9a8d2: Waiting
893b01decea9: Waiting
9311365231b9: Waiting
1110572042f3: Waiting
97a69519816b: Waiting
d1cffedeab4d: Waiting
ff939eee37f4: Waiting
2837ed2bfaf9: Waiting
bff6bafc75e1: Waiting
09b291690ad1: Waiting
921105c2671a: Waiting
5bb47c524704: Waiting
1e2a016a62ed: Waiting
1e547dceef0a: Waiting
818baefd6855: Waiting
704fee89f2d1: Waiting
d5fd17ec1767: Verifying Checksum
d5fd17ec1767: Download complete
49b9202251c1: Verifying Checksum
49b9202251c1: Download complete
d5fd17ec1767: Pull complete
d1cffedeab4d: Verifying Checksum
d1cffedeab4d: Download complete
677c051bd819: Download complete
e66d07dd93a1: Verifying Checksum
e66d07dd93a1: Download complete
1e2a016a62ed: Download complete
bff6bafc75e1: Verifying Checksum
bff6bafc75e1: Download complete
677c051bd819: Pull complete
49b9202251c1: Pull complete
e66d07dd93a1: Pull complete
704fee89f2d1: Verifying Checksum
704fee89f2d1: Download complete
d1cffedeab4d: Pull complete
bff6bafc75e1: Pull complete
1e547dceef0a: Verifying Checksum
1e547dceef0a: Download complete
5bb47c524704: Verifying Checksum
5bb47c524704: Download complete
818baefd6855: Verifying Checksum
818baefd6855: Download complete
2e4f64fbdb89: Download complete
18ea05e3b7d6: Verifying Checksum
18ea05e3b7d6: Download complete
1e7e913e1ef8: Verifying Checksum
1e7e913e1ef8: Download complete
ef61d278f72b: Verifying Checksum
ef61d278f72b: Download complete
678177578018: Verifying Checksum
678177578018: Download complete
fb69aee54bc2: Download complete
6df960c0ab6a: Download complete
0bcaa6aeb7f0: Download complete
19967b440eae: Verifying Checksum
19967b440eae: Download complete
898c85c9a8d2: Verifying Checksum
898c85c9a8d2: Download complete
1110572042f3: Download complete
ff939eee37f4: Verifying Checksum
ff939eee37f4: Download complete
09b291690ad1: Verifying Checksum
09b291690ad1: Download complete
5bb47c524704: Pull complete
1e2a016a62ed: Pull complete
921105c2671a: Verifying Checksum
921105c2671a: Download complete
4f4fb700ef54: Verifying Checksum
4f4fb700ef54: Download complete
719069dfdbd2: Verifying Checksum
719069dfdbd2: Download complete
893b01decea9: Verifying Checksum
893b01decea9: Download complete
818baefd6855: Pull complete
9311365231b9: Verifying Checksum
9311365231b9: Download complete
704fee89f2d1: Pull complete
1e547dceef0a: Pull complete
ef61d278f72b: Pull complete
97a69519816b: Verifying Checksum
97a69519816b: Download complete
2837ed2bfaf9: Verifying Checksum
2837ed2bfaf9: Download complete
678177578018: Pull complete
2e4f64fbdb89: Pull complete
18ea05e3b7d6: Pull complete
1e7e913e1ef8: Pull complete
fb69aee54bc2: Pull complete
6df960c0ab6a: Pull complete
0bcaa6aeb7f0: Pull complete
19967b440eae: Pull complete
898c85c9a8d2: Pull complete
1110572042f3: Pull complete
97a69519816b: Pull complete
ff939eee37f4: Pull complete
09b291690ad1: Pull complete
2837ed2bfaf9: Pull complete
921105c2671a: Pull complete
4f4fb700ef54: Pull complete
719069dfdbd2: Pull complete
893b01decea9: Pull complete
9311365231b9: Pull complete
Digest: sha256:c39249d946987a0fe7a4b19ec64d09b75a8047c3893bdc7a6bb8812204545347
Status: Downloaded newer image for n132/arvo:47391-vul
INFO: Running with entropic power schedule (0xFF, 100).
INFO: Seed: 1740139102
INFO: Loaded 1 modules   (6059 inline 8-bit counters): 6059 [0x694960, 0x69610b), 
INFO: Loaded 1 PC tables (6059 PCs): 6059 [0x624770,0x63c220), 
/out/parse_bjdata_fuzzer: Running 1 inputs 1 time(s) each.
Running: /tmp/poc
=================================================================
==7==ERROR: AddressSanitizer: heap-buffer-overflow on address 0x602000000140 at pc 0x000000576031 bp 0x7ffc7b665a40 sp 0x7ffc7b665a38
READ of size 1 at 0x602000000140 thread T0
SCARINESS: 22 (1-byte-read-heap-buffer-overflow-far-from-bounds)
    #0 0x576030 in __is_long /usr/local/bin/../include/c++/v1/string:1445:39
    #1 0x576030 in __get_pointer /usr/local/bin/../include/c++/v1/string:1539:17
    #2 0x576030 in data /usr/local/bin/../include/c++/v1/string:1251:75
    #3 0x576030 in operator basic_string_view /usr/local/bin/../include/c++/v1/string:889:65
    #4 0x576030 in compare /usr/local/bin/../include/c++/v1/string:3914:32
    #5 0x576030 in operator<<char, std::__1::char_traits<char>, std::__1::allocator<char> > /usr/local/bin/../include/c++/v1/string:4141:18
    #6 0x576030 in operator() /usr/local/bin/../include/c++/v1/__functional/operations.h:487:21
    #7 0x576030 in operator() /usr/local/bin/../include/c++/v1/map:537:17
    #8 0x576030 in std::__1::__tree_node_base<void*>*& std::__1::__tree<std::__1::__value_type<std::__1::basic_string<char, std::__1::char_traits<char>, std::__1::allocator<char> >, nlohmann::basic_json<std::__1::map, std::__1::vector, std::__1::basic_string<char, std::__1::char_traits<char>, std::__1::allocator<char> >, bool, long, unsigned long, double, std::__1::allocator, nlohmann::adl_serializer, std::__1::vector<unsigned char, std::__1::allocator<unsigned char> > > >, std::__1::__map_value_compare<std::__1::basic_string<char, std::__1::char_traits<char>, std::__1::allocator<char> >, std::__1::__value_type<std::__1::basic_string<char, std::__1::char_traits<char>, std::__1::allocator<char> >, nlohmann::basic_json<std::__1::map, std::__1::vector, std::__1::basic_string<char, std::__1::char_traits<char>, std::__1::allocator<char> >, bool, long, unsigned long, double, std::__1::allocator, nlohmann::adl_serializer, std::__1::vector<unsigned char, std::__1::allocator<unsigned char> > > >, std::__1::less<std::__1::basic_string<char, std::__1::char_traits<char>, std::__1::allocator<char> > >, true>, std::__1::allocator<std::__1::__value_type<std::__1::basic_string<char, std::__1::char_traits<char>, std::__1::allocator<char> >, nlohmann::basic_json<std::__1::map, std::__1::vector, std::__1::basic_string<char, std::__1::char_traits<char>, std::__1::allocator<char> >, bool, long, unsigned long, double, std::__1::allocator, nlohmann::adl_serializer, std::__1::vector<unsigned char, std::__1::allocator<unsigned char> > > > > >::__find_equal<std::__1::basic_string<char, std::__1::char_traits<char>, std::__1::allocator<char> > >(std::__1::__tree_end_node<std::__1::__tree_node_base<void*>*>*&, std::__1::basic_string<char, std::__1::char_traits<char>, std::__1::allocator<char> > const&) /usr/local/bin/../include/c++/v1/__tree:1977:17
    #9 0x5756a1 in std::__1::pair<std::__1::__tree_iterator<std::__1::__value_type<std::__1::basic_string<char, std::__1::char_traits<char>, std::__1::allocator<char> >, nlohmann::basic_json<std::__1::map, std::__1::vector, std::__1::basic_string<char, std::__1::char_traits<char>, std::__1::allocator<char> >, bool, long, unsigned long, double, std::__1::allocator, nlohmann::adl_serializer, std::__1::vector<unsigned char, std::__1::allocator<unsigned char> > > >, std::__1::__tree_node<std::__1::__value_type<std::__1::basic_string<char, std::__1::char_traits<char>, std::__1::allocator<char> >, nlohmann::basic_json<std::__1::map, std::__1::vector, std::__1::basic_string<char, std::__1::char_traits<char>, std::__1::allocator<char> >, bool, long, unsigned long, double, std::__1::allocator, nlohmann::adl_serializer, std::__1::vector<unsigned char, std::__1::allocator<unsigned char> > > >, void*>*, long>, bool> std::__1::__tree<std::__1::__value_type<std::__1::basic_string<char, std::__1::char_traits<char>, std::__1::allocator<char> >, nlohmann::basic_json<std::__1::map, std::__1::vector, std::__1::basic_string<char, std::__1::char_traits<char>, std::__1::allocator<char> >, bool, long, unsigned long, double, std::__1::allocator, nlohmann::adl_serializer, std::__1::vector<unsigned char, std::__1::allocator<unsigned char> > > >, std::__1::__map_value_compare<std::__1::basic_string<char, std::__1::char_traits<char>, std::__1::allocator<char> >, std::__1::__value_type<std::__1::basic_string<char, std::__1::char_traits<char>, std::__1::allocator<char> >, nlohmann::basic_json<std::__1::map, std::__1::vector, std::__1::basic_string<char, std::__1::char_traits<char>, std::__1::allocator<char> >, bool, long, unsigned long, double, std::__1::allocator, nlohmann::adl_serializer, std::__1::vector<unsigned char, std::__1::allocator<unsigned char> > > >, std::__1::less<std::__1::basic_string<char, std::__1::char_traits<char>, std::__1::allocator<char> > >, true>, std::__1::allocator<std::__1::__value_type<std::__1::basic_string<char, std::__1::char_traits<char>, std::__1::allocator<char> >, nlohmann::basic_json<std::__1::map, std::__1::vector, std::__1::basic_string<char, std::__1::char_traits<char>, std::__1::allocator<char> >, bool, long, unsigned long, double, std::__1::allocator, nlohmann::adl_serializer, std::__1::vector<unsigned char, std::__1::allocator<unsigned char> > > > > >::__emplace_unique_key_args<std::__1::basic_string<char, std::__1::char_traits<char>, std::__1::allocator<char> >, std::__1::piecewise_construct_t const&, std::__1::tuple<std::__1::basic_string<char, std::__1::char_traits<char>, std::__1::allocator<char> > const&>, std::__1::tuple<> >(std::__1::basic_string<char, std::__1::char_traits<char>, std::__1::allocator<char> > const&, std::__1::piecewise_construct_t const&, std::__1::tuple<std::__1::basic_string<char, std::__1::char_traits<char>, std::__1::allocator<char> > const&>&&, std::__1::tuple<>&&) /usr/local/bin/../include/c++/v1/__tree:2093:36
    #10 0x59e32c in operator[] /usr/local/bin/../include/c++/v1/map:1546:20
    #11 0x59e32c in key /src/json/tests/../single_include/nlohmann/json.hpp:6234:62
    #12 0x59e32c in nlohmann::detail::binary_reader<nlohmann::basic_json<std::__1::map, std::__1::vector, std::__1::basic_string<char, std::__1::char_traits<char>, std::__1::allocator<char> >, bool, long, unsigned long, double, std::__1::allocator, nlohmann::adl_serializer, std::__1::vector<unsigned char, std::__1::allocator<unsigned char> > >, nlohmann::detail::iterator_input_adapter<std::__1::__wrap_iter<unsigned char const*> >, nlohmann::detail::json_sax_dom_parser<nlohmann::basic_json<std::__1::map, std::__1::vector, std::__1::basic_string<char, std::__1::char_traits<char>, std::__1::allocator<char> >, bool, long, unsigned long, double, std::__1::allocator, nlohmann::adl_serializer, std::__1::vector<unsigned char, std::__1::allocator<unsigned char> > > > >::get_ubjson_object() /src/json/tests/../single_include/nlohmann/json.hpp:11062:21
    #13 0x591184 in nlohmann::detail::binary_reader<nlohmann::basic_json<std::__1::map, std::__1::vector, std::__1::basic_string<char, std::__1::char_traits<char>, std::__1::allocator<char> >, bool, long, unsigned long, double, std::__1::allocator, nlohmann::adl_serializer, std::__1::vector<unsigned char, std::__1::allocator<unsigned char> > >, nlohmann::detail::iterator_input_adapter<std::__1::__wrap_iter<unsigned char const*> >, nlohmann::detail::json_sax_dom_parser<nlohmann::basic_json<std::__1::map, std::__1::vector, std::__1::basic_string<char, std::__1::char_traits<char>, std::__1::allocator<char> >, bool, long, unsigned long, double, std::__1::allocator, nlohmann::adl_serializer, std::__1::vector<unsigned char, std::__1::allocator<unsigned char> > > > >::get_ubjson_value(int) /src/json/tests/../single_include/nlohmann/json.hpp:10878:24
    #14 0x562df4 in parse_ubjson_internal /src/json/tests/../single_include/nlohmann/json.hpp:10299:16
    #15 0x562df4 in nlohmann::detail::binary_reader<nlohmann::basic_json<std::__1::map, std::__1::vector, std::__1::basic_string<char, std::__1::char_traits<char>, std::__1::allocator<char> >, bool, long, unsigned long, double, std::__1::allocator, nlohmann::adl_serializer, std::__1::vector<unsigned char, std::__1::allocator<unsigned char> > >, nlohmann::detail::iterator_input_adapter<std::__1::__wrap_iter<unsigned char const*> >, nlohmann::detail::json_sax_dom_parser<nlohmann::basic_json<std::__1::map, std::__1::vector, std::__1::basic_string<char, std::__1::char_traits<char>, std::__1::allocator<char> >, bool, long, unsigned long, double, std::__1::allocator, nlohmann::adl_serializer, std::__1::vector<unsigned char, std::__1::allocator<unsigned char> > > > >::sax_parse(nlohmann::detail::input_format_t, nlohmann::detail::json_sax_dom_parser<nlohmann::basic_json<std::__1::map, std::__1::vector, std::__1::basic_string<char, std::__1::char_traits<char>, std::__1::allocator<char> >, bool, long, unsigned long, double, std::__1::allocator, nlohmann::adl_serializer, std::__1::vector<unsigned char, std::__1::allocator<unsigned char> > > >*, bool, nlohmann::detail::cbor_tag_handler_t) /src/json/tests/../single_include/nlohmann/json.hpp:8597:26
    #16 0x55e91b in nlohmann::basic_json<std::__1::map, std::__1::vector, std::__1::basic_string<char, std::__1::char_traits<char>, std::__1::allocator<char> >, bool, long, unsigned long, double, std::__1::allocator, nlohmann::adl_serializer, std::__1::vector<unsigned char, std::__1::allocator<unsigned char> > > nlohmann::basic_json<std::__1::map, std::__1::vector, std::__1::basic_string<char, std::__1::char_traits<char>, std::__1::allocator<char> >, bool, long, unsigned long, double, std::__1::allocator, nlohmann::adl_serializer, std::__1::vector<unsigned char, std::__1::allocator<unsigned char> > >::from_bjdata<std::__1::vector<unsigned char, std::__1::allocator<unsigned char> >&>(std::__1::vector<unsigned char, std::__1::allocator<unsigned char> >&, bool, bool) /src/json/tests/../single_include/nlohmann/json.hpp:22496:93
    #17 0x55d22c in LLVMFuzzerTestOneInput /src/json/tests/src/fuzzer-parse_bjdata.cpp:40:19
    #18 0x455233 in fuzzer::Fuzzer::ExecuteCallback(unsigned char const*, unsigned long) /src/llvm-project/compiler-rt/lib/fuzzer/FuzzerLoop.cpp:611:15
    #19 0x440ec2 in fuzzer::RunOneTest(fuzzer::Fuzzer*, char const*, unsigned long) /src/llvm-project/compiler-rt/lib/fuzzer/FuzzerDriver.cpp:324:6
    #20 0x44670c in fuzzer::FuzzerDriver(int*, char***, int (*)(unsigned char const*, unsigned long)) /src/llvm-project/compiler-rt/lib/fuzzer/FuzzerDriver.cpp:860:9
    #21 0x46f302 in main /src/llvm-project/compiler-rt/lib/fuzzer/FuzzerMain.cpp:20:10
    #22 0x7d7499380082 in __libc_start_main (/lib/x86_64-linux-gnu/libc.so.6+0x24082)
    #23 0x41f6ed in _start (/out/parse_bjdata_fuzzer+0x41f6ed)

DEDUP_TOKEN: __is_long--__get_pointer--data
0x602000000140 is located 0 bytes to the right of 16-byte region [0x602000000130,0x602000000140)
freed by thread T0 here:
    #0 0x55b15d in operator delete(void*) /src/llvm-project/compiler-rt/lib/asan/asan_new_delete.cpp:152:3
    #1 0x580c8b in __libcpp_operator_delete<void *> /usr/local/bin/../include/c++/v1/new:255:3
    #2 0x580c8b in __do_deallocate_handle_size<> /usr/local/bin/../include/c++/v1/new:279:10
    #3 0x580c8b in __libcpp_deallocate /usr/local/bin/../include/c++/v1/new:289:12
    #4 0x580c8b in deallocate /usr/local/bin/../include/c++/v1/__memory/allocator.h:114:13
    #5 0x580c8b in deallocate /usr/local/bin/../include/c++/v1/__memory/allocator_traits.h:282:13
    #6 0x580c8b in ~__split_buffer /usr/local/bin/../include/c++/v1/__split_buffer:338:9
    #7 0x580c8b in void std::__1::vector<nlohmann::basic_json<std::__1::map, std::__1::vector, std::__1::basic_string<char, std::__1::char_traits<char>, std::__1::allocator<char> >, bool, long, unsigned long, double, std::__1::allocator, nlohmann::adl_serializer, std::__1::vector<unsigned char, std::__1::allocator<unsigned char> > >, std::__1::allocator<nlohmann::basic_json<std::__1::map, std::__1::vector, std::__1::basic_string<char, std::__1::char_traits<char>, std::__1::allocator<char> >, bool, long, unsigned long, double, std::__1::allocator, nlohmann::adl_serializer, std::__1::vector<unsigned char, std::__1::allocator<unsigned char> > > > >::__emplace_back_slow_path<long&>(long&) /usr/local/bin/../include/c++/v1/vector:1679:1
    #8 0x5804ba in emplace_back<long &> /usr/local/bin/../include/c++/v1/vector:1696:9
    #9 0x5804ba in nlohmann::basic_json<std::__1::map, std::__1::vector, std::__1::basic_string<char, std::__1::char_traits<char>, std::__1::allocator<char> >, bool, long, unsigned long, double, std::__1::allocator, nlohmann::adl_serializer, std::__1::vector<unsigned char, std::__1::allocator<unsigned char> > >* nlohmann::detail::json_sax_dom_parser<nlohmann::basic_json<std::__1::map, std::__1::vector, std::__1::basic_string<char, std::__1::char_traits<char>, std::__1::allocator<char> >, bool, long, unsigned long, double, std::__1::allocator, nlohmann::adl_serializer, std::__1::vector<unsigned char, std::__1::allocator<unsigned char> > > >::handle_value<long&>(long&) /src/json/tests/../single_include/nlohmann/json.hpp:6303:46
    #10 0x5a1b2b in number_integer /src/json/tests/../single_include/nlohmann/json.hpp:6191:9
    #11 0x5a1b2b in nlohmann::detail::binary_reader<nlohmann::basic_json<std::__1::map, std::__1::vector, std::__1::basic_string<char, std::__1::char_traits<char>, std::__1::allocator<char> >, bool, long, unsigned long, double, std::__1::allocator, nlohmann::adl_serializer, std::__1::vector<unsigned char, std::__1::allocator<unsigned char> > >, nlohmann::detail::iterator_input_adapter<std::__1::__wrap_iter<unsigned char const*> >, nlohmann::detail::json_sax_dom_parser<nlohmann::basic_json<std::__1::map, std::__1::vector, std::__1::basic_string<char, std::__1::char_traits<char>, std::__1::allocator<char> >, bool, long, unsigned long, double, std::__1::allocator, nlohmann::adl_serializer, std::__1::vector<unsigned char, std::__1::allocator<unsigned char> > > > >::get_ubjson_size_value(unsigned long&, bool&, int) /src/json/tests/../single_include/nlohmann/json.hpp:10606:29
    #12 0x5a4c08 in nlohmann::detail::binary_reader<nlohmann::basic_json<std::__1::map, std::__1::vector, std::__1::basic_string<char, std::__1::char_traits<char>, std::__1::allocator<char> >, bool, long, unsigned long, double, std::__1::allocator, nlohmann::adl_serializer, std::__1::vector<unsigned char, std::__1::allocator<unsigned char> > >, nlohmann::detail::iterator_input_adapter<std::__1::__wrap_iter<unsigned char const*> >, nlohmann::detail::json_sax_dom_parser<nlohmann::basic_json<std::__1::map, std::__1::vector, std::__1::basic_string<char, std::__1::char_traits<char>, std::__1::allocator<char> >, bool, long, unsigned long, double, std::__1::allocator, nlohmann::adl_serializer, std::__1::vector<unsigned char, std::__1::allocator<unsigned char> > > > >::get_ubjson_size_type(std::__1::pair<unsigned long, int>&) /src/json/tests/../single_include/nlohmann/json.hpp:10692:29
    #13 0x5a3c8c in nlohmann::detail::binary_reader<nlohmann::basic_json<std::__1::map, std::__1::vector, std::__1::basic_string<char, std::__1::char_traits<char>, std::__1::allocator<char> >, bool, long, unsigned long, double, std::__1::allocator, nlohmann::adl_serializer, std::__1::vector<unsigned char, std::__1::allocator<unsigned char> > >, nlohmann::detail::iterator_input_adapter<std::__1::__wrap_iter<unsigned char const*> >, nlohmann::detail::json_sax_dom_parser<nlohmann::basic_json<std::__1::map, std::__1::vector, std::__1::basic_string<char, std::__1::char_traits<char>, std::__1::allocator<char> >, bool, long, unsigned long, double, std::__1::allocator, nlohmann::adl_serializer, std::__1::vector<unsigned char, std::__1::allocator<unsigned char> > > > >::get_ubjson_ndarray_size(std::__1::vector<unsigned long, std::__1::allocator<unsigned long> >&) /src/json/tests/../single_include/nlohmann/json.hpp:10417:13
    #14 0x5a0a33 in nlohmann::detail::binary_reader<nlohmann::basic_json<std::__1::map, std::__1::vector, std::__1::basic_string<char, std::__1::char_traits<char>, std::__1::allocator<char> >, bool, long, unsigned long, double, std::__1::allocator, nlohmann::adl_serializer, std::__1::vector<unsigned char, std::__1::allocator<unsigned char> > >, nlohmann::detail::iterator_input_adapter<std::__1::__wrap_iter<unsigned char const*> >, nlohmann::detail::json_sax_dom_parser<nlohmann::basic_json<std::__1::map, std::__1::vector, std::__1::basic_string<char, std::__1::char_traits<char>, std::__1::allocator<char> >, bool, long, unsigned long, double, std::__1::allocator, nlohmann::adl_serializer, std::__1::vector<unsigned char, std::__1::allocator<unsigned char> > > > >::get_ubjson_size_value(unsigned long&, bool&, int) /src/json/tests/../single_include/nlohmann/json.hpp:10586:21
    #15 0x5a4c08 in nlohmann::detail::binary_reader<nlohmann::basic_json<std::__1::map, std::__1::vector, std::__1::basic_string<char, std::__1::char_traits<char>, std::__1::allocator<char> >, bool, long, unsigned long, double, std::__1::allocator, nlohmann::adl_serializer, std::__1::vector<unsigned char, std::__1::allocator<unsigned char> > >, nlohmann::detail::iterator_input_adapter<std::__1::__wrap_iter<unsigned char const*> >, nlohmann::detail::json_sax_dom_parser<nlohmann::basic_json<std::__1::map, std::__1::vector, std::__1::basic_string<char, std::__1::char_traits<char>, std::__1::allocator<char> >, bool, long, unsigned long, double, std::__1::allocator, nlohmann::adl_serializer, std::__1::vector<unsigned char, std::__1::allocator<unsigned char> > > > >::get_ubjson_size_type(std::__1::pair<unsigned long, int>&) /src/json/tests/../single_include/nlohmann/json.hpp:10692:29
    #16 0x59d87e in nlohmann::detail::binary_reader<nlohmann::basic_json<std::__1::map, std::__1::vector, std::__1::basic_string<char, std::__1::char_traits<char>, std::__1::allocator<char> >, bool, long, unsigned long, double, std::__1::allocator, nlohmann::adl_serializer, std::__1::vector<unsigned char, std::__1::allocator<unsigned char> > >, nlohmann::detail::iterator_input_adapter<std::__1::__wrap_iter<unsigned char const*> >, nlohmann::detail::json_sax_dom_parser<nlohmann::basic_json<std::__1::map, std::__1::vector, std::__1::basic_string<char, std::__1::char_traits<char>, std::__1::allocator<char> >, bool, long, unsigned long, double, std::__1::allocator, nlohmann::adl_serializer, std::__1::vector<unsigned char, std::__1::allocator<unsigned char> > > > >::get_ubjson_object() /src/json/tests/../single_include/nlohmann/json.hpp:11001:13
    #17 0x591184 in nlohmann::detail::binary_reader<nlohmann::basic_json<std::__1::map, std::__1::vector, std::__1::basic_string<char, std::__1::char_traits<char>, std::__1::allocator<char> >, bool, long, unsigned long, double, std::__1::allocator, nlohmann::adl_serializer, std::__1::vector<unsigned char, std::__1::allocator<unsigned char> > >, nlohmann::detail::iterator_input_adapter<std::__1::__wrap_iter<unsigned char const*> >, nlohmann::detail::json_sax_dom_parser<nlohmann::basic_json<std::__1::map, std::__1::vector, std::__1::basic_string<char, std::__1::char_traits<char>, std::__1::allocator<char> >, bool, long, unsigned long, double, std::__1::allocator, nlohmann::adl_serializer, std::__1::vector<unsigned char, std::__1::allocator<unsigned char> > > > >::get_ubjson_value(int) /src/json/tests/../single_include/nlohmann/json.hpp:10878:24
    #18 0x59b35a in parse_ubjson_internal /src/json/tests/../single_include/nlohmann/json.hpp:10299:16
    #19 0x59b35a in nlohmann::detail::binary_reader<nlohmann::basic_json<std::__1::map, std::__1::vector, std::__1::basic_string<char, std::__1::char_traits<char>, std::__1::allocator<char> >, bool, long, unsigned long, double, std::__1::allocator, nlohmann::adl_serializer, std::__1::vector<unsigned char, std::__1::allocator<unsigned char> > >, nlohmann::detail::iterator_input_adapter<std::__1::__wrap_iter<unsigned char const*> >, nlohmann::detail::json_sax_dom_parser<nlohmann::basic_json<std::__1::map, std::__1::vector, std::__1::basic_string<char, std::__1::char_traits<char>, std::__1::allocator<char> >, bool, long, unsigned long, double, std::__1::allocator, nlohmann::adl_serializer, std::__1::vector<unsigned char, std::__1::allocator<unsigned char> > > > >::get_ubjson_array() /src/json/tests/../single_include/nlohmann/json.hpp:10984:21
    #20 0x59116f in nlohmann::detail::binary_reader<nlohmann::basic_json<std::__1::map, std::__1::vector, std::__1::basic_string<char, std::__1::char_traits<char>, std::__1::allocator<char> >, bool, long, unsigned long, double, std::__1::allocator, nlohmann::adl_serializer, std::__1::vector<unsigned char, std::__1::allocator<unsigned char> > >, nlohmann::detail::iterator_input_adapter<std::__1::__wrap_iter<unsigned char const*> >, nlohmann::detail::json_sax_dom_parser<nlohmann::basic_json<std::__1::map, std::__1::vector, std::__1::basic_string<char, std::__1::char_traits<char>, std::__1::allocator<char> >, bool, long, unsigned long, double, std::__1::allocator, nlohmann::adl_serializer, std::__1::vector<unsigned char, std::__1::allocator<unsigned char> > > > >::get_ubjson_value(int) /src/json/tests/../single_include/nlohmann/json.hpp:10875:24
    #21 0x59e45e in parse_ubjson_internal /src/json/tests/../single_include/nlohmann/json.hpp:10299:16
    #22 0x59e45e in nlohmann::detail::binary_reader<nlohmann::basic_json<std::__1::map, std::__1::vector, std::__1::basic_string<char, std::__1::char_traits<char>, std::__1::allocator<char> >, bool, long, unsigned long, double, std::__1::allocator, nlohmann::adl_serializer, std::__1::vector<unsigned char, std::__1::allocator<unsigned char> > >, nlohmann::detail::iterator_input_adapter<std::__1::__wrap_iter<unsigned char const*> >, nlohmann::detail::json_sax_dom_parser<nlohmann::basic_json<std::__1::map, std::__1::vector, std::__1::basic_string<char, std::__1::char_traits<char>, std::__1::allocator<char> >, bool, long, unsigned long, double, std::__1::allocator, nlohmann::adl_serializer, std::__1::vector<unsigned char, std::__1::allocator<unsigned char> > > > >::get_ubjson_object() /src/json/tests/../single_include/nlohmann/json.hpp:11066:21
    #23 0x591184 in nlohmann::detail::binary_reader<nlohmann::basic_json<std::__1::map, std::__1::vector, std::__1::basic_string<char, std::__1::char_traits<char>, std::__1::allocator<char> >, bool, long, unsigned long, double, std::__1::allocator, nlohmann::adl_serializer, std::__1::vector<unsigned char, std::__1::allocator<unsigned char> > >, nlohmann::detail::iterator_input_adapter<std::__1::__wrap_iter<unsigned char const*> >, nlohmann::detail::json_sax_dom_parser<nlohmann::basic_json<std::__1::map, std::__1::vector, std::__1::basic_string<char, std::__1::char_traits<char>, std::__1::allocator<char> >, bool, long, unsigned long, double, std::__1::allocator, nlohmann::adl_serializer, std::__1::vector<unsigned char, std::__1::allocator<unsigned char> > > > >::get_ubjson_value(int) /src/json/tests/../single_include/nlohmann/json.hpp:10878:24
    #24 0x562df4 in parse_ubjson_internal /src/json/tests/../single_include/nlohmann/json.hpp:10299:16
    #25 0x562df4 in nlohmann::detail::binary_reader<nlohmann::basic_json<std::__1::map, std::__1::vector, std::__1::basic_string<char, std::__1::char_traits<char>, std::__1::allocator<char> >, bool, long, unsigned long, double, std::__1::allocator, nlohmann::adl_serializer, std::__1::vector<unsigned char, std::__1::allocator<unsigned char> > >, nlohmann::detail::iterator_input_adapter<std::__1::__wrap_iter<unsigned char const*> >, nlohmann::detail::json_sax_dom_parser<nlohmann::basic_json<std::__1::map, std::__1::vector, std::__1::basic_string<char, std::__1::char_traits<char>, std::__1::allocator<char> >, bool, long, unsigned long, double, std::__1::allocator, nlohmann::adl_serializer, std::__1::vector<unsigned char, std::__1::allocator<unsigned char> > > > >::sax_parse(nlohmann::detail::input_format_t, nlohmann::detail::json_sax_dom_parser<nlohmann::basic_json<std::__1::map, std::__1::vector, std::__1::basic_string<char, std::__1::char_traits<char>, std::__1::allocator<char> >, bool, long, unsigned long, double, std::__1::allocator, nlohmann::adl_serializer, std::__1::vector<unsigned char, std::__1::allocator<unsigned char> > > >*, bool, nlohmann::detail::cbor_tag_handler_t) /src/json/tests/../single_include/nlohmann/json.hpp:8597:26
    #26 0x55e91b in nlohmann::basic_json<std::__1::map, std::__1::vector, std::__1::basic_string<char, std::__1::char_traits<char>, std::__1::allocator<char> >, bool, long, unsigned long, double, std::__1::allocator, nlohmann::adl_serializer, std::__1::vector<unsigned char, std::__1::allocator<unsigned char> > > nlohmann::basic_json<std::__1::map, std::__1::vector, std::__1::basic_string<char, std::__1::char_traits<char>, std::__1::allocator<char> >, bool, long, unsigned long, double, std::__1::allocator, nlohmann::adl_serializer, std::__1::vector<unsigned char, std::__1::allocator<unsigned char> > >::from_bjdata<std::__1::vector<unsigned char, std::__1::allocator<unsigned char> >&>(std::__1::vector<unsigned char, std::__1::allocator<unsigned char> >&, bool, bool) /src/json/tests/../single_include/nlohmann/json.hpp:22496:93
    #27 0x55d22c in LLVMFuzzerTestOneInput /src/json/tests/src/fuzzer-parse_bjdata.cpp:40:19
    #28 0x455233 in fuzzer::Fuzzer::ExecuteCallback(unsigned char const*, unsigned long) /src/llvm-project/compiler-rt/lib/fuzzer/FuzzerLoop.cpp:611:15
    #29 0x440ec2 in fuzzer::RunOneTest(fuzzer::Fuzzer*, char const*, unsigned long) /src/llvm-project/compiler-rt/lib/fuzzer/FuzzerDriver.cpp:324:6
    #30 0x44670c in fuzzer::FuzzerDriver(int*, char***, int (*)(unsigned char const*, unsigned long)) /src/llvm-project/compiler-rt/lib/fuzzer/FuzzerDriver.cpp:860:9
    #31 0x46f302 in main /src/llvm-project/compiler-rt/lib/fuzzer/FuzzerMain.cpp:20:10
    #32 0x7d7499380082 in __libc_start_main (/lib/x86_64-linux-gnu/libc.so.6+0x24082)

DEDUP_TOKEN: operator delete(void*)--__libcpp_operator_delete<void *>--__do_deallocate_handle_size<>
previously allocated by thread T0 here:
    #0 0x55a8fd in operator new(unsigned long) /src/llvm-project/compiler-rt/lib/asan/asan_new_delete.cpp:95:3
    #1 0x580a84 in __libcpp_operator_new<unsigned long> /usr/local/bin/../include/c++/v1/new:245:10
    #2 0x580a84 in __libcpp_allocate /usr/local/bin/../include/c++/v1/new:271:10
    #3 0x580a84 in allocate /usr/local/bin/../include/c++/v1/__memory/allocator.h:105:38
    #4 0x580a84 in allocate /usr/local/bin/../include/c++/v1/__memory/allocator_traits.h:262:20
    #5 0x580a84 in __split_buffer /usr/local/bin/../include/c++/v1/__split_buffer:306:29
    #6 0x580a84 in void std::__1::vector<nlohmann::basic_json<std::__1::map, std::__1::vector, std::__1::basic_string<char, std::__1::char_traits<char>, std::__1::allocator<char> >, bool, long, unsigned long, double, std::__1::allocator, nlohmann::adl_serializer, std::__1::vector<unsigned char, std::__1::allocator<unsigned char> > >, std::__1::allocator<nlohmann::basic_json<std::__1::map, std::__1::vector, std::__1::basic_string<char, std::__1::char_traits<char>, std::__1::allocator<char> >, bool, long, unsigned long, double, std::__1::allocator, nlohmann::adl_serializer, std::__1::vector<unsigned char, std::__1::allocator<unsigned char> > > > >::__emplace_back_slow_path<long&>(long&) /usr/local/bin/../include/c++/v1/vector:1674:49
    #7 0x5804ba in emplace_back<long &> /usr/local/bin/../include/c++/v1/vector:1696:9
    #8 0x5804ba in nlohmann::basic_json<std::__1::map, std::__1::vector, std::__1::basic_string<char, std::__1::char_traits<char>, std::__1::allocator<char> >, bool, long, unsigned long, double, std::__1::allocator, nlohmann::adl_serializer, std::__1::vector<unsigned char, std::__1::allocator<unsigned char> > >* nlohmann::detail::json_sax_dom_parser<nlohmann::basic_json<std::__1::map, std::__1::vector, std::__1::basic_string<char, std::__1::char_traits<char>, std::__1::allocator<char> >, bool, long, unsigned long, double, std::__1::allocator, nlohmann::adl_serializer, std::__1::vector<unsigned char, std::__1::allocator<unsigned char> > > >::handle_value<long&>(long&) /src/json/tests/../single_include/nlohmann/json.hpp:6303:46
    #9 0x5a1b2b in number_integer /src/json/tests/../single_include/nlohmann/json.hpp:6191:9
    #10 0x5a1b2b in nlohmann::detail::binary_reader<nlohmann::basic_json<std::__1::map, std::__1::vector, std::__1::basic_string<char, std::__1::char_traits<char>, std::__1::allocator<char> >, bool, long, unsigned long, double, std::__1::allocator, nlohmann::adl_serializer, std::__1::vector<unsigned char, std::__1::allocator<unsigned char> > >, nlohmann::detail::iterator_input_adapter<std::__1::__wrap_iter<unsigned char const*> >, nlohmann::detail::json_sax_dom_parser<nlohmann::basic_json<std::__1::map, std::__1::vector, std::__1::basic_string<char, std::__1::char_traits<char>, std::__1::allocator<char> >, bool, long, unsigned long, double, std::__1::allocator, nlohmann::adl_serializer, std::__1::vector<unsigned char, std::__1::allocator<unsigned char> > > > >::get_ubjson_size_value(unsigned long&, bool&, int) /src/json/tests/../single_include/nlohmann/json.hpp:10606:29
    #11 0x5a4c08 in nlohmann::detail::binary_reader<nlohmann::basic_json<std::__1::map, std::__1::vector, std::__1::basic_string<char, std::__1::char_traits<char>, std::__1::allocator<char> >, bool, long, unsigned long, double, std::__1::allocator, nlohmann::adl_serializer, std::__1::vector<unsigned char, std::__1::allocator<unsigned char> > >, nlohmann::detail::iterator_input_adapter<std::__1::__wrap_iter<unsigned char const*> >, nlohmann::detail::json_sax_dom_parser<nlohmann::basic_json<std::__1::map, std::__1::vector, std::__1::basic_string<char, std::__1::char_traits<char>, std::__1::allocator<char> >, bool, long, unsigned long, double, std::__1::allocator, nlohmann::adl_serializer, std::__1::vector<unsigned char, std::__1::allocator<unsigned char> > > > >::get_ubjson_size_type(std::__1::pair<unsigned long, int>&) /src/json/tests/../single_include/nlohmann/json.hpp:10692:29
    #12 0x5a3c8c in nlohmann::detail::binary_reader<nlohmann::basic_json<std::__1::map, std::__1::vector, std::__1::basic_string<char, std::__1::char_traits<char>, std::__1::allocator<char> >, bool, long, unsigned long, double, std::__1::allocator, nlohmann::adl_serializer, std::__1::vector<unsigned char, std::__1::allocator<unsigned char> > >, nlohmann::detail::iterator_input_adapter<std::__1::__wrap_iter<unsigned char const*> >, nlohmann::detail::json_sax_dom_parser<nlohmann::basic_json<std::__1::map, std::__1::vector, std::__1::basic_string<char, std::__1::char_traits<char>, std::__1::allocator<char> >, bool, long, unsigned long, double, std::__1::allocator, nlohmann::adl_serializer, std::__1::vector<unsigned char, std::__1::allocator<unsigned char> > > > >::get_ubjson_ndarray_size(std::__1::vector<unsigned long, std::__1::allocator<unsigned long> >&) /src/json/tests/../single_include/nlohmann/json.hpp:10417:13
    #13 0x5a0a33 in nlohmann::detail::binary_reader<nlohmann::basic_json<std::__1::map, std::__1::vector, std::__1::basic_string<char, std::__1::char_traits<char>, std::__1::allocator<char> >, bool, long, unsigned long, double, std::__1::allocator, nlohmann::adl_serializer, std::__1::vector<unsigned char, std::__1::allocator<unsigned char> > >, nlohmann::detail::iterator_input_adapter<std::__1::__wrap_iter<unsigned char const*> >, nlohmann::detail::json_sax_dom_parser<nlohmann::basic_json<std::__1::map, std::__1::vector, std::__1::basic_string<char, std::__1::char_traits<char>, std::__1::allocator<char> >, bool, long, unsigned long, double, std::__1::allocator, nlohmann::adl_serializer, std::__1::vector<unsigned char, std::__1::allocator<unsigned char> > > > >::get_ubjson_size_value(unsigned long&, bool&, int) /src/json/tests/../single_include/nlohmann/json.hpp:10586:21
    #14 0x5a4c08 in nlohmann::detail::binary_reader<nlohmann::basic_json<std::__1::map, std::__1::vector, std::__1::basic_string<char, std::__1::char_traits<char>, std::__1::allocator<char> >, bool, long, unsigned long, double, std::__1::allocator, nlohmann::adl_serializer, std::__1::vector<unsigned char, std::__1::allocator<unsigned char> > >, nlohmann::detail::iterator_input_adapter<std::__1::__wrap_iter<unsigned char const*> >, nlohmann::detail::json_sax_dom_parser<nlohmann::basic_json<std::__1::map, std::__1::vector, std::__1::basic_string<char, std::__1::char_traits<char>, std::__1::allocator<char> >, bool, long, unsigned long, double, std::__1::allocator, nlohmann::adl_serializer, std::__1::vector<unsigned char, std::__1::allocator<unsigned char> > > > >::get_ubjson_size_type(std::__1::pair<unsigned long, int>&) /src/json/tests/../single_include/nlohmann/json.hpp:10692:29
    #15 0x59d87e in nlohmann::detail::binary_reader<nlohmann::basic_json<std::__1::map, std::__1::vector, std::__1::basic_string<char, std::__1::char_traits<char>, std::__1::allocator<char> >, bool, long, unsigned long, double, std::__1::allocator, nlohmann::adl_serializer, std::__1::vector<unsigned char, std::__1::allocator<unsigned char> > >, nlohmann::detail::iterator_input_adapter<std::__1::__wrap_iter<unsigned char const*> >, nlohmann::detail::json_sax_dom_parser<nlohmann::basic_json<std::__1::map, std::__1::vector, std::__1::basic_string<char, std::__1::char_traits<char>, std::__1::allocator<char> >, bool, long, unsigned long, double, std::__1::allocator, nlohmann::adl_serializer, std::__1::vector<unsigned char, std::__1::allocator<unsigned char> > > > >::get_ubjson_object() /src/json/tests/../single_include/nlohmann/json.hpp:11001:13
    #16 0x591184 in nlohmann::detail::binary_reader<nlohmann::basic_json<std::__1::map, std::__1::vector, std::__1::basic_string<char, std::__1::char_traits<char>, std::__1::allocator<char> >, bool, long, unsigned long, double, std::__1::allocator, nlohmann::adl_serializer, std::__1::vector<unsigned char, std::__1::allocator<unsigned char> > >, nlohmann::detail::iterator_input_adapter<std::__1::__wrap_iter<unsigned char const*> >, nlohmann::detail::json_sax_dom_parser<nlohmann::basic_json<std::__1::map, std::__1::vector, std::__1::basic_string<char, std::__1::char_traits<char>, std::__1::allocator<char> >, bool, long, unsigned long, double, std::__1::allocator, nlohmann::adl_serializer, std::__1::vector<unsigned char, std::__1::allocator<unsigned char> > > > >::get_ubjson_value(int) /src/json/tests/../single_include/nlohmann/json.hpp:10878:24
    #17 0x59b35a in parse_ubjson_internal /src/json/tests/../single_include/nlohmann/json.hpp:10299:16
    #18 0x59b35a in nlohmann::detail::binary_reader<nlohmann::basic_json<std::__1::map, std::__1::vector, std::__1::basic_string<char, std::__1::char_traits<char>, std::__1::allocator<char> >, bool, long, unsigned long, double, std::__1::allocator, nlohmann::adl_serializer, std::__1::vector<unsigned char, std::__1::allocator<unsigned char> > >, nlohmann::detail::iterator_input_adapter<std::__1::__wrap_iter<unsigned char const*> >, nlohmann::detail::json_sax_dom_parser<nlohmann::basic_json<std::__1::map, std::__1::vector, std::__1::basic_string<char, std::__1::char_traits<char>, std::__1::allocator<char> >, bool, long, unsigned long, double, std::__1::allocator, nlohmann::adl_serializer, std::__1::vector<unsigned char, std::__1::allocator<unsigned char> > > > >::get_ubjson_array() /src/json/tests/../single_include/nlohmann/json.hpp:10984:21
    #19 0x59116f in nlohmann::detail::binary_reader<nlohmann::basic_json<std::__1::map, std::__1::vector, std::__1::basic_string<char, std::__1::char_traits<char>, std::__1::allocator<char> >, bool, long, unsigned long, double, std::__1::allocator, nlohmann::adl_serializer, std::__1::vector<unsigned char, std::__1::allocator<unsigned char> > >, nlohmann::detail::iterator_input_adapter<std::__1::__wrap_iter<unsigned char const*> >, nlohmann::detail::json_sax_dom_parser<nlohmann::basic_json<std::__1::map, std::__1::vector, std::__1::basic_string<char, std::__1::char_traits<char>, std::__1::allocator<char> >, bool, long, unsigned long, double, std::__1::allocator, nlohmann::adl_serializer, std::__1::vector<unsigned char, std::__1::allocator<unsigned char> > > > >::get_ubjson_value(int) /src/json/tests/../single_include/nlohmann/json.hpp:10875:24
    #20 0x59e45e in parse_ubjson_internal /src/json/tests/../single_include/nlohmann/json.hpp:10299:16
    #21 0x59e45e in nlohmann::detail::binary_reader<nlohmann::basic_json<std::__1::map, std::__1::vector, std::__1::basic_string<char, std::__1::char_traits<char>, std::__1::allocator<char> >, bool, long, unsigned long, double, std::__1::allocator, nlohmann::adl_serializer, std::__1::vector<unsigned char, std::__1::allocator<unsigned char> > >, nlohmann::detail::iterator_input_adapter<std::__1::__wrap_iter<unsigned char const*> >, nlohmann::detail::json_sax_dom_parser<nlohmann::basic_json<std::__1::map, std::__1::vector, std::__1::basic_string<char, std::__1::char_traits<char>, std::__1::allocator<char> >, bool, long, unsigned long, double, std::__1::allocator, nlohmann::adl_serializer, std::__1::vector<unsigned char, std::__1::allocator<unsigned char> > > > >::get_ubjson_object() /src/json/tests/../single_include/nlohmann/json.hpp:11066:21
    #22 0x591184 in nlohmann::detail::binary_reader<nlohmann::basic_json<std::__1::map, std::__1::vector, std::__1::basic_string<char, std::__1::char_traits<char>, std::__1::allocator<char> >, bool, long, unsigned long, double, std::__1::allocator, nlohmann::adl_serializer, std::__1::vector<unsigned char, std::__1::allocator<unsigned char> > >, nlohmann::detail::iterator_input_adapter<std::__1::__wrap_iter<unsigned char const*> >, nlohmann::detail::json_sax_dom_parser<nlohmann::basic_json<std::__1::map, std::__1::vector, std::__1::basic_string<char, std::__1::char_traits<char>, std::__1::allocator<char> >, bool, long, unsigned long, double, std::__1::allocator, nlohmann::adl_serializer, std::__1::vector<unsigned char, std::__1::allocator<unsigned char> > > > >::get_ubjson_value(int) /src/json/tests/../single_include/nlohmann/json.hpp:10878:24
    #23 0x562df4 in parse_ubjson_internal /src/json/tests/../single_include/nlohmann/json.hpp:10299:16
    #24 0x562df4 in nlohmann::detail::binary_reader<nlohmann::basic_json<std::__1::map, std::__1::vector, std::__1::basic_string<char, std::__1::char_traits<char>, std::__1::allocator<char> >, bool, long, unsigned long, double, std::__1::allocator, nlohmann::adl_serializer, std::__1::vector<unsigned char, std::__1::allocator<unsigned char> > >, nlohmann::detail::iterator_input_adapter<std::__1::__wrap_iter<unsigned char const*> >, nlohmann::detail::json_sax_dom_parser<nlohmann::basic_json<std::__1::map, std::__1::vector, std::__1::basic_string<char, std::__1::char_traits<char>, std::__1::allocator<char> >, bool, long, unsigned long, double, std::__1::allocator, nlohmann::adl_serializer, std::__1::vector<unsigned char, std::__1::allocator<unsigned char> > > > >::sax_parse(nlohmann::detail::input_format_t, nlohmann::detail::json_sax_dom_parser<nlohmann::basic_json<std::__1::map, std::__1::vector, std::__1::basic_string<char, std::__1::char_traits<char>, std::__1::allocator<char> >, bool, long, unsigned long, double, std::__1::allocator, nlohmann::adl_serializer, std::__1::vector<unsigned char, std::__1::allocator<unsigned char> > > >*, bool, nlohmann::detail::cbor_tag_handler_t) /src/json/tests/../single_include/nlohmann/json.hpp:8597:26
    #25 0x55e91b in nlohmann::basic_json<std::__1::map, std::__1::vector, std::__1::basic_string<char, std::__1::char_traits<char>, std::__1::allocator<char> >, bool, long, unsigned long, double, std::__1::allocator, nlohmann::adl_serializer, std::__1::vector<unsigned char, std::__1::allocator<unsigned char> > > nlohmann::basic_json<std::__1::map, std::__1::vector, std::__1::basic_string<char, std::__1::char_traits<char>, std::__1::allocator<char> >, bool, long, unsigned long, double, std::__1::allocator, nlohmann::adl_serializer, std::__1::vector<unsigned char, std::__1::allocator<unsigned char> > >::from_bjdata<std::__1::vector<unsigned char, std::__1::allocator<unsigned char> >&>(std::__1::vector<unsigned char, std::__1::allocator<unsigned char> >&, bool, bool) /src/json/tests/../single_include/nlohmann/json.hpp:22496:93
    #26 0x55d22c in LLVMFuzzerTestOneInput /src/json/tests/src/fuzzer-parse_bjdata.cpp:40:19
    #27 0x455233 in fuzzer::Fuzzer::ExecuteCallback(unsigned char const*, unsigned long) /src/llvm-project/compiler-rt/lib/fuzzer/FuzzerLoop.cpp:611:15
    #28 0x440ec2 in fuzzer::RunOneTest(fuzzer::Fuzzer*, char const*, unsigned long) /src/llvm-project/compiler-rt/lib/fuzzer/FuzzerDriver.cpp:324:6
    #29 0x44670c in fuzzer::FuzzerDriver(int*, char***, int (*)(unsigned char const*, unsigned long)) /src/llvm-project/compiler-rt/lib/fuzzer/FuzzerDriver.cpp:860:9
    #30 0x46f302 in main /src/llvm-project/compiler-rt/lib/fuzzer/FuzzerMain.cpp:20:10
    #31 0x7d7499380082 in __libc_start_main (/lib/x86_64-linux-gnu/libc.so.6+0x24082)

DEDUP_TOKEN: operator new(unsigned long)--__libcpp_operator_new<unsigned long>--__libcpp_allocate
SUMMARY: AddressSanitizer: heap-buffer-overflow /usr/local/bin/../include/c++/v1/string:1445:39 in __is_long
Shadow bytes around the buggy address:
  0x0c047fff7fd0: 00 00 00 00 00 00 00 00 00 00 00 00 00 00 00 00
  0x0c047fff7fe0: 00 00 00 00 00 00 00 00 00 00 00 00 00 00 00 00
  0x0c047fff7ff0: 00 00 00 00 00 00 00 00 00 00 00 00 00 00 00 00
  0x0c047fff8000: fa fa 00 00 fa fa 00 fa fa fa 00 fa fa fa 00 fa
  0x0c047fff8010: fa fa fd fa fa fa fd fd fa fa fd fa fa fa fd fd
=>0x0c047fff8020: fa fa 00 00 fa fa fd fd[fa]fa fa fa fa fa fa fa
  0x0c047fff8030: fa fa fa fa fa fa fa fa fa fa fa fa fa fa fa fa
  0x0c047fff8040: fa fa fa fa fa fa fa fa fa fa fa fa fa fa fa fa
  0x0c047fff8050: fa fa fa fa fa fa fa fa fa fa fa fa fa fa fa fa
  0x0c047fff8060: fa fa fa fa fa fa fa fa fa fa fa fa fa fa fa fa
  0x0c047fff8070: fa fa fa fa fa fa fa fa fa fa fa fa fa fa fa fa
Shadow byte legend (one shadow byte represents 8 application bytes):
  Addressable:           00
  Partially addressable: 01 02 03 04 05 06 07 
  Heap left redzone:       fa
  Freed heap region:       fd
  Stack left redzone:      f1
  Stack mid redzone:       f2
  Stack right redzone:     f3
  Stack after return:      f5
  Stack use after scope:   f8
  Global redzone:          f9
  Global init order:       f6
  Poisoned by user:        f7
  Container overflow:      fc
  Array cookie:            ac
  Intra object redzone:    bb
  ASan internal:           fe
  Left alloca redzone:     ca
  Right alloca redzone:    cb
==7==ABORTING
