=================================================================
==7==ERROR: AddressSanitizer: heap-buffer-overflow on address 0x631000025600 at pc 0x0000004c244c bp 0x7fffa742d330 sp 0x7fffa742caf8
WRITE of size 320 at 0x631000025600 thread T0
SCARINESS: 45 (multi-byte-write-heap-buffer-overflow)
    #0 0x4c244b in __asan_memcpy /src/llvm-project/compiler-rt/lib/asan/asan_interceptors_memintrinsics.cpp:22:3
    #1 0x516960 in cdg_scroll /src/ffmpeg/libavcodec/cdgraphics.c:241:9
    #2 0x514987 in cdg_decode_frame /src/ffmpeg/libavcodec/cdgraphics.c:342:13
    #3 0x51ceaa in decode_simple_internal /src/ffmpeg/libavcodec/decode.c:307:15
    #4 0x51ceaa in decode_simple_receive_frame /src/ffmpeg/libavcodec/decode.c:515:15
    #5 0x51ceaa in decode_receive_frame_internal /src/ffmpeg/libavcodec/decode.c:536:15
    #6 0x51c497 in avcodec_send_packet /src/ffmpeg/libavcodec/decode.c:604:15
    #7 0x4ffaf2 in LLVMFuzzerTestOneInput /src/ffmpeg/tools/target_dec_fuzzer.c:482:25
    #8 0xdb065a in ExecuteFilesOnyByOne /src/aflplusplus/utils/aflpp_driver/aflpp_driver.c:234:7
    #9 0xdb042d in main /src/aflplusplus/utils/aflpp_driver/aflpp_driver.c:318:12
    #10 0x7cb70a625082 in __libc_start_main (/lib/x86_64-linux-gnu/libc.so.6+0x24082)
    #11 0x443c6d in _start (/out/ffmpeg_AV_CODEC_ID_CDGRAPHICS_fuzzer+0x443c6d)

DEDUP_TOKEN: __asan_memcpy--cdg_scroll--cdg_decode_frame
0x631000025600 is located 0 bytes to the right of 69120-byte region [0x631000014800,0x631000025600)
allocated by thread T0 here:
    #0 0x4c3997 in posix_memalign /src/llvm-project/compiler-rt/lib/asan/asan_malloc_linux.cpp:210:3
    #1 0xd03fcc in av_malloc /src/ffmpeg/libavutil/mem.c:105:9
    #2 0xcb7a79 in av_buffer_alloc /src/ffmpeg/libavutil/buffer.c:82:12
    #3 0x5022dc in fuzz_video_get_buffer /src/ffmpeg/tools/target_dec_fuzzer.c:131:25
    #4 0x5022dc in fuzz_get_buffer2 /src/ffmpeg/tools/target_dec_fuzzer.c:152:18
    #5 0x527eb4 in ff_get_buffer /src/ffmpeg/libavcodec/decode.c:1458:11
    #6 0x51493b in cdg_decode_frame /src/ffmpeg/libavcodec/cdgraphics.c:339:24
    #7 0x51ceaa in decode_simple_internal /src/ffmpeg/libavcodec/decode.c:307:15
    #8 0x51ceaa in decode_simple_receive_frame /src/ffmpeg/libavcodec/decode.c:515:15
    #9 0x51ceaa in decode_receive_frame_internal /src/ffmpeg/libavcodec/decode.c:536:15
    #10 0x51c497 in avcodec_send_packet /src/ffmpeg/libavcodec/decode.c:604:15
    #11 0x4ffaf2 in LLVMFuzzerTestOneInput /src/ffmpeg/tools/target_dec_fuzzer.c:482:25
    #12 0xdb065a in ExecuteFilesOnyByOne /src/aflplusplus/utils/aflpp_driver/aflpp_driver.c:234:7

DEDUP_TOKEN: posix_memalign--av_malloc--av_buffer_alloc
SUMMARY: AddressSanitizer: heap-buffer-overflow /src/llvm-project/compiler-rt/lib/asan/asan_interceptors_memintrinsics.cpp:22:3 in __asan_memcpy
Shadow bytes around the buggy address:
  0x0c627fffca70: 00 00 00 00 00 00 00 00 00 00 00 00 00 00 00 00
  0x0c627fffca80: 00 00 00 00 00 00 00 00 00 00 00 00 00 00 00 00
  0x0c627fffca90: 00 00 00 00 00 00 00 00 00 00 00 00 00 00 00 00
  0x0c627fffcaa0: 00 00 00 00 00 00 00 00 00 00 00 00 00 00 00 00
  0x0c627fffcab0: 00 00 00 00 00 00 00 00 00 00 00 00 00 00 00 00
=>0x0c627fffcac0:[fa]fa fa fa fa fa fa fa fa fa fa fa fa fa fa fa
  0x0c627fffcad0: fa fa fa fa fa fa fa fa fa fa fa fa fa fa fa fa
  0x0c627fffcae0: fa fa fa fa fa fa fa fa fa fa fa fa fa fa fa fa
  0x0c627fffcaf0: fa fa fa fa fa fa fa fa fa fa fa fa fa fa fa fa
  0x0c627fffcb00: fa fa fa fa fa fa fa fa fa fa fa fa fa fa fa fa
  0x0c627fffcb10: fa fa fa fa fa fa fa fa fa fa fa fa fa fa fa fa
Shadow byte legend (one shadow byte represents 8 application bytes):
  Addressable:           00
  Partially addressable: 01 02 03 04 05 06 07 
  Heap left redzone:       fa
  Freed heap region:       fd
  Stack left redzone:      f1
  Stack mid redzone:       f2
  Stack right redzone:     f3
  Stack after return:      f5
  Stack use after scope:   f8
  Global redzone:          f9
  Global init order:       f6
  Poisoned by user:        f7
  Container overflow:      fc
  Array cookie:            ac
  Intra object redzone:    bb
  ASan internal:           fe
  Left alloca redzone:     ca
  Right alloca redzone:    cb
==7==ABORTING
