Unable to find image 'n132/arvo:47899-vul' locally
47899-vul: Pulling from n132/arvo
e0b25ef51634: Pulling fs layer
5aaae36b1c95: Pulling fs layer
8fb38c236c54: Pulling fs layer
62f19361d5d5: Pulling fs layer
18304fb608a0: Pulling fs layer
710b39f6b0a8: Pulling fs layer
28e11756d48d: Pulling fs layer
4f295184a171: Pulling fs layer
d2de25ab57be: Pulling fs layer
05882302f719: Pulling fs layer
8f6b9883a571: Pulling fs layer
6f2a91b24c0e: Pulling fs layer
58b766b3cee4: Pulling fs layer
6c2bcc283c4e: Pulling fs layer
7c22bccf26d3: Pulling fs layer
1d55592fc188: Pulling fs layer
d74f64e67ee0: Pulling fs layer
18304fb608a0: Waiting
9654a679143e: Pulling fs layer
d2de25ab57be: Waiting
62f19361d5d5: Waiting
9b45e19898d0: Pulling fs layer
05882302f719: Waiting
8f6b9883a571: Waiting
6f2a91b24c0e: Waiting
1b68cfdc7a8c: Pulling fs layer
710b39f6b0a8: Waiting
4e8aa1c23274: Pulling fs layer
d74f64e67ee0: Waiting
1d55592fc188: Waiting
3e494f3076a2: Pulling fs layer
934ec5fb10ef: Pulling fs layer
58b766b3cee4: Waiting
9654a679143e: Waiting
6c2bcc283c4e: Waiting
6c3fb9b07f65: Pulling fs layer
7c22bccf26d3: Waiting
1bfc4eb957a5: Pulling fs layer
28e11756d48d: Waiting
5ac445feed4f: Pulling fs layer
56bd86bc8a56: Pulling fs layer
4f295184a171: Waiting
9b45e19898d0: Waiting
a6b8cadfe106: Pulling fs layer
1b68cfdc7a8c: Waiting
1357361823a0: Pulling fs layer
4e8aa1c23274: Waiting
3e494f3076a2: Waiting
2b4f600d984a: Pulling fs layer
274c4b7c4593: Pulling fs layer
934ec5fb10ef: Waiting
6c3fb9b07f65: Waiting
1bfc4eb957a5: Waiting
fcf41ae9d87b: Pulling fs layer
1d307ee064fd: Pulling fs layer
56bd86bc8a56: Waiting
a6b8cadfe106: Waiting
5ac445feed4f: Waiting
2b4f600d984a: Waiting
f63834e64648: Pulling fs layer
976f841db270: Pulling fs layer
1da94773f584: Pulling fs layer
9b470ce4b06c: Pulling fs layer
6caa32a21626: Pulling fs layer
fcf41ae9d87b: Waiting
d93e92c9b26b: Pulling fs layer
274c4b7c4593: Waiting
c7e56f248182: Pulling fs layer
c3789198df85: Pulling fs layer
1d307ee064fd: Waiting
f63834e64648: Waiting
27667b0b6907: Pulling fs layer
9b470ce4b06c: Waiting
976f841db270: Waiting
1da94773f584: Waiting
b9cf3be7a3ad: Pulling fs layer
d93e92c9b26b: Waiting
18bebbd0800e: Pulling fs layer
27667b0b6907: Waiting
c7e56f248182: Waiting
c3789198df85: Waiting
089817a2a447: Pulling fs layer
b9cf3be7a3ad: Waiting
7740748db6d8: Pulling fs layer
18bebbd0800e: Waiting
089817a2a447: Waiting
7740748db6d8: Waiting
8fb38c236c54: Download complete
e0b25ef51634: Verifying Checksum
e0b25ef51634: Download complete
5aaae36b1c95: Verifying Checksum
5aaae36b1c95: Download complete
e0b25ef51634: Pull complete
18304fb608a0: Verifying Checksum
18304fb608a0: Download complete
710b39f6b0a8: Download complete
62f19361d5d5: Verifying Checksum
62f19361d5d5: Download complete
5aaae36b1c95: Pull complete
8fb38c236c54: Pull complete
4f295184a171: Verifying Checksum
4f295184a171: Download complete
62f19361d5d5: Pull complete
05882302f719: Verifying Checksum
05882302f719: Download complete
18304fb608a0: Pull complete
710b39f6b0a8: Pull complete
8f6b9883a571: Verifying Checksum
8f6b9883a571: Download complete
28e11756d48d: Verifying Checksum
28e11756d48d: Download complete
d2de25ab57be: Verifying Checksum
d2de25ab57be: Download complete
6c2bcc283c4e: Verifying Checksum
6c2bcc283c4e: Download complete
6f2a91b24c0e: Verifying Checksum
6f2a91b24c0e: Download complete
7c22bccf26d3: Download complete
58b766b3cee4: Verifying Checksum
58b766b3cee4: Download complete
d74f64e67ee0: Download complete
1d55592fc188: Download complete
9654a679143e: Download complete
9b45e19898d0: Verifying Checksum
9b45e19898d0: Download complete
1b68cfdc7a8c: Verifying Checksum
1b68cfdc7a8c: Download complete
4e8aa1c23274: Verifying Checksum
4e8aa1c23274: Download complete
3e494f3076a2: Download complete
6c3fb9b07f65: Verifying Checksum
6c3fb9b07f65: Download complete
28e11756d48d: Pull complete
4f295184a171: Pull complete
1bfc4eb957a5: Verifying Checksum
1bfc4eb957a5: Download complete
56bd86bc8a56: Verifying Checksum
56bd86bc8a56: Download complete
d2de25ab57be: Pull complete
934ec5fb10ef: Verifying Checksum
934ec5fb10ef: Download complete
a6b8cadfe106: Download complete
5ac445feed4f: Verifying Checksum
5ac445feed4f: Download complete
05882302f719: Pull complete
8f6b9883a571: Pull complete
6f2a91b24c0e: Pull complete
1357361823a0: Verifying Checksum
1357361823a0: Download complete
58b766b3cee4: Pull complete
6c2bcc283c4e: Pull complete
7c22bccf26d3: Pull complete
2b4f600d984a: Verifying Checksum
2b4f600d984a: Download complete
1d55592fc188: Pull complete
d74f64e67ee0: Pull complete
9654a679143e: Pull complete
9b45e19898d0: Pull complete
1b68cfdc7a8c: Pull complete
4e8aa1c23274: Pull complete
3e494f3076a2: Pull complete
fcf41ae9d87b: Download complete
f63834e64648: Verifying Checksum
f63834e64648: Download complete
274c4b7c4593: Verifying Checksum
274c4b7c4593: Download complete
976f841db270: Verifying Checksum
976f841db270: Download complete
1d307ee064fd: Verifying Checksum
1d307ee064fd: Download complete
9b470ce4b06c: Verifying Checksum
9b470ce4b06c: Download complete
6caa32a21626: Download complete
c7e56f248182: Verifying Checksum
c7e56f248182: Download complete
d93e92c9b26b: Verifying Checksum
d93e92c9b26b: Download complete
1da94773f584: Verifying Checksum
1da94773f584: Download complete
b9cf3be7a3ad: Verifying Checksum
b9cf3be7a3ad: Download complete
c3789198df85: Verifying Checksum
c3789198df85: Download complete
27667b0b6907: Verifying Checksum
27667b0b6907: Download complete
18bebbd0800e: Download complete
934ec5fb10ef: Pull complete
6c3fb9b07f65: Pull complete
7740748db6d8: Verifying Checksum
7740748db6d8: Download complete
1bfc4eb957a5: Pull complete
5ac445feed4f: Pull complete
56bd86bc8a56: Pull complete
a6b8cadfe106: Pull complete
1357361823a0: Pull complete
2b4f600d984a: Pull complete
274c4b7c4593: Pull complete
fcf41ae9d87b: Pull complete
1d307ee064fd: Pull complete
f63834e64648: Pull complete
976f841db270: Pull complete
1da94773f584: Pull complete
9b470ce4b06c: Pull complete
6caa32a21626: Pull complete
d93e92c9b26b: Pull complete
c7e56f248182: Pull complete
c3789198df85: Pull complete
27667b0b6907: Pull complete
b9cf3be7a3ad: Pull complete
18bebbd0800e: Pull complete
089817a2a447: Verifying Checksum
089817a2a447: Download complete
089817a2a447: Pull complete
7740748db6d8: Pull complete
Digest: sha256:a6d1b0533363163a5064f842e186236343d9359e835992f39d865a402596535e
Status: Downloaded newer image for n132/arvo:47899-vul
=================================================================
==7==ERROR: AddressSanitizer: heap-buffer-overflow on address 0x6090000001c0 at pc 0x0000006c8b83 bp 0x7ffd5e1154f0 sp 0x7ffd5e1154e8
WRITE of size 4 at 0x6090000001c0 thread T0
SCARINESS: 36 (4-byte-write-heap-buffer-overflow)
    #0 0x6c8b82 in mov_read_iloc /src/ffmpeg/libavformat/mov.c:7521:28
    #1 0x6998c0 in mov_read_default /src/ffmpeg/libavformat/mov.c:7770:23
    #2 0x6ac9f3 in mov_read_meta /src/ffmpeg/libavformat/mov.c:4676:20
    #3 0x6998c0 in mov_read_default /src/ffmpeg/libavformat/mov.c:7770:23
    #4 0x69af25 in mov_read_header /src/ffmpeg/libavformat/mov.c:8332:20
    #5 0x599508 in avformat_open_input /src/ffmpeg/libavformat/demux.c:310:20
    #6 0x505444 in LLVMFuzzerTestOneInput /src/ffmpeg/tools/target_dem_fuzzer.c:201:11
    #7 0x13a77b5 in ExecuteFilesOnyByOne /src/aflplusplus/utils/aflpp_driver/aflpp_driver.c:191:7
    #8 0x13a7625 in main /src/aflplusplus/utils/aflpp_driver/aflpp_driver.c
    #9 0x742c75ad7082 in __libc_start_main (/lib/x86_64-linux-gnu/libc.so.6+0x24082)
    #10 0x44b4cd in _start (/out/ffmpeg_IO_DEMUXER_fuzzer+0x44b4cd)

DEDUP_TOKEN: mov_read_iloc--mov_read_default--mov_read_meta
0x6090000001c1 is located 0 bytes to the right of 1-byte region [0x6090000001c0,0x6090000001c1)
allocated by thread T0 here:
    #0 0x4cc5d7 in posix_memalign /src/llvm-project/compiler-rt/lib/asan/asan_malloc_linux.cpp:210:3
    #1 0xfe0998 in av_malloc /src/ffmpeg/libavutil/mem.c:105:9
    #2 0xfe0a4a in av_malloc /src/ffmpeg/libavutil/mem.c:144:14
    #3 0xfe120e in av_malloc_array /src/ffmpeg/libavutil/mem.c:212:12
    #4 0x6c81ea in mov_read_iloc /src/ffmpeg/libavformat/mov.c:7518:21
    #5 0x6998c0 in mov_read_default /src/ffmpeg/libavformat/mov.c:7770:23
    #6 0x6ac9f3 in mov_read_meta /src/ffmpeg/libavformat/mov.c:4676:20
    #7 0x6998c0 in mov_read_default /src/ffmpeg/libavformat/mov.c:7770:23
    #8 0x69af25 in mov_read_header /src/ffmpeg/libavformat/mov.c:8332:20
    #9 0x599508 in avformat_open_input /src/ffmpeg/libavformat/demux.c:310:20
    #10 0x505444 in LLVMFuzzerTestOneInput /src/ffmpeg/tools/target_dem_fuzzer.c:201:11
    #11 0x13a77b5 in ExecuteFilesOnyByOne /src/aflplusplus/utils/aflpp_driver/aflpp_driver.c:191:7

DEDUP_TOKEN: posix_memalign--av_malloc--av_malloc
SUMMARY: AddressSanitizer: heap-buffer-overflow /src/ffmpeg/libavformat/mov.c:7521:28 in mov_read_iloc
Shadow bytes around the buggy address:
  0x0c127fff7fe0: 00 00 00 00 00 00 00 00 00 00 00 00 00 00 00 00
  0x0c127fff7ff0: 00 00 00 00 00 00 00 00 00 00 00 00 00 00 00 00
  0x0c127fff8000: fa fa fa fa fa fa fa fa 00 00 fa fa fa fa fa fa
  0x0c127fff8010: fa fa fa fa fa fa fa fa 00 00 fa fa fa fa fa fa
  0x0c127fff8020: fa fa fa fa fa fa fa fa 00 00 01 fa fa fa fa fa
=>0x0c127fff8030: fa fa fa fa fa fa fa fa[01]fa fa fa fa fa fa fa
  0x0c127fff8040: fa fa fa fa fa fa fa fa fa fa fa fa fa fa fa fa
  0x0c127fff8050: fa fa fa fa fa fa fa fa fa fa fa fa fa fa fa fa
  0x0c127fff8060: fa fa fa fa fa fa fa fa fa fa fa fa fa fa fa fa
  0x0c127fff8070: fa fa fa fa fa fa fa fa fa fa fa fa fa fa fa fa
  0x0c127fff8080: fa fa fa fa fa fa fa fa fa fa fa fa fa fa fa fa
Shadow byte legend (one shadow byte represents 8 application bytes):
  Addressable:           00
  Partially addressable: 01 02 03 04 05 06 07 
  Heap left redzone:       fa
  Freed heap region:       fd
  Stack left redzone:      f1
  Stack mid redzone:       f2
  Stack right redzone:     f3
  Stack after return:      f5
  Stack use after scope:   f8
  Global redzone:          f9
  Global init order:       f6
  Poisoned by user:        f7
  Container overflow:      fc
  Array cookie:            ac
  Intra object redzone:    bb
  ASan internal:           fe
  Left alloca redzone:     ca
  Right alloca redzone:    cb
==7==ABORTING
