=================================================================
==13==ERROR: AddressSanitizer: heap-buffer-overflow on address 0x6090000001c0 at pc 0x0000006c8b83 bp 0x7ffd3b486690 sp 0x7ffd3b486688
WRITE of size 4 at 0x6090000001c0 thread T0
SCARINESS: 36 (4-byte-write-heap-buffer-overflow)
    #0 0x6c8b82 in mov_read_iloc /src/ffmpeg/libavformat/mov.c:7521:28
    #1 0x6998c0 in mov_read_default /src/ffmpeg/libavformat/mov.c:7770:23
    #2 0x6ac9f3 in mov_read_meta /src/ffmpeg/libavformat/mov.c:4676:20
    #3 0x6998c0 in mov_read_default /src/ffmpeg/libavformat/mov.c:7770:23
    #4 0x69af25 in mov_read_header /src/ffmpeg/libavformat/mov.c:8332:20
    #5 0x599508 in avformat_open_input /src/ffmpeg/libavformat/demux.c:310:20
    #6 0x505444 in LLVMFuzzerTestOneInput /src/ffmpeg/tools/target_dem_fuzzer.c:201:11
    #7 0x13a77b5 in ExecuteFilesOnyByOne /src/aflplusplus/utils/aflpp_driver/aflpp_driver.c:191:7
    #8 0x13a7625 in main /src/aflplusplus/utils/aflpp_driver/aflpp_driver.c
    #9 0x704b6e2e9082 in __libc_start_main (/lib/x86_64-linux-gnu/libc.so.6+0x24082)
    #10 0x44b4cd in _start (/out/ffmpeg_IO_DEMUXER_fuzzer+0x44b4cd)

DEDUP_TOKEN: mov_read_iloc--mov_read_default--mov_read_meta
0x6090000001c1 is located 0 bytes to the right of 1-byte region [0x6090000001c0,0x6090000001c1)
allocated by thread T0 here:
    #0 0x4cc5d7 in posix_memalign /src/llvm-project/compiler-rt/lib/asan/asan_malloc_linux.cpp:210:3
    #1 0xfe0998 in av_malloc /src/ffmpeg/libavutil/mem.c:105:9
    #2 0xfe0a4a in av_malloc /src/ffmpeg/libavutil/mem.c:144:14
    #3 0xfe120e in av_malloc_array /src/ffmpeg/libavutil/mem.c:212:12
    #4 0x6c81ea in mov_read_iloc /src/ffmpeg/libavformat/mov.c:7518:21
    #5 0x6998c0 in mov_read_default /src/ffmpeg/libavformat/mov.c:7770:23
    #6 0x6ac9f3 in mov_read_meta /src/ffmpeg/libavformat/mov.c:4676:20
    #7 0x6998c0 in mov_read_default /src/ffmpeg/libavformat/mov.c:7770:23
    #8 0x69af25 in mov_read_header /src/ffmpeg/libavformat/mov.c:8332:20
    #9 0x599508 in avformat_open_input /src/ffmpeg/libavformat/demux.c:310:20
    #10 0x505444 in LLVMFuzzerTestOneInput /src/ffmpeg/tools/target_dem_fuzzer.c:201:11
    #11 0x13a77b5 in ExecuteFilesOnyByOne /src/aflplusplus/utils/aflpp_driver/aflpp_driver.c:191:7

DEDUP_TOKEN: posix_memalign--av_malloc--av_malloc
SUMMARY: AddressSanitizer: heap-buffer-overflow /src/ffmpeg/libavformat/mov.c:7521:28 in mov_read_iloc
Shadow bytes around the buggy address:
  0x0c127fff7fe0: 00 00 00 00 00 00 00 00 00 00 00 00 00 00 00 00
  0x0c127fff7ff0: 00 00 00 00 00 00 00 00 00 00 00 00 00 00 00 00
  0x0c127fff8000: fa fa fa fa fa fa fa fa 00 00 fa fa fa fa fa fa
  0x0c127fff8010: fa fa fa fa fa fa fa fa 00 00 fa fa fa fa fa fa
  0x0c127fff8020: fa fa fa fa fa fa fa fa 00 00 01 fa fa fa fa fa
=>0x0c127fff8030: fa fa fa fa fa fa fa fa[01]fa fa fa fa fa fa fa
  0x0c127fff8040: fa fa fa fa fa fa fa fa fa fa fa fa fa fa fa fa
  0x0c127fff8050: fa fa fa fa fa fa fa fa fa fa fa fa fa fa fa fa
  0x0c127fff8060: fa fa fa fa fa fa fa fa fa fa fa fa fa fa fa fa
  0x0c127fff8070: fa fa fa fa fa fa fa fa fa fa fa fa fa fa fa fa
  0x0c127fff8080: fa fa fa fa fa fa fa fa fa fa fa fa fa fa fa fa
Shadow byte legend (one shadow byte represents 8 application bytes):
  Addressable:           00
  Partially addressable: 01 02 03 04 05 06 07
  Heap left redzone:       fa
  Freed heap region:       fd
  Stack left redzone:      f1
  Stack mid redzone:       f2
  Stack right redzone:     f3
  Stack after return:      f5
  Stack use after scope:   f8
  Global redzone:          f9
  Global init order:       f6
  Poisoned by user:        f7
  Container overflow:      fc
  Array cookie:            ac
  Intra object redzone:    bb
  ASan internal:           fe
  Left alloca redzone:     ca
  Right alloca redzone:    cb
==13==ABORTING