=================================================================
==7==ERROR: AddressSanitizer: heap-buffer-overflow on address 0x621000007500 at pc 0x0000005307e3 bp 0x7fffedca14d0 sp 0x7fffedca14c8
WRITE of size 2 at 0x621000007500 thread T0
SCARINESS: 33 (2-byte-write-heap-buffer-overflow)
    #0 0x5307e2 in scale_block_c /src/ffmpeg/libavcodec/binkdsp.c:126:31
    #1 0x51fcd6 in bink_decode_plane /src/ffmpeg/libavcodec/bink.c:1160:17
    #2 0x5117b5 in decode_frame /src/ffmpeg/libavcodec/bink.c:1290:24
    #3 0x53b98a in decode_simple_internal /src/ffmpeg/libavcodec/decode.c:307:15
    #4 0x53b98a in decode_simple_receive_frame /src/ffmpeg/libavcodec/decode.c:515:15
    #5 0x53b98a in decode_receive_frame_internal /src/ffmpeg/libavcodec/decode.c:536:15
    #6 0x53af77 in avcodec_send_packet /src/ffmpeg/libavcodec/decode.c:604:15
    #7 0x500a15 in LLVMFuzzerTestOneInput /src/ffmpeg/tools/target_dec_fuzzer.c:482:25
    #8 0xdcecba in ExecuteFilesOnyByOne /src/aflplusplus/utils/aflpp_driver/aflpp_driver.c:234:7
    #9 0xdcea8d in main /src/aflplusplus/utils/aflpp_driver/aflpp_driver.c:318:12
    #10 0x7bd98c6aa082 in __libc_start_main (/lib/x86_64-linux-gnu/libc.so.6+0x24082)
    #11 0x444b8d in _start (/out/ffmpeg_AV_CODEC_ID_BINK_fuzzer+0x444b8d)

DEDUP_TOKEN: scale_block_c--bink_decode_plane--decode_frame
0x621000007500 is located 0 bytes to the right of 4096-byte region [0x621000006500,0x621000007500)
allocated by thread T0 here:
    #0 0x4c48b7 in posix_memalign /src/llvm-project/compiler-rt/lib/asan/asan_malloc_linux.cpp:210:3
    #1 0xd2261c in av_malloc /src/ffmpeg/libavutil/mem.c:105:9
    #2 0xcd60c9 in av_buffer_alloc /src/ffmpeg/libavutil/buffer.c:82:12
    #3 0x5032d1 in fuzz_video_get_buffer /src/ffmpeg/tools/target_dec_fuzzer.c:131:25
    #4 0x5032d1 in fuzz_get_buffer2 /src/ffmpeg/tools/target_dec_fuzzer.c:152:18
    #5 0x546994 in ff_get_buffer /src/ffmpeg/libavcodec/decode.c:1458:11
    #6 0x510f5a in decode_frame /src/ffmpeg/libavcodec/bink.c:1265:20
    #7 0x53b98a in decode_simple_internal /src/ffmpeg/libavcodec/decode.c:307:15
    #8 0x53b98a in decode_simple_receive_frame /src/ffmpeg/libavcodec/decode.c:515:15
    #9 0x53b98a in decode_receive_frame_internal /src/ffmpeg/libavcodec/decode.c:536:15
    #10 0x53af77 in avcodec_send_packet /src/ffmpeg/libavcodec/decode.c:604:15
    #11 0x500a15 in LLVMFuzzerTestOneInput /src/ffmpeg/tools/target_dec_fuzzer.c:482:25
    #12 0xdcecba in ExecuteFilesOnyByOne /src/aflplusplus/utils/aflpp_driver/aflpp_driver.c:234:7

DEDUP_TOKEN: posix_memalign--av_malloc--av_buffer_alloc
SUMMARY: AddressSanitizer: heap-buffer-overflow /src/ffmpeg/libavcodec/binkdsp.c:126:31 in scale_block_c
Shadow bytes around the buggy address:
  0x0c427fff8e50: 00 00 00 00 00 00 00 00 00 00 00 00 00 00 00 00
  0x0c427fff8e60: 00 00 00 00 00 00 00 00 00 00 00 00 00 00 00 00
  0x0c427fff8e70: 00 00 00 00 00 00 00 00 00 00 00 00 00 00 00 00
  0x0c427fff8e80: 00 00 00 00 00 00 00 00 00 00 00 00 00 00 00 00
  0x0c427fff8e90: 00 00 00 00 00 00 00 00 00 00 00 00 00 00 00 00
=>0x0c427fff8ea0:[fa]fa fa fa fa fa fa fa fa fa fa fa fa fa fa fa
  0x0c427fff8eb0: fa fa fa fa fa fa fa fa fa fa fa fa fa fa fa fa
  0x0c427fff8ec0: fa fa fa fa fa fa fa fa fa fa fa fa fa fa fa fa
  0x0c427fff8ed0: fa fa fa fa fa fa fa fa fa fa fa fa fa fa fa fa
  0x0c427fff8ee0: fa fa fa fa fa fa fa fa fa fa fa fa fa fa fa fa
  0x0c427fff8ef0: fa fa fa fa fa fa fa fa fa fa fa fa fa fa fa fa
Shadow byte legend (one shadow byte represents 8 application bytes):
  Addressable:           00
  Partially addressable: 01 02 03 04 05 06 07 
  Heap left redzone:       fa
  Freed heap region:       fd
  Stack left redzone:      f1
  Stack mid redzone:       f2
  Stack right redzone:     f3
  Stack after return:      f5
  Stack use after scope:   f8
  Global redzone:          f9
  Global init order:       f6
  Poisoned by user:        f7
  Container overflow:      fc
  Array cookie:            ac
  Intra object redzone:    bb
  ASan internal:           fe
  Left alloca redzone:     ca
  Right alloca redzone:    cb
==7==ABORTING
