=================================================================
==13==ERROR: AddressSanitizer: heap-buffer-overflow on address 0x7c463eabb800 at pc 0x00000067ccc7 bp 0x7ffd5105d830 sp 0x7ffd5105d828
READ of size 1 at 0x7c463eabb800 thread T0
SCARINESS: 12 (1-byte-read-heap-buffer-overflow)
    #0 0x67ccc6 in copy_block17 /src/ffmpeg/libavcodec/copy_block.h:83:19
    #1 0x67ccc6 in avg_qpel16_mc01_c /src/ffmpeg/libavcodec/qpeldsp.c:698:1
    #2 0x5c7d7a in qpel_motion /src/ffmpeg/libavcodec/mpegvideo_motion.c:567:9
    #3 0x5c4209 in mpv_motion_internal /src/ffmpeg/libavcodec/mpegvideo_motion.c
    #4 0x5c4209 in ff_mpv_motion /src/ffmpeg/libavcodec/mpegvideo_motion.c:989:9
    #5 0x5a36bc in mpv_reconstruct_mb_internal /src/ffmpeg/libavcodec/mpegvideo.c:1515:25
    #6 0x5a36bc in ff_mpv_reconstruct_mb /src/ffmpeg/libavcodec/mpegvideo.c:1668:27
    #7 0x9a3392 in mpeg_er_decode_mb /src/ffmpeg/libavcodec/mpeg_er.c:97:5
    #8 0x84633f in ff_er_frame_end /src/ffmpeg/libavcodec/error_resilience.c:1221:17
    #9 0x86f09a in ff_h263_decode_frame /src/ffmpeg/libavcodec/h263dec.c:675:9
    #10 0x51992a in decode_simple_internal /src/ffmpeg/libavcodec/decode.c:307:15
    #11 0x51992a in decode_simple_receive_frame /src/ffmpeg/libavcodec/decode.c:515:15
    #12 0x51992a in decode_receive_frame_internal /src/ffmpeg/libavcodec/decode.c:536:15
    #13 0x518f17 in avcodec_send_packet /src/ffmpeg/libavcodec/decode.c:604:15
    #14 0x4ff985 in LLVMFuzzerTestOneInput /src/ffmpeg/tools/target_dec_fuzzer.c:482:25
    #15 0xdad13a in ExecuteFilesOnyByOne /src/aflplusplus/utils/aflpp_driver/aflpp_driver.c:234:7
    #16 0xdacf0d in main /src/aflplusplus/utils/aflpp_driver/aflpp_driver.c:318:12
    #17 0x7c464059f082 in __libc_start_main (/lib/x86_64-linux-gnu/libc.so.6+0x24082)
    #18 0x443afd in _start (/out/ffmpeg_AV_CODEC_ID_MPEG4_fuzzer+0x443afd)

DEDUP_TOKEN: copy_block17--avg_qpel16_mc01_c--qpel_motion
0x7c463eabb800 is located 0 bytes to the right of 212992-byte region [0x7c463ea87800,0x7c463eabb800)
allocated by thread T0 here:
    #0 0x4c3827 in posix_memalign /src/llvm-project/compiler-rt/lib/asan/asan_malloc_linux.cpp:210:3
    #1 0xd00a9c in av_malloc /src/ffmpeg/libavutil/mem.c:105:9
    #2 0xcb4549 in av_buffer_alloc /src/ffmpeg/libavutil/buffer.c:82:12
    #3 0x50216c in fuzz_video_get_buffer /src/ffmpeg/tools/target_dec_fuzzer.c:131:25
    #4 0x50216c in fuzz_get_buffer2 /src/ffmpeg/tools/target_dec_fuzzer.c:152:18
    #5 0x524942 in ff_get_buffer /src/ffmpeg/libavcodec/decode.c:1458:11
    #6 0x5d8b50 in ff_thread_get_ext_buffer /src/ffmpeg/libavcodec/pthread_frame.c:1054:16
    #7 0x9a5e6d in alloc_frame_buffer /src/ffmpeg/libavcodec/mpegpicture.c:136:13
    #8 0x9a5e6d in ff_alloc_picture /src/ffmpeg/libavcodec/mpegpicture.c:271:13
    #9 0x5b8c75 in alloc_picture /src/ffmpeg/libavcodec/mpegvideo_dec.c:250:12
    #10 0x5b8c75 in ff_mpv_frame_start /src/ffmpeg/libavcodec/mpegvideo_dec.c:336:9
    #11 0x86e567 in ff_h263_decode_frame /src/ffmpeg/libavcodec/h263dec.c:615:16
    #12 0x51992a in decode_simple_internal /src/ffmpeg/libavcodec/decode.c:307:15
    #13 0x51992a in decode_simple_receive_frame /src/ffmpeg/libavcodec/decode.c:515:15
    #14 0x51992a in decode_receive_frame_internal /src/ffmpeg/libavcodec/decode.c:536:15
    #15 0x518f17 in avcodec_send_packet /src/ffmpeg/libavcodec/decode.c:604:15
    #16 0x4ff985 in LLVMFuzzerTestOneInput /src/ffmpeg/tools/target_dec_fuzzer.c:482:25
    #17 0xdad13a in ExecuteFilesOnyByOne /src/aflplusplus/utils/aflpp_driver/aflpp_driver.c:234:7

DEDUP_TOKEN: posix_memalign--av_malloc--av_buffer_alloc
SUMMARY: AddressSanitizer: heap-buffer-overflow /src/ffmpeg/libavcodec/copy_block.h:83:19 in copy_block17
Shadow bytes around the buggy address:
  0x0f8947d4f6b0: 00 00 00 00 00 00 00 00 00 00 00 00 00 00 00 00
  0x0f8947d4f6c0: 00 00 00 00 00 00 00 00 00 00 00 00 00 00 00 00
  0x0f8947d4f6d0: 00 00 00 00 00 00 00 00 00 00 00 00 00 00 00 00
  0x0f8947d4f6e0: 00 00 00 00 00 00 00 00 00 00 00 00 00 00 00 00
  0x0f8947d4f6f0: 00 00 00 00 00 00 00 00 00 00 00 00 00 00 00 00
=>0x0f8947d4f700:[fa]fa fa fa fa fa fa fa fa fa fa fa fa fa fa fa
  0x0f8947d4f710: fa fa fa fa fa fa fa fa fa fa fa fa fa fa fa fa
  0x0f8947d4f720: fa fa fa fa fa fa fa fa fa fa fa fa fa fa fa fa
  0x0f8947d4f730: fa fa fa fa fa fa fa fa fa fa fa fa fa fa fa fa
  0x0f8947d4f740: fa fa fa fa fa fa fa fa fa fa fa fa fa fa fa fa
  0x0f8947d4f750: fa fa fa fa fa fa fa fa fa fa fa fa fa fa fa fa
Shadow byte legend (one shadow byte represents 8 application bytes):
  Addressable:           00
  Partially addressable: 01 02 03 04 05 06 07
  Heap left redzone:       fa
  Freed heap region:       fd
  Stack left redzone:      f1
  Stack mid redzone:       f2
  Stack right redzone:     f3
  Stack after return:      f5
  Stack use after scope:   f8
  Global redzone:          f9
  Global init order:       f6
  Poisoned by user:        f7
  Container overflow:      fc
  Array cookie:            ac
  Intra object redzone:    bb
  ASan internal:           fe
  Left alloca redzone:     ca
  Right alloca redzone:    cb
==13==ABORTING