Unable to find image 'n132/arvo:48281-vul' locally
48281-vul: Pulling from n132/arvo
d7bfe07ed847: Already exists
3dd93ef8ffd9: Already exists
790f9d0a0dce: Already exists
11cd3f144815: Already exists
aca768540b99: Already exists
35b1312e159e: Already exists
4d0ca8b7e228: Already exists
414fd4239a5b: Already exists
134292459dc2: Already exists
3e879b680f74: Already exists
4e3ee7259875: Already exists
179bd47227be: Already exists
662cb2cd82c8: Already exists
2b2061b7cfc8: Already exists
09a8db6460fc: Already exists
35013daf344c: Already exists
e30bb79aa736: Already exists
a40f0e6334a1: Already exists
2040f9a72d25: Already exists
5b9b7d46044b: Already exists
281dec0535bb: Already exists
5da4306d17df: Already exists
cbc0e3334ea9: Pulling fs layer
18fadb5ab11f: Pulling fs layer
97bff75b783d: Pulling fs layer
bebb5283fb72: Pulling fs layer
03a752e18286: Pulling fs layer
ea6e825c8a08: Pulling fs layer
fb7799a4cbcd: Pulling fs layer
176a0bcf1894: Pulling fs layer
30e06dbe24dd: Pulling fs layer
70b006613241: Pulling fs layer
9fda82a319cf: Pulling fs layer
06dff19f7aaa: Pulling fs layer
74b3e8342a85: Pulling fs layer
41aa3a0df912: Pulling fs layer
ea6e825c8a08: Waiting
f42b6ca92145: Pulling fs layer
fb7799a4cbcd: Waiting
176a0bcf1894: Waiting
bebb5283fb72: Waiting
eae09846c353: Pulling fs layer
0a6beb222844: Pulling fs layer
30e06dbe24dd: Waiting
03a752e18286: Waiting
70b006613241: Waiting
cbb0ed91607f: Pulling fs layer
9fda82a319cf: Waiting
0eee62b32820: Pulling fs layer
ce493b92d665: Pulling fs layer
c601d5ce5016: Pulling fs layer
41aa3a0df912: Waiting
bba44b087d8f: Pulling fs layer
d247af86117a: Pulling fs layer
f42b6ca92145: Waiting
fc650ce0941f: Pulling fs layer
eae09846c353: Waiting
0eee62b32820: Waiting
0a6beb222844: Waiting
c601d5ce5016: Waiting
cbb0ed91607f: Waiting
fc650ce0941f: Waiting
74b3e8342a85: Waiting
ce493b92d665: Waiting
bba44b087d8f: Waiting
d247af86117a: Waiting
18fadb5ab11f: Verifying Checksum
18fadb5ab11f: Download complete
97bff75b783d: Verifying Checksum
97bff75b783d: Download complete
03a752e18286: Verifying Checksum
03a752e18286: Download complete
cbc0e3334ea9: Verifying Checksum
cbc0e3334ea9: Download complete
ea6e825c8a08: Verifying Checksum
ea6e825c8a08: Download complete
bebb5283fb72: Verifying Checksum
bebb5283fb72: Download complete
fb7799a4cbcd: Verifying Checksum
fb7799a4cbcd: Download complete
30e06dbe24dd: Verifying Checksum
30e06dbe24dd: Download complete
70b006613241: Verifying Checksum
70b006613241: Download complete
176a0bcf1894: Verifying Checksum
176a0bcf1894: Download complete
06dff19f7aaa: Verifying Checksum
06dff19f7aaa: Download complete
74b3e8342a85: Download complete
9fda82a319cf: Verifying Checksum
9fda82a319cf: Download complete
eae09846c353: Verifying Checksum
eae09846c353: Download complete
f42b6ca92145: Verifying Checksum
f42b6ca92145: Download complete
0a6beb222844: Verifying Checksum
0a6beb222844: Download complete
cbc0e3334ea9: Pull complete
18fadb5ab11f: Pull complete
0eee62b32820: Verifying Checksum
0eee62b32820: Download complete
41aa3a0df912: Verifying Checksum
41aa3a0df912: Download complete
cbb0ed91607f: Verifying Checksum
cbb0ed91607f: Download complete
ce493b92d665: Verifying Checksum
ce493b92d665: Download complete
c601d5ce5016: Verifying Checksum
c601d5ce5016: Download complete
bba44b087d8f: Verifying Checksum
bba44b087d8f: Download complete
fc650ce0941f: Verifying Checksum
fc650ce0941f: Download complete
97bff75b783d: Pull complete
bebb5283fb72: Pull complete
03a752e18286: Pull complete
ea6e825c8a08: Pull complete
fb7799a4cbcd: Pull complete
176a0bcf1894: Pull complete
30e06dbe24dd: Pull complete
70b006613241: Pull complete
9fda82a319cf: Pull complete
06dff19f7aaa: Pull complete
74b3e8342a85: Pull complete
41aa3a0df912: Pull complete
f42b6ca92145: Pull complete
eae09846c353: Pull complete
0a6beb222844: Pull complete
cbb0ed91607f: Pull complete
0eee62b32820: Pull complete
ce493b92d665: Pull complete
c601d5ce5016: Pull complete
bba44b087d8f: Pull complete
d247af86117a: Verifying Checksum
d247af86117a: Download complete
d247af86117a: Pull complete
fc650ce0941f: Pull complete
Digest: sha256:e47a505a72c3c9a539e9e7e08fa08ebd8c61c6eaccdf3d6b0ffef24df558d4a8
Status: Downloaded newer image for n132/arvo:48281-vul
=================================================================
==7==ERROR: AddressSanitizer: heap-buffer-overflow on address 0x61d000000880 at pc 0x0000009225f7 bp 0x7ffe0cddd2a0 sp 0x7ffe0cddd298
WRITE of size 1 at 0x61d000000880 thread T0
SCARINESS: 31 (1-byte-write-heap-buffer-overflow)
    #0 0x9225f6 in idctSparseColPut_int16_8bit /src/ffmpeg/libavcodec/simple_idct_template.c:285:13
    #1 0x9225f6 in ff_simple_idct_put_int16_8bit /src/ffmpeg/libavcodec/simple_idct_template.c:342:9
    #2 0x574bde in decode_dct_block /src/ffmpeg/libavcodec/speedhq.c:276:5
    #3 0x573511 in decode_speedhq_border /src/ffmpeg/libavcodec/speedhq.c:318:20
    #4 0x573511 in decode_speedhq_field /src/ffmpeg/libavcodec/speedhq.c:481:16
    #5 0x571427 in speedhq_decode_frame /src/ffmpeg/libavcodec/speedhq.c
    #6 0x51a9ca in decode_simple_internal /src/ffmpeg/libavcodec/decode.c:307:15
    #7 0x51a9ca in decode_simple_receive_frame /src/ffmpeg/libavcodec/decode.c:515:15
    #8 0x51a9ca in decode_receive_frame_internal /src/ffmpeg/libavcodec/decode.c:536:15
    #9 0x519fb7 in avcodec_send_packet /src/ffmpeg/libavcodec/decode.c:604:15
    #10 0x500a25 in LLVMFuzzerTestOneInput /src/ffmpeg/tools/target_dec_fuzzer.c:482:25
    #11 0xdb35aa in ExecuteFilesOnyByOne /src/aflplusplus/utils/aflpp_driver/aflpp_driver.c:234:7
    #12 0xdb337d in main /src/aflplusplus/utils/aflpp_driver/aflpp_driver.c:318:12
    #13 0x7d9e82b0f082 in __libc_start_main (/lib/x86_64-linux-gnu/libc.so.6+0x24082)
    #14 0x444b9d in _start (/out/ffmpeg_AV_CODEC_ID_SPEEDHQ_fuzzer+0x444b9d)

DEDUP_TOKEN: idctSparseColPut_int16_8bit--ff_simple_idct_put_int16_8bit--decode_dct_block
0x61d000000880 is located 0 bytes to the right of 2048-byte region [0x61d000000080,0x61d000000880)
allocated by thread T0 here:
    #0 0x4c48c7 in posix_memalign /src/llvm-project/compiler-rt/lib/asan/asan_malloc_linux.cpp:210:3
    #1 0xd06f2c in av_malloc /src/ffmpeg/libavutil/mem.c:105:9
    #2 0xcba9d9 in av_buffer_alloc /src/ffmpeg/libavutil/buffer.c:82:12
    #3 0x50320c in fuzz_video_get_buffer /src/ffmpeg/tools/target_dec_fuzzer.c:131:25
    #4 0x50320c in fuzz_get_buffer2 /src/ffmpeg/tools/target_dec_fuzzer.c:152:18
    #5 0x5259e4 in ff_get_buffer /src/ffmpeg/libavcodec/decode.c:1458:11
    #6 0x571302 in speedhq_decode_frame /src/ffmpeg/libavcodec/speedhq.c:520:16
    #7 0x51a9ca in decode_simple_internal /src/ffmpeg/libavcodec/decode.c:307:15
    #8 0x51a9ca in decode_simple_receive_frame /src/ffmpeg/libavcodec/decode.c:515:15
    #9 0x51a9ca in decode_receive_frame_internal /src/ffmpeg/libavcodec/decode.c:536:15
    #10 0x519fb7 in avcodec_send_packet /src/ffmpeg/libavcodec/decode.c:604:15
    #11 0x500a25 in LLVMFuzzerTestOneInput /src/ffmpeg/tools/target_dec_fuzzer.c:482:25
    #12 0xdb35aa in ExecuteFilesOnyByOne /src/aflplusplus/utils/aflpp_driver/aflpp_driver.c:234:7

DEDUP_TOKEN: posix_memalign--av_malloc--av_buffer_alloc
SUMMARY: AddressSanitizer: heap-buffer-overflow /src/ffmpeg/libavcodec/simple_idct_template.c:285:13 in idctSparseColPut_int16_8bit
Shadow bytes around the buggy address:
  0x0c3a7fff80c0: 00 00 00 00 00 00 00 00 00 00 00 00 00 00 00 00
  0x0c3a7fff80d0: 00 00 00 00 00 00 00 00 00 00 00 00 00 00 00 00
  0x0c3a7fff80e0: 00 00 00 00 00 00 00 00 00 00 00 00 00 00 00 00
  0x0c3a7fff80f0: 00 00 00 00 00 00 00 00 00 00 00 00 00 00 00 00
  0x0c3a7fff8100: 00 00 00 00 00 00 00 00 00 00 00 00 00 00 00 00
=>0x0c3a7fff8110:[fa]fa fa fa fa fa fa fa fa fa fa fa fa fa fa fa
  0x0c3a7fff8120: fa fa fa fa fa fa fa fa fa fa fa fa fa fa fa fa
  0x0c3a7fff8130: fa fa fa fa fa fa fa fa fa fa fa fa fa fa fa fa
  0x0c3a7fff8140: fa fa fa fa fa fa fa fa fa fa fa fa fa fa fa fa
  0x0c3a7fff8150: fa fa fa fa fa fa fa fa fa fa fa fa fa fa fa fa
  0x0c3a7fff8160: fa fa fa fa fa fa fa fa fa fa fa fa fa fa fa fa
Shadow byte legend (one shadow byte represents 8 application bytes):
  Addressable:           00
  Partially addressable: 01 02 03 04 05 06 07 
  Heap left redzone:       fa
  Freed heap region:       fd
  Stack left redzone:      f1
  Stack mid redzone:       f2
  Stack right redzone:     f3
  Stack after return:      f5
  Stack use after scope:   f8
  Global redzone:          f9
  Global init order:       f6
  Poisoned by user:        f7
  Container overflow:      fc
  Array cookie:            ac
  Intra object redzone:    bb
  ASan internal:           fe
  Left alloca redzone:     ca
  Right alloca redzone:    cb
==7==ABORTING
