INFO: Running with entropic power schedule (0xFF, 100).
INFO: Seed: 358360162
INFO: Loaded 1 modules   (9120 inline 8-bit counters): 9120 [0x8710b0, 0x873450),
INFO: Loaded 1 PC tables (9120 PCs): 9120 [0x7f9670,0x81d070),
/out/vpx_dec_fuzzer_vp9: Running 1 inputs 1 time(s) each.
Running: /tmp/poc
=================================================================
==13==ERROR: AddressSanitizer: heap-buffer-overflow on address 0x6150000004c7 at pc 0x0000005231ee bp 0x7ffe2cb66da0 sp 0x7ffe2cb66568
WRITE of size 528 at 0x6150000004c7 thread T0
SCARINESS: 45 (multi-byte-write-heap-buffer-overflow)
    #0 0x5231ed in __asan_memset /src/llvm-project/compiler-rt/lib/asan/asan_interceptors_memintrinsics.cpp:26:3
    #1 0x576f2b in init_mt /src/libvpx/vp9/decoder/vp9_decodeframe.c:2311:3
    #2 0x56d1b6 in decode_tiles_mt /src/libvpx/vp9/decoder/vp9_decodeframe.c:2453:3
    #3 0x56d1b6 in vp9_decode_frame /src/libvpx/vp9/decoder/vp9_decodeframe.c:3020:21
    #4 0x5964b7 in vp9_receive_compressed_data /src/libvpx/vp9/decoder/vp9_decoder.c:469:3
    #5 0x56398d in decode_one /src/libvpx/vp9/vp9_dx_iface.c:321:7
    #6 0x55fbb3 in decoder_decode /src/libvpx/vp9/vp9_dx_iface.c:385:11
    #7 0x55dda1 in vpx_codec_decode /src/libvpx/vpx/src/vpx_decoder.c:116:11
    #8 0x55d22d in LLVMFuzzerTestOneInput /src/libvpx/examples/vpx_dec_fuzzer.cc:114:9
    #9 0x4551f3 in fuzzer::Fuzzer::ExecuteCallback(unsigned char const*, unsigned long) /src/llvm-project/compiler-rt/lib/fuzzer/FuzzerLoop.cpp:611:15
    #10 0x440e82 in fuzzer::RunOneTest(fuzzer::Fuzzer*, char const*, unsigned long) /src/llvm-project/compiler-rt/lib/fuzzer/FuzzerDriver.cpp:324:6
    #11 0x4466cc in fuzzer::FuzzerDriver(int*, char***, int (*)(unsigned char const*, unsigned long)) /src/llvm-project/compiler-rt/lib/fuzzer/FuzzerDriver.cpp:860:9
    #12 0x46f2c2 in main /src/llvm-project/compiler-rt/lib/fuzzer/FuzzerMain.cpp:20:10
    #13 0x7fd4c6c19082 in __libc_start_main (/lib/x86_64-linux-gnu/libc.so.6+0x24082)
    #14 0x41f6ad in _start (/out/vpx_dec_fuzzer_vp9+0x41f6ad)

DEDUP_TOKEN: __asan_memset--init_mt--decode_tiles_mt
0x6150000004c7 is located 0 bytes to the right of 455-byte region [0x615000000300,0x6150000004c7)
allocated by thread T0 here:
    #0 0x523add in __interceptor_malloc /src/llvm-project/compiler-rt/lib/asan/asan_malloc_linux.cpp:129:3
    #1 0x59d76b in vpx_memalign /src/libvpx/vpx_mem/vpx_mem.c:62:10
    #2 0x59d76b in vpx_malloc /src/libvpx/vpx_mem/vpx_mem.c:70:40
    #3 0x59d76b in vpx_calloc /src/libvpx/vpx_mem/vpx_mem.c:76:7
    #4 0x5ad7a5 in vp9_alloc_context_buffers /src/libvpx/vp9/common/vp9_alloccommon.c:136:44
    #5 0x575433 in resize_context_buffers /src/libvpx/vp9/decoder/vp9_decodeframe.c:1493:11
    #6 0x574b12 in setup_frame_size /src/libvpx/vp9/decoder/vp9_decodeframe.c:1519:3
    #7 0x56538e in read_uncompressed_header /src/libvpx/vp9/decoder/vp9_decodeframe.c:2693:5
    #8 0x56538e in vp9_decode_frame /src/libvpx/vp9/decoder/vp9_decodeframe.c:2954:39
    #9 0x5964b7 in vp9_receive_compressed_data /src/libvpx/vp9/decoder/vp9_decoder.c:469:3
    #10 0x56398d in decode_one /src/libvpx/vp9/vp9_dx_iface.c:321:7
    #11 0x55fbb3 in decoder_decode /src/libvpx/vp9/vp9_dx_iface.c:385:11
    #12 0x55dda1 in vpx_codec_decode /src/libvpx/vpx/src/vpx_decoder.c:116:11
    #13 0x55d22d in LLVMFuzzerTestOneInput /src/libvpx/examples/vpx_dec_fuzzer.cc:114:9
    #14 0x4551f3 in fuzzer::Fuzzer::ExecuteCallback(unsigned char const*, unsigned long) /src/llvm-project/compiler-rt/lib/fuzzer/FuzzerLoop.cpp:611:15
    #15 0x440e82 in fuzzer::RunOneTest(fuzzer::Fuzzer*, char const*, unsigned long) /src/llvm-project/compiler-rt/lib/fuzzer/FuzzerDriver.cpp:324:6
    #16 0x4466cc in fuzzer::FuzzerDriver(int*, char***, int (*)(unsigned char const*, unsigned long)) /src/llvm-project/compiler-rt/lib/fuzzer/FuzzerDriver.cpp:860:9
    #17 0x46f2c2 in main /src/llvm-project/compiler-rt/lib/fuzzer/FuzzerMain.cpp:20:10
    #18 0x7fd4c6c19082 in __libc_start_main (/lib/x86_64-linux-gnu/libc.so.6+0x24082)

DEDUP_TOKEN: __interceptor_malloc--vpx_memalign--vpx_malloc
SUMMARY: AddressSanitizer: heap-buffer-overflow /src/llvm-project/compiler-rt/lib/asan/asan_interceptors_memintrinsics.cpp:26:3 in __asan_memset
Shadow bytes around the buggy address:
  0x0c2a7fff8040: fd fd fd fd fd fd fd fd fd fd fd fa fa fa fa fa
  0x0c2a7fff8050: fa fa fa fa fa fa fa fa fa fa fa fa fa fa fa fa
  0x0c2a7fff8060: 00 00 00 00 00 00 00 00 00 00 00 00 00 00 00 00
  0x0c2a7fff8070: 00 00 00 00 00 00 00 00 00 00 00 00 00 00 00 00
  0x0c2a7fff8080: 00 00 00 00 00 00 00 00 00 00 00 00 00 00 00 00
=>0x0c2a7fff8090: 00 00 00 00 00 00 00 00[07]fa fa fa fa fa fa fa
  0x0c2a7fff80a0: fa fa fa fa fa fa fa fa fa fa fa fa fa fa fa fa
  0x0c2a7fff80b0: fa fa fa fa fa fa fa fa fa fa fa fa fa fa fa fa
  0x0c2a7fff80c0: fa fa fa fa fa fa fa fa fa fa fa fa fa fa fa fa
  0x0c2a7fff80d0: fa fa fa fa fa fa fa fa fa fa fa fa fa fa fa fa
  0x0c2a7fff80e0: fa fa fa fa fa fa fa fa fa fa fa fa fa fa fa fa
Shadow byte legend (one shadow byte represents 8 application bytes):
  Addressable:           00
  Partially addressable: 01 02 03 04 05 06 07
  Heap left redzone:       fa
  Freed heap region:       fd
  Stack left redzone:      f1
  Stack mid redzone:       f2
  Stack right redzone:     f3
  Stack after return:      f5
  Stack use after scope:   f8
  Global redzone:          f9
  Global init order:       f6
  Poisoned by user:        f7
  Container overflow:      fc
  Array cookie:            ac
  Intra object redzone:    bb
  ASan internal:           fe
  Left alloca redzone:     ca
  Right alloca redzone:    cb
==13==ABORTING