=================================================================
==13==ERROR: AddressSanitizer: heap-buffer-overflow on address 0x615000000247 at pc 0x0000004c145e bp 0x7ffc36331a50 sp 0x7ffc36331218
WRITE of size 3120 at 0x615000000247 thread T0
SCARINESS: 45 (multi-byte-write-heap-buffer-overflow)
    #0 0x4c145d in __asan_memset /src/llvm-project/compiler-rt/lib/asan/asan_interceptors_memintrinsics.cpp:26:3
    #1 0xf27c3e in vp9_decode_frame (/out/ffmpeg_AV_CODEC_ID_LIBVPX_VP9_fuzzer+0xf27c3e)
    #2 0xf5225a in vp9_receive_compressed_data (/out/ffmpeg_AV_CODEC_ID_LIBVPX_VP9_fuzzer+0xf5225a)
    #3 0xf1c5ae in decode_one vp9_dx_iface.c.o
    #4 0xf17e9b in decoder_decode vp9_dx_iface.c.o
    #5 0xd960a6 in vpx_codec_decode (/out/ffmpeg_AV_CODEC_ID_LIBVPX_VP9_fuzzer+0xd960a6)
    #6 0x5308b7 in decode_frame /src/ffmpeg/libavcodec/libvpxdec.c:204:9
    #7 0x5308b7 in vpx_decode /src/ffmpeg/libavcodec/libvpxdec.c:229:11
    #8 0x51887a in decode_simple_internal /src/ffmpeg/libavcodec/decode.c:307:15
    #9 0x51887a in decode_simple_receive_frame /src/ffmpeg/libavcodec/decode.c:515:15
    #10 0x51887a in decode_receive_frame_internal /src/ffmpeg/libavcodec/decode.c:536:15
    #11 0x517e67 in avcodec_send_packet /src/ffmpeg/libavcodec/decode.c:604:15
    #12 0x4fe8d5 in LLVMFuzzerTestOneInput /src/ffmpeg/tools/target_dec_fuzzer.c:482:25
    #13 0x126c9ea in ExecuteFilesOnyByOne /src/aflplusplus/utils/aflpp_driver/aflpp_driver.c:234:7
    #14 0x126c7bd in main /src/aflplusplus/utils/aflpp_driver/aflpp_driver.c:318:12
    #15 0x7b8649a1c082 in __libc_start_main (/lib/x86_64-linux-gnu/libc.so.6+0x24082)
    #16 0x442a4d in _start (/out/ffmpeg_AV_CODEC_ID_LIBVPX_VP9_fuzzer+0x442a4d)

DEDUP_TOKEN: __asan_memset--vp9_decode_frame--vp9_receive_compressed_data
0x615000000247 is located 0 bytes to the right of 455-byte region [0x615000000080,0x615000000247)
allocated by thread T0 here:
    #0 0x4c1d4d in __interceptor_malloc /src/llvm-project/compiler-rt/lib/asan/asan_malloc_linux.cpp:129:3
    #1 0xf6a998 in vpx_calloc (/out/ffmpeg_AV_CODEC_ID_LIBVPX_VP9_fuzzer+0xf6a998)
    #2 0xfea901 in vp9_alloc_context_buffers (/out/ffmpeg_AV_CODEC_ID_LIBVPX_VP9_fuzzer+0xfea901)
    #3 0xf30611 in resize_context_buffers vp9_decodeframe.c.o
    #4 0xf2fc7a in setup_frame_size vp9_decodeframe.c.o
    #5 0xf1de73 in vp9_decode_frame (/out/ffmpeg_AV_CODEC_ID_LIBVPX_VP9_fuzzer+0xf1de73)
    #6 0xf5225a in vp9_receive_compressed_data (/out/ffmpeg_AV_CODEC_ID_LIBVPX_VP9_fuzzer+0xf5225a)
    #7 0xf1c5ae in decode_one vp9_dx_iface.c.o
    #8 0xf17e9b in decoder_decode vp9_dx_iface.c.o
    #9 0xd960a6 in vpx_codec_decode (/out/ffmpeg_AV_CODEC_ID_LIBVPX_VP9_fuzzer+0xd960a6)
    #10 0x5308b7 in decode_frame /src/ffmpeg/libavcodec/libvpxdec.c:204:9
    #11 0x5308b7 in vpx_decode /src/ffmpeg/libavcodec/libvpxdec.c:229:11
    #12 0x51887a in decode_simple_internal /src/ffmpeg/libavcodec/decode.c:307:15
    #13 0x51887a in decode_simple_receive_frame /src/ffmpeg/libavcodec/decode.c:515:15
    #14 0x51887a in decode_receive_frame_internal /src/ffmpeg/libavcodec/decode.c:536:15
    #15 0x517e67 in avcodec_send_packet /src/ffmpeg/libavcodec/decode.c:604:15
    #16 0x4fe8d5 in LLVMFuzzerTestOneInput /src/ffmpeg/tools/target_dec_fuzzer.c:482:25
    #17 0x126c9ea in ExecuteFilesOnyByOne /src/aflplusplus/utils/aflpp_driver/aflpp_driver.c:234:7

DEDUP_TOKEN: __interceptor_malloc--vpx_calloc--vp9_alloc_context_buffers
SUMMARY: AddressSanitizer: heap-buffer-overflow /src/llvm-project/compiler-rt/lib/asan/asan_interceptors_memintrinsics.cpp:26:3 in __asan_memset
Shadow bytes around the buggy address:
  0x0c2a7fff7ff0: 00 00 00 00 00 00 00 00 00 00 00 00 00 00 00 00
  0x0c2a7fff8000: fa fa fa fa fa fa fa fa fa fa fa fa fa fa fa fa
  0x0c2a7fff8010: 00 00 00 00 00 00 00 00 00 00 00 00 00 00 00 00
  0x0c2a7fff8020: 00 00 00 00 00 00 00 00 00 00 00 00 00 00 00 00
  0x0c2a7fff8030: 00 00 00 00 00 00 00 00 00 00 00 00 00 00 00 00
=>0x0c2a7fff8040: 00 00 00 00 00 00 00 00[07]fa fa fa fa fa fa fa
  0x0c2a7fff8050: fa fa fa fa fa fa fa fa fa fa fa fa fa fa fa fa
  0x0c2a7fff8060: fa fa fa fa fa fa fa fa fa fa fa fa fa fa fa fa
  0x0c2a7fff8070: fa fa fa fa fa fa fa fa fa fa fa fa fa fa fa fa
  0x0c2a7fff8080: fa fa fa fa fa fa fa fa fa fa fa fa fa fa fa fa
  0x0c2a7fff8090: fa fa fa fa fa fa fa fa fa fa fa fa fa fa fa fa
Shadow byte legend (one shadow byte represents 8 application bytes):
  Addressable:           00
  Partially addressable: 01 02 03 04 05 06 07
  Heap left redzone:       fa
  Freed heap region:       fd
  Stack left redzone:      f1
  Stack mid redzone:       f2
  Stack right redzone:     f3
  Stack after return:      f5
  Stack use after scope:   f8
  Global redzone:          f9
  Global init order:       f6
  Poisoned by user:        f7
  Container overflow:      fc
  Array cookie:            ac
  Intra object redzone:    bb
  ASan internal:           fe
  Left alloca redzone:     ca
  Right alloca redzone:    cb
==13==ABORTING