INFO: Running with entropic power schedule (0xFF, 100).
INFO: Seed: 3291685331
INFO: Loaded 1 modules   (70134 inline 8-bit counters): 70134 [0x10d5c20, 0x10e6e16),
INFO: Loaded 1 PC tables (70134 PCs): 70134 [0xea7cb0,0xfb9c10),
/out/ffmpeg_AV_CODEC_ID_HEVC_fuzzer: Running 1 inputs 1 time(s) each.
Running: /tmp/poc
=================================================================
==13==ERROR: AddressSanitizer: heap-buffer-overflow on address 0x7567657ff006 at pc 0x0000008ff2f0 bp 0x7ffd5bdb61d0 sp 0x7ffd5bdb61c8
READ of size 8 at 0x7567657ff006 thread T0
SCARINESS: 23 (8-byte-read-heap-buffer-overflow)
    #0 0x8ff2ef in copy_CTB /src/ffmpeg/libavcodec/hevc_filter.c:147:17
    #1 0x8ff2ef in sao_filter_CTB /src/ffmpeg/libavcodec/hevc_filter.c:427:13
    #2 0x8faeec in ff_hevc_hls_filter /src/ffmpeg/libavcodec/hevc_filter.c:868:13
    #3 0x5d61e9 in hls_decode_entry /src/ffmpeg/libavcodec/hevcdec.c:2528:9
    #4 0x585268 in avcodec_default_execute /src/ffmpeg/libavcodec/avcodec.c:50:17
    #5 0x5b5f87 in hls_slice_data /src/ffmpeg/libavcodec/hevcdec.c:2541:5
    #6 0x5b5f87 in decode_nal_unit /src/ffmpeg/libavcodec/hevcdec.c:3253:31
    #7 0x5b5f87 in decode_nal_units /src/ffmpeg/libavcodec/hevcdec.c:3360:15
    #8 0x5b5f87 in hevc_decode_frame /src/ffmpeg/libavcodec/hevcdec.c:3506:14
    #9 0x59765c in decode_simple_internal /src/ffmpeg/libavcodec/decode.c:307:15
    #10 0x59765c in decode_simple_receive_frame /src/ffmpeg/libavcodec/decode.c:515:15
    #11 0x59765c in decode_receive_frame_internal /src/ffmpeg/libavcodec/decode.c:536:15
    #12 0x596dc2 in avcodec_send_packet /src/ffmpeg/libavcodec/decode.c:604:15
    #13 0x58269f in LLVMFuzzerTestOneInput /src/ffmpeg/tools/target_dec_fuzzer.c:482:25
    #14 0x478463 in fuzzer::Fuzzer::ExecuteCallback(unsigned char const*, unsigned long) /src/llvm-project/compiler-rt/lib/fuzzer/FuzzerLoop.cpp:611:15
    #15 0x4640f2 in fuzzer::RunOneTest(fuzzer::Fuzzer*, char const*, unsigned long) /src/llvm-project/compiler-rt/lib/fuzzer/FuzzerDriver.cpp:324:6
    #16 0x46993c in fuzzer::FuzzerDriver(int*, char***, int (*)(unsigned char const*, unsigned long)) /src/llvm-project/compiler-rt/lib/fuzzer/FuzzerDriver.cpp:860:9
    #17 0x492532 in main /src/llvm-project/compiler-rt/lib/fuzzer/FuzzerMain.cpp:20:10
    #18 0x756766a35082 in __libc_start_main (/lib/x86_64-linux-gnu/libc.so.6+0x24082)
    #19 0x44291d in _start (/out/ffmpeg_AV_CODEC_ID_HEVC_fuzzer+0x44291d)

DEDUP_TOKEN: copy_CTB--sao_filter_CTB--ff_hevc_hls_filter
0x7567657ff006 is located 6 bytes to the right of 399360-byte region [0x75676579d800,0x7567657ff000)
allocated by thread T0 here:
    #0 0x547777 in posix_memalign /src/llvm-project/compiler-rt/lib/asan/asan_malloc_linux.cpp:210:3
    #1 0xcf53b0 in av_malloc /src/ffmpeg/libavutil/mem.c:105:9
    #2 0xcb7dd2 in av_buffer_alloc /src/ffmpeg/libavutil/buffer.c:82:12
    #3 0x584791 in fuzz_video_get_buffer /src/ffmpeg/tools/target_dec_fuzzer.c:131:25
    #4 0x584791 in fuzz_get_buffer2 /src/ffmpeg/tools/target_dec_fuzzer.c:152:18
    #5 0x5a0a15 in ff_get_buffer /src/ffmpeg/libavcodec/decode.c:1458:11
    #6 0x6c8c2d in ff_thread_get_ext_buffer /src/ffmpeg/libavcodec/pthread_frame.c:1054:16
    #7 0x9277ad in alloc_frame /src/ffmpeg/libavcodec/hevc_refs.c:91:15
    #8 0x9272e9 in ff_hevc_set_new_ref /src/ffmpeg/libavcodec/hevc_refs.c:153:11
    #9 0x5b2243 in hevc_frame_start /src/ffmpeg/libavcodec/hevcdec.c:3025:11
    #10 0x5b2243 in decode_nal_unit /src/ffmpeg/libavcodec/hevcdec.c:3214:19
    #11 0x5b2243 in decode_nal_units /src/ffmpeg/libavcodec/hevcdec.c:3360:15
    #12 0x5b2243 in hevc_decode_frame /src/ffmpeg/libavcodec/hevcdec.c:3506:14
    #13 0x59765c in decode_simple_internal /src/ffmpeg/libavcodec/decode.c:307:15
    #14 0x59765c in decode_simple_receive_frame /src/ffmpeg/libavcodec/decode.c:515:15
    #15 0x59765c in decode_receive_frame_internal /src/ffmpeg/libavcodec/decode.c:536:15
    #16 0x596dc2 in avcodec_send_packet /src/ffmpeg/libavcodec/decode.c:604:15
    #17 0x58269f in LLVMFuzzerTestOneInput /src/ffmpeg/tools/target_dec_fuzzer.c:482:25
    #18 0x478463 in fuzzer::Fuzzer::ExecuteCallback(unsigned char const*, unsigned long) /src/llvm-project/compiler-rt/lib/fuzzer/FuzzerLoop.cpp:611:15
    #19 0x4640f2 in fuzzer::RunOneTest(fuzzer::Fuzzer*, char const*, unsigned long) /src/llvm-project/compiler-rt/lib/fuzzer/FuzzerDriver.cpp:324:6
    #20 0x46993c in fuzzer::FuzzerDriver(int*, char***, int (*)(unsigned char const*, unsigned long)) /src/llvm-project/compiler-rt/lib/fuzzer/FuzzerDriver.cpp:860:9
    #21 0x492532 in main /src/llvm-project/compiler-rt/lib/fuzzer/FuzzerMain.cpp:20:10
    #22 0x756766a35082 in __libc_start_main (/lib/x86_64-linux-gnu/libc.so.6+0x24082)

DEDUP_TOKEN: posix_memalign--av_malloc--av_buffer_alloc
SUMMARY: AddressSanitizer: heap-buffer-overflow /src/ffmpeg/libavcodec/hevc_filter.c:147:17 in copy_CTB
Shadow bytes around the buggy address:
  0x0ead6caf7db0: 00 00 00 00 00 00 00 00 00 00 00 00 00 00 00 00
  0x0ead6caf7dc0: 00 00 00 00 00 00 00 00 00 00 00 00 00 00 00 00
  0x0ead6caf7dd0: 00 00 00 00 00 00 00 00 00 00 00 00 00 00 00 00
  0x0ead6caf7de0: 00 00 00 00 00 00 00 00 00 00 00 00 00 00 00 00
  0x0ead6caf7df0: 00 00 00 00 00 00 00 00 00 00 00 00 00 00 00 00
=>0x0ead6caf7e00:[fa]fa fa fa fa fa fa fa fa fa fa fa fa fa fa fa
  0x0ead6caf7e10: fa fa fa fa fa fa fa fa fa fa fa fa fa fa fa fa
  0x0ead6caf7e20: fa fa fa fa fa fa fa fa fa fa fa fa fa fa fa fa
  0x0ead6caf7e30: fa fa fa fa fa fa fa fa fa fa fa fa fa fa fa fa
  0x0ead6caf7e40: fa fa fa fa fa fa fa fa fa fa fa fa fa fa fa fa
  0x0ead6caf7e50: fa fa fa fa fa fa fa fa fa fa fa fa fa fa fa fa
Shadow byte legend (one shadow byte represents 8 application bytes):
  Addressable:           00
  Partially addressable: 01 02 03 04 05 06 07
  Heap left redzone:       fa
  Freed heap region:       fd
  Stack left redzone:      f1
  Stack mid redzone:       f2
  Stack right redzone:     f3
  Stack after return:      f5
  Stack use after scope:   f8
  Global redzone:          f9
  Global init order:       f6
  Poisoned by user:        f7
  Container overflow:      fc
  Array cookie:            ac
  Intra object redzone:    bb
  ASan internal:           fe
  Left alloca redzone:     ca
  Right alloca redzone:    cb
==13==ABORTING