=================================================================
==13==ERROR: AddressSanitizer: heap-buffer-overflow on address 0x6040000000b0 at pc 0x0000004e2b0e bp 0x7ffe10fd2ff0 sp 0x7ffe10fd2fe8
WRITE of size 4 at 0x6040000000b0 thread T0
SCARINESS: 36 (4-byte-write-heap-buffer-overflow)
    #0 0x4e2b0d in _sw32 /src/c-blosc2/blosc/blosc-private.h:128:23
    #1 0x4e2b0d in serial_blosc /src/c-blosc2/blosc/blosc2.c:1826:7
    #2 0x4e2b0d in do_job /src/c-blosc2/blosc/blosc2.c:2024:15
    #3 0x4dff94 in blosc_compress_context /src/c-blosc2/blosc/blosc2.c:2294:15
    #4 0x4e2ef1 in blosc2_compress_ctx /src/c-blosc2/blosc/blosc2.c:2393:12
    #5 0x513e29 in blosc2_schunk_append_buffer /src/c-blosc2/blosc/schunk.c:1027:16
    #6 0x4d72dc in LLVMFuzzerTestOneInput /src/c-blosc2/tests/fuzz/fuzz_compress_frame.c:60:15
    #7 0x4d7eaa in ExecuteFilesOnyByOne /src/aflplusplus/utils/aflpp_driver/aflpp_driver.c:234:7
    #8 0x4d7c7d in main /src/aflplusplus/utils/aflpp_driver/aflpp_driver.c:318:12
    #9 0x7b06c6217082 in __libc_start_main (/lib/x86_64-linux-gnu/libc.so.6+0x24082)
    #10 0x41e54d in _start (/out/compress_frame_fuzzer+0x41e54d)

DEDUP_TOKEN: _sw32--serial_blosc--do_job
0x6040000000b2 is located 0 bytes to the right of 34-byte region [0x604000000090,0x6040000000b2)
allocated by thread T0 here:
    #0 0x49d84d in __interceptor_malloc /src/llvm-project/compiler-rt/lib/asan/asan_malloc_linux.cpp:129:3
    #1 0x513dc2 in blosc2_schunk_append_buffer /src/c-blosc2/blosc/schunk.c:1024:20
    #2 0x4d72dc in LLVMFuzzerTestOneInput /src/c-blosc2/tests/fuzz/fuzz_compress_frame.c:60:15
    #3 0x4d7eaa in ExecuteFilesOnyByOne /src/aflplusplus/utils/aflpp_driver/aflpp_driver.c:234:7

DEDUP_TOKEN: __interceptor_malloc--blosc2_schunk_append_buffer--LLVMFuzzerTestOneInput
SUMMARY: AddressSanitizer: heap-buffer-overflow /src/c-blosc2/blosc/blosc-private.h:128:23 in _sw32
Shadow bytes around the buggy address:
  0x0c087fff7fc0: 00 00 00 00 00 00 00 00 00 00 00 00 00 00 00 00
  0x0c087fff7fd0: 00 00 00 00 00 00 00 00 00 00 00 00 00 00 00 00
  0x0c087fff7fe0: 00 00 00 00 00 00 00 00 00 00 00 00 00 00 00 00
  0x0c087fff7ff0: 00 00 00 00 00 00 00 00 00 00 00 00 00 00 00 00
  0x0c087fff8000: fa fa 00 00 00 00 00 fa fa fa 00 00 00 00 00 00
=>0x0c087fff8010: fa fa 00 00 00 00[02]fa fa fa fa fa fa fa fa fa
  0x0c087fff8020: fa fa fa fa fa fa fa fa fa fa fa fa fa fa fa fa
  0x0c087fff8030: fa fa fa fa fa fa fa fa fa fa fa fa fa fa fa fa
  0x0c087fff8040: fa fa fa fa fa fa fa fa fa fa fa fa fa fa fa fa
  0x0c087fff8050: fa fa fa fa fa fa fa fa fa fa fa fa fa fa fa fa
  0x0c087fff8060: fa fa fa fa fa fa fa fa fa fa fa fa fa fa fa fa
Shadow byte legend (one shadow byte represents 8 application bytes):
  Addressable:           00
  Partially addressable: 01 02 03 04 05 06 07
  Heap left redzone:       fa
  Freed heap region:       fd
  Stack left redzone:      f1
  Stack mid redzone:       f2
  Stack right redzone:     f3
  Stack after return:      f5
  Stack use after scope:   f8
  Global redzone:          f9
  Global init order:       f6
  Poisoned by user:        f7
  Container overflow:      fc
  Array cookie:            ac
  Intra object redzone:    bb
  ASan internal:           fe
  Left alloca redzone:     ca
  Right alloca redzone:    cb
==13==ABORTING