Unable to find image 'n132/arvo:50970-vul' locally
50970-vul: Pulling from n132/arvo
d7bfe07ed847: Already exists
3dd93ef8ffd9: Already exists
790f9d0a0dce: Already exists
11cd3f144815: Already exists
aca768540b99: Already exists
35b1312e159e: Already exists
4d0ca8b7e228: Already exists
414fd4239a5b: Already exists
134292459dc2: Already exists
3e879b680f74: Already exists
4e3ee7259875: Already exists
179bd47227be: Already exists
662cb2cd82c8: Already exists
2b2061b7cfc8: Already exists
09a8db6460fc: Already exists
35013daf344c: Already exists
e30bb79aa736: Already exists
a40f0e6334a1: Already exists
2040f9a72d25: Already exists
5b9b7d46044b: Already exists
281dec0535bb: Already exists
5da4306d17df: Already exists
183a08a0cc9c: Pulling fs layer
811793f173e5: Pulling fs layer
a3cd03a92d12: Pulling fs layer
08f9e277ef08: Pulling fs layer
7eb75f97d62a: Pulling fs layer
74cd27e9a2a8: Pulling fs layer
a1cc654f2174: Pulling fs layer
e336b0cd884e: Pulling fs layer
d4d52ef9d156: Pulling fs layer
9d080608c091: Pulling fs layer
29ce3234651a: Pulling fs layer
412e602a1736: Pulling fs layer
d542a35289c8: Pulling fs layer
c2ad9187715c: Pulling fs layer
f1ab653f7416: Pulling fs layer
200f8168bef2: Pulling fs layer
c4989254e3f2: Pulling fs layer
fae04c0c16ae: Pulling fs layer
968119d04665: Pulling fs layer
ef28712f02d4: Pulling fs layer
f78fab4d1f1f: Pulling fs layer
d8ff283e3056: Pulling fs layer
22e05a6f35e9: Pulling fs layer
08f9e277ef08: Waiting
bb3fd9030f42: Pulling fs layer
7eb75f97d62a: Waiting
e336b0cd884e: Waiting
a1cc654f2174: Waiting
d4d52ef9d156: Waiting
29ce3234651a: Waiting
412e602a1736: Waiting
d542a35289c8: Waiting
9d080608c091: Waiting
c2ad9187715c: Waiting
f1ab653f7416: Waiting
ef28712f02d4: Waiting
74cd27e9a2a8: Waiting
f78fab4d1f1f: Waiting
fae04c0c16ae: Waiting
200f8168bef2: Waiting
968119d04665: Waiting
bb3fd9030f42: Waiting
22e05a6f35e9: Waiting
d8ff283e3056: Waiting
c4989254e3f2: Waiting
811793f173e5: Verifying Checksum
811793f173e5: Download complete
a3cd03a92d12: Verifying Checksum
a3cd03a92d12: Download complete
183a08a0cc9c: Verifying Checksum
183a08a0cc9c: Download complete
7eb75f97d62a: Verifying Checksum
7eb75f97d62a: Download complete
74cd27e9a2a8: Download complete
e336b0cd884e: Verifying Checksum
e336b0cd884e: Download complete
a1cc654f2174: Verifying Checksum
a1cc654f2174: Download complete
9d080608c091: Download complete
08f9e277ef08: Verifying Checksum
08f9e277ef08: Download complete
d4d52ef9d156: Verifying Checksum
d4d52ef9d156: Download complete
412e602a1736: Download complete
29ce3234651a: Verifying Checksum
29ce3234651a: Download complete
d542a35289c8: Download complete
f1ab653f7416: Verifying Checksum
f1ab653f7416: Download complete
200f8168bef2: Verifying Checksum
200f8168bef2: Download complete
c4989254e3f2: Verifying Checksum
c4989254e3f2: Download complete
183a08a0cc9c: Pull complete
811793f173e5: Pull complete
fae04c0c16ae: Verifying Checksum
fae04c0c16ae: Download complete
968119d04665: Verifying Checksum
968119d04665: Download complete
c2ad9187715c: Verifying Checksum
c2ad9187715c: Download complete
ef28712f02d4: Verifying Checksum
ef28712f02d4: Download complete
f78fab4d1f1f: Verifying Checksum
f78fab4d1f1f: Download complete
d8ff283e3056: Verifying Checksum
d8ff283e3056: Download complete
bb3fd9030f42: Verifying Checksum
bb3fd9030f42: Download complete
a3cd03a92d12: Pull complete
08f9e277ef08: Pull complete
7eb75f97d62a: Pull complete
74cd27e9a2a8: Pull complete
a1cc654f2174: Pull complete
e336b0cd884e: Pull complete
d4d52ef9d156: Pull complete
9d080608c091: Pull complete
29ce3234651a: Pull complete
412e602a1736: Pull complete
d542a35289c8: Pull complete
c2ad9187715c: Pull complete
f1ab653f7416: Pull complete
200f8168bef2: Pull complete
c4989254e3f2: Pull complete
fae04c0c16ae: Pull complete
968119d04665: Pull complete
ef28712f02d4: Pull complete
f78fab4d1f1f: Pull complete
d8ff283e3056: Pull complete
22e05a6f35e9: Verifying Checksum
22e05a6f35e9: Download complete
22e05a6f35e9: Pull complete
bb3fd9030f42: Pull complete
Digest: sha256:6ef2a4e7f7eb090ffa11b32a6ca6d8d42f2b93a11bbec802e8eee29b6967ebab
Status: Downloaded newer image for n132/arvo:50970-vul
INFO: Running with entropic power schedule (0xFF, 100).
INFO: Seed: 3784804983
INFO: Loaded 1 modules   (56837 inline 8-bit counters): 56837 [0xed7be0, 0xee59e5), 
INFO: Loaded 1 PC tables (56837 PCs): 56837 [0xcf1e50,0xdcfea0), 
/out/ffmpeg_AV_CODEC_ID_SPEEDHQ_fuzzer: Running 1 inputs 1 time(s) each.
Running: /tmp/poc
=================================================================
==7==ERROR: AddressSanitizer: heap-buffer-overflow on address 0x61d000000880 at pc 0x00000095d1e1 bp 0x7fffa4ead3a0 sp 0x7fffa4ead398
WRITE of size 1 at 0x61d000000880 thread T0
SCARINESS: 31 (1-byte-write-heap-buffer-overflow)
    #0 0x95d1e0 in p8idct /src/ffmpeg/libavcodec/faanidct.c:116:31
    #1 0x95e21b in ff_faanidct_put /src/ffmpeg/libavcodec/faanidct.c:165:5
    #2 0x5e1d57 in decode_dct_block /src/ffmpeg/libavcodec/speedhq.c:276:5
    #3 0x5e315e in decode_speedhq_border /src/ffmpeg/libavcodec/speedhq.c:318:20
    #4 0x5e0e4d in decode_speedhq_field /src/ffmpeg/libavcodec/speedhq.c:481:16
    #5 0x5df659 in speedhq_decode_frame /src/ffmpeg/libavcodec/speedhq.c:535:20
    #6 0x5974ac in decode_simple_internal /src/ffmpeg/libavcodec/decode.c:307:15
    #7 0x5974ac in decode_simple_receive_frame /src/ffmpeg/libavcodec/decode.c:515:15
    #8 0x5974ac in decode_receive_frame_internal /src/ffmpeg/libavcodec/decode.c:536:15
    #9 0x596c12 in avcodec_send_packet /src/ffmpeg/libavcodec/decode.c:604:15
    #10 0x5824ef in LLVMFuzzerTestOneInput /src/ffmpeg/tools/target_dec_fuzzer.c:482:25
    #11 0x4782b3 in fuzzer::Fuzzer::ExecuteCallback(unsigned char const*, unsigned long) /src/llvm-project/compiler-rt/lib/fuzzer/FuzzerLoop.cpp:611:15
    #12 0x463f42 in fuzzer::RunOneTest(fuzzer::Fuzzer*, char const*, unsigned long) /src/llvm-project/compiler-rt/lib/fuzzer/FuzzerDriver.cpp:324:6
    #13 0x46978c in fuzzer::FuzzerDriver(int*, char***, int (*)(unsigned char const*, unsigned long)) /src/llvm-project/compiler-rt/lib/fuzzer/FuzzerDriver.cpp:860:9
    #14 0x492382 in main /src/llvm-project/compiler-rt/lib/fuzzer/FuzzerMain.cpp:20:10
    #15 0x77dc5da46082 in __libc_start_main (/lib/x86_64-linux-gnu/libc.so.6+0x24082)
    #16 0x44276d in _start (/out/ffmpeg_AV_CODEC_ID_SPEEDHQ_fuzzer+0x44276d)

DEDUP_TOKEN: p8idct--ff_faanidct_put--decode_dct_block
0x61d000000880 is located 0 bytes to the right of 2048-byte region [0x61d000000080,0x61d000000880)
allocated by thread T0 here:
    #0 0x5475c7 in posix_memalign /src/llvm-project/compiler-rt/lib/asan/asan_malloc_linux.cpp:210:3
    #1 0xb4b150 in av_malloc /src/ffmpeg/libavutil/mem.c:105:9
    #2 0xb0fed2 in av_buffer_alloc /src/ffmpeg/libavutil/buffer.c:82:12
    #3 0x5845e1 in fuzz_video_get_buffer /src/ffmpeg/tools/target_dec_fuzzer.c:131:25
    #4 0x5845e1 in fuzz_get_buffer2 /src/ffmpeg/tools/target_dec_fuzzer.c:152:18
    #5 0x5a0865 in ff_get_buffer /src/ffmpeg/libavcodec/decode.c:1458:11
    #6 0x5df5ac in speedhq_decode_frame /src/ffmpeg/libavcodec/speedhq.c:520:16
    #7 0x5974ac in decode_simple_internal /src/ffmpeg/libavcodec/decode.c:307:15
    #8 0x5974ac in decode_simple_receive_frame /src/ffmpeg/libavcodec/decode.c:515:15
    #9 0x5974ac in decode_receive_frame_internal /src/ffmpeg/libavcodec/decode.c:536:15
    #10 0x596c12 in avcodec_send_packet /src/ffmpeg/libavcodec/decode.c:604:15
    #11 0x5824ef in LLVMFuzzerTestOneInput /src/ffmpeg/tools/target_dec_fuzzer.c:482:25
    #12 0x4782b3 in fuzzer::Fuzzer::ExecuteCallback(unsigned char const*, unsigned long) /src/llvm-project/compiler-rt/lib/fuzzer/FuzzerLoop.cpp:611:15
    #13 0x463f42 in fuzzer::RunOneTest(fuzzer::Fuzzer*, char const*, unsigned long) /src/llvm-project/compiler-rt/lib/fuzzer/FuzzerDriver.cpp:324:6
    #14 0x46978c in fuzzer::FuzzerDriver(int*, char***, int (*)(unsigned char const*, unsigned long)) /src/llvm-project/compiler-rt/lib/fuzzer/FuzzerDriver.cpp:860:9
    #15 0x492382 in main /src/llvm-project/compiler-rt/lib/fuzzer/FuzzerMain.cpp:20:10
    #16 0x77dc5da46082 in __libc_start_main (/lib/x86_64-linux-gnu/libc.so.6+0x24082)

DEDUP_TOKEN: posix_memalign--av_malloc--av_buffer_alloc
SUMMARY: AddressSanitizer: heap-buffer-overflow /src/ffmpeg/libavcodec/faanidct.c:116:31 in p8idct
Shadow bytes around the buggy address:
  0x0c3a7fff80c0: 00 00 00 00 00 00 00 00 00 00 00 00 00 00 00 00
  0x0c3a7fff80d0: 00 00 00 00 00 00 00 00 00 00 00 00 00 00 00 00
  0x0c3a7fff80e0: 00 00 00 00 00 00 00 00 00 00 00 00 00 00 00 00
  0x0c3a7fff80f0: 00 00 00 00 00 00 00 00 00 00 00 00 00 00 00 00
  0x0c3a7fff8100: 00 00 00 00 00 00 00 00 00 00 00 00 00 00 00 00
=>0x0c3a7fff8110:[fa]fa fa fa fa fa fa fa fa fa fa fa fa fa fa fa
  0x0c3a7fff8120: fa fa fa fa fa fa fa fa fa fa fa fa fa fa fa fa
  0x0c3a7fff8130: fa fa fa fa fa fa fa fa fa fa fa fa fa fa fa fa
  0x0c3a7fff8140: fa fa fa fa fa fa fa fa fa fa fa fa fa fa fa fa
  0x0c3a7fff8150: fa fa fa fa fa fa fa fa fa fa fa fa fa fa fa fa
  0x0c3a7fff8160: fa fa fa fa fa fa fa fa fa fa fa fa fa fa fa fa
Shadow byte legend (one shadow byte represents 8 application bytes):
  Addressable:           00
  Partially addressable: 01 02 03 04 05 06 07 
  Heap left redzone:       fa
  Freed heap region:       fd
  Stack left redzone:      f1
  Stack mid redzone:       f2
  Stack right redzone:     f3
  Stack after return:      f5
  Stack use after scope:   f8
  Global redzone:          f9
  Global init order:       f6
  Poisoned by user:        f7
  Container overflow:      fc
  Array cookie:            ac
  Intra object redzone:    bb
  ASan internal:           fe
  Left alloca redzone:     ca
  Right alloca redzone:    cb
==7==ABORTING
