INFO: Running with entropic power schedule (0xFF, 100).
INFO: Seed: 2059880766
INFO: Loaded 1 modules   (56837 inline 8-bit counters): 56837 [0xed7be0, 0xee59e5), 
INFO: Loaded 1 PC tables (56837 PCs): 56837 [0xcf1e50,0xdcfea0), 
/out/ffmpeg_AV_CODEC_ID_SPEEDHQ_fuzzer: Running 1 inputs 1 time(s) each.
Running: /tmp/poc
=================================================================
==7==ERROR: AddressSanitizer: heap-buffer-overflow on address 0x61d000000880 at pc 0x00000095d1e1 bp 0x7ffcfb2a29a0 sp 0x7ffcfb2a2998
WRITE of size 1 at 0x61d000000880 thread T0
SCARINESS: 31 (1-byte-write-heap-buffer-overflow)
    #0 0x95d1e0 in p8idct /src/ffmpeg/libavcodec/faanidct.c:116:31
    #1 0x95e21b in ff_faanidct_put /src/ffmpeg/libavcodec/faanidct.c:165:5
    #2 0x5e1d57 in decode_dct_block /src/ffmpeg/libavcodec/speedhq.c:276:5
    #3 0x5e315e in decode_speedhq_border /src/ffmpeg/libavcodec/speedhq.c:318:20
    #4 0x5e0e4d in decode_speedhq_field /src/ffmpeg/libavcodec/speedhq.c:481:16
    #5 0x5df659 in speedhq_decode_frame /src/ffmpeg/libavcodec/speedhq.c:535:20
    #6 0x5974ac in decode_simple_internal /src/ffmpeg/libavcodec/decode.c:307:15
    #7 0x5974ac in decode_simple_receive_frame /src/ffmpeg/libavcodec/decode.c:515:15
    #8 0x5974ac in decode_receive_frame_internal /src/ffmpeg/libavcodec/decode.c:536:15
    #9 0x596c12 in avcodec_send_packet /src/ffmpeg/libavcodec/decode.c:604:15
    #10 0x5824ef in LLVMFuzzerTestOneInput /src/ffmpeg/tools/target_dec_fuzzer.c:482:25
    #11 0x4782b3 in fuzzer::Fuzzer::ExecuteCallback(unsigned char const*, unsigned long) /src/llvm-project/compiler-rt/lib/fuzzer/FuzzerLoop.cpp:611:15
    #12 0x463f42 in fuzzer::RunOneTest(fuzzer::Fuzzer*, char const*, unsigned long) /src/llvm-project/compiler-rt/lib/fuzzer/FuzzerDriver.cpp:324:6
    #13 0x46978c in fuzzer::FuzzerDriver(int*, char***, int (*)(unsigned char const*, unsigned long)) /src/llvm-project/compiler-rt/lib/fuzzer/FuzzerDriver.cpp:860:9
    #14 0x492382 in main /src/llvm-project/compiler-rt/lib/fuzzer/FuzzerMain.cpp:20:10
    #15 0x7ae7bdf56082 in __libc_start_main (/lib/x86_64-linux-gnu/libc.so.6+0x24082)
    #16 0x44276d in _start (/out/ffmpeg_AV_CODEC_ID_SPEEDHQ_fuzzer+0x44276d)

DEDUP_TOKEN: p8idct--ff_faanidct_put--decode_dct_block
0x61d000000880 is located 0 bytes to the right of 2048-byte region [0x61d000000080,0x61d000000880)
allocated by thread T0 here:
    #0 0x5475c7 in posix_memalign /src/llvm-project/compiler-rt/lib/asan/asan_malloc_linux.cpp:210:3
    #1 0xb4b150 in av_malloc /src/ffmpeg/libavutil/mem.c:105:9
    #2 0xb0fed2 in av_buffer_alloc /src/ffmpeg/libavutil/buffer.c:82:12
    #3 0x5845e1 in fuzz_video_get_buffer /src/ffmpeg/tools/target_dec_fuzzer.c:131:25
    #4 0x5845e1 in fuzz_get_buffer2 /src/ffmpeg/tools/target_dec_fuzzer.c:152:18
    #5 0x5a0865 in ff_get_buffer /src/ffmpeg/libavcodec/decode.c:1458:11
    #6 0x5df5ac in speedhq_decode_frame /src/ffmpeg/libavcodec/speedhq.c:520:16
    #7 0x5974ac in decode_simple_internal /src/ffmpeg/libavcodec/decode.c:307:15
    #8 0x5974ac in decode_simple_receive_frame /src/ffmpeg/libavcodec/decode.c:515:15
    #9 0x5974ac in decode_receive_frame_internal /src/ffmpeg/libavcodec/decode.c:536:15
    #10 0x596c12 in avcodec_send_packet /src/ffmpeg/libavcodec/decode.c:604:15
    #11 0x5824ef in LLVMFuzzerTestOneInput /src/ffmpeg/tools/target_dec_fuzzer.c:482:25
    #12 0x4782b3 in fuzzer::Fuzzer::ExecuteCallback(unsigned char const*, unsigned long) /src/llvm-project/compiler-rt/lib/fuzzer/FuzzerLoop.cpp:611:15
    #13 0x463f42 in fuzzer::RunOneTest(fuzzer::Fuzzer*, char const*, unsigned long) /src/llvm-project/compiler-rt/lib/fuzzer/FuzzerDriver.cpp:324:6
    #14 0x46978c in fuzzer::FuzzerDriver(int*, char***, int (*)(unsigned char const*, unsigned long)) /src/llvm-project/compiler-rt/lib/fuzzer/FuzzerDriver.cpp:860:9
    #15 0x492382 in main /src/llvm-project/compiler-rt/lib/fuzzer/FuzzerMain.cpp:20:10
    #16 0x7ae7bdf56082 in __libc_start_main (/lib/x86_64-linux-gnu/libc.so.6+0x24082)

DEDUP_TOKEN: posix_memalign--av_malloc--av_buffer_alloc
SUMMARY: AddressSanitizer: heap-buffer-overflow /src/ffmpeg/libavcodec/faanidct.c:116:31 in p8idct
Shadow bytes around the buggy address:
  0x0c3a7fff80c0: 00 00 00 00 00 00 00 00 00 00 00 00 00 00 00 00
  0x0c3a7fff80d0: 00 00 00 00 00 00 00 00 00 00 00 00 00 00 00 00
  0x0c3a7fff80e0: 00 00 00 00 00 00 00 00 00 00 00 00 00 00 00 00
  0x0c3a7fff80f0: 00 00 00 00 00 00 00 00 00 00 00 00 00 00 00 00
  0x0c3a7fff8100: 00 00 00 00 00 00 00 00 00 00 00 00 00 00 00 00
=>0x0c3a7fff8110:[fa]fa fa fa fa fa fa fa fa fa fa fa fa fa fa fa
  0x0c3a7fff8120: fa fa fa fa fa fa fa fa fa fa fa fa fa fa fa fa
  0x0c3a7fff8130: fa fa fa fa fa fa fa fa fa fa fa fa fa fa fa fa
  0x0c3a7fff8140: fa fa fa fa fa fa fa fa fa fa fa fa fa fa fa fa
  0x0c3a7fff8150: fa fa fa fa fa fa fa fa fa fa fa fa fa fa fa fa
  0x0c3a7fff8160: fa fa fa fa fa fa fa fa fa fa fa fa fa fa fa fa
Shadow byte legend (one shadow byte represents 8 application bytes):
  Addressable:           00
  Partially addressable: 01 02 03 04 05 06 07 
  Heap left redzone:       fa
  Freed heap region:       fd
  Stack left redzone:      f1
  Stack mid redzone:       f2
  Stack right redzone:     f3
  Stack after return:      f5
  Stack use after scope:   f8
  Global redzone:          f9
  Global init order:       f6
  Poisoned by user:        f7
  Container overflow:      fc
  Array cookie:            ac
  Intra object redzone:    bb
  ASan internal:           fe
  Left alloca redzone:     ca
  Right alloca redzone:    cb
==7==ABORTING
