=================================================================
==13==ERROR: AddressSanitizer: heap-buffer-overflow on address 0x62700000365c at pc 0x000000571824 bp 0x7ffe6daaace0 sp 0x7ffe6daaacd8
READ of size 4 at 0x62700000365c thread T0
SCARINESS: 27 (4-byte-read-heap-buffer-overflow-far-from-bounds)
    #0 0x571823 in ff_mlp_pack_output /src/ffmpeg/libavcodec/mlpdsp.c:116:30
    #1 0x56fb3f in output_data /src/ffmpeg/libavcodec/mlpdec.c:1126:30
    #2 0x56c0c8 in read_access_unit /src/ffmpeg/libavcodec/mlpdec.c:1354:16
    #3 0x51f1ea in decode_simple_internal /src/ffmpeg/libavcodec/decode.c:307:15
    #4 0x51f1ea in decode_simple_receive_frame /src/ffmpeg/libavcodec/decode.c:563:15
    #5 0x51f1ea in decode_receive_frame_internal /src/ffmpeg/libavcodec/decode.c:584:15
    #6 0x51e7dd in avcodec_send_packet /src/ffmpeg/libavcodec/decode.c:665:15
    #7 0x50550b in LLVMFuzzerTestOneInput /src/ffmpeg/tools/target_dec_fuzzer.c:510:25
    #8 0xd9e0ea in ExecuteFilesOnyByOne /src/aflplusplus/utils/aflpp_driver/aflpp_driver.c:234:7
    #9 0xd9debc in main /src/aflplusplus/utils/aflpp_driver/aflpp_driver.c:318:12
    #10 0x70e9d4b18082 in __libc_start_main (/lib/x86_64-linux-gnu/libc.so.6+0x24082) (BuildId: 87b331c034a6458c64ce09c03939e947212e18ce)
    #11 0x442f6d in _start (/out/ffmpeg_AV_CODEC_ID_TRUEHD_fuzzer+0x442f6d)

DEDUP_TOKEN: ff_mlp_pack_output--output_data--read_access_unit
0x62700000365c is located 28 bytes to the right of 13632-byte region [0x627000000100,0x627000003640)
allocated by thread T0 here:
    #0 0x4c4ef7 in posix_memalign /src/llvm-project/compiler-rt/lib/asan/asan_malloc_linux.cpp:145:3
    #1 0xceb441 in av_malloc /src/ffmpeg/libavutil/mem.c:105:9
    #2 0xceb441 in av_mallocz /src/ffmpeg/libavutil/mem.c:266:17
    #3 0x5728eb in init_context_defaults /src/ffmpeg/libavcodec/options.c:129:24
    #4 0x5728eb in avcodec_alloc_context3 /src/ffmpeg/libavcodec/options.c:156:9
    #5 0x5029c5 in LLVMFuzzerTestOneInput /src/ffmpeg/tools/target_dec_fuzzer.c:311:27
    #6 0xd9e0ea in ExecuteFilesOnyByOne /src/aflplusplus/utils/aflpp_driver/aflpp_driver.c:234:7

DEDUP_TOKEN: posix_memalign--av_malloc--av_mallocz
SUMMARY: AddressSanitizer: heap-buffer-overflow /src/ffmpeg/libavcodec/mlpdsp.c:116:30 in ff_mlp_pack_output
Shadow bytes around the buggy address:
  0x0c4e7fff8670: 00 00 00 00 00 00 00 00 00 00 00 00 00 00 00 00
  0x0c4e7fff8680: 00 00 00 00 00 00 00 00 00 00 00 00 00 00 00 00
  0x0c4e7fff8690: 00 00 00 00 00 00 00 00 00 00 00 00 00 00 00 00
  0x0c4e7fff86a0: 00 00 00 00 00 00 00 00 00 00 00 00 00 00 00 00
  0x0c4e7fff86b0: 00 00 00 00 00 00 00 00 00 00 00 00 00 00 00 00
=>0x0c4e7fff86c0: 00 00 00 00 00 00 00 00 fa fa fa[fa]fa fa fa fa
  0x0c4e7fff86d0: fa fa fa fa fa fa fa fa fa fa fa fa fa fa fa fa
  0x0c4e7fff86e0: fa fa fa fa fa fa fa fa fa fa fa fa fa fa fa fa
  0x0c4e7fff86f0: fa fa fa fa fa fa fa fa fa fa fa fa fa fa fa fa
  0x0c4e7fff8700: fa fa fa fa fa fa fa fa fa fa fa fa fa fa fa fa
  0x0c4e7fff8710: fa fa fa fa fa fa fa fa fa fa fa fa fa fa fa fa
Shadow byte legend (one shadow byte represents 8 application bytes):
  Addressable:           00
  Partially addressable: 01 02 03 04 05 06 07
  Heap left redzone:       fa
  Freed heap region:       fd
  Stack left redzone:      f1
  Stack mid redzone:       f2
  Stack right redzone:     f3
  Stack after return:      f5
  Stack use after scope:   f8
  Global redzone:          f9
  Global init order:       f6
  Poisoned by user:        f7
  Container overflow:      fc
  Array cookie:            ac
  Intra object redzone:    bb
  ASan internal:           fe
  Left alloca redzone:     ca
  Right alloca redzone:    cb
==13==ABORTING