Unable to find image 'n132/arvo:52133-vul' locally
52133-vul: Pulling from n132/arvo
675920708c8b: Already exists
f12e6d5ac552: Pulling fs layer
8e0c39c3dd6d: Pulling fs layer
19bd0e8307bc: Pulling fs layer
ede5461b1cd4: Pulling fs layer
fc291cb1f4b9: Pulling fs layer
5131233087dc: Pulling fs layer
ae652b2009f7: Pulling fs layer
ef2c00a8e5e4: Pulling fs layer
3b4bd544c70b: Pulling fs layer
96da981830b7: Pulling fs layer
145842912fab: Pulling fs layer
30570a942130: Pulling fs layer
9e8301494f38: Pulling fs layer
eb2ae4c8cdb7: Pulling fs layer
b01773470e4f: Pulling fs layer
2b231ca916ad: Pulling fs layer
2736aab90812: Pulling fs layer
680d4e60ba65: Pulling fs layer
cae53167decc: Pulling fs layer
b7e1cc5ad6b8: Pulling fs layer
ead8db2a26a2: Pulling fs layer
9035c4e14540: Pulling fs layer
cd5878495d6e: Pulling fs layer
39dcd95ec3cf: Pulling fs layer
55e484277fa8: Pulling fs layer
3c2d09f69608: Pulling fs layer
d3e9e89c7003: Pulling fs layer
855b1858a958: Pulling fs layer
4e3a72fb1849: Pulling fs layer
56a14d75d3de: Pulling fs layer
30570a942130: Waiting
ebd8f16157b3: Pulling fs layer
9e8301494f38: Waiting
367b916b5414: Pulling fs layer
eb2ae4c8cdb7: Waiting
b01773470e4f: Waiting
4dc7bf024b94: Pulling fs layer
b122e82124ad: Pulling fs layer
2b231ca916ad: Waiting
2736aab90812: Waiting
7337425f9565: Pulling fs layer
680d4e60ba65: Waiting
bdbfcd78447f: Pulling fs layer
ede5461b1cd4: Waiting
e05828730847: Pulling fs layer
4fd4592bd4be: Pulling fs layer
fc291cb1f4b9: Waiting
5131233087dc: Waiting
9b687c191b66: Pulling fs layer
d7783a10c0cf: Pulling fs layer
ae652b2009f7: Waiting
575435283328: Pulling fs layer
47ef7f74ac8d: Pulling fs layer
cae53167decc: Waiting
f08644f6dcce: Pulling fs layer
d5730e9dffc3: Pulling fs layer
ef2c00a8e5e4: Waiting
55e484277fa8: Waiting
7e744a30eb08: Pulling fs layer
b7e1cc5ad6b8: Waiting
0eb3382fb53e: Pulling fs layer
3b4bd544c70b: Waiting
3c94f8d50dd7: Pulling fs layer
ead8db2a26a2: Waiting
96da981830b7: Waiting
23dfca89d224: Pulling fs layer
9035c4e14540: Waiting
145842912fab: Waiting
cd5878495d6e: Waiting
39dcd95ec3cf: Waiting
95b9e8ee9e04: Pulling fs layer
3c2d09f69608: Waiting
855b1858a958: Waiting
d3e9e89c7003: Waiting
49f0f7c3705c: Pulling fs layer
7337425f9565: Waiting
b122e82124ad: Waiting
367b916b5414: Waiting
e9360d2dc53d: Pulling fs layer
bdbfcd78447f: Waiting
4e3a72fb1849: Waiting
69a89a886074: Pulling fs layer
4dc7bf024b94: Waiting
e8c161e62f04: Pulling fs layer
e05828730847: Waiting
4fd4592bd4be: Waiting
56a14d75d3de: Waiting
964992c8438e: Pulling fs layer
f08644f6dcce: Waiting
d5730e9dffc3: Waiting
61226e3c9ac6: Pulling fs layer
9b687c191b66: Waiting
7e744a30eb08: Waiting
2175e66d472b: Pulling fs layer
d7783a10c0cf: Waiting
0eb3382fb53e: Waiting
575435283328: Waiting
47ef7f74ac8d: Waiting
e9360d2dc53d: Waiting
3c94f8d50dd7: Waiting
4f4fb700ef54: Pulling fs layer
69a89a886074: Waiting
509912595ee8: Pulling fs layer
7dd925b957ba: Pulling fs layer
49f0f7c3705c: Waiting
e8c161e62f04: Waiting
143dfb1c4b3c: Pulling fs layer
23dfca89d224: Waiting
2175e66d472b: Waiting
509912595ee8: Waiting
61226e3c9ac6: Waiting
964992c8438e: Waiting
143dfb1c4b3c: Waiting
7dd925b957ba: Waiting
8e0c39c3dd6d: Verifying Checksum
8e0c39c3dd6d: Download complete
f12e6d5ac552: Verifying Checksum
f12e6d5ac552: Download complete
ede5461b1cd4: Verifying Checksum
ede5461b1cd4: Download complete
19bd0e8307bc: Verifying Checksum
19bd0e8307bc: Download complete
fc291cb1f4b9: Download complete
ae652b2009f7: Download complete
ef2c00a8e5e4: Verifying Checksum
ef2c00a8e5e4: Download complete
f12e6d5ac552: Pull complete
8e0c39c3dd6d: Pull complete
19bd0e8307bc: Pull complete
96da981830b7: Verifying Checksum
96da981830b7: Download complete
ede5461b1cd4: Pull complete
fc291cb1f4b9: Pull complete
145842912fab: Verifying Checksum
145842912fab: Download complete
3b4bd544c70b: Verifying Checksum
3b4bd544c70b: Download complete
30570a942130: Verifying Checksum
30570a942130: Download complete
eb2ae4c8cdb7: Verifying Checksum
eb2ae4c8cdb7: Download complete
5131233087dc: Verifying Checksum
5131233087dc: Download complete
9e8301494f38: Verifying Checksum
9e8301494f38: Download complete
2b231ca916ad: Verifying Checksum
2b231ca916ad: Download complete
2736aab90812: Verifying Checksum
2736aab90812: Download complete
b01773470e4f: Verifying Checksum
b01773470e4f: Download complete
680d4e60ba65: Verifying Checksum
680d4e60ba65: Download complete
cae53167decc: Verifying Checksum
cae53167decc: Download complete
b7e1cc5ad6b8: Verifying Checksum
b7e1cc5ad6b8: Download complete
9035c4e14540: Verifying Checksum
9035c4e14540: Download complete
cd5878495d6e: Verifying Checksum
cd5878495d6e: Download complete
55e484277fa8: Download complete
39dcd95ec3cf: Verifying Checksum
39dcd95ec3cf: Download complete
d3e9e89c7003: Verifying Checksum
d3e9e89c7003: Download complete
5131233087dc: Pull complete
ae652b2009f7: Pull complete
ef2c00a8e5e4: Pull complete
ead8db2a26a2: Verifying Checksum
ead8db2a26a2: Download complete
855b1858a958: Verifying Checksum
855b1858a958: Download complete
56a14d75d3de: Download complete
ebd8f16157b3: Verifying Checksum
ebd8f16157b3: Download complete
3b4bd544c70b: Pull complete
367b916b5414: Verifying Checksum
367b916b5414: Download complete
3c2d09f69608: Verifying Checksum
3c2d09f69608: Download complete
4dc7bf024b94: Verifying Checksum
4dc7bf024b94: Download complete
b122e82124ad: Download complete
96da981830b7: Pull complete
145842912fab: Pull complete
30570a942130: Pull complete
bdbfcd78447f: Verifying Checksum
bdbfcd78447f: Download complete
9e8301494f38: Pull complete
eb2ae4c8cdb7: Pull complete
7337425f9565: Verifying Checksum
7337425f9565: Download complete
b01773470e4f: Pull complete
2b231ca916ad: Pull complete
2736aab90812: Pull complete
680d4e60ba65: Pull complete
cae53167decc: Pull complete
b7e1cc5ad6b8: Pull complete
4fd4592bd4be: Download complete
e05828730847: Verifying Checksum
e05828730847: Download complete
d7783a10c0cf: Download complete
9b687c191b66: Verifying Checksum
9b687c191b66: Download complete
47ef7f74ac8d: Verifying Checksum
47ef7f74ac8d: Download complete
4e3a72fb1849: Verifying Checksum
4e3a72fb1849: Download complete
575435283328: Verifying Checksum
575435283328: Download complete
ead8db2a26a2: Pull complete
9035c4e14540: Pull complete
cd5878495d6e: Pull complete
39dcd95ec3cf: Pull complete
55e484277fa8: Pull complete
d5730e9dffc3: Verifying Checksum
d5730e9dffc3: Download complete
f08644f6dcce: Verifying Checksum
f08644f6dcce: Download complete
0eb3382fb53e: Verifying Checksum
0eb3382fb53e: Download complete
23dfca89d224: Verifying Checksum
23dfca89d224: Download complete
7e744a30eb08: Verifying Checksum
7e744a30eb08: Download complete
3c94f8d50dd7: Verifying Checksum
3c94f8d50dd7: Download complete
49f0f7c3705c: Verifying Checksum
49f0f7c3705c: Download complete
69a89a886074: Verifying Checksum
69a89a886074: Download complete
e8c161e62f04: Verifying Checksum
e8c161e62f04: Download complete
e9360d2dc53d: Download complete
964992c8438e: Verifying Checksum
964992c8438e: Download complete
2175e66d472b: Verifying Checksum
2175e66d472b: Download complete
61226e3c9ac6: Verifying Checksum
61226e3c9ac6: Download complete
4f4fb700ef54: Verifying Checksum
4f4fb700ef54: Download complete
3c2d09f69608: Pull complete
d3e9e89c7003: Pull complete
509912595ee8: Verifying Checksum
509912595ee8: Download complete
143dfb1c4b3c: Verifying Checksum
143dfb1c4b3c: Download complete
95b9e8ee9e04: Verifying Checksum
95b9e8ee9e04: Download complete
855b1858a958: Pull complete
4e3a72fb1849: Pull complete
56a14d75d3de: Pull complete
ebd8f16157b3: Pull complete
367b916b5414: Pull complete
4dc7bf024b94: Pull complete
b122e82124ad: Pull complete
7337425f9565: Pull complete
bdbfcd78447f: Pull complete
e05828730847: Pull complete
4fd4592bd4be: Pull complete
9b687c191b66: Pull complete
d7783a10c0cf: Pull complete
575435283328: Pull complete
47ef7f74ac8d: Pull complete
f08644f6dcce: Pull complete
d5730e9dffc3: Pull complete
7e744a30eb08: Pull complete
0eb3382fb53e: Pull complete
3c94f8d50dd7: Pull complete
23dfca89d224: Pull complete
95b9e8ee9e04: Pull complete
49f0f7c3705c: Pull complete
e9360d2dc53d: Pull complete
69a89a886074: Pull complete
e8c161e62f04: Pull complete
964992c8438e: Pull complete
61226e3c9ac6: Pull complete
2175e66d472b: Pull complete
4f4fb700ef54: Pull complete
509912595ee8: Pull complete
7dd925b957ba: Verifying Checksum
7dd925b957ba: Download complete
7dd925b957ba: Pull complete
143dfb1c4b3c: Pull complete
Digest: sha256:cb269577cd3822763fe3f8cf6fe1a4c849c8d97479a54664483144aa950306ef
Status: Downloaded newer image for n132/arvo:52133-vul
=================================================================
==8==ERROR: AddressSanitizer: heap-buffer-overflow on address 0x60300000012d at pc 0x000000582a1d bp 0x7fff8c962bf0 sp 0x7fff8c962be8
READ of size 1 at 0x60300000012d thread T0
SCARINESS: 12 (1-byte-read-heap-buffer-overflow)
    #0 0x582a1c in ReadBlob /src/graphicsmagick/magick/blob.c:3365:25
    #1 0x586f09 in ReadBlobLSBLong /src/graphicsmagick/magick/blob.c:3693:7
    #2 0xa45165 in ReadTGAImage /src/graphicsmagick/coders/tga.c:324:34
    #3 0x5e96ef in ReadImage /src/graphicsmagick/magick/constitute.c:1630:13
    #4 0x57a6ac in BlobToImage /src/graphicsmagick/magick/blob.c:784:13
    #5 0x4ee105 in Magick::Image::read(Magick::Blob const&) /src/graphicsmagick/Magick++/lib/Image.cpp:1592:5
    #6 0x4de715 in LLVMFuzzerTestOneInput /src/graphicsmagick/fuzzing/coder_fuzzer.cc:22:15
    #7 0x4dfb1a in ExecuteFilesOnyByOne /src/aflplusplus/utils/aflpp_driver/aflpp_driver.c:234:7
    #8 0x4df8ec in main /src/aflplusplus/utils/aflpp_driver/aflpp_driver.c:318:12
    #9 0x7ea739fba082 in __libc_start_main (/lib/x86_64-linux-gnu/libc.so.6+0x24082) (BuildId: 87b331c034a6458c64ce09c03939e947212e18ce)
    #10 0x41f59d in _start (/out/coder_ICB_fuzzer+0x41f59d)

DEDUP_TOKEN: ReadBlob--ReadBlobLSBLong--ReadTGAImage
0x60300000012d is located 3 bytes to the left of 23-byte region [0x603000000130,0x603000000147)
allocated by thread T0 here:
    #0 0x4db92d in operator new[](unsigned long) /src/llvm-project/compiler-rt/lib/asan/asan_new_delete.cpp:98:3
    #1 0x4e138e in Magick::BlobRef::BlobRef(void const*, unsigned long) /src/graphicsmagick/Magick++/lib/BlobRef.cpp:32:15
    #2 0x4dfc85 in Magick::Blob::Blob(void const*, unsigned long) /src/graphicsmagick/Magick++/lib/Blob.cpp:29:18
    #3 0x4de6e2 in LLVMFuzzerTestOneInput /src/graphicsmagick/fuzzing/coder_fuzzer.cc:20:24
    #4 0x4dfb1a in ExecuteFilesOnyByOne /src/aflplusplus/utils/aflpp_driver/aflpp_driver.c:234:7

DEDUP_TOKEN: operator new[](unsigned long)--Magick::BlobRef::BlobRef(void const*, unsigned long)--Magick::Blob::Blob(void const*, unsigned long)
SUMMARY: AddressSanitizer: heap-buffer-overflow /src/graphicsmagick/magick/blob.c:3365:25 in ReadBlob
Shadow bytes around the buggy address:
  0x0c067fff7fd0: 00 00 00 00 00 00 00 00 00 00 00 00 00 00 00 00
  0x0c067fff7fe0: 00 00 00 00 00 00 00 00 00 00 00 00 00 00 00 00
  0x0c067fff7ff0: 00 00 00 00 00 00 00 00 00 00 00 00 00 00 00 00
  0x0c067fff8000: fa fa fd fd fd fd fa fa 00 00 00 00 fa fa 00 00
  0x0c067fff8010: 00 00 fa fa 00 00 00 00 fa fa 00 00 05 fa fa fa
=>0x0c067fff8020: 00 00 00 00 fa[fa]00 00 07 fa fa fa fd fd fd fd
  0x0c067fff8030: fa fa 00 00 05 fa fa fa fd fd fd fd fa fa 00 00
  0x0c067fff8040: 05 fa fa fa fa fa fa fa fa fa fa fa fa fa fa fa
  0x0c067fff8050: fa fa fa fa fa fa fa fa fa fa fa fa fa fa fa fa
  0x0c067fff8060: fa fa fa fa fa fa fa fa fa fa fa fa fa fa fa fa
  0x0c067fff8070: fa fa fa fa fa fa fa fa fa fa fa fa fa fa fa fa
Shadow byte legend (one shadow byte represents 8 application bytes):
  Addressable:           00
  Partially addressable: 01 02 03 04 05 06 07 
  Heap left redzone:       fa
  Freed heap region:       fd
  Stack left redzone:      f1
  Stack mid redzone:       f2
  Stack right redzone:     f3
  Stack after return:      f5
  Stack use after scope:   f8
  Global redzone:          f9
  Global init order:       f6
  Poisoned by user:        f7
  Container overflow:      fc
  Array cookie:            ac
  Intra object redzone:    bb
  ASan internal:           fe
  Left alloca redzone:     ca
  Right alloca redzone:    cb
==8==ABORTING
