INFO: Running with entropic power schedule (0xFF, 100).
INFO: Seed: 384923335
INFO: Loaded 1 modules   (21783 inline 8-bit counters): 21783 [0x938cf0, 0x93e207),
INFO: Loaded 1 PC tables (21783 PCs): 21783 [0x818f20,0x86e090),
/out/libraw_cr2_fuzzer: Running 1 inputs 1 time(s) each.
Running: /tmp/poc
unknown file: data corrupted at 38414
=================================================================
==13==ERROR: AddressSanitizer: heap-buffer-overflow on address 0x62d000009e00 at pc 0x00000052e912 bp 0x7ffd63310950 sp 0x7ffd63310120
WRITE of size 6 at 0x62d000009e00 thread T0
SCARINESS: 39 (6-byte-write-heap-buffer-overflow)
    #0 0x52e911 in __asan_memmove /src/llvm-project/compiler-rt/lib/asan/asan_interceptors_memintrinsics.cpp:30:3
    #1 0x5b2d5e in LibRaw_buffer_datastream::read(void*, unsigned long, unsigned long) /src/libraw/src/libraw_datastream.cpp:372:3
    #2 0x59fc8b in LibRaw::read_shorts(unsigned short*, unsigned int) /src/libraw/src/utils/read_utils.cpp:172:17
    #3 0x659ae2 in LibRaw::kodak_thumb_load_raw() /src/libraw/src/decoders/kodak_decoders.cpp:518:7
    #4 0x5a0324 in LibRaw::kodak_thumb_loader() /src/libraw/src/utils/thumb_utils.cpp:68:9
    #5 0x56f5d5 in LibRaw::unpack_thumb() /src/libraw/src/decoders/unpack_thumb.cpp:98:7
    #6 0x56dc8e in LLVMFuzzerTestOneInput /src/libraw_fuzzer.cc:72:20
    #7 0x43df33 in fuzzer::Fuzzer::ExecuteCallback(unsigned char const*, unsigned long) /src/llvm-project/compiler-rt/lib/fuzzer/FuzzerLoop.cpp:611:15
    #8 0x429692 in fuzzer::RunOneTest(fuzzer::Fuzzer*, char const*, unsigned long) /src/llvm-project/compiler-rt/lib/fuzzer/FuzzerDriver.cpp:324:6
    #9 0x42ef3c in fuzzer::FuzzerDriver(int*, char***, int (*)(unsigned char const*, unsigned long)) /src/llvm-project/compiler-rt/lib/fuzzer/FuzzerDriver.cpp:860:9
    #10 0x458472 in main /src/llvm-project/compiler-rt/lib/fuzzer/FuzzerMain.cpp:20:10
    #11 0x74f861fed082 in __libc_start_main (/lib/x86_64-linux-gnu/libc.so.6+0x24082) (BuildId: 87b331c034a6458c64ce09c03939e947212e18ce)
    #12 0x41f85d in _start (/out/libraw_cr2_fuzzer+0x41f85d)

DEDUP_TOKEN: __asan_memmove--LibRaw_buffer_datastream::read(void*, unsigned long, unsigned long)--LibRaw::read_shorts(unsigned short*, unsigned int)
0x62d000009e00 is located 0 bytes to the right of 39424-byte region [0x62d000000400,0x62d000009e00)
allocated by thread T0 here:
    #0 0x52f29e in __interceptor_calloc /src/llvm-project/compiler-rt/lib/asan/asan_malloc_linux.cpp:77:3
    #1 0x5a8e1b in calloc /src/libraw/./libraw/libraw_alloc.h:56:17
    #2 0x5a8e1b in LibRaw::calloc(unsigned long, unsigned long) /src/libraw/src/utils/utils_libraw.cpp:271:20
    #3 0x5a0204 in LibRaw::kodak_thumb_loader() /src/libraw/src/utils/thumb_utils.cpp:57:21
    #4 0x56f5d5 in LibRaw::unpack_thumb() /src/libraw/src/decoders/unpack_thumb.cpp:98:7
    #5 0x56dc8e in LLVMFuzzerTestOneInput /src/libraw_fuzzer.cc:72:20
    #6 0x43df33 in fuzzer::Fuzzer::ExecuteCallback(unsigned char const*, unsigned long) /src/llvm-project/compiler-rt/lib/fuzzer/FuzzerLoop.cpp:611:15
    #7 0x429692 in fuzzer::RunOneTest(fuzzer::Fuzzer*, char const*, unsigned long) /src/llvm-project/compiler-rt/lib/fuzzer/FuzzerDriver.cpp:324:6
    #8 0x42ef3c in fuzzer::FuzzerDriver(int*, char***, int (*)(unsigned char const*, unsigned long)) /src/llvm-project/compiler-rt/lib/fuzzer/FuzzerDriver.cpp:860:9
    #9 0x458472 in main /src/llvm-project/compiler-rt/lib/fuzzer/FuzzerMain.cpp:20:10
    #10 0x74f861fed082 in __libc_start_main (/lib/x86_64-linux-gnu/libc.so.6+0x24082) (BuildId: 87b331c034a6458c64ce09c03939e947212e18ce)

DEDUP_TOKEN: __interceptor_calloc--calloc--LibRaw::calloc(unsigned long, unsigned long)
SUMMARY: AddressSanitizer: heap-buffer-overflow /src/llvm-project/compiler-rt/lib/asan/asan_interceptors_memintrinsics.cpp:30:3 in __asan_memmove
Shadow bytes around the buggy address:
  0x0c5a7fff9370: 00 00 00 00 00 00 00 00 00 00 00 00 00 00 00 00
  0x0c5a7fff9380: 00 00 00 00 00 00 00 00 00 00 00 00 00 00 00 00
  0x0c5a7fff9390: 00 00 00 00 00 00 00 00 00 00 00 00 00 00 00 00
  0x0c5a7fff93a0: 00 00 00 00 00 00 00 00 00 00 00 00 00 00 00 00
  0x0c5a7fff93b0: 00 00 00 00 00 00 00 00 00 00 00 00 00 00 00 00
=>0x0c5a7fff93c0:[fa]fa fa fa fa fa fa fa fa fa fa fa fa fa fa fa
  0x0c5a7fff93d0: fa fa fa fa fa fa fa fa fa fa fa fa fa fa fa fa
  0x0c5a7fff93e0: fa fa fa fa fa fa fa fa fa fa fa fa fa fa fa fa
  0x0c5a7fff93f0: fa fa fa fa fa fa fa fa fa fa fa fa fa fa fa fa
  0x0c5a7fff9400: fa fa fa fa fa fa fa fa fa fa fa fa fa fa fa fa
  0x0c5a7fff9410: fa fa fa fa fa fa fa fa fa fa fa fa fa fa fa fa
Shadow byte legend (one shadow byte represents 8 application bytes):
  Addressable:           00
  Partially addressable: 01 02 03 04 05 06 07
  Heap left redzone:       fa
  Freed heap region:       fd
  Stack left redzone:      f1
  Stack mid redzone:       f2
  Stack right redzone:     f3
  Stack after return:      f5
  Stack use after scope:   f8
  Global redzone:          f9
  Global init order:       f6
  Poisoned by user:        f7
  Container overflow:      fc
  Array cookie:            ac
  Intra object redzone:    bb
  ASan internal:           fe
  Left alloca redzone:     ca
  Right alloca redzone:    cb
==13==ABORTING