Unable to find image 'n132/arvo:52588-vul' locally
52588-vul: Pulling from n132/arvo
4d32b49e2995: Already exists
0372169c5ac9: Already exists
73292b01e9e9: Already exists
fefb8adb747a: Pulling fs layer
123384011ade: Pulling fs layer
83444ef99d4f: Pulling fs layer
fef2f2205eef: Pulling fs layer
cf46b04c0b53: Pulling fs layer
71e82bc675f2: Pulling fs layer
98f7293828c8: Pulling fs layer
3a9a5b9889c6: Pulling fs layer
e750c7c89ba9: Pulling fs layer
799bdcdc510f: Pulling fs layer
a357eb7086b4: Pulling fs layer
c3780f0d3345: Pulling fs layer
fef2f2205eef: Waiting
c4ea1066d7b6: Pulling fs layer
cf46b04c0b53: Waiting
5faa531a7ac5: Pulling fs layer
d72dd135bc2f: Pulling fs layer
ad6acaf4f884: Pulling fs layer
c42bf1879f69: Pulling fs layer
71e82bc675f2: Waiting
a24973b7041b: Pulling fs layer
98f7293828c8: Waiting
411b8103c7c3: Pulling fs layer
3a2d0d753c00: Pulling fs layer
3a9a5b9889c6: Waiting
e750c7c89ba9: Waiting
89ef4a85a599: Pulling fs layer
1e00d67b8e88: Pulling fs layer
9381839bce37: Pulling fs layer
7d779d6127e0: Pulling fs layer
4f4fb700ef54: Pulling fs layer
946d664c8a5b: Pulling fs layer
91aebb032465: Pulling fs layer
799bdcdc510f: Waiting
8e72d832a788: Pulling fs layer
a24973b7041b: Waiting
070094e5ea49: Pulling fs layer
d72dd135bc2f: Waiting
aaeb703d55a3: Pulling fs layer
411b8103c7c3: Waiting
ce09997619a3: Pulling fs layer
a357eb7086b4: Waiting
ad6acaf4f884: Waiting
3a2d0d753c00: Waiting
89ef4a85a599: Waiting
9381839bce37: Waiting
1e00d67b8e88: Waiting
c3780f0d3345: Waiting
7d779d6127e0: Waiting
c42bf1879f69: Waiting
4f4fb700ef54: Waiting
c4ea1066d7b6: Waiting
5faa531a7ac5: Waiting
946d664c8a5b: Waiting
070094e5ea49: Waiting
ce09997619a3: Waiting
aaeb703d55a3: Waiting
91aebb032465: Waiting
8e72d832a788: Waiting
83444ef99d4f: Verifying Checksum
83444ef99d4f: Download complete
123384011ade: Verifying Checksum
123384011ade: Download complete
fefb8adb747a: Verifying Checksum
fefb8adb747a: Download complete
cf46b04c0b53: Verifying Checksum
cf46b04c0b53: Download complete
fefb8adb747a: Pull complete
123384011ade: Pull complete
83444ef99d4f: Pull complete
98f7293828c8: Verifying Checksum
98f7293828c8: Download complete
fef2f2205eef: Verifying Checksum
fef2f2205eef: Download complete
3a9a5b9889c6: Download complete
e750c7c89ba9: Verifying Checksum
e750c7c89ba9: Download complete
71e82bc675f2: Verifying Checksum
71e82bc675f2: Download complete
c3780f0d3345: Verifying Checksum
c3780f0d3345: Download complete
a357eb7086b4: Verifying Checksum
a357eb7086b4: Download complete
799bdcdc510f: Verifying Checksum
799bdcdc510f: Download complete
c4ea1066d7b6: Verifying Checksum
c4ea1066d7b6: Download complete
5faa531a7ac5: Download complete
ad6acaf4f884: Download complete
c42bf1879f69: Verifying Checksum
c42bf1879f69: Download complete
d72dd135bc2f: Verifying Checksum
d72dd135bc2f: Download complete
a24973b7041b: Verifying Checksum
a24973b7041b: Download complete
89ef4a85a599: Verifying Checksum
89ef4a85a599: Download complete
1e00d67b8e88: Download complete
411b8103c7c3: Verifying Checksum
411b8103c7c3: Download complete
7d779d6127e0: Verifying Checksum
7d779d6127e0: Download complete
fef2f2205eef: Pull complete
cf46b04c0b53: Pull complete
9381839bce37: Verifying Checksum
9381839bce37: Download complete
4f4fb700ef54: Download complete
91aebb032465: Verifying Checksum
91aebb032465: Download complete
946d664c8a5b: Verifying Checksum
946d664c8a5b: Download complete
8e72d832a788: Verifying Checksum
8e72d832a788: Download complete
070094e5ea49: Verifying Checksum
070094e5ea49: Download complete
ce09997619a3: Verifying Checksum
ce09997619a3: Download complete
aaeb703d55a3: Download complete
71e82bc675f2: Pull complete
3a2d0d753c00: Verifying Checksum
3a2d0d753c00: Download complete
98f7293828c8: Pull complete
3a9a5b9889c6: Pull complete
e750c7c89ba9: Pull complete
799bdcdc510f: Pull complete
a357eb7086b4: Pull complete
c3780f0d3345: Pull complete
c4ea1066d7b6: Pull complete
5faa531a7ac5: Pull complete
d72dd135bc2f: Pull complete
ad6acaf4f884: Pull complete
c42bf1879f69: Pull complete
a24973b7041b: Pull complete
411b8103c7c3: Pull complete
3a2d0d753c00: Pull complete
89ef4a85a599: Pull complete
1e00d67b8e88: Pull complete
9381839bce37: Pull complete
7d779d6127e0: Pull complete
4f4fb700ef54: Pull complete
946d664c8a5b: Pull complete
91aebb032465: Pull complete
8e72d832a788: Pull complete
070094e5ea49: Pull complete
aaeb703d55a3: Pull complete
ce09997619a3: Pull complete
Digest: sha256:6bfd57300e5ba85071cad0623d223ed004641cf85b07cd3603b040a2a58c38bc
Status: Downloaded newer image for n132/arvo:52588-vul
=================================================================
==7==ERROR: AddressSanitizer: heap-buffer-overflow on address 0x62900000440c at pc 0x0000004e55ce bp 0x7fffa2f8aec0 sp 0x7fffa2f8aeb8
READ of size 4 at 0x62900000440c thread T0
SCARINESS: 17 (4-byte-read-heap-buffer-overflow)
    #0 0x4e55cd in LibRaw::hat_transform(float*, float*, int, int, int) /src/libraw/src/postprocessing/postprocessing_aux.cpp:25:56
    #1 0x4e61c1 in LibRaw::wavelet_denoise() /src/libraw/src/postprocessing/postprocessing_aux.cpp:68:9
    #2 0x4f2f41 in LibRaw::scale_colors() /src/libraw/src/postprocessing/postprocessing_utils_dcrdefs.cpp:195:5
    #3 0x4e3077 in LibRaw::dcraw_process() /src/libraw/src/postprocessing/dcraw_process.cpp:114:7
    #4 0x4d884a in LLVMFuzzerTestOneInput /src/libraw_fuzzer.cc:75:22
    #5 0x4deb75 in ExecuteFilesOnyByOne /src/aflplusplus/utils/aflpp_driver/aflpp_driver.c:191:7
    #6 0x4de9e5 in main /src/aflplusplus/utils/aflpp_driver/aflpp_driver.c
    #7 0x76669810f082 in __libc_start_main (/lib/x86_64-linux-gnu/libc.so.6+0x24082)
    #8 0x41e6fd in _start (/out/libraw_fuzzer+0x41e6fd)

DEDUP_TOKEN: LibRaw::hat_transform(float*, float*, int, int, int)--LibRaw::wavelet_denoise()--LibRaw::scale_colors()
0x62900000440c is located 0 bytes to the right of 16908-byte region [0x629000000200,0x62900000440c)
allocated by thread T0 here:
    #0 0x49ed0d in __interceptor_malloc /src/llvm-project/compiler-rt/lib/asan/asan_malloc_linux.cpp:129:3
    #1 0x529489 in libraw_memmgr::malloc(unsigned long) /src/libraw/./libraw/libraw_alloc.h:49:17
    #2 0x524041 in LibRaw::malloc(unsigned long) /src/libraw/src/utils/utils_libraw.cpp:251:20
    #3 0x4e58f0 in LibRaw::wavelet_denoise() /src/libraw/src/postprocessing/postprocessing_aux.cpp:48:21
    #4 0x4f2f41 in LibRaw::scale_colors() /src/libraw/src/postprocessing/postprocessing_utils_dcrdefs.cpp:195:5
    #5 0x4e3077 in LibRaw::dcraw_process() /src/libraw/src/postprocessing/dcraw_process.cpp:114:7
    #6 0x4d884a in LLVMFuzzerTestOneInput /src/libraw_fuzzer.cc:75:22
    #7 0x4deb75 in ExecuteFilesOnyByOne /src/aflplusplus/utils/aflpp_driver/aflpp_driver.c:191:7

DEDUP_TOKEN: __interceptor_malloc--libraw_memmgr::malloc(unsigned long)--LibRaw::malloc(unsigned long)
SUMMARY: AddressSanitizer: heap-buffer-overflow /src/libraw/src/postprocessing/postprocessing_aux.cpp:25:56 in LibRaw::hat_transform(float*, float*, int, int, int)
Shadow bytes around the buggy address:
  0x0c527fff8830: 00 00 00 00 00 00 00 00 00 00 00 00 00 00 00 00
  0x0c527fff8840: 00 00 00 00 00 00 00 00 00 00 00 00 00 00 00 00
  0x0c527fff8850: 00 00 00 00 00 00 00 00 00 00 00 00 00 00 00 00
  0x0c527fff8860: 00 00 00 00 00 00 00 00 00 00 00 00 00 00 00 00
  0x0c527fff8870: 00 00 00 00 00 00 00 00 00 00 00 00 00 00 00 00
=>0x0c527fff8880: 00[04]fa fa fa fa fa fa fa fa fa fa fa fa fa fa
  0x0c527fff8890: fa fa fa fa fa fa fa fa fa fa fa fa fa fa fa fa
  0x0c527fff88a0: fa fa fa fa fa fa fa fa fa fa fa fa fa fa fa fa
  0x0c527fff88b0: fa fa fa fa fa fa fa fa fa fa fa fa fa fa fa fa
  0x0c527fff88c0: fa fa fa fa fa fa fa fa fa fa fa fa fa fa fa fa
  0x0c527fff88d0: fa fa fa fa fa fa fa fa fa fa fa fa fa fa fa fa
Shadow byte legend (one shadow byte represents 8 application bytes):
  Addressable:           00
  Partially addressable: 01 02 03 04 05 06 07 
  Heap left redzone:       fa
  Freed heap region:       fd
  Stack left redzone:      f1
  Stack mid redzone:       f2
  Stack right redzone:     f3
  Stack after return:      f5
  Stack use after scope:   f8
  Global redzone:          f9
  Global init order:       f6
  Poisoned by user:        f7
  Container overflow:      fc
  Array cookie:            ac
  Intra object redzone:    bb
  ASan internal:           fe
  Left alloca redzone:     ca
  Right alloca redzone:    cb
==7==ABORTING
