=================================================================
==13==ERROR: AddressSanitizer: heap-buffer-overflow on address 0x63300001b780 at pc 0x000000618e99 bp 0x7ffc8a812cd0 sp 0x7ffc8a812cc8
WRITE of size 2 at 0x63300001b780 thread T0
SCARINESS: 33 (2-byte-write-heap-buffer-overflow)
    #0 0x618e98 in LibRaw::kodak_rgb_load_raw() /src/libraw/src/decoders/kodak_decoders.cpp:503:23
    #1 0x52a2b0 in LibRaw::kodak_thumb_loader() /src/libraw/src/utils/thumb_utils.cpp:66:9
    #2 0x4e4b4a in LibRaw::unpack_thumb() /src/libraw/src/decoders/unpack_thumb.cpp:98:7
    #3 0x4e1204 in LLVMFuzzerTestOneInput /src/libraw_fuzzer.cc:72:20
    #4 0x4e458a in ExecuteFilesOnyByOne /src/aflplusplus/utils/aflpp_driver/aflpp_driver.c:234:7
    #5 0x4e435c in main /src/aflplusplus/utils/aflpp_driver/aflpp_driver.c:318:12
    #6 0x78d3b04d0082 in __libc_start_main (/lib/x86_64-linux-gnu/libc.so.6+0x24082) (BuildId: 87b331c034a6458c64ce09c03939e947212e18ce)
    #7 0x41e62d in _start (/out/libraw_nef_fuzzer+0x41e62d)

DEDUP_TOKEN: LibRaw::kodak_rgb_load_raw()--LibRaw::kodak_thumb_loader()--LibRaw::unpack_thumb()
0x63300001b780 is located 0 bytes to the right of 110464-byte region [0x633000000800,0x63300001b780)
allocated by thread T0 here:
    #0 0x49fc3e in __interceptor_calloc /src/llvm-project/compiler-rt/lib/asan/asan_malloc_linux.cpp:77:3
    #1 0x538c40 in libraw_memmgr::calloc(unsigned long, unsigned long) /src/libraw/./libraw/libraw_alloc.h:56:17
    #2 0x538c40 in LibRaw::calloc(unsigned long, unsigned long) /src/libraw/src/utils/utils_libraw.cpp:271:20
    #3 0x52a18f in LibRaw::kodak_thumb_loader() /src/libraw/src/utils/thumb_utils.cpp:57:21
    #4 0x4e4b4a in LibRaw::unpack_thumb() /src/libraw/src/decoders/unpack_thumb.cpp:98:7
    #5 0x4e1204 in LLVMFuzzerTestOneInput /src/libraw_fuzzer.cc:72:20
    #6 0x4e458a in ExecuteFilesOnyByOne /src/aflplusplus/utils/aflpp_driver/aflpp_driver.c:234:7

DEDUP_TOKEN: __interceptor_calloc--libraw_memmgr::calloc(unsigned long, unsigned long)--LibRaw::calloc(unsigned long, unsigned long)
SUMMARY: AddressSanitizer: heap-buffer-overflow /src/libraw/src/decoders/kodak_decoders.cpp:503:23 in LibRaw::kodak_rgb_load_raw()
Shadow bytes around the buggy address:
  0x0c667fffb6a0: 00 00 00 00 00 00 00 00 00 00 00 00 00 00 00 00
  0x0c667fffb6b0: 00 00 00 00 00 00 00 00 00 00 00 00 00 00 00 00
  0x0c667fffb6c0: 00 00 00 00 00 00 00 00 00 00 00 00 00 00 00 00
  0x0c667fffb6d0: 00 00 00 00 00 00 00 00 00 00 00 00 00 00 00 00
  0x0c667fffb6e0: 00 00 00 00 00 00 00 00 00 00 00 00 00 00 00 00
=>0x0c667fffb6f0:[fa]fa fa fa fa fa fa fa fa fa fa fa fa fa fa fa
  0x0c667fffb700: fa fa fa fa fa fa fa fa fa fa fa fa fa fa fa fa
  0x0c667fffb710: fa fa fa fa fa fa fa fa fa fa fa fa fa fa fa fa
  0x0c667fffb720: fa fa fa fa fa fa fa fa fa fa fa fa fa fa fa fa
  0x0c667fffb730: fa fa fa fa fa fa fa fa fa fa fa fa fa fa fa fa
  0x0c667fffb740: fa fa fa fa fa fa fa fa fa fa fa fa fa fa fa fa
Shadow byte legend (one shadow byte represents 8 application bytes):
  Addressable:           00
  Partially addressable: 01 02 03 04 05 06 07
  Heap left redzone:       fa
  Freed heap region:       fd
  Stack left redzone:      f1
  Stack mid redzone:       f2
  Stack right redzone:     f3
  Stack after return:      f5
  Stack use after scope:   f8
  Global redzone:          f9
  Global init order:       f6
  Poisoned by user:        f7
  Container overflow:      fc
  Array cookie:            ac
  Intra object redzone:    bb
  ASan internal:           fe
  Left alloca redzone:     ca
  Right alloca redzone:    cb
==13==ABORTING