Unable to find image 'n132/arvo:53158-vul' locally
53158-vul: Pulling from n132/arvo
d7bfe07ed847: Already exists
95088a006ac2: Pulling fs layer
923ecc5ed2f2: Pulling fs layer
e9c3d943e704: Pulling fs layer
8dfbf0a75ed0: Pulling fs layer
be04fd845787: Pulling fs layer
9876b7ea398b: Pulling fs layer
bdb2c8167e7e: Pulling fs layer
53c4bc05a52c: Pulling fs layer
e54cafd33672: Pulling fs layer
9e5aa43077e5: Pulling fs layer
5f8396d68966: Pulling fs layer
e3c1691191fc: Pulling fs layer
18bc567ba5fb: Pulling fs layer
baa45a975476: Pulling fs layer
e0ace36b713a: Pulling fs layer
0fd23064151c: Pulling fs layer
02578ab1065c: Pulling fs layer
8e9e64e94608: Pulling fs layer
fbc865ba1d4e: Pulling fs layer
548d7141138a: Pulling fs layer
e39bca31ffe6: Pulling fs layer
a799c77ef639: Pulling fs layer
6bc3ecc96259: Pulling fs layer
73a073c5dabe: Pulling fs layer
5c5ccc01fcc2: Pulling fs layer
af208d5a627b: Pulling fs layer
4f4fb700ef54: Pulling fs layer
daa845e628fd: Pulling fs layer
ec34c38f0f7e: Pulling fs layer
ffdf8d9d516c: Pulling fs layer
e54cafd33672: Waiting
61bb548a6b32: Pulling fs layer
9e5aa43077e5: Waiting
7fbb5d6a0ad0: Pulling fs layer
5f8396d68966: Waiting
e3c1691191fc: Waiting
d128e798abc7: Pulling fs layer
9876b7ea398b: Waiting
18bc567ba5fb: Waiting
baa45a975476: Waiting
5c5ccc01fcc2: Waiting
bdb2c8167e7e: Waiting
af208d5a627b: Waiting
53c4bc05a52c: Waiting
4f4fb700ef54: Waiting
daa845e628fd: Waiting
e0ace36b713a: Waiting
7fbb5d6a0ad0: Waiting
ec34c38f0f7e: Waiting
d128e798abc7: Waiting
ffdf8d9d516c: Waiting
fbc865ba1d4e: Waiting
0fd23064151c: Waiting
8dfbf0a75ed0: Waiting
a799c77ef639: Waiting
02578ab1065c: Waiting
6bc3ecc96259: Waiting
548d7141138a: Waiting
73a073c5dabe: Waiting
e39bca31ffe6: Waiting
61bb548a6b32: Waiting
8e9e64e94608: Waiting
be04fd845787: Waiting
923ecc5ed2f2: Verifying Checksum
923ecc5ed2f2: Download complete
95088a006ac2: Verifying Checksum
95088a006ac2: Download complete
e9c3d943e704: Verifying Checksum
e9c3d943e704: Download complete
be04fd845787: Verifying Checksum
be04fd845787: Download complete
8dfbf0a75ed0: Verifying Checksum
8dfbf0a75ed0: Download complete
bdb2c8167e7e: Verifying Checksum
bdb2c8167e7e: Download complete
95088a006ac2: Pull complete
923ecc5ed2f2: Pull complete
e9c3d943e704: Pull complete
e54cafd33672: Verifying Checksum
e54cafd33672: Download complete
8dfbf0a75ed0: Pull complete
be04fd845787: Pull complete
9876b7ea398b: Verifying Checksum
9876b7ea398b: Download complete
9e5aa43077e5: Verifying Checksum
9e5aa43077e5: Download complete
5f8396d68966: Verifying Checksum
5f8396d68966: Download complete
53c4bc05a52c: Verifying Checksum
53c4bc05a52c: Download complete
e3c1691191fc: Verifying Checksum
e3c1691191fc: Download complete
18bc567ba5fb: Verifying Checksum
18bc567ba5fb: Download complete
baa45a975476: Download complete
0fd23064151c: Verifying Checksum
0fd23064151c: Download complete
02578ab1065c: Verifying Checksum
02578ab1065c: Download complete
e0ace36b713a: Verifying Checksum
e0ace36b713a: Download complete
8e9e64e94608: Verifying Checksum
8e9e64e94608: Download complete
548d7141138a: Verifying Checksum
548d7141138a: Download complete
fbc865ba1d4e: Download complete
e39bca31ffe6: Verifying Checksum
e39bca31ffe6: Download complete
6bc3ecc96259: Verifying Checksum
6bc3ecc96259: Download complete
73a073c5dabe: Verifying Checksum
73a073c5dabe: Download complete
5c5ccc01fcc2: Verifying Checksum
5c5ccc01fcc2: Download complete
af208d5a627b: Verifying Checksum
af208d5a627b: Download complete
4f4fb700ef54: Verifying Checksum
4f4fb700ef54: Download complete
9876b7ea398b: Pull complete
bdb2c8167e7e: Pull complete
daa845e628fd: Verifying Checksum
daa845e628fd: Download complete
ec34c38f0f7e: Verifying Checksum
ec34c38f0f7e: Download complete
61bb548a6b32: Verifying Checksum
61bb548a6b32: Download complete
ffdf8d9d516c: Verifying Checksum
ffdf8d9d516c: Download complete
a799c77ef639: Download complete
d128e798abc7: Verifying Checksum
d128e798abc7: Download complete
7fbb5d6a0ad0: Verifying Checksum
7fbb5d6a0ad0: Download complete
53c4bc05a52c: Pull complete
e54cafd33672: Pull complete
9e5aa43077e5: Pull complete
5f8396d68966: Pull complete
e3c1691191fc: Pull complete
18bc567ba5fb: Pull complete
baa45a975476: Pull complete
e0ace36b713a: Pull complete
0fd23064151c: Pull complete
02578ab1065c: Pull complete
8e9e64e94608: Pull complete
fbc865ba1d4e: Pull complete
548d7141138a: Pull complete
e39bca31ffe6: Pull complete
a799c77ef639: Pull complete
6bc3ecc96259: Pull complete
73a073c5dabe: Pull complete
5c5ccc01fcc2: Pull complete
af208d5a627b: Pull complete
4f4fb700ef54: Pull complete
daa845e628fd: Pull complete
ec34c38f0f7e: Pull complete
ffdf8d9d516c: Pull complete
61bb548a6b32: Pull complete
7fbb5d6a0ad0: Pull complete
d128e798abc7: Pull complete
Digest: sha256:0bad81fe09e182d1045ffa2dd2f496f2fcbf69b066cd985cdc94e4ec90aef72f
Status: Downloaded newer image for n132/arvo:53158-vul
=================================================================
==7==ERROR: AddressSanitizer: heap-buffer-overflow on address 0x621000003900 at pc 0x00000049d2a2 bp 0x7ffea871f120 sp 0x7ffea871e8e8
WRITE of size 6167 at 0x621000003900 thread T0
SCARINESS: 45 (multi-byte-write-heap-buffer-overflow)
    #0 0x49d2a1 in __asan_memmove /src/llvm-project/compiler-rt/lib/asan/asan_interceptors_memintrinsics.cpp:30:3
    #1 0x536a28 in LibRaw_buffer_datastream::read(void*, unsigned long, unsigned long) /src/libraw/src/libraw_datastream.cpp:372:3
    #2 0x73eb03 in LibRaw::uncompressed_fp_dng_load_raw() /src/libraw/src/decoders/fp_dng.cpp:638:59
    #3 0x4de438 in LibRaw::unpack() /src/libraw/src/decoders/unpack.cpp:400:7
    #4 0x4da87f in LLVMFuzzerTestOneInput /src/libraw_fuzzer.cc:66:20
    #5 0x4dce0a in ExecuteFilesOnyByOne /src/aflplusplus/utils/aflpp_driver/aflpp_driver.c:234:7
    #6 0x4dcbdd in main /src/aflplusplus/utils/aflpp_driver/aflpp_driver.c:318:12
    #7 0x77a8cc6ee082 in __libc_start_main (/lib/x86_64-linux-gnu/libc.so.6+0x24082)
    #8 0x41e6bd in _start (/out/libraw_raf_fuzzer+0x41e6bd)

DEDUP_TOKEN: __asan_memmove--LibRaw_buffer_datastream::read(void*, unsigned long, unsigned long)--LibRaw::uncompressed_fp_dng_load_raw()
0x621000003900 is located 0 bytes to the right of 4096-byte region [0x621000002900,0x621000003900)
allocated by thread T0 here:
    #0 0x4d479d in operator new(unsigned long) /src/llvm-project/compiler-rt/lib/asan/asan_new_delete.cpp:95:3
    #1 0x73e3b9 in void* std::__1::__libcpp_operator_new<unsigned long>(unsigned long) /usr/local/bin/../include/c++/v1/new:245:10
    #2 0x73e3b9 in std::__1::__libcpp_allocate(unsigned long, unsigned long) /usr/local/bin/../include/c++/v1/new:271:10
    #3 0x73e3b9 in std::__1::allocator<unsigned char>::allocate(unsigned long) /usr/local/bin/../include/c++/v1/__memory/allocator.h:105:38
    #4 0x73e3b9 in std::__1::allocator_traits<std::__1::allocator<unsigned char> >::allocate(std::__1::allocator<unsigned char>&, unsigned long) /usr/local/bin/../include/c++/v1/__memory/allocator_traits.h:262:20
    #5 0x73e3b9 in std::__1::vector<unsigned char, std::__1::allocator<unsigned char> >::__vallocate(unsigned long) /usr/local/bin/../include/c++/v1/vector:1000:37
    #6 0x73e3b9 in std::__1::vector<unsigned char, std::__1::allocator<unsigned char> >::vector(unsigned long) /usr/local/bin/../include/c++/v1/vector:1133:9
    #7 0x73e3b9 in LibRaw::uncompressed_fp_dng_load_raw() /src/libraw/src/decoders/fp_dng.cpp:619:24
    #8 0x4de438 in LibRaw::unpack() /src/libraw/src/decoders/unpack.cpp:400:7
    #9 0x4da87f in LLVMFuzzerTestOneInput /src/libraw_fuzzer.cc:66:20
    #10 0x4dce0a in ExecuteFilesOnyByOne /src/aflplusplus/utils/aflpp_driver/aflpp_driver.c:234:7

DEDUP_TOKEN: operator new(unsigned long)--void* std::__1::__libcpp_operator_new<unsigned long>(unsigned long)--std::__1::__libcpp_allocate(unsigned long, unsigned long)
SUMMARY: AddressSanitizer: heap-buffer-overflow /src/llvm-project/compiler-rt/lib/asan/asan_interceptors_memintrinsics.cpp:30:3 in __asan_memmove
Shadow bytes around the buggy address:
  0x0c427fff86d0: 00 00 00 00 00 00 00 00 00 00 00 00 00 00 00 00
  0x0c427fff86e0: 00 00 00 00 00 00 00 00 00 00 00 00 00 00 00 00
  0x0c427fff86f0: 00 00 00 00 00 00 00 00 00 00 00 00 00 00 00 00
  0x0c427fff8700: 00 00 00 00 00 00 00 00 00 00 00 00 00 00 00 00
  0x0c427fff8710: 00 00 00 00 00 00 00 00 00 00 00 00 00 00 00 00
=>0x0c427fff8720:[fa]fa fa fa fa fa fa fa fa fa fa fa fa fa fa fa
  0x0c427fff8730: fa fa fa fa fa fa fa fa fa fa fa fa fa fa fa fa
  0x0c427fff8740: fa fa fa fa fa fa fa fa fa fa fa fa fa fa fa fa
  0x0c427fff8750: fa fa fa fa fa fa fa fa fa fa fa fa fa fa fa fa
  0x0c427fff8760: fa fa fa fa fa fa fa fa fa fa fa fa fa fa fa fa
  0x0c427fff8770: fa fa fa fa fa fa fa fa fa fa fa fa fa fa fa fa
Shadow byte legend (one shadow byte represents 8 application bytes):
  Addressable:           00
  Partially addressable: 01 02 03 04 05 06 07 
  Heap left redzone:       fa
  Freed heap region:       fd
  Stack left redzone:      f1
  Stack mid redzone:       f2
  Stack right redzone:     f3
  Stack after return:      f5
  Stack use after scope:   f8
  Global redzone:          f9
  Global init order:       f6
  Poisoned by user:        f7
  Container overflow:      fc
  Array cookie:            ac
  Intra object redzone:    bb
  ASan internal:           fe
  Left alloca redzone:     ca
  Right alloca redzone:    cb
==7==ABORTING
