=================================================================
==7==ERROR: AddressSanitizer: heap-buffer-overflow on address 0x6090000000be at pc 0x00000059454a bp 0x7ffd5c8f8ba0 sp 0x7ffd5c8f8b98
WRITE of size 2 at 0x6090000000be thread T0
SCARINESS: 33 (2-byte-write-heap-buffer-overflow)
    #0 0x594549 in transform1 /src/ffmpeg/libavcodec/vqcdec.c:279:20
    #1 0x594549 in decode_strip /src/ffmpeg/libavcodec/vqcdec.c:317:5
    #2 0x59100d in decode_frame /src/ffmpeg/libavcodec/vqcdec.c:343:9
    #3 0x59100d in vqc_decode_frame /src/ffmpeg/libavcodec/vqcdec.c:396:5
    #4 0x51f21a in decode_simple_internal /src/ffmpeg/libavcodec/decode.c:307:15
    #5 0x51f21a in decode_simple_receive_frame /src/ffmpeg/libavcodec/decode.c:563:15
    #6 0x51f21a in decode_receive_frame_internal /src/ffmpeg/libavcodec/decode.c:584:15
    #7 0x51e80d in avcodec_send_packet /src/ffmpeg/libavcodec/decode.c:665:15
    #8 0x50524b in LLVMFuzzerTestOneInput /src/ffmpeg/tools/target_dec_fuzzer.c:510:25
    #9 0xd8bd2a in ExecuteFilesOnyByOne /src/aflplusplus/utils/aflpp_driver/aflpp_driver.c:234:7
    #10 0xd8bafc in main /src/aflplusplus/utils/aflpp_driver/aflpp_driver.c:318:12
    #11 0x7f52c84f2082 in __libc_start_main (/lib/x86_64-linux-gnu/libc.so.6+0x24082) (BuildId: 87b331c034a6458c64ce09c03939e947212e18ce)
    #12 0x442cad in _start (/out/ffmpeg_AV_CODEC_ID_VQC_fuzzer+0x442cad)

DEDUP_TOKEN: transform1--decode_strip--decode_frame
0x6090000000be is located 2 bytes to the left of 8-byte region [0x6090000000c0,0x6090000000c8)
allocated by thread T0 here:
    #0 0x4c4c37 in posix_memalign /src/llvm-project/compiler-rt/lib/asan/asan_malloc_linux.cpp:145:3
    #1 0xcd760f in av_malloc /src/ffmpeg/libavutil/mem.c:105:9
    #2 0xcd760f in av_malloc_array /src/ffmpeg/libavutil/mem.c:212:12
    #3 0x42332d in vqc_decode_init /src/ffmpeg/libavcodec/vqcdec.c:82:15
    #4 0x50af42 in avcodec_open2 /src/ffmpeg/libavcodec/avcodec.c:317:19
    #5 0x504430 in LLVMFuzzerTestOneInput /src/ffmpeg/tools/target_dec_fuzzer.c:436:15
    #6 0xd8bd2a in ExecuteFilesOnyByOne /src/aflplusplus/utils/aflpp_driver/aflpp_driver.c:234:7

DEDUP_TOKEN: posix_memalign--av_malloc--av_malloc_array
SUMMARY: AddressSanitizer: heap-buffer-overflow /src/ffmpeg/libavcodec/vqcdec.c:279:20 in transform1
Shadow bytes around the buggy address:
  0x0c127fff7fc0: 00 00 00 00 00 00 00 00 00 00 00 00 00 00 00 00
  0x0c127fff7fd0: 00 00 00 00 00 00 00 00 00 00 00 00 00 00 00 00
  0x0c127fff7fe0: 00 00 00 00 00 00 00 00 00 00 00 00 00 00 00 00
  0x0c127fff7ff0: 00 00 00 00 00 00 00 00 00 00 00 00 00 00 00 00
  0x0c127fff8000: fa fa fa fa fa fa fa fa 00 00 00 00 fa fa fa fa
=>0x0c127fff8010: fa fa fa fa fa fa fa[fa]00 fa fa fa fa fa fa fa
  0x0c127fff8020: fa fa fa fa fa fa fa fa 00 fa fa fa fa fa fa fa
  0x0c127fff8030: fa fa fa fa fa fa fa fa fd fd fd fd fd fd fa fa
  0x0c127fff8040: fa fa fa fa fa fa fa fa fa fa fa fa fa fa fa fa
  0x0c127fff8050: fd fd fd fa fa fa fa fa fa fa fa fa fa fa fa fa
  0x0c127fff8060: fd fd fd fa fa fa fa fa fa fa fa fa fa fa fa fa
Shadow byte legend (one shadow byte represents 8 application bytes):
  Addressable:           00
  Partially addressable: 01 02 03 04 05 06 07 
  Heap left redzone:       fa
  Freed heap region:       fd
  Stack left redzone:      f1
  Stack mid redzone:       f2
  Stack right redzone:     f3
  Stack after return:      f5
  Stack use after scope:   f8
  Global redzone:          f9
  Global init order:       f6
  Poisoned by user:        f7
  Container overflow:      fc
  Array cookie:            ac
  Intra object redzone:    bb
  ASan internal:           fe
  Left alloca redzone:     ca
  Right alloca redzone:    cb
==7==ABORTING
