Unable to find image 'n132/arvo:54161-vul' locally
54161-vul: Pulling from n132/arvo
eaead16dc43b: Already exists
5cea12269187: Pulling fs layer
c74dff381a18: Pulling fs layer
ddd888aeaf50: Pulling fs layer
9c8a04cd0a50: Pulling fs layer
7fe854d7ac11: Pulling fs layer
698b2df0eb53: Pulling fs layer
052c09baea70: Pulling fs layer
302afe1c086f: Pulling fs layer
e82d801d36b8: Pulling fs layer
efa227a4c828: Pulling fs layer
a03cd22b49b1: Pulling fs layer
9c8a04cd0a50: Waiting
03fdadf8f01b: Pulling fs layer
abfa9032eac9: Pulling fs layer
7fe854d7ac11: Waiting
698b2df0eb53: Waiting
7c272852bdaf: Pulling fs layer
9cc817ec5435: Pulling fs layer
503eeea58dc9: Pulling fs layer
ad30d29b6a5f: Pulling fs layer
f40401b05f8c: Pulling fs layer
f18a95b80c6d: Pulling fs layer
300f6f311ac8: Pulling fs layer
04babf913bcd: Pulling fs layer
745e60163555: Pulling fs layer
5b705ae780c9: Pulling fs layer
0c06248784ce: Pulling fs layer
e7d3eb8d0f5d: Pulling fs layer
052c09baea70: Waiting
d2b153f0d550: Pulling fs layer
03fdadf8f01b: Waiting
55d5f5cb8d8b: Pulling fs layer
503eeea58dc9: Waiting
ad30d29b6a5f: Waiting
f40401b05f8c: Waiting
f18a95b80c6d: Waiting
24ec35657151: Pulling fs layer
5643c103fc2b: Pulling fs layer
300f6f311ac8: Waiting
302afe1c086f: Waiting
e82d801d36b8: Waiting
04babf913bcd: Waiting
efa227a4c828: Waiting
9cc817ec5435: Waiting
a03cd22b49b1: Waiting
118bb8c6e2fe: Pulling fs layer
0c06248784ce: Waiting
7c272852bdaf: Waiting
c9ef713ca6ed: Pulling fs layer
abfa9032eac9: Waiting
e7d3eb8d0f5d: Waiting
4f4fb700ef54: Pulling fs layer
d2b153f0d550: Waiting
d2a76ea69da9: Pulling fs layer
24ec35657151: Waiting
55d5f5cb8d8b: Waiting
745e60163555: Waiting
37f5653d927c: Pulling fs layer
118bb8c6e2fe: Waiting
c9ef713ca6ed: Waiting
d2a76ea69da9: Waiting
5b705ae780c9: Waiting
37f5653d927c: Waiting
5643c103fc2b: Waiting
c74dff381a18: Verifying Checksum
c74dff381a18: Download complete
5cea12269187: Verifying Checksum
5cea12269187: Download complete
ddd888aeaf50: Verifying Checksum
ddd888aeaf50: Download complete
9c8a04cd0a50: Verifying Checksum
9c8a04cd0a50: Download complete
7fe854d7ac11: Verifying Checksum
7fe854d7ac11: Download complete
052c09baea70: Verifying Checksum
052c09baea70: Download complete
302afe1c086f: Verifying Checksum
302afe1c086f: Download complete
5cea12269187: Pull complete
c74dff381a18: Pull complete
ddd888aeaf50: Pull complete
9c8a04cd0a50: Pull complete
7fe854d7ac11: Pull complete
efa227a4c828: Verifying Checksum
efa227a4c828: Download complete
a03cd22b49b1: Verifying Checksum
a03cd22b49b1: Download complete
e82d801d36b8: Verifying Checksum
e82d801d36b8: Download complete
03fdadf8f01b: Download complete
abfa9032eac9: Verifying Checksum
abfa9032eac9: Download complete
7c272852bdaf: Verifying Checksum
7c272852bdaf: Download complete
698b2df0eb53: Verifying Checksum
698b2df0eb53: Download complete
9cc817ec5435: Verifying Checksum
9cc817ec5435: Download complete
ad30d29b6a5f: Verifying Checksum
ad30d29b6a5f: Download complete
503eeea58dc9: Verifying Checksum
503eeea58dc9: Download complete
f18a95b80c6d: Verifying Checksum
f18a95b80c6d: Download complete
f40401b05f8c: Download complete
300f6f311ac8: Verifying Checksum
300f6f311ac8: Download complete
04babf913bcd: Download complete
745e60163555: Verifying Checksum
745e60163555: Download complete
5b705ae780c9: Download complete
0c06248784ce: Verifying Checksum
0c06248784ce: Download complete
e7d3eb8d0f5d: Download complete
55d5f5cb8d8b: Verifying Checksum
55d5f5cb8d8b: Download complete
24ec35657151: Verifying Checksum
24ec35657151: Download complete
698b2df0eb53: Pull complete
052c09baea70: Pull complete
302afe1c086f: Pull complete
5643c103fc2b: Verifying Checksum
5643c103fc2b: Download complete
c9ef713ca6ed: Verifying Checksum
c9ef713ca6ed: Download complete
4f4fb700ef54: Download complete
118bb8c6e2fe: Verifying Checksum
118bb8c6e2fe: Download complete
37f5653d927c: Verifying Checksum
37f5653d927c: Download complete
d2b153f0d550: Verifying Checksum
d2b153f0d550: Download complete
d2a76ea69da9: Download complete
e82d801d36b8: Pull complete
efa227a4c828: Pull complete
a03cd22b49b1: Pull complete
03fdadf8f01b: Pull complete
abfa9032eac9: Pull complete
7c272852bdaf: Pull complete
9cc817ec5435: Pull complete
503eeea58dc9: Pull complete
ad30d29b6a5f: Pull complete
f40401b05f8c: Pull complete
f18a95b80c6d: Pull complete
300f6f311ac8: Pull complete
04babf913bcd: Pull complete
745e60163555: Pull complete
5b705ae780c9: Pull complete
0c06248784ce: Pull complete
e7d3eb8d0f5d: Pull complete
d2b153f0d550: Pull complete
55d5f5cb8d8b: Pull complete
24ec35657151: Pull complete
5643c103fc2b: Pull complete
118bb8c6e2fe: Pull complete
c9ef713ca6ed: Pull complete
4f4fb700ef54: Pull complete
d2a76ea69da9: Pull complete
37f5653d927c: Pull complete
Digest: sha256:0b91ab5a9237011cfdec9068395837481fdf723e66ca21d26de7b5fe286a7422
Status: Downloaded newer image for n132/arvo:54161-vul
=================================================================
==7==ERROR: AddressSanitizer: heap-buffer-overflow on address 0x60300000002d at pc 0x00000049ee81 bp 0x7fff2f62b350 sp 0x7fff2f62ab20
READ of size 8 at 0x60300000002d thread T0
SCARINESS: 23 (8-byte-read-heap-buffer-overflow)
    #0 0x49ee80 in __asan_memcpy /src/llvm-project/compiler-rt/lib/asan/asan_interceptors_memintrinsics.cpp:22:3
    #1 0x4e517d in pj_memcpy /src/pjsip/pjnath/build/../../pjlib/include/pj/string.h:797:12
    #2 0x4e517d in pj_stun_binary_attr_init /src/pjsip/pjnath/build/../src/pjnath/stun_msg.c:1979:9
    #3 0x4e517d in pj_stun_binary_attr_create /src/pjsip/pjnath/build/../src/pjnath/stun_msg.c:2003:12
    #4 0x4e517d in pj_stun_msg_decode /src/pjsip/pjnath/build/../src/pjnath/stun_msg.c:2421:22
    #5 0x4dd275 in stun_parse /src/pjsip/tests/fuzz/fuzz-stun.c:43:14
    #6 0x4dd275 in LLVMFuzzerTestOneInput /src/pjsip/tests/fuzz/fuzz-stun.c:85:11
    #7 0x531b8a in ExecuteFilesOnyByOne /src/aflplusplus/utils/aflpp_driver/aflpp_driver.c:234:7
    #8 0x53195c in main /src/aflplusplus/utils/aflpp_driver/aflpp_driver.c:318:12
    #9 0x7377e8736082 in __libc_start_main (/lib/x86_64-linux-gnu/libc.so.6+0x24082) (BuildId: 87b331c034a6458c64ce09c03939e947212e18ce)
    #10 0x41e6bd in _start (/out/fuzz-stun+0x41e6bd)

DEDUP_TOKEN: __asan_memcpy--pj_memcpy--pj_stun_binary_attr_init
0x60300000002d is located 0 bytes to the right of 29-byte region [0x603000000010,0x60300000002d)
allocated by thread T0 here:
    #0 0x49fcce in __interceptor_calloc /src/llvm-project/compiler-rt/lib/asan/asan_malloc_linux.cpp:77:3
    #1 0x4dd1d0 in LLVMFuzzerTestOneInput /src/pjsip/tests/fuzz/fuzz-stun.c:65:22
    #2 0x531b8a in ExecuteFilesOnyByOne /src/aflplusplus/utils/aflpp_driver/aflpp_driver.c:234:7

DEDUP_TOKEN: __interceptor_calloc--LLVMFuzzerTestOneInput--ExecuteFilesOnyByOne
SUMMARY: AddressSanitizer: heap-buffer-overflow /src/llvm-project/compiler-rt/lib/asan/asan_interceptors_memintrinsics.cpp:22:3 in __asan_memcpy
Shadow bytes around the buggy address:
  0x0c067fff7fb0: 00 00 00 00 00 00 00 00 00 00 00 00 00 00 00 00
  0x0c067fff7fc0: 00 00 00 00 00 00 00 00 00 00 00 00 00 00 00 00
  0x0c067fff7fd0: 00 00 00 00 00 00 00 00 00 00 00 00 00 00 00 00
  0x0c067fff7fe0: 00 00 00 00 00 00 00 00 00 00 00 00 00 00 00 00
  0x0c067fff7ff0: 00 00 00 00 00 00 00 00 00 00 00 00 00 00 00 00
=>0x0c067fff8000: fa fa 00 00 00[05]fa fa fa fa fa fa fa fa fa fa
  0x0c067fff8010: fa fa fa fa fa fa fa fa fa fa fa fa fa fa fa fa
  0x0c067fff8020: fa fa fa fa fa fa fa fa fa fa fa fa fa fa fa fa
  0x0c067fff8030: fa fa fa fa fa fa fa fa fa fa fa fa fa fa fa fa
  0x0c067fff8040: fa fa fa fa fa fa fa fa fa fa fa fa fa fa fa fa
  0x0c067fff8050: fa fa fa fa fa fa fa fa fa fa fa fa fa fa fa fa
Shadow byte legend (one shadow byte represents 8 application bytes):
  Addressable:           00
  Partially addressable: 01 02 03 04 05 06 07 
  Heap left redzone:       fa
  Freed heap region:       fd
  Stack left redzone:      f1
  Stack mid redzone:       f2
  Stack right redzone:     f3
  Stack after return:      f5
  Stack use after scope:   f8
  Global redzone:          f9
  Global init order:       f6
  Poisoned by user:        f7
  Container overflow:      fc
  Array cookie:            ac
  Intra object redzone:    bb
  ASan internal:           fe
  Left alloca redzone:     ca
  Right alloca redzone:    cb
==7==ABORTING
