=================================================================
==13==ERROR: AddressSanitizer: heap-buffer-overflow on address 0x60300000002d at pc 0x00000049ee81 bp 0x7fff7f0cfad0 sp 0x7fff7f0cf2a0
READ of size 8 at 0x60300000002d thread T0
SCARINESS: 23 (8-byte-read-heap-buffer-overflow)
    #0 0x49ee80 in __asan_memcpy /src/llvm-project/compiler-rt/lib/asan/asan_interceptors_memintrinsics.cpp:22:3
    #1 0x4e517d in pj_memcpy /src/pjsip/pjnath/build/../../pjlib/include/pj/string.h:797:12
    #2 0x4e517d in pj_stun_binary_attr_init /src/pjsip/pjnath/build/../src/pjnath/stun_msg.c:1979:9
    #3 0x4e517d in pj_stun_binary_attr_create /src/pjsip/pjnath/build/../src/pjnath/stun_msg.c:2003:12
    #4 0x4e517d in pj_stun_msg_decode /src/pjsip/pjnath/build/../src/pjnath/stun_msg.c:2421:22
    #5 0x4dd275 in stun_parse /src/pjsip/tests/fuzz/fuzz-stun.c:43:14
    #6 0x4dd275 in LLVMFuzzerTestOneInput /src/pjsip/tests/fuzz/fuzz-stun.c:85:11
    #7 0x531b8a in ExecuteFilesOnyByOne /src/aflplusplus/utils/aflpp_driver/aflpp_driver.c:234:7
    #8 0x53195c in main /src/aflplusplus/utils/aflpp_driver/aflpp_driver.c:318:12
    #9 0x7c07dc96e082 in __libc_start_main (/lib/x86_64-linux-gnu/libc.so.6+0x24082) (BuildId: 87b331c034a6458c64ce09c03939e947212e18ce)
    #10 0x41e6bd in _start (/out/fuzz-stun+0x41e6bd)

DEDUP_TOKEN: __asan_memcpy--pj_memcpy--pj_stun_binary_attr_init
0x60300000002d is located 0 bytes to the right of 29-byte region [0x603000000010,0x60300000002d)
allocated by thread T0 here:
    #0 0x49fcce in __interceptor_calloc /src/llvm-project/compiler-rt/lib/asan/asan_malloc_linux.cpp:77:3
    #1 0x4dd1d0 in LLVMFuzzerTestOneInput /src/pjsip/tests/fuzz/fuzz-stun.c:65:22
    #2 0x531b8a in ExecuteFilesOnyByOne /src/aflplusplus/utils/aflpp_driver/aflpp_driver.c:234:7

DEDUP_TOKEN: __interceptor_calloc--LLVMFuzzerTestOneInput--ExecuteFilesOnyByOne
SUMMARY: AddressSanitizer: heap-buffer-overflow /src/llvm-project/compiler-rt/lib/asan/asan_interceptors_memintrinsics.cpp:22:3 in __asan_memcpy
Shadow bytes around the buggy address:
  0x0c067fff7fb0: 00 00 00 00 00 00 00 00 00 00 00 00 00 00 00 00
  0x0c067fff7fc0: 00 00 00 00 00 00 00 00 00 00 00 00 00 00 00 00
  0x0c067fff7fd0: 00 00 00 00 00 00 00 00 00 00 00 00 00 00 00 00
  0x0c067fff7fe0: 00 00 00 00 00 00 00 00 00 00 00 00 00 00 00 00
  0x0c067fff7ff0: 00 00 00 00 00 00 00 00 00 00 00 00 00 00 00 00
=>0x0c067fff8000: fa fa 00 00 00[05]fa fa fa fa fa fa fa fa fa fa
  0x0c067fff8010: fa fa fa fa fa fa fa fa fa fa fa fa fa fa fa fa
  0x0c067fff8020: fa fa fa fa fa fa fa fa fa fa fa fa fa fa fa fa
  0x0c067fff8030: fa fa fa fa fa fa fa fa fa fa fa fa fa fa fa fa
  0x0c067fff8040: fa fa fa fa fa fa fa fa fa fa fa fa fa fa fa fa
  0x0c067fff8050: fa fa fa fa fa fa fa fa fa fa fa fa fa fa fa fa
Shadow byte legend (one shadow byte represents 8 application bytes):
  Addressable:           00
  Partially addressable: 01 02 03 04 05 06 07
  Heap left redzone:       fa
  Freed heap region:       fd
  Stack left redzone:      f1
  Stack mid redzone:       f2
  Stack right redzone:     f3
  Stack after return:      f5
  Stack use after scope:   f8
  Global redzone:          f9
  Global init order:       f6
  Poisoned by user:        f7
  Container overflow:      fc
  Array cookie:            ac
  Intra object redzone:    bb
  ASan internal:           fe
  Left alloca redzone:     ca
  Right alloca redzone:    cb
==13==ABORTING