Unable to find image 'n132/arvo:54810-vul' locally
54810-vul: Pulling from n132/arvo
846c0b181fff: Already exists
16cc997c339e: Already exists
6e8b7e1b8b34: Already exists
7c5677a4e1fb: Already exists
de7ea5afbf74: Already exists
1b88b6ae61e8: Already exists
7701642b5fd3: Already exists
6769fa03a7a8: Already exists
9d3a73feddc8: Already exists
d37a1c03377e: Already exists
70ab34ec0b51: Already exists
ebe9075b9198: Already exists
d4e14f0c90e8: Already exists
67f1f819c147: Already exists
d914ab1bf64c: Already exists
8d2b8970d7db: Already exists
8e2f4f7b2851: Already exists
01a59e352029: Already exists
5d5c29f803d6: Already exists
d30ed5488097: Already exists
2259ba4db311: Already exists
822547fc7e98: Already exists
08bb6618ae19: Already exists
ef067e0e6d35: Already exists
0d067af1091d: Already exists
934ac5227640: Already exists
55d03d7852ea: Pulling fs layer
5565912469ed: Pulling fs layer
d97c0944db40: Pulling fs layer
ff18d57565a0: Pulling fs layer
2474e4f18c93: Pulling fs layer
e55fb2b992b4: Pulling fs layer
517937100aa3: Pulling fs layer
62b9724fcfeb: Pulling fs layer
fe44365200ce: Pulling fs layer
7d47b14673ea: Pulling fs layer
d4f5cd577d0f: Pulling fs layer
02d5a3c3db81: Pulling fs layer
3107c50ddd37: Pulling fs layer
c32ccb3401e6: Pulling fs layer
6f1b42652ea9: Pulling fs layer
ff18d57565a0: Waiting
582cf474d0b4: Pulling fs layer
4005d48147a7: Pulling fs layer
2474e4f18c93: Waiting
8567a8d32991: Pulling fs layer
47aa0b091c4c: Pulling fs layer
62b9724fcfeb: Waiting
91dfdb97f41b: Pulling fs layer
fe44365200ce: Waiting
7b9ba4fabc1e: Pulling fs layer
e55fb2b992b4: Waiting
02d5a3c3db81: Waiting
def2594cdff0: Pulling fs layer
eb94d38e28d5: Pulling fs layer
f0f0498e1c14: Pulling fs layer
3107c50ddd37: Waiting
2dd305de2605: Pulling fs layer
e590b9cc161d: Pulling fs layer
517937100aa3: Waiting
08c887e2c0e2: Pulling fs layer
2e08531043df: Pulling fs layer
6f1b42652ea9: Waiting
c32ccb3401e6: Waiting
0aa2b22b8bb2: Pulling fs layer
8b3fea5aec5c: Pulling fs layer
4005d48147a7: Waiting
7d47b14673ea: Waiting
8567a8d32991: Waiting
91dfdb97f41b: Waiting
d4f5cd577d0f: Waiting
ba37e4c209a2: Pulling fs layer
4f4fb700ef54: Pulling fs layer
7b9ba4fabc1e: Waiting
47aa0b091c4c: Waiting
f10965690474: Pulling fs layer
28c762a69c71: Pulling fs layer
2dd305de2605: Waiting
08c887e2c0e2: Waiting
e590b9cc161d: Waiting
def2594cdff0: Waiting
69b6713e0928: Pulling fs layer
2e08531043df: Waiting
8b3fea5aec5c: Waiting
4f4fb700ef54: Waiting
f10965690474: Waiting
0aa2b22b8bb2: Waiting
f0f0498e1c14: Waiting
28c762a69c71: Waiting
69b6713e0928: Waiting
eb94d38e28d5: Waiting
ba37e4c209a2: Waiting
582cf474d0b4: Waiting
5565912469ed: Verifying Checksum
5565912469ed: Download complete
d97c0944db40: Verifying Checksum
d97c0944db40: Download complete
2474e4f18c93: Verifying Checksum
2474e4f18c93: Download complete
55d03d7852ea: Verifying Checksum
55d03d7852ea: Download complete
517937100aa3: Download complete
ff18d57565a0: Verifying Checksum
ff18d57565a0: Download complete
62b9724fcfeb: Verifying Checksum
62b9724fcfeb: Download complete
fe44365200ce: Verifying Checksum
fe44365200ce: Download complete
e55fb2b992b4: Verifying Checksum
e55fb2b992b4: Download complete
7d47b14673ea: Verifying Checksum
7d47b14673ea: Download complete
3107c50ddd37: Download complete
02d5a3c3db81: Verifying Checksum
02d5a3c3db81: Download complete
6f1b42652ea9: Verifying Checksum
6f1b42652ea9: Download complete
c32ccb3401e6: Verifying Checksum
c32ccb3401e6: Download complete
55d03d7852ea: Pull complete
5565912469ed: Pull complete
582cf474d0b4: Verifying Checksum
582cf474d0b4: Download complete
4005d48147a7: Download complete
47aa0b091c4c: Verifying Checksum
47aa0b091c4c: Download complete
7b9ba4fabc1e: Verifying Checksum
7b9ba4fabc1e: Download complete
91dfdb97f41b: Verifying Checksum
91dfdb97f41b: Download complete
d97c0944db40: Pull complete
eb94d38e28d5: Verifying Checksum
eb94d38e28d5: Download complete
8567a8d32991: Verifying Checksum
8567a8d32991: Download complete
2dd305de2605: Verifying Checksum
2dd305de2605: Download complete
def2594cdff0: Download complete
e590b9cc161d: Download complete
08c887e2c0e2: Verifying Checksum
08c887e2c0e2: Download complete
0aa2b22b8bb2: Download complete
2e08531043df: Verifying Checksum
2e08531043df: Download complete
8b3fea5aec5c: Verifying Checksum
8b3fea5aec5c: Download complete
4f4fb700ef54: Download complete
f0f0498e1c14: Verifying Checksum
f0f0498e1c14: Download complete
ba37e4c209a2: Verifying Checksum
ba37e4c209a2: Download complete
ff18d57565a0: Pull complete
f10965690474: Verifying Checksum
f10965690474: Download complete
2474e4f18c93: Pull complete
69b6713e0928: Verifying Checksum
69b6713e0928: Download complete
e55fb2b992b4: Pull complete
517937100aa3: Pull complete
62b9724fcfeb: Pull complete
fe44365200ce: Pull complete
7d47b14673ea: Pull complete
d4f5cd577d0f: Pull complete
02d5a3c3db81: Pull complete
3107c50ddd37: Pull complete
c32ccb3401e6: Pull complete
6f1b42652ea9: Pull complete
582cf474d0b4: Pull complete
4005d48147a7: Pull complete
8567a8d32991: Pull complete
47aa0b091c4c: Pull complete
91dfdb97f41b: Pull complete
7b9ba4fabc1e: Pull complete
def2594cdff0: Pull complete
eb94d38e28d5: Pull complete
f0f0498e1c14: Pull complete
2dd305de2605: Pull complete
e590b9cc161d: Pull complete
08c887e2c0e2: Pull complete
2e08531043df: Pull complete
0aa2b22b8bb2: Pull complete
8b3fea5aec5c: Pull complete
ba37e4c209a2: Pull complete
4f4fb700ef54: Pull complete
f10965690474: Pull complete
28c762a69c71: Verifying Checksum
28c762a69c71: Download complete
28c762a69c71: Pull complete
69b6713e0928: Pull complete
Digest: sha256:5f91f246aa5105865db07e6c636e03f1ce1d9ecdac7d93f1860dfa7170cb4158
Status: Downloaded newer image for n132/arvo:54810-vul
=================================================================
==7==ERROR: AddressSanitizer: heap-buffer-overflow on address 0x606000000119 at pc 0x000000a45590 bp 0x7ffe5d687310 sp 0x7ffe5d687308
READ of size 1 at 0x606000000119 thread T0
SCARINESS: 12 (1-byte-read-heap-buffer-overflow)
    #0 0xa4558f in ReadSUNImage /src/graphicsmagick/coders/sun.c
    #1 0x5e9743 in ReadImage /src/graphicsmagick/magick/constitute.c:1682:13
    #2 0x57a6dc in BlobToImage /src/graphicsmagick/magick/blob.c:784:13
    #3 0x4ee115 in Magick::Image::read(Magick::Blob const&) /src/graphicsmagick/Magick++/lib/Image.cpp:1592:5
    #4 0x4de715 in LLVMFuzzerTestOneInput /src/graphicsmagick/fuzzing/coder_fuzzer.cc:22:15
    #5 0x4dfb1a in ExecuteFilesOnyByOne /src/aflplusplus/utils/aflpp_driver/aflpp_driver.c:234:7
    #6 0x4df8ec in main /src/aflplusplus/utils/aflpp_driver/aflpp_driver.c:318:12
    #7 0x78af4e27b082 in __libc_start_main (/lib/x86_64-linux-gnu/libc.so.6+0x24082) (BuildId: 87b331c034a6458c64ce09c03939e947212e18ce)
    #8 0x41f59d in _start (/out/coder_SUN_fuzzer+0x41f59d)

DEDUP_TOKEN: ReadSUNImage--ReadImage--BlobToImage
0x606000000119 is located 0 bytes to the right of 57-byte region [0x6060000000e0,0x606000000119)
allocated by thread T0 here:
    #0 0x4a0ddc in __interceptor_realloc /src/llvm-project/compiler-rt/lib/asan/asan_malloc_linux.cpp:85:3
    #1 0x6fbe91 in _MagickReallocateResourceLimitedMemory /src/graphicsmagick/magick/memory.c:769:36
    #2 0x6fc3d1 in _MagickAllocateResourceLimitedMemory /src/graphicsmagick/magick/memory.c:860:10
    #3 0xa40ec0 in ReadSUNImage /src/graphicsmagick/coders/sun.c:571:14
    #4 0x5e9743 in ReadImage /src/graphicsmagick/magick/constitute.c:1682:13
    #5 0x57a6dc in BlobToImage /src/graphicsmagick/magick/blob.c:784:13
    #6 0x4ee115 in Magick::Image::read(Magick::Blob const&) /src/graphicsmagick/Magick++/lib/Image.cpp:1592:5
    #7 0x4de715 in LLVMFuzzerTestOneInput /src/graphicsmagick/fuzzing/coder_fuzzer.cc:22:15
    #8 0x4dfb1a in ExecuteFilesOnyByOne /src/aflplusplus/utils/aflpp_driver/aflpp_driver.c:234:7

DEDUP_TOKEN: __interceptor_realloc--_MagickReallocateResourceLimitedMemory--_MagickAllocateResourceLimitedMemory
SUMMARY: AddressSanitizer: heap-buffer-overflow /src/graphicsmagick/coders/sun.c in ReadSUNImage
Shadow bytes around the buggy address:
  0x0c0c7fff7fd0: 00 00 00 00 00 00 00 00 00 00 00 00 00 00 00 00
  0x0c0c7fff7fe0: 00 00 00 00 00 00 00 00 00 00 00 00 00 00 00 00
  0x0c0c7fff7ff0: 00 00 00 00 00 00 00 00 00 00 00 00 00 00 00 00
  0x0c0c7fff8000: fa fa fa fa fd fd fd fd fd fd fd fa fa fa fa fa
  0x0c0c7fff8010: 00 00 00 00 00 00 00 fa fa fa fa fa 00 00 00 00
=>0x0c0c7fff8020: 00 00 00[01]fa fa fa fa fa fa fa fa fa fa fa fa
  0x0c0c7fff8030: fa fa fa fa fa fa fa fa fa fa fa fa fa fa fa fa
  0x0c0c7fff8040: fa fa fa fa fa fa fa fa fa fa fa fa fa fa fa fa
  0x0c0c7fff8050: fa fa fa fa fa fa fa fa fa fa fa fa fa fa fa fa
  0x0c0c7fff8060: fa fa fa fa fa fa fa fa fa fa fa fa fa fa fa fa
  0x0c0c7fff8070: fa fa fa fa fa fa fa fa fa fa fa fa fa fa fa fa
Shadow byte legend (one shadow byte represents 8 application bytes):
  Addressable:           00
  Partially addressable: 01 02 03 04 05 06 07 
  Heap left redzone:       fa
  Freed heap region:       fd
  Stack left redzone:      f1
  Stack mid redzone:       f2
  Stack right redzone:     f3
  Stack after return:      f5
  Stack use after scope:   f8
  Global redzone:          f9
  Global init order:       f6
  Poisoned by user:        f7
  Container overflow:      fc
  Array cookie:            ac
  Intra object redzone:    bb
  ASan internal:           fe
  Left alloca redzone:     ca
  Right alloca redzone:    cb
==7==ABORTING
