=================================================================
==13==ERROR: AddressSanitizer: heap-buffer-overflow on address 0x606000000119 at pc 0x000000a45590 bp 0x7ffdb2b755d0 sp 0x7ffdb2b755c8
READ of size 1 at 0x606000000119 thread T0
SCARINESS: 12 (1-byte-read-heap-buffer-overflow)
    #0 0xa4558f in ReadSUNImage /src/graphicsmagick/coders/sun.c
    #1 0x5e9743 in ReadImage /src/graphicsmagick/magick/constitute.c:1682:13
    #2 0x57a6dc in BlobToImage /src/graphicsmagick/magick/blob.c:784:13
    #3 0x4ee115 in Magick::Image::read(Magick::Blob const&) /src/graphicsmagick/Magick++/lib/Image.cpp:1592:5
    #4 0x4de715 in LLVMFuzzerTestOneInput /src/graphicsmagick/fuzzing/coder_fuzzer.cc:22:15
    #5 0x4dfb1a in ExecuteFilesOnyByOne /src/aflplusplus/utils/aflpp_driver/aflpp_driver.c:234:7
    #6 0x4df8ec in main /src/aflplusplus/utils/aflpp_driver/aflpp_driver.c:318:12
    #7 0x716b97148082 in __libc_start_main (/lib/x86_64-linux-gnu/libc.so.6+0x24082) (BuildId: 87b331c034a6458c64ce09c03939e947212e18ce)
    #8 0x41f59d in _start (/out/coder_SUN_fuzzer+0x41f59d)

DEDUP_TOKEN: ReadSUNImage--ReadImage--BlobToImage
0x606000000119 is located 0 bytes to the right of 57-byte region [0x6060000000e0,0x606000000119)
allocated by thread T0 here:
    #0 0x4a0ddc in __interceptor_realloc /src/llvm-project/compiler-rt/lib/asan/asan_malloc_linux.cpp:85:3
    #1 0x6fbe91 in _MagickReallocateResourceLimitedMemory /src/graphicsmagick/magick/memory.c:769:36
    #2 0x6fc3d1 in _MagickAllocateResourceLimitedMemory /src/graphicsmagick/magick/memory.c:860:10
    #3 0xa40ec0 in ReadSUNImage /src/graphicsmagick/coders/sun.c:571:14
    #4 0x5e9743 in ReadImage /src/graphicsmagick/magick/constitute.c:1682:13
    #5 0x57a6dc in BlobToImage /src/graphicsmagick/magick/blob.c:784:13
    #6 0x4ee115 in Magick::Image::read(Magick::Blob const&) /src/graphicsmagick/Magick++/lib/Image.cpp:1592:5
    #7 0x4de715 in LLVMFuzzerTestOneInput /src/graphicsmagick/fuzzing/coder_fuzzer.cc:22:15
    #8 0x4dfb1a in ExecuteFilesOnyByOne /src/aflplusplus/utils/aflpp_driver/aflpp_driver.c:234:7

DEDUP_TOKEN: __interceptor_realloc--_MagickReallocateResourceLimitedMemory--_MagickAllocateResourceLimitedMemory
SUMMARY: AddressSanitizer: heap-buffer-overflow /src/graphicsmagick/coders/sun.c in ReadSUNImage
Shadow bytes around the buggy address:
  0x0c0c7fff7fd0: 00 00 00 00 00 00 00 00 00 00 00 00 00 00 00 00
  0x0c0c7fff7fe0: 00 00 00 00 00 00 00 00 00 00 00 00 00 00 00 00
  0x0c0c7fff7ff0: 00 00 00 00 00 00 00 00 00 00 00 00 00 00 00 00
  0x0c0c7fff8000: fa fa fa fa fd fd fd fd fd fd fd fa fa fa fa fa
  0x0c0c7fff8010: 00 00 00 00 00 00 00 fa fa fa fa fa 00 00 00 00
=>0x0c0c7fff8020: 00 00 00[01]fa fa fa fa fa fa fa fa fa fa fa fa
  0x0c0c7fff8030: fa fa fa fa fa fa fa fa fa fa fa fa fa fa fa fa
  0x0c0c7fff8040: fa fa fa fa fa fa fa fa fa fa fa fa fa fa fa fa
  0x0c0c7fff8050: fa fa fa fa fa fa fa fa fa fa fa fa fa fa fa fa
  0x0c0c7fff8060: fa fa fa fa fa fa fa fa fa fa fa fa fa fa fa fa
  0x0c0c7fff8070: fa fa fa fa fa fa fa fa fa fa fa fa fa fa fa fa
Shadow byte legend (one shadow byte represents 8 application bytes):
  Addressable:           00
  Partially addressable: 01 02 03 04 05 06 07
  Heap left redzone:       fa
  Freed heap region:       fd
  Stack left redzone:      f1
  Stack mid redzone:       f2
  Stack right redzone:     f3
  Stack after return:      f5
  Stack use after scope:   f8
  Global redzone:          f9
  Global init order:       f6
  Poisoned by user:        f7
  Container overflow:      fc
  Array cookie:            ac
  Intra object redzone:    bb
  ASan internal:           fe
  Left alloca redzone:     ca
  Right alloca redzone:    cb
==13==ABORTING