INFO: Running with entropic power schedule (0xFF, 100).
INFO: Seed: 3295185931
INFO: Loaded 1 modules   (60992 inline 8-bit counters): 60992 [0x8b41ea0, 0x8b50ce0),
INFO: Loaded 1 PC tables (60992 PCs): 60992 [0x89f1e70,0x8a69070),
/out/ffmpeg_AV_CODEC_ID_VC1_fuzzer: Running 1 inputs 1 time(s) each.
Running: /tmp/poc
=================================================================
==13==ERROR: AddressSanitizer: heap-buffer-overflow on address 0xf0b02f80 at pc 0x08290a37 bp 0xff9b2798 sp 0xff9b2790
READ of size 1 at 0xf0b02f80 thread T0
SCARINESS: 12 (1-byte-read-heap-buffer-overflow)
    #0 0x8290a36 in put_no_rnd_vc1_chroma_mc8_c /src/ffmpeg/libavcodec/vc1dsp.c:809:18
    #1 0x8625571 in ff_vc1_mc_1mv /src/ffmpeg/libavcodec/vc1_mc.c
    #2 0x85c575f in vc1_decode_p_mb /src/ffmpeg/libavcodec/vc1_block.c:1404:13
    #3 0x85c575f in vc1_decode_p_blocks /src/ffmpeg/libavcodec/vc1_block.c:2850:17
    #4 0x85b6f66 in ff_vc1_decode_blocks /src/ffmpeg/libavcodec/vc1_block.c:3011:17
    #5 0x8272577 in vc1_decode_frame /src/ffmpeg/libavcodec/vc1dec.c:1290:13
    #6 0x8210005 in decode_simple_internal /src/ffmpeg/libavcodec/decode.c:285:15
    #7 0x8210005 in decode_simple_receive_frame /src/ffmpeg/libavcodec/decode.c:541:15
    #8 0x8210005 in decode_receive_frame_internal /src/ffmpeg/libavcodec/decode.c:560:15
    #9 0x820f776 in avcodec_send_packet /src/ffmpeg/libavcodec/decode.c:635:15
    #10 0x81f728e in LLVMFuzzerTestOneInput /src/ffmpeg/tools/target_dec_fuzzer.c:512:25
    #11 0x80b5a2e in fuzzer::Fuzzer::ExecuteCallback(unsigned char const*, unsigned int) /src/llvm-project/compiler-rt/lib/fuzzer/FuzzerLoop.cpp:611:15
    #12 0x80a098e in fuzzer::RunOneTest(fuzzer::Fuzzer*, char const*, unsigned int) /src/llvm-project/compiler-rt/lib/fuzzer/FuzzerDriver.cpp:324:6
    #13 0x80a6590 in fuzzer::FuzzerDriver(int*, char***, int (*)(unsigned char const*, unsigned int)) /src/llvm-project/compiler-rt/lib/fuzzer/FuzzerDriver.cpp:860:9
    #14 0x80d0177 in main /src/llvm-project/compiler-rt/lib/fuzzer/FuzzerMain.cpp:20:10
    #15 0xf6b39ed4 in __libc_start_main (/lib/i386-linux-gnu/libc.so.6+0x1aed4) (BuildId: f0e9c9950026d7f234a4a1d03670a7ed59ceb726)
    #16 0x8097ad5 in _start (/out/ffmpeg_AV_CODEC_ID_VC1_fuzzer+0x8097ad5)

DEDUP_TOKEN: put_no_rnd_vc1_chroma_mc8_c--ff_vc1_mc_1mv--vc1_decode_p_mb
0xf0b02f80 is located 0 bytes to the right of 1280-byte region [0xf0b02a80,0xf0b02f80)
allocated by thread T0 here:
    #0 0x81b20da in posix_memalign /src/llvm-project/compiler-rt/lib/asan/asan_malloc_linux.cpp:145:3
    #1 0x8833ecf in av_malloc /src/ffmpeg/libavutil/mem.c:105:9
    #2 0x87efd2a in av_buffer_alloc /src/ffmpeg/libavutil/buffer.c:82:12
    #3 0x81fa096 in fuzz_video_get_buffer /src/ffmpeg/tools/target_dec_fuzzer.c:131:25
    #4 0x81fa096 in fuzz_get_buffer2 /src/ffmpeg/tools/target_dec_fuzzer.c:152:18
    #5 0x821a73e in ff_get_buffer /src/ffmpeg/libavcodec/decode.c:1486:11
    #6 0x8259337 in ff_thread_get_ext_buffer /src/ffmpeg/libavcodec/pthread_frame.c:1103:16
    #7 0x86a5df2 in alloc_frame_buffer /src/ffmpeg/libavcodec/mpegpicture.c:145:13
    #8 0x86a5df2 in ff_alloc_picture /src/ffmpeg/libavcodec/mpegpicture.c:272:13
    #9 0x84f3a86 in alloc_picture /src/ffmpeg/libavcodec/mpegvideo_dec.c:245:12
    #10 0x84f3a86 in ff_mpv_frame_start /src/ffmpeg/libavcodec/mpegvideo_dec.c:384:13
    #11 0x8270938 in vc1_decode_frame /src/ffmpeg/libavcodec/vc1dec.c:1071:16
    #12 0x8210005 in decode_simple_internal /src/ffmpeg/libavcodec/decode.c:285:15
    #13 0x8210005 in decode_simple_receive_frame /src/ffmpeg/libavcodec/decode.c:541:15
    #14 0x8210005 in decode_receive_frame_internal /src/ffmpeg/libavcodec/decode.c:560:15
    #15 0x820f776 in avcodec_send_packet /src/ffmpeg/libavcodec/decode.c:635:15
    #16 0x81f728e in LLVMFuzzerTestOneInput /src/ffmpeg/tools/target_dec_fuzzer.c:512:25
    #17 0x80b5a2e in fuzzer::Fuzzer::ExecuteCallback(unsigned char const*, unsigned int) /src/llvm-project/compiler-rt/lib/fuzzer/FuzzerLoop.cpp:611:15
    #18 0x80a098e in fuzzer::RunOneTest(fuzzer::Fuzzer*, char const*, unsigned int) /src/llvm-project/compiler-rt/lib/fuzzer/FuzzerDriver.cpp:324:6
    #19 0x80a6590 in fuzzer::FuzzerDriver(int*, char***, int (*)(unsigned char const*, unsigned int)) /src/llvm-project/compiler-rt/lib/fuzzer/FuzzerDriver.cpp:860:9
    #20 0x80d0177 in main /src/llvm-project/compiler-rt/lib/fuzzer/FuzzerMain.cpp:20:10
    #21 0xf6b39ed4 in __libc_start_main (/lib/i386-linux-gnu/libc.so.6+0x1aed4) (BuildId: f0e9c9950026d7f234a4a1d03670a7ed59ceb726)

DEDUP_TOKEN: posix_memalign--av_malloc--av_buffer_alloc
SUMMARY: AddressSanitizer: heap-buffer-overflow /src/ffmpeg/libavcodec/vc1dsp.c:809:18 in put_no_rnd_vc1_chroma_mc8_c
Shadow bytes around the buggy address:
  0x3e1605a0: 00 00 00 00 00 00 00 00 00 00 00 00 00 00 00 00
  0x3e1605b0: 00 00 00 00 00 00 00 00 00 00 00 00 00 00 00 00
  0x3e1605c0: 00 00 00 00 00 00 00 00 00 00 00 00 00 00 00 00
  0x3e1605d0: 00 00 00 00 00 00 00 00 00 00 00 00 00 00 00 00
  0x3e1605e0: 00 00 00 00 00 00 00 00 00 00 00 00 00 00 00 00
=>0x3e1605f0:[fa]fa fa fa fa fa fa fa fa fa fa fa fa fa fa fa
  0x3e160600: fa fa fa fa fa fa fa fa fa fa fa fa fa fa fa fa
  0x3e160610: 00 00 00 00 00 00 00 00 00 00 00 00 00 00 00 00
  0x3e160620: 00 00 00 00 00 00 00 00 00 00 00 00 00 00 00 00
  0x3e160630: 00 00 00 00 00 00 00 00 00 00 00 00 00 00 00 00
  0x3e160640: 00 00 00 00 00 00 00 00 00 00 00 00 00 00 00 00
Shadow byte legend (one shadow byte represents 8 application bytes):
  Addressable:           00
  Partially addressable: 01 02 03 04 05 06 07
  Heap left redzone:       fa
  Freed heap region:       fd
  Stack left redzone:      f1
  Stack mid redzone:       f2
  Stack right redzone:     f3
  Stack after return:      f5
  Stack use after scope:   f8
  Global redzone:          f9
  Global init order:       f6
  Poisoned by user:        f7
  Container overflow:      fc
  Array cookie:            ac
  Intra object redzone:    bb
  ASan internal:           fe
  Left alloca redzone:     ca
  Right alloca redzone:    cb
==13==ABORTING