INFO: Running with entropic power schedule (0xFF, 100).
INFO: Seed: 2098817058
INFO: Loaded 1 modules   (56256 inline 8-bit counters): 56256 [0x8aa8760, 0x8ab6320), 
INFO: Loaded 1 PC tables (56256 PCs): 56256 [0x8963790,0x89d1590), 
/out/ffmpeg_AV_CODEC_ID_SCPR_fuzzer: Running 1 inputs 1 time(s) each.
Running: /tmp/poc
=================================================================
==7==ERROR: AddressSanitizer: heap-buffer-overflow on address 0xe391a028 at pc 0x08274f19 bp 0xff9e28b8 sp 0xff9e28b0
WRITE of size 4 at 0xe391a028 thread T0
SCARINESS: 46 (4-byte-write-heap-buffer-overflow-far-from-bounds)
    #0 0x8274f18 in decode_run_p /src/ffmpeg/libavcodec/scpr.h:234:39
    #1 0x8262afd in decompress_p /src/ffmpeg/libavcodec/scpr.c:480:27
    #2 0x825af02 in decode_frame /src/ffmpeg/libavcodec/scpr.c:560:19
    #3 0x820a8c5 in decode_simple_internal /src/ffmpeg/libavcodec/decode.c:285:15
    #4 0x820a8c5 in decode_simple_receive_frame /src/ffmpeg/libavcodec/decode.c:541:15
    #5 0x820a8c5 in decode_receive_frame_internal /src/ffmpeg/libavcodec/decode.c:560:15
    #6 0x820a036 in avcodec_send_packet /src/ffmpeg/libavcodec/decode.c:635:15
    #7 0x81f1b4e in LLVMFuzzerTestOneInput /src/ffmpeg/tools/target_dec_fuzzer.c:512:25
    #8 0x80b02ee in fuzzer::Fuzzer::ExecuteCallback(unsigned char const*, unsigned int) /src/llvm-project/compiler-rt/lib/fuzzer/FuzzerLoop.cpp:611:15
    #9 0x809b24e in fuzzer::RunOneTest(fuzzer::Fuzzer*, char const*, unsigned int) /src/llvm-project/compiler-rt/lib/fuzzer/FuzzerDriver.cpp:324:6
    #10 0x80a0e50 in fuzzer::FuzzerDriver(int*, char***, int (*)(unsigned char const*, unsigned int)) /src/llvm-project/compiler-rt/lib/fuzzer/FuzzerDriver.cpp:860:9
    #11 0x80caa37 in main /src/llvm-project/compiler-rt/lib/fuzzer/FuzzerMain.cpp:20:10
    #12 0xeb8fced4 in __libc_start_main (/lib/i386-linux-gnu/libc.so.6+0x1aed4) (BuildId: f0e9c9950026d7f234a4a1d03670a7ed59ceb726)
    #13 0x8092395 in _start (/out/ffmpeg_AV_CODEC_ID_SCPR_fuzzer+0x8092395)

DEDUP_TOKEN: decode_run_p--decompress_p--decode_frame
0xe391a028 is located 8 bytes to the right of 48160-byte region [0xe390e400,0xe391a020)
allocated by thread T0 here:
    #0 0x81ac99a in posix_memalign /src/llvm-project/compiler-rt/lib/asan/asan_malloc_linux.cpp:145:3
    #1 0x87b08ef in av_malloc /src/ffmpeg/libavutil/mem.c:105:9
    #2 0x876c74a in av_buffer_alloc /src/ffmpeg/libavutil/buffer.c:82:12
    #3 0x81f4956 in fuzz_video_get_buffer /src/ffmpeg/tools/target_dec_fuzzer.c:131:25
    #4 0x81f4956 in fuzz_get_buffer2 /src/ffmpeg/tools/target_dec_fuzzer.c:152:18
    #5 0x8214ffe in ff_get_buffer /src/ffmpeg/libavcodec/decode.c:1486:11
    #6 0x8216011 in reget_buffer_internal /src/ffmpeg/libavcodec/decode.c:1526:16
    #7 0x8216011 in ff_reget_buffer /src/ffmpeg/libavcodec/decode.c:1551:15
    #8 0x82587a8 in decode_frame /src/ffmpeg/libavcodec/scpr.c:505:16
    #9 0x820a8c5 in decode_simple_internal /src/ffmpeg/libavcodec/decode.c:285:15
    #10 0x820a8c5 in decode_simple_receive_frame /src/ffmpeg/libavcodec/decode.c:541:15
    #11 0x820a8c5 in decode_receive_frame_internal /src/ffmpeg/libavcodec/decode.c:560:15
    #12 0x820a036 in avcodec_send_packet /src/ffmpeg/libavcodec/decode.c:635:15
    #13 0x81f1b4e in LLVMFuzzerTestOneInput /src/ffmpeg/tools/target_dec_fuzzer.c:512:25
    #14 0x80b02ee in fuzzer::Fuzzer::ExecuteCallback(unsigned char const*, unsigned int) /src/llvm-project/compiler-rt/lib/fuzzer/FuzzerLoop.cpp:611:15
    #15 0x809b24e in fuzzer::RunOneTest(fuzzer::Fuzzer*, char const*, unsigned int) /src/llvm-project/compiler-rt/lib/fuzzer/FuzzerDriver.cpp:324:6
    #16 0x80a0e50 in fuzzer::FuzzerDriver(int*, char***, int (*)(unsigned char const*, unsigned int)) /src/llvm-project/compiler-rt/lib/fuzzer/FuzzerDriver.cpp:860:9
    #17 0x80caa37 in main /src/llvm-project/compiler-rt/lib/fuzzer/FuzzerMain.cpp:20:10
    #18 0xeb8fced4 in __libc_start_main (/lib/i386-linux-gnu/libc.so.6+0x1aed4) (BuildId: f0e9c9950026d7f234a4a1d03670a7ed59ceb726)

DEDUP_TOKEN: posix_memalign--av_malloc--av_buffer_alloc
SUMMARY: AddressSanitizer: heap-buffer-overflow /src/ffmpeg/libavcodec/scpr.h:234:39 in decode_run_p
Shadow bytes around the buggy address:
  0x3c7233b0: 00 00 00 00 00 00 00 00 00 00 00 00 00 00 00 00
  0x3c7233c0: 00 00 00 00 00 00 00 00 00 00 00 00 00 00 00 00
  0x3c7233d0: 00 00 00 00 00 00 00 00 00 00 00 00 00 00 00 00
  0x3c7233e0: 00 00 00 00 00 00 00 00 00 00 00 00 00 00 00 00
  0x3c7233f0: 00 00 00 00 00 00 00 00 00 00 00 00 00 00 00 00
=>0x3c723400: 00 00 00 00 fa[fa]fa fa fa fa fa fa fa fa fa fa
  0x3c723410: fa fa fa fa fa fa fa fa fa fa fa fa fa fa fa fa
  0x3c723420: fa fa fa fa fa fa fa fa fa fa fa fa fa fa fa fa
  0x3c723430: fa fa fa fa fa fa fa fa fa fa fa fa fa fa fa fa
  0x3c723440: fa fa fa fa fa fa fa fa fa fa fa fa fa fa fa fa
  0x3c723450: fa fa fa fa fa fa fa fa fa fa fa fa fa fa fa fa
Shadow byte legend (one shadow byte represents 8 application bytes):
  Addressable:           00
  Partially addressable: 01 02 03 04 05 06 07 
  Heap left redzone:       fa
  Freed heap region:       fd
  Stack left redzone:      f1
  Stack mid redzone:       f2
  Stack right redzone:     f3
  Stack after return:      f5
  Stack use after scope:   f8
  Global redzone:          f9
  Global init order:       f6
  Poisoned by user:        f7
  Container overflow:      fc
  Array cookie:            ac
  Intra object redzone:    bb
  ASan internal:           fe
  Left alloca redzone:     ca
  Right alloca redzone:    cb
==7==ABORTING
