Unable to find image 'n132/arvo:54857-vul' locally
54857-vul: Pulling from n132/arvo
846c0b181fff: Already exists
6f40dfa743ea: Already exists
870d7d85d921: Already exists
8cafa8deec23: Already exists
b3c7713b77b4: Already exists
671aa2736f7d: Already exists
26a655f48331: Already exists
5e53940b618d: Already exists
3ab0e8346b9d: Already exists
da63893d7e33: Already exists
aeb614c05937: Already exists
63eaf6e1861b: Already exists
d7b23536322c: Already exists
6ac262db61e1: Already exists
3e82909c323e: Already exists
58a52029f898: Already exists
27d5aa940f40: Already exists
aa8720e4745f: Already exists
2811b888af37: Already exists
fe41c9462537: Already exists
5455e015fd20: Already exists
3c7eb3a6d6b6: Already exists
ea5ccad381d5: Already exists
dc6f22c3a893: Already exists
e936cc5046a5: Already exists
713ce431cd5f: Already exists
01fee13fe46b: Pulling fs layer
4d0509183493: Pulling fs layer
0af3539109d6: Pulling fs layer
3a61bdc90fe7: Pulling fs layer
3b44422fb7d5: Pulling fs layer
a597cbf107b1: Pulling fs layer
0b9974761950: Pulling fs layer
0fcb8d7f8a6a: Pulling fs layer
5df395d2528b: Pulling fs layer
36f909084fbf: Pulling fs layer
8d4496911e79: Pulling fs layer
671b29dbda2d: Pulling fs layer
f5dc560b5a50: Pulling fs layer
aa5403e4db70: Pulling fs layer
9ffcbd1ff11b: Pulling fs layer
9c85ce1bc3dc: Pulling fs layer
3aed4c45f4ec: Pulling fs layer
b298dd4f3262: Pulling fs layer
dee06b90fcb4: Pulling fs layer
0694ae732bf5: Pulling fs layer
570646c42a7b: Pulling fs layer
fcbf80a2afbe: Pulling fs layer
d82129f4c39f: Pulling fs layer
f8a1b192ab76: Pulling fs layer
0b9974761950: Waiting
1d56d6f4e0f4: Pulling fs layer
0fcb8d7f8a6a: Waiting
aa5403e4db70: Waiting
5df395d2528b: Waiting
9ffcbd1ff11b: Waiting
36f909084fbf: Waiting
9c85ce1bc3dc: Waiting
3aed4c45f4ec: Waiting
3a61bdc90fe7: Waiting
8d4496911e79: Waiting
3b44422fb7d5: Waiting
a597cbf107b1: Waiting
b298dd4f3262: Waiting
671b29dbda2d: Waiting
570646c42a7b: Waiting
fcbf80a2afbe: Waiting
0694ae732bf5: Waiting
dee06b90fcb4: Waiting
f8a1b192ab76: Waiting
1d56d6f4e0f4: Waiting
4d0509183493: Verifying Checksum
4d0509183493: Download complete
3a61bdc90fe7: Verifying Checksum
3a61bdc90fe7: Download complete
01fee13fe46b: Verifying Checksum
01fee13fe46b: Download complete
3b44422fb7d5: Download complete
a597cbf107b1: Verifying Checksum
a597cbf107b1: Download complete
0fcb8d7f8a6a: Verifying Checksum
0fcb8d7f8a6a: Download complete
0b9974761950: Verifying Checksum
0b9974761950: Download complete
5df395d2528b: Verifying Checksum
5df395d2528b: Download complete
36f909084fbf: Verifying Checksum
36f909084fbf: Download complete
671b29dbda2d: Verifying Checksum
671b29dbda2d: Download complete
8d4496911e79: Verifying Checksum
8d4496911e79: Download complete
f5dc560b5a50: Download complete
aa5403e4db70: Verifying Checksum
aa5403e4db70: Download complete
01fee13fe46b: Pull complete
4d0509183493: Pull complete
9c85ce1bc3dc: Verifying Checksum
9c85ce1bc3dc: Download complete
3aed4c45f4ec: Verifying Checksum
3aed4c45f4ec: Download complete
9ffcbd1ff11b: Verifying Checksum
9ffcbd1ff11b: Download complete
b298dd4f3262: Verifying Checksum
b298dd4f3262: Download complete
dee06b90fcb4: Verifying Checksum
dee06b90fcb4: Download complete
0694ae732bf5: Verifying Checksum
0694ae732bf5: Download complete
fcbf80a2afbe: Verifying Checksum
fcbf80a2afbe: Download complete
d82129f4c39f: Verifying Checksum
d82129f4c39f: Download complete
570646c42a7b: Verifying Checksum
570646c42a7b: Download complete
1d56d6f4e0f4: Verifying Checksum
1d56d6f4e0f4: Download complete
0af3539109d6: Verifying Checksum
0af3539109d6: Download complete
0af3539109d6: Pull complete
3a61bdc90fe7: Pull complete
3b44422fb7d5: Pull complete
a597cbf107b1: Pull complete
0b9974761950: Pull complete
0fcb8d7f8a6a: Pull complete
5df395d2528b: Pull complete
36f909084fbf: Pull complete
8d4496911e79: Pull complete
671b29dbda2d: Pull complete
f5dc560b5a50: Pull complete
aa5403e4db70: Pull complete
9ffcbd1ff11b: Pull complete
9c85ce1bc3dc: Pull complete
3aed4c45f4ec: Pull complete
b298dd4f3262: Pull complete
dee06b90fcb4: Pull complete
0694ae732bf5: Pull complete
570646c42a7b: Pull complete
fcbf80a2afbe: Pull complete
d82129f4c39f: Pull complete
f8a1b192ab76: Verifying Checksum
f8a1b192ab76: Download complete
f8a1b192ab76: Pull complete
1d56d6f4e0f4: Pull complete
Digest: sha256:ceffd6a7dd51a8bfeb0ea5ef44676fda019581b0206cc228d5c192ed830ea2f6
Status: Downloaded newer image for n132/arvo:54857-vul
INFO: Running with entropic power schedule (0xFF, 100).
INFO: Seed: 33652703
INFO: Loaded 1 modules   (60992 inline 8-bit counters): 60992 [0x8b41ea0, 0x8b50ce0), 
INFO: Loaded 1 PC tables (60992 PCs): 60992 [0x89f1e70,0x8a69070), 
/out/ffmpeg_AV_CODEC_ID_VC1_fuzzer: Running 1 inputs 1 time(s) each.
Running: /tmp/poc
=================================================================
==7==ERROR: AddressSanitizer: heap-buffer-overflow on address 0xed502f80 at pc 0x08290a37 bp 0xff8be698 sp 0xff8be690
READ of size 1 at 0xed502f80 thread T0
SCARINESS: 12 (1-byte-read-heap-buffer-overflow)
    #0 0x8290a36 in put_no_rnd_vc1_chroma_mc8_c /src/ffmpeg/libavcodec/vc1dsp.c:809:18
    #1 0x8625571 in ff_vc1_mc_1mv /src/ffmpeg/libavcodec/vc1_mc.c
    #2 0x85c575f in vc1_decode_p_mb /src/ffmpeg/libavcodec/vc1_block.c:1404:13
    #3 0x85c575f in vc1_decode_p_blocks /src/ffmpeg/libavcodec/vc1_block.c:2850:17
    #4 0x85b6f66 in ff_vc1_decode_blocks /src/ffmpeg/libavcodec/vc1_block.c:3011:17
    #5 0x8272577 in vc1_decode_frame /src/ffmpeg/libavcodec/vc1dec.c:1290:13
    #6 0x8210005 in decode_simple_internal /src/ffmpeg/libavcodec/decode.c:285:15
    #7 0x8210005 in decode_simple_receive_frame /src/ffmpeg/libavcodec/decode.c:541:15
    #8 0x8210005 in decode_receive_frame_internal /src/ffmpeg/libavcodec/decode.c:560:15
    #9 0x820f776 in avcodec_send_packet /src/ffmpeg/libavcodec/decode.c:635:15
    #10 0x81f728e in LLVMFuzzerTestOneInput /src/ffmpeg/tools/target_dec_fuzzer.c:512:25
    #11 0x80b5a2e in fuzzer::Fuzzer::ExecuteCallback(unsigned char const*, unsigned int) /src/llvm-project/compiler-rt/lib/fuzzer/FuzzerLoop.cpp:611:15
    #12 0x80a098e in fuzzer::RunOneTest(fuzzer::Fuzzer*, char const*, unsigned int) /src/llvm-project/compiler-rt/lib/fuzzer/FuzzerDriver.cpp:324:6
    #13 0x80a6590 in fuzzer::FuzzerDriver(int*, char***, int (*)(unsigned char const*, unsigned int)) /src/llvm-project/compiler-rt/lib/fuzzer/FuzzerDriver.cpp:860:9
    #14 0x80d0177 in main /src/llvm-project/compiler-rt/lib/fuzzer/FuzzerMain.cpp:20:10
    #15 0xf350eed4 in __libc_start_main (/lib/i386-linux-gnu/libc.so.6+0x1aed4) (BuildId: f0e9c9950026d7f234a4a1d03670a7ed59ceb726)
    #16 0x8097ad5 in _start (/out/ffmpeg_AV_CODEC_ID_VC1_fuzzer+0x8097ad5)

DEDUP_TOKEN: put_no_rnd_vc1_chroma_mc8_c--ff_vc1_mc_1mv--vc1_decode_p_mb
0xed502f80 is located 0 bytes to the right of 1280-byte region [0xed502a80,0xed502f80)
allocated by thread T0 here:
    #0 0x81b20da in posix_memalign /src/llvm-project/compiler-rt/lib/asan/asan_malloc_linux.cpp:145:3
    #1 0x8833ecf in av_malloc /src/ffmpeg/libavutil/mem.c:105:9
    #2 0x87efd2a in av_buffer_alloc /src/ffmpeg/libavutil/buffer.c:82:12
    #3 0x81fa096 in fuzz_video_get_buffer /src/ffmpeg/tools/target_dec_fuzzer.c:131:25
    #4 0x81fa096 in fuzz_get_buffer2 /src/ffmpeg/tools/target_dec_fuzzer.c:152:18
    #5 0x821a73e in ff_get_buffer /src/ffmpeg/libavcodec/decode.c:1486:11
    #6 0x8259337 in ff_thread_get_ext_buffer /src/ffmpeg/libavcodec/pthread_frame.c:1103:16
    #7 0x86a5df2 in alloc_frame_buffer /src/ffmpeg/libavcodec/mpegpicture.c:145:13
    #8 0x86a5df2 in ff_alloc_picture /src/ffmpeg/libavcodec/mpegpicture.c:272:13
    #9 0x84f3a86 in alloc_picture /src/ffmpeg/libavcodec/mpegvideo_dec.c:245:12
    #10 0x84f3a86 in ff_mpv_frame_start /src/ffmpeg/libavcodec/mpegvideo_dec.c:384:13
    #11 0x8270938 in vc1_decode_frame /src/ffmpeg/libavcodec/vc1dec.c:1071:16
    #12 0x8210005 in decode_simple_internal /src/ffmpeg/libavcodec/decode.c:285:15
    #13 0x8210005 in decode_simple_receive_frame /src/ffmpeg/libavcodec/decode.c:541:15
    #14 0x8210005 in decode_receive_frame_internal /src/ffmpeg/libavcodec/decode.c:560:15
    #15 0x820f776 in avcodec_send_packet /src/ffmpeg/libavcodec/decode.c:635:15
    #16 0x81f728e in LLVMFuzzerTestOneInput /src/ffmpeg/tools/target_dec_fuzzer.c:512:25
    #17 0x80b5a2e in fuzzer::Fuzzer::ExecuteCallback(unsigned char const*, unsigned int) /src/llvm-project/compiler-rt/lib/fuzzer/FuzzerLoop.cpp:611:15
    #18 0x80a098e in fuzzer::RunOneTest(fuzzer::Fuzzer*, char const*, unsigned int) /src/llvm-project/compiler-rt/lib/fuzzer/FuzzerDriver.cpp:324:6
    #19 0x80a6590 in fuzzer::FuzzerDriver(int*, char***, int (*)(unsigned char const*, unsigned int)) /src/llvm-project/compiler-rt/lib/fuzzer/FuzzerDriver.cpp:860:9
    #20 0x80d0177 in main /src/llvm-project/compiler-rt/lib/fuzzer/FuzzerMain.cpp:20:10
    #21 0xf350eed4 in __libc_start_main (/lib/i386-linux-gnu/libc.so.6+0x1aed4) (BuildId: f0e9c9950026d7f234a4a1d03670a7ed59ceb726)

DEDUP_TOKEN: posix_memalign--av_malloc--av_buffer_alloc
SUMMARY: AddressSanitizer: heap-buffer-overflow /src/ffmpeg/libavcodec/vc1dsp.c:809:18 in put_no_rnd_vc1_chroma_mc8_c
Shadow bytes around the buggy address:
  0x3daa05a0: 00 00 00 00 00 00 00 00 00 00 00 00 00 00 00 00
  0x3daa05b0: 00 00 00 00 00 00 00 00 00 00 00 00 00 00 00 00
  0x3daa05c0: 00 00 00 00 00 00 00 00 00 00 00 00 00 00 00 00
  0x3daa05d0: 00 00 00 00 00 00 00 00 00 00 00 00 00 00 00 00
  0x3daa05e0: 00 00 00 00 00 00 00 00 00 00 00 00 00 00 00 00
=>0x3daa05f0:[fa]fa fa fa fa fa fa fa fa fa fa fa fa fa fa fa
  0x3daa0600: fa fa fa fa fa fa fa fa fa fa fa fa fa fa fa fa
  0x3daa0610: 00 00 00 00 00 00 00 00 00 00 00 00 00 00 00 00
  0x3daa0620: 00 00 00 00 00 00 00 00 00 00 00 00 00 00 00 00
  0x3daa0630: 00 00 00 00 00 00 00 00 00 00 00 00 00 00 00 00
  0x3daa0640: 00 00 00 00 00 00 00 00 00 00 00 00 00 00 00 00
Shadow byte legend (one shadow byte represents 8 application bytes):
  Addressable:           00
  Partially addressable: 01 02 03 04 05 06 07 
  Heap left redzone:       fa
  Freed heap region:       fd
  Stack left redzone:      f1
  Stack mid redzone:       f2
  Stack right redzone:     f3
  Stack after return:      f5
  Stack use after scope:   f8
  Global redzone:          f9
  Global init order:       f6
  Poisoned by user:        f7
  Container overflow:      fc
  Array cookie:            ac
  Intra object redzone:    bb
  ASan internal:           fe
  Left alloca redzone:     ca
  Right alloca redzone:    cb
==7==ABORTING
