Unable to find image 'n132/arvo:55026-vul' locally
55026-vul: Pulling from n132/arvo
846c0b181fff: Already exists
c732a83f227b: Pulling fs layer
dc6ab69ec6a5: Pulling fs layer
a74efbe5a839: Pulling fs layer
8cf12841ce4b: Pulling fs layer
f494ec788846: Pulling fs layer
26c2dd9bd6fc: Pulling fs layer
b49429dbc0b7: Pulling fs layer
d805f64c17b1: Pulling fs layer
94cbecb2f2e5: Pulling fs layer
f365a3024c62: Pulling fs layer
bebb874b422a: Pulling fs layer
9b92fd07a2d4: Pulling fs layer
3f02467a3518: Pulling fs layer
6bfce3c803dd: Pulling fs layer
f96d010ccf1e: Pulling fs layer
0dee8648b422: Pulling fs layer
4545c169f59c: Pulling fs layer
efb0844e2530: Pulling fs layer
b0fec63c658e: Pulling fs layer
68a784dbb0c2: Pulling fs layer
d262737ab8c5: Pulling fs layer
9b92fd07a2d4: Waiting
b5f62b1126af: Pulling fs layer
f494ec788846: Waiting
3f02467a3518: Waiting
6c8cbd112f61: Pulling fs layer
26c2dd9bd6fc: Waiting
6bfce3c803dd: Waiting
0c38e598898a: Pulling fs layer
b49429dbc0b7: Waiting
bebb874b422a: Waiting
d805f64c17b1: Waiting
f7b80776a310: Pulling fs layer
94cbecb2f2e5: Waiting
6432d78cd248: Pulling fs layer
f96d010ccf1e: Waiting
051efdbc9cda: Pulling fs layer
f365a3024c62: Waiting
c73381319e4c: Pulling fs layer
f22e612a964f: Pulling fs layer
d262737ab8c5: Waiting
b165baa6a3fc: Pulling fs layer
8cf12841ce4b: Waiting
4545c169f59c: Waiting
f9ca122d760e: Pulling fs layer
dc1bd8b55512: Pulling fs layer
352c4022d6a7: Pulling fs layer
b5f62b1126af: Waiting
0d176689856a: Pulling fs layer
8860b7f9fa37: Pulling fs layer
721f5e73c26b: Pulling fs layer
0dee8648b422: Waiting
6c8cbd112f61: Waiting
de7077e26010: Pulling fs layer
efb0844e2530: Waiting
0c38e598898a: Waiting
21778d2117f1: Pulling fs layer
68a784dbb0c2: Waiting
b0fec63c658e: Waiting
051efdbc9cda: Waiting
c73381319e4c: Waiting
f7b80776a310: Waiting
f22e612a964f: Waiting
6432d78cd248: Waiting
c0375ca5076c: Pulling fs layer
b165baa6a3fc: Waiting
dc1bd8b55512: Waiting
352c4022d6a7: Waiting
99cd5d0cafd4: Pulling fs layer
f9ca122d760e: Waiting
0d176689856a: Waiting
721f5e73c26b: Waiting
a571e030eaef: Pulling fs layer
3da095f33370: Pulling fs layer
c0375ca5076c: Waiting
9b7632cf1e7d: Pulling fs layer
21778d2117f1: Waiting
99cd5d0cafd4: Waiting
de7077e26010: Waiting
a571e030eaef: Waiting
a44289ecc856: Pulling fs layer
3da095f33370: Waiting
aa5be7184d6c: Pulling fs layer
9b7632cf1e7d: Waiting
0408a7c178c3: Pulling fs layer
a44289ecc856: Waiting
aa5be7184d6c: Waiting
dccb1efca631: Pulling fs layer
e7b4a48bad31: Pulling fs layer
ca7575274020: Pulling fs layer
5598682053f1: Pulling fs layer
0408a7c178c3: Waiting
dccb1efca631: Waiting
e7b4a48bad31: Waiting
ca7575274020: Waiting
5598682053f1: Waiting
dc6ab69ec6a5: Download complete
c732a83f227b: Verifying Checksum
c732a83f227b: Download complete
a74efbe5a839: Verifying Checksum
a74efbe5a839: Download complete
8cf12841ce4b: Verifying Checksum
8cf12841ce4b: Download complete
f494ec788846: Verifying Checksum
f494ec788846: Download complete
b49429dbc0b7: Download complete
c732a83f227b: Pull complete
dc6ab69ec6a5: Pull complete
d805f64c17b1: Verifying Checksum
d805f64c17b1: Download complete
a74efbe5a839: Pull complete
f365a3024c62: Verifying Checksum
f365a3024c62: Download complete
8cf12841ce4b: Pull complete
f494ec788846: Pull complete
bebb874b422a: Download complete
94cbecb2f2e5: Verifying Checksum
94cbecb2f2e5: Download complete
9b92fd07a2d4: Verifying Checksum
9b92fd07a2d4: Download complete
3f02467a3518: Verifying Checksum
3f02467a3518: Download complete
26c2dd9bd6fc: Verifying Checksum
26c2dd9bd6fc: Download complete
6bfce3c803dd: Download complete
0dee8648b422: Download complete
f96d010ccf1e: Verifying Checksum
f96d010ccf1e: Download complete
4545c169f59c: Verifying Checksum
4545c169f59c: Download complete
efb0844e2530: Verifying Checksum
efb0844e2530: Download complete
b0fec63c658e: Verifying Checksum
b0fec63c658e: Download complete
68a784dbb0c2: Verifying Checksum
68a784dbb0c2: Download complete
d262737ab8c5: Verifying Checksum
d262737ab8c5: Download complete
6c8cbd112f61: Verifying Checksum
6c8cbd112f61: Download complete
b5f62b1126af: Verifying Checksum
b5f62b1126af: Download complete
0c38e598898a: Verifying Checksum
0c38e598898a: Download complete
f7b80776a310: Verifying Checksum
f7b80776a310: Download complete
051efdbc9cda: Download complete
f22e612a964f: Verifying Checksum
f22e612a964f: Download complete
26c2dd9bd6fc: Pull complete
b49429dbc0b7: Pull complete
d805f64c17b1: Pull complete
6432d78cd248: Verifying Checksum
6432d78cd248: Download complete
94cbecb2f2e5: Pull complete
c73381319e4c: Verifying Checksum
c73381319e4c: Download complete
f9ca122d760e: Verifying Checksum
f9ca122d760e: Download complete
f365a3024c62: Pull complete
bebb874b422a: Pull complete
9b92fd07a2d4: Pull complete
dc1bd8b55512: Download complete
b165baa6a3fc: Verifying Checksum
b165baa6a3fc: Download complete
3f02467a3518: Pull complete
6bfce3c803dd: Pull complete
f96d010ccf1e: Pull complete
0dee8648b422: Pull complete
4545c169f59c: Pull complete
efb0844e2530: Pull complete
b0fec63c658e: Pull complete
68a784dbb0c2: Pull complete
0d176689856a: Verifying Checksum
0d176689856a: Download complete
d262737ab8c5: Pull complete
b5f62b1126af: Pull complete
6c8cbd112f61: Pull complete
0c38e598898a: Pull complete
f7b80776a310: Pull complete
8860b7f9fa37: Download complete
352c4022d6a7: Verifying Checksum
352c4022d6a7: Download complete
721f5e73c26b: Download complete
21778d2117f1: Verifying Checksum
21778d2117f1: Download complete
c0375ca5076c: Verifying Checksum
c0375ca5076c: Download complete
de7077e26010: Verifying Checksum
de7077e26010: Download complete
a571e030eaef: Verifying Checksum
a571e030eaef: Download complete
3da095f33370: Verifying Checksum
3da095f33370: Download complete
9b7632cf1e7d: Verifying Checksum
9b7632cf1e7d: Download complete
a44289ecc856: Verifying Checksum
a44289ecc856: Download complete
99cd5d0cafd4: Verifying Checksum
99cd5d0cafd4: Download complete
aa5be7184d6c: Verifying Checksum
aa5be7184d6c: Download complete
e7b4a48bad31: Download complete
0408a7c178c3: Verifying Checksum
0408a7c178c3: Download complete
6432d78cd248: Pull complete
051efdbc9cda: Pull complete
5598682053f1: Verifying Checksum
5598682053f1: Download complete
dccb1efca631: Verifying Checksum
dccb1efca631: Download complete
c73381319e4c: Pull complete
f22e612a964f: Pull complete
b165baa6a3fc: Pull complete
f9ca122d760e: Pull complete
dc1bd8b55512: Pull complete
352c4022d6a7: Pull complete
0d176689856a: Pull complete
8860b7f9fa37: Pull complete
721f5e73c26b: Pull complete
de7077e26010: Pull complete
21778d2117f1: Pull complete
c0375ca5076c: Pull complete
99cd5d0cafd4: Pull complete
a571e030eaef: Pull complete
3da095f33370: Pull complete
9b7632cf1e7d: Pull complete
a44289ecc856: Pull complete
aa5be7184d6c: Pull complete
0408a7c178c3: Pull complete
dccb1efca631: Pull complete
e7b4a48bad31: Pull complete
ca7575274020: Verifying Checksum
ca7575274020: Download complete
ca7575274020: Pull complete
5598682053f1: Pull complete
Digest: sha256:c6fbf7b1da8ed07a6efa29196fd81d72ac329597a5a6cac8ed8a09e4750396df
Status: Downloaded newer image for n132/arvo:55026-vul
INFO: Running with entropic power schedule (0xFF, 100).
INFO: Seed: 859962827
INFO: Loaded 1 modules   (55908 inline 8-bit counters): 55908 [0x8aa2c00, 0x8ab0664), 
INFO: Loaded 1 PC tables (55908 PCs): 55908 [0x895dec0,0x89cb1e0), 
/out/ffmpeg_AV_CODEC_ID_BINK_fuzzer: Running 1 inputs 1 time(s) each.
Running: /tmp/poc
=================================================================
==7==ERROR: AddressSanitizer: heap-buffer-overflow on address 0xf1403b80 at pc 0x081abd33 bp 0xffb62b58 sp 0xffb62738
WRITE of size 16 at 0xf1403b80 thread T0
SCARINESS: 45 (multi-byte-write-heap-buffer-overflow)
    #0 0x81abd32 in __asan_memset /src/llvm-project/compiler-rt/lib/asan/asan_interceptors_memintrinsics.cpp:26:3
    #1 0x821483b in fill_block16_c /src/ffmpeg/libavcodec/blockdsp.c:42:9
    #2 0x820a01d in bink_decode_plane /src/ffmpeg/libavcodec/bink.c
    #3 0x82025fe in decode_frame /src/ffmpeg/libavcodec/bink.c:1289:24
    #4 0x821dd65 in decode_simple_internal /src/ffmpeg/libavcodec/decode.c:285:15
    #5 0x821dd65 in decode_simple_receive_frame /src/ffmpeg/libavcodec/decode.c:541:15
    #6 0x821dd65 in decode_receive_frame_internal /src/ffmpeg/libavcodec/decode.c:560:15
    #7 0x821d4d6 in avcodec_send_packet /src/ffmpeg/libavcodec/decode.c:635:15
    #8 0x81f24fe in LLVMFuzzerTestOneInput /src/ffmpeg/tools/target_dec_fuzzer.c:512:25
    #9 0x80b0c9e in fuzzer::Fuzzer::ExecuteCallback(unsigned char const*, unsigned int) /src/llvm-project/compiler-rt/lib/fuzzer/FuzzerLoop.cpp:611:15
    #10 0x809bbfe in fuzzer::RunOneTest(fuzzer::Fuzzer*, char const*, unsigned int) /src/llvm-project/compiler-rt/lib/fuzzer/FuzzerDriver.cpp:324:6
    #11 0x80a1800 in fuzzer::FuzzerDriver(int*, char***, int (*)(unsigned char const*, unsigned int)) /src/llvm-project/compiler-rt/lib/fuzzer/FuzzerDriver.cpp:860:9
    #12 0x80cb3e7 in main /src/llvm-project/compiler-rt/lib/fuzzer/FuzzerMain.cpp:20:10
    #13 0xf6d83ed4 in __libc_start_main (/lib/i386-linux-gnu/libc.so.6+0x1aed4) (BuildId: f0e9c9950026d7f234a4a1d03670a7ed59ceb726)
    #14 0x8092d45 in _start (/out/ffmpeg_AV_CODEC_ID_BINK_fuzzer+0x8092d45)

DEDUP_TOKEN: __asan_memset--fill_block16_c--bink_decode_plane
0xf1403b80 is located 0 bytes to the right of 512-byte region [0xf1403980,0xf1403b80)
allocated by thread T0 here:
    #0 0x81ad34a in posix_memalign /src/llvm-project/compiler-rt/lib/asan/asan_malloc_linux.cpp:145:3
    #1 0x87a6bef in av_malloc /src/ffmpeg/libavutil/mem.c:105:9
    #2 0x8762a4a in av_buffer_alloc /src/ffmpeg/libavutil/buffer.c:82:12
    #3 0x81f5306 in fuzz_video_get_buffer /src/ffmpeg/tools/target_dec_fuzzer.c:131:25
    #4 0x81f5306 in fuzz_get_buffer2 /src/ffmpeg/tools/target_dec_fuzzer.c:152:18
    #5 0x822874e in ff_get_buffer /src/ffmpeg/libavcodec/decode.c:1516:11
    #6 0x8201fe5 in decode_frame /src/ffmpeg/libavcodec/bink.c:1264:20
    #7 0x821dd65 in decode_simple_internal /src/ffmpeg/libavcodec/decode.c:285:15
    #8 0x821dd65 in decode_simple_receive_frame /src/ffmpeg/libavcodec/decode.c:541:15
    #9 0x821dd65 in decode_receive_frame_internal /src/ffmpeg/libavcodec/decode.c:560:15
    #10 0x821d4d6 in avcodec_send_packet /src/ffmpeg/libavcodec/decode.c:635:15
    #11 0x81f24fe in LLVMFuzzerTestOneInput /src/ffmpeg/tools/target_dec_fuzzer.c:512:25
    #12 0x80b0c9e in fuzzer::Fuzzer::ExecuteCallback(unsigned char const*, unsigned int) /src/llvm-project/compiler-rt/lib/fuzzer/FuzzerLoop.cpp:611:15
    #13 0x809bbfe in fuzzer::RunOneTest(fuzzer::Fuzzer*, char const*, unsigned int) /src/llvm-project/compiler-rt/lib/fuzzer/FuzzerDriver.cpp:324:6
    #14 0x80a1800 in fuzzer::FuzzerDriver(int*, char***, int (*)(unsigned char const*, unsigned int)) /src/llvm-project/compiler-rt/lib/fuzzer/FuzzerDriver.cpp:860:9
    #15 0x80cb3e7 in main /src/llvm-project/compiler-rt/lib/fuzzer/FuzzerMain.cpp:20:10
    #16 0xf6d83ed4 in __libc_start_main (/lib/i386-linux-gnu/libc.so.6+0x1aed4) (BuildId: f0e9c9950026d7f234a4a1d03670a7ed59ceb726)

DEDUP_TOKEN: posix_memalign--av_malloc--av_buffer_alloc
SUMMARY: AddressSanitizer: heap-buffer-overflow /src/llvm-project/compiler-rt/lib/asan/asan_interceptors_memintrinsics.cpp:26:3 in __asan_memset
Shadow bytes around the buggy address:
  0x3e280720: fa fa fa fa fa fa fa fa fa fa fa fa fa fa fa fa
  0x3e280730: 00 00 00 00 00 00 00 00 00 00 00 00 00 00 00 00
  0x3e280740: 00 00 00 00 00 00 00 00 00 00 00 00 00 00 00 00
  0x3e280750: 00 00 00 00 00 00 00 00 00 00 00 00 00 00 00 00
  0x3e280760: 00 00 00 00 00 00 00 00 00 00 00 00 00 00 00 00
=>0x3e280770:[fa]fa fa fa fa fa fa fa fa fa fa fa fa fa fa fa
  0x3e280780: fa fa fa fa fa fa fa fa fa fa fa fa fa fa fa fa
  0x3e280790: 00 00 00 00 00 00 00 00 00 00 00 00 00 00 00 00
  0x3e2807a0: 00 00 00 00 00 00 00 00 00 00 00 00 00 00 00 00
  0x3e2807b0: 00 00 00 00 00 00 00 00 00 00 00 00 00 00 00 00
  0x3e2807c0: 00 00 00 00 00 00 00 00 00 00 00 00 00 00 00 00
Shadow byte legend (one shadow byte represents 8 application bytes):
  Addressable:           00
  Partially addressable: 01 02 03 04 05 06 07 
  Heap left redzone:       fa
  Freed heap region:       fd
  Stack left redzone:      f1
  Stack mid redzone:       f2
  Stack right redzone:     f3
  Stack after return:      f5
  Stack use after scope:   f8
  Global redzone:          f9
  Global init order:       f6
  Poisoned by user:        f7
  Container overflow:      fc
  Array cookie:            ac
  Intra object redzone:    bb
  ASan internal:           fe
  Left alloca redzone:     ca
  Right alloca redzone:    cb
==7==ABORTING
