Accepting input from '/tmp/poc'
Usage for fuzzing: honggfuzz -P [flags] -- /out/libraw_cr2_fuzzer
=================================================================
==13==ERROR: AddressSanitizer: heap-buffer-overflow on address 0x607000000067 at pc 0x000000525b5b bp 0x7fffb4ff8a30 sp 0x7fffb4ff8a28
READ of size 1 at 0x607000000067 thread T0
SCARINESS: 12 (1-byte-read-heap-buffer-overflow)
    #0 0x525b5a in LibRaw_buffer_datastream::scanf_one(char const*, void*) /src/libraw/src/libraw_datastream.cpp:467:11
    #1 0x63fdd4 in LibRaw::parse_mos(long long) /src/libraw/src/metadata/mediumformat.cpp:456:7
    #2 0x68eee2 in LibRaw::parse_tiff_ifd(int) /src/libraw/src/metadata/tiff.cpp:771:7
    #3 0x69ca8c in LibRaw::parse_tiff(int) /src/libraw/src/metadata/tiff.cpp:1546:9
    #4 0x616dd9 in LibRaw::identify() /src/libraw/src/metadata/identify.cpp:512:14
    #5 0x505384 in LibRaw::open_datastream(LibRaw_abstract_datastream*) /src/libraw/src/utils/open.cpp:480:4
    #6 0x5043d6 in LibRaw::open_buffer(void const*, unsigned long) /src/libraw/src/utils/open.cpp:240:13
    #7 0x4d9021 in LLVMFuzzerTestOneInput /src/libraw_fuzzer.cc:61:24
    #8 0x4da4ab in main (/out/libraw_cr2_fuzzer+0x4da4ab)
    #9 0x75adc3c90082 in __libc_start_main (/lib/x86_64-linux-gnu/libc.so.6+0x24082)
    #10 0x41e78d in _start (/out/libraw_cr2_fuzzer+0x41e78d)

DEDUP_TOKEN: LibRaw_buffer_datastream::scanf_one(char const*, void*)--LibRaw::parse_mos(long long)--LibRaw::parse_tiff_ifd(int)
0x607000000067 is located 0 bytes to the right of 71-byte region [0x607000000020,0x607000000067)
allocated by thread T0 here:
    #0 0x4d58ed in operator new(unsigned long) /src/llvm-project/compiler-rt/lib/asan/asan_new_delete.cpp:95:3
    #1 0x4d8e5d in __libcpp_operator_new<unsigned long> /usr/local/bin/../include/c++/v1/new:245:10
    #2 0x4d8e5d in __libcpp_allocate /usr/local/bin/../include/c++/v1/new:271:10
    #3 0x4d8e5d in allocate /usr/local/bin/../include/c++/v1/__memory/allocator.h:105:38
    #4 0x4d8e5d in allocate /usr/local/bin/../include/c++/v1/__memory/allocator_traits.h:262:20
    #5 0x4d8e5d in __vallocate /usr/local/bin/../include/c++/v1/vector:1000:37
    #6 0x4d8e5d in vector /usr/local/bin/../include/c++/v1/vector:1133:9
    #7 0x4d8e5d in ConsumeBytes<char> /usr/local/lib/clang/14.0.0/include/fuzzer/FuzzedDataProvider.h:361:18
    #8 0x4d8e5d in ConsumeBytes<char> /usr/local/lib/clang/14.0.0/include/fuzzer/FuzzedDataProvider.h:110:10
    #9 0x4d8e5d in ConsumeRemainingBytes<char> /usr/local/lib/clang/14.0.0/include/fuzzer/FuzzedDataProvider.h:129:10
    #10 0x4d8e5d in LLVMFuzzerTestOneInput /src/libraw_fuzzer.cc:60:35
    #11 0x4da4ab in main (/out/libraw_cr2_fuzzer+0x4da4ab)

DEDUP_TOKEN: operator new(unsigned long)--__libcpp_operator_new<unsigned long>--__libcpp_allocate
SUMMARY: AddressSanitizer: heap-buffer-overflow /src/libraw/src/libraw_datastream.cpp:467:11 in LibRaw_buffer_datastream::scanf_one(char const*, void*)
Shadow bytes around the buggy address:
  0x0c0e7fff7fb0: 00 00 00 00 00 00 00 00 00 00 00 00 00 00 00 00
  0x0c0e7fff7fc0: 00 00 00 00 00 00 00 00 00 00 00 00 00 00 00 00
  0x0c0e7fff7fd0: 00 00 00 00 00 00 00 00 00 00 00 00 00 00 00 00
  0x0c0e7fff7fe0: 00 00 00 00 00 00 00 00 00 00 00 00 00 00 00 00
  0x0c0e7fff7ff0: 00 00 00 00 00 00 00 00 00 00 00 00 00 00 00 00
=>0x0c0e7fff8000: fa fa fa fa 00 00 00 00 00 00 00 00[07]fa fa fa
  0x0c0e7fff8010: fa fa fa fa fa fa fa fa fa fa fa fa fa fa fa fa
  0x0c0e7fff8020: fa fa fa fa fa fa fa fa fa fa fa fa fa fa fa fa
  0x0c0e7fff8030: fa fa fa fa fa fa fa fa fa fa fa fa fa fa fa fa
  0x0c0e7fff8040: fa fa fa fa fa fa fa fa fa fa fa fa fa fa fa fa
  0x0c0e7fff8050: fa fa fa fa fa fa fa fa fa fa fa fa fa fa fa fa
Shadow byte legend (one shadow byte represents 8 application bytes):
  Addressable:           00
  Partially addressable: 01 02 03 04 05 06 07
  Heap left redzone:       fa
  Freed heap region:       fd
  Stack left redzone:      f1
  Stack mid redzone:       f2
  Stack right redzone:     f3
  Stack after return:      f5
  Stack use after scope:   f8
  Global redzone:          f9
  Global init order:       f6
  Poisoned by user:        f7
  Container overflow:      fc
  Array cookie:            ac
  Intra object redzone:    bb
  ASan internal:           fe
  Left alloca redzone:     ca
  Right alloca redzone:    cb
==13==ABORTING