=================================================================
==13==ERROR: AddressSanitizer: stack-buffer-overflow on address 0x7ffd00f76f3c at pc 0x0000004dc822 bp 0x7ffd00f76940 sp 0x7ffd00f76938
READ of size 4 at 0x7ffd00f76f3c thread T0
SCARINESS: 32 (4-byte-read-stack-buffer-overflow)
    #0 0x4dc821 in dump_stats /src/flac/oss-fuzz/../src/flac/analyze.c:219:53
    #1 0x4dbd55 in flac__analyze_frame /src/flac/oss-fuzz/../src/flac/analyze.c:159:10
    #2 0x4e205c in write_callback /src/flac/oss-fuzz/../src/flac/decode.c:1231:4
    #3 0x5be7be in write_audio_frame_to_client_ /src/flac/src/libFLAC/stream_decoder.c
    #4 0x5b144b in read_frame_ /src/flac/src/libFLAC/stream_decoder.c:2241:7
    #5 0x5b38d1 in FLAC__stream_decoder_process_until_end_of_stream /src/flac/src/libFLAC/stream_decoder.c:1063:9
    #6 0x4de7fa in DecoderSession_process /src/flac/oss-fuzz/../src/flac/decode.c:467:6
    #7 0x4de7fa in flac__decode_file /src/flac/oss-fuzz/../src/flac/decode.c:188:6
    #8 0x5289ba in decode_file /src/flac/oss-fuzz/./../src/flac/main.c
    #9 0x521f9a in do_it /src/flac/oss-fuzz/./../src/flac/main.c:524:15
    #10 0x521f9a in main_to_fuzz /src/flac/oss-fuzz/./../src/flac/main.c:349:13
    #11 0x521f9a in LLVMFuzzerTestOneInput /src/flac/oss-fuzz/tool_flac.c:81:2
    #12 0x52d8aa in ExecuteFilesOnyByOne /src/aflplusplus/utils/aflpp_driver/aflpp_driver.c:234:7
    #13 0x52d67c in main /src/aflplusplus/utils/aflpp_driver/aflpp_driver.c:318:12
    #14 0x7fd134233082 in __libc_start_main (/lib/x86_64-linux-gnu/libc.so.6+0x24082) (BuildId: 87b331c034a6458c64ce09c03939e947212e18ce)
    #15 0x41d62d in _start (/out/fuzzer_tool_flac+0x41d62d)

DEDUP_TOKEN: dump_stats--flac__analyze_frame--write_callback
Address 0x7ffd00f76f3c is located in stack of thread T0 at offset 1180 in frame
    #0 0x4d98cf in flac__analyze_frame /src/flac/oss-fuzz/../src/flac/analyze.c:66

DEDUP_TOKEN: flac__analyze_frame
  This frame has 2 object(s):
    [32, 1056) 'outfilename' (line 68)
    [1184, 525520) 'stats' (line 69) <== Memory access at offset 1180 underflows this variable
HINT: this may be a false positive if your program uses some custom stack unwind mechanism, swapcontext or vfork
      (longjmp and C++ exceptions *are* supported)
SUMMARY: AddressSanitizer: stack-buffer-overflow /src/flac/oss-fuzz/../src/flac/analyze.c:219:53 in dump_stats
Shadow bytes around the buggy address:
  0x1000201e6d90: 00 00 00 00 00 00 00 00 00 00 00 00 00 00 00 00
  0x1000201e6da0: 00 00 00 00 00 00 00 00 00 00 00 00 00 00 00 00
  0x1000201e6db0: 00 00 00 00 00 00 00 00 00 00 00 00 00 00 00 00
  0x1000201e6dc0: 00 00 00 00 00 00 00 00 00 00 00 00 00 00 00 00
  0x1000201e6dd0: 00 00 00 00 00 00 00 00 f2 f2 f2 f2 f2 f2 f2 f2
=>0x1000201e6de0: f2 f2 f2 f2 f2 f2 f2[f2]00 00 00 00 00 00 00 00
  0x1000201e6df0: 00 00 00 00 00 00 00 00 00 00 00 00 00 00 00 00
  0x1000201e6e00: 00 00 00 00 00 00 00 00 00 00 00 00 00 00 00 00
  0x1000201e6e10: 00 00 00 00 00 00 00 00 00 00 00 00 00 00 00 00
  0x1000201e6e20: 00 00 00 00 00 00 00 00 00 00 00 00 00 00 00 00
  0x1000201e6e30: 00 00 00 00 00 00 00 00 00 00 00 00 00 00 00 00
Shadow byte legend (one shadow byte represents 8 application bytes):
  Addressable:           00
  Partially addressable: 01 02 03 04 05 06 07
  Heap left redzone:       fa
  Freed heap region:       fd
  Stack left redzone:      f1
  Stack mid redzone:       f2
  Stack right redzone:     f3
  Stack after return:      f5
  Stack use after scope:   f8
  Global redzone:          f9
  Global init order:       f6
  Poisoned by user:        f7
  Container overflow:      fc
  Array cookie:            ac
  Intra object redzone:    bb
  ASan internal:           fe
  Left alloca redzone:     ca
  Right alloca redzone:    cb
==13==ABORTING