Unable to find image 'n132/arvo:57073-vul' locally
57073-vul: Pulling from n132/arvo
7608715873ec: Already exists
ca6c16b84362: Pulling fs layer
6557b7788ae8: Pulling fs layer
8e61278898e7: Pulling fs layer
173ef8078a5c: Pulling fs layer
e9ced1da98db: Pulling fs layer
46b31d0533c4: Pulling fs layer
96928fc50a8b: Pulling fs layer
9acdaa194df1: Pulling fs layer
92970d500af5: Pulling fs layer
925b84d31f77: Pulling fs layer
740ab781f54d: Pulling fs layer
9930292cb658: Pulling fs layer
d4eeefded2a6: Pulling fs layer
47c1821c8cf5: Pulling fs layer
853cf38a20e9: Pulling fs layer
b6c91bd4578c: Pulling fs layer
5fad40ab6320: Pulling fs layer
70ab127a46cd: Pulling fs layer
b8bc13ddc3a5: Pulling fs layer
9c4ccd2815b4: Pulling fs layer
c236e38dbde2: Pulling fs layer
698ecaec0480: Pulling fs layer
cff148349c8d: Pulling fs layer
e9ced1da98db: Waiting
58e2063239a4: Pulling fs layer
46b31d0533c4: Waiting
f7fafd085bb9: Pulling fs layer
e863dff6ce57: Pulling fs layer
96928fc50a8b: Waiting
9acdaa194df1: Waiting
3afb1f62b3c8: Pulling fs layer
cc6ba2fab86a: Pulling fs layer
92970d500af5: Waiting
53571d8869e3: Pulling fs layer
925b84d31f77: Waiting
853cf38a20e9: Waiting
0337a5834960: Pulling fs layer
b6c91bd4578c: Waiting
740ab781f54d: Waiting
5fad40ab6320: Waiting
eb437aaf6f9f: Pulling fs layer
70ab127a46cd: Waiting
273aa681100e: Pulling fs layer
b8bc13ddc3a5: Waiting
9c4ccd2815b4: Waiting
4f4fb700ef54: Pulling fs layer
c236e38dbde2: Waiting
39f95144fd6a: Pulling fs layer
9930292cb658: Waiting
1c1be6ec15c2: Pulling fs layer
f0b8652a870d: Pulling fs layer
698ecaec0480: Waiting
d4eeefded2a6: Waiting
cff148349c8d: Waiting
58e2063239a4: Waiting
e863dff6ce57: Waiting
f7fafd085bb9: Waiting
47c1821c8cf5: Waiting
3afb1f62b3c8: Waiting
0337a5834960: Waiting
cc6ba2fab86a: Waiting
53571d8869e3: Waiting
4f4fb700ef54: Waiting
39f95144fd6a: Waiting
273aa681100e: Waiting
1c1be6ec15c2: Waiting
f0b8652a870d: Waiting
eb437aaf6f9f: Waiting
6557b7788ae8: Verifying Checksum
6557b7788ae8: Download complete
173ef8078a5c: Download complete
ca6c16b84362: Verifying Checksum
ca6c16b84362: Download complete
8e61278898e7: Verifying Checksum
8e61278898e7: Download complete
96928fc50a8b: Verifying Checksum
96928fc50a8b: Download complete
e9ced1da98db: Download complete
9acdaa194df1: Verifying Checksum
9acdaa194df1: Download complete
ca6c16b84362: Pull complete
6557b7788ae8: Pull complete
925b84d31f77: Verifying Checksum
925b84d31f77: Download complete
8e61278898e7: Pull complete
173ef8078a5c: Pull complete
e9ced1da98db: Pull complete
740ab781f54d: Verifying Checksum
740ab781f54d: Download complete
92970d500af5: Verifying Checksum
92970d500af5: Download complete
46b31d0533c4: Verifying Checksum
46b31d0533c4: Download complete
d4eeefded2a6: Verifying Checksum
d4eeefded2a6: Download complete
9930292cb658: Download complete
47c1821c8cf5: Download complete
5fad40ab6320: Verifying Checksum
5fad40ab6320: Download complete
853cf38a20e9: Verifying Checksum
853cf38a20e9: Download complete
b6c91bd4578c: Verifying Checksum
b6c91bd4578c: Download complete
b8bc13ddc3a5: Verifying Checksum
b8bc13ddc3a5: Download complete
70ab127a46cd: Verifying Checksum
70ab127a46cd: Download complete
9c4ccd2815b4: Download complete
c236e38dbde2: Verifying Checksum
c236e38dbde2: Download complete
cff148349c8d: Verifying Checksum
cff148349c8d: Download complete
698ecaec0480: Verifying Checksum
698ecaec0480: Download complete
f7fafd085bb9: Verifying Checksum
f7fafd085bb9: Download complete
58e2063239a4: Verifying Checksum
58e2063239a4: Download complete
e863dff6ce57: Verifying Checksum
e863dff6ce57: Download complete
cc6ba2fab86a: Verifying Checksum
cc6ba2fab86a: Download complete
53571d8869e3: Verifying Checksum
53571d8869e3: Download complete
0337a5834960: Verifying Checksum
0337a5834960: Download complete
46b31d0533c4: Pull complete
96928fc50a8b: Pull complete
9acdaa194df1: Pull complete
273aa681100e: Verifying Checksum
273aa681100e: Download complete
eb437aaf6f9f: Verifying Checksum
eb437aaf6f9f: Download complete
4f4fb700ef54: Verifying Checksum
4f4fb700ef54: Download complete
39f95144fd6a: Verifying Checksum
39f95144fd6a: Download complete
f0b8652a870d: Verifying Checksum
f0b8652a870d: Download complete
1c1be6ec15c2: Verifying Checksum
1c1be6ec15c2: Download complete
92970d500af5: Pull complete
3afb1f62b3c8: Verifying Checksum
3afb1f62b3c8: Download complete
925b84d31f77: Pull complete
740ab781f54d: Pull complete
9930292cb658: Pull complete
d4eeefded2a6: Pull complete
47c1821c8cf5: Pull complete
853cf38a20e9: Pull complete
b6c91bd4578c: Pull complete
5fad40ab6320: Pull complete
70ab127a46cd: Pull complete
b8bc13ddc3a5: Pull complete
9c4ccd2815b4: Pull complete
c236e38dbde2: Pull complete
698ecaec0480: Pull complete
cff148349c8d: Pull complete
58e2063239a4: Pull complete
f7fafd085bb9: Pull complete
e863dff6ce57: Pull complete
3afb1f62b3c8: Pull complete
cc6ba2fab86a: Pull complete
53571d8869e3: Pull complete
0337a5834960: Pull complete
eb437aaf6f9f: Pull complete
273aa681100e: Pull complete
4f4fb700ef54: Pull complete
39f95144fd6a: Pull complete
1c1be6ec15c2: Pull complete
f0b8652a870d: Pull complete
Digest: sha256:46779dd8e97aeb4f112ddeaa9b27036346fa0ccc422e69a42f9734148ec81431
Status: Downloaded newer image for n132/arvo:57073-vul
INFO: Running with entropic power schedule (0xFF, 100).
INFO: Seed: 1901516010
INFO: Loaded 1 modules   (52663 inline 8-bit counters): 52663 [0xaddb40, 0xaea8f7), 
INFO: Loaded 1 PC tables (52663 PCs): 52663 [0x966130,0xa33ca0), 
/out/html: Running 1 inputs 1 time(s) each.
Running: /tmp/poc
=================================================================
==7==ERROR: AddressSanitizer: global-buffer-overflow on address 0x0000009042c1 at pc 0x000000601261 bp 0x7ffcc4c935f0 sp 0x7ffcc4c935e8
READ of size 1 at 0x0000009042c1 thread T0
SCARINESS: 12 (1-byte-read-global-buffer-overflow)
    #0 0x601260 in xmlNextChar /src/libxml2/parserInternals.c:500:18
    #1 0x6a89f2 in htmlParseStartTag /src/libxml2/HTMLparser.c:4137:3
    #2 0x6ba7de in htmlParseTryOrFinish /src/libxml2/HTMLparser.c:5865:12
    #3 0x6ba7de in htmlParseChunk /src/libxml2/HTMLparser.c:6329:5
    #4 0x56c753 in LLVMFuzzerTestOneInput /src/libxml2/fuzz/html.c:77:9
    #5 0x43dee3 in fuzzer::Fuzzer::ExecuteCallback(unsigned char const*, unsigned long) /src/llvm-project/compiler-rt/lib/fuzzer/FuzzerLoop.cpp:611:15
    #6 0x429642 in fuzzer::RunOneTest(fuzzer::Fuzzer*, char const*, unsigned long) /src/llvm-project/compiler-rt/lib/fuzzer/FuzzerDriver.cpp:324:6
    #7 0x42eeec in fuzzer::FuzzerDriver(int*, char***, int (*)(unsigned char const*, unsigned long)) /src/llvm-project/compiler-rt/lib/fuzzer/FuzzerDriver.cpp:860:9
    #8 0x458422 in main /src/llvm-project/compiler-rt/lib/fuzzer/FuzzerMain.cpp:20:10
    #9 0x78ef11ee6082 in __libc_start_main (/lib/x86_64-linux-gnu/libc.so.6+0x24082) (BuildId: 87b331c034a6458c64ce09c03939e947212e18ce)
    #10 0x41f80d in _start (/out/html+0x41f80d)

DEDUP_TOKEN: xmlNextChar--htmlParseStartTag--htmlParseTryOrFinish
0x0000009042c1 is located 31 bytes to the left of global variable '<string literal>' defined in 'parserInternals.c:319:30' (0x9042e0) of size 21
  '<string literal>' is ascii string 'Growing input buffer'
0x0000009042c1 is located 0 bytes to the right of global variable '<string literal>' defined in 'parserInternals.c:308:29' (0x9042c0) of size 1
  '<string literal>' is ascii string ''
SUMMARY: AddressSanitizer: global-buffer-overflow /src/libxml2/parserInternals.c:500:18 in xmlNextChar
Shadow bytes around the buggy address:
  0x000080118800: 00 00 00 00 00 00 00 00 00 00 00 00 00 00 00 00
  0x000080118810: 00 00 00 00 00 00 00 00 00 00 00 00 00 00 00 00
  0x000080118820: 00 00 00 00 00 00 00 00 00 00 00 00 00 00 00 03
  0x000080118830: f9 f9 f9 f9 00 00 00 00 00 00 00 04 f9 f9 f9 f9
  0x000080118840: 00 00 00 07 f9 f9 f9 f9 00 00 00 02 f9 f9 f9 f9
=>0x000080118850: 00 00 02 f9 f9 f9 f9 f9[01]f9 f9 f9 00 00 05 f9
  0x000080118860: f9 f9 f9 f9 00 00 00 00 f9 f9 f9 f9 00 00 00 00
  0x000080118870: f9 f9 f9 f9 00 00 00 00 00 00 f9 f9 f9 f9 f9 f9
  0x000080118880: 00 00 00 00 04 f9 f9 f9 f9 f9 f9 f9 00 00 00 00
  0x000080118890: 00 00 02 f9 f9 f9 f9 f9 00 00 00 07 f9 f9 f9 f9
  0x0000801188a0: 00 00 00 00 00 00 00 f9 f9 f9 f9 f9 00 00 02 f9
Shadow byte legend (one shadow byte represents 8 application bytes):
  Addressable:           00
  Partially addressable: 01 02 03 04 05 06 07 
  Heap left redzone:       fa
  Freed heap region:       fd
  Stack left redzone:      f1
  Stack mid redzone:       f2
  Stack right redzone:     f3
  Stack after return:      f5
  Stack use after scope:   f8
  Global redzone:          f9
  Global init order:       f6
  Poisoned by user:        f7
  Container overflow:      fc
  Array cookie:            ac
  Intra object redzone:    bb
  ASan internal:           fe
  Left alloca redzone:     ca
  Right alloca redzone:    cb
==7==ABORTING
