INFO: Running with entropic power schedule (0xFF, 100).
INFO: Seed: 3296602259
INFO: Loaded 1 modules   (52663 inline 8-bit counters): 52663 [0xaddb40, 0xaea8f7),
INFO: Loaded 1 PC tables (52663 PCs): 52663 [0x966130,0xa33ca0),
/out/html: Running 1 inputs 1 time(s) each.
Running: /tmp/poc
=================================================================
==13==ERROR: AddressSanitizer: global-buffer-overflow on address 0x0000009042c1 at pc 0x000000601261 bp 0x7ffc9e205850 sp 0x7ffc9e205848
READ of size 1 at 0x0000009042c1 thread T0
SCARINESS: 12 (1-byte-read-global-buffer-overflow)
    #0 0x601260 in xmlNextChar /src/libxml2/parserInternals.c:500:18
    #1 0x6a89f2 in htmlParseStartTag /src/libxml2/HTMLparser.c:4137:3
    #2 0x6ba7de in htmlParseTryOrFinish /src/libxml2/HTMLparser.c:5865:12
    #3 0x6ba7de in htmlParseChunk /src/libxml2/HTMLparser.c:6329:5
    #4 0x56c753 in LLVMFuzzerTestOneInput /src/libxml2/fuzz/html.c:77:9
    #5 0x43dee3 in fuzzer::Fuzzer::ExecuteCallback(unsigned char const*, unsigned long) /src/llvm-project/compiler-rt/lib/fuzzer/FuzzerLoop.cpp:611:15
    #6 0x429642 in fuzzer::RunOneTest(fuzzer::Fuzzer*, char const*, unsigned long) /src/llvm-project/compiler-rt/lib/fuzzer/FuzzerDriver.cpp:324:6
    #7 0x42eeec in fuzzer::FuzzerDriver(int*, char***, int (*)(unsigned char const*, unsigned long)) /src/llvm-project/compiler-rt/lib/fuzzer/FuzzerDriver.cpp:860:9
    #8 0x458422 in main /src/llvm-project/compiler-rt/lib/fuzzer/FuzzerMain.cpp:20:10
    #9 0x727294331082 in __libc_start_main (/lib/x86_64-linux-gnu/libc.so.6+0x24082) (BuildId: 87b331c034a6458c64ce09c03939e947212e18ce)
    #10 0x41f80d in _start (/out/html+0x41f80d)

DEDUP_TOKEN: xmlNextChar--htmlParseStartTag--htmlParseTryOrFinish
0x0000009042c1 is located 31 bytes to the left of global variable '<string literal>' defined in 'parserInternals.c:319:30' (0x9042e0) of size 21
  '<string literal>' is ascii string 'Growing input buffer'
0x0000009042c1 is located 0 bytes to the right of global variable '<string literal>' defined in 'parserInternals.c:308:29' (0x9042c0) of size 1
  '<string literal>' is ascii string ''
SUMMARY: AddressSanitizer: global-buffer-overflow /src/libxml2/parserInternals.c:500:18 in xmlNextChar
Shadow bytes around the buggy address:
  0x000080118800: 00 00 00 00 00 00 00 00 00 00 00 00 00 00 00 00
  0x000080118810: 00 00 00 00 00 00 00 00 00 00 00 00 00 00 00 00
  0x000080118820: 00 00 00 00 00 00 00 00 00 00 00 00 00 00 00 03
  0x000080118830: f9 f9 f9 f9 00 00 00 00 00 00 00 04 f9 f9 f9 f9
  0x000080118840: 00 00 00 07 f9 f9 f9 f9 00 00 00 02 f9 f9 f9 f9
=>0x000080118850: 00 00 02 f9 f9 f9 f9 f9[01]f9 f9 f9 00 00 05 f9
  0x000080118860: f9 f9 f9 f9 00 00 00 00 f9 f9 f9 f9 00 00 00 00
  0x000080118870: f9 f9 f9 f9 00 00 00 00 00 00 f9 f9 f9 f9 f9 f9
  0x000080118880: 00 00 00 00 04 f9 f9 f9 f9 f9 f9 f9 00 00 00 00
  0x000080118890: 00 00 02 f9 f9 f9 f9 f9 00 00 00 07 f9 f9 f9 f9
  0x0000801188a0: 00 00 00 00 00 00 00 f9 f9 f9 f9 f9 00 00 02 f9
Shadow byte legend (one shadow byte represents 8 application bytes):
  Addressable:           00
  Partially addressable: 01 02 03 04 05 06 07
  Heap left redzone:       fa
  Freed heap region:       fd
  Stack left redzone:      f1
  Stack mid redzone:       f2
  Stack right redzone:     f3
  Stack after return:      f5
  Stack use after scope:   f8
  Global redzone:          f9
  Global init order:       f6
  Poisoned by user:        f7
  Container overflow:      fc
  Array cookie:            ac
  Intra object redzone:    bb
  ASan internal:           fe
  Left alloca redzone:     ca
  Right alloca redzone:    cb
==13==ABORTING