Unable to find image 'n132/arvo:57077-vul' locally
57077-vul: Pulling from n132/arvo
7608715873ec: Already exists
ad2487796c1a: Pulling fs layer
8b42b3b29679: Pulling fs layer
c11d532e9648: Pulling fs layer
5feaaee5aeff: Pulling fs layer
4a38a10173f3: Pulling fs layer
919a4cdf4d9f: Pulling fs layer
c2a667788566: Pulling fs layer
4fe386f7cf37: Pulling fs layer
20ffdf26db1f: Pulling fs layer
222ec402b722: Pulling fs layer
6a648a51e2a5: Pulling fs layer
ffcaadede07d: Pulling fs layer
a3308a2d8c19: Pulling fs layer
20985b6dccd0: Pulling fs layer
b8dbcc6ed4e6: Pulling fs layer
b944b42103d6: Pulling fs layer
07e15d644013: Pulling fs layer
8657451f905f: Pulling fs layer
7e37b7cc9505: Pulling fs layer
f683fbcb8391: Pulling fs layer
0dc7969dcb89: Pulling fs layer
264a7b84c179: Pulling fs layer
1644aa8279ed: Pulling fs layer
f53ed6c6da33: Pulling fs layer
d42bafaa1433: Pulling fs layer
a0d854db0901: Pulling fs layer
c2a667788566: Waiting
f6f3c1ad923c: Pulling fs layer
4fe386f7cf37: Waiting
ad305b79c204: Pulling fs layer
20ffdf26db1f: Waiting
222ec402b722: Waiting
b94955a717ec: Pulling fs layer
6a648a51e2a5: Waiting
6e9019c2af2c: Pulling fs layer
ffcaadede07d: Waiting
a3308a2d8c19: Waiting
989fad41fb38: Pulling fs layer
20985b6dccd0: Waiting
d9bd35ea786c: Pulling fs layer
5feaaee5aeff: Waiting
4f4fb700ef54: Pulling fs layer
1ddf0425f3f0: Pulling fs layer
b8dbcc6ed4e6: Waiting
919a4cdf4d9f: Waiting
4a38a10173f3: Waiting
183feef27d5b: Pulling fs layer
fa7d852dff58: Pulling fs layer
07e15d644013: Waiting
8657451f905f: Waiting
d42bafaa1433: Waiting
989fad41fb38: Waiting
a0d854db0901: Waiting
d9bd35ea786c: Waiting
183feef27d5b: Waiting
f6f3c1ad923c: Waiting
fa7d852dff58: Waiting
ad305b79c204: Waiting
4f4fb700ef54: Waiting
b94955a717ec: Waiting
7e37b7cc9505: Waiting
6e9019c2af2c: Waiting
1ddf0425f3f0: Waiting
1644aa8279ed: Waiting
f683fbcb8391: Waiting
f53ed6c6da33: Waiting
0dc7969dcb89: Waiting
8b42b3b29679: Download complete
ad2487796c1a: Verifying Checksum
ad2487796c1a: Download complete
c11d532e9648: Verifying Checksum
c11d532e9648: Download complete
5feaaee5aeff: Verifying Checksum
5feaaee5aeff: Download complete
4a38a10173f3: Verifying Checksum
4a38a10173f3: Download complete
4fe386f7cf37: Download complete
c2a667788566: Download complete
ad2487796c1a: Pull complete
8b42b3b29679: Pull complete
c11d532e9648: Pull complete
222ec402b722: Verifying Checksum
222ec402b722: Download complete
5feaaee5aeff: Pull complete
4a38a10173f3: Pull complete
6a648a51e2a5: Verifying Checksum
6a648a51e2a5: Download complete
ffcaadede07d: Download complete
20ffdf26db1f: Verifying Checksum
20ffdf26db1f: Download complete
a3308a2d8c19: Verifying Checksum
a3308a2d8c19: Download complete
919a4cdf4d9f: Verifying Checksum
919a4cdf4d9f: Download complete
20985b6dccd0: Download complete
b944b42103d6: Verifying Checksum
b944b42103d6: Download complete
07e15d644013: Download complete
b8dbcc6ed4e6: Verifying Checksum
b8dbcc6ed4e6: Download complete
f683fbcb8391: Verifying Checksum
f683fbcb8391: Download complete
7e37b7cc9505: Verifying Checksum
7e37b7cc9505: Download complete
8657451f905f: Verifying Checksum
8657451f905f: Download complete
264a7b84c179: Download complete
0dc7969dcb89: Verifying Checksum
0dc7969dcb89: Download complete
f53ed6c6da33: Verifying Checksum
f53ed6c6da33: Download complete
1644aa8279ed: Verifying Checksum
1644aa8279ed: Download complete
d42bafaa1433: Verifying Checksum
d42bafaa1433: Download complete
a0d854db0901: Download complete
ad305b79c204: Verifying Checksum
ad305b79c204: Download complete
b94955a717ec: Verifying Checksum
b94955a717ec: Download complete
919a4cdf4d9f: Pull complete
c2a667788566: Pull complete
4fe386f7cf37: Pull complete
6e9019c2af2c: Verifying Checksum
6e9019c2af2c: Download complete
d9bd35ea786c: Verifying Checksum
d9bd35ea786c: Download complete
4f4fb700ef54: Download complete
989fad41fb38: Verifying Checksum
989fad41fb38: Download complete
f6f3c1ad923c: Download complete
1ddf0425f3f0: Verifying Checksum
1ddf0425f3f0: Download complete
fa7d852dff58: Verifying Checksum
fa7d852dff58: Download complete
20ffdf26db1f: Pull complete
183feef27d5b: Verifying Checksum
183feef27d5b: Download complete
222ec402b722: Pull complete
6a648a51e2a5: Pull complete
ffcaadede07d: Pull complete
a3308a2d8c19: Pull complete
20985b6dccd0: Pull complete
b8dbcc6ed4e6: Pull complete
b944b42103d6: Pull complete
07e15d644013: Pull complete
8657451f905f: Pull complete
7e37b7cc9505: Pull complete
f683fbcb8391: Pull complete
0dc7969dcb89: Pull complete
264a7b84c179: Pull complete
1644aa8279ed: Pull complete
f53ed6c6da33: Pull complete
d42bafaa1433: Pull complete
a0d854db0901: Pull complete
f6f3c1ad923c: Pull complete
ad305b79c204: Pull complete
b94955a717ec: Pull complete
6e9019c2af2c: Pull complete
989fad41fb38: Pull complete
d9bd35ea786c: Pull complete
4f4fb700ef54: Pull complete
1ddf0425f3f0: Pull complete
183feef27d5b: Pull complete
fa7d852dff58: Pull complete
Digest: sha256:ddce4802f347fd03237089fc26bf22f96dbe3fd321885dfa4804ceb80002f580
Status: Downloaded newer image for n132/arvo:57077-vul
Accepting input from '/tmp/poc'
Usage for fuzzing: honggfuzz -P [flags] -- /out/xinclude
=================================================================
==7==ERROR: AddressSanitizer: global-buffer-overflow on address 0x000000852f9f at pc 0x00000056ba63 bp 0x7ffd19f85030 sp 0x7ffd19f85028
READ of size 1 at 0x000000852f9f thread T0
SCARINESS: 12 (1-byte-read-global-buffer-overflow)
    #0 0x56ba62 in xmlParseQName /src/libxml2/parser.c
    #1 0x565f40 in xmlParseStartTag2 /src/libxml2/parser.c:9366:17
    #2 0x546921 in xmlParseElementStart /src/libxml2/parser.c:10118:16
    #3 0x54da60 in xmlParseElement /src/libxml2/parser.c:10053:9
    #4 0x54da60 in xmlParseDocument /src/libxml2/parser.c:10917:2
    #5 0x563e6d in xmlDoRead /src/libxml2/parser.c:14975:5
    #6 0x5640bc in xmlReadMemory /src/libxml2/parser.c:15061:13
    #7 0x4dc0ef in LLVMFuzzerTestOneInput /src/libxml2/fuzz/xinclude.c:52:11
    #8 0x4de0ab in main (/out/xinclude+0x4de0ab)
    #9 0x7f7492ce1082 in __libc_start_main (/lib/x86_64-linux-gnu/libc.so.6+0x24082) (BuildId: 87b331c034a6458c64ce09c03939e947212e18ce)
    #10 0x41d6fd in _start (/out/xinclude+0x41d6fd)

DEDUP_TOKEN: xmlParseQName--xmlParseStartTag2--xmlParseElementStart
0x000000852f9f is located 33 bytes to the left of global variable '<string literal>' defined in 'parserInternals.c:332:30' (0x852fc0) of size 18
  '<string literal>' is ascii string 'Huge input lookup'
0x000000852f9f is located 1 bytes to the left of global variable '<string literal>' defined in 'parserInternals.c:289:29' (0x852fa0) of size 1
  '<string literal>' is ascii string ''
0x000000852f9f is located 37 bytes to the right of global variable '<string literal>' defined in 'parserInternals.c:118:43' (0x852f60) of size 26
  '<string literal>' is ascii string 'Memory allocation failed
'
SUMMARY: AddressSanitizer: global-buffer-overflow /src/libxml2/parser.c in xmlParseQName
Shadow bytes around the buggy address:
  0x0000801025a0: 00 00 00 00 00 00 00 00 00 00 00 00 00 00 00 00
  0x0000801025b0: 00 00 00 00 00 00 00 00 00 00 00 00 00 00 00 00
  0x0000801025c0: 00 00 00 00 00 00 00 00 00 00 00 00 00 00 00 00
  0x0000801025d0: 00 00 00 03 f9 f9 f9 f9 00 00 00 00 00 00 00 04
  0x0000801025e0: f9 f9 f9 f9 00 00 00 07 f9 f9 f9 f9 00 00 00 02
=>0x0000801025f0: f9 f9 f9[f9]01 f9 f9 f9 00 00 02 f9 f9 f9 f9 f9
  0x000080102600: 00 00 05 f9 f9 f9 f9 f9 00 00 00 00 f9 f9 f9 f9
  0x000080102610: 00 00 00 00 f9 f9 f9 f9 00 00 00 00 00 00 f9 f9
  0x000080102620: f9 f9 f9 f9 00 00 00 00 04 f9 f9 f9 f9 f9 f9 f9
  0x000080102630: 00 00 00 00 00 00 02 f9 f9 f9 f9 f9 00 00 00 07
  0x000080102640: f9 f9 f9 f9 00 00 00 00 00 00 00 f9 f9 f9 f9 f9
Shadow byte legend (one shadow byte represents 8 application bytes):
  Addressable:           00
  Partially addressable: 01 02 03 04 05 06 07 
  Heap left redzone:       fa
  Freed heap region:       fd
  Stack left redzone:      f1
  Stack mid redzone:       f2
  Stack right redzone:     f3
  Stack after return:      f5
  Stack use after scope:   f8
  Global redzone:          f9
  Global init order:       f6
  Poisoned by user:        f7
  Container overflow:      fc
  Array cookie:            ac
  Intra object redzone:    bb
  ASan internal:           fe
  Left alloca redzone:     ca
  Right alloca redzone:    cb
==7==ABORTING
