Accepting input from '/tmp/poc'
Usage for fuzzing: honggfuzz -P [flags] -- /out/xinclude
=================================================================
==13==ERROR: AddressSanitizer: global-buffer-overflow on address 0x000000852f9f at pc 0x00000056ba63 bp 0x7ffffc8bc550 sp 0x7ffffc8bc548
READ of size 1 at 0x000000852f9f thread T0
SCARINESS: 12 (1-byte-read-global-buffer-overflow)
    #0 0x56ba62 in xmlParseQName /src/libxml2/parser.c
    #1 0x565f40 in xmlParseStartTag2 /src/libxml2/parser.c:9366:17
    #2 0x546921 in xmlParseElementStart /src/libxml2/parser.c:10118:16
    #3 0x54da60 in xmlParseElement /src/libxml2/parser.c:10053:9
    #4 0x54da60 in xmlParseDocument /src/libxml2/parser.c:10917:2
    #5 0x563e6d in xmlDoRead /src/libxml2/parser.c:14975:5
    #6 0x5640bc in xmlReadMemory /src/libxml2/parser.c:15061:13
    #7 0x4dc0ef in LLVMFuzzerTestOneInput /src/libxml2/fuzz/xinclude.c:52:11
    #8 0x4de0ab in main (/out/xinclude+0x4de0ab)
    #9 0x7f25b5648082 in __libc_start_main (/lib/x86_64-linux-gnu/libc.so.6+0x24082) (BuildId: 87b331c034a6458c64ce09c03939e947212e18ce)
    #10 0x41d6fd in _start (/out/xinclude+0x41d6fd)

DEDUP_TOKEN: xmlParseQName--xmlParseStartTag2--xmlParseElementStart
0x000000852f9f is located 33 bytes to the left of global variable '<string literal>' defined in 'parserInternals.c:332:30' (0x852fc0) of size 18
  '<string literal>' is ascii string 'Huge input lookup'
0x000000852f9f is located 1 bytes to the left of global variable '<string literal>' defined in 'parserInternals.c:289:29' (0x852fa0) of size 1
  '<string literal>' is ascii string ''
0x000000852f9f is located 37 bytes to the right of global variable '<string literal>' defined in 'parserInternals.c:118:43' (0x852f60) of size 26
  '<string literal>' is ascii string 'Memory allocation failed
'
SUMMARY: AddressSanitizer: global-buffer-overflow /src/libxml2/parser.c in xmlParseQName
Shadow bytes around the buggy address:
  0x0000801025a0: 00 00 00 00 00 00 00 00 00 00 00 00 00 00 00 00
  0x0000801025b0: 00 00 00 00 00 00 00 00 00 00 00 00 00 00 00 00
  0x0000801025c0: 00 00 00 00 00 00 00 00 00 00 00 00 00 00 00 00
  0x0000801025d0: 00 00 00 03 f9 f9 f9 f9 00 00 00 00 00 00 00 04
  0x0000801025e0: f9 f9 f9 f9 00 00 00 07 f9 f9 f9 f9 00 00 00 02
=>0x0000801025f0: f9 f9 f9[f9]01 f9 f9 f9 00 00 02 f9 f9 f9 f9 f9
  0x000080102600: 00 00 05 f9 f9 f9 f9 f9 00 00 00 00 f9 f9 f9 f9
  0x000080102610: 00 00 00 00 f9 f9 f9 f9 00 00 00 00 00 00 f9 f9
  0x000080102620: f9 f9 f9 f9 00 00 00 00 04 f9 f9 f9 f9 f9 f9 f9
  0x000080102630: 00 00 00 00 00 00 02 f9 f9 f9 f9 f9 00 00 00 07
  0x000080102640: f9 f9 f9 f9 00 00 00 00 00 00 00 f9 f9 f9 f9 f9
Shadow byte legend (one shadow byte represents 8 application bytes):
  Addressable:           00
  Partially addressable: 01 02 03 04 05 06 07
  Heap left redzone:       fa
  Freed heap region:       fd
  Stack left redzone:      f1
  Stack mid redzone:       f2
  Stack right redzone:     f3
  Stack after return:      f5
  Stack use after scope:   f8
  Global redzone:          f9
  Global init order:       f6
  Poisoned by user:        f7
  Container overflow:      fc
  Array cookie:            ac
  Intra object redzone:    bb
  ASan internal:           fe
  Left alloca redzone:     ca
  Right alloca redzone:    cb
==13==ABORTING