INFO: Running with entropic power schedule (0xFF, 100).
INFO: Seed: 2122733596
INFO: Loaded 1 modules   (52507 inline 8-bit counters): 52507 [0x874d4c0, 0x875a1db), 
INFO: Loaded 1 PC tables (52507 PCs): 52507 [0x863db1c,0x86a43f4), 
/out/schema: Running 1 inputs 1 time(s) each.
Running: /tmp/poc
=================================================================
==7==ERROR: AddressSanitizer: global-buffer-overflow on address 0x085e305f at pc 0x08242299 bp 0xff8effa8 sp 0xff8effa0
READ of size 1 at 0x085e305f thread T0
SCARINESS: 12 (1-byte-read-global-buffer-overflow)
    #0 0x8242298 in xmlParseContentInternal /src/libxml2/parser.c:9949:13
    #1 0x8239286 in xmlParseContent /src/libxml2/parser.c:10024:5
    #2 0x8239286 in xmlParseExternalEntityPrivate /src/libxml2/parser.c:12928:5
    #3 0x8232756 in xmlParseReference /src/libxml2/parser.c:7279:12
    #4 0x8241d14 in xmlParseContentInternal /src/libxml2/parser.c:9996:6
    #5 0x82425ee in xmlParseElement /src/libxml2/parser.c:10056:5
    #6 0x824b8c9 in xmlParseDocument /src/libxml2/parser.c:10917:2
    #7 0x82652dc in xmlDoRead /src/libxml2/parser.c:14975:5
    #8 0x82652dc in xmlCtxtReadFile /src/libxml2/parser.c:15208:13
    #9 0x8402b86 in xmlSchemaAddSchemaDoc /src/libxml2/xmlschemas.c:10661:12
    #10 0x8400fb5 in xmlSchemaParse /src/libxml2/xmlschemas.c:21489:11
    #11 0x81d4adf in LLVMFuzzerTestOneInput /src/libxml2/fuzz/schema.c:41:19
    #12 0x80959ae in fuzzer::Fuzzer::ExecuteCallback(unsigned char const*, unsigned int) /src/llvm-project/compiler-rt/lib/fuzzer/FuzzerLoop.cpp:611:15
    #13 0x808090e in fuzzer::RunOneTest(fuzzer::Fuzzer*, char const*, unsigned int) /src/llvm-project/compiler-rt/lib/fuzzer/FuzzerDriver.cpp:324:6
    #14 0x8086510 in fuzzer::FuzzerDriver(int*, char***, int (*)(unsigned char const*, unsigned int)) /src/llvm-project/compiler-rt/lib/fuzzer/FuzzerDriver.cpp:860:9
    #15 0x80b00f7 in main /src/llvm-project/compiler-rt/lib/fuzzer/FuzzerMain.cpp:20:10
    #16 0xf74daed4 in __libc_start_main (/lib/i386-linux-gnu/libc.so.6+0x1aed4) (BuildId: f0e9c9950026d7f234a4a1d03670a7ed59ceb726)
    #17 0x8077a55 in _start (/out/schema+0x8077a55)

DEDUP_TOKEN: xmlParseContentInternal--xmlParseContent--xmlParseExternalEntityPrivate
0x085e305f is located 33 bytes to the left of global variable '<string literal>' defined in 'parserInternals.c:332:30' (0x85e3080) of size 18
  '<string literal>' is ascii string 'Huge input lookup'
0x085e305f is located 1 bytes to the left of global variable '<string literal>' defined in 'parserInternals.c:289:29' (0x85e3060) of size 1
  '<string literal>' is ascii string ''
0x085e305f is located 37 bytes to the right of global variable '<string literal>' defined in 'parserInternals.c:118:43' (0x85e3020) of size 26
  '<string literal>' is ascii string 'Memory allocation failed
'
SUMMARY: AddressSanitizer: global-buffer-overflow /src/libxml2/parser.c:9949:13 in xmlParseContentInternal
Shadow bytes around the buggy address:
  0x210bc5b0: 00 00 00 00 00 00 00 00 00 00 00 00 00 00 00 00
  0x210bc5c0: 00 00 00 00 00 00 00 00 00 00 00 00 00 00 00 00
  0x210bc5d0: 00 00 00 00 00 00 00 00 00 00 00 00 00 00 00 00
  0x210bc5e0: 00 00 00 00 00 00 00 00 00 00 00 03 f9 f9 f9 f9
  0x210bc5f0: 00 00 00 00 00 00 00 04 f9 f9 f9 f9 00 00 00 07
=>0x210bc600: f9 f9 f9 f9 00 00 00 02 f9 f9 f9[f9]01 f9 f9 f9
  0x210bc610: 00 00 02 f9 f9 f9 f9 f9 00 00 05 f9 f9 f9 f9 f9
  0x210bc620: 00 00 00 00 f9 f9 f9 f9 00 00 00 00 f9 f9 f9 f9
  0x210bc630: 00 00 00 00 00 00 f9 f9 f9 f9 f9 f9 00 00 00 00
  0x210bc640: 04 f9 f9 f9 f9 f9 f9 f9 00 00 00 00 00 00 02 f9
  0x210bc650: f9 f9 f9 f9 00 00 00 07 f9 f9 f9 f9 00 00 00 00
Shadow byte legend (one shadow byte represents 8 application bytes):
  Addressable:           00
  Partially addressable: 01 02 03 04 05 06 07 
  Heap left redzone:       fa
  Freed heap region:       fd
  Stack left redzone:      f1
  Stack mid redzone:       f2
  Stack right redzone:     f3
  Stack after return:      f5
  Stack use after scope:   f8
  Global redzone:          f9
  Global init order:       f6
  Poisoned by user:        f7
  Container overflow:      fc
  Array cookie:            ac
  Intra object redzone:    bb
  ASan internal:           fe
  Left alloca redzone:     ca
  Right alloca redzone:    cb
==7==ABORTING
