INFO: Running with entropic power schedule (0xFF, 100).
INFO: Seed: 3296923226
INFO: Loaded 1 modules   (52512 inline 8-bit counters): 52512 [0x874d4c0, 0x875a1e0),
INFO: Loaded 1 PC tables (52512 PCs): 52512 [0x863db3c,0x86a443c),
/out/html: Running 1 inputs 1 time(s) each.
Running: /tmp/poc
=================================================================
==13==ERROR: AddressSanitizer: global-buffer-overflow on address 0x085e3081 at pc 0x08340377 bp 0xffb521e8 sp 0xffb521e0
READ of size 1 at 0x085e3081 thread T0
SCARINESS: 12 (1-byte-read-global-buffer-overflow)
    #0 0x8340376 in htmlParseDocument /src/libxml2/HTMLparser.c:5068:9
    #1 0x8354a86 in htmlDoRead /src/libxml2/HTMLparser.c:6962:5
    #2 0x8354f30 in htmlReadMemory /src/libxml2/HTMLparser.c:7044:13
    #3 0x81d4b43 in LLVMFuzzerTestOneInput /src/libxml2/fuzz/html.c:48:11
    #4 0x80959ae in fuzzer::Fuzzer::ExecuteCallback(unsigned char const*, unsigned int) /src/llvm-project/compiler-rt/lib/fuzzer/FuzzerLoop.cpp:611:15
    #5 0x808090e in fuzzer::RunOneTest(fuzzer::Fuzzer*, char const*, unsigned int) /src/llvm-project/compiler-rt/lib/fuzzer/FuzzerDriver.cpp:324:6
    #6 0x8086510 in fuzzer::FuzzerDriver(int*, char***, int (*)(unsigned char const*, unsigned int)) /src/llvm-project/compiler-rt/lib/fuzzer/FuzzerDriver.cpp:860:9
    #7 0x80b00f7 in main /src/llvm-project/compiler-rt/lib/fuzzer/FuzzerMain.cpp:20:10
    #8 0xf52e5ed4 in __libc_start_main (/lib/i386-linux-gnu/libc.so.6+0x1aed4) (BuildId: f0e9c9950026d7f234a4a1d03670a7ed59ceb726)
    #9 0x8077a55 in _start (/out/html+0x8077a55)

DEDUP_TOKEN: htmlParseDocument--htmlDoRead--htmlReadMemory
0x085e3081 is located 31 bytes to the left of global variable '<string literal>' defined in 'parserInternals.c:332:30' (0x85e30a0) of size 18
  '<string literal>' is ascii string 'Huge input lookup'
0x085e3081 is located 0 bytes to the right of global variable '<string literal>' defined in 'parserInternals.c:289:29' (0x85e3080) of size 1
  '<string literal>' is ascii string ''
SUMMARY: AddressSanitizer: global-buffer-overflow /src/libxml2/HTMLparser.c:5068:9 in htmlParseDocument
Shadow bytes around the buggy address:
  0x210bc5c0: 00 00 00 00 00 00 00 00 00 00 00 00 00 00 00 00
  0x210bc5d0: 00 00 00 00 00 00 00 00 00 00 00 00 00 00 00 00
  0x210bc5e0: 00 00 00 00 00 00 00 00 00 00 00 00 00 00 00 03
  0x210bc5f0: f9 f9 f9 f9 00 00 00 00 00 00 00 04 f9 f9 f9 f9
  0x210bc600: 00 00 00 07 f9 f9 f9 f9 00 00 00 02 f9 f9 f9 f9
=>0x210bc610:[01]f9 f9 f9 00 00 02 f9 f9 f9 f9 f9 00 00 05 f9
  0x210bc620: f9 f9 f9 f9 00 00 00 00 f9 f9 f9 f9 00 00 00 00
  0x210bc630: f9 f9 f9 f9 00 00 00 00 00 00 f9 f9 f9 f9 f9 f9
  0x210bc640: 00 00 00 00 04 f9 f9 f9 f9 f9 f9 f9 00 00 00 00
  0x210bc650: 00 00 02 f9 f9 f9 f9 f9 00 00 00 07 f9 f9 f9 f9
  0x210bc660: 00 00 00 00 00 00 00 f9 f9 f9 f9 f9 00 00 02 f9
Shadow byte legend (one shadow byte represents 8 application bytes):
  Addressable:           00
  Partially addressable: 01 02 03 04 05 06 07
  Heap left redzone:       fa
  Freed heap region:       fd
  Stack left redzone:      f1
  Stack mid redzone:       f2
  Stack right redzone:     f3
  Stack after return:      f5
  Stack use after scope:   f8
  Global redzone:          f9
  Global init order:       f6
  Poisoned by user:        f7
  Container overflow:      fc
  Array cookie:            ac
  Intra object redzone:    bb
  ASan internal:           fe
  Left alloca redzone:     ca
  Right alloca redzone:    cb
==13==ABORTING