Unable to find image 'n132/arvo:57110-vul' locally
57110-vul: Pulling from n132/arvo
7608715873ec: Already exists
ad2487796c1a: Already exists
8b42b3b29679: Already exists
c11d532e9648: Already exists
5feaaee5aeff: Already exists
4a38a10173f3: Already exists
919a4cdf4d9f: Already exists
c2a667788566: Already exists
4fe386f7cf37: Already exists
20ffdf26db1f: Already exists
222ec402b722: Already exists
6a648a51e2a5: Already exists
ffcaadede07d: Already exists
a3308a2d8c19: Already exists
20985b6dccd0: Already exists
b8dbcc6ed4e6: Already exists
b944b42103d6: Already exists
07e15d644013: Already exists
8657451f905f: Already exists
7e37b7cc9505: Already exists
f683fbcb8391: Already exists
0dc7969dcb89: Already exists
264a7b84c179: Already exists
1644aa8279ed: Already exists
f53ed6c6da33: Already exists
d42bafaa1433: Already exists
a0d854db0901: Already exists
4561646c317f: Pulling fs layer
8309ee27f416: Pulling fs layer
0ae03e82e69f: Pulling fs layer
55a4c5658fdc: Pulling fs layer
0e0540e91747: Pulling fs layer
b031a352af89: Pulling fs layer
4f4fb700ef54: Pulling fs layer
c87428370cb9: Pulling fs layer
a3851e5a27bb: Pulling fs layer
44f42a44d1ca: Pulling fs layer
55a4c5658fdc: Waiting
0e0540e91747: Waiting
b031a352af89: Waiting
4f4fb700ef54: Waiting
c87428370cb9: Waiting
a3851e5a27bb: Waiting
44f42a44d1ca: Waiting
8309ee27f416: Verifying Checksum
8309ee27f416: Download complete
55a4c5658fdc: Verifying Checksum
55a4c5658fdc: Download complete
0ae03e82e69f: Verifying Checksum
0ae03e82e69f: Download complete
0e0540e91747: Verifying Checksum
0e0540e91747: Download complete
4f4fb700ef54: Download complete
b031a352af89: Verifying Checksum
b031a352af89: Download complete
c87428370cb9: Verifying Checksum
c87428370cb9: Download complete
44f42a44d1ca: Verifying Checksum
44f42a44d1ca: Download complete
4561646c317f: Download complete
a3851e5a27bb: Verifying Checksum
a3851e5a27bb: Download complete
4561646c317f: Pull complete
8309ee27f416: Pull complete
0ae03e82e69f: Pull complete
55a4c5658fdc: Pull complete
0e0540e91747: Pull complete
b031a352af89: Pull complete
4f4fb700ef54: Pull complete
c87428370cb9: Pull complete
a3851e5a27bb: Pull complete
44f42a44d1ca: Pull complete
Digest: sha256:4d08a188c43c9ff17ef9839fb21c8ff2c39c475d7390c5833281193a6e12eb15
Status: Downloaded newer image for n132/arvo:57110-vul
INFO: Running with entropic power schedule (0xFF, 100).
INFO: Seed: 2021328139
INFO: Loaded 1 modules   (52504 inline 8-bit counters): 52504 [0xad7b40, 0xae4858), 
INFO: Loaded 1 PC tables (52504 PCs): 52504 [0x960110,0xa2d290), 
/out/schema: Running 1 inputs 1 time(s) each.
Running: /tmp/poc
=================================================================
==7==ERROR: AddressSanitizer: global-buffer-overflow on address 0x0000008fe2ba at pc 0x000000851e13 bp 0x7ffe08e7e780 sp 0x7ffe08e7e778
READ of size 1 at 0x0000008fe2ba thread T0
SCARINESS: 12 (1-byte-read-global-buffer-overflow)
    #0 0x851e12 in xmlDictComputeFastKey /src/libxml2/dict.c:437:14
    #1 0x851e12 in xmlDictLookup /src/libxml2/dict.c:859:12
    #2 0x5f8f95 in xmlParseNCNameComplex /src/libxml2/parser.c:3446:12
    #3 0x5f8f95 in xmlParseNCName /src/libxml2/parser.c:3510:12
    #4 0x5f7636 in xmlParseQName /src/libxml2/parser.c:8865:9
    #5 0x5f05ed in xmlParseStartTag2 /src/libxml2/parser.c:9366:17
    #6 0x5d0e02 in xmlParseElementStart /src/libxml2/parser.c:10118:16
    #7 0x5cf7e2 in xmlParseContentInternal /src/libxml2/parser.c:9986:10
    #8 0x5cfee2 in xmlParseElement /src/libxml2/parser.c:10056:5
    #9 0x5d8836 in xmlParseDocument /src/libxml2/parser.c:10917:2
    #10 0x5eed79 in xmlDoRead /src/libxml2/parser.c:14975:5
    #11 0x5eed79 in xmlCtxtReadFile /src/libxml2/parser.c:15208:13
    #12 0x7568b3 in xmlSchemaAddSchemaDoc /src/libxml2/xmlschemas.c:10661:12
    #13 0x75506e in xmlSchemaParse /src/libxml2/xmlschemas.c:21489:11
    #14 0x56c5a7 in LLVMFuzzerTestOneInput /src/libxml2/fuzz/schema.c:41:19
    #15 0x43dee3 in fuzzer::Fuzzer::ExecuteCallback(unsigned char const*, unsigned long) /src/llvm-project/compiler-rt/lib/fuzzer/FuzzerLoop.cpp:611:15
    #16 0x429642 in fuzzer::RunOneTest(fuzzer::Fuzzer*, char const*, unsigned long) /src/llvm-project/compiler-rt/lib/fuzzer/FuzzerDriver.cpp:324:6
    #17 0x42eeec in fuzzer::FuzzerDriver(int*, char***, int (*)(unsigned char const*, unsigned long)) /src/llvm-project/compiler-rt/lib/fuzzer/FuzzerDriver.cpp:860:9
    #18 0x458422 in main /src/llvm-project/compiler-rt/lib/fuzzer/FuzzerMain.cpp:20:10
    #19 0x733eedc4a082 in __libc_start_main (/lib/x86_64-linux-gnu/libc.so.6+0x24082) (BuildId: 87b331c034a6458c64ce09c03939e947212e18ce)
    #20 0x41f80d in _start (/out/schema+0x41f80d)

DEDUP_TOKEN: xmlDictComputeFastKey--xmlDictLookup--xmlParseNCNameComplex
0x0000008fe2ba is located 6 bytes to the left of global variable '<string literal>' defined in 'parserInternals.c:353:30' (0x8fe2c0) of size 21
  '<string literal>' is ascii string 'Growing input buffer'
0x0000008fe2ba is located 40 bytes to the right of global variable '<string literal>' defined in 'parserInternals.c:332:30' (0x8fe280) of size 18
  '<string literal>' is ascii string 'Huge input lookup'
SUMMARY: AddressSanitizer: global-buffer-overflow /src/libxml2/dict.c:437:14 in xmlDictComputeFastKey
Shadow bytes around the buggy address:
  0x000080117c00: 00 00 00 00 00 00 00 00 00 00 00 00 00 00 00 00
  0x000080117c10: 00 00 00 00 00 00 00 00 00 00 00 00 00 00 00 00
  0x000080117c20: 00 00 00 00 00 00 00 00 00 00 00 03 f9 f9 f9 f9
  0x000080117c30: 00 00 00 00 00 00 00 04 f9 f9 f9 f9 00 00 00 07
  0x000080117c40: f9 f9 f9 f9 00 00 00 02 f9 f9 f9 f9 01 f9 f9 f9
=>0x000080117c50: 00 00 02 f9 f9 f9 f9[f9]00 00 05 f9 f9 f9 f9 f9
  0x000080117c60: 00 00 00 00 f9 f9 f9 f9 00 00 00 00 f9 f9 f9 f9
  0x000080117c70: 00 00 00 00 00 00 f9 f9 f9 f9 f9 f9 00 00 00 00
  0x000080117c80: 04 f9 f9 f9 f9 f9 f9 f9 00 00 00 00 00 00 02 f9
  0x000080117c90: f9 f9 f9 f9 00 00 00 07 f9 f9 f9 f9 00 00 00 00
  0x000080117ca0: 00 00 00 f9 f9 f9 f9 f9 00 00 02 f9 f9 f9 f9 f9
Shadow byte legend (one shadow byte represents 8 application bytes):
  Addressable:           00
  Partially addressable: 01 02 03 04 05 06 07 
  Heap left redzone:       fa
  Freed heap region:       fd
  Stack left redzone:      f1
  Stack mid redzone:       f2
  Stack right redzone:     f3
  Stack after return:      f5
  Stack use after scope:   f8
  Global redzone:          f9
  Global init order:       f6
  Poisoned by user:        f7
  Container overflow:      fc
  Array cookie:            ac
  Intra object redzone:    bb
  ASan internal:           fe
  Left alloca redzone:     ca
  Right alloca redzone:    cb
==7==ABORTING
