INFO: Running with entropic power schedule (0xFF, 100).
INFO: Seed: 2125194180
INFO: Loaded 1 modules   (52504 inline 8-bit counters): 52504 [0xad7b40, 0xae4858), 
INFO: Loaded 1 PC tables (52504 PCs): 52504 [0x960110,0xa2d290), 
/out/schema: Running 1 inputs 1 time(s) each.
Running: /tmp/poc
=================================================================
==7==ERROR: AddressSanitizer: global-buffer-overflow on address 0x0000008fe2ba at pc 0x000000851e13 bp 0x7ffc437faa40 sp 0x7ffc437faa38
READ of size 1 at 0x0000008fe2ba thread T0
SCARINESS: 12 (1-byte-read-global-buffer-overflow)
    #0 0x851e12 in xmlDictComputeFastKey /src/libxml2/dict.c:437:14
    #1 0x851e12 in xmlDictLookup /src/libxml2/dict.c:859:12
    #2 0x5f8f95 in xmlParseNCNameComplex /src/libxml2/parser.c:3446:12
    #3 0x5f8f95 in xmlParseNCName /src/libxml2/parser.c:3510:12
    #4 0x5f7636 in xmlParseQName /src/libxml2/parser.c:8865:9
    #5 0x5f05ed in xmlParseStartTag2 /src/libxml2/parser.c:9366:17
    #6 0x5d0e02 in xmlParseElementStart /src/libxml2/parser.c:10118:16
    #7 0x5cf7e2 in xmlParseContentInternal /src/libxml2/parser.c:9986:10
    #8 0x5cfee2 in xmlParseElement /src/libxml2/parser.c:10056:5
    #9 0x5d8836 in xmlParseDocument /src/libxml2/parser.c:10917:2
    #10 0x5eed79 in xmlDoRead /src/libxml2/parser.c:14975:5
    #11 0x5eed79 in xmlCtxtReadFile /src/libxml2/parser.c:15208:13
    #12 0x7568b3 in xmlSchemaAddSchemaDoc /src/libxml2/xmlschemas.c:10661:12
    #13 0x75506e in xmlSchemaParse /src/libxml2/xmlschemas.c:21489:11
    #14 0x56c5a7 in LLVMFuzzerTestOneInput /src/libxml2/fuzz/schema.c:41:19
    #15 0x43dee3 in fuzzer::Fuzzer::ExecuteCallback(unsigned char const*, unsigned long) /src/llvm-project/compiler-rt/lib/fuzzer/FuzzerLoop.cpp:611:15
    #16 0x429642 in fuzzer::RunOneTest(fuzzer::Fuzzer*, char const*, unsigned long) /src/llvm-project/compiler-rt/lib/fuzzer/FuzzerDriver.cpp:324:6
    #17 0x42eeec in fuzzer::FuzzerDriver(int*, char***, int (*)(unsigned char const*, unsigned long)) /src/llvm-project/compiler-rt/lib/fuzzer/FuzzerDriver.cpp:860:9
    #18 0x458422 in main /src/llvm-project/compiler-rt/lib/fuzzer/FuzzerMain.cpp:20:10
    #19 0x7a5c26d0b082 in __libc_start_main (/lib/x86_64-linux-gnu/libc.so.6+0x24082) (BuildId: 87b331c034a6458c64ce09c03939e947212e18ce)
    #20 0x41f80d in _start (/out/schema+0x41f80d)

DEDUP_TOKEN: xmlDictComputeFastKey--xmlDictLookup--xmlParseNCNameComplex
0x0000008fe2ba is located 6 bytes to the left of global variable '<string literal>' defined in 'parserInternals.c:353:30' (0x8fe2c0) of size 21
  '<string literal>' is ascii string 'Growing input buffer'
0x0000008fe2ba is located 40 bytes to the right of global variable '<string literal>' defined in 'parserInternals.c:332:30' (0x8fe280) of size 18
  '<string literal>' is ascii string 'Huge input lookup'
SUMMARY: AddressSanitizer: global-buffer-overflow /src/libxml2/dict.c:437:14 in xmlDictComputeFastKey
Shadow bytes around the buggy address:
  0x000080117c00: 00 00 00 00 00 00 00 00 00 00 00 00 00 00 00 00
  0x000080117c10: 00 00 00 00 00 00 00 00 00 00 00 00 00 00 00 00
  0x000080117c20: 00 00 00 00 00 00 00 00 00 00 00 03 f9 f9 f9 f9
  0x000080117c30: 00 00 00 00 00 00 00 04 f9 f9 f9 f9 00 00 00 07
  0x000080117c40: f9 f9 f9 f9 00 00 00 02 f9 f9 f9 f9 01 f9 f9 f9
=>0x000080117c50: 00 00 02 f9 f9 f9 f9[f9]00 00 05 f9 f9 f9 f9 f9
  0x000080117c60: 00 00 00 00 f9 f9 f9 f9 00 00 00 00 f9 f9 f9 f9
  0x000080117c70: 00 00 00 00 00 00 f9 f9 f9 f9 f9 f9 00 00 00 00
  0x000080117c80: 04 f9 f9 f9 f9 f9 f9 f9 00 00 00 00 00 00 02 f9
  0x000080117c90: f9 f9 f9 f9 00 00 00 07 f9 f9 f9 f9 00 00 00 00
  0x000080117ca0: 00 00 00 f9 f9 f9 f9 f9 00 00 02 f9 f9 f9 f9 f9
Shadow byte legend (one shadow byte represents 8 application bytes):
  Addressable:           00
  Partially addressable: 01 02 03 04 05 06 07 
  Heap left redzone:       fa
  Freed heap region:       fd
  Stack left redzone:      f1
  Stack mid redzone:       f2
  Stack right redzone:     f3
  Stack after return:      f5
  Stack use after scope:   f8
  Global redzone:          f9
  Global init order:       f6
  Poisoned by user:        f7
  Container overflow:      fc
  Array cookie:            ac
  Intra object redzone:    bb
  ASan internal:           fe
  Left alloca redzone:     ca
  Right alloca redzone:    cb
==7==ABORTING
