Unable to find image 'n132/arvo:57151-vul' locally
57151-vul: Pulling from n132/arvo
7608715873ec: Already exists
ad2487796c1a: Already exists
8b42b3b29679: Already exists
c11d532e9648: Already exists
5feaaee5aeff: Already exists
4a38a10173f3: Already exists
919a4cdf4d9f: Already exists
c2a667788566: Already exists
4fe386f7cf37: Already exists
20ffdf26db1f: Already exists
222ec402b722: Already exists
6a648a51e2a5: Already exists
ffcaadede07d: Already exists
a3308a2d8c19: Already exists
20985b6dccd0: Already exists
b8dbcc6ed4e6: Already exists
b944b42103d6: Already exists
07e15d644013: Already exists
8657451f905f: Already exists
7e37b7cc9505: Already exists
f683fbcb8391: Already exists
0dc7969dcb89: Already exists
264a7b84c179: Already exists
1644aa8279ed: Already exists
f53ed6c6da33: Already exists
d42bafaa1433: Already exists
a0d854db0901: Already exists
36218af7bcd8: Pulling fs layer
53a50d6c6ab1: Pulling fs layer
b062f4df99d3: Pulling fs layer
67b2bb95056b: Pulling fs layer
db1bdf05bbce: Pulling fs layer
1fef9f5bb1d4: Pulling fs layer
4f4fb700ef54: Pulling fs layer
b326231f2428: Pulling fs layer
b609d3b91bc9: Pulling fs layer
048bdf591120: Pulling fs layer
db1bdf05bbce: Waiting
b326231f2428: Waiting
b609d3b91bc9: Waiting
1fef9f5bb1d4: Waiting
048bdf591120: Waiting
4f4fb700ef54: Waiting
67b2bb95056b: Waiting
53a50d6c6ab1: Verifying Checksum
53a50d6c6ab1: Download complete
b062f4df99d3: Verifying Checksum
b062f4df99d3: Download complete
67b2bb95056b: Verifying Checksum
67b2bb95056b: Download complete
db1bdf05bbce: Verifying Checksum
db1bdf05bbce: Download complete
4f4fb700ef54: Verifying Checksum
4f4fb700ef54: Download complete
1fef9f5bb1d4: Download complete
b326231f2428: Verifying Checksum
b326231f2428: Download complete
048bdf591120: Verifying Checksum
048bdf591120: Download complete
b609d3b91bc9: Verifying Checksum
b609d3b91bc9: Download complete
36218af7bcd8: Verifying Checksum
36218af7bcd8: Download complete
36218af7bcd8: Pull complete
53a50d6c6ab1: Pull complete
b062f4df99d3: Pull complete
67b2bb95056b: Pull complete
db1bdf05bbce: Pull complete
1fef9f5bb1d4: Pull complete
4f4fb700ef54: Pull complete
b326231f2428: Pull complete
b609d3b91bc9: Pull complete
048bdf591120: Pull complete
Digest: sha256:a5a87f4538b5003343578d4a1f4a3270438dc07bb572212738e0fd1267d62cf9
Status: Downloaded newer image for n132/arvo:57151-vul
INFO: Running with entropic power schedule (0xFF, 100).
INFO: Seed: 2040851523
INFO: Loaded 1 modules   (52512 inline 8-bit counters): 52512 [0xad7b30, 0xae4850), 
INFO: Loaded 1 PC tables (52512 PCs): 52512 [0x960110,0xa2d310), 
/out/xinclude: Running 1 inputs 1 time(s) each.
Running: /tmp/poc
=================================================================
==7==ERROR: AddressSanitizer: global-buffer-overflow on address 0x0000008fe25f at pc 0x0000005f80f8 bp 0x7ffe5599be80 sp 0x7ffe5599be78
READ of size 1 at 0x0000008fe25f thread T0
SCARINESS: 12 (1-byte-read-global-buffer-overflow)
    #0 0x5f80f7 in xmlParseQName /src/libxml2/parser.c:8867:13
    #1 0x5f082d in xmlParseStartTag2 /src/libxml2/parser.c:9366:17
    #2 0x5dfdc9 in xmlParseTryOrFinish /src/libxml2/parser.c:11655:14
    #3 0x5dc070 in xmlParseChunk /src/libxml2/parser.c
    #4 0x6e952b in xmlTextReaderPushData /src/libxml2/xmlreader.c:852:12
    #5 0x6e5dbc in xmlTextReaderRead /src/libxml2/xmlreader.c:1243:12
    #6 0x56c6a2 in LLVMFuzzerTestOneInput /src/libxml2/fuzz/xinclude.c:62:12
    #7 0x43dee3 in fuzzer::Fuzzer::ExecuteCallback(unsigned char const*, unsigned long) /src/llvm-project/compiler-rt/lib/fuzzer/FuzzerLoop.cpp:611:15
    #8 0x429642 in fuzzer::RunOneTest(fuzzer::Fuzzer*, char const*, unsigned long) /src/llvm-project/compiler-rt/lib/fuzzer/FuzzerDriver.cpp:324:6
    #9 0x42eeec in fuzzer::FuzzerDriver(int*, char***, int (*)(unsigned char const*, unsigned long)) /src/llvm-project/compiler-rt/lib/fuzzer/FuzzerDriver.cpp:860:9
    #10 0x458422 in main /src/llvm-project/compiler-rt/lib/fuzzer/FuzzerMain.cpp:20:10
    #11 0x7198ebc78082 in __libc_start_main (/lib/x86_64-linux-gnu/libc.so.6+0x24082) (BuildId: 87b331c034a6458c64ce09c03939e947212e18ce)
    #12 0x41f80d in _start (/out/xinclude+0x41f80d)

DEDUP_TOKEN: xmlParseQName--xmlParseStartTag2--xmlParseTryOrFinish
0x0000008fe25f is located 33 bytes to the left of global variable '<string literal>' defined in 'parserInternals.c:332:30' (0x8fe280) of size 18
  '<string literal>' is ascii string 'Huge input lookup'
0x0000008fe25f is located 1 bytes to the left of global variable '<string literal>' defined in 'parserInternals.c:289:29' (0x8fe260) of size 1
  '<string literal>' is ascii string ''
0x0000008fe25f is located 37 bytes to the right of global variable '<string literal>' defined in 'parserInternals.c:118:43' (0x8fe220) of size 26
  '<string literal>' is ascii string 'Memory allocation failed
'
SUMMARY: AddressSanitizer: global-buffer-overflow /src/libxml2/parser.c:8867:13 in xmlParseQName
Shadow bytes around the buggy address:
  0x000080117bf0: 00 00 00 00 00 00 00 00 00 00 00 00 00 00 00 00
  0x000080117c00: 00 00 00 00 00 00 00 00 00 00 00 00 00 00 00 00
  0x000080117c10: 00 00 00 00 00 00 00 00 00 00 00 00 00 00 00 00
  0x000080117c20: 00 00 00 00 00 00 00 00 00 00 00 03 f9 f9 f9 f9
  0x000080117c30: 00 00 00 00 00 00 00 04 f9 f9 f9 f9 00 00 00 07
=>0x000080117c40: f9 f9 f9 f9 00 00 00 02 f9 f9 f9[f9]01 f9 f9 f9
  0x000080117c50: 00 00 02 f9 f9 f9 f9 f9 00 00 05 f9 f9 f9 f9 f9
  0x000080117c60: 00 00 00 00 f9 f9 f9 f9 00 00 00 00 f9 f9 f9 f9
  0x000080117c70: 00 00 00 00 00 00 f9 f9 f9 f9 f9 f9 00 00 00 00
  0x000080117c80: 04 f9 f9 f9 f9 f9 f9 f9 00 00 00 00 00 00 02 f9
  0x000080117c90: f9 f9 f9 f9 00 00 00 07 f9 f9 f9 f9 00 00 00 00
Shadow byte legend (one shadow byte represents 8 application bytes):
  Addressable:           00
  Partially addressable: 01 02 03 04 05 06 07 
  Heap left redzone:       fa
  Freed heap region:       fd
  Stack left redzone:      f1
  Stack mid redzone:       f2
  Stack right redzone:     f3
  Stack after return:      f5
  Stack use after scope:   f8
  Global redzone:          f9
  Global init order:       f6
  Poisoned by user:        f7
  Container overflow:      fc
  Array cookie:            ac
  Intra object redzone:    bb
  ASan internal:           fe
  Left alloca redzone:     ca
  Right alloca redzone:    cb
==7==ABORTING
