INFO: Running with entropic power schedule (0xFF, 100).
INFO: Seed: 3296968980
INFO: Loaded 1 modules   (52512 inline 8-bit counters): 52512 [0xad7b30, 0xae4850),
INFO: Loaded 1 PC tables (52512 PCs): 52512 [0x960110,0xa2d310),
/out/xinclude: Running 1 inputs 1 time(s) each.
Running: /tmp/poc
=================================================================
==13==ERROR: AddressSanitizer: global-buffer-overflow on address 0x0000008fe25f at pc 0x0000005f80f8 bp 0x7ffd7f78fae0 sp 0x7ffd7f78fad8
READ of size 1 at 0x0000008fe25f thread T0
SCARINESS: 12 (1-byte-read-global-buffer-overflow)
    #0 0x5f80f7 in xmlParseQName /src/libxml2/parser.c:8867:13
    #1 0x5f082d in xmlParseStartTag2 /src/libxml2/parser.c:9366:17
    #2 0x5dfdc9 in xmlParseTryOrFinish /src/libxml2/parser.c:11655:14
    #3 0x5dc070 in xmlParseChunk /src/libxml2/parser.c
    #4 0x6e952b in xmlTextReaderPushData /src/libxml2/xmlreader.c:852:12
    #5 0x6e5dbc in xmlTextReaderRead /src/libxml2/xmlreader.c:1243:12
    #6 0x56c6a2 in LLVMFuzzerTestOneInput /src/libxml2/fuzz/xinclude.c:62:12
    #7 0x43dee3 in fuzzer::Fuzzer::ExecuteCallback(unsigned char const*, unsigned long) /src/llvm-project/compiler-rt/lib/fuzzer/FuzzerLoop.cpp:611:15
    #8 0x429642 in fuzzer::RunOneTest(fuzzer::Fuzzer*, char const*, unsigned long) /src/llvm-project/compiler-rt/lib/fuzzer/FuzzerDriver.cpp:324:6
    #9 0x42eeec in fuzzer::FuzzerDriver(int*, char***, int (*)(unsigned char const*, unsigned long)) /src/llvm-project/compiler-rt/lib/fuzzer/FuzzerDriver.cpp:860:9
    #10 0x458422 in main /src/llvm-project/compiler-rt/lib/fuzzer/FuzzerMain.cpp:20:10
    #11 0x7303b8176082 in __libc_start_main (/lib/x86_64-linux-gnu/libc.so.6+0x24082) (BuildId: 87b331c034a6458c64ce09c03939e947212e18ce)
    #12 0x41f80d in _start (/out/xinclude+0x41f80d)

DEDUP_TOKEN: xmlParseQName--xmlParseStartTag2--xmlParseTryOrFinish
0x0000008fe25f is located 33 bytes to the left of global variable '<string literal>' defined in 'parserInternals.c:332:30' (0x8fe280) of size 18
  '<string literal>' is ascii string 'Huge input lookup'
0x0000008fe25f is located 1 bytes to the left of global variable '<string literal>' defined in 'parserInternals.c:289:29' (0x8fe260) of size 1
  '<string literal>' is ascii string ''
0x0000008fe25f is located 37 bytes to the right of global variable '<string literal>' defined in 'parserInternals.c:118:43' (0x8fe220) of size 26
  '<string literal>' is ascii string 'Memory allocation failed
'
SUMMARY: AddressSanitizer: global-buffer-overflow /src/libxml2/parser.c:8867:13 in xmlParseQName
Shadow bytes around the buggy address:
  0x000080117bf0: 00 00 00 00 00 00 00 00 00 00 00 00 00 00 00 00
  0x000080117c00: 00 00 00 00 00 00 00 00 00 00 00 00 00 00 00 00
  0x000080117c10: 00 00 00 00 00 00 00 00 00 00 00 00 00 00 00 00
  0x000080117c20: 00 00 00 00 00 00 00 00 00 00 00 03 f9 f9 f9 f9
  0x000080117c30: 00 00 00 00 00 00 00 04 f9 f9 f9 f9 00 00 00 07
=>0x000080117c40: f9 f9 f9 f9 00 00 00 02 f9 f9 f9[f9]01 f9 f9 f9
  0x000080117c50: 00 00 02 f9 f9 f9 f9 f9 00 00 05 f9 f9 f9 f9 f9
  0x000080117c60: 00 00 00 00 f9 f9 f9 f9 00 00 00 00 f9 f9 f9 f9
  0x000080117c70: 00 00 00 00 00 00 f9 f9 f9 f9 f9 f9 00 00 00 00
  0x000080117c80: 04 f9 f9 f9 f9 f9 f9 f9 00 00 00 00 00 00 02 f9
  0x000080117c90: f9 f9 f9 f9 00 00 00 07 f9 f9 f9 f9 00 00 00 00
Shadow byte legend (one shadow byte represents 8 application bytes):
  Addressable:           00
  Partially addressable: 01 02 03 04 05 06 07
  Heap left redzone:       fa
  Freed heap region:       fd
  Stack left redzone:      f1
  Stack mid redzone:       f2
  Stack right redzone:     f3
  Stack after return:      f5
  Stack use after scope:   f8
  Global redzone:          f9
  Global init order:       f6
  Poisoned by user:        f7
  Container overflow:      fc
  Array cookie:            ac
  Intra object redzone:    bb
  ASan internal:           fe
  Left alloca redzone:     ca
  Right alloca redzone:    cb
==13==ABORTING