INFO: Running with entropic power schedule (0xFF, 100).
INFO: Seed: 423601124
INFO: Loaded 1 modules   (52300 inline 8-bit counters): 52300 [0x87484c0, 0x875510c),
INFO: Loaded 1 PC tables (52300 PCs): 52300 [0x8639b3c,0x869fd9c),
/out/html: Running 1 inputs 1 time(s) each.
Running: /tmp/poc
=================================================================
==13==ERROR: AddressSanitizer: global-buffer-overflow on address 0x085df083 at pc 0x0834c53b bp 0xffdac7a8 sp 0xffdac7a0
READ of size 1 at 0x085df083 thread T0
SCARINESS: 12 (1-byte-read-global-buffer-overflow)
    #0 0x834c53a in htmlParseTryOrFinish /src/libxml2/HTMLparser.c:6091:31
    #1 0x834c53a in htmlParseChunk /src/libxml2/HTMLparser.c:6315:5
    #2 0x81d4ca7 in LLVMFuzzerTestOneInput /src/libxml2/fuzz/html.c:77:9
    #3 0x80959ae in fuzzer::Fuzzer::ExecuteCallback(unsigned char const*, unsigned int) /src/llvm-project/compiler-rt/lib/fuzzer/FuzzerLoop.cpp:611:15
    #4 0x808090e in fuzzer::RunOneTest(fuzzer::Fuzzer*, char const*, unsigned int) /src/llvm-project/compiler-rt/lib/fuzzer/FuzzerDriver.cpp:324:6
    #5 0x8086510 in fuzzer::FuzzerDriver(int*, char***, int (*)(unsigned char const*, unsigned int)) /src/llvm-project/compiler-rt/lib/fuzzer/FuzzerDriver.cpp:860:9
    #6 0x80b00f7 in main /src/llvm-project/compiler-rt/lib/fuzzer/FuzzerMain.cpp:20:10
    #7 0xf0a5bed4 in __libc_start_main (/lib/i386-linux-gnu/libc.so.6+0x1aed4) (BuildId: f0e9c9950026d7f234a4a1d03670a7ed59ceb726)
    #8 0x8077a55 in _start (/out/html+0x8077a55)

DEDUP_TOKEN: htmlParseTryOrFinish--htmlParseChunk--LLVMFuzzerTestOneInput
0x085df083 is located 29 bytes to the left of global variable '<string literal>' defined in 'parserInternals.c:331:30' (0x85df0a0) of size 18
  '<string literal>' is ascii string 'Huge input lookup'
0x085df083 is located 2 bytes to the right of global variable '<string literal>' defined in 'parserInternals.c:289:29' (0x85df080) of size 1
  '<string literal>' is ascii string ''
SUMMARY: AddressSanitizer: global-buffer-overflow /src/libxml2/HTMLparser.c:6091:31 in htmlParseTryOrFinish
Shadow bytes around the buggy address:
  0x210bbdc0: 00 00 00 00 00 00 00 00 00 00 00 00 00 00 00 00
  0x210bbdd0: 00 00 00 00 00 00 00 00 00 00 00 00 00 00 00 00
  0x210bbde0: 00 00 00 00 00 00 00 00 00 00 00 00 00 00 00 03
  0x210bbdf0: f9 f9 f9 f9 00 00 00 00 00 00 00 04 f9 f9 f9 f9
  0x210bbe00: 00 00 00 07 f9 f9 f9 f9 00 00 00 02 f9 f9 f9 f9
=>0x210bbe10:[01]f9 f9 f9 00 00 02 f9 f9 f9 f9 f9 00 00 05 f9
  0x210bbe20: f9 f9 f9 f9 00 00 00 00 f9 f9 f9 f9 00 00 00 00
  0x210bbe30: f9 f9 f9 f9 00 00 00 00 00 00 f9 f9 f9 f9 f9 f9
  0x210bbe40: 00 00 00 00 04 f9 f9 f9 f9 f9 f9 f9 00 00 00 00
  0x210bbe50: 00 00 02 f9 f9 f9 f9 f9 00 00 00 07 f9 f9 f9 f9
  0x210bbe60: 00 00 00 00 00 00 00 f9 f9 f9 f9 f9 00 00 02 f9
Shadow byte legend (one shadow byte represents 8 application bytes):
  Addressable:           00
  Partially addressable: 01 02 03 04 05 06 07
  Heap left redzone:       fa
  Freed heap region:       fd
  Stack left redzone:      f1
  Stack mid redzone:       f2
  Stack right redzone:     f3
  Stack after return:      f5
  Stack use after scope:   f8
  Global redzone:          f9
  Global init order:       f6
  Poisoned by user:        f7
  Container overflow:      fc
  Array cookie:            ac
  Intra object redzone:    bb
  ASan internal:           fe
  Left alloca redzone:     ca
  Right alloca redzone:    cb
==13==ABORTING