Unable to find image 'n132/arvo:57225-vul' locally
57225-vul: Pulling from n132/arvo
7608715873ec: Already exists
ad2487796c1a: Already exists
8b42b3b29679: Already exists
c11d532e9648: Already exists
5feaaee5aeff: Already exists
4a38a10173f3: Already exists
919a4cdf4d9f: Already exists
c2a667788566: Already exists
4fe386f7cf37: Already exists
20ffdf26db1f: Already exists
222ec402b722: Already exists
6a648a51e2a5: Already exists
ffcaadede07d: Already exists
a3308a2d8c19: Already exists
20985b6dccd0: Already exists
b8dbcc6ed4e6: Already exists
b944b42103d6: Already exists
07e15d644013: Already exists
8657451f905f: Already exists
7e37b7cc9505: Already exists
f683fbcb8391: Already exists
0dc7969dcb89: Already exists
264a7b84c179: Already exists
1644aa8279ed: Already exists
f53ed6c6da33: Already exists
d42bafaa1433: Already exists
a0d854db0901: Already exists
b7063eb7dd63: Pulling fs layer
9eca2b557928: Pulling fs layer
df3dafd2fe46: Pulling fs layer
a0cef1e41274: Pulling fs layer
10244cafa1a8: Pulling fs layer
7154cff8be29: Pulling fs layer
4f4fb700ef54: Pulling fs layer
382b0000be0e: Pulling fs layer
a8ecf782bdf3: Pulling fs layer
7f8c04eb1dc0: Pulling fs layer
7154cff8be29: Waiting
4f4fb700ef54: Waiting
10244cafa1a8: Waiting
7f8c04eb1dc0: Waiting
382b0000be0e: Waiting
a8ecf782bdf3: Waiting
a0cef1e41274: Waiting
9eca2b557928: Verifying Checksum
9eca2b557928: Download complete
df3dafd2fe46: Verifying Checksum
df3dafd2fe46: Download complete
a0cef1e41274: Verifying Checksum
a0cef1e41274: Download complete
7154cff8be29: Verifying Checksum
7154cff8be29: Download complete
4f4fb700ef54: Download complete
b7063eb7dd63: Verifying Checksum
b7063eb7dd63: Download complete
382b0000be0e: Verifying Checksum
382b0000be0e: Download complete
7f8c04eb1dc0: Verifying Checksum
7f8c04eb1dc0: Download complete
10244cafa1a8: Verifying Checksum
10244cafa1a8: Download complete
a8ecf782bdf3: Verifying Checksum
a8ecf782bdf3: Download complete
b7063eb7dd63: Pull complete
9eca2b557928: Pull complete
df3dafd2fe46: Pull complete
a0cef1e41274: Pull complete
10244cafa1a8: Pull complete
7154cff8be29: Pull complete
4f4fb700ef54: Pull complete
382b0000be0e: Pull complete
a8ecf782bdf3: Pull complete
7f8c04eb1dc0: Pull complete
Digest: sha256:9b0082754c7f81999360d0ee289109a26ff4588dc70de8476a0befb542e98d13
Status: Downloaded newer image for n132/arvo:57225-vul
INFO: Running with entropic power schedule (0xFF, 100).
INFO: Seed: 2098348686
INFO: Loaded 1 modules   (52504 inline 8-bit counters): 52504 [0xad7b40, 0xae4858), 
INFO: Loaded 1 PC tables (52504 PCs): 52504 [0x960110,0xa2d290), 
/out/schema: Running 1 inputs 1 time(s) each.
Running: /tmp/poc
=================================================================
==7==ERROR: AddressSanitizer: global-buffer-overflow on address 0x0000008fe25f at pc 0x0000005cfbb5 bp 0x7ffd3e18a270 sp 0x7ffd3e18a268
READ of size 1 at 0x0000008fe25f thread T0
SCARINESS: 12 (1-byte-read-global-buffer-overflow)
    #0 0x5cfbb4 in xmlParseContentInternal /src/libxml2/parser.c:9949:13
    #1 0x5c7cc7 in xmlParseContent /src/libxml2/parser.c:10024:5
    #2 0x5c7cc7 in xmlParseExternalEntityPrivate /src/libxml2/parser.c:12928:5
    #3 0x5c1e14 in xmlParseReference /src/libxml2/parser.c:7279:12
    #4 0x5cf723 in xmlParseContentInternal /src/libxml2/parser.c:9996:6
    #5 0x5cfee2 in xmlParseElement /src/libxml2/parser.c:10056:5
    #6 0x5d8836 in xmlParseDocument /src/libxml2/parser.c:10917:2
    #7 0x5eed79 in xmlDoRead /src/libxml2/parser.c:14975:5
    #8 0x5eed79 in xmlCtxtReadFile /src/libxml2/parser.c:15208:13
    #9 0x7568b3 in xmlSchemaAddSchemaDoc /src/libxml2/xmlschemas.c:10661:12
    #10 0x75506e in xmlSchemaParse /src/libxml2/xmlschemas.c:21489:11
    #11 0x56c5a7 in LLVMFuzzerTestOneInput /src/libxml2/fuzz/schema.c:41:19
    #12 0x43dee3 in fuzzer::Fuzzer::ExecuteCallback(unsigned char const*, unsigned long) /src/llvm-project/compiler-rt/lib/fuzzer/FuzzerLoop.cpp:611:15
    #13 0x429642 in fuzzer::RunOneTest(fuzzer::Fuzzer*, char const*, unsigned long) /src/llvm-project/compiler-rt/lib/fuzzer/FuzzerDriver.cpp:324:6
    #14 0x42eeec in fuzzer::FuzzerDriver(int*, char***, int (*)(unsigned char const*, unsigned long)) /src/llvm-project/compiler-rt/lib/fuzzer/FuzzerDriver.cpp:860:9
    #15 0x458422 in main /src/llvm-project/compiler-rt/lib/fuzzer/FuzzerMain.cpp:20:10
    #16 0x77f249a07082 in __libc_start_main (/lib/x86_64-linux-gnu/libc.so.6+0x24082) (BuildId: 87b331c034a6458c64ce09c03939e947212e18ce)
    #17 0x41f80d in _start (/out/schema+0x41f80d)

DEDUP_TOKEN: xmlParseContentInternal--xmlParseContent--xmlParseExternalEntityPrivate
0x0000008fe25f is located 33 bytes to the left of global variable '<string literal>' defined in 'parserInternals.c:332:30' (0x8fe280) of size 18
  '<string literal>' is ascii string 'Huge input lookup'
0x0000008fe25f is located 1 bytes to the left of global variable '<string literal>' defined in 'parserInternals.c:289:29' (0x8fe260) of size 1
  '<string literal>' is ascii string ''
0x0000008fe25f is located 37 bytes to the right of global variable '<string literal>' defined in 'parserInternals.c:118:43' (0x8fe220) of size 26
  '<string literal>' is ascii string 'Memory allocation failed
'
SUMMARY: AddressSanitizer: global-buffer-overflow /src/libxml2/parser.c:9949:13 in xmlParseContentInternal
Shadow bytes around the buggy address:
  0x000080117bf0: 00 00 00 00 00 00 00 00 00 00 00 00 00 00 00 00
  0x000080117c00: 00 00 00 00 00 00 00 00 00 00 00 00 00 00 00 00
  0x000080117c10: 00 00 00 00 00 00 00 00 00 00 00 00 00 00 00 00
  0x000080117c20: 00 00 00 00 00 00 00 00 00 00 00 03 f9 f9 f9 f9
  0x000080117c30: 00 00 00 00 00 00 00 04 f9 f9 f9 f9 00 00 00 07
=>0x000080117c40: f9 f9 f9 f9 00 00 00 02 f9 f9 f9[f9]01 f9 f9 f9
  0x000080117c50: 00 00 02 f9 f9 f9 f9 f9 00 00 05 f9 f9 f9 f9 f9
  0x000080117c60: 00 00 00 00 f9 f9 f9 f9 00 00 00 00 f9 f9 f9 f9
  0x000080117c70: 00 00 00 00 00 00 f9 f9 f9 f9 f9 f9 00 00 00 00
  0x000080117c80: 04 f9 f9 f9 f9 f9 f9 f9 00 00 00 00 00 00 02 f9
  0x000080117c90: f9 f9 f9 f9 00 00 00 07 f9 f9 f9 f9 00 00 00 00
Shadow byte legend (one shadow byte represents 8 application bytes):
  Addressable:           00
  Partially addressable: 01 02 03 04 05 06 07 
  Heap left redzone:       fa
  Freed heap region:       fd
  Stack left redzone:      f1
  Stack mid redzone:       f2
  Stack right redzone:     f3
  Stack after return:      f5
  Stack use after scope:   f8
  Global redzone:          f9
  Global init order:       f6
  Poisoned by user:        f7
  Container overflow:      fc
  Array cookie:            ac
  Intra object redzone:    bb
  ASan internal:           fe
  Left alloca redzone:     ca
  Right alloca redzone:    cb
==7==ABORTING
