Unable to find image 'n132/arvo:57288-vul' locally
57288-vul: Pulling from n132/arvo
7608715873ec: Already exists
ad2487796c1a: Already exists
8b42b3b29679: Already exists
c11d532e9648: Already exists
5feaaee5aeff: Already exists
4a38a10173f3: Already exists
919a4cdf4d9f: Already exists
c2a667788566: Already exists
4fe386f7cf37: Already exists
20ffdf26db1f: Already exists
222ec402b722: Already exists
6a648a51e2a5: Already exists
ffcaadede07d: Already exists
a3308a2d8c19: Already exists
20985b6dccd0: Already exists
b8dbcc6ed4e6: Already exists
b944b42103d6: Already exists
07e15d644013: Already exists
8657451f905f: Already exists
7e37b7cc9505: Already exists
f683fbcb8391: Already exists
0dc7969dcb89: Already exists
264a7b84c179: Already exists
1644aa8279ed: Already exists
f53ed6c6da33: Already exists
d42bafaa1433: Already exists
a0d854db0901: Already exists
a4472f467258: Pulling fs layer
cbaf58cadeea: Pulling fs layer
e043125fe233: Pulling fs layer
2eba3089c97e: Pulling fs layer
62a8abbe6bf7: Pulling fs layer
46ec47732bf2: Pulling fs layer
4f4fb700ef54: Pulling fs layer
574b3cc424b5: Pulling fs layer
2eba3089c97e: Waiting
6f551d0253b7: Pulling fs layer
62a8abbe6bf7: Waiting
5733f92b771c: Pulling fs layer
46ec47732bf2: Waiting
6f551d0253b7: Waiting
5733f92b771c: Waiting
4f4fb700ef54: Waiting
574b3cc424b5: Waiting
cbaf58cadeea: Verifying Checksum
cbaf58cadeea: Download complete
e043125fe233: Verifying Checksum
e043125fe233: Download complete
2eba3089c97e: Verifying Checksum
2eba3089c97e: Download complete
46ec47732bf2: Verifying Checksum
46ec47732bf2: Download complete
62a8abbe6bf7: Verifying Checksum
62a8abbe6bf7: Download complete
4f4fb700ef54: Download complete
574b3cc424b5: Download complete
a4472f467258: Verifying Checksum
a4472f467258: Download complete
a4472f467258: Pull complete
cbaf58cadeea: Pull complete
e043125fe233: Pull complete
2eba3089c97e: Pull complete
62a8abbe6bf7: Pull complete
46ec47732bf2: Pull complete
4f4fb700ef54: Pull complete
574b3cc424b5: Pull complete
6f551d0253b7: Verifying Checksum
6f551d0253b7: Download complete
6f551d0253b7: Pull complete
5733f92b771c: Pull complete
Digest: sha256:f661adc11b8dc71126d69c48d9bc13acc25998aa7736b9a7ea04729556997e45
Status: Downloaded newer image for n132/arvo:57288-vul
Accepting input from '/tmp/poc'
Usage for fuzzing: honggfuzz -P [flags] -- /out/html
=================================================================
==7==ERROR: AddressSanitizer: global-buffer-overflow on address 0x000000852fa3 at pc 0x0000006212e2 bp 0x7ffc8fc4e230 sp 0x7ffc8fc4e228
READ of size 1 at 0x000000852fa3 thread T0
SCARINESS: 12 (1-byte-read-global-buffer-overflow)
    #0 0x6212e1 in htmlParseDocument /src/libxml2/HTMLparser.c:5068:9
    #1 0x631ea0 in htmlDoRead /src/libxml2/HTMLparser.c:6962:5
    #2 0x63223c in htmlReadMemory /src/libxml2/HTMLparser.c:7044:13
    #3 0x4dc0cc in LLVMFuzzerTestOneInput /src/libxml2/fuzz/html.c:48:11
    #4 0x4de07b in main (/out/html+0x4de07b)
    #5 0x7d0c27b05082 in __libc_start_main (/lib/x86_64-linux-gnu/libc.so.6+0x24082) (BuildId: 87b331c034a6458c64ce09c03939e947212e18ce)
    #6 0x41d6fd in _start (/out/html+0x41d6fd)

DEDUP_TOKEN: htmlParseDocument--htmlDoRead--htmlReadMemory
0x000000852fa3 is located 29 bytes to the left of global variable '<string literal>' defined in 'parserInternals.c:332:30' (0x852fc0) of size 18
  '<string literal>' is ascii string 'Huge input lookup'
0x000000852fa3 is located 2 bytes to the right of global variable '<string literal>' defined in 'parserInternals.c:289:29' (0x852fa0) of size 1
  '<string literal>' is ascii string ''
SUMMARY: AddressSanitizer: global-buffer-overflow /src/libxml2/HTMLparser.c:5068:9 in htmlParseDocument
Shadow bytes around the buggy address:
  0x0000801025a0: 00 00 00 00 00 00 00 00 00 00 00 00 00 00 00 00
  0x0000801025b0: 00 00 00 00 00 00 00 00 00 00 00 00 00 00 00 00
  0x0000801025c0: 00 00 00 00 00 00 00 00 00 00 00 00 00 00 00 00
  0x0000801025d0: 00 00 00 03 f9 f9 f9 f9 00 00 00 00 00 00 00 04
  0x0000801025e0: f9 f9 f9 f9 00 00 00 07 f9 f9 f9 f9 00 00 00 02
=>0x0000801025f0: f9 f9 f9 f9[01]f9 f9 f9 00 00 02 f9 f9 f9 f9 f9
  0x000080102600: 00 00 05 f9 f9 f9 f9 f9 00 00 00 00 f9 f9 f9 f9
  0x000080102610: 00 00 00 00 f9 f9 f9 f9 00 00 00 00 00 00 f9 f9
  0x000080102620: f9 f9 f9 f9 00 00 00 00 04 f9 f9 f9 f9 f9 f9 f9
  0x000080102630: 00 00 00 00 00 00 02 f9 f9 f9 f9 f9 00 00 00 07
  0x000080102640: f9 f9 f9 f9 00 00 00 00 00 00 00 f9 f9 f9 f9 f9
Shadow byte legend (one shadow byte represents 8 application bytes):
  Addressable:           00
  Partially addressable: 01 02 03 04 05 06 07 
  Heap left redzone:       fa
  Freed heap region:       fd
  Stack left redzone:      f1
  Stack mid redzone:       f2
  Stack right redzone:     f3
  Stack after return:      f5
  Stack use after scope:   f8
  Global redzone:          f9
  Global init order:       f6
  Poisoned by user:        f7
  Container overflow:      fc
  Array cookie:            ac
  Intra object redzone:    bb
  ASan internal:           fe
  Left alloca redzone:     ca
  Right alloca redzone:    cb
==7==ABORTING
