INFO: Running with entropic power schedule (0xFF, 100).
INFO: Seed: 3297225694
INFO: Loaded 1 modules   (52506 inline 8-bit counters): 52506 [0x874d4c0, 0x875a1da),
INFO: Loaded 1 PC tables (52506 PCs): 52506 [0x863db3c,0x86a440c),
/out/html: Running 1 inputs 1 time(s) each.
Running: /tmp/poc
=================================================================
==13==ERROR: AddressSanitizer: global-buffer-overflow on address 0x085e322e at pc 0x08190768 bp 0xffe91868 sp 0xffe91450
READ of size 1 at 0x085e322e thread T0
SCARINESS: 12 (1-byte-read-global-buffer-overflow)
    #0 0x8190767 in __asan_memcpy /src/llvm-project/compiler-rt/lib/asan/asan_interceptors_memintrinsics.cpp:22:3
    #1 0x8318caf in xmlStrndup /src/libxml2/xmlstring.c:53:5
    #2 0x83640d8 in htmlParseSystemLiteral /src/libxml2/HTMLparser.c:3015:19
    #3 0x8345157 in htmlParseExternalID /src/libxml2/HTMLparser.c:3341:12
    #4 0x8345157 in htmlParseDocTypeDecl /src/libxml2/HTMLparser.c:3727:11
    #5 0x834cd49 in htmlParseTryOrFinish /src/libxml2/HTMLparser.c:6035:25
    #6 0x834cd49 in htmlParseChunk /src/libxml2/HTMLparser.c:6332:5
    #7 0x81d4c36 in LLVMFuzzerTestOneInput /src/libxml2/fuzz/html.c:74:13
    #8 0x80959ae in fuzzer::Fuzzer::ExecuteCallback(unsigned char const*, unsigned int) /src/llvm-project/compiler-rt/lib/fuzzer/FuzzerLoop.cpp:611:15
    #9 0x808090e in fuzzer::RunOneTest(fuzzer::Fuzzer*, char const*, unsigned int) /src/llvm-project/compiler-rt/lib/fuzzer/FuzzerDriver.cpp:324:6
    #10 0x8086510 in fuzzer::FuzzerDriver(int*, char***, int (*)(unsigned char const*, unsigned int)) /src/llvm-project/compiler-rt/lib/fuzzer/FuzzerDriver.cpp:860:9
    #11 0x80b00f7 in main /src/llvm-project/compiler-rt/lib/fuzzer/FuzzerMain.cpp:20:10
    #12 0xf37eced4 in __libc_start_main (/lib/i386-linux-gnu/libc.so.6+0x1aed4) (BuildId: f0e9c9950026d7f234a4a1d03670a7ed59ceb726)
    #13 0x8077a55 in _start (/out/html+0x8077a55)

DEDUP_TOKEN: __asan_memcpy--xmlStrndup--htmlParseSystemLiteral
0x085e322e is located 50 bytes to the left of global variable '<string literal>' defined in 'parserInternals.c:672:8' (0x85e3260) of size 50
  '<string literal>' is ascii string 'Input is not proper UTF-8, indicate encoding !
%s'
0x085e322e is located 10 bytes to the right of global variable '<string literal>' defined in 'parserInternals.c:668:24' (0x85e3200) of size 36
  '<string literal>' is ascii string 'Bytes: 0x%02X 0x%02X 0x%02X 0x%02X
'
SUMMARY: AddressSanitizer: global-buffer-overflow /src/llvm-project/compiler-rt/lib/asan/asan_interceptors_memintrinsics.cpp:22:3 in __asan_memcpy
Shadow bytes around the buggy address:
  0x210bc5f0: f9 f9 f9 f9 00 00 00 00 00 00 00 04 f9 f9 f9 f9
  0x210bc600: 00 00 00 07 f9 f9 f9 f9 00 00 00 02 f9 f9 f9 f9
  0x210bc610: 01 f9 f9 f9 00 00 02 f9 f9 f9 f9 f9 00 00 05 f9
  0x210bc620: f9 f9 f9 f9 00 00 00 00 f9 f9 f9 f9 00 00 00 00
  0x210bc630: f9 f9 f9 f9 00 00 00 00 00 00 f9 f9 f9 f9 f9 f9
=>0x210bc640: 00 00 00 00 04[f9]f9 f9 f9 f9 f9 f9 00 00 00 00
  0x210bc650: 00 00 02 f9 f9 f9 f9 f9 00 00 00 07 f9 f9 f9 f9
  0x210bc660: 00 00 00 00 00 00 00 f9 f9 f9 f9 f9 00 00 02 f9
  0x210bc670: f9 f9 f9 f9 00 00 00 04 f9 f9 f9 f9 00 00 00 00
  0x210bc680: 06 f9 f9 f9 f9 f9 f9 f9 00 00 03 f9 f9 f9 f9 f9
  0x210bc690: 00 00 04 f9 f9 f9 f9 f9 00 00 00 00 07 f9 f9 f9
Shadow byte legend (one shadow byte represents 8 application bytes):
  Addressable:           00
  Partially addressable: 01 02 03 04 05 06 07
  Heap left redzone:       fa
  Freed heap region:       fd
  Stack left redzone:      f1
  Stack mid redzone:       f2
  Stack right redzone:     f3
  Stack after return:      f5
  Stack use after scope:   f8
  Global redzone:          f9
  Global init order:       f6
  Poisoned by user:        f7
  Container overflow:      fc
  Array cookie:            ac
  Intra object redzone:    bb
  ASan internal:           fe
  Left alloca redzone:     ca
  Right alloca redzone:    cb
==13==ABORTING