Accepting input from '/tmp/poc'
Usage for fuzzing: honggfuzz -P [flags] -- /out/html
=================================================================
==7==ERROR: AddressSanitizer: global-buffer-overflow on address 0x000000852fa3 at pc 0x0000006212e2 bp 0x7fff84430990 sp 0x7fff84430988
READ of size 1 at 0x000000852fa3 thread T0
SCARINESS: 12 (1-byte-read-global-buffer-overflow)
    #0 0x6212e1 in htmlParseDocument /src/libxml2/HTMLparser.c:5068:9
    #1 0x631ea0 in htmlDoRead /src/libxml2/HTMLparser.c:6962:5
    #2 0x63223c in htmlReadMemory /src/libxml2/HTMLparser.c:7044:13
    #3 0x4dc0cc in LLVMFuzzerTestOneInput /src/libxml2/fuzz/html.c:48:11
    #4 0x4de07b in main (/out/html+0x4de07b)
    #5 0x7cd323c51082 in __libc_start_main (/lib/x86_64-linux-gnu/libc.so.6+0x24082) (BuildId: 87b331c034a6458c64ce09c03939e947212e18ce)
    #6 0x41d6fd in _start (/out/html+0x41d6fd)

DEDUP_TOKEN: htmlParseDocument--htmlDoRead--htmlReadMemory
0x000000852fa3 is located 29 bytes to the left of global variable '<string literal>' defined in 'parserInternals.c:332:30' (0x852fc0) of size 18
  '<string literal>' is ascii string 'Huge input lookup'
0x000000852fa3 is located 2 bytes to the right of global variable '<string literal>' defined in 'parserInternals.c:289:29' (0x852fa0) of size 1
  '<string literal>' is ascii string ''
SUMMARY: AddressSanitizer: global-buffer-overflow /src/libxml2/HTMLparser.c:5068:9 in htmlParseDocument
Shadow bytes around the buggy address:
  0x0000801025a0: 00 00 00 00 00 00 00 00 00 00 00 00 00 00 00 00
  0x0000801025b0: 00 00 00 00 00 00 00 00 00 00 00 00 00 00 00 00
  0x0000801025c0: 00 00 00 00 00 00 00 00 00 00 00 00 00 00 00 00
  0x0000801025d0: 00 00 00 03 f9 f9 f9 f9 00 00 00 00 00 00 00 04
  0x0000801025e0: f9 f9 f9 f9 00 00 00 07 f9 f9 f9 f9 00 00 00 02
=>0x0000801025f0: f9 f9 f9 f9[01]f9 f9 f9 00 00 02 f9 f9 f9 f9 f9
  0x000080102600: 00 00 05 f9 f9 f9 f9 f9 00 00 00 00 f9 f9 f9 f9
  0x000080102610: 00 00 00 00 f9 f9 f9 f9 00 00 00 00 00 00 f9 f9
  0x000080102620: f9 f9 f9 f9 00 00 00 00 04 f9 f9 f9 f9 f9 f9 f9
  0x000080102630: 00 00 00 00 00 00 02 f9 f9 f9 f9 f9 00 00 00 07
  0x000080102640: f9 f9 f9 f9 00 00 00 00 00 00 00 f9 f9 f9 f9 f9
Shadow byte legend (one shadow byte represents 8 application bytes):
  Addressable:           00
  Partially addressable: 01 02 03 04 05 06 07 
  Heap left redzone:       fa
  Freed heap region:       fd
  Stack left redzone:      f1
  Stack mid redzone:       f2
  Stack right redzone:     f3
  Stack after return:      f5
  Stack use after scope:   f8
  Global redzone:          f9
  Global init order:       f6
  Poisoned by user:        f7
  Container overflow:      fc
  Array cookie:            ac
  Intra object redzone:    bb
  ASan internal:           fe
  Left alloca redzone:     ca
  Right alloca redzone:    cb
==7==ABORTING
