Unable to find image 'n132/arvo:57294-vul' locally
57294-vul: Pulling from n132/arvo
7608715873ec: Already exists
0bc1c2e0bc1b: Already exists
1a44a1dc539f: Already exists
d8d60147b041: Already exists
5216d7af7b69: Already exists
bf6535467a9b: Already exists
5e0fff3318b7: Already exists
ac72d921bced: Already exists
675c74631bb0: Already exists
ae459d790d36: Already exists
e9e3ac1077d7: Already exists
730055d5543c: Already exists
2007006fb9d2: Already exists
ec95c8e7efcf: Already exists
29b03f9207f4: Already exists
dc46c9238799: Already exists
785c0324a2fe: Already exists
6a3eda272830: Already exists
e8da64bcb31d: Already exists
19e9a9c99582: Already exists
ae0eeacbce20: Already exists
5f38598d7dbe: Already exists
a3d0178dbebc: Already exists
95c13601d268: Already exists
6eced71f03fc: Already exists
acad537dd9b4: Already exists
30a1bee681b5: Already exists
10c8da316bdb: Pulling fs layer
05dd9a6ab625: Pulling fs layer
a8471e669856: Pulling fs layer
0fc7637636aa: Pulling fs layer
e83d8e5778de: Pulling fs layer
0fde1946da8a: Pulling fs layer
4f4fb700ef54: Pulling fs layer
53234be252ee: Pulling fs layer
7129d46ee782: Pulling fs layer
b2451275e67f: Pulling fs layer
0fc7637636aa: Waiting
e83d8e5778de: Waiting
0fde1946da8a: Waiting
4f4fb700ef54: Waiting
53234be252ee: Waiting
7129d46ee782: Waiting
b2451275e67f: Waiting
05dd9a6ab625: Verifying Checksum
05dd9a6ab625: Download complete
0fc7637636aa: Verifying Checksum
0fc7637636aa: Download complete
a8471e669856: Download complete
0fde1946da8a: Verifying Checksum
0fde1946da8a: Download complete
4f4fb700ef54: Verifying Checksum
4f4fb700ef54: Download complete
e83d8e5778de: Verifying Checksum
e83d8e5778de: Download complete
53234be252ee: Verifying Checksum
53234be252ee: Download complete
10c8da316bdb: Verifying Checksum
10c8da316bdb: Download complete
b2451275e67f: Verifying Checksum
b2451275e67f: Download complete
7129d46ee782: Verifying Checksum
7129d46ee782: Download complete
10c8da316bdb: Pull complete
05dd9a6ab625: Pull complete
a8471e669856: Pull complete
0fc7637636aa: Pull complete
e83d8e5778de: Pull complete
0fde1946da8a: Pull complete
4f4fb700ef54: Pull complete
53234be252ee: Pull complete
7129d46ee782: Pull complete
b2451275e67f: Pull complete
Digest: sha256:d4cb794a9eba50d1650136055b55cd43a13620e48730d8d4454a9c6d5b222210
Status: Downloaded newer image for n132/arvo:57294-vul
INFO: Running with entropic power schedule (0xFF, 100).
INFO: Seed: 2190405208
INFO: Loaded 1 modules   (52292 inline 8-bit counters): 52292 [0xad2b40, 0xadf784), 
INFO: Loaded 1 PC tables (52292 PCs): 52292 [0x95c110,0xa28550), 
/out/schema: Running 1 inputs 1 time(s) each.
Running: /tmp/poc
=================================================================
==7==ERROR: AddressSanitizer: global-buffer-overflow on address 0x0000008fa266 at pc 0x0000005ae1a6 bp 0x7fff75b639b0 sp 0x7fff75b639a8
READ of size 1 at 0x0000008fa266 thread T0
SCARINESS: 12 (1-byte-read-global-buffer-overflow)
    #0 0x5ae1a5 in xmlParseEntityDecl /src/libxml2/parser.c:5362:2
    #1 0x5b9dce in xmlParseMarkupDecl /src/libxml2/parser.c:6829:4
    #2 0x5d7161 in xmlParseInternalSubset /src/libxml2/parser.c:8333:10
    #3 0x5d5b5e in xmlParseDocument /src/libxml2/parser.c:10761:6
    #4 0x5ec5d9 in xmlDoRead /src/libxml2/parser.c:14851:5
    #5 0x5ec5d9 in xmlCtxtReadFile /src/libxml2/parser.c:15084:13
    #6 0x752b33 in xmlSchemaAddSchemaDoc /src/libxml2/xmlschemas.c:10661:12
    #7 0x7512ee in xmlSchemaParse /src/libxml2/xmlschemas.c:21489:11
    #8 0x56c5a7 in LLVMFuzzerTestOneInput /src/libxml2/fuzz/schema.c:41:19
    #9 0x43dee3 in fuzzer::Fuzzer::ExecuteCallback(unsigned char const*, unsigned long) /src/llvm-project/compiler-rt/lib/fuzzer/FuzzerLoop.cpp:611:15
    #10 0x429642 in fuzzer::RunOneTest(fuzzer::Fuzzer*, char const*, unsigned long) /src/llvm-project/compiler-rt/lib/fuzzer/FuzzerDriver.cpp:324:6
    #11 0x42eeec in fuzzer::FuzzerDriver(int*, char***, int (*)(unsigned char const*, unsigned long)) /src/llvm-project/compiler-rt/lib/fuzzer/FuzzerDriver.cpp:860:9
    #12 0x458422 in main /src/llvm-project/compiler-rt/lib/fuzzer/FuzzerMain.cpp:20:10
    #13 0x793d2f334082 in __libc_start_main (/lib/x86_64-linux-gnu/libc.so.6+0x24082) (BuildId: 87b331c034a6458c64ce09c03939e947212e18ce)
    #14 0x41f80d in _start (/out/schema+0x41f80d)

DEDUP_TOKEN: xmlParseEntityDecl--xmlParseMarkupDecl--xmlParseInternalSubset
0x0000008fa266 is located 26 bytes to the left of global variable '<string literal>' defined in 'parserInternals.c:331:30' (0x8fa280) of size 18
  '<string literal>' is ascii string 'Huge input lookup'
0x0000008fa266 is located 5 bytes to the right of global variable '<string literal>' defined in 'parserInternals.c:289:29' (0x8fa260) of size 1
  '<string literal>' is ascii string ''
SUMMARY: AddressSanitizer: global-buffer-overflow /src/libxml2/parser.c:5362:2 in xmlParseEntityDecl
Shadow bytes around the buggy address:
  0x0000801173f0: 00 00 00 00 00 00 00 00 00 00 00 00 00 00 00 00
  0x000080117400: 00 00 00 00 00 00 00 00 00 00 00 00 00 00 00 00
  0x000080117410: 00 00 00 00 00 00 00 00 00 00 00 00 00 00 00 00
  0x000080117420: 00 00 00 00 00 00 00 00 00 00 00 03 f9 f9 f9 f9
  0x000080117430: 00 00 00 00 00 00 00 04 f9 f9 f9 f9 00 00 00 07
=>0x000080117440: f9 f9 f9 f9 00 00 00 02 f9 f9 f9 f9[01]f9 f9 f9
  0x000080117450: 00 00 02 f9 f9 f9 f9 f9 00 00 05 f9 f9 f9 f9 f9
  0x000080117460: 00 00 00 00 f9 f9 f9 f9 00 00 00 00 f9 f9 f9 f9
  0x000080117470: 00 00 00 00 00 00 f9 f9 f9 f9 f9 f9 00 00 00 00
  0x000080117480: 04 f9 f9 f9 f9 f9 f9 f9 00 00 00 00 00 00 02 f9
  0x000080117490: f9 f9 f9 f9 00 00 00 07 f9 f9 f9 f9 00 00 00 00
Shadow byte legend (one shadow byte represents 8 application bytes):
  Addressable:           00
  Partially addressable: 01 02 03 04 05 06 07 
  Heap left redzone:       fa
  Freed heap region:       fd
  Stack left redzone:      f1
  Stack mid redzone:       f2
  Stack right redzone:     f3
  Stack after return:      f5
  Stack use after scope:   f8
  Global redzone:          f9
  Global init order:       f6
  Poisoned by user:        f7
  Container overflow:      fc
  Array cookie:            ac
  Intra object redzone:    bb
  ASan internal:           fe
  Left alloca redzone:     ca
  Right alloca redzone:    cb
==7==ABORTING
