INFO: Running with entropic power schedule (0xFF, 100).
INFO: Seed: 2133294756
INFO: Loaded 1 modules   (52292 inline 8-bit counters): 52292 [0xad2b40, 0xadf784), 
INFO: Loaded 1 PC tables (52292 PCs): 52292 [0x95c110,0xa28550), 
/out/schema: Running 1 inputs 1 time(s) each.
Running: /tmp/poc
=================================================================
==7==ERROR: AddressSanitizer: global-buffer-overflow on address 0x0000008fa266 at pc 0x0000005ae1a6 bp 0x7ffe456d3d90 sp 0x7ffe456d3d88
READ of size 1 at 0x0000008fa266 thread T0
SCARINESS: 12 (1-byte-read-global-buffer-overflow)
    #0 0x5ae1a5 in xmlParseEntityDecl /src/libxml2/parser.c:5362:2
    #1 0x5b9dce in xmlParseMarkupDecl /src/libxml2/parser.c:6829:4
    #2 0x5d7161 in xmlParseInternalSubset /src/libxml2/parser.c:8333:10
    #3 0x5d5b5e in xmlParseDocument /src/libxml2/parser.c:10761:6
    #4 0x5ec5d9 in xmlDoRead /src/libxml2/parser.c:14851:5
    #5 0x5ec5d9 in xmlCtxtReadFile /src/libxml2/parser.c:15084:13
    #6 0x752b33 in xmlSchemaAddSchemaDoc /src/libxml2/xmlschemas.c:10661:12
    #7 0x7512ee in xmlSchemaParse /src/libxml2/xmlschemas.c:21489:11
    #8 0x56c5a7 in LLVMFuzzerTestOneInput /src/libxml2/fuzz/schema.c:41:19
    #9 0x43dee3 in fuzzer::Fuzzer::ExecuteCallback(unsigned char const*, unsigned long) /src/llvm-project/compiler-rt/lib/fuzzer/FuzzerLoop.cpp:611:15
    #10 0x429642 in fuzzer::RunOneTest(fuzzer::Fuzzer*, char const*, unsigned long) /src/llvm-project/compiler-rt/lib/fuzzer/FuzzerDriver.cpp:324:6
    #11 0x42eeec in fuzzer::FuzzerDriver(int*, char***, int (*)(unsigned char const*, unsigned long)) /src/llvm-project/compiler-rt/lib/fuzzer/FuzzerDriver.cpp:860:9
    #12 0x458422 in main /src/llvm-project/compiler-rt/lib/fuzzer/FuzzerMain.cpp:20:10
    #13 0x76040cf5e082 in __libc_start_main (/lib/x86_64-linux-gnu/libc.so.6+0x24082) (BuildId: 87b331c034a6458c64ce09c03939e947212e18ce)
    #14 0x41f80d in _start (/out/schema+0x41f80d)

DEDUP_TOKEN: xmlParseEntityDecl--xmlParseMarkupDecl--xmlParseInternalSubset
0x0000008fa266 is located 26 bytes to the left of global variable '<string literal>' defined in 'parserInternals.c:331:30' (0x8fa280) of size 18
  '<string literal>' is ascii string 'Huge input lookup'
0x0000008fa266 is located 5 bytes to the right of global variable '<string literal>' defined in 'parserInternals.c:289:29' (0x8fa260) of size 1
  '<string literal>' is ascii string ''
SUMMARY: AddressSanitizer: global-buffer-overflow /src/libxml2/parser.c:5362:2 in xmlParseEntityDecl
Shadow bytes around the buggy address:
  0x0000801173f0: 00 00 00 00 00 00 00 00 00 00 00 00 00 00 00 00
  0x000080117400: 00 00 00 00 00 00 00 00 00 00 00 00 00 00 00 00
  0x000080117410: 00 00 00 00 00 00 00 00 00 00 00 00 00 00 00 00
  0x000080117420: 00 00 00 00 00 00 00 00 00 00 00 03 f9 f9 f9 f9
  0x000080117430: 00 00 00 00 00 00 00 04 f9 f9 f9 f9 00 00 00 07
=>0x000080117440: f9 f9 f9 f9 00 00 00 02 f9 f9 f9 f9[01]f9 f9 f9
  0x000080117450: 00 00 02 f9 f9 f9 f9 f9 00 00 05 f9 f9 f9 f9 f9
  0x000080117460: 00 00 00 00 f9 f9 f9 f9 00 00 00 00 f9 f9 f9 f9
  0x000080117470: 00 00 00 00 00 00 f9 f9 f9 f9 f9 f9 00 00 00 00
  0x000080117480: 04 f9 f9 f9 f9 f9 f9 f9 00 00 00 00 00 00 02 f9
  0x000080117490: f9 f9 f9 f9 00 00 00 07 f9 f9 f9 f9 00 00 00 00
Shadow byte legend (one shadow byte represents 8 application bytes):
  Addressable:           00
  Partially addressable: 01 02 03 04 05 06 07 
  Heap left redzone:       fa
  Freed heap region:       fd
  Stack left redzone:      f1
  Stack mid redzone:       f2
  Stack right redzone:     f3
  Stack after return:      f5
  Stack use after scope:   f8
  Global redzone:          f9
  Global init order:       f6
  Poisoned by user:        f7
  Container overflow:      fc
  Array cookie:            ac
  Intra object redzone:    bb
  ASan internal:           fe
  Left alloca redzone:     ca
  Right alloca redzone:    cb
==7==ABORTING
