Unable to find image 'n132/arvo:57829-vul' locally
57829-vul: Pulling from n132/arvo
7608715873ec: Already exists
ae415db10c28: Already exists
3df13df25856: Already exists
2e457be5f03c: Already exists
4e1301d90f76: Already exists
cd4786088128: Already exists
9a946082a692: Already exists
2a318a3aa03b: Already exists
1de558139cc2: Already exists
83a20d8eda58: Already exists
2e3807511e7e: Already exists
c9e20853cafe: Already exists
ab59ea540597: Already exists
6f45af67343c: Already exists
11000a987582: Already exists
40682065444e: Already exists
398f064d2c69: Already exists
953a5601ef6d: Already exists
f2dbd038a2fb: Already exists
bca17f8a8a29: Already exists
c720cd58b82f: Already exists
efdf886b6476: Already exists
53024431fae2: Already exists
4497c79db972: Already exists
c13dd88defb2: Already exists
2a3b0439d56f: Already exists
e57864ae8143: Already exists
a193d0f3b037: Pulling fs layer
9bc533c225c9: Pulling fs layer
fbb5f9a508ae: Pulling fs layer
c7a0587e1856: Pulling fs layer
a8af7bcc53c8: Pulling fs layer
e90af83d7ea7: Pulling fs layer
407513de8f99: Pulling fs layer
dde2b87f1287: Pulling fs layer
a4ffa3e5fce3: Pulling fs layer
57cdb726c375: Pulling fs layer
f30cfe165cae: Pulling fs layer
a835ac4cb7e7: Pulling fs layer
fb7c39d5684a: Pulling fs layer
7c0217915bff: Pulling fs layer
b5ac38af45be: Pulling fs layer
85204c5f9c80: Pulling fs layer
f525ffad6e97: Pulling fs layer
cd5ee9fef9c8: Pulling fs layer
2971025b3fa1: Pulling fs layer
5f82458f9ccc: Pulling fs layer
2c5cfe562997: Pulling fs layer
d2a0c90be412: Pulling fs layer
4f50f6c99854: Pulling fs layer
7c0217915bff: Waiting
b5ac38af45be: Waiting
85204c5f9c80: Waiting
f525ffad6e97: Waiting
cd5ee9fef9c8: Waiting
fb7c39d5684a: Waiting
5f82458f9ccc: Waiting
2c5cfe562997: Waiting
d2a0c90be412: Waiting
c7a0587e1856: Waiting
4f50f6c99854: Waiting
dde2b87f1287: Waiting
407513de8f99: Waiting
a8af7bcc53c8: Waiting
a4ffa3e5fce3: Waiting
e90af83d7ea7: Waiting
2971025b3fa1: Waiting
f30cfe165cae: Waiting
a835ac4cb7e7: Waiting
57cdb726c375: Waiting
9bc533c225c9: Download complete
c7a0587e1856: Verifying Checksum
c7a0587e1856: Download complete
a193d0f3b037: Verifying Checksum
a193d0f3b037: Download complete
e90af83d7ea7: Verifying Checksum
e90af83d7ea7: Download complete
407513de8f99: Download complete
fbb5f9a508ae: Verifying Checksum
fbb5f9a508ae: Download complete
a8af7bcc53c8: Verifying Checksum
a8af7bcc53c8: Download complete
dde2b87f1287: Verifying Checksum
dde2b87f1287: Download complete
a4ffa3e5fce3: Verifying Checksum
a4ffa3e5fce3: Download complete
a835ac4cb7e7: Verifying Checksum
a835ac4cb7e7: Download complete
57cdb726c375: Verifying Checksum
57cdb726c375: Download complete
f30cfe165cae: Verifying Checksum
f30cfe165cae: Download complete
a193d0f3b037: Pull complete
9bc533c225c9: Pull complete
b5ac38af45be: Verifying Checksum
b5ac38af45be: Download complete
7c0217915bff: Verifying Checksum
7c0217915bff: Download complete
f525ffad6e97: Download complete
85204c5f9c80: Verifying Checksum
85204c5f9c80: Download complete
fb7c39d5684a: Verifying Checksum
fb7c39d5684a: Download complete
5f82458f9ccc: Verifying Checksum
5f82458f9ccc: Download complete
2971025b3fa1: Verifying Checksum
2971025b3fa1: Download complete
2c5cfe562997: Verifying Checksum
2c5cfe562997: Download complete
4f50f6c99854: Verifying Checksum
4f50f6c99854: Download complete
cd5ee9fef9c8: Retrying in 5 seconds
fbb5f9a508ae: Pull complete
c7a0587e1856: Pull complete
cd5ee9fef9c8: Retrying in 4 seconds
cd5ee9fef9c8: Retrying in 3 seconds
cd5ee9fef9c8: Retrying in 2 seconds
cd5ee9fef9c8: Retrying in 1 second
a8af7bcc53c8: Pull complete
e90af83d7ea7: Pull complete
407513de8f99: Pull complete
dde2b87f1287: Pull complete
a4ffa3e5fce3: Pull complete
57cdb726c375: Pull complete
f30cfe165cae: Pull complete
a835ac4cb7e7: Pull complete
cd5ee9fef9c8: Verifying Checksum
cd5ee9fef9c8: Download complete
fb7c39d5684a: Pull complete
7c0217915bff: Pull complete
b5ac38af45be: Pull complete
85204c5f9c80: Pull complete
f525ffad6e97: Pull complete
cd5ee9fef9c8: Pull complete
2971025b3fa1: Pull complete
5f82458f9ccc: Pull complete
2c5cfe562997: Pull complete
d2a0c90be412: Verifying Checksum
d2a0c90be412: Download complete
d2a0c90be412: Pull complete
4f50f6c99854: Pull complete
Digest: sha256:cb71880d344a976942a15be0e71d4e9d7329fd5bf1cf536addc0554633ef7d07
Status: Downloaded newer image for n132/arvo:57829-vul
INFO: Running with entropic power schedule (0xFF, 100).
INFO: Seed: 1830936395
INFO: Loaded 1 modules   (57553 inline 8-bit counters): 57553 [0xee8170, 0xef6241), 
INFO: Loaded 1 PC tables (57553 PCs): 57553 [0xcfc200,0xddcf10), 
/out/ffmpeg_AV_CODEC_ID_MPEG2VIDEO_fuzzer: Running 1 inputs 1 time(s) each.
Running: /tmp/poc
=================================================================
==7==ERROR: AddressSanitizer: heap-buffer-overflow on address 0x631000010800 at pc 0x00000086b29b bp 0x7ffecf484560 sp 0x7ffecf484558
READ of size 1 at 0x631000010800 thread T0
SCARINESS: 12 (1-byte-read-heap-buffer-overflow)
    #0 0x86b29a in ff_add_pixels_clamped_c /src/ffmpeg/libavcodec/idctdsp.c:154:35
    #1 0x893e2f in ff_jref_idct_add /src/ffmpeg/libavcodec/jrevdct.c:1171:5
    #2 0x60c0b0 in add_dct /src/ffmpeg/libavcodec/mpegvideo_dec.c:999:9
    #3 0x60c0b0 in mpv_reconstruct_mb_internal /src/ffmpeg/libavcodec/mpv_reconstruct_mb_template.c:203:17
    #4 0x60c0b0 in ff_mpv_reconstruct_mb /src/ffmpeg/libavcodec/mpegvideo_dec.c:1023:13
    #5 0x5fc1d5 in mpeg_er_decode_mb /src/ffmpeg/libavcodec/mpeg_er.c:99:5
    #6 0x7a0ad2 in ff_er_frame_end /src/ffmpeg/libavcodec/error_resilience.c:1226:17
    #7 0x5de6d0 in slice_end /src/ffmpeg/libavcodec/mpeg12dec.c:2027:9
    #8 0x5de6d0 in decode_chunks /src/ffmpeg/libavcodec/mpeg12dec.c:2464:23
    #9 0x5dad11 in mpeg_decode_frame /src/ffmpeg/libavcodec/mpeg12dec.c:2813:11
    #10 0x5a2e4d in decode_simple_internal /src/ffmpeg/libavcodec/decode.c:287:15
    #11 0x5a2e4d in decode_simple_receive_frame /src/ffmpeg/libavcodec/decode.c:540:15
    #12 0x5a2e4d in decode_receive_frame_internal /src/ffmpeg/libavcodec/decode.c:560:15
    #13 0x5a2672 in avcodec_send_packet /src/ffmpeg/libavcodec/decode.c:635:15
    #14 0x58e80f in LLVMFuzzerTestOneInput /src/ffmpeg/tools/target_dec_fuzzer.c:513:25
    #15 0x45dc53 in fuzzer::Fuzzer::ExecuteCallback(unsigned char const*, unsigned long) /src/llvm-project/compiler-rt/lib/fuzzer/FuzzerLoop.cpp:611:15
    #16 0x4493b2 in fuzzer::RunOneTest(fuzzer::Fuzzer*, char const*, unsigned long) /src/llvm-project/compiler-rt/lib/fuzzer/FuzzerDriver.cpp:324:6
    #17 0x44ec5c in fuzzer::FuzzerDriver(int*, char***, int (*)(unsigned char const*, unsigned long)) /src/llvm-project/compiler-rt/lib/fuzzer/FuzzerDriver.cpp:860:9
    #18 0x478192 in main /src/llvm-project/compiler-rt/lib/fuzzer/FuzzerMain.cpp:20:10
    #19 0x7252d5cdf082 in __libc_start_main (/lib/x86_64-linux-gnu/libc.so.6+0x24082) (BuildId: 87b331c034a6458c64ce09c03939e947212e18ce)
    #20 0x43f57d in _start (/out/ffmpeg_AV_CODEC_ID_MPEG2VIDEO_fuzzer+0x43f57d)

DEDUP_TOKEN: ff_add_pixels_clamped_c--ff_jref_idct_add--add_dct
0x631000010800 is located 0 bytes to the right of 65536-byte region [0x631000000800,0x631000010800)
allocated by thread T0 here:
    #0 0x54f937 in posix_memalign /src/llvm-project/compiler-rt/lib/asan/asan_malloc_linux.cpp:145:3
    #1 0xb3aa4e in av_malloc /src/ffmpeg/libavutil/mem.c:105:9
    #2 0xaf7dc1 in av_buffer_alloc /src/ffmpeg/libavutil/buffer.c:82:12
    #3 0x590ae0 in fuzz_video_get_buffer /src/ffmpeg/tools/target_dec_fuzzer.c:131:25
    #4 0x590ae0 in fuzz_get_buffer2 /src/ffmpeg/tools/target_dec_fuzzer.c:152:18
    #5 0x5abf19 in ff_get_buffer /src/ffmpeg/libavcodec/decode.c:1545:11
    #6 0x62d54c in ff_thread_get_ext_buffer /src/ffmpeg/libavcodec/pthread_frame.c:947:16
    #7 0x8e9463 in alloc_frame_buffer /src/ffmpeg/libavcodec/mpegpicture.c:145:13
    #8 0x8e9463 in ff_alloc_picture /src/ffmpeg/libavcodec/mpegpicture.c:272:13
    #9 0x603ede in alloc_picture /src/ffmpeg/libavcodec/mpegvideo_dec.c:245:12
    #10 0x603ede in ff_mpv_frame_start /src/ffmpeg/libavcodec/mpegvideo_dec.c:329:9
    #11 0x5ec23f in mpeg_field_start /src/ffmpeg/libavcodec/mpeg12dec.c:1580:20
    #12 0x5e522c in decode_chunks /src/ffmpeg/libavcodec/mpeg12dec.c:2712:32
    #13 0x5dad11 in mpeg_decode_frame /src/ffmpeg/libavcodec/mpeg12dec.c:2813:11
    #14 0x5a2e4d in decode_simple_internal /src/ffmpeg/libavcodec/decode.c:287:15
    #15 0x5a2e4d in decode_simple_receive_frame /src/ffmpeg/libavcodec/decode.c:540:15
    #16 0x5a2e4d in decode_receive_frame_internal /src/ffmpeg/libavcodec/decode.c:560:15
    #17 0x5a2672 in avcodec_send_packet /src/ffmpeg/libavcodec/decode.c:635:15
    #18 0x58e80f in LLVMFuzzerTestOneInput /src/ffmpeg/tools/target_dec_fuzzer.c:513:25
    #19 0x45dc53 in fuzzer::Fuzzer::ExecuteCallback(unsigned char const*, unsigned long) /src/llvm-project/compiler-rt/lib/fuzzer/FuzzerLoop.cpp:611:15
    #20 0x4493b2 in fuzzer::RunOneTest(fuzzer::Fuzzer*, char const*, unsigned long) /src/llvm-project/compiler-rt/lib/fuzzer/FuzzerDriver.cpp:324:6
    #21 0x44ec5c in fuzzer::FuzzerDriver(int*, char***, int (*)(unsigned char const*, unsigned long)) /src/llvm-project/compiler-rt/lib/fuzzer/FuzzerDriver.cpp:860:9
    #22 0x478192 in main /src/llvm-project/compiler-rt/lib/fuzzer/FuzzerMain.cpp:20:10
    #23 0x7252d5cdf082 in __libc_start_main (/lib/x86_64-linux-gnu/libc.so.6+0x24082) (BuildId: 87b331c034a6458c64ce09c03939e947212e18ce)

DEDUP_TOKEN: posix_memalign--av_malloc--av_buffer_alloc
SUMMARY: AddressSanitizer: heap-buffer-overflow /src/ffmpeg/libavcodec/idctdsp.c:154:35 in ff_add_pixels_clamped_c
Shadow bytes around the buggy address:
  0x0c627fffa0b0: 00 00 00 00 00 00 00 00 00 00 00 00 00 00 00 00
  0x0c627fffa0c0: 00 00 00 00 00 00 00 00 00 00 00 00 00 00 00 00
  0x0c627fffa0d0: 00 00 00 00 00 00 00 00 00 00 00 00 00 00 00 00
  0x0c627fffa0e0: 00 00 00 00 00 00 00 00 00 00 00 00 00 00 00 00
  0x0c627fffa0f0: 00 00 00 00 00 00 00 00 00 00 00 00 00 00 00 00
=>0x0c627fffa100:[fa]fa fa fa fa fa fa fa fa fa fa fa fa fa fa fa
  0x0c627fffa110: fa fa fa fa fa fa fa fa fa fa fa fa fa fa fa fa
  0x0c627fffa120: fa fa fa fa fa fa fa fa fa fa fa fa fa fa fa fa
  0x0c627fffa130: fa fa fa fa fa fa fa fa fa fa fa fa fa fa fa fa
  0x0c627fffa140: fa fa fa fa fa fa fa fa fa fa fa fa fa fa fa fa
  0x0c627fffa150: fa fa fa fa fa fa fa fa fa fa fa fa fa fa fa fa
Shadow byte legend (one shadow byte represents 8 application bytes):
  Addressable:           00
  Partially addressable: 01 02 03 04 05 06 07 
  Heap left redzone:       fa
  Freed heap region:       fd
  Stack left redzone:      f1
  Stack mid redzone:       f2
  Stack right redzone:     f3
  Stack after return:      f5
  Stack use after scope:   f8
  Global redzone:          f9
  Global init order:       f6
  Poisoned by user:        f7
  Container overflow:      fc
  Array cookie:            ac
  Intra object redzone:    bb
  ASan internal:           fe
  Left alloca redzone:     ca
  Right alloca redzone:    cb
==7==ABORTING
