INFO: Running with entropic power schedule (0xFF, 100).
INFO: Seed: 1807566301
INFO: Loaded 1 modules   (1489 inline 8-bit counters): 1489 [0x6c09c8, 0x6c0f99), 
INFO: Loaded 1 PC tables (1489 PCs): 1489 [0x651800,0x657510), 
/out/parse_afl_fuzzer: Running 1 inputs 1 time(s) each.
Running: /tmp/poc
=================================================================
==7==ERROR: AddressSanitizer: heap-buffer-overflow on address 0x6020000000b7 at pc 0x0000004546f6 bp 0x7ffc4f5824d0 sp 0x7ffc4f581c90
READ of size 8 at 0x6020000000b7 thread T0
SCARINESS: 23 (8-byte-read-heap-buffer-overflow)
    #0 0x4546f5 in StrtolFixAndCheck(void*, char const*, char**, char*, int) /src/llvm-project/compiler-rt/lib/asan/../sanitizer_common/sanitizer_common_interceptors.inc:3501:3
    #1 0x48d402 in __interceptor_strtoll /src/llvm-project/compiler-rt/lib/asan/asan_interceptors.cpp:537:3
    #2 0x580fc2 in parse_integral /src/json/test/../src/json.hpp:11048:24
    #3 0x580fc2 in parse<long> /src/json/test/../src/json.hpp:11061:32
    #4 0x580fc2 in to<long, void> /src/json/test/../src/json.hpp:10953:24
    #5 0x580fc2 in nlohmann::basic_json<std::__1::map, std::__1::vector, std::__1::basic_string<char, std::__1::char_traits<char>, std::__1::allocator<char> >, bool, long, unsigned long, double, std::__1::allocator, nlohmann::adl_serializer>::lexer::get_number(nlohmann::basic_json<std::__1::map, std::__1::vector, std::__1::basic_string<char, std::__1::char_traits<char>, std::__1::allocator<char> >, bool, long, unsigned long, double, std::__1::allocator, nlohmann::adl_serializer>&, nlohmann::basic_json<std::__1::map, std::__1::vector, std::__1::basic_string<char, std::__1::char_traits<char>, std::__1::allocator<char> >, bool, long, unsigned long, double, std::__1::allocator, nlohmann::adl_serializer>::lexer::token_type) const /src/json/test/../src/json.hpp:11125:39
    #6 0x576ad2 in nlohmann::basic_json<std::__1::map, std::__1::vector, std::__1::basic_string<char, std::__1::char_traits<char>, std::__1::allocator<char> >, bool, long, unsigned long, double, std::__1::allocator, nlohmann::adl_serializer>::parser::parse_internal(bool) /src/json/test/../src/json.hpp:11409:45
    #7 0x576161 in nlohmann::basic_json<std::__1::map, std::__1::vector, std::__1::basic_string<char, std::__1::char_traits<char>, std::__1::allocator<char> >, bool, long, unsigned long, double, std::__1::allocator, nlohmann::adl_serializer>::parser::parse() /src/json/test/../src/json.hpp:11221:33
    #8 0x56e53d in nlohmann::basic_json<std::__1::map, std::__1::vector, std::__1::basic_string<char, std::__1::char_traits<char>, std::__1::allocator<char> >, bool, long, unsigned long, double, std::__1::allocator, nlohmann::adl_serializer> nlohmann::basic_json<std::__1::map, std::__1::vector, std::__1::basic_string<char, std::__1::char_traits<char>, std::__1::allocator<char> >, bool, long, unsigned long, double, std::__1::allocator, nlohmann::adl_serializer>::parse<unsigned char const*, 0>(unsigned char const*, unsigned char const*, std::__1::function<bool (int, nlohmann::basic_json<std::__1::map, std::__1::vector, std::__1::basic_string<char, std::__1::char_traits<char>, std::__1::allocator<char> >, bool, long, unsigned long, double, std::__1::allocator, nlohmann::adl_serializer>::parse_event_t, nlohmann::basic_json<std::__1::map, std::__1::vector, std::__1::basic_string<char, std::__1::char_traits<char>, std::__1::allocator<char> >, bool, long, unsigned long, double, std::__1::allocator, nlohmann::adl_serializer>&)>) /src/json/test/../src/json.hpp:6479:40
    #9 0x56d316 in LLVMFuzzerTestOneInput /src/json/test/src/fuzzer-parse_json.cpp:34:19
    #10 0x4fd3c3 in fuzzer::Fuzzer::ExecuteCallback(unsigned char const*, unsigned long) /src/llvm-project/compiler-rt/lib/fuzzer/FuzzerLoop.cpp:611:15
    #11 0x4e8b22 in fuzzer::RunOneTest(fuzzer::Fuzzer*, char const*, unsigned long) /src/llvm-project/compiler-rt/lib/fuzzer/FuzzerDriver.cpp:324:6
    #12 0x4ee3cc in fuzzer::FuzzerDriver(int*, char***, int (*)(unsigned char const*, unsigned long)) /src/llvm-project/compiler-rt/lib/fuzzer/FuzzerDriver.cpp:860:9
    #13 0x517902 in main /src/llvm-project/compiler-rt/lib/fuzzer/FuzzerMain.cpp:20:10
    #14 0x7b5736581082 in __libc_start_main (/lib/x86_64-linux-gnu/libc.so.6+0x24082) (BuildId: 87b331c034a6458c64ce09c03939e947212e18ce)
    #15 0x42053d in _start (/out/parse_afl_fuzzer+0x42053d)

DEDUP_TOKEN: StrtolFixAndCheck(void*, char const*, char**, char*, int)--__interceptor_strtoll--parse_integral
0x6020000000b7 is located 0 bytes to the right of 7-byte region [0x6020000000b0,0x6020000000b7)
allocated by thread T0 here:
    #0 0x4a1976 in __interceptor_malloc /src/llvm-project/compiler-rt/lib/asan/asan_malloc_linux.cpp:69:3
    #1 0x56cf57 in operator new(unsigned long) cxa_noexception.cpp
    #2 0x4e8b22 in fuzzer::RunOneTest(fuzzer::Fuzzer*, char const*, unsigned long) /src/llvm-project/compiler-rt/lib/fuzzer/FuzzerDriver.cpp:324:6
    #3 0x4ee3cc in fuzzer::FuzzerDriver(int*, char***, int (*)(unsigned char const*, unsigned long)) /src/llvm-project/compiler-rt/lib/fuzzer/FuzzerDriver.cpp:860:9
    #4 0x517902 in main /src/llvm-project/compiler-rt/lib/fuzzer/FuzzerMain.cpp:20:10
    #5 0x7b5736581082 in __libc_start_main (/lib/x86_64-linux-gnu/libc.so.6+0x24082) (BuildId: 87b331c034a6458c64ce09c03939e947212e18ce)

DEDUP_TOKEN: __interceptor_malloc--operator new(unsigned long)--fuzzer::RunOneTest(fuzzer::Fuzzer*, char const*, unsigned long)
SUMMARY: AddressSanitizer: heap-buffer-overflow /src/llvm-project/compiler-rt/lib/asan/../sanitizer_common/sanitizer_common_interceptors.inc:3501:3 in StrtolFixAndCheck(void*, char const*, char**, char*, int)
Shadow bytes around the buggy address:
  0x0c047fff7fc0: 00 00 00 00 00 00 00 00 00 00 00 00 00 00 00 00
  0x0c047fff7fd0: 00 00 00 00 00 00 00 00 00 00 00 00 00 00 00 00
  0x0c047fff7fe0: 00 00 00 00 00 00 00 00 00 00 00 00 00 00 00 00
  0x0c047fff7ff0: 00 00 00 00 00 00 00 00 00 00 00 00 00 00 00 00
  0x0c047fff8000: fa fa 00 00 fa fa 00 fa fa fa 00 fa fa fa 00 fa
=>0x0c047fff8010: fa fa 07 fa fa fa[07]fa fa fa fa fa fa fa fa fa
  0x0c047fff8020: fa fa fa fa fa fa fa fa fa fa fa fa fa fa fa fa
  0x0c047fff8030: fa fa fa fa fa fa fa fa fa fa fa fa fa fa fa fa
  0x0c047fff8040: fa fa fa fa fa fa fa fa fa fa fa fa fa fa fa fa
  0x0c047fff8050: fa fa fa fa fa fa fa fa fa fa fa fa fa fa fa fa
  0x0c047fff8060: fa fa fa fa fa fa fa fa fa fa fa fa fa fa fa fa
Shadow byte legend (one shadow byte represents 8 application bytes):
  Addressable:           00
  Partially addressable: 01 02 03 04 05 06 07 
  Heap left redzone:       fa
  Freed heap region:       fd
  Stack left redzone:      f1
  Stack mid redzone:       f2
  Stack right redzone:     f3
  Stack after return:      f5
  Stack use after scope:   f8
  Global redzone:          f9
  Global init order:       f6
  Poisoned by user:        f7
  Container overflow:      fc
  Array cookie:            ac
  Intra object redzone:    bb
  ASan internal:           fe
  Left alloca redzone:     ca
  Right alloca redzone:    cb
==7==ABORTING
