Unable to find image 'n132/arvo:58661-vul' locally
58661-vul: Pulling from n132/arvo
7608715873ec: Already exists
d2441503c741: Pulling fs layer
87643c45ece3: Pulling fs layer
a3ba46bd74cd: Pulling fs layer
95b53798ecfa: Pulling fs layer
98f96117894c: Pulling fs layer
d9f4a3bf7dda: Pulling fs layer
9f6b8881eb09: Pulling fs layer
7d2dfe42f93e: Pulling fs layer
b425e664d57b: Pulling fs layer
a0750263fd7a: Pulling fs layer
7b0c50e50d0a: Pulling fs layer
3809459039a8: Pulling fs layer
be57ef777757: Pulling fs layer
e3a683ed2dd1: Pulling fs layer
1acee6b599e3: Pulling fs layer
22d89a8b5878: Pulling fs layer
e244c210e763: Pulling fs layer
d8a1e9977c4a: Pulling fs layer
7bb05aa33484: Pulling fs layer
857a8f20c2f8: Pulling fs layer
3adf31b36783: Pulling fs layer
43769a0615b5: Pulling fs layer
21a11fda87a0: Pulling fs layer
d29cb1bf97aa: Pulling fs layer
72b82b25af28: Pulling fs layer
732c7657a508: Pulling fs layer
96718f4b9d8f: Pulling fs layer
9bd76856c2aa: Pulling fs layer
969ac3bb13d5: Pulling fs layer
a612a5c0e2af: Pulling fs layer
f7d55fd56a2b: Pulling fs layer
689c8e07afd4: Pulling fs layer
4063843a18a4: Pulling fs layer
7748bbda4dd2: Pulling fs layer
b0dad0c500ac: Pulling fs layer
1bcd6ebcc118: Pulling fs layer
b4b63708cccc: Pulling fs layer
95b53798ecfa: Waiting
8a64d877de92: Pulling fs layer
98f96117894c: Waiting
516fb38e17d5: Pulling fs layer
d9f4a3bf7dda: Waiting
210f88889955: Pulling fs layer
9f6b8881eb09: Waiting
7d2dfe42f93e: Waiting
6b56d94f3682: Pulling fs layer
3bf0fc939f72: Pulling fs layer
83f1b14d986a: Pulling fs layer
26a564b9179d: Pulling fs layer
509688c740cb: Pulling fs layer
56a8677e357a: Pulling fs layer
b425e664d57b: Waiting
80beb2dfbb97: Pulling fs layer
a0750263fd7a: Waiting
e17a8d20b9bd: Pulling fs layer
7b0c50e50d0a: Waiting
3da49134d04e: Pulling fs layer
3ffb5ce2eb6e: Pulling fs layer
3809459039a8: Waiting
3f949683726e: Pulling fs layer
9ea1e26da6b9: Pulling fs layer
ac510bcf0a6d: Pulling fs layer
9b66afef2bd5: Pulling fs layer
f7d55fd56a2b: Waiting
2f3cef019b70: Pulling fs layer
4bccfc432013: Pulling fs layer
b4b63708cccc: Waiting
8a64d877de92: Waiting
689c8e07afd4: Waiting
be57ef777757: Waiting
516fb38e17d5: Waiting
210f88889955: Waiting
6b56d94f3682: Waiting
4063843a18a4: Waiting
ec094677d64e: Pulling fs layer
4f4fb700ef54: Pulling fs layer
3875472f406a: Pulling fs layer
3bf0fc939f72: Waiting
7748bbda4dd2: Waiting
fd3a3aeaaa13: Pulling fs layer
10a757b861c4: Pulling fs layer
b0dad0c500ac: Waiting
83f1b14d986a: Waiting
3da49134d04e: Waiting
3ffb5ce2eb6e: Waiting
1bcd6ebcc118: Waiting
80beb2dfbb97: Waiting
3f949683726e: Waiting
9ea1e26da6b9: Waiting
ac510bcf0a6d: Waiting
e3a683ed2dd1: Waiting
9b66afef2bd5: Waiting
e17a8d20b9bd: Waiting
2f3cef019b70: Waiting
26a564b9179d: Waiting
1acee6b599e3: Waiting
fd3a3aeaaa13: Waiting
21a11fda87a0: Waiting
509688c740cb: Waiting
10a757b861c4: Waiting
22d89a8b5878: Waiting
4bccfc432013: Waiting
56a8677e357a: Waiting
9bd76856c2aa: Waiting
e244c210e763: Waiting
d29cb1bf97aa: Waiting
96718f4b9d8f: Waiting
732c7657a508: Waiting
ec094677d64e: Waiting
72b82b25af28: Waiting
3adf31b36783: Waiting
969ac3bb13d5: Waiting
3875472f406a: Waiting
4f4fb700ef54: Waiting
a612a5c0e2af: Waiting
43769a0615b5: Waiting
d8a1e9977c4a: Waiting
7bb05aa33484: Waiting
857a8f20c2f8: Waiting
87643c45ece3: Verifying Checksum
87643c45ece3: Download complete
a3ba46bd74cd: Verifying Checksum
a3ba46bd74cd: Download complete
95b53798ecfa: Verifying Checksum
95b53798ecfa: Download complete
98f96117894c: Download complete
d2441503c741: Download complete
9f6b8881eb09: Verifying Checksum
9f6b8881eb09: Download complete
7d2dfe42f93e: Verifying Checksum
7d2dfe42f93e: Download complete
d2441503c741: Pull complete
87643c45ece3: Pull complete
a0750263fd7a: Verifying Checksum
a0750263fd7a: Download complete
7b0c50e50d0a: Download complete
a3ba46bd74cd: Pull complete
95b53798ecfa: Pull complete
98f96117894c: Pull complete
b425e664d57b: Verifying Checksum
b425e664d57b: Download complete
d9f4a3bf7dda: Verifying Checksum
d9f4a3bf7dda: Download complete
be57ef777757: Verifying Checksum
be57ef777757: Download complete
e3a683ed2dd1: Verifying Checksum
e3a683ed2dd1: Download complete
3809459039a8: Download complete
1acee6b599e3: Verifying Checksum
1acee6b599e3: Download complete
22d89a8b5878: Verifying Checksum
22d89a8b5878: Download complete
e244c210e763: Download complete
d8a1e9977c4a: Verifying Checksum
d8a1e9977c4a: Download complete
7bb05aa33484: Verifying Checksum
7bb05aa33484: Download complete
857a8f20c2f8: Download complete
43769a0615b5: Download complete
21a11fda87a0: Verifying Checksum
21a11fda87a0: Download complete
3adf31b36783: Verifying Checksum
3adf31b36783: Download complete
72b82b25af28: Verifying Checksum
72b82b25af28: Download complete
732c7657a508: Verifying Checksum
732c7657a508: Download complete
9bd76856c2aa: Verifying Checksum
9bd76856c2aa: Download complete
d9f4a3bf7dda: Pull complete
9f6b8881eb09: Pull complete
7d2dfe42f93e: Pull complete
969ac3bb13d5: Verifying Checksum
969ac3bb13d5: Download complete
f7d55fd56a2b: Download complete
689c8e07afd4: Verifying Checksum
689c8e07afd4: Download complete
96718f4b9d8f: Verifying Checksum
96718f4b9d8f: Download complete
b425e664d57b: Pull complete
4063843a18a4: Download complete
b0dad0c500ac: Verifying Checksum
b0dad0c500ac: Download complete
7748bbda4dd2: Verifying Checksum
7748bbda4dd2: Download complete
a0750263fd7a: Pull complete
7b0c50e50d0a: Pull complete
3809459039a8: Pull complete
1bcd6ebcc118: Verifying Checksum
1bcd6ebcc118: Download complete
be57ef777757: Pull complete
e3a683ed2dd1: Pull complete
1acee6b599e3: Pull complete
22d89a8b5878: Pull complete
e244c210e763: Pull complete
b4b63708cccc: Verifying Checksum
b4b63708cccc: Download complete
d8a1e9977c4a: Pull complete
7bb05aa33484: Pull complete
857a8f20c2f8: Pull complete
3adf31b36783: Pull complete
43769a0615b5: Pull complete
21a11fda87a0: Pull complete
d29cb1bf97aa: Pull complete
72b82b25af28: Pull complete
732c7657a508: Pull complete
8a64d877de92: Verifying Checksum
8a64d877de92: Download complete
a612a5c0e2af: Verifying Checksum
a612a5c0e2af: Download complete
516fb38e17d5: Verifying Checksum
516fb38e17d5: Download complete
6b56d94f3682: Verifying Checksum
6b56d94f3682: Download complete
83f1b14d986a: Verifying Checksum
83f1b14d986a: Download complete
210f88889955: Verifying Checksum
210f88889955: Download complete
3bf0fc939f72: Verifying Checksum
3bf0fc939f72: Download complete
509688c740cb: Download complete
26a564b9179d: Verifying Checksum
26a564b9179d: Download complete
56a8677e357a: Verifying Checksum
56a8677e357a: Download complete
96718f4b9d8f: Pull complete
9bd76856c2aa: Pull complete
80beb2dfbb97: Verifying Checksum
80beb2dfbb97: Download complete
3da49134d04e: Verifying Checksum
3da49134d04e: Download complete
e17a8d20b9bd: Verifying Checksum
e17a8d20b9bd: Download complete
969ac3bb13d5: Pull complete
9ea1e26da6b9: Verifying Checksum
9ea1e26da6b9: Download complete
3f949683726e: Verifying Checksum
3f949683726e: Download complete
ac510bcf0a6d: Verifying Checksum
ac510bcf0a6d: Download complete
2f3cef019b70: Verifying Checksum
2f3cef019b70: Download complete
9b66afef2bd5: Verifying Checksum
9b66afef2bd5: Download complete
4bccfc432013: Verifying Checksum
4bccfc432013: Download complete
4f4fb700ef54: Verifying Checksum
4f4fb700ef54: Download complete
ec094677d64e: Verifying Checksum
ec094677d64e: Download complete
3875472f406a: Verifying Checksum
3875472f406a: Download complete
10a757b861c4: Verifying Checksum
10a757b861c4: Download complete
3ffb5ce2eb6e: Verifying Checksum
3ffb5ce2eb6e: Download complete
a612a5c0e2af: Pull complete
f7d55fd56a2b: Pull complete
689c8e07afd4: Pull complete
4063843a18a4: Pull complete
7748bbda4dd2: Pull complete
b0dad0c500ac: Pull complete
1bcd6ebcc118: Pull complete
b4b63708cccc: Pull complete
8a64d877de92: Pull complete
516fb38e17d5: Pull complete
210f88889955: Pull complete
6b56d94f3682: Pull complete
3bf0fc939f72: Pull complete
83f1b14d986a: Pull complete
26a564b9179d: Pull complete
509688c740cb: Pull complete
56a8677e357a: Pull complete
80beb2dfbb97: Pull complete
e17a8d20b9bd: Pull complete
3da49134d04e: Pull complete
3ffb5ce2eb6e: Pull complete
3f949683726e: Pull complete
9ea1e26da6b9: Pull complete
ac510bcf0a6d: Pull complete
9b66afef2bd5: Pull complete
2f3cef019b70: Pull complete
4bccfc432013: Pull complete
ec094677d64e: Pull complete
4f4fb700ef54: Pull complete
3875472f406a: Pull complete
fd3a3aeaaa13: Verifying Checksum
fd3a3aeaaa13: Download complete
fd3a3aeaaa13: Pull complete
10a757b861c4: Pull complete
Digest: sha256:c1de2b768fdd7df04dcd50ba4cb5067a7460ab6f556694695d54c2304eae614d
Status: Downloaded newer image for n132/arvo:58661-vul
=================================================================
==7==ERROR: AddressSanitizer: heap-buffer-overflow on address 0x62500000a0ff at pc 0x000000a8c01e bp 0x7ffe5dcd9b50 sp 0x7ffe5dcd9b48
READ of size 1 at 0x62500000a0ff thread T0
SCARINESS: 12 (1-byte-read-heap-buffer-overflow)
    #0 0xa8c01d in CheckFName /src/graphicsmagick/coders/topol.c:340:8
    #1 0xa8629a in ReadTopoLImage /src/graphicsmagick/coders/topol.c:561:18
    #2 0x5e9f83 in ReadImage /src/graphicsmagick/magick/constitute.c:1682:13
    #3 0x57ab3c in BlobToImage /src/graphicsmagick/magick/blob.c:784:13
    #4 0x4ee105 in Magick::Image::read(Magick::Blob const&) /src/graphicsmagick/Magick++/lib/Image.cpp:1592:5
    #5 0x4de715 in LLVMFuzzerTestOneInput /src/graphicsmagick/fuzzing/coder_fuzzer.cc:22:15
    #6 0x4dfb1a in ExecuteFilesOnyByOne /src/aflplusplus/utils/aflpp_driver/aflpp_driver.c:234:7
    #7 0x4df8ec in main /src/aflplusplus/utils/aflpp_driver/aflpp_driver.c:318:12
    #8 0x7573b6b7e082 in __libc_start_main (/lib/x86_64-linux-gnu/libc.so.6+0x24082) (BuildId: 87b331c034a6458c64ce09c03939e947212e18ce)
    #9 0x41f59d in _start (/out/coder_TOPOL_fuzzer+0x41f59d)

DEDUP_TOKEN: CheckFName--ReadTopoLImage--ReadImage
0x62500000a0ff is located 1 bytes to the left of 8536-byte region [0x62500000a100,0x62500000c258)
allocated by thread T0 here:
    #0 0x4a09d6 in __interceptor_malloc /src/llvm-project/compiler-rt/lib/asan/asan_malloc_linux.cpp:69:3
    #1 0x6fb35b in MagickMalloc /src/graphicsmagick/magick/memory.c:175:10
    #2 0x69dd85 in CloneImageInfo /src/graphicsmagick/magick/image.c:1328:14
    #3 0xa8628f in ReadTopoLImage /src/graphicsmagick/coders/topol.c:561:29
    #4 0x5e9f83 in ReadImage /src/graphicsmagick/magick/constitute.c:1682:13
    #5 0x57ab3c in BlobToImage /src/graphicsmagick/magick/blob.c:784:13
    #6 0x4ee105 in Magick::Image::read(Magick::Blob const&) /src/graphicsmagick/Magick++/lib/Image.cpp:1592:5
    #7 0x4de715 in LLVMFuzzerTestOneInput /src/graphicsmagick/fuzzing/coder_fuzzer.cc:22:15
    #8 0x4dfb1a in ExecuteFilesOnyByOne /src/aflplusplus/utils/aflpp_driver/aflpp_driver.c:234:7

DEDUP_TOKEN: __interceptor_malloc--MagickMalloc--CloneImageInfo
SUMMARY: AddressSanitizer: heap-buffer-overflow /src/graphicsmagick/coders/topol.c:340:8 in CheckFName
Shadow bytes around the buggy address:
  0x0c4a7fff93c0: fa fa fa fa fa fa fa fa fa fa fa fa fa fa fa fa
  0x0c4a7fff93d0: fa fa fa fa fa fa fa fa fa fa fa fa fa fa fa fa
  0x0c4a7fff93e0: fa fa fa fa fa fa fa fa fa fa fa fa fa fa fa fa
  0x0c4a7fff93f0: fa fa fa fa fa fa fa fa fa fa fa fa fa fa fa fa
  0x0c4a7fff9400: fa fa fa fa fa fa fa fa fa fa fa fa fa fa fa fa
=>0x0c4a7fff9410: fa fa fa fa fa fa fa fa fa fa fa fa fa fa fa[fa]
  0x0c4a7fff9420: 00 00 00 00 00 00 00 00 00 00 00 00 00 00 00 00
  0x0c4a7fff9430: 00 00 00 00 00 00 00 00 00 00 00 00 00 00 00 00
  0x0c4a7fff9440: 00 00 00 00 00 00 00 00 00 00 00 00 00 00 00 00
  0x0c4a7fff9450: 00 00 00 00 00 00 00 00 00 00 00 00 00 00 00 00
  0x0c4a7fff9460: 00 00 00 00 00 00 00 00 00 00 00 00 00 00 00 00
Shadow byte legend (one shadow byte represents 8 application bytes):
  Addressable:           00
  Partially addressable: 01 02 03 04 05 06 07 
  Heap left redzone:       fa
  Freed heap region:       fd
  Stack left redzone:      f1
  Stack mid redzone:       f2
  Stack right redzone:     f3
  Stack after return:      f5
  Stack use after scope:   f8
  Global redzone:          f9
  Global init order:       f6
  Poisoned by user:        f7
  Container overflow:      fc
  Array cookie:            ac
  Intra object redzone:    bb
  ASan internal:           fe
  Left alloca redzone:     ca
  Right alloca redzone:    cb
==7==ABORTING
