=================================================================
==7==ERROR: AddressSanitizer: heap-buffer-overflow on address 0x62500000a0ff at pc 0x000000a8c01e bp 0x7ffd118397d0 sp 0x7ffd118397c8
READ of size 1 at 0x62500000a0ff thread T0
SCARINESS: 12 (1-byte-read-heap-buffer-overflow)
    #0 0xa8c01d in CheckFName /src/graphicsmagick/coders/topol.c:340:8
    #1 0xa8629a in ReadTopoLImage /src/graphicsmagick/coders/topol.c:561:18
    #2 0x5e9f83 in ReadImage /src/graphicsmagick/magick/constitute.c:1682:13
    #3 0x57ab3c in BlobToImage /src/graphicsmagick/magick/blob.c:784:13
    #4 0x4ee105 in Magick::Image::read(Magick::Blob const&) /src/graphicsmagick/Magick++/lib/Image.cpp:1592:5
    #5 0x4de715 in LLVMFuzzerTestOneInput /src/graphicsmagick/fuzzing/coder_fuzzer.cc:22:15
    #6 0x4dfb1a in ExecuteFilesOnyByOne /src/aflplusplus/utils/aflpp_driver/aflpp_driver.c:234:7
    #7 0x4df8ec in main /src/aflplusplus/utils/aflpp_driver/aflpp_driver.c:318:12
    #8 0x798da2433082 in __libc_start_main (/lib/x86_64-linux-gnu/libc.so.6+0x24082) (BuildId: 87b331c034a6458c64ce09c03939e947212e18ce)
    #9 0x41f59d in _start (/out/coder_TOPOL_fuzzer+0x41f59d)

DEDUP_TOKEN: CheckFName--ReadTopoLImage--ReadImage
0x62500000a0ff is located 1 bytes to the left of 8536-byte region [0x62500000a100,0x62500000c258)
allocated by thread T0 here:
    #0 0x4a09d6 in __interceptor_malloc /src/llvm-project/compiler-rt/lib/asan/asan_malloc_linux.cpp:69:3
    #1 0x6fb35b in MagickMalloc /src/graphicsmagick/magick/memory.c:175:10
    #2 0x69dd85 in CloneImageInfo /src/graphicsmagick/magick/image.c:1328:14
    #3 0xa8628f in ReadTopoLImage /src/graphicsmagick/coders/topol.c:561:29
    #4 0x5e9f83 in ReadImage /src/graphicsmagick/magick/constitute.c:1682:13
    #5 0x57ab3c in BlobToImage /src/graphicsmagick/magick/blob.c:784:13
    #6 0x4ee105 in Magick::Image::read(Magick::Blob const&) /src/graphicsmagick/Magick++/lib/Image.cpp:1592:5
    #7 0x4de715 in LLVMFuzzerTestOneInput /src/graphicsmagick/fuzzing/coder_fuzzer.cc:22:15
    #8 0x4dfb1a in ExecuteFilesOnyByOne /src/aflplusplus/utils/aflpp_driver/aflpp_driver.c:234:7

DEDUP_TOKEN: __interceptor_malloc--MagickMalloc--CloneImageInfo
SUMMARY: AddressSanitizer: heap-buffer-overflow /src/graphicsmagick/coders/topol.c:340:8 in CheckFName
Shadow bytes around the buggy address:
  0x0c4a7fff93c0: fa fa fa fa fa fa fa fa fa fa fa fa fa fa fa fa
  0x0c4a7fff93d0: fa fa fa fa fa fa fa fa fa fa fa fa fa fa fa fa
  0x0c4a7fff93e0: fa fa fa fa fa fa fa fa fa fa fa fa fa fa fa fa
  0x0c4a7fff93f0: fa fa fa fa fa fa fa fa fa fa fa fa fa fa fa fa
  0x0c4a7fff9400: fa fa fa fa fa fa fa fa fa fa fa fa fa fa fa fa
=>0x0c4a7fff9410: fa fa fa fa fa fa fa fa fa fa fa fa fa fa fa[fa]
  0x0c4a7fff9420: 00 00 00 00 00 00 00 00 00 00 00 00 00 00 00 00
  0x0c4a7fff9430: 00 00 00 00 00 00 00 00 00 00 00 00 00 00 00 00
  0x0c4a7fff9440: 00 00 00 00 00 00 00 00 00 00 00 00 00 00 00 00
  0x0c4a7fff9450: 00 00 00 00 00 00 00 00 00 00 00 00 00 00 00 00
  0x0c4a7fff9460: 00 00 00 00 00 00 00 00 00 00 00 00 00 00 00 00
Shadow byte legend (one shadow byte represents 8 application bytes):
  Addressable:           00
  Partially addressable: 01 02 03 04 05 06 07 
  Heap left redzone:       fa
  Freed heap region:       fd
  Stack left redzone:      f1
  Stack mid redzone:       f2
  Stack right redzone:     f3
  Stack after return:      f5
  Stack use after scope:   f8
  Global redzone:          f9
  Global init order:       f6
  Poisoned by user:        f7
  Container overflow:      fc
  Array cookie:            ac
  Intra object redzone:    bb
  ASan internal:           fe
  Left alloca redzone:     ca
  Right alloca redzone:    cb
==7==ABORTING
