=================================================================
==13==ERROR: AddressSanitizer: heap-buffer-overflow on address 0x61d0000030c5 at pc 0x0000007ea4aa bp 0x7ffe9a1d4c60 sp 0x7ffe9a1d4c58
READ of size 1 at 0x61d0000030c5 thread T0
SCARINESS: 12 (1-byte-read-heap-buffer-overflow)
    #0 0x7ea4a9 in avg_h264_chroma_mc1_8_c /src/ffmpeg/libavcodec/h264chroma_template.c:208:1
    #1 0x5993a9 in mpeg_motion_lowres /src/ffmpeg/libavcodec/mpegvideo_dec.c:754:13
    #2 0x5993a9 in MPV_motion_lowres /src/ffmpeg/libavcodec/mpegvideo_dec.c:926:21
    #3 0x590507 in mpv_reconstruct_mb_internal /src/ffmpeg/libavcodec/mpv_reconstruct_mb_template.c:144:21
    #4 0x590507 in ff_mpv_reconstruct_mb /src/ffmpeg/libavcodec/mpegvideo_dec.c:1033:9
    #5 0x577151 in mpeg_decode_slice /src/ffmpeg/libavcodec/mpeg12dec.c:1835:9
    #6 0x56799f in decode_chunks /src/ffmpeg/libavcodec/mpeg12dec.c:2760:27
    #7 0x55a108 in mpeg_decode_frame /src/ffmpeg/libavcodec/mpeg12dec.c:2827:11
    #8 0x519ce2 in decode_simple_internal /src/ffmpeg/libavcodec/decode.c:287:15
    #9 0x519ce2 in decode_simple_receive_frame /src/ffmpeg/libavcodec/decode.c:533:15
    #10 0x519ce2 in decode_receive_frame_internal /src/ffmpeg/libavcodec/decode.c:553:15
    #11 0x519470 in avcodec_send_packet /src/ffmpeg/libavcodec/decode.c:641:15
    #12 0x5028dc in LLVMFuzzerTestOneInput /src/ffmpeg/tools/target_dec_fuzzer.c:521:25
    #13 0xd6626d in ExecuteFilesOnyByOne /src/aflplusplus/utils/aflpp_driver/aflpp_driver.c:255:7
    #14 0xd66078 in LLVMFuzzerRunDriver /src/aflplusplus/utils/aflpp_driver/aflpp_driver.c
    #15 0xd65c38 in main /src/aflplusplus/utils/aflpp_driver/aflpp_driver.c:300:10
    #16 0x74c5277b5082 in __libc_start_main (/lib/x86_64-linux-gnu/libc.so.6+0x24082) (BuildId: 87b331c034a6458c64ce09c03939e947212e18ce)
    #17 0x4410dd in _start (/out/ffmpeg_AV_CODEC_ID_MPEG1VIDEO_fuzzer+0x4410dd)

DEDUP_TOKEN: avg_h264_chroma_mc1_8_c--mpeg_motion_lowres--MPV_motion_lowres
0x61d0000030c5 is located 5 bytes to the right of 2112-byte region [0x61d000002880,0x61d0000030c0)
allocated by thread T0 here:
    #0 0x4c3067 in posix_memalign /src/llvm-project/compiler-rt/lib/asan/asan_malloc_linux.cpp:145:3
    #1 0xcbd50a in av_malloc /src/ffmpeg/libavutil/mem.c:105:9
    #2 0xc6dfc7 in av_buffer_alloc /src/ffmpeg/libavutil/buffer.c:82:12
    #3 0x504e37 in fuzz_video_get_buffer /src/ffmpeg/tools/target_dec_fuzzer.c:131:25
    #4 0x504e37 in fuzz_get_buffer2 /src/ffmpeg/tools/target_dec_fuzzer.c:152:18
    #5 0x523830 in ff_get_buffer /src/ffmpeg/libavcodec/decode.c:1561:11
    #6 0x5b6e56 in ff_thread_get_ext_buffer /src/ffmpeg/libavcodec/pthread_frame.c:1014:16
    #7 0x91a208 in alloc_frame_buffer /src/ffmpeg/libavcodec/mpegpicture.c:147:13
    #8 0x91a208 in ff_alloc_picture /src/ffmpeg/libavcodec/mpegpicture.c:274:13
    #9 0x58b7c6 in alloc_picture /src/ffmpeg/libavcodec/mpegvideo_dec.c:245:12
    #10 0x58b7c6 in ff_mpv_frame_start /src/ffmpeg/libavcodec/mpegvideo_dec.c:433:13
    #11 0x56d40d in mpeg_field_start /src/ffmpeg/libavcodec/mpeg12dec.c:1594:20
    #12 0x5645d6 in decode_chunks /src/ffmpeg/libavcodec/mpeg12dec.c:2726:32
    #13 0x55a108 in mpeg_decode_frame /src/ffmpeg/libavcodec/mpeg12dec.c:2827:11
    #14 0x519ce2 in decode_simple_internal /src/ffmpeg/libavcodec/decode.c:287:15
    #15 0x519ce2 in decode_simple_receive_frame /src/ffmpeg/libavcodec/decode.c:533:15
    #16 0x519ce2 in decode_receive_frame_internal /src/ffmpeg/libavcodec/decode.c:553:15
    #17 0x519470 in avcodec_send_packet /src/ffmpeg/libavcodec/decode.c:641:15
    #18 0x5028dc in LLVMFuzzerTestOneInput /src/ffmpeg/tools/target_dec_fuzzer.c:521:25
    #19 0xd6626d in ExecuteFilesOnyByOne /src/aflplusplus/utils/aflpp_driver/aflpp_driver.c:255:7

DEDUP_TOKEN: posix_memalign--av_malloc--av_buffer_alloc
SUMMARY: AddressSanitizer: heap-buffer-overflow /src/ffmpeg/libavcodec/h264chroma_template.c:208:1 in avg_h264_chroma_mc1_8_c
Shadow bytes around the buggy address:
  0x0c3a7fff85c0: 00 00 00 00 00 00 00 00 00 00 00 00 00 00 00 00
  0x0c3a7fff85d0: 00 00 00 00 00 00 00 00 00 00 00 00 00 00 00 00
  0x0c3a7fff85e0: 00 00 00 00 00 00 00 00 00 00 00 00 00 00 00 00
  0x0c3a7fff85f0: 00 00 00 00 00 00 00 00 00 00 00 00 00 00 00 00
  0x0c3a7fff8600: 00 00 00 00 00 00 00 00 00 00 00 00 00 00 00 00
=>0x0c3a7fff8610: 00 00 00 00 00 00 00 00[fa]fa fa fa fa fa fa fa
  0x0c3a7fff8620: fa fa fa fa fa fa fa fa fa fa fa fa fa fa fa fa
  0x0c3a7fff8630: fa fa fa fa fa fa fa fa fa fa fa fa fa fa fa fa
  0x0c3a7fff8640: fa fa fa fa fa fa fa fa fa fa fa fa fa fa fa fa
  0x0c3a7fff8650: 00 00 00 00 00 00 00 00 00 00 00 00 00 00 00 00
  0x0c3a7fff8660: 00 00 00 00 00 00 00 00 00 00 00 00 00 00 00 00
Shadow byte legend (one shadow byte represents 8 application bytes):
  Addressable:           00
  Partially addressable: 01 02 03 04 05 06 07
  Heap left redzone:       fa
  Freed heap region:       fd
  Stack left redzone:      f1
  Stack mid redzone:       f2
  Stack right redzone:     f3
  Stack after return:      f5
  Stack use after scope:   f8
  Global redzone:          f9
  Global init order:       f6
  Poisoned by user:        f7
  Container overflow:      fc
  Array cookie:            ac
  Intra object redzone:    bb
  ASan internal:           fe
  Left alloca redzone:     ca
  Right alloca redzone:    cb
==13==ABORTING