INFO: Running with entropic power schedule (0xFF, 100).
INFO: Seed: 444759464
INFO: Loaded 1 modules   (51774 inline 8-bit counters): 51774 [0x873c510, 0x8748f4e),
INFO: Loaded 1 PC tables (51774 PCs): 51774 [0x862e41c,0x869360c),
/out/xml: Running 1 inputs 1 time(s) each.
Running: /tmp/poc
=================================================================
==13==ERROR: AddressSanitizer: global-buffer-overflow on address 0x085cc1c7 at pc 0x08547fe0 bp 0xffc21708 sp 0xffc21700
READ of size 1 at 0x085cc1c7 thread T0
SCARINESS: 22 (1-byte-read-global-buffer-overflow-far-from-bounds)
    #0 0x8547fdf in xmlDictComputeFastKey /src/libxml2/dict.c:438:14
    #1 0x8547fdf in xmlDictLookup /src/libxml2/dict.c:860:12
    #2 0x82619bd in xmlParseNCNameComplex /src/libxml2/parser.c:3210:12
    #3 0x82619bd in xmlParseNCName /src/libxml2/parser.c:3274:12
    #4 0x82602ba in xmlParseQName /src/libxml2/parser.c:8557:9
    #5 0x8258adf in xmlParseStartTag2 /src/libxml2/parser.c:9050:17
    #6 0x8237594 in xmlParseElementStart /src/libxml2/parser.c:9796:16
    #7 0x8235ec9 in xmlParseContentInternal /src/libxml2/parser.c:9664:10
    #8 0x823676e in xmlParseElement /src/libxml2/parser.c:9734:5
    #9 0x823eb12 in xmlParseDocument /src/libxml2/parser.c:10588:2
    #10 0x8255a0e in xmlDoRead /src/libxml2/parser.c:14613:5
    #11 0x8255cb0 in xmlReadMemory /src/libxml2/parser.c:14699:13
    #12 0x81d4b75 in LLVMFuzzerTestOneInput /src/libxml2/fuzz/xml.c:53:11
    #13 0x80959ae in fuzzer::Fuzzer::ExecuteCallback(unsigned char const*, unsigned int) /src/llvm-project/compiler-rt/lib/fuzzer/FuzzerLoop.cpp:611:15
    #14 0x808090e in fuzzer::RunOneTest(fuzzer::Fuzzer*, char const*, unsigned int) /src/llvm-project/compiler-rt/lib/fuzzer/FuzzerDriver.cpp:324:6
    #15 0x8086510 in fuzzer::FuzzerDriver(int*, char***, int (*)(unsigned char const*, unsigned int)) /src/llvm-project/compiler-rt/lib/fuzzer/FuzzerDriver.cpp:860:9
    #16 0x80b00f7 in main /src/llvm-project/compiler-rt/lib/fuzzer/FuzzerMain.cpp:20:10
    #17 0xe92b7ed4 in __libc_start_main (/lib/i386-linux-gnu/libc.so.6+0x1aed4) (BuildId: f0e9c9950026d7f234a4a1d03670a7ed59ceb726)
    #18 0x8077a55 in _start (/out/xml+0x8077a55)

DEDUP_TOKEN: xmlDictComputeFastKey--xmlDictLookup--xmlParseNCNameComplex
0x085cc1c7 is located 25 bytes to the left of global variable 'switch.table.xmlReportError.42' defined in 'error.c' (0x85cc1e0) of size 16
0x085cc1c7 is located 15 bytes to the right of global variable 'switch.table.xmlReportError' defined in 'error.c' (0x85cc140) of size 120
SUMMARY: AddressSanitizer: global-buffer-overflow /src/libxml2/dict.c:438:14 in xmlDictComputeFastKey
Shadow bytes around the buggy address:
  0x210b97e0: 00 00 03 f9 f9 f9 f9 f9 00 01 f9 f9 06 f9 f9 f9
  0x210b97f0: 06 f9 f9 f9 00 02 f9 f9 00 04 f9 f9 00 00 01 f9
  0x210b9800: f9 f9 f9 f9 05 f9 f9 f9 03 f9 f9 f9 00 03 f9 f9
  0x210b9810: 00 01 f9 f9 00 00 04 f9 f9 f9 f9 f9 00 01 f9 f9
  0x210b9820: 00 00 03 f9 f9 f9 f9 f9 00 00 00 00 00 00 00 00
=>0x210b9830: 00 00 00 00 00 00 00 f9[f9]f9 f9 f9 00 00 f9 f9
  0x210b9840: 00 00 00 00 00 00 00 00 00 00 00 00 00 00 00 00
  0x210b9850: 00 00 00 00 00 00 00 00 00 00 00 00 00 00 00 00
  0x210b9860: 00 00 00 00 00 00 00 00 00 00 00 00 00 00 00 00
  0x210b9870: 00 00 00 00 00 00 00 00 00 00 00 00 00 00 00 00
  0x210b9880: 00 00 00 00 00 00 00 00 00 00 00 00 00 00 00 00
Shadow byte legend (one shadow byte represents 8 application bytes):
  Addressable:           00
  Partially addressable: 01 02 03 04 05 06 07
  Heap left redzone:       fa
  Freed heap region:       fd
  Stack left redzone:      f1
  Stack mid redzone:       f2
  Stack right redzone:     f3
  Stack after return:      f5
  Stack use after scope:   f8
  Global redzone:          f9
  Global init order:       f6
  Poisoned by user:        f7
  Container overflow:      fc
  Array cookie:            ac
  Intra object redzone:    bb
  ASan internal:           fe
  Left alloca redzone:     ca
  Right alloca redzone:    cb
==13==ABORTING