INFO: Running with entropic power schedule (0xFF, 100).
INFO: Seed: 443669602
INFO: Loaded 1 modules   (51765 inline 8-bit counters): 51765 [0x873c520, 0x8748f55),
INFO: Loaded 1 PC tables (51765 PCs): 51765 [0x862e43c,0x86935e4),
/out/html: Running 1 inputs 1 time(s) each.
Running: /tmp/poc
=================================================================
==13==ERROR: AddressSanitizer: global-buffer-overflow on address 0x085cb941 at pc 0x0834c20c bp 0xffcb6068 sp 0xffcb6060
READ of size 1 at 0x085cb941 thread T0
SCARINESS: 12 (1-byte-read-global-buffer-overflow)
    #0 0x834c20b in htmlParseHTMLAttribute /src/libxml2/HTMLparser.c:2759:13
    #1 0x8328924 in htmlParseAttValue /src/libxml2/HTMLparser.c:2962:8
    #2 0x8328924 in htmlParseAttribute /src/libxml2/HTMLparser.c:3777:8
    #3 0x8328924 in htmlParseStartTag /src/libxml2/HTMLparser.c:4052:12
    #4 0x832c22f in htmlParseElementInternal /src/libxml2/HTMLparser.c:4673:14
    #5 0x832c22f in htmlParseContentInternal /src/libxml2/HTMLparser.c:4883:13
    #6 0x83301dd in htmlParseDocument /src/libxml2/HTMLparser.c:5043:5
    #7 0x8344a16 in htmlDoRead /src/libxml2/HTMLparser.c:6956:5
    #8 0x8344ec0 in htmlReadMemory /src/libxml2/HTMLparser.c:7038:13
    #9 0x81d4b43 in LLVMFuzzerTestOneInput /src/libxml2/fuzz/html.c:48:11
    #10 0x80959ae in fuzzer::Fuzzer::ExecuteCallback(unsigned char const*, unsigned int) /src/llvm-project/compiler-rt/lib/fuzzer/FuzzerLoop.cpp:611:15
    #11 0x808090e in fuzzer::RunOneTest(fuzzer::Fuzzer*, char const*, unsigned int) /src/llvm-project/compiler-rt/lib/fuzzer/FuzzerDriver.cpp:324:6
    #12 0x8086510 in fuzzer::FuzzerDriver(int*, char***, int (*)(unsigned char const*, unsigned int)) /src/llvm-project/compiler-rt/lib/fuzzer/FuzzerDriver.cpp:860:9
    #13 0x80b00f7 in main /src/llvm-project/compiler-rt/lib/fuzzer/FuzzerMain.cpp:20:10
    #14 0xeab5aed4 in __libc_start_main (/lib/i386-linux-gnu/libc.so.6+0x1aed4) (BuildId: f0e9c9950026d7f234a4a1d03670a7ed59ceb726)
    #15 0x8077a55 in _start (/out/html+0x8077a55)

DEDUP_TOKEN: htmlParseHTMLAttribute--htmlParseAttValue--htmlParseAttribute
0x085cb941 is located 0 bytes to the right of global variable '<string literal>' defined in 'buf.c:1104:58' (0x85cb940) of size 1
  '<string literal>' is ascii string ''
SUMMARY: AddressSanitizer: global-buffer-overflow /src/libxml2/HTMLparser.c:2759:13 in htmlParseHTMLAttribute
Shadow bytes around the buggy address:
  0x210b96d0: 00 00 00 00 00 00 00 00 00 00 00 00 00 00 00 00
  0x210b96e0: 00 00 00 00 00 00 f9 f9 00 00 00 05 f9 f9 f9 f9
  0x210b96f0: 00 07 f9 f9 00 00 00 05 f9 f9 f9 f9 02 f9 f9 f9
  0x210b9700: 07 f9 f9 f9 02 f9 f9 f9 00 00 00 00 f9 f9 f9 f9
  0x210b9710: 00 00 00 00 05 f9 f9 f9 f9 f9 f9 f9 00 00 00 00
=>0x210b9720: 06 f9 f9 f9 f9 f9 f9 f9[01]f9 f9 f9 00 00 00 00
  0x210b9730: 00 00 00 00 00 00 00 00 00 00 00 00 00 00 00 00
  0x210b9740: 00 00 00 00 00 00 00 00 00 00 00 00 00 f9 f9 f9
  0x210b9750: 00 00 02 f9 f9 f9 f9 f9 00 00 00 02 f9 f9 f9 f9
  0x210b9760: 05 f9 f9 f9 03 f9 f9 f9 00 00 00 07 f9 f9 f9 f9
  0x210b9770: 00 00 00 02 f9 f9 f9 f9 00 f9 f9 f9 02 f9 f9 f9
Shadow byte legend (one shadow byte represents 8 application bytes):
  Addressable:           00
  Partially addressable: 01 02 03 04 05 06 07
  Heap left redzone:       fa
  Freed heap region:       fd
  Stack left redzone:      f1
  Stack mid redzone:       f2
  Stack right redzone:     f3
  Stack after return:      f5
  Stack use after scope:   f8
  Global redzone:          f9
  Global init order:       f6
  Poisoned by user:        f7
  Container overflow:      fc
  Array cookie:            ac
  Intra object redzone:    bb
  ASan internal:           fe
  Left alloca redzone:     ca
  Right alloca redzone:    cb
==13==ABORTING