INFO: Running with entropic power schedule (0xFF, 100).
INFO: Seed: 2170148308
INFO: Loaded 1 modules   (21924 inline 8-bit counters): 21924 [0x93ac90, 0x940234), 
INFO: Loaded 1 PC tables (21924 PCs): 21924 [0x81af20,0x870960), 
/out/libraw_fuzzer: Running 1 inputs 1 time(s) each.
Running: /tmp/poc
unknown file: data corrupted at 1
=================================================================
==7==ERROR: AddressSanitizer: stack-buffer-overflow on address 0x7c3f7c990200 at pc 0x0000006a9713 bp 0x7ffd0adf6990 sp 0x7ffd0adf6988
WRITE of size 4 at 0x7c3f7c990200 thread T0
SCARINESS: 51 (4-byte-write-stack-buffer-overflow)
    #0 0x6a9712 in LibRaw::xtrans_interpolate(int) /src/libraw/src/demosaic/xtrans_demosaic.cpp:275:41
    #1 0x575eb9 in LibRaw::dcraw_process() /src/libraw/src/postprocessing/dcraw_process.cpp:165:9
    #2 0x56dd55 in LLVMFuzzerTestOneInput /src/libraw_fuzzer.cc:86:22
    #3 0x43df33 in fuzzer::Fuzzer::ExecuteCallback(unsigned char const*, unsigned long) /src/llvm-project/compiler-rt/lib/fuzzer/FuzzerLoop.cpp:611:15
    #4 0x429692 in fuzzer::RunOneTest(fuzzer::Fuzzer*, char const*, unsigned long) /src/llvm-project/compiler-rt/lib/fuzzer/FuzzerDriver.cpp:324:6
    #5 0x42ef3c in fuzzer::FuzzerDriver(int*, char***, int (*)(unsigned char const*, unsigned long)) /src/llvm-project/compiler-rt/lib/fuzzer/FuzzerDriver.cpp:860:9
    #6 0x458472 in main /src/llvm-project/compiler-rt/lib/fuzzer/FuzzerMain.cpp:20:10
    #7 0x7c3f7cf0b082 in __libc_start_main (/lib/x86_64-linux-gnu/libc.so.6+0x24082) (BuildId: 87b331c034a6458c64ce09c03939e947212e18ce)
    #8 0x41f85d in _start (/out/libraw_fuzzer+0x41f85d)

DEDUP_TOKEN: LibRaw::xtrans_interpolate(int)--LibRaw::dcraw_process()--LLVMFuzzerTestOneInput
Address 0x7c3f7c990200 is located in stack of thread T0 at offset 512 in frame
    #0 0x6a36ef in LibRaw::xtrans_interpolate(int) /src/libraw/src/demosaic/xtrans_demosaic.cpp:26

DEDUP_TOKEN: LibRaw::xtrans_interpolate(int)
  This frame has 6 object(s):
    [32, 48) 'cstat' (line 27)
    [64, 352) 'allhex' (line 36)
    [416, 512) 'color' (line 213) <== Memory access at offset 512 overflows this variable
    [544, 568) 'diff' (line 268)
    [608, 640) 'hm' (line 392)
    [672, 688) 'avg' (line 409)
HINT: this may be a false positive if your program uses some custom stack unwind mechanism, swapcontext or vfork
      (longjmp and C++ exceptions *are* supported)
SUMMARY: AddressSanitizer: stack-buffer-overflow /src/libraw/src/demosaic/xtrans_demosaic.cpp:275:41 in LibRaw::xtrans_interpolate(int)
Shadow bytes around the buggy address:
  0x0f886f929ff0: f5 f5 f5 f5 f5 f5 f5 f5 f5 f5 f5 f5 f5 f5 f5 f5
  0x0f886f92a000: f1 f1 f1 f1 00 00 f2 f2 00 00 00 00 00 00 00 00
  0x0f886f92a010: 00 00 00 00 00 00 00 00 00 00 00 00 00 00 00 00
  0x0f886f92a020: 00 00 00 00 00 00 00 00 00 00 00 00 f2 f2 f2 f2
  0x0f886f92a030: f2 f2 f2 f2 00 00 00 00 00 00 00 00 00 00 00 00
=>0x0f886f92a040:[f2]f2 f2 f2 00 00 00 f2 f2 f2 f2 f2 f8 f8 f8 f8
  0x0f886f92a050: f2 f2 f2 f2 f8 f8 f3 f3 00 00 00 00 00 00 00 00
  0x0f886f92a060: 00 00 00 00 00 00 00 00 00 00 00 00 00 00 00 00
  0x0f886f92a070: 00 00 00 00 00 00 00 00 00 00 00 00 00 00 00 00
  0x0f886f92a080: 00 00 00 00 00 00 00 00 00 00 00 00 00 00 00 00
  0x0f886f92a090: 00 00 00 00 00 00 00 00 00 00 00 00 00 00 00 00
Shadow byte legend (one shadow byte represents 8 application bytes):
  Addressable:           00
  Partially addressable: 01 02 03 04 05 06 07 
  Heap left redzone:       fa
  Freed heap region:       fd
  Stack left redzone:      f1
  Stack mid redzone:       f2
  Stack right redzone:     f3
  Stack after return:      f5
  Stack use after scope:   f8
  Global redzone:          f9
  Global init order:       f6
  Poisoned by user:        f7
  Container overflow:      fc
  Array cookie:            ac
  Intra object redzone:    bb
  ASan internal:           fe
  Left alloca redzone:     ca
  Right alloca redzone:    cb
==7==ABORTING
