======================= INFO =========================
This binary is built for AFL-fuzz.
To run the target function on individual input(s) execute this:
  /out/libraw_raf_fuzzer < INPUT_FILE
or
  /out/libraw_raf_fuzzer INPUT_FILE1 [INPUT_FILE2 ... ]
To fuzz with afl-fuzz execute this:
  afl-fuzz [afl-flags] /out/libraw_raf_fuzzer [-N]
afl-fuzz will run N iterations before re-spawning the process (default: 1000)
======================================================
=================================================================
==13==ERROR: AddressSanitizer: heap-buffer-overflow on address 0x62e00000a800 at pc 0x00000049610f bp 0x7fffca301450 sp 0x7fffca300c18
WRITE of size 61381 at 0x62e00000a800 thread T0
SCARINESS: 45 (multi-byte-write-heap-buffer-overflow)
    #0 0x49610e in __asan_memmove /src/llvm-project/compiler-rt/lib/asan/asan_interceptors_memintrinsics.cpp:30:3
    #1 0x4fcbce in LibRaw_buffer_datastream::read(void*, unsigned long, unsigned long) /src/libraw/src/libraw_datastream.cpp:367:3
    #2 0x4ef1d6 in LibRaw::read_shorts(unsigned short*, unsigned int) /src/libraw/src/utils/read_utils.cpp:145:17
    #3 0x54596c in LibRaw::sony_arq_load_raw() /src/libraw/src/decoders/decoders_libraw.cpp:20:3
    #4 0x4cb8ff in LibRaw::unpack() /src/libraw/src/decoders/unpack.cpp:287:7
    #5 0x4c8b65 in LLVMFuzzerTestOneInput /src/libraw_fuzzer.cc:47:20
    #6 0x4c910e in ExecuteFilesOnyByOne /src/libfuzzer/afl/afl_driver.cpp:217:5
    #7 0x4c910e in main /src/libfuzzer/afl/afl_driver.cpp:254:12
    #8 0x7805047ac83f in __libc_start_main (/lib/x86_64-linux-gnu/libc.so.6+0x2083f)
    #9 0x41e4b8 in _start (/out/libraw_raf_fuzzer+0x41e4b8)

DEDUP_TOKEN: __asan_memmove--LibRaw_buffer_datastream::read(void*, unsigned long, unsigned long)--LibRaw::read_shorts(unsigned short*, unsigned int)
0x62e00000a800 is located 0 bytes to the right of 41984-byte region [0x62e000000400,0x62e00000a800)
allocated by thread T0 here:
    #0 0x49679d in malloc /src/llvm-project/compiler-rt/lib/asan/asan_malloc_linux.cpp:145:3
    #1 0x4f477a in libraw_memmgr::malloc(unsigned long) /src/libraw/./libraw/libraw_alloc.h:49:17
    #2 0x4f3fe8 in LibRaw::malloc(unsigned long) /src/libraw/src/utils/utils_libraw.cpp:245:20
    #3 0x4cb4f0 in LibRaw::unpack() /src/libraw/src/decoders/unpack.cpp:237:37
    #4 0x4c8b65 in LLVMFuzzerTestOneInput /src/libraw_fuzzer.cc:47:20
    #5 0x4c910e in ExecuteFilesOnyByOne /src/libfuzzer/afl/afl_driver.cpp:217:5
    #6 0x4c910e in main /src/libfuzzer/afl/afl_driver.cpp:254:12
    #7 0x7805047ac83f in __libc_start_main (/lib/x86_64-linux-gnu/libc.so.6+0x2083f)

DEDUP_TOKEN: malloc--libraw_memmgr::malloc(unsigned long)--LibRaw::malloc(unsigned long)
SUMMARY: AddressSanitizer: heap-buffer-overflow /src/llvm-project/compiler-rt/lib/asan/asan_interceptors_memintrinsics.cpp:30:3 in __asan_memmove
Shadow bytes around the buggy address:
  0x0c5c7fff94b0: 00 00 00 00 00 00 00 00 00 00 00 00 00 00 00 00
  0x0c5c7fff94c0: 00 00 00 00 00 00 00 00 00 00 00 00 00 00 00 00
  0x0c5c7fff94d0: 00 00 00 00 00 00 00 00 00 00 00 00 00 00 00 00
  0x0c5c7fff94e0: 00 00 00 00 00 00 00 00 00 00 00 00 00 00 00 00
  0x0c5c7fff94f0: 00 00 00 00 00 00 00 00 00 00 00 00 00 00 00 00
=>0x0c5c7fff9500:[fa]fa fa fa fa fa fa fa fa fa fa fa fa fa fa fa
  0x0c5c7fff9510: fa fa fa fa fa fa fa fa fa fa fa fa fa fa fa fa
  0x0c5c7fff9520: fa fa fa fa fa fa fa fa fa fa fa fa fa fa fa fa
  0x0c5c7fff9530: fa fa fa fa fa fa fa fa fa fa fa fa fa fa fa fa
  0x0c5c7fff9540: fa fa fa fa fa fa fa fa fa fa fa fa fa fa fa fa
  0x0c5c7fff9550: fa fa fa fa fa fa fa fa fa fa fa fa fa fa fa fa
Shadow byte legend (one shadow byte represents 8 application bytes):
  Addressable:           00
  Partially addressable: 01 02 03 04 05 06 07
  Heap left redzone:       fa
  Freed heap region:       fd
  Stack left redzone:      f1
  Stack mid redzone:       f2
  Stack right redzone:     f3
  Stack after return:      f5
  Stack use after scope:   f8
  Global redzone:          f9
  Global init order:       f6
  Poisoned by user:        f7
  Container overflow:      fc
  Array cookie:            ac
  Intra object redzone:    bb
  ASan internal:           fe
  Left alloca redzone:     ca
  Right alloca redzone:    cb
  Shadow gap:              cc
==13==ABORTING