Unable to find image 'n132/arvo:61991-vul' locally
61991-vul: Pulling from n132/arvo
7608715873ec: Already exists
ba0f7f6ad026: Pulling fs layer
a89db50526df: Pulling fs layer
42f603f935a1: Pulling fs layer
d587c585871b: Pulling fs layer
08355c5e2767: Pulling fs layer
a0801aef7920: Pulling fs layer
8f900e2c4044: Pulling fs layer
8e4a42011416: Pulling fs layer
a1149f3bab40: Pulling fs layer
bc84adf33580: Pulling fs layer
850a365f7921: Pulling fs layer
8093912dbb6c: Pulling fs layer
2a5b3093abdc: Pulling fs layer
6762f9c71a4c: Pulling fs layer
a5aec3331a67: Pulling fs layer
f9207ad8acb7: Pulling fs layer
9c16c3dee092: Pulling fs layer
f1e681202b03: Pulling fs layer
2bbaea9a8393: Pulling fs layer
c3decf102b70: Pulling fs layer
679b960f88fc: Pulling fs layer
ba0dfdbb94e3: Pulling fs layer
1b1dc1284c04: Pulling fs layer
a86090835a3d: Pulling fs layer
d65f83cdb8be: Pulling fs layer
1224501fb55f: Pulling fs layer
5ff638715f3c: Pulling fs layer
dd414bda75c5: Pulling fs layer
d652f906d4b8: Pulling fs layer
25fc030c5bdb: Pulling fs layer
8e4a42011416: Waiting
a1149f3bab40: Waiting
b6bf3c5ffdef: Pulling fs layer
318594c1d47b: Pulling fs layer
bc84adf33580: Waiting
8093912dbb6c: Waiting
f9b67a2cef01: Pulling fs layer
2a5b3093abdc: Waiting
4a9df2894589: Pulling fs layer
3ec94ca59db4: Pulling fs layer
d587c585871b: Waiting
6762f9c71a4c: Waiting
08355c5e2767: Waiting
5ec7783508d0: Pulling fs layer
a5aec3331a67: Waiting
a0801aef7920: Waiting
f3ca51485806: Pulling fs layer
8f900e2c4044: Waiting
f9207ad8acb7: Waiting
6766edad8313: Pulling fs layer
98685825c510: Pulling fs layer
be25530806af: Pulling fs layer
5e37c8b85231: Pulling fs layer
20e5cc79c4ba: Pulling fs layer
679b960f88fc: Waiting
161ad1b10d27: Pulling fs layer
c3decf102b70: Waiting
dfa71c24965b: Pulling fs layer
9c16c3dee092: Waiting
2bbaea9a8393: Waiting
70849ddc1e5d: Pulling fs layer
6a0661a9941d: Pulling fs layer
dd414bda75c5: Waiting
ba0dfdbb94e3: Waiting
a3f3281bfde0: Pulling fs layer
f9b67a2cef01: Waiting
6ddcc0422717: Pulling fs layer
d652f906d4b8: Waiting
1b1dc1284c04: Waiting
4a9df2894589: Waiting
25fc030c5bdb: Waiting
12012bac0cae: Pulling fs layer
3ec94ca59db4: Waiting
a86090835a3d: Waiting
f1e681202b03: Waiting
44c63e094c62: Pulling fs layer
5ec7783508d0: Waiting
d65f83cdb8be: Waiting
9f70b85d0b80: Pulling fs layer
850a365f7921: Waiting
98685825c510: Waiting
9ab8a3abfe5c: Pulling fs layer
b6bf3c5ffdef: Waiting
f3ca51485806: Waiting
5ff638715f3c: Waiting
be25530806af: Waiting
6766edad8313: Waiting
318594c1d47b: Waiting
161ad1b10d27: Waiting
12012bac0cae: Waiting
5e37c8b85231: Waiting
20e5cc79c4ba: Waiting
a3f3281bfde0: Waiting
44c63e094c62: Waiting
6ddcc0422717: Waiting
70849ddc1e5d: Waiting
9ab8a3abfe5c: Waiting
9f70b85d0b80: Waiting
6a0661a9941d: Waiting
a89db50526df: Verifying Checksum
a89db50526df: Download complete
d587c585871b: Verifying Checksum
d587c585871b: Download complete
ba0f7f6ad026: Verifying Checksum
ba0f7f6ad026: Download complete
42f603f935a1: Verifying Checksum
42f603f935a1: Download complete
08355c5e2767: Verifying Checksum
08355c5e2767: Download complete
8f900e2c4044: Verifying Checksum
8f900e2c4044: Download complete
8e4a42011416: Download complete
ba0f7f6ad026: Pull complete
a89db50526df: Pull complete
bc84adf33580: Verifying Checksum
bc84adf33580: Download complete
42f603f935a1: Pull complete
a0801aef7920: Verifying Checksum
a0801aef7920: Download complete
d587c585871b: Pull complete
08355c5e2767: Pull complete
850a365f7921: Verifying Checksum
850a365f7921: Download complete
8093912dbb6c: Verifying Checksum
8093912dbb6c: Download complete
2a5b3093abdc: Verifying Checksum
2a5b3093abdc: Download complete
6762f9c71a4c: Verifying Checksum
6762f9c71a4c: Download complete
a1149f3bab40: Verifying Checksum
a1149f3bab40: Download complete
9c16c3dee092: Verifying Checksum
9c16c3dee092: Download complete
a5aec3331a67: Verifying Checksum
a5aec3331a67: Download complete
f1e681202b03: Verifying Checksum
f1e681202b03: Download complete
2bbaea9a8393: Download complete
c3decf102b70: Verifying Checksum
c3decf102b70: Download complete
f9207ad8acb7: Verifying Checksum
f9207ad8acb7: Download complete
679b960f88fc: Verifying Checksum
679b960f88fc: Download complete
ba0dfdbb94e3: Verifying Checksum
ba0dfdbb94e3: Download complete
1b1dc1284c04: Verifying Checksum
1b1dc1284c04: Download complete
a86090835a3d: Download complete
a0801aef7920: Pull complete
8f900e2c4044: Pull complete
8e4a42011416: Pull complete
5ff638715f3c: Download complete
1224501fb55f: Download complete
d65f83cdb8be: Download complete
d652f906d4b8: Verifying Checksum
d652f906d4b8: Download complete
dd414bda75c5: Verifying Checksum
dd414bda75c5: Download complete
b6bf3c5ffdef: Verifying Checksum
b6bf3c5ffdef: Download complete
25fc030c5bdb: Verifying Checksum
25fc030c5bdb: Download complete
a1149f3bab40: Pull complete
f9b67a2cef01: Verifying Checksum
f9b67a2cef01: Download complete
bc84adf33580: Pull complete
850a365f7921: Pull complete
8093912dbb6c: Pull complete
2a5b3093abdc: Pull complete
6762f9c71a4c: Pull complete
a5aec3331a67: Pull complete
f9207ad8acb7: Pull complete
9c16c3dee092: Pull complete
f1e681202b03: Pull complete
2bbaea9a8393: Pull complete
c3decf102b70: Pull complete
3ec94ca59db4: Verifying Checksum
3ec94ca59db4: Download complete
679b960f88fc: Pull complete
ba0dfdbb94e3: Pull complete
1b1dc1284c04: Pull complete
a86090835a3d: Pull complete
d65f83cdb8be: Pull complete
1224501fb55f: Pull complete
5ff638715f3c: Pull complete
dd414bda75c5: Pull complete
d652f906d4b8: Pull complete
318594c1d47b: Verifying Checksum
318594c1d47b: Download complete
4a9df2894589: Verifying Checksum
4a9df2894589: Download complete
5ec7783508d0: Download complete
6766edad8313: Verifying Checksum
6766edad8313: Download complete
f3ca51485806: Verifying Checksum
f3ca51485806: Download complete
5e37c8b85231: Verifying Checksum
be25530806af: Download complete
98685825c510: Verifying Checksum
98685825c510: Download complete
dfa71c24965b: Verifying Checksum
dfa71c24965b: Download complete
161ad1b10d27: Verifying Checksum
161ad1b10d27: Download complete
25fc030c5bdb: Pull complete
b6bf3c5ffdef: Pull complete
6a0661a9941d: Verifying Checksum
6a0661a9941d: Download complete
70849ddc1e5d: Verifying Checksum
70849ddc1e5d: Download complete
20e5cc79c4ba: Verifying Checksum
20e5cc79c4ba: Download complete
a3f3281bfde0: Download complete
6ddcc0422717: Verifying Checksum
6ddcc0422717: Download complete
44c63e094c62: Verifying Checksum
44c63e094c62: Download complete
12012bac0cae: Verifying Checksum
12012bac0cae: Download complete
9ab8a3abfe5c: Verifying Checksum
9ab8a3abfe5c: Download complete
318594c1d47b: Pull complete
f9b67a2cef01: Pull complete
4a9df2894589: Pull complete
3ec94ca59db4: Pull complete
5ec7783508d0: Pull complete
f3ca51485806: Pull complete
6766edad8313: Pull complete
98685825c510: Pull complete
be25530806af: Pull complete
5e37c8b85231: Pull complete
20e5cc79c4ba: Pull complete
161ad1b10d27: Pull complete
dfa71c24965b: Pull complete
70849ddc1e5d: Pull complete
6a0661a9941d: Pull complete
a3f3281bfde0: Pull complete
6ddcc0422717: Pull complete
12012bac0cae: Pull complete
44c63e094c62: Pull complete
9f70b85d0b80: Verifying Checksum
9f70b85d0b80: Download complete
9f70b85d0b80: Pull complete
9ab8a3abfe5c: Pull complete
Digest: sha256:e08789b62476382d46f258c4a3457dd63e21cdd35438667bd420d584495b786d
Status: Downloaded newer image for n132/arvo:61991-vul
=================================================================
==7==ERROR: AddressSanitizer: heap-buffer-overflow on address 0x608000000080 at pc 0x0000004aa1ac bp 0x7fff8584c130 sp 0x7fff8584b900
WRITE of size 256 at 0x608000000080 thread T0
SCARINESS: 45 (multi-byte-write-heap-buffer-overflow)
    #0 0x4aa1ab in __asan_memcpy /src/llvm-project/compiler-rt/lib/asan/asan_interceptors_memintrinsics.cpp:22:3
    #1 0x63fb76 in jpegxl_anim_read_packet /src/ffmpeg/libavformat/jpegxl_anim_dec.c:167:9
    #2 0x588d54 in ff_read_packet /src/ffmpeg/libavformat/demux.c:576:15
    #3 0x58d5f7 in read_frame_internal /src/ffmpeg/libavformat/demux.c:1264:15
    #4 0x594ec0 in avformat_find_stream_info /src/ffmpeg/libavformat/demux.c:2635:15
    #5 0x4e8c05 in LLVMFuzzerTestOneInput /src/ffmpeg/tools/target_dem_fuzzer.c:206:11
    #6 0xd406dd in ExecuteFilesOnyByOne /src/aflplusplus/utils/aflpp_driver/aflpp_driver.c:255:7
    #7 0xd404e8 in LLVMFuzzerRunDriver /src/aflplusplus/utils/aflpp_driver/aflpp_driver.c
    #8 0xd400a8 in main /src/aflplusplus/utils/aflpp_driver/aflpp_driver.c:300:10
    #9 0x7969a7358082 in __libc_start_main (/lib/x86_64-linux-gnu/libc.so.6+0x24082) (BuildId: 87b331c034a6458c64ce09c03939e947212e18ce)
    #10 0x42992d in _start (/out/ffmpeg_dem_JPEGXL_ANIM_fuzzer+0x42992d)

DEDUP_TOKEN: __asan_memcpy--jpegxl_anim_read_packet--ff_read_packet
0x608000000080 is located 0 bytes to the right of 96-byte region [0x608000000020,0x608000000080)
allocated by thread T0 here:
    #0 0x4ab16c in __interceptor_realloc /src/llvm-project/compiler-rt/lib/asan/asan_malloc_linux.cpp:85:3
    #1 0x9b38f7 in av_realloc /src/ffmpeg/libavutil/mem.c:162:11
    #2 0x96eeef in av_buffer_realloc /src/ffmpeg/libavutil/buffer.c:192:25
    #3 0x8691a7 in packet_alloc /src/ffmpeg/libavcodec/avpacket.c:88:11
    #4 0x8691a7 in av_new_packet /src/ffmpeg/libavcodec/avpacket.c:100:15
    #5 0x63fada in jpegxl_anim_read_packet /src/ffmpeg/libavformat/jpegxl_anim_dec.c:161:11
    #6 0x588d54 in ff_read_packet /src/ffmpeg/libavformat/demux.c:576:15
    #7 0x58d5f7 in read_frame_internal /src/ffmpeg/libavformat/demux.c:1264:15
    #8 0x594ec0 in avformat_find_stream_info /src/ffmpeg/libavformat/demux.c:2635:15
    #9 0x4e8c05 in LLVMFuzzerTestOneInput /src/ffmpeg/tools/target_dem_fuzzer.c:206:11
    #10 0xd406dd in ExecuteFilesOnyByOne /src/aflplusplus/utils/aflpp_driver/aflpp_driver.c:255:7

DEDUP_TOKEN: __interceptor_realloc--av_realloc--av_buffer_realloc
SUMMARY: AddressSanitizer: heap-buffer-overflow /src/llvm-project/compiler-rt/lib/asan/asan_interceptors_memintrinsics.cpp:22:3 in __asan_memcpy
Shadow bytes around the buggy address:
  0x0c107fff7fc0: 00 00 00 00 00 00 00 00 00 00 00 00 00 00 00 00
  0x0c107fff7fd0: 00 00 00 00 00 00 00 00 00 00 00 00 00 00 00 00
  0x0c107fff7fe0: 00 00 00 00 00 00 00 00 00 00 00 00 00 00 00 00
  0x0c107fff7ff0: 00 00 00 00 00 00 00 00 00 00 00 00 00 00 00 00
  0x0c107fff8000: fa fa fa fa 00 00 00 00 00 00 00 00 00 00 00 00
=>0x0c107fff8010:[fa]fa fa fa fa fa fa fa fa fa fa fa fa fa fa fa
  0x0c107fff8020: fa fa fa fa fa fa fa fa fa fa fa fa fa fa fa fa
  0x0c107fff8030: fa fa fa fa fa fa fa fa fa fa fa fa fa fa fa fa
  0x0c107fff8040: fa fa fa fa fa fa fa fa fa fa fa fa fa fa fa fa
  0x0c107fff8050: fa fa fa fa fa fa fa fa fa fa fa fa fa fa fa fa
  0x0c107fff8060: fa fa fa fa fa fa fa fa fa fa fa fa fa fa fa fa
Shadow byte legend (one shadow byte represents 8 application bytes):
  Addressable:           00
  Partially addressable: 01 02 03 04 05 06 07 
  Heap left redzone:       fa
  Freed heap region:       fd
  Stack left redzone:      f1
  Stack mid redzone:       f2
  Stack right redzone:     f3
  Stack after return:      f5
  Stack use after scope:   f8
  Global redzone:          f9
  Global init order:       f6
  Poisoned by user:        f7
  Container overflow:      fc
  Array cookie:            ac
  Intra object redzone:    bb
  ASan internal:           fe
  Left alloca redzone:     ca
  Right alloca redzone:    cb
==7==ABORTING
