=================================================================
==7==ERROR: AddressSanitizer: heap-buffer-overflow on address 0x608000000080 at pc 0x0000004aa1ac bp 0x7fff1f4376d0 sp 0x7fff1f436ea0
WRITE of size 256 at 0x608000000080 thread T0
SCARINESS: 45 (multi-byte-write-heap-buffer-overflow)
    #0 0x4aa1ab in __asan_memcpy /src/llvm-project/compiler-rt/lib/asan/asan_interceptors_memintrinsics.cpp:22:3
    #1 0x63fb76 in jpegxl_anim_read_packet /src/ffmpeg/libavformat/jpegxl_anim_dec.c:167:9
    #2 0x588d54 in ff_read_packet /src/ffmpeg/libavformat/demux.c:576:15
    #3 0x58d5f7 in read_frame_internal /src/ffmpeg/libavformat/demux.c:1264:15
    #4 0x594ec0 in avformat_find_stream_info /src/ffmpeg/libavformat/demux.c:2635:15
    #5 0x4e8c05 in LLVMFuzzerTestOneInput /src/ffmpeg/tools/target_dem_fuzzer.c:206:11
    #6 0xd406dd in ExecuteFilesOnyByOne /src/aflplusplus/utils/aflpp_driver/aflpp_driver.c:255:7
    #7 0xd404e8 in LLVMFuzzerRunDriver /src/aflplusplus/utils/aflpp_driver/aflpp_driver.c
    #8 0xd400a8 in main /src/aflplusplus/utils/aflpp_driver/aflpp_driver.c:300:10
    #9 0x725085eab082 in __libc_start_main (/lib/x86_64-linux-gnu/libc.so.6+0x24082) (BuildId: 87b331c034a6458c64ce09c03939e947212e18ce)
    #10 0x42992d in _start (/out/ffmpeg_dem_JPEGXL_ANIM_fuzzer+0x42992d)

DEDUP_TOKEN: __asan_memcpy--jpegxl_anim_read_packet--ff_read_packet
0x608000000080 is located 0 bytes to the right of 96-byte region [0x608000000020,0x608000000080)
allocated by thread T0 here:
    #0 0x4ab16c in __interceptor_realloc /src/llvm-project/compiler-rt/lib/asan/asan_malloc_linux.cpp:85:3
    #1 0x9b38f7 in av_realloc /src/ffmpeg/libavutil/mem.c:162:11
    #2 0x96eeef in av_buffer_realloc /src/ffmpeg/libavutil/buffer.c:192:25
    #3 0x8691a7 in packet_alloc /src/ffmpeg/libavcodec/avpacket.c:88:11
    #4 0x8691a7 in av_new_packet /src/ffmpeg/libavcodec/avpacket.c:100:15
    #5 0x63fada in jpegxl_anim_read_packet /src/ffmpeg/libavformat/jpegxl_anim_dec.c:161:11
    #6 0x588d54 in ff_read_packet /src/ffmpeg/libavformat/demux.c:576:15
    #7 0x58d5f7 in read_frame_internal /src/ffmpeg/libavformat/demux.c:1264:15
    #8 0x594ec0 in avformat_find_stream_info /src/ffmpeg/libavformat/demux.c:2635:15
    #9 0x4e8c05 in LLVMFuzzerTestOneInput /src/ffmpeg/tools/target_dem_fuzzer.c:206:11
    #10 0xd406dd in ExecuteFilesOnyByOne /src/aflplusplus/utils/aflpp_driver/aflpp_driver.c:255:7

DEDUP_TOKEN: __interceptor_realloc--av_realloc--av_buffer_realloc
SUMMARY: AddressSanitizer: heap-buffer-overflow /src/llvm-project/compiler-rt/lib/asan/asan_interceptors_memintrinsics.cpp:22:3 in __asan_memcpy
Shadow bytes around the buggy address:
  0x0c107fff7fc0: 00 00 00 00 00 00 00 00 00 00 00 00 00 00 00 00
  0x0c107fff7fd0: 00 00 00 00 00 00 00 00 00 00 00 00 00 00 00 00
  0x0c107fff7fe0: 00 00 00 00 00 00 00 00 00 00 00 00 00 00 00 00
  0x0c107fff7ff0: 00 00 00 00 00 00 00 00 00 00 00 00 00 00 00 00
  0x0c107fff8000: fa fa fa fa 00 00 00 00 00 00 00 00 00 00 00 00
=>0x0c107fff8010:[fa]fa fa fa fa fa fa fa fa fa fa fa fa fa fa fa
  0x0c107fff8020: fa fa fa fa fa fa fa fa fa fa fa fa fa fa fa fa
  0x0c107fff8030: fa fa fa fa fa fa fa fa fa fa fa fa fa fa fa fa
  0x0c107fff8040: fa fa fa fa fa fa fa fa fa fa fa fa fa fa fa fa
  0x0c107fff8050: fa fa fa fa fa fa fa fa fa fa fa fa fa fa fa fa
  0x0c107fff8060: fa fa fa fa fa fa fa fa fa fa fa fa fa fa fa fa
Shadow byte legend (one shadow byte represents 8 application bytes):
  Addressable:           00
  Partially addressable: 01 02 03 04 05 06 07 
  Heap left redzone:       fa
  Freed heap region:       fd
  Stack left redzone:      f1
  Stack mid redzone:       f2
  Stack right redzone:     f3
  Stack after return:      f5
  Stack use after scope:   f8
  Global redzone:          f9
  Global init order:       f6
  Poisoned by user:        f7
  Container overflow:      fc
  Array cookie:            ac
  Intra object redzone:    bb
  ASan internal:           fe
  Left alloca redzone:     ca
  Right alloca redzone:    cb
==7==ABORTING
