Unable to find image 'n132/arvo:63086-vul' locally
63086-vul: Pulling from n132/arvo
7608715873ec: Already exists
7a6fb64bbddc: Already exists
40cb9ed18c8e: Already exists
1e1f8e7cd29d: Already exists
c6b815875d06: Already exists
47159b548a93: Already exists
037d1a3ff5d1: Already exists
0e0bbcf6a384: Already exists
0319480abea7: Already exists
367068d13bc6: Already exists
c8d7cfbaa190: Already exists
c4d4823cab8a: Already exists
60da9451a13c: Already exists
d66a22fb8853: Already exists
18588d234dd3: Already exists
d66d47d04176: Already exists
bdc278742aba: Already exists
66c95331b0ec: Already exists
ac59a9edd0e7: Already exists
6343a3667c5d: Already exists
3e572c4768ff: Already exists
cd8af4ec1e16: Already exists
108e28d2c1fb: Already exists
09cdd25ca2bd: Already exists
e2a1acfa12f8: Already exists
a80b6ffa30b4: Already exists
227a7ada6d70: Already exists
60f79a13ad8e: Already exists
97c538113066: Already exists
8e13f51e6611: Already exists
e72367dab55b: Pulling fs layer
99c9712e8fb6: Pulling fs layer
bab610c838be: Pulling fs layer
708245c338cc: Pulling fs layer
3ba06bf5a955: Pulling fs layer
0969d3a10227: Pulling fs layer
4f4fb700ef54: Pulling fs layer
811a91835c9f: Pulling fs layer
889ca0421353: Pulling fs layer
b97eff765e74: Pulling fs layer
3ba06bf5a955: Waiting
708245c338cc: Waiting
0969d3a10227: Waiting
4f4fb700ef54: Waiting
811a91835c9f: Waiting
889ca0421353: Waiting
b97eff765e74: Waiting
99c9712e8fb6: Verifying Checksum
99c9712e8fb6: Download complete
708245c338cc: Verifying Checksum
708245c338cc: Download complete
bab610c838be: Verifying Checksum
bab610c838be: Download complete
e72367dab55b: Verifying Checksum
e72367dab55b: Download complete
4f4fb700ef54: Verifying Checksum
4f4fb700ef54: Download complete
0969d3a10227: Verifying Checksum
0969d3a10227: Download complete
3ba06bf5a955: Verifying Checksum
3ba06bf5a955: Download complete
811a91835c9f: Verifying Checksum
811a91835c9f: Download complete
b97eff765e74: Verifying Checksum
b97eff765e74: Download complete
889ca0421353: Verifying Checksum
889ca0421353: Download complete
e72367dab55b: Pull complete
99c9712e8fb6: Pull complete
bab610c838be: Pull complete
708245c338cc: Pull complete
3ba06bf5a955: Pull complete
0969d3a10227: Pull complete
4f4fb700ef54: Pull complete
811a91835c9f: Pull complete
889ca0421353: Pull complete
b97eff765e74: Pull complete
Digest: sha256:a745d24fdd761e50c0d18bfba208846eae5edd1364b7badb8df285227c46cec3
Status: Downloaded newer image for n132/arvo:63086-vul
Running LLVMFuzzerInitialize ...
continue...
=================================================================
==7==ERROR: AddressSanitizer: heap-buffer-overflow on address 0x602000000134 at pc 0x0000005607dc bp 0x7ffd832efb20 sp 0x7ffd832efb18
WRITE of size 1 at 0x602000000134 thread T0
SCARINESS: 31 (1-byte-write-heap-buffer-overflow)
    #0 0x5607db in xmlCopyCharMultiByte /src/libxml2/parserInternals.c:1095:12
    #1 0x510986 in xmlParseCommentComplex /src/libxml2/parser.c:4964:2
    #2 0x50faca in xmlParseComment /src/libxml2/parser.c:5189:5
    #3 0x52eb05 in xmlParseContentInternal /src/libxml2/parser.c:10261:6
    #4 0x526e65 in xmlParseContent /src/libxml2/parser.c:10312:5
    #5 0x526e65 in xmlParseBalancedChunkMemoryInternal /src/libxml2/parser.c:13074:5
    #6 0x523ade in xmlParseReference /src/libxml2/parser.c:7357:12
    #7 0x52e712 in xmlParseContentInternal /src/libxml2/parser.c:10284:6
    #8 0x52f1a2 in xmlParseElement /src/libxml2/parser.c:10346:5
    #9 0x5358d9 in xmlParseDocument /src/libxml2/parser.c:11127:2
    #10 0x54c1a4 in xmlDoRead /src/libxml2/parser.c:14773:5
    #11 0x54c4b9 in xmlReadMemory /src/libxml2/parser.c:14859:13
    #12 0x4dcf89 in LLVMFuzzerTestOneInput /src/libxml2/fuzz/xpath.c:37:11
    #13 0x4df40d in ExecuteFilesOnyByOne /src/aflplusplus/utils/aflpp_driver/aflpp_driver.c:255:7
    #14 0x4df218 in LLVMFuzzerRunDriver /src/aflplusplus/utils/aflpp_driver/aflpp_driver.c
    #15 0x4dedd8 in main /src/aflplusplus/utils/aflpp_driver/aflpp_driver.c:300:10
    #16 0x7e34c7db9082 in __libc_start_main (/lib/x86_64-linux-gnu/libc.so.6+0x24082) (BuildId: 87b331c034a6458c64ce09c03939e947212e18ce)
    #17 0x41e5ad in _start (/out/xpath+0x41e5ad)

DEDUP_TOKEN: xmlCopyCharMultiByte--xmlParseCommentComplex--xmlParseComment
0x602000000134 is located 0 bytes to the right of 4-byte region [0x602000000130,0x602000000134)
allocated by thread T0 here:
    #0 0x49fdec in __interceptor_realloc /src/llvm-project/compiler-rt/lib/asan/asan_malloc_linux.cpp:85:3
    #1 0x4dd2e8 in xmlFuzzRealloc /src/libxml2/fuzz/fuzz.c:99:12
    #2 0x510821 in xmlParseCommentComplex /src/libxml2/parser.c:4955:28
    #3 0x50faca in xmlParseComment /src/libxml2/parser.c:5189:5
    #4 0x52eb05 in xmlParseContentInternal /src/libxml2/parser.c:10261:6
    #5 0x526e65 in xmlParseContent /src/libxml2/parser.c:10312:5
    #6 0x526e65 in xmlParseBalancedChunkMemoryInternal /src/libxml2/parser.c:13074:5
    #7 0x523ade in xmlParseReference /src/libxml2/parser.c:7357:12
    #8 0x52e712 in xmlParseContentInternal /src/libxml2/parser.c:10284:6
    #9 0x52f1a2 in xmlParseElement /src/libxml2/parser.c:10346:5
    #10 0x5358d9 in xmlParseDocument /src/libxml2/parser.c:11127:2
    #11 0x54c1a4 in xmlDoRead /src/libxml2/parser.c:14773:5
    #12 0x54c4b9 in xmlReadMemory /src/libxml2/parser.c:14859:13
    #13 0x4dcf89 in LLVMFuzzerTestOneInput /src/libxml2/fuzz/xpath.c:37:11
    #14 0x4df40d in ExecuteFilesOnyByOne /src/aflplusplus/utils/aflpp_driver/aflpp_driver.c:255:7

DEDUP_TOKEN: __interceptor_realloc--xmlFuzzRealloc--xmlParseCommentComplex
SUMMARY: AddressSanitizer: heap-buffer-overflow /src/libxml2/parserInternals.c:1095:12 in xmlCopyCharMultiByte
Shadow bytes around the buggy address:
  0x0c047fff7fd0: 00 00 00 00 00 00 00 00 00 00 00 00 00 00 00 00
  0x0c047fff7fe0: 00 00 00 00 00 00 00 00 00 00 00 00 00 00 00 00
  0x0c047fff7ff0: 00 00 00 00 00 00 00 00 00 00 00 00 00 00 00 00
  0x0c047fff8000: fa fa 00 00 fa fa 04 fa fa fa 04 fa fa fa 02 fa
  0x0c047fff8010: fa fa 00 06 fa fa 00 fa fa fa fd fa fa fa 02 fa
=>0x0c047fff8020: fa fa 02 fa fa fa[04]fa fa fa fa fa fa fa fa fa
  0x0c047fff8030: fa fa fa fa fa fa fa fa fa fa fa fa fa fa fa fa
  0x0c047fff8040: fa fa fa fa fa fa fa fa fa fa fa fa fa fa fa fa
  0x0c047fff8050: fa fa fa fa fa fa fa fa fa fa fa fa fa fa fa fa
  0x0c047fff8060: fa fa fa fa fa fa fa fa fa fa fa fa fa fa fa fa
  0x0c047fff8070: fa fa fa fa fa fa fa fa fa fa fa fa fa fa fa fa
Shadow byte legend (one shadow byte represents 8 application bytes):
  Addressable:           00
  Partially addressable: 01 02 03 04 05 06 07 
  Heap left redzone:       fa
  Freed heap region:       fd
  Stack left redzone:      f1
  Stack mid redzone:       f2
  Stack right redzone:     f3
  Stack after return:      f5
  Stack use after scope:   f8
  Global redzone:          f9
  Global init order:       f6
  Poisoned by user:        f7
  Container overflow:      fc
  Array cookie:            ac
  Intra object redzone:    bb
  ASan internal:           fe
  Left alloca redzone:     ca
  Right alloca redzone:    cb
==7==ABORTING
