Unable to find image 'n132/arvo:63082-vul' locally
63082-vul: Pulling from n132/arvo
7608715873ec: Already exists
7a6fb64bbddc: Pulling fs layer
40cb9ed18c8e: Pulling fs layer
1e1f8e7cd29d: Pulling fs layer
c6b815875d06: Pulling fs layer
47159b548a93: Pulling fs layer
037d1a3ff5d1: Pulling fs layer
0e0bbcf6a384: Pulling fs layer
0319480abea7: Pulling fs layer
367068d13bc6: Pulling fs layer
c8d7cfbaa190: Pulling fs layer
c4d4823cab8a: Pulling fs layer
60da9451a13c: Pulling fs layer
d66a22fb8853: Pulling fs layer
18588d234dd3: Pulling fs layer
d66d47d04176: Pulling fs layer
bdc278742aba: Pulling fs layer
66c95331b0ec: Pulling fs layer
ac59a9edd0e7: Pulling fs layer
6343a3667c5d: Pulling fs layer
3e572c4768ff: Pulling fs layer
cd8af4ec1e16: Pulling fs layer
c6b815875d06: Waiting
108e28d2c1fb: Pulling fs layer
09cdd25ca2bd: Pulling fs layer
47159b548a93: Waiting
037d1a3ff5d1: Waiting
0e0bbcf6a384: Waiting
0319480abea7: Waiting
e2a1acfa12f8: Pulling fs layer
c4d4823cab8a: Waiting
367068d13bc6: Waiting
a80b6ffa30b4: Pulling fs layer
c8d7cfbaa190: Waiting
227a7ada6d70: Pulling fs layer
60f79a13ad8e: Pulling fs layer
60da9451a13c: Waiting
97c538113066: Pulling fs layer
8e13f51e6611: Pulling fs layer
d66a22fb8853: Waiting
c24031784520: Pulling fs layer
916d8ad7e0aa: Pulling fs layer
18588d234dd3: Waiting
c6156154c2ca: Pulling fs layer
d66d47d04176: Waiting
66c95331b0ec: Waiting
009a362401fe: Pulling fs layer
bdc278742aba: Waiting
032b2c79839d: Pulling fs layer
ac59a9edd0e7: Waiting
337621fbb1c4: Pulling fs layer
606eeaa42598: Pulling fs layer
2440539a288b: Pulling fs layer
09cdd25ca2bd: Waiting
e2a1acfa12f8: Waiting
4f4fb700ef54: Pulling fs layer
a80b6ffa30b4: Waiting
3f285d1e2e24: Pulling fs layer
108e28d2c1fb: Waiting
227a7ada6d70: Waiting
60f79a13ad8e: Waiting
f61b0f28aef0: Pulling fs layer
8e13f51e6611: Waiting
6343a3667c5d: Waiting
97c538113066: Waiting
4efef49f2e1c: Pulling fs layer
c24031784520: Waiting
009a362401fe: Waiting
c6156154c2ca: Waiting
916d8ad7e0aa: Waiting
3e572c4768ff: Waiting
2440539a288b: Waiting
cd8af4ec1e16: Waiting
606eeaa42598: Waiting
4f4fb700ef54: Waiting
032b2c79839d: Waiting
4efef49f2e1c: Waiting
3f285d1e2e24: Waiting
337621fbb1c4: Waiting
f61b0f28aef0: Waiting
40cb9ed18c8e: Download complete
1e1f8e7cd29d: Download complete
7a6fb64bbddc: Verifying Checksum
7a6fb64bbddc: Download complete
47159b548a93: Download complete
c6b815875d06: Verifying Checksum
c6b815875d06: Download complete
0e0bbcf6a384: Verifying Checksum
0e0bbcf6a384: Download complete
0319480abea7: Verifying Checksum
0319480abea7: Download complete
7a6fb64bbddc: Pull complete
40cb9ed18c8e: Pull complete
c8d7cfbaa190: Verifying Checksum
c8d7cfbaa190: Download complete
1e1f8e7cd29d: Pull complete
c6b815875d06: Pull complete
47159b548a93: Pull complete
c4d4823cab8a: Verifying Checksum
c4d4823cab8a: Download complete
037d1a3ff5d1: Download complete
60da9451a13c: Verifying Checksum
60da9451a13c: Download complete
d66a22fb8853: Verifying Checksum
d66a22fb8853: Download complete
367068d13bc6: Verifying Checksum
367068d13bc6: Download complete
18588d234dd3: Verifying Checksum
18588d234dd3: Download complete
bdc278742aba: Verifying Checksum
bdc278742aba: Download complete
66c95331b0ec: Verifying Checksum
66c95331b0ec: Download complete
d66d47d04176: Verifying Checksum
d66d47d04176: Download complete
ac59a9edd0e7: Verifying Checksum
ac59a9edd0e7: Download complete
6343a3667c5d: Download complete
3e572c4768ff: Download complete
09cdd25ca2bd: Verifying Checksum
09cdd25ca2bd: Download complete
108e28d2c1fb: Verifying Checksum
108e28d2c1fb: Download complete
cd8af4ec1e16: Verifying Checksum
cd8af4ec1e16: Download complete
e2a1acfa12f8: Verifying Checksum
e2a1acfa12f8: Download complete
227a7ada6d70: Verifying Checksum
227a7ada6d70: Download complete
a80b6ffa30b4: Download complete
60f79a13ad8e: Verifying Checksum
60f79a13ad8e: Download complete
037d1a3ff5d1: Pull complete
0e0bbcf6a384: Pull complete
0319480abea7: Pull complete
8e13f51e6611: Verifying Checksum
8e13f51e6611: Download complete
97c538113066: Download complete
c6156154c2ca: Verifying Checksum
c6156154c2ca: Download complete
916d8ad7e0aa: Verifying Checksum
916d8ad7e0aa: Download complete
c24031784520: Verifying Checksum
c24031784520: Download complete
009a362401fe: Verifying Checksum
009a362401fe: Download complete
337621fbb1c4: Verifying Checksum
337621fbb1c4: Download complete
367068d13bc6: Pull complete
2440539a288b: Download complete
606eeaa42598: Verifying Checksum
606eeaa42598: Download complete
032b2c79839d: Verifying Checksum
032b2c79839d: Download complete
4f4fb700ef54: Download complete
f61b0f28aef0: Download complete
3f285d1e2e24: Verifying Checksum
3f285d1e2e24: Download complete
4efef49f2e1c: Verifying Checksum
4efef49f2e1c: Download complete
c8d7cfbaa190: Pull complete
c4d4823cab8a: Pull complete
60da9451a13c: Pull complete
d66a22fb8853: Pull complete
18588d234dd3: Pull complete
d66d47d04176: Pull complete
bdc278742aba: Pull complete
66c95331b0ec: Pull complete
ac59a9edd0e7: Pull complete
6343a3667c5d: Pull complete
3e572c4768ff: Pull complete
cd8af4ec1e16: Pull complete
108e28d2c1fb: Pull complete
09cdd25ca2bd: Pull complete
e2a1acfa12f8: Pull complete
a80b6ffa30b4: Pull complete
227a7ada6d70: Pull complete
60f79a13ad8e: Pull complete
97c538113066: Pull complete
8e13f51e6611: Pull complete
c24031784520: Pull complete
916d8ad7e0aa: Pull complete
c6156154c2ca: Pull complete
009a362401fe: Pull complete
032b2c79839d: Pull complete
337621fbb1c4: Pull complete
606eeaa42598: Pull complete
2440539a288b: Pull complete
4f4fb700ef54: Pull complete
3f285d1e2e24: Pull complete
f61b0f28aef0: Pull complete
4efef49f2e1c: Pull complete
Digest: sha256:5432fe95fbccb122b9ef986fb0912bcbebacfa4f489ac04e117fdde84691a746
Status: Downloaded newer image for n132/arvo:63082-vul
Accepting input from '/tmp/poc'
Usage for fuzzing: honggfuzz -P [flags] -- /out/xslt
=================================================================
==7==ERROR: AddressSanitizer: heap-buffer-overflow on address 0x602000000c94 at pc 0x0000005c4bb7 bp 0x7ffecb14afb0 sp 0x7ffecb14afa8
WRITE of size 1 at 0x602000000c94 thread T0
SCARINESS: 31 (1-byte-write-heap-buffer-overflow)
    #0 0x5c4bb6 in xmlParseCommentComplex /src/libxml2/parser.c:4981:14
    #1 0x5c347b in xmlParseComment /src/libxml2/parser.c:5189:5
    #2 0x5eccf2 in xmlParseMisc /src/libxml2/parser.c:11001:6
    #3 0x5ed4cb in xmlParseDocument /src/libxml2/parser.c:11082:5
    #4 0x5f6fdd in xmlDoRead /src/libxml2/parser.c:14773:5
    #5 0x5f722c in xmlReadMemory /src/libxml2/parser.c:14859:13
    #6 0x4de9ee in xsltFuzzXslt /src/libxslt/tests/fuzz/fuzz.c:284:11
    #7 0x4dd0b1 in LLVMFuzzerTestOneInput /src/libxslt/tests/fuzz/xslt.c:18:23
    #8 0x4e02fb in main (/out/xslt+0x4e02fb)
    #9 0x7a00fc7a5082 in __libc_start_main (/lib/x86_64-linux-gnu/libc.so.6+0x24082) (BuildId: 87b331c034a6458c64ce09c03939e947212e18ce)
    #10 0x41e7fd in _start (/out/xslt+0x41e7fd)

DEDUP_TOKEN: xmlParseCommentComplex--xmlParseComment--xmlParseMisc
0x602000000c94 is located 0 bytes to the right of 4-byte region [0x602000000c90,0x602000000c94)
allocated by thread T0 here:
    #0 0x4a003c in __interceptor_realloc /src/llvm-project/compiler-rt/lib/asan/asan_malloc_linux.cpp:85:3
    #1 0x4dfa85 in xmlFuzzRealloc /src/libxslt/tests/fuzz/fuzz.c:437:12
    #2 0x5c4256 in xmlParseCommentComplex /src/libxml2/parser.c:4955:28
    #3 0x5c347b in xmlParseComment /src/libxml2/parser.c:5189:5
    #4 0x5eccf2 in xmlParseMisc /src/libxml2/parser.c:11001:6
    #5 0x5ed4cb in xmlParseDocument /src/libxml2/parser.c:11082:5
    #6 0x5f6fdd in xmlDoRead /src/libxml2/parser.c:14773:5
    #7 0x5f722c in xmlReadMemory /src/libxml2/parser.c:14859:13
    #8 0x4de9ee in xsltFuzzXslt /src/libxslt/tests/fuzz/fuzz.c:284:11
    #9 0x4dd0b1 in LLVMFuzzerTestOneInput /src/libxslt/tests/fuzz/xslt.c:18:23
    #10 0x4e02fb in main (/out/xslt+0x4e02fb)

DEDUP_TOKEN: __interceptor_realloc--xmlFuzzRealloc--xmlParseCommentComplex
SUMMARY: AddressSanitizer: heap-buffer-overflow /src/libxml2/parser.c:4981:14 in xmlParseCommentComplex
Shadow bytes around the buggy address:
  0x0c047fff8140: fa fa 00 01 fa fa 00 04 fa fa 00 01 fa fa 00 01
  0x0c047fff8150: fa fa 04 fa fa fa 00 07 fa fa 00 00 fa fa 01 fa
  0x0c047fff8160: fa fa 00 00 fa fa 02 fa fa fa 00 00 fa fa 02 fa
  0x0c047fff8170: fa fa 04 fa fa fa 04 fa fa fa fd fa fa fa fd fa
  0x0c047fff8180: fa fa 02 fa fa fa 02 fa fa fa 02 fa fa fa 02 fa
=>0x0c047fff8190: fa fa[04]fa fa fa fa fa fa fa fa fa fa fa fa fa
  0x0c047fff81a0: fa fa fa fa fa fa fa fa fa fa fa fa fa fa fa fa
  0x0c047fff81b0: fa fa fa fa fa fa fa fa fa fa fa fa fa fa fa fa
  0x0c047fff81c0: fa fa fa fa fa fa fa fa fa fa fa fa fa fa fa fa
  0x0c047fff81d0: fa fa fa fa fa fa fa fa fa fa fa fa fa fa fa fa
  0x0c047fff81e0: fa fa fa fa fa fa fa fa fa fa fa fa fa fa fa fa
Shadow byte legend (one shadow byte represents 8 application bytes):
  Addressable:           00
  Partially addressable: 01 02 03 04 05 06 07 
  Heap left redzone:       fa
  Freed heap region:       fd
  Stack left redzone:      f1
  Stack mid redzone:       f2
  Stack right redzone:     f3
  Stack after return:      f5
  Stack use after scope:   f8
  Global redzone:          f9
  Global init order:       f6
  Poisoned by user:        f7
  Container overflow:      fc
  Array cookie:            ac
  Intra object redzone:    bb
  ASan internal:           fe
  Left alloca redzone:     ca
  Right alloca redzone:    cb
==7==ABORTING
