Accepting input from '/tmp/poc'
Usage for fuzzing: honggfuzz -P [flags] -- /out/xslt
=================================================================
==13==ERROR: AddressSanitizer: heap-buffer-overflow on address 0x602000000c94 at pc 0x0000005c4bb7 bp 0x7ffd067fde30 sp 0x7ffd067fde28
WRITE of size 1 at 0x602000000c94 thread T0
SCARINESS: 31 (1-byte-write-heap-buffer-overflow)
    #0 0x5c4bb6 in xmlParseCommentComplex /src/libxml2/parser.c:4981:14
    #1 0x5c347b in xmlParseComment /src/libxml2/parser.c:5189:5
    #2 0x5eccf2 in xmlParseMisc /src/libxml2/parser.c:11001:6
    #3 0x5ed4cb in xmlParseDocument /src/libxml2/parser.c:11082:5
    #4 0x5f6fdd in xmlDoRead /src/libxml2/parser.c:14773:5
    #5 0x5f722c in xmlReadMemory /src/libxml2/parser.c:14859:13
    #6 0x4de9ee in xsltFuzzXslt /src/libxslt/tests/fuzz/fuzz.c:284:11
    #7 0x4dd0b1 in LLVMFuzzerTestOneInput /src/libxslt/tests/fuzz/xslt.c:18:23
    #8 0x4e02fb in main (/out/xslt+0x4e02fb)
    #9 0x7b655086d082 in __libc_start_main (/lib/x86_64-linux-gnu/libc.so.6+0x24082) (BuildId: 87b331c034a6458c64ce09c03939e947212e18ce)
    #10 0x41e7fd in _start (/out/xslt+0x41e7fd)

DEDUP_TOKEN: xmlParseCommentComplex--xmlParseComment--xmlParseMisc
0x602000000c94 is located 0 bytes to the right of 4-byte region [0x602000000c90,0x602000000c94)
allocated by thread T0 here:
    #0 0x4a003c in __interceptor_realloc /src/llvm-project/compiler-rt/lib/asan/asan_malloc_linux.cpp:85:3
    #1 0x4dfa85 in xmlFuzzRealloc /src/libxslt/tests/fuzz/fuzz.c:437:12
    #2 0x5c4256 in xmlParseCommentComplex /src/libxml2/parser.c:4955:28
    #3 0x5c347b in xmlParseComment /src/libxml2/parser.c:5189:5
    #4 0x5eccf2 in xmlParseMisc /src/libxml2/parser.c:11001:6
    #5 0x5ed4cb in xmlParseDocument /src/libxml2/parser.c:11082:5
    #6 0x5f6fdd in xmlDoRead /src/libxml2/parser.c:14773:5
    #7 0x5f722c in xmlReadMemory /src/libxml2/parser.c:14859:13
    #8 0x4de9ee in xsltFuzzXslt /src/libxslt/tests/fuzz/fuzz.c:284:11
    #9 0x4dd0b1 in LLVMFuzzerTestOneInput /src/libxslt/tests/fuzz/xslt.c:18:23
    #10 0x4e02fb in main (/out/xslt+0x4e02fb)

DEDUP_TOKEN: __interceptor_realloc--xmlFuzzRealloc--xmlParseCommentComplex
SUMMARY: AddressSanitizer: heap-buffer-overflow /src/libxml2/parser.c:4981:14 in xmlParseCommentComplex
Shadow bytes around the buggy address:
  0x0c047fff8140: fa fa 00 01 fa fa 00 04 fa fa 00 01 fa fa 00 01
  0x0c047fff8150: fa fa 04 fa fa fa 00 07 fa fa 00 00 fa fa 01 fa
  0x0c047fff8160: fa fa 00 00 fa fa 02 fa fa fa 00 00 fa fa 02 fa
  0x0c047fff8170: fa fa 04 fa fa fa 04 fa fa fa fd fa fa fa fd fa
  0x0c047fff8180: fa fa 02 fa fa fa 02 fa fa fa 02 fa fa fa 02 fa
=>0x0c047fff8190: fa fa[04]fa fa fa fa fa fa fa fa fa fa fa fa fa
  0x0c047fff81a0: fa fa fa fa fa fa fa fa fa fa fa fa fa fa fa fa
  0x0c047fff81b0: fa fa fa fa fa fa fa fa fa fa fa fa fa fa fa fa
  0x0c047fff81c0: fa fa fa fa fa fa fa fa fa fa fa fa fa fa fa fa
  0x0c047fff81d0: fa fa fa fa fa fa fa fa fa fa fa fa fa fa fa fa
  0x0c047fff81e0: fa fa fa fa fa fa fa fa fa fa fa fa fa fa fa fa
Shadow byte legend (one shadow byte represents 8 application bytes):
  Addressable:           00
  Partially addressable: 01 02 03 04 05 06 07
  Heap left redzone:       fa
  Freed heap region:       fd
  Stack left redzone:      f1
  Stack mid redzone:       f2
  Stack right redzone:     f3
  Stack after return:      f5
  Stack use after scope:   f8
  Global redzone:          f9
  Global init order:       f6
  Poisoned by user:        f7
  Container overflow:      fc
  Array cookie:            ac
  Intra object redzone:    bb
  ASan internal:           fe
  Left alloca redzone:     ca
  Right alloca redzone:    cb
==13==ABORTING