Unable to find image 'n132/arvo:63090-vul' locally
63090-vul: Pulling from n132/arvo
7608715873ec: Already exists
7a6fb64bbddc: Already exists
40cb9ed18c8e: Already exists
1e1f8e7cd29d: Already exists
c6b815875d06: Already exists
47159b548a93: Already exists
037d1a3ff5d1: Already exists
0e0bbcf6a384: Already exists
0319480abea7: Already exists
367068d13bc6: Already exists
c8d7cfbaa190: Already exists
c4d4823cab8a: Already exists
60da9451a13c: Already exists
d66a22fb8853: Already exists
18588d234dd3: Already exists
d66d47d04176: Already exists
bdc278742aba: Already exists
66c95331b0ec: Already exists
ac59a9edd0e7: Already exists
6343a3667c5d: Already exists
3e572c4768ff: Already exists
cd8af4ec1e16: Already exists
108e28d2c1fb: Already exists
09cdd25ca2bd: Already exists
e2a1acfa12f8: Already exists
a80b6ffa30b4: Already exists
227a7ada6d70: Already exists
60f79a13ad8e: Already exists
97c538113066: Already exists
8e13f51e6611: Already exists
e876ac7573a9: Pulling fs layer
83b348a6dbb5: Pulling fs layer
eb87c6c928de: Pulling fs layer
d759a696d960: Pulling fs layer
fd234047e6b5: Pulling fs layer
917a6d31674e: Pulling fs layer
6bb8622abcf0: Pulling fs layer
feeca2625e5d: Pulling fs layer
93b8dea35dba: Pulling fs layer
398e759a5f25: Pulling fs layer
54b1085ba91c: Pulling fs layer
38173d66fa28: Pulling fs layer
57501ec53556: Pulling fs layer
5b6d65684204: Pulling fs layer
08f14983b5b2: Pulling fs layer
d25ac93dbab2: Pulling fs layer
72fdf71f89eb: Pulling fs layer
e259b712e9cf: Pulling fs layer
0369c26d6f04: Pulling fs layer
b9a9afbec525: Pulling fs layer
2277b6d01d3b: Pulling fs layer
ff91b0d2a846: Pulling fs layer
6d4393fac856: Pulling fs layer
d759a696d960: Waiting
08f14983b5b2: Waiting
917a6d31674e: Waiting
d25ac93dbab2: Waiting
72fdf71f89eb: Waiting
6bb8622abcf0: Waiting
e259b712e9cf: Waiting
0369c26d6f04: Waiting
b9a9afbec525: Waiting
2277b6d01d3b: Waiting
fd234047e6b5: Waiting
ff91b0d2a846: Waiting
6d4393fac856: Waiting
feeca2625e5d: Waiting
93b8dea35dba: Waiting
398e759a5f25: Waiting
54b1085ba91c: Waiting
38173d66fa28: Waiting
57501ec53556: Waiting
5b6d65684204: Waiting
83b348a6dbb5: Download complete
d759a696d960: Verifying Checksum
d759a696d960: Download complete
e876ac7573a9: Verifying Checksum
e876ac7573a9: Download complete
917a6d31674e: Download complete
6bb8622abcf0: Verifying Checksum
6bb8622abcf0: Download complete
e876ac7573a9: Pull complete
83b348a6dbb5: Pull complete
eb87c6c928de: Verifying Checksum
eb87c6c928de: Download complete
93b8dea35dba: Verifying Checksum
93b8dea35dba: Download complete
fd234047e6b5: Verifying Checksum
fd234047e6b5: Download complete
398e759a5f25: Verifying Checksum
398e759a5f25: Download complete
54b1085ba91c: Download complete
feeca2625e5d: Verifying Checksum
feeca2625e5d: Download complete
38173d66fa28: Verifying Checksum
38173d66fa28: Download complete
08f14983b5b2: Verifying Checksum
08f14983b5b2: Download complete
5b6d65684204: Verifying Checksum
5b6d65684204: Download complete
72fdf71f89eb: Verifying Checksum
72fdf71f89eb: Download complete
d25ac93dbab2: Verifying Checksum
d25ac93dbab2: Download complete
e259b712e9cf: Verifying Checksum
e259b712e9cf: Download complete
57501ec53556: Verifying Checksum
57501ec53556: Download complete
0369c26d6f04: Download complete
b9a9afbec525: Verifying Checksum
b9a9afbec525: Download complete
2277b6d01d3b: Verifying Checksum
2277b6d01d3b: Download complete
6d4393fac856: Download complete
eb87c6c928de: Pull complete
d759a696d960: Pull complete
fd234047e6b5: Pull complete
917a6d31674e: Pull complete
6bb8622abcf0: Pull complete
feeca2625e5d: Pull complete
93b8dea35dba: Pull complete
398e759a5f25: Pull complete
54b1085ba91c: Pull complete
38173d66fa28: Pull complete
57501ec53556: Pull complete
5b6d65684204: Pull complete
08f14983b5b2: Pull complete
d25ac93dbab2: Pull complete
72fdf71f89eb: Pull complete
e259b712e9cf: Pull complete
0369c26d6f04: Pull complete
b9a9afbec525: Pull complete
2277b6d01d3b: Pull complete
ff91b0d2a846: Verifying Checksum
ff91b0d2a846: Download complete
ff91b0d2a846: Pull complete
6d4393fac856: Pull complete
Digest: sha256:0b4e925d4c9d87d3a383eb2e77d5d50ea5eac50e4b0f12920bf594bcc8f2c4fd
Status: Downloaded newer image for n132/arvo:63090-vul
INFO: Running with entropic power schedule (0xFF, 100).
INFO: Seed: 3269394247
INFO: Loaded 1 modules   (105487 inline 8-bit counters): 105487 [0x11c0a80, 0x11da68f), 
INFO: Loaded 1 PC tables (105487 PCs): 105487 [0xeaae30,0x1046f20), 
/out/ffmpeg_dem_DASH_fuzzer: Running 1 inputs 1 time(s) each.
Running: /tmp/poc
:1: parser error : Double hyphen within comment: <!-- 
<!-- --󾿾  
     ^
=================================================================
==7==ERROR: AddressSanitizer: heap-buffer-overflow on address 0x602000000274 at pc 0x000000a62ef7 bp 0x7ffc2e7dfad0 sp 0x7ffc2e7dfac8
WRITE of size 1 at 0x602000000274 thread T0
SCARINESS: 31 (1-byte-write-heap-buffer-overflow)
    #0 0xa62ef6 in xmlCopyCharMultiByte /src/libxml2/parserInternals.c:1095:12
    #1 0xa138d8 in xmlParseCommentComplex /src/libxml2/parser.c:4964:2
    #2 0xa12483 in xmlParseComment /src/libxml2/parser.c:5189:5
    #3 0xa3ab09 in xmlParseMisc /src/libxml2/parser.c:11001:6
    #4 0xa3b242 in xmlParseDocument /src/libxml2/parser.c:11082:5
    #5 0xa4fca7 in xmlDoRead /src/libxml2/parser.c:14773:5
    #6 0xa4fee2 in xmlReadMemory /src/libxml2/parser.c:14859:13
    #7 0x5f8ba3 in parse_manifest /src/ffmpeg/libavformat/dashdec.c:1246:15
    #8 0x5f506f in dash_read_header /src/ffmpeg/libavformat/dashdec.c:2028:16
    #9 0x60818b in avformat_open_input /src/ffmpeg/libavformat/demux.c:316:20
    #10 0x577f91 in LLVMFuzzerTestOneInput /src/ffmpeg/tools/target_dem_fuzzer.c:201:11
    #11 0x4490f3 in fuzzer::Fuzzer::ExecuteCallback(unsigned char const*, unsigned long) /src/llvm-project/compiler-rt/lib/fuzzer/FuzzerLoop.cpp:611:15
    #12 0x434852 in fuzzer::RunOneTest(fuzzer::Fuzzer*, char const*, unsigned long) /src/llvm-project/compiler-rt/lib/fuzzer/FuzzerDriver.cpp:324:6
    #13 0x43a0fc in fuzzer::FuzzerDriver(int*, char***, int (*)(unsigned char const*, unsigned long)) /src/llvm-project/compiler-rt/lib/fuzzer/FuzzerDriver.cpp:860:9
    #14 0x463632 in main /src/llvm-project/compiler-rt/lib/fuzzer/FuzzerMain.cpp:20:10
    #15 0x7ccb2443f082 in __libc_start_main (/lib/x86_64-linux-gnu/libc.so.6+0x24082) (BuildId: 87b331c034a6458c64ce09c03939e947212e18ce)
    #16 0x42aa1d in _start (/out/ffmpeg_dem_DASH_fuzzer+0x42aa1d)

DEDUP_TOKEN: xmlCopyCharMultiByte--xmlParseCommentComplex--xmlParseComment
0x602000000274 is located 0 bytes to the right of 4-byte region [0x602000000270,0x602000000274)
allocated by thread T0 here:
    #0 0x53a68c in __interceptor_realloc /src/llvm-project/compiler-rt/lib/asan/asan_malloc_linux.cpp:85:3
    #1 0xa137d6 in xmlParseCommentComplex /src/libxml2/parser.c:4955:28
    #2 0xa12483 in xmlParseComment /src/libxml2/parser.c:5189:5
    #3 0xa3ab09 in xmlParseMisc /src/libxml2/parser.c:11001:6
    #4 0xa3b242 in xmlParseDocument /src/libxml2/parser.c:11082:5
    #5 0xa4fca7 in xmlDoRead /src/libxml2/parser.c:14773:5
    #6 0xa4fee2 in xmlReadMemory /src/libxml2/parser.c:14859:13
    #7 0x5f8ba3 in parse_manifest /src/ffmpeg/libavformat/dashdec.c:1246:15
    #8 0x5f506f in dash_read_header /src/ffmpeg/libavformat/dashdec.c:2028:16
    #9 0x60818b in avformat_open_input /src/ffmpeg/libavformat/demux.c:316:20
    #10 0x577f91 in LLVMFuzzerTestOneInput /src/ffmpeg/tools/target_dem_fuzzer.c:201:11
    #11 0x4490f3 in fuzzer::Fuzzer::ExecuteCallback(unsigned char const*, unsigned long) /src/llvm-project/compiler-rt/lib/fuzzer/FuzzerLoop.cpp:611:15
    #12 0x434852 in fuzzer::RunOneTest(fuzzer::Fuzzer*, char const*, unsigned long) /src/llvm-project/compiler-rt/lib/fuzzer/FuzzerDriver.cpp:324:6
    #13 0x43a0fc in fuzzer::FuzzerDriver(int*, char***, int (*)(unsigned char const*, unsigned long)) /src/llvm-project/compiler-rt/lib/fuzzer/FuzzerDriver.cpp:860:9
    #14 0x463632 in main /src/llvm-project/compiler-rt/lib/fuzzer/FuzzerMain.cpp:20:10
    #15 0x7ccb2443f082 in __libc_start_main (/lib/x86_64-linux-gnu/libc.so.6+0x24082) (BuildId: 87b331c034a6458c64ce09c03939e947212e18ce)

DEDUP_TOKEN: __interceptor_realloc--xmlParseCommentComplex--xmlParseComment
SUMMARY: AddressSanitizer: heap-buffer-overflow /src/libxml2/parserInternals.c:1095:12 in xmlCopyCharMultiByte
Shadow bytes around the buggy address:
  0x0c047fff7ff0: 00 00 00 00 00 00 00 00 00 00 00 00 00 00 00 00
  0x0c047fff8000: fa fa 00 00 fa fa 00 fa fa fa 00 fa fa fa 00 fa
  0x0c047fff8010: fa fa 00 05 fa fa 00 05 fa fa 03 fa fa fa 01 fa
  0x0c047fff8020: fa fa 01 fa fa fa 00 00 fa fa 01 fa fa fa 04 fa
  0x0c047fff8030: fa fa 04 fa fa fa 01 fa fa fa fd fa fa fa 01 fa
=>0x0c047fff8040: fa fa 02 fa fa fa 01 fa fa fa 02 fa fa fa[04]fa
  0x0c047fff8050: fa fa fa fa fa fa fa fa fa fa fa fa fa fa fa fa
  0x0c047fff8060: fa fa fa fa fa fa fa fa fa fa fa fa fa fa fa fa
  0x0c047fff8070: fa fa fa fa fa fa fa fa fa fa fa fa fa fa fa fa
  0x0c047fff8080: fa fa fa fa fa fa fa fa fa fa fa fa fa fa fa fa
  0x0c047fff8090: fa fa fa fa fa fa fa fa fa fa fa fa fa fa fa fa
Shadow byte legend (one shadow byte represents 8 application bytes):
  Addressable:           00
  Partially addressable: 01 02 03 04 05 06 07 
  Heap left redzone:       fa
  Freed heap region:       fd
  Stack left redzone:      f1
  Stack mid redzone:       f2
  Stack right redzone:     f3
  Stack after return:      f5
  Stack use after scope:   f8
  Global redzone:          f9
  Global init order:       f6
  Poisoned by user:        f7
  Container overflow:      fc
  Array cookie:            ac
  Intra object redzone:    bb
  ASan internal:           fe
  Left alloca redzone:     ca
  Right alloca redzone:    cb
==7==ABORTING
