INFO: Running with entropic power schedule (0xFF, 100).
INFO: Seed: 2189758391
INFO: Loaded 1 modules   (413987 inline 8-bit counters): 413987 [0x57ec310, 0x5851433), 
INFO: Loaded 1 PC tables (413987 PCs): 413987 [0x5851438,0x5ea2668), 
/out/enhance_fuzzer: Running 1 inputs 1 time(s) each.
Running: /tmp/poc
09:07:56 0:0.030712  0.030u 7 pixel_cache.c/CheckImagePixelLimits/3253/Resource:
  Image pixel height limit exceeded (see -limit Height) (268500996 > 2048 "")
execvp failed, errno = 2 (No such file or directory)
Magick: "gs" "-sstdout=%stderr" "-q" "-dBATCH" "-dSAFER" "-dMaxBitmap=50000000" "-dNOPAUSE" "-sDEVICE=ppmraw" "-dTextAlphaBits=4" "-dGraphicsAlphaBits=4" "-r72x72" "-g2160x36" "-sOutputFile=/tmp/gmmxKnIz" "--" "/tmp/gm7dU9U0" "-c" "quit".
execvp failed, errno = 2 (No such file or directory)
Magick: "gs" "-sstdout=%stderr" "-q" "-dBATCH" "-dSAFER" "-dMaxBitmap=50000000" "-dNOPAUSE" "-sDEVICE=ppmraw" "-dTextAlphaBits=4" "-dGraphicsAlphaBits=4" "-r72x72" "-g2160x36" "-sOutputFile=/tmp/gmmxKnIz" "--" "/tmp/gm7dU9U0" "-c" "quit".
09:07:56 0:0.044315  0.040u 7 ps.c/ReadPSImage/393/Delegate:
  Postscript delegate failed (/tmp/gmYZ6vKp)
Magick: Postscript delegate failed (/tmp/gmYZ6vKp).
execvp failed, errno = 2 (No such file or directory)
Magick: "gs" "-sstdout=%stderr" "-q" "-dBATCH" "-dSAFER" "-dMaxBitmap=50000000" "-dNOPAUSE" "-sDEVICE=ppmraw" "-dTextAlphaBits=4" "-dGraphicsAlphaBits=4" "-r72x72" "-g990x36" "-sOutputFile=/tmp/gmXMrhie" "--" "/tmp/gm5GCnqU" "-c" "quit".
execvp failed, errno = 2 (No such file or directory)
Magick: "gs" "-sstdout=%stderr" "-q" "-dBATCH" "-dSAFER" "-dMaxBitmap=50000000" "-dNOPAUSE" "-sDEVICE=ppmraw" "-dTextAlphaBits=4" "-dGraphicsAlphaBits=4" "-r72x72" "-g990x36" "-sOutputFile=/tmp/gmXMrhie" "--" "/tmp/gm5GCnqU" "-c" "quit".
Magick: Postscript delegate failed (/tmp/gmYZ6vKp).
execvp failed, errno = 2 (No such file or directory)
Magick: "gs" "-sstdout=%stderr" "-q" "-dBATCH" "-dSAFER" "-dMaxBitmap=50000000" "-dNOPAUSE" "-sDEVICE=ppmraw" "-dTextAlphaBits=4" "-dGraphicsAlphaBits=4" "-r72x72" "-g990x36" "-sOutputFile=/tmp/gmgbMbDM" "--" "/tmp/gmzhL8q5" "-c" "quit".
execvp failed, errno = 2 (No such file or directory)
Magick: "gs" "-sstdout=%stderr" "-q" "-dBATCH" "-dSAFER" "-dMaxBitmap=50000000" "-dNOPAUSE" "-sDEVICE=ppmraw" "-dTextAlphaBits=4" "-dGraphicsAlphaBits=4" "-r72x72" "-g990x36" "-sOutputFile=/tmp/gmgbMbDM" "--" "/tmp/gmzhL8q5" "-c" "quit".
Magick: Postscript delegate failed (/tmp/gmYZ6vKp).
execvp failed, errno = 2 (No such file or directory)
Magick: "gs" "-sstdout=%stderr" "-q" "-dBATCH" "-dSAFER" "-dMaxBitmap=50000000" "-dNOPAUSE" "-sDEVICE=ppmraw" "-dTextAlphaBits=4" "-dGraphicsAlphaBits=4" "-r72x72" "-dFirstPage=1" "-dLastPage=1" "-g612x792" "-sOutputFile=/tmp/gmHGoL9k" "--" "/tmp/gmermXdK" "-c" "quit".
execvp failed, errno = 2 (No such file or directory)
Magick: "gs" "-sstdout=%stderr" "-q" "-dBATCH" "-dSAFER" "-dMaxBitmap=50000000" "-dNOPAUSE" "-sDEVICE=ppmraw" "-dTextAlphaBits=4" "-dGraphicsAlphaBits=4" "-r72x72" "-dFirstPage=1" "-dLastPage=1" "-g612x792" "-sOutputFile=/tmp/gmHGoL9k" "--" "/tmp/gmermXdK" "-c" "quit".
execvp failed, errno = 2 (No such file or directory)
Magick: "gs" "-sstdout=%stderr" "-q" "-dBATCH" "-dSAFER" "-dMaxBitmap=50000000" "-dNOPAUSE" "-sDEVICE=ppmraw" "-dTextAlphaBits=4" "-dGraphicsAlphaBits=4" "-r72x72" "-g2160x36" "-sOutputFile=/tmp/gmV1B0GU" "--" "/tmp/gmp67mUH" "-c" "quit".
execvp failed, errno = 2 (No such file or directory)
Magick: "gs" "-sstdout=%stderr" "-q" "-dBATCH" "-dSAFER" "-dMaxBitmap=50000000" "-dNOPAUSE" "-sDEVICE=ppmraw" "-dTextAlphaBits=4" "-dGraphicsAlphaBits=4" "-r72x72" "-g2160x36" "-sOutputFile=/tmp/gmV1B0GU" "--" "/tmp/gmp67mUH" "-c" "quit".
09:07:56 0:0.085604  0.060u 7 ps.c/ReadPSImage/393/Delegate:
  Postscript delegate failed (/tmp/gmOVAXPp)
Magick: Postscript delegate failed (/tmp/gmOVAXPp).
execvp failed, errno = 2 (No such file or directory)
Magick: "gs" "-sstdout=%stderr" "-q" "-dBATCH" "-dSAFER" "-dMaxBitmap=50000000" "-dNOPAUSE" "-sDEVICE=ppmraw" "-dTextAlphaBits=4" "-dGraphicsAlphaBits=4" "-r72x72" "-g990x36" "-sOutputFile=/tmp/gmy1JjEa" "--" "/tmp/gmwnxViF" "-c" "quit".
execvp failed, errno = 2 (No such file or directory)
Magick: "gs" "-sstdout=%stderr" "-q" "-dBATCH" "-dSAFER" "-dMaxBitmap=50000000" "-dNOPAUSE" "-sDEVICE=ppmraw" "-dTextAlphaBits=4" "-dGraphicsAlphaBits=4" "-r72x72" "-g990x36" "-sOutputFile=/tmp/gmy1JjEa" "--" "/tmp/gmwnxViF" "-c" "quit".
Magick: Postscript delegate failed (/tmp/gmOVAXPp).
execvp failed, errno = 2 (No such file or directory)
Magick: "gs" "-sstdout=%stderr" "-q" "-dBATCH" "-dSAFER" "-dMaxBitmap=50000000" "-dNOPAUSE" "-sDEVICE=ppmraw" "-dTextAlphaBits=4" "-dGraphicsAlphaBits=4" "-r72x72" "-g990x36" "-sOutputFile=/tmp/gmHKNFue" "--" "/tmp/gmQBKO08" "-c" "quit".
execvp failed, errno = 2 (No such file or directory)
Magick: "gs" "-sstdout=%stderr" "-q" "-dBATCH" "-dSAFER" "-dMaxBitmap=50000000" "-dNOPAUSE" "-sDEVICE=ppmraw" "-dTextAlphaBits=4" "-dGraphicsAlphaBits=4" "-r72x72" "-g990x36" "-sOutputFile=/tmp/gmHKNFue" "--" "/tmp/gmQBKO08" "-c" "quit".
Magick: Postscript delegate failed (/tmp/gmOVAXPp).
execvp failed, errno = 2 (No such file or directory)
Magick: "gs" "-sstdout=%stderr" "-q" "-dBATCH" "-dSAFER" "-dMaxBitmap=50000000" "-dNOPAUSE" "-sDEVICE=ppmraw" "-dTextAlphaBits=4" "-dGraphicsAlphaBits=4" "-r72x72" "-g2160x36" "-sOutputFile=/tmp/gm3Jbf8m" "--" "/tmp/gmyzwAZ1" "-c" "quit".
execvp failed, errno = 2 (No such file or directory)
Magick: "gs" "-sstdout=%stderr" "-q" "-dBATCH" "-dSAFER" "-dMaxBitmap=50000000" "-dNOPAUSE" "-sDEVICE=ppmraw" "-dTextAlphaBits=4" "-dGraphicsAlphaBits=4" "-r72x72" "-g2160x36" "-sOutputFile=/tmp/gm3Jbf8m" "--" "/tmp/gmyzwAZ1" "-c" "quit".
09:07:56 0:0.120741  0.070u 7 ps.c/ReadPSImage/393/Delegate:
  Postscript delegate failed (/tmp/gmwG2O7I)
Magick: Postscript delegate failed (/tmp/gmwG2O7I).
execvp failed, errno = 2 (No such file or directory)
Magick: "gs" "-sstdout=%stderr" "-q" "-dBATCH" "-dSAFER" "-dMaxBitmap=50000000" "-dNOPAUSE" "-sDEVICE=ppmraw" "-dTextAlphaBits=4" "-dGraphicsAlphaBits=4" "-r72x72" "-g990x36" "-sOutputFile=/tmp/gmJWQlLP" "--" "/tmp/gmKeqCAd" "-c" "quit".
execvp failed, errno = 2 (No such file or directory)
Magick: "gs" "-sstdout=%stderr" "-q" "-dBATCH" "-dSAFER" "-dMaxBitmap=50000000" "-dNOPAUSE" "-sDEVICE=ppmraw" "-dTextAlphaBits=4" "-dGraphicsAlphaBits=4" "-r72x72" "-g990x36" "-sOutputFile=/tmp/gmJWQlLP" "--" "/tmp/gmKeqCAd" "-c" "quit".
Magick: Postscript delegate failed (/tmp/gmwG2O7I).
execvp failed, errno = 2 (No such file or directory)
Magick: "gs" "-sstdout=%stderr" "-q" "-dBATCH" "-dSAFER" "-dMaxBitmap=50000000" "-dNOPAUSE" "-sDEVICE=ppmraw" "-dTextAlphaBits=4" "-dGraphicsAlphaBits=4" "-r72x72" "-g990x36" "-sOutputFile=/tmp/gmDcKJmw" "--" "/tmp/gmtAFYl7" "-c" "quit".
execvp failed, errno = 2 (No such file or directory)
Magick: "gs" "-sstdout=%stderr" "-q" "-dBATCH" "-dSAFER" "-dMaxBitmap=50000000" "-dNOPAUSE" "-sDEVICE=ppmraw" "-dTextAlphaBits=4" "-dGraphicsAlphaBits=4" "-r72x72" "-g990x36" "-sOutputFile=/tmp/gmDcKJmw" "--" "/tmp/gmtAFYl7" "-c" "quit".
Magick: Postscript delegate failed (/tmp/gmwG2O7I).
execvp failed, errno = 2 (No such file or directory)
Magick: "gs" "-sstdout=%stderr" "-q" "-dBATCH" "-dSAFER" "-dMaxBitmap=50000000" "-dNOPAUSE" "-sDEVICE=ppmraw" "-dTextAlphaBits=4" "-dGraphicsAlphaBits=4" "-r72x72" "-g2160x36" "-sOutputFile=/tmp/gmdONzd6" "--" "/tmp/gmV4yyvb" "-c" "quit".
execvp failed, errno = 2 (No such file or directory)
Magick: "gs" "-sstdout=%stderr" "-q" "-dBATCH" "-dSAFER" "-dMaxBitmap=50000000" "-dNOPAUSE" "-sDEVICE=ppmraw" "-dTextAlphaBits=4" "-dGraphicsAlphaBits=4" "-r72x72" "-g2160x36" "-sOutputFile=/tmp/gmdONzd6" "--" "/tmp/gmV4yyvb" "-c" "quit".
09:07:56 0:0.160551  0.090u 7 ps.c/ReadPSImage/393/Delegate:
  Postscript delegate failed (/tmp/gmuoP0dt)
Magick: Postscript delegate failed (/tmp/gmuoP0dt).
execvp failed, errno = 2 (No such file or directory)
Magick: "gs" "-sstdout=%stderr" "-q" "-dBATCH" "-dSAFER" "-dMaxBitmap=50000000" "-dNOPAUSE" "-sDEVICE=ppmraw" "-dTextAlphaBits=4" "-dGraphicsAlphaBits=4" "-r72x72" "-g990x36" "-sOutputFile=/tmp/gmbPmGRq" "--" "/tmp/gmjzDryY" "-c" "quit".
execvp failed, errno = 2 (No such file or directory)
Magick: "gs" "-sstdout=%stderr" "-q" "-dBATCH" "-dSAFER" "-dMaxBitmap=50000000" "-dNOPAUSE" "-sDEVICE=ppmraw" "-dTextAlphaBits=4" "-dGraphicsAlphaBits=4" "-r72x72" "-g990x36" "-sOutputFile=/tmp/gmbPmGRq" "--" "/tmp/gmjzDryY" "-c" "quit".
Magick: Postscript delegate failed (/tmp/gmuoP0dt).
execvp failed, errno = 2 (No such file or directory)
Magick: "gs" "-sstdout=%stderr" "-q" "-dBATCH" "-dSAFER" "-dMaxBitmap=50000000" "-dNOPAUSE" "-sDEVICE=ppmraw" "-dTextAlphaBits=4" "-dGraphicsAlphaBits=4" "-r72x72" "-g990x36" "-sOutputFile=/tmp/gmluVfuW" "--" "/tmp/gmDJxWfS" "-c" "quit".
execvp failed, errno = 2 (No such file or directory)
Magick: "gs" "-sstdout=%stderr" "-q" "-dBATCH" "-dSAFER" "-dMaxBitmap=50000000" "-dNOPAUSE" "-sDEVICE=ppmraw" "-dTextAlphaBits=4" "-dGraphicsAlphaBits=4" "-r72x72" "-g990x36" "-sOutputFile=/tmp/gmluVfuW" "--" "/tmp/gmDJxWfS" "-c" "quit".
Magick: Postscript delegate failed (/tmp/gmuoP0dt).
execvp failed, errno = 2 (No such file or directory)
Magick: "gs" "-sstdout=%stderr" "-q" "-dBATCH" "-dSAFER" "-dMaxBitmap=50000000" "-dNOPAUSE" "-sDEVICE=ppmraw" "-dTextAlphaBits=4" "-dGraphicsAlphaBits=4" "-r72x72" "-g2160x36" "-sOutputFile=/tmp/gmAxtIDK" "--" "/tmp/gmz4mKAL" "-c" "quit".
execvp failed, errno = 2 (No such file or directory)
Magick: "gs" "-sstdout=%stderr" "-q" "-dBATCH" "-dSAFER" "-dMaxBitmap=50000000" "-dNOPAUSE" "-sDEVICE=ppmraw" "-dTextAlphaBits=4" "-dGraphicsAlphaBits=4" "-r72x72" "-g2160x36" "-sOutputFile=/tmp/gmAxtIDK" "--" "/tmp/gmz4mKAL" "-c" "quit".
09:07:56 0:0.203926  0.100u 7 ps.c/ReadPSImage/393/Delegate:
  Postscript delegate failed (/tmp/gm9QO2nA)
Magick: Postscript delegate failed (/tmp/gm9QO2nA).
execvp failed, errno = 2 (No such file or directory)
Magick: "gs" "-sstdout=%stderr" "-q" "-dBATCH" "-dSAFER" "-dMaxBitmap=50000000" "-dNOPAUSE" "-sDEVICE=ppmraw" "-dTextAlphaBits=4" "-dGraphicsAlphaBits=4" "-r72x72" "-g990x36" "-sOutputFile=/tmp/gmiTK1tP" "--" "/tmp/gmj5v6ha" "-c" "quit".
execvp failed, errno = 2 (No such file or directory)
Magick: "gs" "-sstdout=%stderr" "-q" "-dBATCH" "-dSAFER" "-dMaxBitmap=50000000" "-dNOPAUSE" "-sDEVICE=ppmraw" "-dTextAlphaBits=4" "-dGraphicsAlphaBits=4" "-r72x72" "-g990x36" "-sOutputFile=/tmp/gmiTK1tP" "--" "/tmp/gmj5v6ha" "-c" "quit".
Magick: Postscript delegate failed (/tmp/gm9QO2nA).
execvp failed, errno = 2 (No such file or directory)
Magick: "gs" "-sstdout=%stderr" "-q" "-dBATCH" "-dSAFER" "-dMaxBitmap=50000000" "-dNOPAUSE" "-sDEVICE=ppmraw" "-dTextAlphaBits=4" "-dGraphicsAlphaBits=4" "-r72x72" "-g990x36" "-sOutputFile=/tmp/gmoPMP66" "--" "/tmp/gme5N1eA" "-c" "quit".
execvp failed, errno = 2 (No such file or directory)
Magick: "gs" "-sstdout=%stderr" "-q" "-dBATCH" "-dSAFER" "-dMaxBitmap=50000000" "-dNOPAUSE" "-sDEVICE=ppmraw" "-dTextAlphaBits=4" "-dGraphicsAlphaBits=4" "-r72x72" "-g990x36" "-sOutputFile=/tmp/gmoPMP66" "--" "/tmp/gme5N1eA" "-c" "quit".
Magick: Postscript delegate failed (/tmp/gm9QO2nA).
execvp failed, errno = 2 (No such file or directory)
Magick: "gs" "-sstdout=%stderr" "-q" "-dBATCH" "-dSAFER" "-dMaxBitmap=50000000" "-dNOPAUSE" "-sDEVICE=ppmraw" "-dTextAlphaBits=4" "-dGraphicsAlphaBits=4" "-r72x72" "-g2160x36" "-sOutputFile=/tmp/gm5gnwOm" "--" "/tmp/gmhPgJy0" "-c" "quit".
execvp failed, errno = 2 (No such file or directory)
Magick: "gs" "-sstdout=%stderr" "-q" "-dBATCH" "-dSAFER" "-dMaxBitmap=50000000" "-dNOPAUSE" "-sDEVICE=ppmraw" "-dTextAlphaBits=4" "-dGraphicsAlphaBits=4" "-r72x72" "-g2160x36" "-sOutputFile=/tmp/gm5gnwOm" "--" "/tmp/gmhPgJy0" "-c" "quit".
09:07:56 0:0.240997  0.120u 7 ps.c/ReadPSImage/393/Delegate:
  Postscript delegate failed (/tmp/gmdSvyKm)
Magick: Postscript delegate failed (/tmp/gmdSvyKm).
execvp failed, errno = 2 (No such file or directory)
Magick: "gs" "-sstdout=%stderr" "-q" "-dBATCH" "-dSAFER" "-dMaxBitmap=50000000" "-dNOPAUSE" "-sDEVICE=ppmraw" "-dTextAlphaBits=4" "-dGraphicsAlphaBits=4" "-r72x72" "-g990x36" "-sOutputFile=/tmp/gmY8RXr1" "--" "/tmp/gm50ppQA" "-c" "quit".
execvp failed, errno = 2 (No such file or directory)
Magick: "gs" "-sstdout=%stderr" "-q" "-dBATCH" "-dSAFER" "-dMaxBitmap=50000000" "-dNOPAUSE" "-sDEVICE=ppmraw" "-dTextAlphaBits=4" "-dGraphicsAlphaBits=4" "-r72x72" "-g990x36" "-sOutputFile=/tmp/gmY8RXr1" "--" "/tmp/gm50ppQA" "-c" "quit".
Magick: Postscript delegate failed (/tmp/gmdSvyKm).
execvp failed, errno = 2 (No such file or directory)
Magick: "gs" "-sstdout=%stderr" "-q" "-dBATCH" "-dSAFER" "-dMaxBitmap=50000000" "-dNOPAUSE" "-sDEVICE=ppmraw" "-dTextAlphaBits=4" "-dGraphicsAlphaBits=4" "-r72x72" "-g990x36" "-sOutputFile=/tmp/gm0Uspxo" "--" "/tmp/gmKjtvmY" "-c" "quit".
execvp failed, errno = 2 (No such file or directory)
Magick: "gs" "-sstdout=%stderr" "-q" "-dBATCH" "-dSAFER" "-dMaxBitmap=50000000" "-dNOPAUSE" "-sDEVICE=ppmraw" "-dTextAlphaBits=4" "-dGraphicsAlphaBits=4" "-r72x72" "-g990x36" "-sOutputFile=/tmp/gm0Uspxo" "--" "/tmp/gmKjtvmY" "-c" "quit".
Magick: Postscript delegate failed (/tmp/gmdSvyKm).
execvp failed, errno = 2 (No such file or directory)
Magick: "gs" "-sstdout=%stderr" "-q" "-dBATCH" "-dSAFER" "-dMaxBitmap=50000000" "-dNOPAUSE" "-sDEVICE=ppmraw" "-dTextAlphaBits=4" "-dGraphicsAlphaBits=4" "-r72x72" "-dFirstPage=1" "-dLastPage=1" "-g612x792" "-sOutputFile=/tmp/gmMLsoKK" "--" "/tmp/gm5xGKET" "-c" "quit".
execvp failed, errno = 2 (No such file or directory)
Magick: "gs" "-sstdout=%stderr" "-q" "-dBATCH" "-dSAFER" "-dMaxBitmap=50000000" "-dNOPAUSE" "-sDEVICE=ppmraw" "-dTextAlphaBits=4" "-dGraphicsAlphaBits=4" "-r72x72" "-dFirstPage=1" "-dLastPage=1" "-g612x792" "-sOutputFile=/tmp/gmMLsoKK" "--" "/tmp/gm5xGKET" "-c" "quit".
execvp failed, errno = 2 (No such file or directory)
Magick: "gs" "-sstdout=%stderr" "-q" "-dBATCH" "-dSAFER" "-dMaxBitmap=50000000" "-dNOPAUSE" "-sDEVICE=ppmraw" "-dTextAlphaBits=4" "-dGraphicsAlphaBits=4" "-r72x72" "-g2160x36" "-sOutputFile=/tmp/gmaAY84a" "--" "/tmp/gm3kIf85" "-c" "quit".
execvp failed, errno = 2 (No such file or directory)
Magick: "gs" "-sstdout=%stderr" "-q" "-dBATCH" "-dSAFER" "-dMaxBitmap=50000000" "-dNOPAUSE" "-sDEVICE=ppmraw" "-dTextAlphaBits=4" "-dGraphicsAlphaBits=4" "-r72x72" "-g2160x36" "-sOutputFile=/tmp/gmaAY84a" "--" "/tmp/gm3kIf85" "-c" "quit".
09:07:56 0:0.288015  0.140u 7 ps.c/ReadPSImage/393/Delegate:
  Postscript delegate failed (/tmp/gmMGjWnu)
Magick: Postscript delegate failed (/tmp/gmMGjWnu).
execvp failed, errno = 2 (No such file or directory)
Magick: "gs" "-sstdout=%stderr" "-q" "-dBATCH" "-dSAFER" "-dMaxBitmap=50000000" "-dNOPAUSE" "-sDEVICE=ppmraw" "-dTextAlphaBits=4" "-dGraphicsAlphaBits=4" "-r72x72" "-g990x36" "-sOutputFile=/tmp/gm6m4Pzw" "--" "/tmp/gmqfIQqf" "-c" "quit".
execvp failed, errno = 2 (No such file or directory)
Magick: "gs" "-sstdout=%stderr" "-q" "-dBATCH" "-dSAFER" "-dMaxBitmap=50000000" "-dNOPAUSE" "-sDEVICE=ppmraw" "-dTextAlphaBits=4" "-dGraphicsAlphaBits=4" "-r72x72" "-g990x36" "-sOutputFile=/tmp/gm6m4Pzw" "--" "/tmp/gmqfIQqf" "-c" "quit".
Magick: Postscript delegate failed (/tmp/gmMGjWnu).
execvp failed, errno = 2 (No such file or directory)
Magick: "gs" "-sstdout=%stderr" "-q" "-dBATCH" "-dSAFER" "-dMaxBitmap=50000000" "-dNOPAUSE" "-sDEVICE=ppmraw" "-dTextAlphaBits=4" "-dGraphicsAlphaBits=4" "-r72x72" "-g990x36" "-sOutputFile=/tmp/gm98v7LL" "--" "/tmp/gmSpn7sO" "-c" "quit".
execvp failed, errno = 2 (No such file or directory)
Magick: "gs" "-sstdout=%stderr" "-q" "-dBATCH" "-dSAFER" "-dMaxBitmap=50000000" "-dNOPAUSE" "-sDEVICE=ppmraw" "-dTextAlphaBits=4" "-dGraphicsAlphaBits=4" "-r72x72" "-g990x36" "-sOutputFile=/tmp/gm98v7LL" "--" "/tmp/gmSpn7sO" "-c" "quit".
Magick: Postscript delegate failed (/tmp/gmMGjWnu).
execvp failed, errno = 2 (No such file or directory)
Magick: "gs" "-sstdout=%stderr" "-q" "-dBATCH" "-dSAFER" "-dMaxBitmap=50000000" "-dNOPAUSE" "-sDEVICE=ppmraw" "-dTextAlphaBits=4" "-dGraphicsAlphaBits=4" "-r72x72" "-g2160x36" "-sOutputFile=/tmp/gm8EfyzC" "--" "/tmp/gm4OjKT6" "-c" "quit".
execvp failed, errno = 2 (No such file or directory)
Magick: "gs" "-sstdout=%stderr" "-q" "-dBATCH" "-dSAFER" "-dMaxBitmap=50000000" "-dNOPAUSE" "-sDEVICE=ppmraw" "-dTextAlphaBits=4" "-dGraphicsAlphaBits=4" "-r72x72" "-g2160x36" "-sOutputFile=/tmp/gm8EfyzC" "--" "/tmp/gm4OjKT6" "-c" "quit".
09:07:56 0:0.325047  0.160u 7 ps.c/ReadPSImage/393/Delegate:
  Postscript delegate failed (/tmp/gmyTWLY3)
Magick: Postscript delegate failed (/tmp/gmyTWLY3).
execvp failed, errno = 2 (No such file or directory)
Magick: "gs" "-sstdout=%stderr" "-q" "-dBATCH" "-dSAFER" "-dMaxBitmap=50000000" "-dNOPAUSE" "-sDEVICE=ppmraw" "-dTextAlphaBits=4" "-dGraphicsAlphaBits=4" "-r72x72" "-g990x36" "-sOutputFile=/tmp/gmUo4q9Z" "--" "/tmp/gmz2KAu0" "-c" "quit".
execvp failed, errno = 2 (No such file or directory)
Magick: "gs" "-sstdout=%stderr" "-q" "-dBATCH" "-dSAFER" "-dMaxBitmap=50000000" "-dNOPAUSE" "-sDEVICE=ppmraw" "-dTextAlphaBits=4" "-dGraphicsAlphaBits=4" "-r72x72" "-g990x36" "-sOutputFile=/tmp/gmUo4q9Z" "--" "/tmp/gmz2KAu0" "-c" "quit".
Magick: Postscript delegate failed (/tmp/gmyTWLY3).
execvp failed, errno = 2 (No such file or directory)
Magick: "gs" "-sstdout=%stderr" "-q" "-dBATCH" "-dSAFER" "-dMaxBitmap=50000000" "-dNOPAUSE" "-sDEVICE=ppmraw" "-dTextAlphaBits=4" "-dGraphicsAlphaBits=4" "-r72x72" "-g990x36" "-sOutputFile=/tmp/gmS7nJFk" "--" "/tmp/gmqBCDXi" "-c" "quit".
execvp failed, errno = 2 (No such file or directory)
Magick: "gs" "-sstdout=%stderr" "-q" "-dBATCH" "-dSAFER" "-dMaxBitmap=50000000" "-dNOPAUSE" "-sDEVICE=ppmraw" "-dTextAlphaBits=4" "-dGraphicsAlphaBits=4" "-r72x72" "-g990x36" "-sOutputFile=/tmp/gmS7nJFk" "--" "/tmp/gmqBCDXi" "-c" "quit".
Magick: Postscript delegate failed (/tmp/gmyTWLY3).
execvp failed, errno = 2 (No such file or directory)
Magick: "gs" "-sstdout=%stderr" "-q" "-dBATCH" "-dSAFER" "-dMaxBitmap=50000000" "-dNOPAUSE" "-sDEVICE=ppmraw" "-dTextAlphaBits=4" "-dGraphicsAlphaBits=4" "-r72x72" "-g2160x36" "-sOutputFile=/tmp/gm61389c" "--" "/tmp/gm9JLCeq" "-c" "quit".
execvp failed, errno = 2 (No such file or directory)
Magick: "gs" "-sstdout=%stderr" "-q" "-dBATCH" "-dSAFER" "-dMaxBitmap=50000000" "-dNOPAUSE" "-sDEVICE=ppmraw" "-dTextAlphaBits=4" "-dGraphicsAlphaBits=4" "-r72x72" "-g2160x36" "-sOutputFile=/tmp/gm61389c" "--" "/tmp/gm9JLCeq" "-c" "quit".
09:07:56 0:0.359878  0.170u 7 ps.c/ReadPSImage/393/Delegate:
  Postscript delegate failed (/tmp/gmFo1GWc)
Magick: Postscript delegate failed (/tmp/gmFo1GWc).
execvp failed, errno = 2 (No such file or directory)
Magick: "gs" "-sstdout=%stderr" "-q" "-dBATCH" "-dSAFER" "-dMaxBitmap=50000000" "-dNOPAUSE" "-sDEVICE=ppmraw" "-dTextAlphaBits=4" "-dGraphicsAlphaBits=4" "-r72x72" "-g990x36" "-sOutputFile=/tmp/gmZKxsWJ" "--" "/tmp/gmpvWsG5" "-c" "quit".
execvp failed, errno = 2 (No such file or directory)
Magick: "gs" "-sstdout=%stderr" "-q" "-dBATCH" "-dSAFER" "-dMaxBitmap=50000000" "-dNOPAUSE" "-sDEVICE=ppmraw" "-dTextAlphaBits=4" "-dGraphicsAlphaBits=4" "-r72x72" "-g990x36" "-sOutputFile=/tmp/gmZKxsWJ" "--" "/tmp/gmpvWsG5" "-c" "quit".
Magick: Postscript delegate failed (/tmp/gmFo1GWc).
execvp failed, errno = 2 (No such file or directory)
Magick: "gs" "-sstdout=%stderr" "-q" "-dBATCH" "-dSAFER" "-dMaxBitmap=50000000" "-dNOPAUSE" "-sDEVICE=ppmraw" "-dTextAlphaBits=4" "-dGraphicsAlphaBits=4" "-r72x72" "-g990x36" "-sOutputFile=/tmp/gmnWdQTv" "--" "/tmp/gmtZOl5V" "-c" "quit".
execvp failed, errno = 2 (No such file or directory)
Magick: "gs" "-sstdout=%stderr" "-q" "-dBATCH" "-dSAFER" "-dMaxBitmap=50000000" "-dNOPAUSE" "-sDEVICE=ppmraw" "-dTextAlphaBits=4" "-dGraphicsAlphaBits=4" "-r72x72" "-g990x36" "-sOutputFile=/tmp/gmnWdQTv" "--" "/tmp/gmtZOl5V" "-c" "quit".
Magick: Postscript delegate failed (/tmp/gmFo1GWc).
execvp failed, errno = 2 (No such file or directory)
Magick: "gs" "-sstdout=%stderr" "-q" "-dBATCH" "-dSAFER" "-dMaxBitmap=50000000" "-dNOPAUSE" "-sDEVICE=ppmraw" "-dTextAlphaBits=4" "-dGraphicsAlphaBits=4" "-r72x72" "-g2160x36" "-sOutputFile=/tmp/gm6jwWRL" "--" "/tmp/gm7lUQ1B" "-c" "quit".
execvp failed, errno = 2 (No such file or directory)
Magick: "gs" "-sstdout=%stderr" "-q" "-dBATCH" "-dSAFER" "-dMaxBitmap=50000000" "-dNOPAUSE" "-sDEVICE=ppmraw" "-dTextAlphaBits=4" "-dGraphicsAlphaBits=4" "-r72x72" "-g2160x36" "-sOutputFile=/tmp/gm6jwWRL" "--" "/tmp/gm7lUQ1B" "-c" "quit".
09:07:56 0:0.393464  0.190u 7 ps.c/ReadPSImage/393/Delegate:
  Postscript delegate failed (/tmp/gmfTjHGA)
Magick: Postscript delegate failed (/tmp/gmfTjHGA).
execvp failed, errno = 2 (No such file or directory)
Magick: "gs" "-sstdout=%stderr" "-q" "-dBATCH" "-dSAFER" "-dMaxBitmap=50000000" "-dNOPAUSE" "-sDEVICE=ppmraw" "-dTextAlphaBits=4" "-dGraphicsAlphaBits=4" "-r72x72" "-g990x36" "-sOutputFile=/tmp/gmHNVm2K" "--" "/tmp/gmqtDO80" "-c" "quit".
execvp failed, errno = 2 (No such file or directory)
Magick: "gs" "-sstdout=%stderr" "-q" "-dBATCH" "-dSAFER" "-dMaxBitmap=50000000" "-dNOPAUSE" "-sDEVICE=ppmraw" "-dTextAlphaBits=4" "-dGraphicsAlphaBits=4" "-r72x72" "-g990x36" "-sOutputFile=/tmp/gmHNVm2K" "--" "/tmp/gmqtDO80" "-c" "quit".
Magick: Postscript delegate failed (/tmp/gmfTjHGA).
execvp failed, errno = 2 (No such file or directory)
Magick: "gs" "-sstdout=%stderr" "-q" "-dBATCH" "-dSAFER" "-dMaxBitmap=50000000" "-dNOPAUSE" "-sDEVICE=ppmraw" "-dTextAlphaBits=4" "-dGraphicsAlphaBits=4" "-r72x72" "-g990x36" "-sOutputFile=/tmp/gm1Rzvcz" "--" "/tmp/gmTburTj" "-c" "quit".
execvp failed, errno = 2 (No such file or directory)
Magick: "gs" "-sstdout=%stderr" "-q" "-dBATCH" "-dSAFER" "-dMaxBitmap=50000000" "-dNOPAUSE" "-sDEVICE=ppmraw" "-dTextAlphaBits=4" "-dGraphicsAlphaBits=4" "-r72x72" "-g990x36" "-sOutputFile=/tmp/gm1Rzvcz" "--" "/tmp/gmTburTj" "-c" "quit".
Magick: Postscript delegate failed (/tmp/gmfTjHGA).
execvp failed, errno = 2 (No such file or directory)
Magick: "gs" "-sstdout=%stderr" "-q" "-dBATCH" "-dSAFER" "-dMaxBitmap=50000000" "-dNOPAUSE" "-sDEVICE=ppmraw" "-dTextAlphaBits=4" "-dGraphicsAlphaBits=4" "-r72x72" "-g2160x36" "-sOutputFile=/tmp/gmgMxokq" "--" "/tmp/gmU17Wv5" "-c" "quit".
execvp failed, errno = 2 (No such file or directory)
Magick: "gs" "-sstdout=%stderr" "-q" "-dBATCH" "-dSAFER" "-dMaxBitmap=50000000" "-dNOPAUSE" "-sDEVICE=ppmraw" "-dTextAlphaBits=4" "-dGraphicsAlphaBits=4" "-r72x72" "-g2160x36" "-sOutputFile=/tmp/gmgMxokq" "--" "/tmp/gmU17Wv5" "-c" "quit".
09:07:56 0:0.427213  0.200u 7 ps.c/ReadPSImage/393/Delegate:
  Postscript delegate failed (/tmp/gmV67LaC)
Magick: Postscript delegate failed (/tmp/gmV67LaC).
execvp failed, errno = 2 (No such file or directory)
Magick: "gs" "-sstdout=%stderr" "-q" "-dBATCH" "-dSAFER" "-dMaxBitmap=50000000" "-dNOPAUSE" "-sDEVICE=ppmraw" "-dTextAlphaBits=4" "-dGraphicsAlphaBits=4" "-r72x72" "-g990x36" "-sOutputFile=/tmp/gm7fXlEZ" "--" "/tmp/gmekdJ3y" "-c" "quit".
execvp failed, errno = 2 (No such file or directory)
Magick: "gs" "-sstdout=%stderr" "-q" "-dBATCH" "-dSAFER" "-dMaxBitmap=50000000" "-dNOPAUSE" "-sDEVICE=ppmraw" "-dTextAlphaBits=4" "-dGraphicsAlphaBits=4" "-r72x72" "-g990x36" "-sOutputFile=/tmp/gm7fXlEZ" "--" "/tmp/gmekdJ3y" "-c" "quit".
Magick: Postscript delegate failed (/tmp/gmV67LaC).
execvp failed, errno = 2 (No such file or directory)
Magick: "gs" "-sstdout=%stderr" "-q" "-dBATCH" "-dSAFER" "-dMaxBitmap=50000000" "-dNOPAUSE" "-sDEVICE=ppmraw" "-dTextAlphaBits=4" "-dGraphicsAlphaBits=4" "-r72x72" "-g990x36" "-sOutputFile=/tmp/gmOuCmrx" "--" "/tmp/gmdLNodr" "-c" "quit".
execvp failed, errno = 2 (No such file or directory)
Magick: "gs" "-sstdout=%stderr" "-q" "-dBATCH" "-dSAFER" "-dMaxBitmap=50000000" "-dNOPAUSE" "-sDEVICE=ppmraw" "-dTextAlphaBits=4" "-dGraphicsAlphaBits=4" "-r72x72" "-g990x36" "-sOutputFile=/tmp/gmOuCmrx" "--" "/tmp/gmdLNodr" "-c" "quit".
Magick: Postscript delegate failed (/tmp/gmV67LaC).
09:07:56 0:0.448046  0.210u 7 wpg.c/ExtractPostscript/871/CorruptImage:
  Unable to read image header ()
09:07:56 0:0.448196  0.210u 7 sgi.c/ReadSGIImage/346/CorruptImage:
  Ignored: Unable to read image header ()
09:07:56 0:0.448284  0.210u 7 sgi.c/ReadSGIImage/346/CorruptImage:
  Ignored: Unable to read image header ()
09:07:56 0:0.448361  0.210u 7 sgi.c/ReadSGIImage/346/CorruptImage:
  Ignored: Unable to read image header ()
09:07:56 0:0.448385  0.210u 7 wpg.c/ExtractPostscript/871/CorruptImage:
  Ignored: Unable to read image header ()
09:07:56 0:0.448512  0.210u 7 rle.c/ReadRLEImage/594/CorruptImage:
  Ignored: Unable to runlength decode image ()
09:07:56 0:0.448645  0.210u 7 dib.c/ReadDIBImage/804/CorruptImage:
  Ignored: Unable to runlength decode image ()
09:07:56 0:0.448729  0.210u 7 dib.c/ReadDIBImage/630/CorruptImage:
  Ignored: Improper image header ()
09:07:56 0:0.448807  0.210u 7 rle.c/ReadRLEImage/594/CorruptImage:
  Ignored: Unable to runlength decode image ()
09:07:56 0:0.448872  0.210u 7 dib.c/ReadDIBImage/623/CorruptImage:
  Ignored: Improper image header ()
09:07:56 0:0.448971  0.210u 7 rle.c/ReadRLEImage/594/CorruptImage:
  Ignored: Unable to runlength decode image ()
09:07:56 0:0.449054  0.210u 7 dib.c/ReadDIBImage/804/CorruptImage:
  Ignored: Unable to runlength decode image ()
09:07:56 0:0.449447  0.210u 7 rle.c/ReadRLEImage/594/CorruptImage:
  Ignored: Unable to runlength decode image ()
09:07:56 0:0.449532  0.210u 7 dib.c/ReadDIBImage/804/CorruptImage:
  Ignored: Unable to runlength decode image ()
09:07:56 0:0.449740  0.210u 7 rle.c/ReadRLEImage/594/CorruptImage:
  Ignored: Unable to runlength decode image ()
09:07:56 0:0.449924  0.210u 7 dpx.c/ReadDPXImage/1658/CorruptImage:
  Ignored: Improper image header ()
09:07:56 0:0.449981  0.210u 7 wpg.c/ExtractPostscript/871/CorruptImage:
  Ignored: Unable to read image header ()
09:07:56 0:0.450287  0.210u 7 tiff.c/TIFFReadErrors/955/CorruptImage:
  Ignored: Sanity check on size of "Compression" value failed. (TIFFReadDirectory)
09:07:56 0:0.450328  0.210u 7 tiff.c/ReadTIFFImage/1931/FileOpen:
  Ignored: Unable to open file ()
09:07:56 0:0.450447  0.210u 7 dib.c/ReadDIBImage/653/CorruptImage:
  Ignored: Improper image header ()
09:07:56 0:0.451144  0.210u 7 tiff.c/TIFFReadErrors/955/CorruptImage:
  Ignored: Can not read TIFF directory count. (TIFFFetchDirectory)
09:07:56 0:0.451164  0.210u 7 tiff.c/TIFFReadErrors/955/CorruptImage:
  Ignored: Failed to read directory at offset 4026466320. (TIFFReadDirectory)
09:07:56 0:0.451175  0.210u 7 tiff.c/ReadTIFFImage/1931/FileOpen:
  Ignored: Unable to open file ()
09:07:56 0:0.451235  0.210u 7 rle.c/ReadRLEImage/546/CorruptImage:
  Ignored: Unexpected end-of-file ()
09:07:56 0:0.451366  0.210u 7 tiff.c/TIFFReadErrors/955/CorruptImage:
  Ignored: TIFF directory is missing required "ImageLength" field. (MissingRequired)
09:07:56 0:0.451392  0.210u 7 tiff.c/ReadTIFFImage/1931/FileOpen:
  Ignored: Unable to open file ()
09:07:56 0:0.451455  0.210u 7 dib.c/ReadDIBImage/653/CorruptImage:
  Ignored: Improper image header ()
09:07:56 0:0.451541  0.210u 7 tiff.c/TIFFReadErrors/955/CorruptImage:
  Ignored: Can not read TIFF directory count. (TIFFFetchDirectory)
09:07:56 0:0.451557  0.210u 7 tiff.c/TIFFReadErrors/955/CorruptImage:
  Ignored: Failed to read directory at offset 4026466320. (TIFFReadDirectory)
09:07:56 0:0.451567  0.210u 7 tiff.c/ReadTIFFImage/1931/FileOpen:
  Ignored: Unable to open file ()
09:07:56 0:0.452095  0.210u 7 tiff.c/TIFFReadErrors/955/CorruptImage:
  Ignored: TIFF directory is missing required "ImageLength" field. (MissingRequired)
09:07:56 0:0.452133  0.210u 7 tiff.c/ReadTIFFImage/1931/FileOpen:
  Ignored: Unable to open file ()
09:07:56 0:0.452201  0.210u 7 rle.c/ReadRLEImage/546/CorruptImage:
  Ignored: Unexpected end-of-file ()
09:07:56 0:0.452352  0.210u 7 tiff.c/TIFFReadErrors/955/CorruptImage:
  Ignored: TIFF directory is missing required "ImageLength" field. (MissingRequired)
09:07:56 0:0.452375  0.210u 7 tiff.c/ReadTIFFImage/1931/FileOpen:
  Ignored: Unable to open file ()
09:07:56 0:0.452439  0.210u 7 dib.c/ReadDIBImage/623/CorruptImage:
  Ignored: Improper image header ()
09:07:56 0:0.452564  0.210u 7 tiff.c/TIFFReadErrors/955/CorruptImage:
  Ignored: Can not read TIFF directory count. (TIFFFetchDirectory)
09:07:56 0:0.452581  0.210u 7 tiff.c/TIFFReadErrors/955/CorruptImage:
  Ignored: Failed to read directory at offset 4026466320. (TIFFReadDirectory)
09:07:56 0:0.452604  0.210u 7 tiff.c/ReadTIFFImage/1931/FileOpen:
  Ignored: Unable to open file ()
09:07:56 0:0.452792  0.210u 7 tiff.c/TIFFReadErrors/955/CorruptImage:
  Ignored: Can not read TIFF directory count. (TIFFFetchDirectory)
09:07:56 0:0.452810  0.210u 7 tiff.c/TIFFReadErrors/955/CorruptImage:
  Ignored: Failed to read directory at offset 4026466320. (TIFFReadDirectory)
09:07:56 0:0.452820  0.210u 7 tiff.c/ReadTIFFImage/1931/FileOpen:
  Ignored: Unable to open file ()
09:07:56 0:0.452900  0.210u 7 rle.c/ReadRLEImage/605/CorruptImage:
  Ignored: Unexpected end-of-file ()
09:07:56 0:0.452926  0.210u 7 wpg.c/ExtractPostscript/871/CorruptImage:
  Ignored: Unable to read image header ()
execvp failed, errno = 2 (No such file or directory)
Magick: "gs" "-sstdout=%stderr" "-q" "-dBATCH" "-dSAFER" "-dMaxBitmap=50000000" "-dNOPAUSE" "-sDEVICE=ppmraw" "-dTextAlphaBits=4" "-dGraphicsAlphaBits=4" "-r72x72" "-g2160x36" "-sOutputFile=/tmp/gmn5IFC6" "--" "/tmp/gmJP9oIq" "-c" "quit".
execvp failed, errno = 2 (No such file or directory)
Magick: "gs" "-sstdout=%stderr" "-q" "-dBATCH" "-dSAFER" "-dMaxBitmap=50000000" "-dNOPAUSE" "-sDEVICE=ppmraw" "-dTextAlphaBits=4" "-dGraphicsAlphaBits=4" "-r72x72" "-g2160x36" "-sOutputFile=/tmp/gmn5IFC6" "--" "/tmp/gmJP9oIq" "-c" "quit".
09:07:56 0:0.468139  0.220u 7 ps.c/ReadPSImage/393/Delegate:
  Postscript delegate failed (/tmp/gmWlDbPk)
Magick: Postscript delegate failed (/tmp/gmWlDbPk).
execvp failed, errno = 2 (No such file or directory)
Magick: "gs" "-sstdout=%stderr" "-q" "-dBATCH" "-dSAFER" "-dMaxBitmap=50000000" "-dNOPAUSE" "-sDEVICE=ppmraw" "-dTextAlphaBits=4" "-dGraphicsAlphaBits=4" "-r72x72" "-g990x36" "-sOutputFile=/tmp/gmu3aEI2" "--" "/tmp/gmsuwmlY" "-c" "quit".
execvp failed, errno = 2 (No such file or directory)
Magick: "gs" "-sstdout=%stderr" "-q" "-dBATCH" "-dSAFER" "-dMaxBitmap=50000000" "-dNOPAUSE" "-sDEVICE=ppmraw" "-dTextAlphaBits=4" "-dGraphicsAlphaBits=4" "-r72x72" "-g990x36" "-sOutputFile=/tmp/gmu3aEI2" "--" "/tmp/gmsuwmlY" "-c" "quit".
Magick: Postscript delegate failed (/tmp/gmWlDbPk).
execvp failed, errno = 2 (No such file or directory)
Magick: "gs" "-sstdout=%stderr" "-q" "-dBATCH" "-dSAFER" "-dMaxBitmap=50000000" "-dNOPAUSE" "-sDEVICE=ppmraw" "-dTextAlphaBits=4" "-dGraphicsAlphaBits=4" "-r72x72" "-g990x36" "-sOutputFile=/tmp/gmfRoGkz" "--" "/tmp/gm5oWiuB" "-c" "quit".
execvp failed, errno = 2 (No such file or directory)
Magick: "gs" "-sstdout=%stderr" "-q" "-dBATCH" "-dSAFER" "-dMaxBitmap=50000000" "-dNOPAUSE" "-sDEVICE=ppmraw" "-dTextAlphaBits=4" "-dGraphicsAlphaBits=4" "-r72x72" "-g990x36" "-sOutputFile=/tmp/gmfRoGkz" "--" "/tmp/gm5oWiuB" "-c" "quit".
Magick: Postscript delegate failed (/tmp/gmWlDbPk).
09:07:56 0:0.492383  0.230u 7 dib.c/ReadDIBImage/651/CorruptImage:
  Ignored: Improper image header ()
09:07:56 0:0.492464  0.230u 7 dpx.c/ReadDPXImage/1658/CorruptImage:
  Ignored: Improper image header ()
09:07:56 0:0.492549  0.230u 7 dpx.c/ReadDPXImage/1658/CorruptImage:
  Ignored: Improper image header ()
09:07:56 0:0.492644  0.240u 7 dpx.c/ReadDPXImage/1658/CorruptImage:
  Ignored: Improper image header ()
09:07:56 0:0.492714  0.240u 7 dib.c/ReadDIBImage/651/CorruptImage:
  Ignored: Improper image header ()
09:07:56 0:0.492780  0.240u 7 dpx.c/ReadDPXImage/1658/CorruptImage:
  Ignored: Improper image header ()
09:07:56 0:0.492845  0.240u 7 dpx.c/ReadDPXImage/1658/CorruptImage:
  Ignored: Improper image header ()
09:07:56 0:0.492922  0.240u 7 dpx.c/ReadDPXImage/1658/CorruptImage:
  Ignored: Improper image header ()
09:07:56 0:0.492958  0.240u 7 wpg.c/ExtractPostscript/871/CorruptImage:
  Ignored: Unable to read image header ()
09:07:56 0:0.493038  0.240u 7 dib.c/ReadDIBImage/623/CorruptImage:
  Ignored: Improper image header ()
09:07:56 0:0.493067  0.240u 7 wpg.c/ExtractPostscript/871/CorruptImage:
  Ignored: Unable to read image header ()
09:07:56 0:0.493136  0.240u 7 dib.c/ReadDIBImage/596/CorruptImage:
  Ignored: Improper image header ()
09:07:56 0:0.493220  0.240u 7 dib.c/ReadDIBImage/651/CorruptImage:
  Ignored: Improper image header ()
09:07:56 0:0.493303  0.240u 7 dpx.c/ReadDPXImage/1658/CorruptImage:
  Ignored: Improper image header ()
09:07:56 0:0.493387  0.240u 7 dpx.c/ReadDPXImage/1658/CorruptImage:
  Ignored: Improper image header ()
09:07:56 0:0.493475  0.240u 7 dpx.c/ReadDPXImage/1658/CorruptImage:
  Ignored: Improper image header ()
09:07:56 0:0.493568  0.240u 7 dib.c/ReadDIBImage/651/CorruptImage:
  Ignored: Improper image header ()
09:07:56 0:0.493655  0.240u 7 dpx.c/ReadDPXImage/1658/CorruptImage:
  Ignored: Improper image header ()
09:07:56 0:0.493745  0.240u 7 dpx.c/ReadDPXImage/1658/CorruptImage:
  Ignored: Improper image header ()
09:07:56 0:0.493828  0.240u 7 dpx.c/ReadDPXImage/1658/CorruptImage:
  Ignored: Improper image header ()
09:07:56 0:0.493911  0.240u 7 dpx.c/ReadDPXImage/1658/CorruptImage:
  Ignored: Improper image header ()
09:07:56 0:0.494002  0.240u 7 dpx.c/ReadDPXImage/1658/CorruptImage:
  Ignored: Improper image header ()
09:07:56 0:0.494107  0.240u 7 rle.c/ReadRLEImage/605/CorruptImage:
  Ignored: Unexpected end-of-file ()
09:07:56 0:0.494134  0.240u 7 wpg.c/ExtractPostscript/871/CorruptImage:
  Ignored: Unable to read image header ()
=================================================================
==7==ERROR: AddressSanitizer: heap-buffer-overflow on address 0x627000003330 at pc 0x00000053301c bp 0x7fffdf0f8f80 sp 0x7fffdf0f8750
WRITE of size 12792 at 0x627000003330 thread T0
SCARINESS: 45 (multi-byte-write-heap-buffer-overflow)
    #0 0x53301b in __asan_memcpy /src/llvm-project/compiler-rt/lib/asan/asan_interceptors_memintrinsics.cpp:22:3
    #1 0x5f4373 in ReadBlob /src/graphicsmagick/magick/blob.c:3425:18
    #2 0x9f4b57 in ReadWPGImage /src/graphicsmagick/coders/wpg.c:1699:18
    #3 0x63e9e8 in ReadImage /src/graphicsmagick/magick/constitute.c:1682:13
    #4 0x5ee8d6 in BlobToImage /src/graphicsmagick/magick/blob.c:786:13
    #5 0x57ae8c in Magick::Image::read(Magick::Blob const&) /src/graphicsmagick/Magick++/lib/Image.cpp:1592:5
    #6 0x5710f6 in LLVMFuzzerTestOneInput /src/graphicsmagick/fuzzing/enhance_fuzzer.cc:12:15
    #7 0x442a43 in fuzzer::Fuzzer::ExecuteCallback(unsigned char const*, unsigned long) /src/llvm-project/compiler-rt/lib/fuzzer/FuzzerLoop.cpp:611:15
    #8 0x42e1a2 in fuzzer::RunOneTest(fuzzer::Fuzzer*, char const*, unsigned long) /src/llvm-project/compiler-rt/lib/fuzzer/FuzzerDriver.cpp:324:6
    #9 0x433a4c in fuzzer::FuzzerDriver(int*, char***, int (*)(unsigned char const*, unsigned long)) /src/llvm-project/compiler-rt/lib/fuzzer/FuzzerDriver.cpp:860:9
    #10 0x45cf82 in main /src/llvm-project/compiler-rt/lib/fuzzer/FuzzerMain.cpp:20:10
    #11 0x79df439b4082 in __libc_start_main (/lib/x86_64-linux-gnu/libc.so.6+0x24082) (BuildId: 87b331c034a6458c64ce09c03939e947212e18ce)
    #12 0x42436d in _start (/out/enhance_fuzzer+0x42436d)

DEDUP_TOKEN: __asan_memcpy--ReadBlob--ReadWPGImage
0x627000003330 is located 0 bytes to the right of 12848-byte region [0x627000000100,0x627000003330)
allocated by thread T0 here:
    #0 0x533fdc in __interceptor_realloc /src/llvm-project/compiler-rt/lib/asan/asan_malloc_linux.cpp:85:3
    #1 0x710acb in _MagickReallocateResourceLimitedMemory /src/graphicsmagick/magick/memory.c:818:36
    #2 0x710eeb in _MagickAllocateResourceLimitedMemory /src/graphicsmagick/magick/memory.c:909:10
    #3 0x9f4972 in ReadWPGImage /src/graphicsmagick/coders/wpg.c:1688:28
    #4 0x63e9e8 in ReadImage /src/graphicsmagick/magick/constitute.c:1682:13
    #5 0x5ee8d6 in BlobToImage /src/graphicsmagick/magick/blob.c:786:13
    #6 0x57ae8c in Magick::Image::read(Magick::Blob const&) /src/graphicsmagick/Magick++/lib/Image.cpp:1592:5
    #7 0x5710f6 in LLVMFuzzerTestOneInput /src/graphicsmagick/fuzzing/enhance_fuzzer.cc:12:15
    #8 0x442a43 in fuzzer::Fuzzer::ExecuteCallback(unsigned char const*, unsigned long) /src/llvm-project/compiler-rt/lib/fuzzer/FuzzerLoop.cpp:611:15
    #9 0x42e1a2 in fuzzer::RunOneTest(fuzzer::Fuzzer*, char const*, unsigned long) /src/llvm-project/compiler-rt/lib/fuzzer/FuzzerDriver.cpp:324:6
    #10 0x433a4c in fuzzer::FuzzerDriver(int*, char***, int (*)(unsigned char const*, unsigned long)) /src/llvm-project/compiler-rt/lib/fuzzer/FuzzerDriver.cpp:860:9
    #11 0x45cf82 in main /src/llvm-project/compiler-rt/lib/fuzzer/FuzzerMain.cpp:20:10
    #12 0x79df439b4082 in __libc_start_main (/lib/x86_64-linux-gnu/libc.so.6+0x24082) (BuildId: 87b331c034a6458c64ce09c03939e947212e18ce)

DEDUP_TOKEN: __interceptor_realloc--_MagickReallocateResourceLimitedMemory--_MagickAllocateResourceLimitedMemory
SUMMARY: AddressSanitizer: heap-buffer-overflow /src/llvm-project/compiler-rt/lib/asan/asan_interceptors_memintrinsics.cpp:22:3 in __asan_memcpy
Shadow bytes around the buggy address:
  0x0c4e7fff8610: 00 00 00 00 00 00 00 00 00 00 00 00 00 00 00 00
  0x0c4e7fff8620: 00 00 00 00 00 00 00 00 00 00 00 00 00 00 00 00
  0x0c4e7fff8630: 00 00 00 00 00 00 00 00 00 00 00 00 00 00 00 00
  0x0c4e7fff8640: 00 00 00 00 00 00 00 00 00 00 00 00 00 00 00 00
  0x0c4e7fff8650: 00 00 00 00 00 00 00 00 00 00 00 00 00 00 00 00
=>0x0c4e7fff8660: 00 00 00 00 00 00[fa]fa fa fa fa fa fa fa fa fa
  0x0c4e7fff8670: fa fa fa fa fa fa fa fa fa fa fa fa fa fa fa fa
  0x0c4e7fff8680: fa fa fa fa fa fa fa fa fa fa fa fa fa fa fa fa
  0x0c4e7fff8690: fa fa fa fa fa fa fa fa fa fa fa fa fa fa fa fa
  0x0c4e7fff86a0: fa fa fa fa fa fa fa fa fa fa fa fa fa fa fa fa
  0x0c4e7fff86b0: fa fa fa fa fa fa fa fa fa fa fa fa fa fa fa fa
Shadow byte legend (one shadow byte represents 8 application bytes):
  Addressable:           00
  Partially addressable: 01 02 03 04 05 06 07 
  Heap left redzone:       fa
  Freed heap region:       fd
  Stack left redzone:      f1
  Stack mid redzone:       f2
  Stack right redzone:     f3
  Stack after return:      f5
  Stack use after scope:   f8
  Global redzone:          f9
  Global init order:       f6
  Poisoned by user:        f7
  Container overflow:      fc
  Array cookie:            ac
  Intra object redzone:    bb
  ASan internal:           fe
  Left alloca redzone:     ca
  Right alloca redzone:    cb
==7==ABORTING
