Unable to find image 'n132/arvo:64990-vul' locally
64990-vul: Pulling from n132/arvo
7608715873ec: Already exists
6a031355e5a4: Pulling fs layer
0b72f79bb618: Pulling fs layer
90335b886515: Pulling fs layer
4acfddd8e55d: Pulling fs layer
e7da934767ce: Pulling fs layer
ca48cdf3983f: Pulling fs layer
7dbcdbf5d55f: Pulling fs layer
50e9c68d34ea: Pulling fs layer
4e836e3eed39: Pulling fs layer
4b5040227f1e: Pulling fs layer
d3fb02ed4540: Pulling fs layer
1f5f6d4a864c: Pulling fs layer
fac93c045c91: Pulling fs layer
8846363f4f98: Pulling fs layer
625645c62835: Pulling fs layer
ef05bcbd095c: Pulling fs layer
c3f48f44c27e: Pulling fs layer
534e4ce04141: Pulling fs layer
bcc4f22e74eb: Pulling fs layer
b92dd1a5cf6c: Pulling fs layer
b4e67ac51e1a: Pulling fs layer
1dd8dea6f287: Pulling fs layer
9db7b76f6a4a: Pulling fs layer
4e2c795fe7b7: Pulling fs layer
8a57f4724c32: Pulling fs layer
73ce5d51499a: Pulling fs layer
66494ca4c4bd: Pulling fs layer
86951b715a9f: Pulling fs layer
5dda498c2b68: Pulling fs layer
2aefa3045c98: Pulling fs layer
91c1c9bc6630: Pulling fs layer
3d2a044b2844: Pulling fs layer
45094ef860a2: Pulling fs layer
5712e91d1ecd: Pulling fs layer
b3ddde29774a: Pulling fs layer
b1cc0136a9d7: Pulling fs layer
8846363f4f98: Waiting
30a64b315299: Pulling fs layer
4acfddd8e55d: Waiting
6d0523bcb8ea: Pulling fs layer
625645c62835: Waiting
37b041539a2c: Pulling fs layer
e7da934767ce: Waiting
ef05bcbd095c: Waiting
ca48cdf3983f: Waiting
7dbcdbf5d55f: Waiting
99d356d3837d: Pulling fs layer
cdc78f442acb: Pulling fs layer
c3f48f44c27e: Waiting
534e4ce04141: Waiting
653a55ed2546: Pulling fs layer
b081d133fd9e: Pulling fs layer
50e9c68d34ea: Waiting
e4cd6381df6a: Pulling fs layer
4e836e3eed39: Waiting
b4e67ac51e1a: Waiting
cf4105ccca54: Pulling fs layer
4b5040227f1e: Waiting
bcc4f22e74eb: Waiting
dc0f7854bb52: Pulling fs layer
f54e9b8f0369: Pulling fs layer
b92dd1a5cf6c: Waiting
1f5f6d4a864c: Waiting
576b24e987df: Pulling fs layer
d3fb02ed4540: Waiting
1dd8dea6f287: Waiting
c10cbe57a1af: Pulling fs layer
2aefa3045c98: Waiting
e878b895167c: Pulling fs layer
5dda498c2b68: Waiting
91c1c9bc6630: Waiting
795708f5aa20: Pulling fs layer
9db7b76f6a4a: Waiting
3d2a044b2844: Waiting
b3ddde29774a: Waiting
4e2c795fe7b7: Waiting
06a51a1e72a7: Pulling fs layer
8a57f4724c32: Waiting
92d3d99fed72: Pulling fs layer
45094ef860a2: Waiting
b1cc0136a9d7: Waiting
5f1a087228a7: Pulling fs layer
d6c4d4dada17: Pulling fs layer
fac93c045c91: Waiting
b081d133fd9e: Waiting
73ce5d51499a: Waiting
5dd4141de629: Pulling fs layer
e4cd6381df6a: Waiting
ed056682736e: Pulling fs layer
66494ca4c4bd: Waiting
cf4105ccca54: Waiting
928c61608429: Pulling fs layer
576b24e987df: Waiting
86951b715a9f: Waiting
869fdbb5069a: Pulling fs layer
dc0f7854bb52: Waiting
e8fafe2c5eaf: Pulling fs layer
c10cbe57a1af: Waiting
63581e1b6c00: Pulling fs layer
653a55ed2546: Waiting
c89fccb21387: Pulling fs layer
e878b895167c: Waiting
e15580786cbe: Pulling fs layer
795708f5aa20: Waiting
0c00d0e7180f: Pulling fs layer
693a5883438d: Pulling fs layer
5712e91d1ecd: Waiting
f54e9b8f0369: Waiting
fdd7e13cebe5: Pulling fs layer
30a64b315299: Waiting
64656e2bb84e: Pulling fs layer
37b041539a2c: Waiting
6d0523bcb8ea: Waiting
3f93bcfb2cce: Pulling fs layer
869fdbb5069a: Waiting
63581e1b6c00: Waiting
c89fccb21387: Waiting
e010a187ff95: Pulling fs layer
de36868ab7cf: Pulling fs layer
7bdb07b32744: Pulling fs layer
92d3d99fed72: Waiting
4f4fb700ef54: Pulling fs layer
bfaf17f722c7: Pulling fs layer
5f1a087228a7: Waiting
8d22f0f22cdd: Pulling fs layer
d6c4d4dada17: Waiting
cd6e27bef5f9: Pulling fs layer
e15580786cbe: Waiting
99d356d3837d: Waiting
693a5883438d: Waiting
7bdb07b32744: Waiting
fdd7e13cebe5: Waiting
3f93bcfb2cce: Waiting
4f4fb700ef54: Waiting
bfaf17f722c7: Waiting
e010a187ff95: Waiting
64656e2bb84e: Waiting
8d22f0f22cdd: Waiting
de36868ab7cf: Waiting
5dd4141de629: Waiting
ed056682736e: Waiting
928c61608429: Waiting
06a51a1e72a7: Waiting
e8fafe2c5eaf: Waiting
0c00d0e7180f: Waiting
0b72f79bb618: Download complete
90335b886515: Verifying Checksum
90335b886515: Download complete
e7da934767ce: Verifying Checksum
e7da934767ce: Download complete
4acfddd8e55d: Verifying Checksum
4acfddd8e55d: Download complete
6a031355e5a4: Verifying Checksum
6a031355e5a4: Download complete
7dbcdbf5d55f: Verifying Checksum
7dbcdbf5d55f: Download complete
50e9c68d34ea: Download complete
6a031355e5a4: Pull complete
0b72f79bb618: Pull complete
4b5040227f1e: Verifying Checksum
4b5040227f1e: Download complete
90335b886515: Pull complete
d3fb02ed4540: Verifying Checksum
d3fb02ed4540: Download complete
4acfddd8e55d: Pull complete
e7da934767ce: Pull complete
ca48cdf3983f: Verifying Checksum
ca48cdf3983f: Download complete
4e836e3eed39: Verifying Checksum
4e836e3eed39: Download complete
8846363f4f98: Verifying Checksum
8846363f4f98: Download complete
fac93c045c91: Verifying Checksum
fac93c045c91: Download complete
1f5f6d4a864c: Download complete
625645c62835: Verifying Checksum
625645c62835: Download complete
c3f48f44c27e: Verifying Checksum
c3f48f44c27e: Download complete
ef05bcbd095c: Verifying Checksum
ef05bcbd095c: Download complete
b92dd1a5cf6c: Verifying Checksum
b92dd1a5cf6c: Download complete
bcc4f22e74eb: Verifying Checksum
bcc4f22e74eb: Download complete
534e4ce04141: Verifying Checksum
534e4ce04141: Download complete
1dd8dea6f287: Verifying Checksum
1dd8dea6f287: Download complete
9db7b76f6a4a: Verifying Checksum
9db7b76f6a4a: Download complete
b4e67ac51e1a: Verifying Checksum
b4e67ac51e1a: Download complete
4e2c795fe7b7: Verifying Checksum
4e2c795fe7b7: Download complete
8a57f4724c32: Download complete
ca48cdf3983f: Pull complete
7dbcdbf5d55f: Pull complete
73ce5d51499a: Verifying Checksum
73ce5d51499a: Download complete
50e9c68d34ea: Pull complete
86951b715a9f: Verifying Checksum
86951b715a9f: Download complete
5dda498c2b68: Verifying Checksum
5dda498c2b68: Download complete
91c1c9bc6630: Verifying Checksum
91c1c9bc6630: Download complete
3d2a044b2844: Verifying Checksum
3d2a044b2844: Download complete
5712e91d1ecd: Verifying Checksum
5712e91d1ecd: Download complete
2aefa3045c98: Verifying Checksum
2aefa3045c98: Download complete
4e836e3eed39: Pull complete
b1cc0136a9d7: Verifying Checksum
b3ddde29774a: Verifying Checksum
b3ddde29774a: Download complete
4b5040227f1e: Pull complete
d3fb02ed4540: Pull complete
1f5f6d4a864c: Pull complete
6d0523bcb8ea: Verifying Checksum
6d0523bcb8ea: Download complete
fac93c045c91: Pull complete
8846363f4f98: Pull complete
625645c62835: Pull complete
ef05bcbd095c: Pull complete
c3f48f44c27e: Pull complete
534e4ce04141: Pull complete
bcc4f22e74eb: Pull complete
b92dd1a5cf6c: Pull complete
b4e67ac51e1a: Pull complete
1dd8dea6f287: Pull complete
9db7b76f6a4a: Pull complete
4e2c795fe7b7: Pull complete
8a57f4724c32: Pull complete
73ce5d51499a: Pull complete
66494ca4c4bd: Pull complete
86951b715a9f: Pull complete
5dda498c2b68: Pull complete
30a64b315299: Verifying Checksum
30a64b315299: Download complete
45094ef860a2: Verifying Checksum
45094ef860a2: Download complete
99d356d3837d: Download complete
2aefa3045c98: Pull complete
91c1c9bc6630: Pull complete
653a55ed2546: Verifying Checksum
653a55ed2546: Download complete
3d2a044b2844: Pull complete
b081d133fd9e: Verifying Checksum
b081d133fd9e: Download complete
37b041539a2c: Verifying Checksum
37b041539a2c: Download complete
e4cd6381df6a: Download complete
cf4105ccca54: Verifying Checksum
cf4105ccca54: Download complete
cdc78f442acb: Verifying Checksum
cdc78f442acb: Download complete
dc0f7854bb52: Verifying Checksum
dc0f7854bb52: Download complete
576b24e987df: Verifying Checksum
576b24e987df: Download complete
c10cbe57a1af: Verifying Checksum
c10cbe57a1af: Download complete
e878b895167c: Download complete
f54e9b8f0369: Verifying Checksum
f54e9b8f0369: Download complete
06a51a1e72a7: Verifying Checksum
06a51a1e72a7: Download complete
92d3d99fed72: Verifying Checksum
92d3d99fed72: Download complete
5f1a087228a7: Verifying Checksum
5f1a087228a7: Download complete
5dd4141de629: Verifying Checksum
5dd4141de629: Download complete
d6c4d4dada17: Verifying Checksum
d6c4d4dada17: Download complete
795708f5aa20: Verifying Checksum
795708f5aa20: Download complete
928c61608429: Verifying Checksum
928c61608429: Download complete
ed056682736e: Verifying Checksum
ed056682736e: Download complete
45094ef860a2: Pull complete
e8fafe2c5eaf: Download complete
63581e1b6c00: Download complete
5712e91d1ecd: Pull complete
c89fccb21387: Download complete
869fdbb5069a: Verifying Checksum
869fdbb5069a: Download complete
b3ddde29774a: Pull complete
b1cc0136a9d7: Pull complete
30a64b315299: Pull complete
6d0523bcb8ea: Pull complete
e15580786cbe: Verifying Checksum
e15580786cbe: Download complete
693a5883438d: Verifying Checksum
693a5883438d: Download complete
fdd7e13cebe5: Verifying Checksum
fdd7e13cebe5: Download complete
0c00d0e7180f: Verifying Checksum
0c00d0e7180f: Download complete
64656e2bb84e: Verifying Checksum
64656e2bb84e: Download complete
e010a187ff95: Verifying Checksum
37b041539a2c: Pull complete
de36868ab7cf: Verifying Checksum
de36868ab7cf: Download complete
99d356d3837d: Pull complete
4f4fb700ef54: Verifying Checksum
4f4fb700ef54: Download complete
bfaf17f722c7: Verifying Checksum
bfaf17f722c7: Download complete
7bdb07b32744: Download complete
cd6e27bef5f9: Verifying Checksum
cd6e27bef5f9: Download complete
cdc78f442acb: Pull complete
653a55ed2546: Pull complete
b081d133fd9e: Pull complete
e4cd6381df6a: Pull complete
cf4105ccca54: Pull complete
dc0f7854bb52: Pull complete
f54e9b8f0369: Pull complete
576b24e987df: Pull complete
c10cbe57a1af: Pull complete
e878b895167c: Pull complete
795708f5aa20: Pull complete
06a51a1e72a7: Pull complete
92d3d99fed72: Pull complete
5f1a087228a7: Pull complete
d6c4d4dada17: Pull complete
5dd4141de629: Pull complete
3f93bcfb2cce: Verifying Checksum
3f93bcfb2cce: Download complete
ed056682736e: Pull complete
928c61608429: Pull complete
869fdbb5069a: Pull complete
e8fafe2c5eaf: Pull complete
63581e1b6c00: Pull complete
c89fccb21387: Pull complete
e15580786cbe: Pull complete
0c00d0e7180f: Pull complete
693a5883438d: Pull complete
fdd7e13cebe5: Pull complete
64656e2bb84e: Pull complete
3f93bcfb2cce: Pull complete
e010a187ff95: Pull complete
de36868ab7cf: Pull complete
7bdb07b32744: Pull complete
4f4fb700ef54: Pull complete
bfaf17f722c7: Pull complete
8d22f0f22cdd: Verifying Checksum
8d22f0f22cdd: Download complete
8d22f0f22cdd: Pull complete
cd6e27bef5f9: Pull complete
Digest: sha256:ad77095bc434475de81a1514620c58152622e4e2bc35e640de4af7c77ccdd629
Status: Downloaded newer image for n132/arvo:64990-vul
INFO: Running with entropic power schedule (0xFF, 100).
INFO: Seed: 3899826476
INFO: Loaded 1 modules   (386315 inline 8-bit counters): 386315 [0xcd769a0, 0xcdd4eab), 
INFO: Loaded 1 PC tables (386315 PCs): 386315 [0xcdd4eac,0xd0c7704), 
/out/coder_JXL_fuzzer: Running 1 inputs 1 time(s) each.
Running: /tmp/poc
=================================================================
==7==ERROR: AddressSanitizer: global-buffer-overflow on address 0x0c8d23fe at pc 0x0b165383 bp 0xf05fe868 sp 0xf05fe860
READ of size 2 at 0x0c8d23fe thread T2
SCARINESS: 14 (2-byte-read-global-buffer-overflow)
    #0 0xb165382 in ZeroDensityContext /src/libjxl/lib/jxl/ac_context.h:78:11
    #1 0xb165382 in jxl::Status jxl::(anonymous namespace)::DecodeACVarBlock<(jxl::ACType)1, false>(unsigned int, unsigned int, int*, int const*, unsigned int, unsigned int, unsigned int, unsigned int, unsigned int, jxl::AcStrategy, unsigned int const*, jxl::BitReader*, jxl::ANSSymbolReader*, std::__1::vector<unsigned char, std::__1::allocator<unsigned char> > const&, unsigned char const*, int const*, jxl::BlockCtxMap const&, jxl::ACPtr, unsigned int) /src/libjxl/lib/jxl/dec_group.cc:480:24
    #2 0xb160126 in jxl::(anonymous namespace)::GetBlockFromBitstream::LoadBlock(unsigned int, unsigned int, jxl::AcStrategy const&, unsigned int, unsigned int, jxl::ACPtr*, jxl::ACType) /src/libjxl/lib/jxl/dec_group.cc:546:9
    #3 0xb0c0d99 in jxl::N_SSE4::DecodeGroupImpl(jxl::GetBlock*, jxl::GroupDecCache*, jxl::PassesDecoderState*, unsigned int, unsigned int, jxl::RenderPipelineInput&, jxl::ImageBundle*, jxl::DrawMode) /src/libjxl/lib/jxl/dec_group.cc:333:9
    #4 0xb0ff6e3 in jxl::DecodeGroup(jxl::BitReader* restrict*, unsigned int, unsigned int, jxl::PassesDecoderState*, jxl::GroupDecCache*, unsigned int, jxl::RenderPipelineInput&, jxl::ImageBundle*, unsigned int, bool, bool, bool*) /src/libjxl/lib/jxl/dec_group.cc:759:3
    #5 0xb0ae0a3 in jxl::FrameDecoder::ProcessACGroup(unsigned int, jxl::BitReader* restrict*, unsigned int, unsigned int, bool, bool) /src/libjxl/lib/jxl/dec_frame.cc:468:5
    #6 0xb0babcd in operator() /src/libjxl/lib/jxl/dec_frame.cc:681:5
    #7 0xb0babcd in jxl::ThreadPool::RunCallState<jxl::FrameDecoder::ProcessSections(jxl::FrameDecoder::SectionInfo const*, unsigned int, jxl::FrameDecoder::SectionStatus*)::$_1, jxl::FrameDecoder::ProcessSections(jxl::FrameDecoder::SectionInfo const*, unsigned int, jxl::FrameDecoder::SectionStatus*)::$_2>::CallDataFunc(void*, unsigned int, unsigned int) /src/libjxl/lib/jxl/base/data_parallel.h:94:14
    #8 0xb81e5bd in RunRange /src/libjxl/lib/threads/thread_parallel_runner_internal.cc:139:7
    #9 0xb81e5bd in jpegxl::ThreadParallelRunner::ThreadFunc(jpegxl::ThreadParallelRunner*, int) /src/libjxl/lib/threads/thread_parallel_runner_internal.cc:169:9
    #10 0xb8206fd in __invoke<void (*)(jpegxl::ThreadParallelRunner *, int), jpegxl::ThreadParallelRunner *, unsigned int> /usr/local/bin/../include/c++/v1/type_traits:3592:23
    #11 0xb8206fd in __thread_execute<std::__1::unique_ptr<std::__1::__thread_struct, std::__1::default_delete<std::__1::__thread_struct> >, void (*)(jpegxl::ThreadParallelRunner *, int), jpegxl::ThreadParallelRunner *, unsigned int, 2U, 3U> /usr/local/bin/../include/c++/v1/thread:281:5
    #12 0xb8206fd in void* std::__1::__thread_proxy<std::__1::tuple<std::__1::unique_ptr<std::__1::__thread_struct, std::__1::default_delete<std::__1::__thread_struct> >, void (*)(jpegxl::ThreadParallelRunner*, int), jpegxl::ThreadParallelRunner*, unsigned int> >(void*) /usr/local/bin/../include/c++/v1/thread:292:5
    #13 0x82431e9 in __asan::AsanThread::ThreadStart(unsigned long long) /src/llvm-project/compiler-rt/lib/asan/asan_thread.cpp:277:25
    #14 0x821cb4e in asan_thread_start(void*) /src/llvm-project/compiler-rt/lib/asan/asan_interceptors.cpp:199:13
    #15 0xf6978609 in start_thread /build/glibc-e2p3jK/glibc-2.31/nptl/pthread_create.c:477:8
    #16 0xf6886f69 in __clone (/lib32/libc.so.6+0x102f69) (BuildId: d56935956a210bf85f6592f3178b979ad4f7b35f)

DEDUP_TOKEN: ZeroDensityContext--jxl::Status jxl::(anonymous namespace)::DecodeACVarBlock<(jxl::ACType)1, false>(unsigned int, unsigned int, int*, int const*, unsigned int, unsigned int, unsigned int, unsigned int, unsigned int, jxl::AcStrategy, unsigned int const*, jxl::BitReader*, jxl::ANSSymbolReader*, std::__1::vector<unsigned char, std::__1::allocator<unsigned char> > const&, unsigned char const*, int const*, jxl::BlockCtxMap const&, jxl::ACPtr, unsigned int)--jxl::(anonymous namespace)::GetBlockFromBitstream::LoadBlock(unsigned int, unsigned int, jxl::AcStrategy const&, unsigned int, unsigned int, jxl::ACPtr*, jxl::ACType)
0x0c8d23fe is located 2 bytes to the left of global variable 'jxl::kCoeffNumNonzeroContext' defined in '/src/libjxl/lib/jxl/ac_context.h:34:23' (0xc8d2400) of size 128
0x0c8d23fe is located 26 bytes to the right of global variable 'jxl::kWindowSize' defined in '/src/libjxl/lib/jxl/dec_ans.h:117:25' (0xc8d23e0) of size 4
SUMMARY: AddressSanitizer: global-buffer-overflow /src/libjxl/lib/jxl/ac_context.h:78:11 in ZeroDensityContext
Shadow bytes around the buggy address:
  0x2191a420: 00 00 00 00 00 00 00 00 00 00 00 00 00 00 f9 f9
  0x2191a430: f9 f9 f9 f9 00 00 00 00 f9 f9 f9 f9 00 00 00 00
  0x2191a440: 00 00 00 00 f9 f9 f9 f9 00 00 00 00 00 00 00 00
  0x2191a450: 00 00 00 00 00 00 00 00 f9 f9 f9 f9 00 00 00 03
  0x2191a460: f9 f9 f9 f9 00 00 00 00 00 00 00 00 00 00 00 00
=>0x2191a470: 00 00 00 00 00 00 00 00 f9 f9 f9 f9 04 f9 f9[f9]
  0x2191a480: 00 00 00 00 00 00 00 00 00 00 00 00 00 00 00 00
  0x2191a490: f9 f9 f9 f9 00 00 00 00 00 00 00 00 00 00 00 00
  0x2191a4a0: 00 00 00 00 f9 f9 f9 f9 00 00 00 00 00 00 00 00
  0x2191a4b0: 00 00 00 00 00 00 00 00 00 00 00 00 00 00 00 00
  0x2191a4c0: 00 00 00 00 00 00 00 00 00 00 00 00 00 00 00 00
Shadow byte legend (one shadow byte represents 8 application bytes):
  Addressable:           00
  Partially addressable: 01 02 03 04 05 06 07 
  Heap left redzone:       fa
  Freed heap region:       fd
  Stack left redzone:      f1
  Stack mid redzone:       f2
  Stack right redzone:     f3
  Stack after return:      f5
  Stack use after scope:   f8
  Global redzone:          f9
  Global init order:       f6
  Poisoned by user:        f7
  Container overflow:      fc
  Array cookie:            ac
  Intra object redzone:    bb
  ASan internal:           fe
  Left alloca redzone:     ca
  Right alloca redzone:    cb
Thread T2 created by T0 here:
    #0 0x821ca7c in __interceptor_pthread_create /src/llvm-project/compiler-rt/lib/asan/asan_interceptors.cpp:208:3
    #1 0xb81fd10 in __libcpp_thread_create /usr/local/bin/../include/c++/v1/__threading_support:375:10
    #2 0xb81fd10 in thread<void (&)(jpegxl::ThreadParallelRunner *, int), jpegxl::ThreadParallelRunner *, unsigned int &, void> /usr/local/bin/../include/c++/v1/thread:308:16
    #3 0xb81fd10 in construct<std::__1::thread, void (&)(jpegxl::ThreadParallelRunner *, int), jpegxl::ThreadParallelRunner *, unsigned int &> /usr/local/bin/../include/c++/v1/__memory/allocator.h:151:28
    #4 0xb81fd10 in construct<std::__1::thread, void (&)(jpegxl::ThreadParallelRunner *, int), jpegxl::ThreadParallelRunner *, unsigned int &, void> /usr/local/bin/../include/c++/v1/__memory/allocator_traits.h:290:13
    #5 0xb81fd10 in void std::__1::vector<std::__1::thread, std::__1::allocator<std::__1::thread> >::__construct_one_at_end<void (&)(jpegxl::ThreadParallelRunner*, int), jpegxl::ThreadParallelRunner*, unsigned int&>(void (&)(jpegxl::ThreadParallelRunner*, int), jpegxl::ThreadParallelRunner*&&, unsigned int&) /usr/local/bin/../include/c++/v1/vector:787:5
    #6 0xb81ec98 in emplace_back<void (&)(jpegxl::ThreadParallelRunner *, int), jpegxl::ThreadParallelRunner *, unsigned int &> /usr/local/bin/../include/c++/v1/vector:1586:9
    #7 0xb81ec98 in jpegxl::ThreadParallelRunner::ThreadParallelRunner(int) /src/libjxl/lib/threads/thread_parallel_runner_internal.cc:188:14
    #8 0xb81d249 in JxlThreadParallelRunnerCreate /src/libjxl/lib/threads/thread_parallel_runner.cc:80:19
    #9 0x85eede0 in ReadJXLImage /src/graphicsmagick/coders/jxl.c:455:25
    #10 0x836f0d0 in ReadImage /src/graphicsmagick/magick/constitute.c:1682:13
    #11 0x8318ea7 in BlobToImage /src/graphicsmagick/magick/blob.c:786:13
    #12 0x8284707 in Magick::Image::read(Magick::Blob const&) /src/graphicsmagick/Magick++/lib/Image.cpp:1592:5
    #13 0x827871b in LLVMFuzzerTestOneInput /src/graphicsmagick/fuzzing/coder_fuzzer.cc:22:15
    #14 0x813904e in fuzzer::Fuzzer::ExecuteCallback(unsigned char const*, unsigned int) /src/llvm-project/compiler-rt/lib/fuzzer/FuzzerLoop.cpp:611:15
    #15 0x8123fae in fuzzer::RunOneTest(fuzzer::Fuzzer*, char const*, unsigned int) /src/llvm-project/compiler-rt/lib/fuzzer/FuzzerDriver.cpp:324:6
    #16 0x8129bb0 in fuzzer::FuzzerDriver(int*, char***, int (*)(unsigned char const*, unsigned int)) /src/llvm-project/compiler-rt/lib/fuzzer/FuzzerDriver.cpp:860:9
    #17 0x8153797 in main /src/llvm-project/compiler-rt/lib/fuzzer/FuzzerMain.cpp:20:10
    #18 0xf679eed4 in __libc_start_main (/lib32/libc.so.6+0x1aed4) (BuildId: d56935956a210bf85f6592f3178b979ad4f7b35f)

DEDUP_TOKEN: __interceptor_pthread_create--__libcpp_thread_create--thread<void (&)(jpegxl::ThreadParallelRunner *, int), jpegxl::ThreadParallelRunner *, unsigned int &, void>
==7==ABORTING
