INFO: Running with entropic power schedule (0xFF, 100).
INFO: Seed: 444762048
INFO: Loaded 1 modules   (50891 inline 8-bit counters): 50891 [0xaad170, 0xab983b),
INFO: Loaded 1 PC tables (50891 PCs): 50891 [0x93de10,0xa04ac0),
/out/xml: Running 1 inputs 1 time(s) each.
Running: /tmp/poc
=================================================================
==13==ERROR: AddressSanitizer: global-buffer-overflow on address 0x0000008d6b81 at pc 0x00000085bbd4 bp 0x7ffc33f30f70 sp 0x7ffc33f30f68
READ of size 1 at 0x0000008d6b81 thread T0
SCARINESS: 12 (1-byte-read-global-buffer-overflow)
    #0 0x85bbd3 in xmlDictHashName /src/libxml2/dict.c:471:31
    #1 0x85bbd3 in xmlDictLookupInternal /src/libxml2/dict.c:692:21
    #2 0x85cab0 in xmlDictLookupHashed /src/libxml2/dict.c:849:13
    #3 0x5e2b8d in xmlParseNCNameComplex /src/libxml2/parser.c:3508:11
    #4 0x5e2b8d in xmlParseNCName /src/libxml2/parser.c:3573:12
    #5 0x5e1d32 in xmlParseQNameHashed /src/libxml2/parser.c:8807:9
    #6 0x5db50a in xmlParseStartTag2 /src/libxml2/parser.c:9369:18
    #7 0x5be898 in xmlParseElementStart /src/libxml2/parser.c:10244:16
    #8 0x5bdd5c in xmlParseElement /src/libxml2/parser.c:10179:9
    #9 0x5c47c8 in xmlParseDocument /src/libxml2/parser.c:10956:2
    #10 0x5d84e6 in xmlDoRead /src/libxml2/parser.c:14584:5
    #11 0x5d9aa5 in xmlCtxtReadMemory /src/libxml2/parser.c:14887:13
    #12 0x56c66b in LLVMFuzzerTestOneInput /src/libxml2/fuzz/xml.c:58:15
    #13 0x43dee3 in fuzzer::Fuzzer::ExecuteCallback(unsigned char const*, unsigned long) /src/llvm-project/compiler-rt/lib/fuzzer/FuzzerLoop.cpp:611:15
    #14 0x429642 in fuzzer::RunOneTest(fuzzer::Fuzzer*, char const*, unsigned long) /src/llvm-project/compiler-rt/lib/fuzzer/FuzzerDriver.cpp:324:6
    #15 0x42eeec in fuzzer::FuzzerDriver(int*, char***, int (*)(unsigned char const*, unsigned long)) /src/llvm-project/compiler-rt/lib/fuzzer/FuzzerDriver.cpp:860:9
    #16 0x458422 in main /src/llvm-project/compiler-rt/lib/fuzzer/FuzzerMain.cpp:20:10
    #17 0x71f44f7ff082 in __libc_start_main (/lib/x86_64-linux-gnu/libc.so.6+0x24082) (BuildId: 87b331c034a6458c64ce09c03939e947212e18ce)
    #18 0x41f80d in _start (/out/xml+0x41f80d)

DEDUP_TOKEN: xmlDictHashName--xmlDictLookupInternal--xmlDictLookupHashed
0x0000008d6b81 is located 0 bytes to the right of global variable '<string literal>' defined in 'buf.c:1014:58' (0x8d6b80) of size 1
  '<string literal>' is ascii string ''
SUMMARY: AddressSanitizer: global-buffer-overflow /src/libxml2/dict.c:471:31 in xmlDictHashName
Shadow bytes around the buggy address:
  0x000080112d20: 00 00 00 00 00 00 00 00 00 00 00 00 f9 f9 f9 f9
  0x000080112d30: 04 f9 f9 f9 00 04 f9 f9 03 f9 f9 f9 00 00 00 00
  0x000080112d40: 00 00 00 00 00 00 00 00 00 00 00 00 00 00 00 00
  0x000080112d50: 00 00 00 00 00 00 00 00 00 00 00 00 00 00 00 00
  0x000080112d60: 00 00 00 00 02 f9 f9 f9 07 f9 f9 f9 02 f9 f9 f9
=>0x000080112d70:[01]f9 f9 f9 00 00 00 00 00 00 00 00 00 00 00 00
  0x000080112d80: 00 f9 f9 f9 00 00 02 f9 f9 f9 f9 f9 00 00 00 02
  0x000080112d90: f9 f9 f9 f9 05 f9 f9 f9 03 f9 f9 f9 00 00 00 07
  0x000080112da0: f9 f9 f9 f9 00 00 00 02 f9 f9 f9 f9 00 f9 f9 f9
  0x000080112db0: 02 f9 f9 f9 00 02 f9 f9 00 00 01 f9 f9 f9 f9 f9
  0x000080112dc0: 00 00 03 f9 f9 f9 f9 f9 04 f9 f9 f9 00 05 f9 f9
Shadow byte legend (one shadow byte represents 8 application bytes):
  Addressable:           00
  Partially addressable: 01 02 03 04 05 06 07
  Heap left redzone:       fa
  Freed heap region:       fd
  Stack left redzone:      f1
  Stack mid redzone:       f2
  Stack right redzone:     f3
  Stack after return:      f5
  Stack use after scope:   f8
  Global redzone:          f9
  Global init order:       f6
  Poisoned by user:        f7
  Container overflow:      fc
  Array cookie:            ac
  Intra object redzone:    bb
  ASan internal:           fe
  Left alloca redzone:     ca
  Right alloca redzone:    cb
==13==ABORTING