======================= INFO =========================
This binary is built for AFL-fuzz.
To run the target function on individual input(s) execute this:
  /out/libraw_fuzzer < INPUT_FILE
or
  /out/libraw_fuzzer INPUT_FILE1 [INPUT_FILE2 ... ]
To fuzz with afl-fuzz execute this:
  afl-fuzz [afl-flags] /out/libraw_fuzzer [-N]
afl-fuzz will run N iterations before re-spawning the process (default: 1000)
======================================================
=================================================================
==13==ERROR: AddressSanitizer: global-buffer-overflow on address 0x0000007292ac at pc 0x00000061088f bp 0x7ffe353298d0 sp 0x7ffe353298c8
READ of size 4 at 0x0000007292ac thread T0
SCARINESS: 17 (4-byte-read-global-buffer-overflow)
    #0 0x61088e in libraw_tagtype_dataunit_bytes(int) /src/libraw/src/tables/wblists.cpp:28:12
    #1 0x5f1b1d in checked_buffer_t::tiff_sget(unsigned int, long long*, unsigned int*, unsigned int*, long long*, unsigned int*, int*) /src/libraw/src/metadata/sony.cpp:2014:28
    #2 0x5eff96 in LibRaw::parseSonySR2(unsigned char*, unsigned int, unsigned int, unsigned int) /src/libraw/src/metadata/sony.cpp:2053:24
    #3 0x602d5a in LibRaw::parse_tiff_ifd(int) /src/libraw/src/metadata/tiff.cpp:1461:5
    #4 0x60532d in LibRaw::parse_tiff(int) /src/libraw/src/metadata/tiff.cpp:1495:9
    #5 0x5ad1c8 in LibRaw::identify() /src/libraw/src/metadata/identify.cpp:503:14
    #6 0x4ef1e7 in LibRaw::open_datastream(LibRaw_abstract_datastream*) /src/libraw/src/utils/open.cpp:464:4
    #7 0x4ee371 in LibRaw::open_buffer(void const*, unsigned long) /src/libraw/src/utils/open.cpp:227:13
    #8 0x4cd890 in LLVMFuzzerTestOneInput /src/libraw_fuzzer.cc:41:24
    #9 0x4cde5e in ExecuteFilesOnyByOne /src/libfuzzer/afl/afl_driver.cpp:207:5
    #10 0x4cde5e in main /src/libfuzzer/afl/afl_driver.cpp:244:12
    #11 0x7e006c58c83f in __libc_start_main (/lib/x86_64-linux-gnu/libc.so.6+0x2083f)
    #12 0x41ebc8 in _start (/out/libraw_fuzzer+0x41ebc8)

DEDUP_TOKEN: libraw_tagtype_dataunit_bytes(int)--checked_buffer_t::tiff_sget(unsigned int, long long*, unsigned int*, unsigned int*, long long*, unsigned int*, int*)--LibRaw::parseSonySR2(unsigned char*, unsigned int, unsigned int, unsigned int)
0x0000007292ac is located 52 bytes to the left of global variable '_Canon_wbi2std' defined in 'src/tables/wblists.cpp:32:18' (0x7292e0) of size 96
0x0000007292ac is located 0 bytes to the right of global variable '_tagtype_dataunit_bytes' defined in 'src/tables/wblists.cpp:20:18' (0x729260) of size 76
SUMMARY: AddressSanitizer: global-buffer-overflow /src/libraw/src/tables/wblists.cpp:28:12 in libraw_tagtype_dataunit_bytes(int)
Shadow bytes around the buggy address:
  0x0000800dd200: 00 00 00 00 00 00 00 00 00 00 00 00 00 00 00 00
  0x0000800dd210: 00 00 00 00 00 00 00 00 00 00 00 00 00 00 00 00
  0x0000800dd220: 00 00 00 00 00 00 00 00 00 00 00 00 00 00 00 00
  0x0000800dd230: 00 00 00 00 00 00 00 00 00 00 00 00 00 00 00 00
  0x0000800dd240: 00 00 00 00 00 00 00 00 00 00 00 00 00 00 00 00
=>0x0000800dd250: 00 00 00 00 00[04]f9 f9 f9 f9 f9 f9 00 00 00 00
  0x0000800dd260: 00 00 00 00 00 00 00 00 f9 f9 f9 f9 00 00 00 00
  0x0000800dd270: f9 f9 f9 f9 00 00 00 00 00 04 f9 f9 f9 f9 f9 f9
  0x0000800dd280: 00 00 00 00 00 04 f9 f9 f9 f9 f9 f9 00 00 00 00
  0x0000800dd290: 00 f9 f9 f9 f9 f9 f9 f9 00 00 00 f9 f9 f9 f9 f9
  0x0000800dd2a0: 00 00 00 f9 f9 f9 f9 f9 00 00 00 00 00 00 00 00
Shadow byte legend (one shadow byte represents 8 application bytes):
  Addressable:           00
  Partially addressable: 01 02 03 04 05 06 07
  Heap left redzone:       fa
  Freed heap region:       fd
  Stack left redzone:      f1
  Stack mid redzone:       f2
  Stack right redzone:     f3
  Stack after return:      f5
  Stack use after scope:   f8
  Global redzone:          f9
  Global init order:       f6
  Poisoned by user:        f7
  Container overflow:      fc
  Array cookie:            ac
  Intra object redzone:    bb
  ASan internal:           fe
  Left alloca redzone:     ca
  Right alloca redzone:    cb
  Shadow gap:              cc
==13==ABORTING