INFO: Running with entropic power schedule (0xFF, 100).
INFO: Seed: 445156929
INFO: Loaded 1 modules   (37869 inline 8-bit counters): 37869 [0x973130, 0x97c51d),
INFO: Loaded 1 PC tables (37869 PCs): 37869 [0x844060,0x8d7f30),
/out/xslt: Running 1 inputs 1 time(s) each.
Running: /tmp/poc
=================================================================
==13==ERROR: AddressSanitizer: global-buffer-overflow on address 0x00000080b221 at pc 0x00000060d474 bp 0x7fffc3c26ab0 sp 0x7fffc3c26aa8
READ of size 1 at 0x00000080b221 thread T0
SCARINESS: 12 (1-byte-read-global-buffer-overflow)
    #0 0x60d473 in xmlDictHashName /src/libxml2/dict.c:471:31
    #1 0x60d473 in xmlDictLookupInternal /src/libxml2/dict.c:692:21
    #2 0x60e350 in xmlDictLookupHashed /src/libxml2/dict.c:849:13
    #3 0x68048d in xmlParseNCNameComplex /src/libxml2/parser.c:3508:11
    #4 0x68048d in xmlParseNCName /src/libxml2/parser.c:3573:12
    #5 0x67f632 in xmlParseQNameHashed /src/libxml2/parser.c:8807:9
    #6 0x66642f in xmlParseStartTag2 /src/libxml2/parser.c:9369:18
    #7 0x66642f in xmlParseElementStart /src/libxml2/parser.c:10244:16
    #8 0x6656bc in xmlParseElement /src/libxml2/parser.c:10179:9
    #9 0x673d28 in xmlParseDocument /src/libxml2/parser.c:10956:2
    #10 0x5d3be9 in xsltDocDefaultLoaderFunc /src/libxslt/libxslt/documents.c:94:5
    #11 0x5d4bb1 in xsltLoadStyleDocument /src/libxslt/libxslt/documents.c:396:11
    #12 0x5ce25e in xsltParseStylesheetInclude /src/libxslt/libxslt/imports.c:236:15
    #13 0x597dd3 in xsltParseStylesheetTop /src/libxslt/libxslt/xslt.c:6174:10
    #14 0x597dd3 in xsltParseStylesheetProcess /src/libxslt/libxslt/xslt.c:6452:2
    #15 0x59bea9 in xsltParseStylesheetUser /src/libxslt/libxslt/xslt.c:6660:9
    #16 0x56e1f9 in xsltFuzzXslt /src/libxslt/tests/fuzz/fuzz.c:312:9
    #17 0x56c602 in LLVMFuzzerTestOneInput /src/libxslt/tests/fuzz/xslt.c:18:23
    #18 0x43dfe3 in fuzzer::Fuzzer::ExecuteCallback(unsigned char const*, unsigned long) /src/llvm-project/compiler-rt/lib/fuzzer/FuzzerLoop.cpp:611:15
    #19 0x429742 in fuzzer::RunOneTest(fuzzer::Fuzzer*, char const*, unsigned long) /src/llvm-project/compiler-rt/lib/fuzzer/FuzzerDriver.cpp:324:6
    #20 0x42efec in fuzzer::FuzzerDriver(int*, char***, int (*)(unsigned char const*, unsigned long)) /src/llvm-project/compiler-rt/lib/fuzzer/FuzzerDriver.cpp:860:9
    #21 0x458522 in main /src/llvm-project/compiler-rt/lib/fuzzer/FuzzerMain.cpp:20:10
    #22 0x70d7e7a54082 in __libc_start_main (/lib/x86_64-linux-gnu/libc.so.6+0x24082) (BuildId: 87b331c034a6458c64ce09c03939e947212e18ce)
    #23 0x41f90d in _start (/out/xslt+0x41f90d)

DEDUP_TOKEN: xmlDictHashName--xmlDictLookupInternal--xmlDictLookupHashed
0x00000080b221 is located 0 bytes to the right of global variable '<string literal>' defined in 'buf.c:1014:58' (0x80b220) of size 1
  '<string literal>' is ascii string ''
SUMMARY: AddressSanitizer: global-buffer-overflow /src/libxml2/dict.c:471:31 in xmlDictHashName
Shadow bytes around the buggy address:
  0x0000800f95f0: 00 00 00 00 00 00 00 00 00 00 00 00 00 00 00 00
  0x0000800f9600: 00 00 00 00 00 00 00 00 00 00 00 00 00 00 00 00
  0x0000800f9610: 00 00 00 00 00 00 00 00 00 00 00 00 00 00 00 00
  0x0000800f9620: 00 00 00 00 00 00 00 00 00 00 00 00 00 00 00 00
  0x0000800f9630: 00 00 00 00 00 00 00 00 02 f9 f9 f9 07 f9 f9 f9
=>0x0000800f9640: 02 f9 f9 f9[01]f9 f9 f9 00 00 00 00 00 00 00 00
  0x0000800f9650: 00 00 00 00 00 00 00 00 00 00 00 00 00 00 00 00
  0x0000800f9660: 00 00 00 00 00 00 00 00 00 00 00 00 00 00 00 00
  0x0000800f9670: 00 00 00 00 f9 f9 f9 f9 f9 f9 f9 f9 00 00 00 00
  0x0000800f9680: 00 00 00 00 00 00 00 00 00 00 00 00 00 00 00 00
  0x0000800f9690: 00 00 00 00 00 00 00 00 00 00 00 00 00 00 00 00
Shadow byte legend (one shadow byte represents 8 application bytes):
  Addressable:           00
  Partially addressable: 01 02 03 04 05 06 07
  Heap left redzone:       fa
  Freed heap region:       fd
  Stack left redzone:      f1
  Stack mid redzone:       f2
  Stack right redzone:     f3
  Stack after return:      f5
  Stack use after scope:   f8
  Global redzone:          f9
  Global init order:       f6
  Poisoned by user:        f7
  Container overflow:      fc
  Array cookie:            ac
  Intra object redzone:    bb
  ASan internal:           fe
  Left alloca redzone:     ca
  Right alloca redzone:    cb
==13==ABORTING