Unable to find image 'n132/arvo:6581-vul' locally
6581-vul: Pulling from n132/arvo
1be7f2b886e8: Pulling fs layer
6fbc4a21b806: Pulling fs layer
c71a6f8e1378: Pulling fs layer
4be3072e5a37: Pulling fs layer
06c6d2f59700: Pulling fs layer
789bf1f462cf: Pulling fs layer
0b3f1f2cd1fc: Pulling fs layer
db3d27292318: Pulling fs layer
2e326c4f4062: Pulling fs layer
fa1a78baaec5: Pulling fs layer
039f7fd527f2: Pulling fs layer
d536ad1ef6ed: Pulling fs layer
035d32612949: Pulling fs layer
08b3aa636711: Pulling fs layer
c8ce61721f1b: Pulling fs layer
32d45990243f: Pulling fs layer
725134e6593c: Pulling fs layer
94100c835905: Pulling fs layer
48d82c8ccbeb: Pulling fs layer
5ea7d855fb8c: Pulling fs layer
1f76bf6abf1a: Pulling fs layer
98e0e545d720: Pulling fs layer
39549df109fd: Pulling fs layer
4f4fb700ef54: Pulling fs layer
3170343598d9: Pulling fs layer
7dc0a96787d2: Pulling fs layer
ac0bd54c411e: Pulling fs layer
48d82c8ccbeb: Waiting
035d32612949: Waiting
5ea7d855fb8c: Waiting
08b3aa636711: Waiting
1f76bf6abf1a: Waiting
c8ce61721f1b: Waiting
98e0e545d720: Waiting
39549df109fd: Waiting
94100c835905: Waiting
32d45990243f: Waiting
725134e6593c: Waiting
ac0bd54c411e: Waiting
3170343598d9: Waiting
4be3072e5a37: Waiting
db3d27292318: Waiting
06c6d2f59700: Waiting
2e326c4f4062: Waiting
789bf1f462cf: Waiting
0b3f1f2cd1fc: Waiting
4f4fb700ef54: Waiting
fa1a78baaec5: Waiting
039f7fd527f2: Waiting
d536ad1ef6ed: Waiting
7dc0a96787d2: Waiting
c71a6f8e1378: Verifying Checksum
c71a6f8e1378: Download complete
6fbc4a21b806: Verifying Checksum
6fbc4a21b806: Download complete
4be3072e5a37: Verifying Checksum
4be3072e5a37: Download complete
1be7f2b886e8: Verifying Checksum
1be7f2b886e8: Download complete
06c6d2f59700: Download complete
0b3f1f2cd1fc: Verifying Checksum
0b3f1f2cd1fc: Download complete
db3d27292318: Verifying Checksum
db3d27292318: Download complete
789bf1f462cf: Verifying Checksum
789bf1f462cf: Download complete
1be7f2b886e8: Pull complete
6fbc4a21b806: Pull complete
c71a6f8e1378: Pull complete
4be3072e5a37: Pull complete
06c6d2f59700: Pull complete
fa1a78baaec5: Download complete
d536ad1ef6ed: Verifying Checksum
d536ad1ef6ed: Download complete
789bf1f462cf: Pull complete
0b3f1f2cd1fc: Pull complete
db3d27292318: Pull complete
039f7fd527f2: Download complete
035d32612949: Verifying Checksum
035d32612949: Download complete
08b3aa636711: Verifying Checksum
08b3aa636711: Download complete
c8ce61721f1b: Verifying Checksum
c8ce61721f1b: Download complete
2e326c4f4062: Verifying Checksum
2e326c4f4062: Download complete
32d45990243f: Verifying Checksum
32d45990243f: Download complete
94100c835905: Verifying Checksum
94100c835905: Download complete
48d82c8ccbeb: Verifying Checksum
48d82c8ccbeb: Download complete
725134e6593c: Verifying Checksum
725134e6593c: Download complete
1f76bf6abf1a: Verifying Checksum
1f76bf6abf1a: Download complete
98e0e545d720: Verifying Checksum
98e0e545d720: Download complete
39549df109fd: Download complete
4f4fb700ef54: Verifying Checksum
4f4fb700ef54: Download complete
3170343598d9: Download complete
ac0bd54c411e: Download complete
5ea7d855fb8c: Verifying Checksum
5ea7d855fb8c: Download complete
2e326c4f4062: Pull complete
fa1a78baaec5: Pull complete
039f7fd527f2: Pull complete
d536ad1ef6ed: Pull complete
035d32612949: Pull complete
08b3aa636711: Pull complete
7dc0a96787d2: Download complete
c8ce61721f1b: Pull complete
32d45990243f: Pull complete
725134e6593c: Pull complete
94100c835905: Pull complete
48d82c8ccbeb: Pull complete
5ea7d855fb8c: Pull complete
1f76bf6abf1a: Pull complete
98e0e545d720: Pull complete
39549df109fd: Pull complete
4f4fb700ef54: Pull complete
3170343598d9: Pull complete
7dc0a96787d2: Pull complete
ac0bd54c411e: Pull complete
Digest: sha256:79446003e3a0c3318588782c231fedf65b07ee1e77ddacf4de31c867ad116470
Status: Downloaded newer image for n132/arvo:6581-vul
INFO: Seed: 3876280379
INFO: Loaded 1 modules   (26379 inline 8-bit counters): 26379 [0xd9ede8, 0xda54f3), 
INFO: Loaded 1 PC tables (26379 PCs): 26379 [0xa40b10,0xaa7bc0), 
/out/pkcs8: Running 1 inputs 1 time(s) each.
Running: /tmp/poc
=================================================================
==7==ERROR: AddressSanitizer: heap-buffer-overflow on address 0x603000008f98 at pc 0x00000084f4da bp 0x7ffcc53c6550 sp 0x7ffcc53c6548
READ of size 8 at 0x603000008f98 thread T0
SCARINESS: 23 (8-byte-read-heap-buffer-overflow)
    #0 0x84f4d9 in Botan::bigint_monty_redc(unsigned long*, unsigned long const*, unsigned long, unsigned long, unsigned long*, unsigned long) /src/botan/src/lib/math/mp/mp_monty.cpp:62:17
    #1 0x813e7b in Botan::(anonymous namespace)::CurveGFp_Montgomery::curve_mul(Botan::BigInt&, Botan::BigInt const&, Botan::BigInt const&, std::__1::vector<unsigned long, Botan::secure_allocator<unsigned long> >&) const /src/botan/src/lib/pubkey/ec_group/curve_gfp.cpp:92:4
    #2 0x8138b9 in Botan::(anonymous namespace)::CurveGFp_Montgomery::to_curve_rep(Botan::BigInt&, std::__1::vector<unsigned long, Botan::secure_allocator<unsigned long> >&) const /src/botan/src/lib/pubkey/ec_group/curve_gfp.cpp:67:4
    #3 0x6bf4ce in Botan::PointGFp::PointGFp(Botan::CurveGFp const&, Botan::BigInt const&, Botan::BigInt const&) /src/botan/src/lib/pubkey/ec_group/point_gfp.cpp:42:12
    #4 0x6baedc in Botan::EC_Group_Data::EC_Group_Data(Botan::BigInt const&, Botan::BigInt const&, Botan::BigInt const&, Botan::BigInt const&, Botan::BigInt const&, Botan::BigInt const&, Botan::BigInt const&, Botan::OID const&) /src/botan/src/lib/pubkey/ec_group/ec_group.cpp:39:10
    #5 0x6bac4b in __compressed_pair_elem<const Botan::BigInt &, const Botan::BigInt &, const Botan::BigInt &, const Botan::BigInt &, const Botan::BigInt &, const Botan::BigInt &, const Botan::BigInt &, const Botan::OID &, 0, 1, 2, 3, 4, 5, 6, 7> /usr/local/bin/../include/c++/v1/memory:2151:9
    #6 0x6bac4b in __compressed_pair<std::__1::allocator<Botan::EC_Group_Data> &, const Botan::BigInt &, const Botan::BigInt &, const Botan::BigInt &, const Botan::BigInt &, const Botan::BigInt &, const Botan::BigInt &, const Botan::BigInt &, const Botan::OID &> /usr/local/bin/../include/c++/v1/memory:2253
    #7 0x6bac4b in __shared_ptr_emplace<const Botan::BigInt &, const Botan::BigInt &, const Botan::BigInt &, const Botan::BigInt &, const Botan::BigInt &, const Botan::BigInt &, const Botan::BigInt &, const Botan::OID &> /usr/local/bin/../include/c++/v1/memory:3666
    #8 0x6bac4b in std::__1::shared_ptr<Botan::EC_Group_Data> std::__1::shared_ptr<Botan::EC_Group_Data>::make_shared<Botan::BigInt const&, Botan::BigInt const&, Botan::BigInt const&, Botan::BigInt const&, Botan::BigInt const&, Botan::BigInt const&, Botan::BigInt const&, Botan::OID const&>(Botan::BigInt const&, Botan::BigInt const&, Botan::BigInt const&, Botan::BigInt const&, Botan::BigInt const&, Botan::BigInt const&, Botan::BigInt const&, Botan::OID const&) /usr/local/bin/../include/c++/v1/memory:4325
    #9 0x6ba632 in make_shared<Botan::EC_Group_Data, const Botan::BigInt &, const Botan::BigInt &, const Botan::BigInt &, const Botan::BigInt &, const Botan::BigInt &, const Botan::BigInt &, const Botan::BigInt &, const Botan::OID &> /usr/local/bin/../include/c++/v1/memory:4704:12
    #10 0x6ba632 in Botan::EC_Group_Data_Map::add_curve(Botan::BigInt const&, Botan::BigInt const&, Botan::BigInt const&, Botan::BigInt const&, Botan::BigInt const&, Botan::BigInt const&, Botan::BigInt const&, Botan::OID const&) /src/botan/src/lib/pubkey/ec_group/ec_group.cpp:202
    #11 0x6b8d74 in Botan::EC_Group_Data_Map::lookup_or_create(Botan::BigInt const&, Botan::BigInt const&, Botan::BigInt const&, Botan::BigInt const&, Botan::BigInt const&, Botan::BigInt const&, Botan::BigInt const&, Botan::OID const&) /src/botan/src/lib/pubkey/ec_group/ec_group.cpp:187:17
    #12 0x6b3ffe in Botan::EC_Group::BER_decode_EC_group(unsigned char const*, unsigned long) /src/botan/src/lib/pubkey/ec_group/ec_group.cpp:291:30
    #13 0x6b5e06 in Botan::EC_Group::EC_Group(std::__1::vector<unsigned char, std::__1::allocator<unsigned char> > const&) /src/botan/src/lib/pubkey/ec_group/ec_group.cpp:366:13
    #14 0x6cabb6 in Botan::EC_PrivateKey::EC_PrivateKey(Botan::AlgorithmIdentifier const&, std::__1::vector<unsigned char, Botan::secure_allocator<unsigned char> > const&, bool) /src/botan/src/lib/pubkey/ecc_key/ecc_key.cpp:152:22
    #15 0x59250b in Botan::ECDSA_PrivateKey::ECDSA_PrivateKey(Botan::AlgorithmIdentifier const&, std::__1::vector<unsigned char, Botan::secure_allocator<unsigned char> > const&) /src/botan/build/include/botan/ecdsa.h:75:10
    #16 0x58db21 in Botan::load_private_key(Botan::AlgorithmIdentifier const&, std::__1::vector<unsigned char, Botan::secure_allocator<unsigned char> > const&) /src/botan/src/lib/pubkey/pk_algs.cpp:189:47
    #17 0x52e68a in Botan::PKCS8::(anonymous namespace)::load_key(Botan::DataSource&, std::__1::function<std::__1::basic_string<char, std::__1::char_traits<char>, std::__1::allocator<char> > ()>, bool) /src/botan/src/lib/pubkey/pkcs8.cpp:333:11
    #18 0x52ee38 in Botan::PKCS8::load_key(Botan::DataSource&) /src/botan/src/lib/pubkey/pkcs8.cpp:365:11
    #19 0x52f62d in Botan::PKCS8::load_key(Botan::DataSource&, Botan::RandomNumberGenerator&) /src/botan/src/lib/pubkey/pkcs8.cpp:406:11
    #20 0x52a9a9 in fuzz(unsigned char const*, unsigned long) /src/botan/./src/fuzzer/pkcs8.cpp:18:47
    #21 0x52a88c in LLVMFuzzerTestOneInput /src/botan/./src/fuzzer/fuzzers.h:39:7
    #22 0x87b4b0 in fuzzer::Fuzzer::ExecuteCallback(unsigned char const*, unsigned long) /src/libfuzzer/FuzzerLoop.cpp:517:13
    #23 0x859309 in fuzzer::RunOneTest(fuzzer::Fuzzer*, char const*, unsigned long) /src/libfuzzer/FuzzerDriver.cpp:280:6
    #24 0x864b3a in fuzzer::FuzzerDriver(int*, char***, int (*)(unsigned char const*, unsigned long)) /src/libfuzzer/FuzzerDriver.cpp:703:9
    #25 0x8589ac in main /src/libfuzzer/FuzzerMain.cpp:20:10
    #26 0x7e5ee4ec483f in __libc_start_main (/lib/x86_64-linux-gnu/libc.so.6+0x2083f)
    #27 0x426538 in _start (/out/pkcs8+0x426538)

DEDUP_TOKEN: Botan::bigint_monty_redc(unsigned long*, unsigned long const*, unsigned long, unsigned long, unsigned long*, unsigned long)--Botan::(anonymous namespace)::CurveGFp_Montgomery::curve_mul(Botan::BigInt&, Botan::BigInt const&, Botan::BigInt const&, std::__1::vector<unsigned long, Botan::secure_allocator<unsigned long> >&) const--Botan::(anonymous namespace)::CurveGFp_Montgomery::to_curve_rep(Botan::BigInt&, std::__1::vector<unsigned long, Botan::secure_allocator<unsigned long> >&) const
0x603000008f98 is located 0 bytes to the right of 24-byte region [0x603000008f80,0x603000008f98)
allocated by thread T0 here:
    #0 0x4eee30 in calloc /src/llvm/projects/compiler-rt/lib/asan/asan_malloc_linux.cc:97
    #1 0x541342 in Botan::allocate_memory(unsigned long, unsigned long) /src/botan/src/lib/utils/mem_ops.cpp:23:16
    #2 0x575ce8 in allocate /usr/local/bin/../include/c++/v1/memory:1547:21
    #3 0x575ce8 in std::__1::vector<unsigned long, Botan::secure_allocator<unsigned long> >::allocate(unsigned long) /usr/local/bin/../include/c++/v1/vector:937
    #4 0x57b90f in _ZNSt3__16vectorImN5Botan16secure_allocatorImEEE6assignIPmEENS_9enable_ifIXaasr21__is_forward_iteratorIT_EE5valuesr16is_constructibleImNS_15iterator_traitsIS8_E9referenceEEE5valueEvE4typeES8_S8_ /usr/local/bin/../include/c++/v1/vector:1414:9
    #5 0x578749 in operator= /usr/local/bin/../include/c++/v1/vector:1359:9
    #6 0x578749 in Botan::BigInt::BigInt(Botan::BigInt const&) /src/botan/src/lib/math/bigint/bigint.cpp:50
    #7 0x6bf38c in Botan::PointGFp::PointGFp(Botan::CurveGFp const&, Botan::BigInt const&, Botan::BigInt const&) /src/botan/src/lib/pubkey/ec_group/point_gfp.cpp:32:4
    #8 0x6baedc in Botan::EC_Group_Data::EC_Group_Data(Botan::BigInt const&, Botan::BigInt const&, Botan::BigInt const&, Botan::BigInt const&, Botan::BigInt const&, Botan::BigInt const&, Botan::BigInt const&, Botan::OID const&) /src/botan/src/lib/pubkey/ec_group/ec_group.cpp:39:10
    #9 0x6bac4b in __compressed_pair_elem<const Botan::BigInt &, const Botan::BigInt &, const Botan::BigInt &, const Botan::BigInt &, const Botan::BigInt &, const Botan::BigInt &, const Botan::BigInt &, const Botan::OID &, 0, 1, 2, 3, 4, 5, 6, 7> /usr/local/bin/../include/c++/v1/memory:2151:9
    #10 0x6bac4b in __compressed_pair<std::__1::allocator<Botan::EC_Group_Data> &, const Botan::BigInt &, const Botan::BigInt &, const Botan::BigInt &, const Botan::BigInt &, const Botan::BigInt &, const Botan::BigInt &, const Botan::BigInt &, const Botan::OID &> /usr/local/bin/../include/c++/v1/memory:2253
    #11 0x6bac4b in __shared_ptr_emplace<const Botan::BigInt &, const Botan::BigInt &, const Botan::BigInt &, const Botan::BigInt &, const Botan::BigInt &, const Botan::BigInt &, const Botan::BigInt &, const Botan::OID &> /usr/local/bin/../include/c++/v1/memory:3666
    #12 0x6bac4b in std::__1::shared_ptr<Botan::EC_Group_Data> std::__1::shared_ptr<Botan::EC_Group_Data>::make_shared<Botan::BigInt const&, Botan::BigInt const&, Botan::BigInt const&, Botan::BigInt const&, Botan::BigInt const&, Botan::BigInt const&, Botan::BigInt const&, Botan::OID const&>(Botan::BigInt const&, Botan::BigInt const&, Botan::BigInt const&, Botan::BigInt const&, Botan::BigInt const&, Botan::BigInt const&, Botan::BigInt const&, Botan::OID const&) /usr/local/bin/../include/c++/v1/memory:4325
    #13 0x6ba632 in make_shared<Botan::EC_Group_Data, const Botan::BigInt &, const Botan::BigInt &, const Botan::BigInt &, const Botan::BigInt &, const Botan::BigInt &, const Botan::BigInt &, const Botan::BigInt &, const Botan::OID &> /usr/local/bin/../include/c++/v1/memory:4704:12
    #14 0x6ba632 in Botan::EC_Group_Data_Map::add_curve(Botan::BigInt const&, Botan::BigInt const&, Botan::BigInt const&, Botan::BigInt const&, Botan::BigInt const&, Botan::BigInt const&, Botan::BigInt const&, Botan::OID const&) /src/botan/src/lib/pubkey/ec_group/ec_group.cpp:202
    #15 0x6b8d74 in Botan::EC_Group_Data_Map::lookup_or_create(Botan::BigInt const&, Botan::BigInt const&, Botan::BigInt const&, Botan::BigInt const&, Botan::BigInt const&, Botan::BigInt const&, Botan::BigInt const&, Botan::OID const&) /src/botan/src/lib/pubkey/ec_group/ec_group.cpp:187:17
    #16 0x6b3ffe in Botan::EC_Group::BER_decode_EC_group(unsigned char const*, unsigned long) /src/botan/src/lib/pubkey/ec_group/ec_group.cpp:291:30
    #17 0x6b5e06 in Botan::EC_Group::EC_Group(std::__1::vector<unsigned char, std::__1::allocator<unsigned char> > const&) /src/botan/src/lib/pubkey/ec_group/ec_group.cpp:366:13
    #18 0x6cabb6 in Botan::EC_PrivateKey::EC_PrivateKey(Botan::AlgorithmIdentifier const&, std::__1::vector<unsigned char, Botan::secure_allocator<unsigned char> > const&, bool) /src/botan/src/lib/pubkey/ecc_key/ecc_key.cpp:152:22
    #19 0x59250b in Botan::ECDSA_PrivateKey::ECDSA_PrivateKey(Botan::AlgorithmIdentifier const&, std::__1::vector<unsigned char, Botan::secure_allocator<unsigned char> > const&) /src/botan/build/include/botan/ecdsa.h:75:10
    #20 0x58db21 in Botan::load_private_key(Botan::AlgorithmIdentifier const&, std::__1::vector<unsigned char, Botan::secure_allocator<unsigned char> > const&) /src/botan/src/lib/pubkey/pk_algs.cpp:189:47
    #21 0x52e68a in Botan::PKCS8::(anonymous namespace)::load_key(Botan::DataSource&, std::__1::function<std::__1::basic_string<char, std::__1::char_traits<char>, std::__1::allocator<char> > ()>, bool) /src/botan/src/lib/pubkey/pkcs8.cpp:333:11
    #22 0x52ee38 in Botan::PKCS8::load_key(Botan::DataSource&) /src/botan/src/lib/pubkey/pkcs8.cpp:365:11
    #23 0x52f62d in Botan::PKCS8::load_key(Botan::DataSource&, Botan::RandomNumberGenerator&) /src/botan/src/lib/pubkey/pkcs8.cpp:406:11
    #24 0x52a9a9 in fuzz(unsigned char const*, unsigned long) /src/botan/./src/fuzzer/pkcs8.cpp:18:47
    #25 0x52a88c in LLVMFuzzerTestOneInput /src/botan/./src/fuzzer/fuzzers.h:39:7
    #26 0x87b4b0 in fuzzer::Fuzzer::ExecuteCallback(unsigned char const*, unsigned long) /src/libfuzzer/FuzzerLoop.cpp:517:13
    #27 0x859309 in fuzzer::RunOneTest(fuzzer::Fuzzer*, char const*, unsigned long) /src/libfuzzer/FuzzerDriver.cpp:280:6
    #28 0x864b3a in fuzzer::FuzzerDriver(int*, char***, int (*)(unsigned char const*, unsigned long)) /src/libfuzzer/FuzzerDriver.cpp:703:9
    #29 0x8589ac in main /src/libfuzzer/FuzzerMain.cpp:20:10
    #30 0x7e5ee4ec483f in __libc_start_main (/lib/x86_64-linux-gnu/libc.so.6+0x2083f)

DEDUP_TOKEN: calloc--Botan::allocate_memory(unsigned long, unsigned long)--allocate
SUMMARY: AddressSanitizer: heap-buffer-overflow /src/botan/src/lib/math/mp/mp_monty.cpp:62:17 in Botan::bigint_monty_redc(unsigned long*, unsigned long const*, unsigned long, unsigned long, unsigned long*, unsigned long)
Shadow bytes around the buggy address:
  0x0c067fff91a0: fa fa fd fd fd fd fa fa fd fd fd fd fa fa fd fd
  0x0c067fff91b0: fd fa fa fa fd fd fd fa fa fa fd fd fd fd fa fa
  0x0c067fff91c0: fd fd fd fa fa fa fd fd fd fd fa fa fd fd fd fd
  0x0c067fff91d0: fa fa fd fd fd fd fa fa 00 00 00 fa fa fa fd fd
  0x0c067fff91e0: fd fd fa fa fd fd fd fd fa fa 00 00 00 00 fa fa
=>0x0c067fff91f0: 00 00 00[fa]fa fa 00 00 00 fa fa fa fa fa fa fa
  0x0c067fff9200: fa fa fa fa fa fa fa fa fa fa fa fa fa fa fa fa
  0x0c067fff9210: fa fa fa fa fa fa fa fa fa fa fa fa fa fa fa fa
  0x0c067fff9220: fa fa fa fa fa fa fa fa fa fa fa fa fa fa fa fa
  0x0c067fff9230: fa fa fa fa fa fa fa fa fa fa fa fa fa fa fa fa
  0x0c067fff9240: fa fa fa fa fa fa fa fa fa fa fa fa fa fa fa fa
Shadow byte legend (one shadow byte represents 8 application bytes):
  Addressable:           00
  Partially addressable: 01 02 03 04 05 06 07 
  Heap left redzone:       fa
  Freed heap region:       fd
  Stack left redzone:      f1
  Stack mid redzone:       f2
  Stack right redzone:     f3
  Stack after return:      f5
  Stack use after scope:   f8
  Global redzone:          f9
  Global init order:       f6
  Poisoned by user:        f7
  Container overflow:      fc
  Array cookie:            ac
  Intra object redzone:    bb
  ASan internal:           fe
  Left alloca redzone:     ca
  Right alloca redzone:    cb
==7==ABORTING
