INFO: Running with entropic power schedule (0xFF, 100).
INFO: Seed: 71064266
INFO: Loaded 1 modules   (30955 inline 8-bit counters): 30955 [0xef3d30, 0xefb61b),
INFO: Loaded 1 PC tables (30955 PCs): 30955 [0xefb620,0xf744d0),
/out/av1_dec_fuzzer: Running 1 inputs 1 time(s) each.
Running: /tmp/poc
=================================================================
==13==ERROR: AddressSanitizer: heap-buffer-overflow on address 0x60f0000001de at pc 0x0000007bd2dc bp 0x7ffc3266e310 sp 0x7ffc3266e308
READ of size 1 at 0x60f0000001de thread T0
SCARINESS: 12 (1-byte-read-heap-buffer-overflow)
    #0 0x7bd2db in od_ec_dec_refill /src/aom/aom_dsp/entdec.c:94:26
    #1 0x7bd2db in od_ec_dec_normalize /src/aom/aom_dsp/entdec.c:136:21
    #2 0x602a7f in aom_read_cdf_ /src/aom/aom_dsp/bitreader.h:172:10
    #3 0x602a7f in aom_read_symbol_ /src/aom/aom_dsp/bitreader.h:223:9
    #4 0x602a7f in decode_color_map_tokens /src/aom/av1/decoder/detokenize.c:44:29
    #5 0x602a7f in av1_decode_palette_tokens /src/aom/av1/decoder/detokenize.c:77:3
    #6 0x5f18ce in av1_visit_palette /src/aom/av1/decoder/decoder.c:243:11
    #7 0x5c401b in parse_decode_block /src/aom/av1/decoder/decodeframe.c:1126:3
    #8 0x5c0051 in decode_partition /src/aom/av1/decoder/decodeframe.c:1337:7
    #9 0x5bfe9f in decode_partition /src/aom/av1/decoder/decodeframe.c:1345:7
    #10 0x5bfec5 in decode_partition /src/aom/av1/decoder/decodeframe.c:1346:7
    #11 0x5ad0af in parse_tile_row_mt /src/aom/av1/decoder/decodeframe.c:3151:7
    #12 0x5ad0af in row_mt_worker_hook /src/aom/av1/decoder/decodeframe.c:3222:7
    #13 0x9445df in execute /src/aom/aom_util/aom_thread.c:195:27
    #14 0x5a1a10 in launch_dec_workers /src/aom/av1/decoder/decodeframe.c
    #15 0x5a1a10 in decode_tiles_row_mt /src/aom/av1/decoder/decodeframe.c:3825:3
    #16 0x5a1a10 in av1_decode_tg_tiles_and_wrapup /src/aom/av1/decoder/decodeframe.c:5254:9
    #17 0x61a314 in read_one_tile_group_obu /src/aom/av1/decoder/obu.c:361:3
    #18 0x61a314 in aom_decode_frame_from_obus /src/aom/av1/decoder/obu.c:1030:33
    #19 0x5f35ff in av1_receive_compressed_data /src/aom/av1/decoder/decoder.c:474:7
    #20 0x5817c2 in frame_worker_hook /src/aom/av1/av1_dx_iface.c:413:16
    #21 0x9445df in execute /src/aom/aom_util/aom_thread.c:195:27
    #22 0x56f789 in decode_one /src/aom/av1/av1_dx_iface.c:550:3
    #23 0x56f789 in decoder_decode /src/aom/av1/av1_dx_iface.c:737:11
    #24 0x56e3d1 in aom_codec_decode /src/aom/aom/src/aom_decoder.c:103:11
    #25 0x56c799 in LLVMFuzzerTestOneInput /src/aom/examples/av1_dec_fuzzer.cc:71:9
    #26 0x43ddf3 in fuzzer::Fuzzer::ExecuteCallback(unsigned char const*, unsigned long) /src/llvm-project/compiler-rt/lib/fuzzer/FuzzerLoop.cpp:611:15
    #27 0x429552 in fuzzer::RunOneTest(fuzzer::Fuzzer*, char const*, unsigned long) /src/llvm-project/compiler-rt/lib/fuzzer/FuzzerDriver.cpp:324:6
    #28 0x42edfc in fuzzer::FuzzerDriver(int*, char***, int (*)(unsigned char const*, unsigned long)) /src/llvm-project/compiler-rt/lib/fuzzer/FuzzerDriver.cpp:860:9
    #29 0x458332 in main /src/llvm-project/compiler-rt/lib/fuzzer/FuzzerMain.cpp:20:10
    #30 0x7c1357ccf082 in __libc_start_main (/lib/x86_64-linux-gnu/libc.so.6+0x24082) (BuildId: 87b331c034a6458c64ce09c03939e947212e18ce)
    #31 0x41f71d in _start (/out/av1_dec_fuzzer+0x41f71d)

DEDUP_TOKEN: od_ec_dec_refill--od_ec_dec_normalize--aom_read_cdf_
0x60f0000001de is located 0 bytes to the right of 174-byte region [0x60f000000130,0x60f0000001de)
allocated by thread T0 here:
    #0 0x52ef86 in __interceptor_malloc /src/llvm-project/compiler-rt/lib/asan/asan_malloc_linux.cpp:69:3
    #1 0x4ad987 in operator new(unsigned long) cxa_noexception.cpp
    #2 0x429552 in fuzzer::RunOneTest(fuzzer::Fuzzer*, char const*, unsigned long) /src/llvm-project/compiler-rt/lib/fuzzer/FuzzerDriver.cpp:324:6
    #3 0x42edfc in fuzzer::FuzzerDriver(int*, char***, int (*)(unsigned char const*, unsigned long)) /src/llvm-project/compiler-rt/lib/fuzzer/FuzzerDriver.cpp:860:9
    #4 0x458332 in main /src/llvm-project/compiler-rt/lib/fuzzer/FuzzerMain.cpp:20:10
    #5 0x7c1357ccf082 in __libc_start_main (/lib/x86_64-linux-gnu/libc.so.6+0x24082) (BuildId: 87b331c034a6458c64ce09c03939e947212e18ce)

DEDUP_TOKEN: __interceptor_malloc--operator new(unsigned long)--fuzzer::RunOneTest(fuzzer::Fuzzer*, char const*, unsigned long)
SUMMARY: AddressSanitizer: heap-buffer-overflow /src/aom/aom_dsp/entdec.c:94:26 in od_ec_dec_refill
Shadow bytes around the buggy address:
  0x0c1e7fff7fe0: 00 00 00 00 00 00 00 00 00 00 00 00 00 00 00 00
  0x0c1e7fff7ff0: 00 00 00 00 00 00 00 00 00 00 00 00 00 00 00 00
  0x0c1e7fff8000: fa fa fa fa fa fa fa fa 00 00 00 00 00 00 00 00
  0x0c1e7fff8010: 00 00 00 00 00 00 00 00 00 00 00 00 00 06 fa fa
  0x0c1e7fff8020: fa fa fa fa fa fa 00 00 00 00 00 00 00 00 00 00
=>0x0c1e7fff8030: 00 00 00 00 00 00 00 00 00 00 00[06]fa fa fa fa
  0x0c1e7fff8040: fa fa fa fa fa fa fa fa fa fa fa fa fa fa fa fa
  0x0c1e7fff8050: fa fa fa fa fa fa fa fa fa fa fa fa fa fa fa fa
  0x0c1e7fff8060: fa fa fa fa fa fa fa fa fa fa fa fa fa fa fa fa
  0x0c1e7fff8070: fa fa fa fa fa fa fa fa fa fa fa fa fa fa fa fa
  0x0c1e7fff8080: fa fa fa fa fa fa fa fa fa fa fa fa fa fa fa fa
Shadow byte legend (one shadow byte represents 8 application bytes):
  Addressable:           00
  Partially addressable: 01 02 03 04 05 06 07
  Heap left redzone:       fa
  Freed heap region:       fd
  Stack left redzone:      f1
  Stack mid redzone:       f2
  Stack right redzone:     f3
  Stack after return:      f5
  Stack use after scope:   f8
  Global redzone:          f9
  Global init order:       f6
  Poisoned by user:        f7
  Container overflow:      fc
  Array cookie:            ac
  Intra object redzone:    bb
  ASan internal:           fe
  Left alloca redzone:     ca
  Right alloca redzone:    cb
==13==ABORTING