Unable to find image 'n132/arvo:8615-vul' locally
8615-vul: Pulling from n132/arvo
297061f60c36: Already exists
e9ccef17b516: Already exists
dbc33716854d: Already exists
8fe36b178d25: Already exists
686596545a94: Already exists
1524b83a9ffb: Already exists
a57a1981f1c3: Already exists
869af9d797ab: Already exists
a5ca79036aa0: Already exists
569aee00a013: Already exists
62366290f4a0: Already exists
9981975630fc: Already exists
b0f8b1fd03a7: Already exists
0347aff43da0: Already exists
b8dc3dc7a501: Already exists
7a52e4a0d59b: Already exists
8330d90b9479: Pulling fs layer
c06a18e8f1d1: Pulling fs layer
8bfac4f8ab0f: Pulling fs layer
1b62cd523f16: Pulling fs layer
7b945105c277: Pulling fs layer
293062ec2950: Pulling fs layer
fb7baf086c1b: Pulling fs layer
dd53c9a90eef: Pulling fs layer
921b11b6fc03: Pulling fs layer
285652a7bb1e: Pulling fs layer
ff916a23d2da: Pulling fs layer
d4dc3d68e16e: Pulling fs layer
9d4ec97ff46b: Pulling fs layer
f2564ae515c2: Pulling fs layer
0d7537e373c2: Pulling fs layer
566a92725484: Pulling fs layer
5f425967f76e: Pulling fs layer
33550f506258: Pulling fs layer
d373272c7795: Pulling fs layer
1b62cd523f16: Waiting
20b92daddb3d: Pulling fs layer
d5a8ccc07252: Pulling fs layer
7b945105c277: Waiting
293062ec2950: Waiting
a4e39428c4ad: Pulling fs layer
fb7baf086c1b: Waiting
4f4fb700ef54: Pulling fs layer
a54551cb49b7: Pulling fs layer
dd53c9a90eef: Waiting
68792a35946a: Pulling fs layer
285652a7bb1e: Waiting
ff916a23d2da: Waiting
76e664563b1d: Pulling fs layer
921b11b6fc03: Waiting
d4dc3d68e16e: Waiting
9d4ec97ff46b: Waiting
0d7537e373c2: Waiting
566a92725484: Waiting
a4e39428c4ad: Waiting
4f4fb700ef54: Waiting
a54551cb49b7: Waiting
5f425967f76e: Waiting
68792a35946a: Waiting
33550f506258: Waiting
76e664563b1d: Waiting
d373272c7795: Waiting
d5a8ccc07252: Waiting
20b92daddb3d: Waiting
c06a18e8f1d1: Verifying Checksum
c06a18e8f1d1: Download complete
8bfac4f8ab0f: Verifying Checksum
8bfac4f8ab0f: Download complete
8330d90b9479: Verifying Checksum
8330d90b9479: Download complete
293062ec2950: Verifying Checksum
293062ec2950: Download complete
7b945105c277: Verifying Checksum
7b945105c277: Download complete
dd53c9a90eef: Verifying Checksum
dd53c9a90eef: Download complete
8330d90b9479: Pull complete
c06a18e8f1d1: Pull complete
921b11b6fc03: Download complete
1b62cd523f16: Verifying Checksum
1b62cd523f16: Download complete
285652a7bb1e: Verifying Checksum
285652a7bb1e: Download complete
fb7baf086c1b: Verifying Checksum
fb7baf086c1b: Download complete
ff916a23d2da: Verifying Checksum
ff916a23d2da: Download complete
9d4ec97ff46b: Download complete
d4dc3d68e16e: Verifying Checksum
d4dc3d68e16e: Download complete
8bfac4f8ab0f: Pull complete
f2564ae515c2: Verifying Checksum
f2564ae515c2: Download complete
0d7537e373c2: Download complete
566a92725484: Verifying Checksum
566a92725484: Download complete
5f425967f76e: Verifying Checksum
5f425967f76e: Download complete
33550f506258: Verifying Checksum
d373272c7795: Verifying Checksum
d373272c7795: Download complete
d5a8ccc07252: Verifying Checksum
d5a8ccc07252: Download complete
a4e39428c4ad: Verifying Checksum
a4e39428c4ad: Download complete
4f4fb700ef54: Download complete
a54551cb49b7: Download complete
76e664563b1d: Verifying Checksum
76e664563b1d: Download complete
20b92daddb3d: Verifying Checksum
20b92daddb3d: Download complete
1b62cd523f16: Pull complete
7b945105c277: Pull complete
293062ec2950: Pull complete
fb7baf086c1b: Pull complete
dd53c9a90eef: Pull complete
921b11b6fc03: Pull complete
285652a7bb1e: Pull complete
ff916a23d2da: Pull complete
d4dc3d68e16e: Pull complete
9d4ec97ff46b: Pull complete
f2564ae515c2: Pull complete
0d7537e373c2: Pull complete
566a92725484: Pull complete
5f425967f76e: Pull complete
33550f506258: Pull complete
d373272c7795: Pull complete
20b92daddb3d: Pull complete
d5a8ccc07252: Pull complete
a4e39428c4ad: Pull complete
4f4fb700ef54: Pull complete
a54551cb49b7: Pull complete
68792a35946a: Verifying Checksum
68792a35946a: Download complete
68792a35946a: Pull complete
76e664563b1d: Pull complete
Digest: sha256:a6bc553ee91bcac7b0e0dba23666f55672988dddcf33330b0684a771293a4bf1
Status: Downloaded newer image for n132/arvo:8615-vul
======================= INFO =========================
This binary is built for AFL-fuzz.
To run the target function on individual input(s) execute this:
  /out/coder_MNG_fuzzer < INPUT_FILE
or
  /out/coder_MNG_fuzzer INPUT_FILE1 [INPUT_FILE2 ... ]
To fuzz with afl-fuzz execute this:
  afl-fuzz [afl-flags] /out/coder_MNG_fuzzer [-N]
afl-fuzz will run N iterations before re-spawning the process (default: 1000)
======================================================
=================================================================
==7==ERROR: AddressSanitizer: heap-buffer-overflow on address 0x6020000000d9 at pc 0x000000736b0c bp 0x7ffeeef798f0 sp 0x7ffeeef798e8
READ of size 1 at 0x6020000000d9 thread T0
SCARINESS: 12 (1-byte-read-heap-buffer-overflow)
    #0 0x736b0b in mng_get_long /src/graphicsmagick/coders/png.c:1021:38
    #1 0x722b1a in ReadMNGImage /src/graphicsmagick/coders/png.c:4391:48
    #2 0x5c937b in ReadImage /src/graphicsmagick/magick/constitute.c:1607:13
    #3 0x5828f8 in BlobToImage /src/graphicsmagick/magick/blob.c:764:13
    #4 0x536d5e in Magick::Image::read(Magick::Blob const&) /src/graphicsmagick/Magick++/lib/Image.cpp:1591:5
    #5 0x52e603 in LLVMFuzzerTestOneInput /src/graphicsmagick/fuzzing/coder_fuzzer.cc:20:15
    #6 0x52ef3f in ExecuteFilesOnyByOne(int, char**) /src/libfuzzer/afl/afl_driver.cpp:301:5
    #7 0x52f4ee in main /src/libfuzzer/afl/afl_driver.cpp:339:12
    #8 0x76505d5ca83f in __libc_start_main (/lib/x86_64-linux-gnu/libc.so.6+0x2083f)
    #9 0x41ddc8 in _start (/out/coder_MNG_fuzzer+0x41ddc8)

DEDUP_TOKEN: mng_get_long--ReadMNGImage--ReadImage
0x6020000000d9 is located 0 bytes to the right of 9-byte region [0x6020000000d0,0x6020000000d9)
allocated by thread T0 here:
    #0 0x4ebc57 in malloc /src/llvm/projects/compiler-rt/lib/asan/asan_malloc_linux.cc:98
    #1 0x71ecbb in ReadMNGImage /src/graphicsmagick/coders/png.c:4222:21
    #2 0x5c937b in ReadImage /src/graphicsmagick/magick/constitute.c:1607:13
    #3 0x5828f8 in BlobToImage /src/graphicsmagick/magick/blob.c:764:13
    #4 0x536d5e in Magick::Image::read(Magick::Blob const&) /src/graphicsmagick/Magick++/lib/Image.cpp:1591:5
    #5 0x52e603 in LLVMFuzzerTestOneInput /src/graphicsmagick/fuzzing/coder_fuzzer.cc:20:15
    #6 0x52ef3f in ExecuteFilesOnyByOne(int, char**) /src/libfuzzer/afl/afl_driver.cpp:301:5
    #7 0x52f4ee in main /src/libfuzzer/afl/afl_driver.cpp:339:12
    #8 0x76505d5ca83f in __libc_start_main (/lib/x86_64-linux-gnu/libc.so.6+0x2083f)

DEDUP_TOKEN: malloc--ReadMNGImage--ReadImage
SUMMARY: AddressSanitizer: heap-buffer-overflow /src/graphicsmagick/coders/png.c:1021:38 in mng_get_long
Shadow bytes around the buggy address:
  0x0c047fff7fc0: 00 00 00 00 00 00 00 00 00 00 00 00 00 00 00 00
  0x0c047fff7fd0: 00 00 00 00 00 00 00 00 00 00 00 00 00 00 00 00
  0x0c047fff7fe0: 00 00 00 00 00 00 00 00 00 00 00 00 00 00 00 00
  0x0c047fff7ff0: 00 00 00 00 00 00 00 00 00 00 00 00 00 00 00 00
  0x0c047fff8000: fa fa fd fa fa fa fd fa fa fa 00 00 fa fa 00 00
=>0x0c047fff8010: fa fa fd fd fa fa 00 00 fa fa 00[01]fa fa fa fa
  0x0c047fff8020: fa fa fa fa fa fa fa fa fa fa fa fa fa fa fa fa
  0x0c047fff8030: fa fa fa fa fa fa fa fa fa fa fa fa fa fa fa fa
  0x0c047fff8040: fa fa fa fa fa fa fa fa fa fa fa fa fa fa fa fa
  0x0c047fff8050: fa fa fa fa fa fa fa fa fa fa fa fa fa fa fa fa
  0x0c047fff8060: fa fa fa fa fa fa fa fa fa fa fa fa fa fa fa fa
Shadow byte legend (one shadow byte represents 8 application bytes):
  Addressable:           00
  Partially addressable: 01 02 03 04 05 06 07 
  Heap left redzone:       fa
  Freed heap region:       fd
  Stack left redzone:      f1
  Stack mid redzone:       f2
  Stack right redzone:     f3
  Stack after return:      f5
  Stack use after scope:   f8
  Global redzone:          f9
  Global init order:       f6
  Poisoned by user:        f7
  Container overflow:      fc
  Array cookie:            ac
  Intra object redzone:    bb
  ASan internal:           fe
  Left alloca redzone:     ca
  Right alloca redzone:    cb
  Shadow gap:              cc
==7==ABORTING
