INFO: Seed: 3269121521
INFO: Loaded 1 modules   (74411 inline 8-bit counters): 74411 [0x1353f08, 0x13661b3),
INFO: Loaded 1 PC tables (74411 PCs): 74411 [0x13661b8,0x1488c68),
/out/coder_PNG_fuzzer: Running 1 inputs 1 time(s) each.
Running: /tmp/poc
=================================================================
==13==ERROR: AddressSanitizer: heap-buffer-overflow on address 0x6070000001ba at pc 0x0000007d1749 bp 0x7fff7b26a7d0 sp 0x7fff7b26a7c8
READ of size 1 at 0x6070000001ba thread T0
SCARINESS: 12 (1-byte-read-heap-buffer-overflow)
    #0 0x7d1748 in png_read_raw_profile /src/graphicsmagick/coders/png.c:1161:10
    #1 0x7ce894 in ReadOnePNGImage /src/graphicsmagick/coders/png.c:2690:17
    #2 0x7c556c in ReadPNGImage /src/graphicsmagick/coders/png.c:2887:9
    #3 0x646f9a in ReadImage /src/graphicsmagick/magick/constitute.c:1607:13
    #4 0x5fe2e4 in BlobToImage /src/graphicsmagick/magick/blob.c:764:13
    #5 0x5b408f in Magick::Image::read(Magick::Blob const&) /src/graphicsmagick/Magick++/lib/Image.cpp:1591:5
    #6 0x52a6e6 in LLVMFuzzerTestOneInput /src/graphicsmagick/fuzzing/coder_fuzzer.cc:20:15
    #7 0x5540dc in fuzzer::Fuzzer::ExecuteCallback(unsigned char const*, unsigned long) /src/libfuzzer/FuzzerLoop.cpp:520:13
    #8 0x52b6da in fuzzer::RunOneTest(fuzzer::Fuzzer*, char const*, unsigned long) /src/libfuzzer/FuzzerDriver.cpp:280:6
    #9 0x536f2b in fuzzer::FuzzerDriver(int*, char***, int (*)(unsigned char const*, unsigned long)) /src/libfuzzer/FuzzerDriver.cpp:701:9
    #10 0x52ad7c in main /src/libfuzzer/FuzzerMain.cpp:20:10
    #11 0x7a4318d1183f in __libc_start_main (/lib/x86_64-linux-gnu/libc.so.6+0x2083f)
    #12 0x41dd88 in _start (/out/coder_PNG_fuzzer+0x41dd88)

DEDUP_TOKEN: png_read_raw_profile--ReadOnePNGImage--ReadPNGImage
0x6070000001ba is located 0 bytes to the right of 74-byte region [0x607000000170,0x6070000001ba)
allocated by thread T0 here:
    #0 0x4eada7 in malloc /src/llvm/projects/compiler-rt/lib/asan/asan_malloc_linux.cc:98
    #1 0xa629e8 in png_set_text_2 /src/libpng/pngset.c:902:20
    #2 0xa57cc9 in png_handle_tEXt /src/libpng/pngrutil.c:2589:8
    #3 0xa283fe in png_read_end /src/libpng/pngread.c:908:10
    #4 0x7cda2e in ReadOnePNGImage /src/graphicsmagick/coders/png.c:2590:3
    #5 0x7c556c in ReadPNGImage /src/graphicsmagick/coders/png.c:2887:9
    #6 0x646f9a in ReadImage /src/graphicsmagick/magick/constitute.c:1607:13
    #7 0x5fe2e4 in BlobToImage /src/graphicsmagick/magick/blob.c:764:13
    #8 0x5b408f in Magick::Image::read(Magick::Blob const&) /src/graphicsmagick/Magick++/lib/Image.cpp:1591:5
    #9 0x52a6e6 in LLVMFuzzerTestOneInput /src/graphicsmagick/fuzzing/coder_fuzzer.cc:20:15
    #10 0x5540dc in fuzzer::Fuzzer::ExecuteCallback(unsigned char const*, unsigned long) /src/libfuzzer/FuzzerLoop.cpp:520:13
    #11 0x52b6da in fuzzer::RunOneTest(fuzzer::Fuzzer*, char const*, unsigned long) /src/libfuzzer/FuzzerDriver.cpp:280:6
    #12 0x536f2b in fuzzer::FuzzerDriver(int*, char***, int (*)(unsigned char const*, unsigned long)) /src/libfuzzer/FuzzerDriver.cpp:701:9
    #13 0x52ad7c in main /src/libfuzzer/FuzzerMain.cpp:20:10
    #14 0x7a4318d1183f in __libc_start_main (/lib/x86_64-linux-gnu/libc.so.6+0x2083f)

DEDUP_TOKEN: malloc--png_set_text_2--png_handle_tEXt
SUMMARY: AddressSanitizer: heap-buffer-overflow /src/graphicsmagick/coders/png.c:1161:10 in png_read_raw_profile
Shadow bytes around the buggy address:
  0x0c0e7fff7fe0: 00 00 00 00 00 00 00 00 00 00 00 00 00 00 00 00
  0x0c0e7fff7ff0: 00 00 00 00 00 00 00 00 00 00 00 00 00 00 00 00
  0x0c0e7fff8000: fa fa fa fa fd fd fd fd fd fd fd fd fd fa fa fa
  0x0c0e7fff8010: fa fa fd fd fd fd fd fd fd fd fd fa fa fa fa fa
  0x0c0e7fff8020: 00 00 00 00 00 00 00 00 07 fa fa fa fa fa 00 00
=>0x0c0e7fff8030: 00 00 00 00 00 00 00[02]fa fa fa fa fa fa fa fa
  0x0c0e7fff8040: fa fa fa fa fa fa fa fa fa fa fa fa fa fa fa fa
  0x0c0e7fff8050: fa fa fa fa fa fa fa fa fa fa fa fa fa fa fa fa
  0x0c0e7fff8060: fa fa fa fa fa fa fa fa fa fa fa fa fa fa fa fa
  0x0c0e7fff8070: fa fa fa fa fa fa fa fa fa fa fa fa fa fa fa fa
  0x0c0e7fff8080: fa fa fa fa fa fa fa fa fa fa fa fa fa fa fa fa
Shadow byte legend (one shadow byte represents 8 application bytes):
  Addressable:           00
  Partially addressable: 01 02 03 04 05 06 07
  Heap left redzone:       fa
  Freed heap region:       fd
  Stack left redzone:      f1
  Stack mid redzone:       f2
  Stack right redzone:     f3
  Stack after return:      f5
  Stack use after scope:   f8
  Global redzone:          f9
  Global init order:       f6
  Poisoned by user:        f7
  Container overflow:      fc
  Array cookie:            ac
  Intra object redzone:    bb
  ASan internal:           fe
  Left alloca redzone:     ca
  Right alloca redzone:    cb
==13==ABORTING