======================= INFO =========================
This binary is built for AFL-fuzz.
To run the target function on individual input(s) execute this:
  /out/ffmpeg_AV_CODEC_ID_DVDSUB_fuzzer < INPUT_FILE
or
  /out/ffmpeg_AV_CODEC_ID_DVDSUB_fuzzer INPUT_FILE1 [INPUT_FILE2 ... ]
To fuzz with afl-fuzz execute this:
  afl-fuzz [afl-flags] /out/ffmpeg_AV_CODEC_ID_DVDSUB_fuzzer [-N]
afl-fuzz will run N iterations before re-spawning the process (default: 1000)
======================================================
=================================================================
==13==ERROR: AddressSanitizer: heap-buffer-overflow on address 0x61e000000a80 at pc 0x0000005489dd bp 0x7ffd05a85410 sp 0x7ffd05a85408
READ of size 4 at 0x61e000000a80 thread T0
SCARINESS: 17 (4-byte-read-heap-buffer-overflow)
    #0 0x5489dc in get_bits /src/ffmpeg/libavcodec/get_bits.h:274:5
    #1 0x5486c9 in decode_run_2bit /src/ffmpeg/libavcodec/dvdsubdec.c:74:24
    #2 0x547954 in decode_rle /src/ffmpeg/libavcodec/dvdsubdec.c:130:19
    #3 0x545e42 in decode_dvd_subtitles /src/ffmpeg/libavcodec/dvdsubdec.c:386:21
    #4 0x543b7d in dvdsub_decode /src/ffmpeg/libavcodec/dvdsubdec.c:592:15
    #5 0x538322 in avcodec_decode_subtitle2 /src/ffmpeg/libavcodec/decode.c:1032:19
    #6 0x52f6f3 in subtitle_handler /src/ffmpeg/tools/target_dec_fuzzer.c:82:15
    #7 0x52ed5a in LLVMFuzzerTestOneInput /src/ffmpeg/tools/target_dec_fuzzer.c:245:23
    #8 0x935bbf in ExecuteFilesOnyByOne(int, char**) /src/libfuzzer/afl/afl_driver.cpp:301:5
    #9 0x93616e in main /src/libfuzzer/afl/afl_driver.cpp:339:12
    #10 0x7cd1f939b83f in __libc_start_main (/lib/x86_64-linux-gnu/libc.so.6+0x2083f)
    #11 0x41d5b8 in _start (/out/ffmpeg_AV_CODEC_ID_DVDSUB_fuzzer+0x41d5b8)

DEDUP_TOKEN: get_bits--decode_run_2bit--decode_rle
0x61e000000a80 is located 0 bytes to the right of 2560-byte region [0x61e000000080,0x61e000000a80)
allocated by thread T0 here:
    #0 0x4ec108 in __interceptor_posix_memalign /src/llvm/projects/compiler-rt/lib/asan/asan_malloc_linux.cc:194
    #1 0x8df169 in av_malloc /src/ffmpeg/libavutil/mem.c:87:9
    #2 0x57a317 in dvdsub_parse /src/ffmpeg/libavcodec/dvdsub_parser.c:57:22
    #3 0x54b735 in av_parser_parse2 /src/ffmpeg/libavcodec/parser.c:251:13
    #4 0x52ea6d in LLVMFuzzerTestOneInput /src/ffmpeg/tools/target_dec_fuzzer.c:224:27
    #5 0x935bbf in ExecuteFilesOnyByOne(int, char**) /src/libfuzzer/afl/afl_driver.cpp:301:5
    #6 0x93616e in main /src/libfuzzer/afl/afl_driver.cpp:339:12
    #7 0x7cd1f939b83f in __libc_start_main (/lib/x86_64-linux-gnu/libc.so.6+0x2083f)

DEDUP_TOKEN: __interceptor_posix_memalign--av_malloc--dvdsub_parse
SUMMARY: AddressSanitizer: heap-buffer-overflow /src/ffmpeg/libavcodec/get_bits.h:274:5 in get_bits
Shadow bytes around the buggy address:
  0x0c3c7fff8100: 00 00 00 00 00 00 00 00 00 00 00 00 00 00 00 00
  0x0c3c7fff8110: 00 00 00 00 00 00 00 00 00 00 00 00 00 00 00 00
  0x0c3c7fff8120: 00 00 00 00 00 00 00 00 00 00 00 00 00 00 00 00
  0x0c3c7fff8130: 00 00 00 00 00 00 00 00 00 00 00 00 00 00 00 00
  0x0c3c7fff8140: 00 00 00 00 00 00 00 00 00 00 00 00 00 00 00 00
=>0x0c3c7fff8150:[fa]fa fa fa fa fa fa fa fa fa fa fa fa fa fa fa
  0x0c3c7fff8160: fa fa fa fa fa fa fa fa fa fa fa fa fa fa fa fa
  0x0c3c7fff8170: fa fa fa fa fa fa fa fa fa fa fa fa fa fa fa fa
  0x0c3c7fff8180: fa fa fa fa fa fa fa fa fa fa fa fa fa fa fa fa
  0x0c3c7fff8190: fa fa fa fa fa fa fa fa fa fa fa fa fa fa fa fa
  0x0c3c7fff81a0: fa fa fa fa fa fa fa fa fa fa fa fa fa fa fa fa
Shadow byte legend (one shadow byte represents 8 application bytes):
  Addressable:           00
  Partially addressable: 01 02 03 04 05 06 07
  Heap left redzone:       fa
  Freed heap region:       fd
  Stack left redzone:      f1
  Stack mid redzone:       f2
  Stack right redzone:     f3
  Stack after return:      f5
  Stack use after scope:   f8
  Global redzone:          f9
  Global init order:       f6
  Poisoned by user:        f7
  Container overflow:      fc
  Array cookie:            ac
  Intra object redzone:    bb
  ASan internal:           fe
  Left alloca redzone:     ca
  Right alloca redzone:    cb
  Shadow gap:              cc
==13==ABORTING