Unable to find image 'n132/arvo:55926-vul' locally
55926-vul: Pulling from n132/arvo
7608715873ec: Already exists
671dd74b3978: Pulling fs layer
ec6e2925bb56: Pulling fs layer
acde33054855: Pulling fs layer
68f0a59dfad6: Pulling fs layer
2d5f8bf96780: Pulling fs layer
a58d67be5e52: Pulling fs layer
671dd74b3978: Waiting
acde33054855: Waiting
68f0a59dfad6: Waiting
bf0721928dc5: Pulling fs layer
f5d31aabb638: Pulling fs layer
a58d67be5e52: Waiting
2d5f8bf96780: Waiting
472fc9fa7937: Pulling fs layer
bf0721928dc5: Waiting
f5d31aabb638: Waiting
c02ca8cafe8c: Pulling fs layer
b635815bf3bd: Pulling fs layer
ec6e2925bb56: Waiting
0987efe12efe: Pulling fs layer
c02ca8cafe8c: Waiting
b635815bf3bd: Waiting
05b0bf86fa79: Pulling fs layer
878c62721c47: Pulling fs layer
3eb90cadf625: Pulling fs layer
5b00f383a651: Pulling fs layer
97f592de6719: Pulling fs layer
08755f5b5f7c: Pulling fs layer
e05001c0047a: Pulling fs layer
05b0bf86fa79: Waiting
d0419bb5bc22: Pulling fs layer
141caac1dbc8: Pulling fs layer
5b00f383a651: Waiting
1c4850c46236: Pulling fs layer
b0d8653b4430: Pulling fs layer
4b3233f494e2: Pulling fs layer
3dfd1c4c513f: Pulling fs layer
e952ce1cb8d2: Pulling fs layer
1876bc72e3d0: Pulling fs layer
be8d0241ae3b: Pulling fs layer
20a69aef6dd7: Pulling fs layer
a42bc4823827: Pulling fs layer
65e8adab906c: Pulling fs layer
e05001c0047a: Waiting
3bf83f83a257: Pulling fs layer
f20df05dec59: Pulling fs layer
910d49c7af0b: Pulling fs layer
0987efe12efe: Waiting
32303ac03250: Pulling fs layer
97f592de6719: Waiting
1c4850c46236: Waiting
4b3233f494e2: Waiting
20a69aef6dd7: Waiting
65e8adab906c: Waiting
a42bc4823827: Waiting
018939324f17: Pulling fs layer
3dfd1c4c513f: Waiting
575755393da9: Pulling fs layer
3bf83f83a257: Waiting
e060caf120f4: Pulling fs layer
f20df05dec59: Waiting
08755f5b5f7c: Waiting
32303ac03250: Waiting
910d49c7af0b: Waiting
be8d0241ae3b: Waiting
018939324f17: Waiting
80b23d1111a5: Pulling fs layer
d8b87737fb6b: Pulling fs layer
b9b37f33ab8d: Pulling fs layer
b6c46bb68305: Pulling fs layer
e060caf120f4: Waiting
227f95a87a1d: Pulling fs layer
d0419bb5bc22: Waiting
3f03e6201294: Pulling fs layer
cfd0280d1391: Pulling fs layer
d8b87737fb6b: Waiting
e9c1792e3f22: Pulling fs layer
032524ca7f06: Pulling fs layer
cfd0280d1391: Waiting
141caac1dbc8: Waiting
80b23d1111a5: Waiting
ed428d024777: Pulling fs layer
c96ce9c63b09: Pulling fs layer
b6c46bb68305: Waiting
566fea4aeb92: Pulling fs layer
e9c1792e3f22: Waiting
c96ce9c63b09: Waiting
1876bc72e3d0: Waiting
227f95a87a1d: Waiting
b0d8653b4430: Waiting
566fea4aeb92: Waiting
ec6e2925bb56: Download complete
671dd74b3978: Verifying Checksum
671dd74b3978: Download complete
68f0a59dfad6: Verifying Checksum
acde33054855: Verifying Checksum
acde33054855: Download complete
2d5f8bf96780: Download complete
671dd74b3978: Pull complete
ec6e2925bb56: Pull complete
bf0721928dc5: Download complete
acde33054855: Pull complete
68f0a59dfad6: Pull complete
2d5f8bf96780: Pull complete
a58d67be5e52: Verifying Checksum
a58d67be5e52: Download complete
472fc9fa7937: Verifying Checksum
472fc9fa7937: Download complete
c02ca8cafe8c: Verifying Checksum
c02ca8cafe8c: Download complete
b635815bf3bd: Download complete
0987efe12efe: Verifying Checksum
0987efe12efe: Download complete
05b0bf86fa79: Verifying Checksum
05b0bf86fa79: Download complete
878c62721c47: Download complete
3eb90cadf625: Verifying Checksum
3eb90cadf625: Download complete
5b00f383a651: Verifying Checksum
5b00f383a651: Download complete
97f592de6719: Verifying Checksum
97f592de6719: Download complete
08755f5b5f7c: Verifying Checksum
08755f5b5f7c: Download complete
f5d31aabb638: Verifying Checksum
f5d31aabb638: Download complete
d0419bb5bc22: Verifying Checksum
d0419bb5bc22: Download complete
141caac1dbc8: Verifying Checksum
141caac1dbc8: Download complete
1c4850c46236: Verifying Checksum
1c4850c46236: Download complete
4b3233f494e2: Verifying Checksum
4b3233f494e2: Download complete
b0d8653b4430: Verifying Checksum
b0d8653b4430: Download complete
3dfd1c4c513f: Verifying Checksum
3dfd1c4c513f: Download complete
1876bc72e3d0: Verifying Checksum
1876bc72e3d0: Download complete
20a69aef6dd7: Verifying Checksum
20a69aef6dd7: Download complete
e952ce1cb8d2: Verifying Checksum
e952ce1cb8d2: Download complete
a58d67be5e52: Pull complete
bf0721928dc5: Pull complete
f5d31aabb638: Pull complete
65e8adab906c: Verifying Checksum
65e8adab906c: Download complete
3bf83f83a257: Verifying Checksum
3bf83f83a257: Download complete
f20df05dec59: Verifying Checksum
f20df05dec59: Download complete
910d49c7af0b: Verifying Checksum
910d49c7af0b: Download complete
472fc9fa7937: Pull complete
be8d0241ae3b: Verifying Checksum
be8d0241ae3b: Download complete
a42bc4823827: Verifying Checksum
a42bc4823827: Download complete
018939324f17: Download complete
32303ac03250: Verifying Checksum
32303ac03250: Download complete
575755393da9: Verifying Checksum
575755393da9: Download complete
e060caf120f4: Verifying Checksum
e060caf120f4: Download complete
80b23d1111a5: Verifying Checksum
80b23d1111a5: Download complete
b9b37f33ab8d: Verifying Checksum
b9b37f33ab8d: Download complete
b6c46bb68305: Verifying Checksum
b6c46bb68305: Download complete
c02ca8cafe8c: Pull complete
b635815bf3bd: Pull complete
0987efe12efe: Pull complete
227f95a87a1d: Verifying Checksum
227f95a87a1d: Download complete
3f03e6201294: Verifying Checksum
3f03e6201294: Download complete
05b0bf86fa79: Pull complete
878c62721c47: Pull complete
3eb90cadf625: Pull complete
5b00f383a651: Pull complete
97f592de6719: Pull complete
e9c1792e3f22: Verifying Checksum
e9c1792e3f22: Download complete
08755f5b5f7c: Pull complete
cfd0280d1391: Verifying Checksum
cfd0280d1391: Download complete
032524ca7f06: Verifying Checksum
032524ca7f06: Download complete
ed428d024777: Download complete
566fea4aeb92: Verifying Checksum
566fea4aeb92: Download complete
d8b87737fb6b: Verifying Checksum
d8b87737fb6b: Download complete
docker: write /var/lib/docker/tmp/GetImageBlob171711727: no space left on device.
See 'docker run --help'.
