Unable to find image 'n132/arvo:47871-vul' locally
47871-vul: Pulling from n132/arvo
d7bfe07ed847: Pulling fs layer
3dd93ef8ffd9: Pulling fs layer
d7bfe07ed847: Waiting
790f9d0a0dce: Pulling fs layer
3dd93ef8ffd9: Waiting
11cd3f144815: Pulling fs layer
790f9d0a0dce: Waiting
11cd3f144815: Waiting
aca768540b99: Pulling fs layer
35b1312e159e: Pulling fs layer
4d0ca8b7e228: Pulling fs layer
414fd4239a5b: Pulling fs layer
aca768540b99: Waiting
35b1312e159e: Waiting
134292459dc2: Pulling fs layer
4d0ca8b7e228: Waiting
414fd4239a5b: Waiting
3e879b680f74: Pulling fs layer
134292459dc2: Waiting
4e3ee7259875: Pulling fs layer
179bd47227be: Pulling fs layer
3e879b680f74: Waiting
4e3ee7259875: Waiting
179bd47227be: Waiting
662cb2cd82c8: Pulling fs layer
662cb2cd82c8: Waiting
2b2061b7cfc8: Pulling fs layer
09a8db6460fc: Pulling fs layer
2b2061b7cfc8: Waiting
35013daf344c: Pulling fs layer
09a8db6460fc: Waiting
35013daf344c: Waiting
e30bb79aa736: Pulling fs layer
a40f0e6334a1: Pulling fs layer
e30bb79aa736: Waiting
a40f0e6334a1: Waiting
2040f9a72d25: Pulling fs layer
5b9b7d46044b: Pulling fs layer
281dec0535bb: Pulling fs layer
5da4306d17df: Pulling fs layer
281dec0535bb: Waiting
2040f9a72d25: Waiting
5b9b7d46044b: Waiting
22a5c71261d8: Pulling fs layer
5da4306d17df: Waiting
e2438299a16e: Pulling fs layer
22a5c71261d8: Waiting
e9cda925a180: Pulling fs layer
bbb953939bc4: Pulling fs layer
e2438299a16e: Waiting
e9cda925a180: Waiting
c8cf50fdf9d7: Pulling fs layer
bbb953939bc4: Waiting
95f52c889e3e: Pulling fs layer
c8cf50fdf9d7: Waiting
f43b84353f96: Pulling fs layer
95f52c889e3e: Waiting
473ab65c0d21: Pulling fs layer
7d4bb4df7918: Pulling fs layer
f43b84353f96: Waiting
735694a0dd07: Pulling fs layer
7d4bb4df7918: Waiting
997d910cf6d0: Pulling fs layer
997d910cf6d0: Waiting
311397f486c7: Pulling fs layer
57381ac329d9: Pulling fs layer
73c2a26d49c7: Pulling fs layer
57381ac329d9: Waiting
e6fb24654727: Pulling fs layer
311397f486c7: Waiting
d088c90b93b5: Pulling fs layer
73c2a26d49c7: Waiting
cf50dbfc2092: Pulling fs layer
e6fb24654727: Waiting
d088c90b93b5: Waiting
14540a6bf583: Pulling fs layer
cf50dbfc2092: Waiting
1fc64b920fe5: Pulling fs layer
9be1814b00d0: Pulling fs layer
14540a6bf583: Waiting
5a67f9b38d18: Pulling fs layer
1fc64b920fe5: Waiting
9be1814b00d0: Waiting
5a67f9b38d18: Waiting
0b7ae89b9a6f: Pulling fs layer
9a9ed09511a7: Pulling fs layer
444778e0f835: Pulling fs layer
9a9ed09511a7: Waiting
444778e0f835: Waiting
d7bfe07ed847: Download complete
790f9d0a0dce: Download complete
3dd93ef8ffd9: Verifying Checksum
3dd93ef8ffd9: Download complete
d7bfe07ed847: Pull complete
11cd3f144815: Verifying Checksum
11cd3f144815: Download complete
35b1312e159e: Download complete
aca768540b99: Verifying Checksum
aca768540b99: Download complete
3dd93ef8ffd9: Pull complete
790f9d0a0dce: Pull complete
414fd4239a5b: Download complete
11cd3f144815: Pull complete
aca768540b99: Pull complete
35b1312e159e: Pull complete
134292459dc2: Verifying Checksum
134292459dc2: Download complete
4d0ca8b7e228: Verifying Checksum
4d0ca8b7e228: Download complete
4e3ee7259875: Verifying Checksum
4e3ee7259875: Download complete
3e879b680f74: Verifying Checksum
3e879b680f74: Download complete
179bd47227be: Verifying Checksum
179bd47227be: Download complete
2b2061b7cfc8: Verifying Checksum
2b2061b7cfc8: Download complete
662cb2cd82c8: Download complete
09a8db6460fc: Verifying Checksum
09a8db6460fc: Download complete
35013daf344c: Verifying Checksum
35013daf344c: Download complete
a40f0e6334a1: Verifying Checksum
a40f0e6334a1: Download complete
e30bb79aa736: Download complete
2040f9a72d25: Download complete
281dec0535bb: Verifying Checksum
5da4306d17df: Download complete
5b9b7d46044b: Download complete
4d0ca8b7e228: Pull complete
414fd4239a5b: Pull complete
134292459dc2: Pull complete
3e879b680f74: Pull complete
4e3ee7259875: Pull complete
179bd47227be: Pull complete
662cb2cd82c8: Pull complete
2b2061b7cfc8: Pull complete
09a8db6460fc: Pull complete
35013daf344c: Pull complete
e30bb79aa736: Pull complete
a40f0e6334a1: Pull complete
2040f9a72d25: Pull complete
5b9b7d46044b: Pull complete
281dec0535bb: Pull complete
5da4306d17df: Pull complete
22a5c71261d8: Verifying Checksum
22a5c71261d8: Download complete
e2438299a16e: Verifying Checksum
e2438299a16e: Download complete
e9cda925a180: Verifying Checksum
e9cda925a180: Download complete
bbb953939bc4: Verifying Checksum
bbb953939bc4: Download complete
c8cf50fdf9d7: Verifying Checksum
c8cf50fdf9d7: Download complete
95f52c889e3e: Download complete
f43b84353f96: Verifying Checksum
f43b84353f96: Download complete
473ab65c0d21: Verifying Checksum
473ab65c0d21: Download complete
7d4bb4df7918: Verifying Checksum
7d4bb4df7918: Download complete
735694a0dd07: Download complete
997d910cf6d0: Verifying Checksum
997d910cf6d0: Download complete
311397f486c7: Verifying Checksum
311397f486c7: Download complete
57381ac329d9: Verifying Checksum
57381ac329d9: Download complete
e6fb24654727: Verifying Checksum
e6fb24654727: Download complete
0b7ae89b9a6f: Waiting
docker: write /var/lib/docker/tmp/GetImageBlob4071073780: no space left on device.
See 'docker run --help'.
