Unable to find image 'n132/arvo:9350-vul' locally
9350-vul: Pulling from n132/arvo
b234f539f7a1: Pulling fs layer
55172d420b43: Pulling fs layer
5ba5bbeb6b91: Pulling fs layer
43ae2841ad7a: Pulling fs layer
f6c9c6de4190: Pulling fs layer
97a265b0396c: Pulling fs layer
d8c6466b446a: Pulling fs layer
e91eb3927461: Pulling fs layer
c4a238612112: Pulling fs layer
42dd599703ca: Pulling fs layer
41ffcf89428c: Pulling fs layer
3a79ef18785f: Pulling fs layer
e0eebfcf3043: Pulling fs layer
23e11f5c83b7: Pulling fs layer
116eb7b111f1: Pulling fs layer
3cbe07fc9467: Pulling fs layer
94eaf0f94d29: Pulling fs layer
e91eb3927461: Waiting
e0eebfcf3043: Waiting
c4a238612112: Waiting
43ae2841ad7a: Waiting
42dd599703ca: Waiting
41ffcf89428c: Waiting
b234f539f7a1: Waiting
3a79ef18785f: Waiting
55172d420b43: Waiting
5ba5bbeb6b91: Waiting
f6c9c6de4190: Waiting
97a265b0396c: Waiting
d8c6466b446a: Waiting
116eb7b111f1: Waiting
3cbe07fc9467: Waiting
abd0deb24ac6: Pulling fs layer
23e11f5c83b7: Waiting
a8efaa8f6837: Pulling fs layer
abd0deb24ac6: Waiting
94eaf0f94d29: Waiting
3b8ecddc1093: Pulling fs layer
9444872ae358: Pulling fs layer
c492f8d93fb7: Pulling fs layer
3b07b36f45c1: Pulling fs layer
81920f74a89a: Pulling fs layer
a8efaa8f6837: Waiting
3b8ecddc1093: Waiting
9444872ae358: Waiting
3b07b36f45c1: Waiting
c492f8d93fb7: Waiting
81920f74a89a: Waiting
bfc57d760bc2: Pulling fs layer
bfc57d760bc2: Waiting
dc97b11a8914: Pulling fs layer
14418e74dd09: Pulling fs layer
b731e54565c1: Pulling fs layer
dc97b11a8914: Waiting
14418e74dd09: Waiting
86d83bc46d51: Pulling fs layer
b731e54565c1: Waiting
097e9a5c661b: Pulling fs layer
86d83bc46d51: Waiting
fdd01edcb621: Pulling fs layer
4faccd1b2cd7: Pulling fs layer
097e9a5c661b: Waiting
1f5d90bf8ca4: Pulling fs layer
dc0bbb609985: Pulling fs layer
0f2107efb8ce: Pulling fs layer
fdd01edcb621: Waiting
4faccd1b2cd7: Waiting
dfa415e8f702: Pulling fs layer
0f2107efb8ce: Waiting
1f5d90bf8ca4: Waiting
dc0bbb609985: Waiting
9aca1cad470d: Pulling fs layer
8d00931501ab: Pulling fs layer
420eeaa03e93: Pulling fs layer
1218aeb5cd82: Pulling fs layer
9aca1cad470d: Waiting
dfa415e8f702: Waiting
8d00931501ab: Waiting
1218aeb5cd82: Waiting
67ee44bb4945: Pulling fs layer
94a2a7a2893f: Pulling fs layer
67ee44bb4945: Waiting
fc28007dd3b3: Pulling fs layer
94a2a7a2893f: Waiting
fc28007dd3b3: Waiting
6f5ab2b58aea: Pulling fs layer
9ac16341eb71: Pulling fs layer
65aee0d66b02: Pulling fs layer
9ac16341eb71: Waiting
6f5ab2b58aea: Waiting
65aee0d66b02: Waiting
c65dc3689b9a: Pulling fs layer
5e61857fd0af: Pulling fs layer
481d1a7e5105: Pulling fs layer
c9f8ec345162: Pulling fs layer
836091f926d2: Pulling fs layer
5e61857fd0af: Waiting
481d1a7e5105: Waiting
c9f8ec345162: Waiting
836091f926d2: Waiting
3368c9cec5be: Pulling fs layer
0d832333b32d: Pulling fs layer
3368c9cec5be: Waiting
0d832333b32d: Waiting
55172d420b43: Download complete
5ba5bbeb6b91: Verifying Checksum
5ba5bbeb6b91: Download complete
43ae2841ad7a: Download complete
f6c9c6de4190: Verifying Checksum
f6c9c6de4190: Download complete
d8c6466b446a: Verifying Checksum
d8c6466b446a: Download complete
97a265b0396c: Verifying Checksum
97a265b0396c: Download complete
e91eb3927461: Verifying Checksum
e91eb3927461: Download complete
42dd599703ca: Verifying Checksum
42dd599703ca: Download complete
41ffcf89428c: Verifying Checksum
41ffcf89428c: Download complete
3a79ef18785f: Download complete
e0eebfcf3043: Download complete
c4a238612112: Verifying Checksum
c4a238612112: Download complete
23e11f5c83b7: Verifying Checksum
23e11f5c83b7: Download complete
3cbe07fc9467: Verifying Checksum
3cbe07fc9467: Download complete
116eb7b111f1: Verifying Checksum
116eb7b111f1: Download complete
420eeaa03e93: Waiting
c65dc3689b9a: Waiting
docker: write /var/lib/docker/tmp/GetImageBlob310028331: no space left on device.
See 'docker run --help'.
