Unable to find image 'n132/arvo:59673-vul' locally
59673-vul: Pulling from n132/arvo
7608715873ec: Already exists
7e6a398eb9c5: Pulling fs layer
dc8099517e84: Pulling fs layer
3f4463852cc9: Pulling fs layer
55121278263a: Pulling fs layer
e65b4a5a1b7d: Pulling fs layer
b3c682f8c474: Pulling fs layer
0da3ce304841: Pulling fs layer
7e6a398eb9c5: Waiting
dc8099517e84: Waiting
e293ea6449f9: Pulling fs layer
3f4463852cc9: Waiting
55121278263a: Waiting
eb1277d9ab4a: Pulling fs layer
70657770d54a: Pulling fs layer
e65b4a5a1b7d: Waiting
342150b7eb6a: Pulling fs layer
b3c682f8c474: Waiting
cd647162b0e6: Pulling fs layer
3ea75e85cf14: Pulling fs layer
a119af21c594: Pulling fs layer
8550b132eb52: Pulling fs layer
074976754991: Pulling fs layer
cc348ab41f38: Pulling fs layer
4a3f446247af: Pulling fs layer
cd647162b0e6: Waiting
0da3ce304841: Waiting
663543f672e7: Pulling fs layer
3ea75e85cf14: Waiting
e293ea6449f9: Waiting
0adf7d646080: Pulling fs layer
535717b44bcb: Pulling fs layer
a119af21c594: Waiting
96c86f8e2f4e: Pulling fs layer
60cfab78b0c4: Pulling fs layer
8550b132eb52: Waiting
074976754991: Waiting
b5eb728284ba: Pulling fs layer
feebfe3efbf8: Pulling fs layer
eb1277d9ab4a: Waiting
70657770d54a: Waiting
342150b7eb6a: Waiting
bcfe420779f0: Pulling fs layer
1759956ba141: Pulling fs layer
f7b59fcc7cc8: Pulling fs layer
535717b44bcb: Waiting
555a132a17b3: Pulling fs layer
0df2cd2434c2: Pulling fs layer
96c86f8e2f4e: Waiting
a9147b2043ee: Pulling fs layer
60cfab78b0c4: Waiting
a8b9a5079fd3: Pulling fs layer
cc348ab41f38: Waiting
b5eb728284ba: Waiting
4a3f446247af: Waiting
e2d4129c8d60: Pulling fs layer
feebfe3efbf8: Waiting
0adf7d646080: Waiting
a65d43862145: Pulling fs layer
a7157eb8c9c6: Pulling fs layer
c4b355b4b94e: Pulling fs layer
663543f672e7: Waiting
fd9eafc2cf5f: Pulling fs layer
9ffd00326b66: Pulling fs layer
1759956ba141: Waiting
bcfe420779f0: Waiting
555a132a17b3: Waiting
bfa83e7148a2: Pulling fs layer
f7b59fcc7cc8: Waiting
4d83217e1e92: Pulling fs layer
a8b9a5079fd3: Waiting
e2d4129c8d60: Waiting
abf13ecd3c8c: Pulling fs layer
a9147b2043ee: Waiting
a65d43862145: Waiting
5d0a5b49f21f: Pulling fs layer
4d83217e1e92: Waiting
192efc2445a9: Pulling fs layer
9ffd00326b66: Waiting
abf13ecd3c8c: Waiting
8a1d3c30f140: Pulling fs layer
9f3dcaff650c: Pulling fs layer
fd9eafc2cf5f: Waiting
192efc2445a9: Waiting
c0e8362baa50: Pulling fs layer
8a1d3c30f140: Waiting
0aaee9bab3a0: Pulling fs layer
9f3dcaff650c: Waiting
0aaee9bab3a0: Waiting
c15effbebb59: Pulling fs layer
93c4dc12a59e: Pulling fs layer
93c4dc12a59e: Waiting
c15effbebb59: Waiting
a7157eb8c9c6: Waiting
c4b355b4b94e: Waiting
7e6a398eb9c5: Verifying Checksum
7e6a398eb9c5: Download complete
dc8099517e84: Download complete
3f4463852cc9: Verifying Checksum
3f4463852cc9: Download complete
55121278263a: Download complete
e65b4a5a1b7d: Verifying Checksum
e65b4a5a1b7d: Download complete
7e6a398eb9c5: Pull complete
dc8099517e84: Pull complete
0df2cd2434c2: Waiting
bfa83e7148a2: Waiting
5d0a5b49f21f: Waiting
c0e8362baa50: Waiting
docker: write /var/lib/docker/tmp/GetImageBlob2106182307: no space left on device.
See 'docker run --help'.
