Unable to find image 'n132/arvo:48638-vul' locally
48638-vul: Pulling from n132/arvo
d7bfe07ed847: Pulling fs layer
d7bfe07ed847: Waiting
9a864283a83c: Pulling fs layer
254bb3ac1e9f: Pulling fs layer
9a864283a83c: Waiting
f478a00d2c50: Pulling fs layer
1aea64eeef98: Pulling fs layer
254bb3ac1e9f: Waiting
cb3a2597e830: Pulling fs layer
1aea64eeef98: Waiting
02769aaca88d: Pulling fs layer
cb3a2597e830: Waiting
049337e518d6: Pulling fs layer
02769aaca88d: Waiting
bee9e477f39a: Pulling fs layer
26846b29d9a4: Pulling fs layer
e89f2d9c4737: Pulling fs layer
049337e518d6: Waiting
26846b29d9a4: Waiting
77689a50ce78: Pulling fs layer
4b5fadb548f7: Pulling fs layer
fd56305bed3b: Pulling fs layer
170844180fac: Pulling fs layer
cdd65a4f0333: Pulling fs layer
77689a50ce78: Waiting
dfdcea9fe833: Pulling fs layer
e9da6a47ea6e: Pulling fs layer
a6072333bcab: Pulling fs layer
fd56305bed3b: Waiting
170844180fac: Waiting
6c1063ed64f0: Pulling fs layer
cdd65a4f0333: Waiting
4b5fadb548f7: Waiting
dfdcea9fe833: Waiting
6727981b7610: Pulling fs layer
e9da6a47ea6e: Waiting
6c1063ed64f0: Waiting
a6072333bcab: Waiting
4a81d79890f3: Pulling fs layer
6727981b7610: Waiting
701831f550d7: Pulling fs layer
80e2b714e160: Pulling fs layer
4a81d79890f3: Waiting
701831f550d7: Waiting
a0a8933ee3dd: Pulling fs layer
517abb4327fd: Pulling fs layer
a0a8933ee3dd: Waiting
4696738eba23: Pulling fs layer
517abb4327fd: Waiting
6feb0fd79dd7: Pulling fs layer
4c576008c592: Pulling fs layer
4696738eba23: Waiting
dc8e83ecee42: Pulling fs layer
6feb0fd79dd7: Waiting
6c2263b3f9e4: Pulling fs layer
4c576008c592: Waiting
6c2263b3f9e4: Waiting
d7cb4c1033cd: Pulling fs layer
09d79209dd12: Pulling fs layer
d7cb4c1033cd: Waiting
71cc6b0a8a6e: Pulling fs layer
f0c34dfed62e: Pulling fs layer
71cc6b0a8a6e: Waiting
09d79209dd12: Waiting
f0c34dfed62e: Waiting
03690edf16db: Pulling fs layer
36f47cfaaacd: Pulling fs layer
adb9ac665fd8: Pulling fs layer
9fb9e82fb345: Pulling fs layer
03690edf16db: Waiting
adb9ac665fd8: Waiting
36f47cfaaacd: Waiting
9ba02903b2b1: Pulling fs layer
ccacb67d0195: Pulling fs layer
a50e8ab8af84: Pulling fs layer
9fb9e82fb345: Waiting
81a759180106: Pulling fs layer
ccacb67d0195: Waiting
9ba02903b2b1: Waiting
a50e8ab8af84: Waiting
787da33901bc: Pulling fs layer
81a759180106: Waiting
cc0921116cd2: Pulling fs layer
42133743b269: Pulling fs layer
787da33901bc: Waiting
cc0921116cd2: Waiting
42133743b269: Waiting
d7bfe07ed847: Verifying Checksum
d7bfe07ed847: Download complete
d7bfe07ed847: Pull complete
f478a00d2c50: Waiting
e89f2d9c4737: Waiting
bee9e477f39a: Waiting
80e2b714e160: Waiting
dc8e83ecee42: Waiting
docker: write /var/lib/docker/tmp/GetImageBlob3296689565: no space left on device.
See 'docker run --help'.
