Unable to find image 'n132/arvo:23837-vul' locally
23837-vul: Pulling from n132/arvo
e92ed755c008: Already exists
b9fd7cb1ff8f: Already exists
ee690f2d57a1: Already exists
53e3366ec435: Already exists
63e7c0e1f466: Pulling fs layer
a2db896529a8: Pulling fs layer
1aadbf2b743b: Pulling fs layer
c47cfe87133d: Pulling fs layer
d47d661e0346: Pulling fs layer
63e7c0e1f466: Waiting
54f456767742: Pulling fs layer
50838dae68b0: Pulling fs layer
e3dcfa897fac: Pulling fs layer
a39a6f57d314: Pulling fs layer
8e5ad5f844bd: Pulling fs layer
acdc4754fb16: Pulling fs layer
561d38f2523f: Pulling fs layer
d47d661e0346: Waiting
d89ccc9de79b: Pulling fs layer
d555683b6ceb: Pulling fs layer
a2db896529a8: Waiting
77f0c8f46b99: Pulling fs layer
ff650ebce0c0: Pulling fs layer
1aadbf2b743b: Waiting
c47cfe87133d: Waiting
82e53dcf5b25: Pulling fs layer
6cdc92e4034f: Pulling fs layer
5ac0b8588de6: Pulling fs layer
7ea325996a10: Pulling fs layer
ebe5c122a4bf: Pulling fs layer
97a5edeb6a7d: Pulling fs layer
fda4d9b3938e: Pulling fs layer
92c9bed218db: Pulling fs layer
f518e1e9e16d: Pulling fs layer
4f4fb700ef54: Pulling fs layer
dbe524bd3340: Pulling fs layer
d89ccc9de79b: Waiting
8fd5bfc5309b: Pulling fs layer
54f456767742: Waiting
d555683b6ceb: Waiting
99d886254a34: Pulling fs layer
77f0c8f46b99: Waiting
50838dae68b0: Waiting
72471071d78e: Pulling fs layer
ff650ebce0c0: Waiting
e3dcfa897fac: Waiting
82e53dcf5b25: Waiting
b0664f7efe6f: Pulling fs layer
a39a6f57d314: Waiting
6cdc92e4034f: Waiting
5ac0b8588de6: Waiting
7ea325996a10: Waiting
f71b9343af5f: Pulling fs layer
8e5ad5f844bd: Waiting
acdc4754fb16: Waiting
561d38f2523f: Waiting
97a5edeb6a7d: Waiting
ebe5c122a4bf: Waiting
99d886254a34: Waiting
fda4d9b3938e: Waiting
4f4fb700ef54: Waiting
72471071d78e: Waiting
dbe524bd3340: Waiting
f518e1e9e16d: Waiting
8fd5bfc5309b: Waiting
b0664f7efe6f: Waiting
63e7c0e1f466: Verifying Checksum
a2db896529a8: Download complete
1aadbf2b743b: Download complete
63e7c0e1f466: Pull complete
a2db896529a8: Pull complete
1aadbf2b743b: Pull complete
d47d661e0346: Download complete
54f456767742: Verifying Checksum
54f456767742: Download complete
c47cfe87133d: Verifying Checksum
c47cfe87133d: Download complete
50838dae68b0: Verifying Checksum
50838dae68b0: Download complete
e3dcfa897fac: Verifying Checksum
e3dcfa897fac: Download complete
a39a6f57d314: Verifying Checksum
a39a6f57d314: Download complete
acdc4754fb16: Download complete
d89ccc9de79b: Download complete
d555683b6ceb: Verifying Checksum
d555683b6ceb: Download complete
561d38f2523f: Download complete
77f0c8f46b99: Verifying Checksum
77f0c8f46b99: Download complete
82e53dcf5b25: Verifying Checksum
82e53dcf5b25: Download complete
6cdc92e4034f: Verifying Checksum
6cdc92e4034f: Download complete
5ac0b8588de6: Verifying Checksum
5ac0b8588de6: Download complete
ff650ebce0c0: Verifying Checksum
ff650ebce0c0: Download complete
7ea325996a10: Verifying Checksum
7ea325996a10: Download complete
92c9bed218db: Waiting
f71b9343af5f: Waiting
docker: write /var/lib/docker/tmp/GetImageBlob1917024695: no space left on device.
See 'docker run --help'.
