Unable to find image 'n132/arvo:8600-vul' locally
8600-vul: Pulling from n132/arvo
297061f60c36: Already exists
e9ccef17b516: Already exists
dbc33716854d: Already exists
8fe36b178d25: Already exists
686596545a94: Already exists
1524b83a9ffb: Already exists
a57a1981f1c3: Already exists
869af9d797ab: Already exists
a5ca79036aa0: Pulling fs layer
569aee00a013: Pulling fs layer
62366290f4a0: Pulling fs layer
9981975630fc: Pulling fs layer
b0f8b1fd03a7: Pulling fs layer
569aee00a013: Download complete
0347aff43da0: Pulling fs layer
9981975630fc: Download complete
b8dc3dc7a501: Pulling fs layer
62366290f4a0: Download complete
7a52e4a0d59b: Pulling fs layer
b0f8b1fd03a7: Waiting
37d09d879ac6: Pulling fs layer
7bc94e697a3a: Pulling fs layer
0347aff43da0: Waiting
983647b8c77d: Pulling fs layer
b8dc3dc7a501: Waiting
7a52e4a0d59b: Waiting
37d09d879ac6: Waiting
577a5a46df11: Pulling fs layer
0e5450910c1f: Pulling fs layer
7bc94e697a3a: Waiting
c0b1f912b91f: Pulling fs layer
983647b8c77d: Waiting
577a5a46df11: Waiting
670251c281b2: Pulling fs layer
0e5450910c1f: Waiting
a1163e253568: Pulling fs layer
c0b1f912b91f: Waiting
671f1abf7e3b: Pulling fs layer
670251c281b2: Waiting
a1163e253568: Waiting
28e5513f6342: Pulling fs layer
1933f62a2553: Pulling fs layer
671f1abf7e3b: Waiting
615063267319: Pulling fs layer
28e5513f6342: Waiting
a2025943a18b: Pulling fs layer
1933f62a2553: Waiting
77cd68d0a6e3: Pulling fs layer
615063267319: Waiting
eeab5e0c789d: Pulling fs layer
a2025943a18b: Waiting
dfbd9bfcb2bb: Pulling fs layer
77cd68d0a6e3: Waiting
eeab5e0c789d: Waiting
9890409797db: Pulling fs layer
dfbd9bfcb2bb: Waiting
926d283bfb16: Pulling fs layer
9688af93f973: Pulling fs layer
9890409797db: Waiting
926d283bfb16: Waiting
b31b073c0edc: Pulling fs layer
9688af93f973: Waiting
c4590f211b47: Pulling fs layer
b31b073c0edc: Waiting
c7843b3cb22c: Pulling fs layer
4f4fb700ef54: Pulling fs layer
c4590f211b47: Waiting
2a5be30dd2fa: Pulling fs layer
c7843b3cb22c: Waiting
fe88276b8e88: Pulling fs layer
4f4fb700ef54: Waiting
572aedcdb30a: Pulling fs layer
2a5be30dd2fa: Waiting
572aedcdb30a: Waiting
fe88276b8e88: Waiting
a5ca79036aa0: Download complete
b0f8b1fd03a7: Verifying Checksum
b0f8b1fd03a7: Download complete
0347aff43da0: Verifying Checksum
0347aff43da0: Download complete
b8dc3dc7a501: Verifying Checksum
b8dc3dc7a501: Download complete
7a52e4a0d59b: Download complete
7bc94e697a3a: Verifying Checksum
7bc94e697a3a: Download complete
a5ca79036aa0: Pull complete
569aee00a013: Pull complete
37d09d879ac6: Verifying Checksum
37d09d879ac6: Download complete
983647b8c77d: Verifying Checksum
983647b8c77d: Download complete
62366290f4a0: Pull complete
9981975630fc: Pull complete
b0f8b1fd03a7: Pull complete
0347aff43da0: Pull complete
0e5450910c1f: Verifying Checksum
0e5450910c1f: Download complete
c0b1f912b91f: Download complete
670251c281b2: Verifying Checksum
670251c281b2: Download complete
b8dc3dc7a501: Pull complete
7a52e4a0d59b: Pull complete
a1163e253568: Verifying Checksum
a1163e253568: Download complete
671f1abf7e3b: Download complete
28e5513f6342: Verifying Checksum
28e5513f6342: Download complete
1933f62a2553: Verifying Checksum
1933f62a2553: Download complete
a2025943a18b: Verifying Checksum
a2025943a18b: Download complete
615063267319: Verifying Checksum
615063267319: Download complete
577a5a46df11: Download complete
eeab5e0c789d: Verifying Checksum
eeab5e0c789d: Download complete
77cd68d0a6e3: Verifying Checksum
77cd68d0a6e3: Download complete
37d09d879ac6: Pull complete
7bc94e697a3a: Pull complete
9890409797db: Verifying Checksum
9890409797db: Download complete
dfbd9bfcb2bb: Verifying Checksum
dfbd9bfcb2bb: Download complete
926d283bfb16: Verifying Checksum
926d283bfb16: Download complete
9688af93f973: Verifying Checksum
9688af93f973: Download complete
c7843b3cb22c: Verifying Checksum
c7843b3cb22c: Download complete
c4590f211b47: Verifying Checksum
c4590f211b47: Download complete
983647b8c77d: Pull complete
2a5be30dd2fa: Download complete
4f4fb700ef54: Verifying Checksum
4f4fb700ef54: Download complete
572aedcdb30a: Verifying Checksum
b31b073c0edc: Download complete
577a5a46df11: Pull complete
0e5450910c1f: Pull complete
c0b1f912b91f: Pull complete
670251c281b2: Pull complete
a1163e253568: Pull complete
671f1abf7e3b: Pull complete
28e5513f6342: Pull complete
1933f62a2553: Pull complete
615063267319: Pull complete
a2025943a18b: Pull complete
77cd68d0a6e3: Pull complete
eeab5e0c789d: Pull complete
dfbd9bfcb2bb: Pull complete
9890409797db: Pull complete
926d283bfb16: Pull complete
9688af93f973: Pull complete
b31b073c0edc: Pull complete
c4590f211b47: Pull complete
c7843b3cb22c: Pull complete
4f4fb700ef54: Pull complete
2a5be30dd2fa: Pull complete
fe88276b8e88: Download complete
572aedcdb30a: Download complete
docker: failed to register layer: write /out/coder_CIN_fuzzer: no space left on device.
See 'docker run --help'.
cksum
b31b073c0edc: Download complete
577a5a46df11: Pull complete
0e5450910c1f: Pull complete
c0b1f912b91f: Pull complete
670251c281b2: Pull complete
a1163e253568: Pull complete
671f1abf7e3b: Pull complete
28e5513f6342: Pull complete
1933f62a2553: Pull complete
615063267319: Pull complete
a2025943a18b: Pull complete
77cd68d0a6e3: Pull complete
eeab5e0c789d: Pull complete
dfbd9bfcb2bb: Pull complete
9890409797db: Pull complete
926d283bfb16: Pull complete
9688af93f973: Pull complete
b31b073c0edc: Pull complete
c4590f211b47: Pull complete
c7843b3cb22c: Pull complete
4f4fb700ef54: Pull complete
2a5be30dd2fa: Pull complete
fe88276b8e88: Verifying Checksum
fe88276b8e88: Download complete
docker: failed to register layer: write /out/coder_CIN_fuzzer: no space left on device.
See 'docker run --help'.
