Unable to find image 'n132/arvo:58528-vul' locally
58528-vul: Pulling from n132/arvo
7608715873ec: Already exists
ae415db10c28: Pulling fs layer
3df13df25856: Pulling fs layer
2e457be5f03c: Pulling fs layer
4e1301d90f76: Pulling fs layer
cd4786088128: Pulling fs layer
9a946082a692: Pulling fs layer
2a318a3aa03b: Pulling fs layer
1de558139cc2: Pulling fs layer
3df13df25856: Waiting
83a20d8eda58: Pulling fs layer
2e3807511e7e: Pulling fs layer
c9e20853cafe: Pulling fs layer
ab59ea540597: Pulling fs layer
6f45af67343c: Pulling fs layer
11000a987582: Pulling fs layer
40682065444e: Pulling fs layer
398f064d2c69: Pulling fs layer
953a5601ef6d: Pulling fs layer
f2dbd038a2fb: Pulling fs layer
bca17f8a8a29: Pulling fs layer
2e3807511e7e: Waiting
c720cd58b82f: Pulling fs layer
2e457be5f03c: Waiting
efdf886b6476: Pulling fs layer
4e1301d90f76: Waiting
53024431fae2: Pulling fs layer
4497c79db972: Pulling fs layer
cd4786088128: Waiting
c13dd88defb2: Pulling fs layer
9a946082a692: Waiting
2a318a3aa03b: Waiting
2a3b0439d56f: Pulling fs layer
1de558139cc2: Waiting
83a20d8eda58: Waiting
e57864ae8143: Pulling fs layer
953a5601ef6d: Waiting
130885600d6d: Pulling fs layer
e7ccf0f290a3: Pulling fs layer
c9e20853cafe: Waiting
ab59ea540597: Waiting
6f45af67343c: Waiting
2de06f961339: Pulling fs layer
11000a987582: Waiting
40682065444e: Waiting
398f064d2c69: Waiting
6678fb42e323: Pulling fs layer
f2dbd038a2fb: Waiting
46939620a5db: Pulling fs layer
bca17f8a8a29: Waiting
c720cd58b82f: Waiting
970ecbdb4a90: Pulling fs layer
efdf886b6476: Waiting
53024431fae2: Waiting
4497c79db972: Waiting
355ddd0f6bb6: Pulling fs layer
c13dd88defb2: Waiting
2a3b0439d56f: Waiting
dc70af6cdc87: Pulling fs layer
e57864ae8143: Waiting
01679bfaf4ab: Pulling fs layer
ac45cd67bf35: Pulling fs layer
ae415db10c28: Waiting
efda4b257a84: Pulling fs layer
130885600d6d: Waiting
d42d9719358a: Pulling fs layer
e7ccf0f290a3: Waiting
39ec54cd3b1f: Pulling fs layer
cfa82b7f4d43: Pulling fs layer
2de06f961339: Waiting
dcfe395d9c1c: Pulling fs layer
e4f23bc70b27: Pulling fs layer
7b3c5c31cc76: Pulling fs layer
1c1a1b41e45c: Pulling fs layer
6678fb42e323: Waiting
46939620a5db: Waiting
4b799f72e6aa: Pulling fs layer
746c429ec170: Pulling fs layer
9ab9d07ad8f0: Pulling fs layer
cf60cb8c69c3: Pulling fs layer
1dd19789134b: Pulling fs layer
970ecbdb4a90: Waiting
355ddd0f6bb6: Waiting
dc70af6cdc87: Waiting
e4f23bc70b27: Waiting
746c429ec170: Waiting
01679bfaf4ab: Waiting
9ab9d07ad8f0: Waiting
ac45cd67bf35: Waiting
efda4b257a84: Waiting
cf60cb8c69c3: Waiting
1dd19789134b: Waiting
7b3c5c31cc76: Waiting
1c1a1b41e45c: Waiting
dcfe395d9c1c: Waiting
d42d9719358a: Waiting
cfa82b7f4d43: Waiting
39ec54cd3b1f: Waiting
4b799f72e6aa: Waiting
ae415db10c28: Verifying Checksum
ae415db10c28: Download complete
2e457be5f03c: Download complete
ae415db10c28: Pull complete
3df13df25856: Pull complete
cd4786088128: Verifying Checksum
cd4786088128: Download complete
2e457be5f03c: Pull complete
4e1301d90f76: Download complete
4e1301d90f76: Pull complete
cd4786088128: Pull complete
9a946082a692: Download complete
1de558139cc2: Download complete
2a318a3aa03b: Download complete
83a20d8eda58: Download complete
c9e20853cafe: Verifying Checksum
c9e20853cafe: Download complete
ab59ea540597: Verifying Checksum
ab59ea540597: Download complete
6f45af67343c: Verifying Checksum
6f45af67343c: Download complete
11000a987582: Verifying Checksum
11000a987582: Download complete
2e3807511e7e: Verifying Checksum
2e3807511e7e: Download complete
398f064d2c69: Download complete
40682065444e: Verifying Checksum
40682065444e: Download complete
953a5601ef6d: Verifying Checksum
953a5601ef6d: Download complete
9a946082a692: Pull complete
2a318a3aa03b: Pull complete
1de558139cc2: Pull complete
bca17f8a8a29: Download complete
c720cd58b82f: Download complete
efdf886b6476: Verifying Checksum
efdf886b6476: Download complete
f2dbd038a2fb: Verifying Checksum
f2dbd038a2fb: Download complete
53024431fae2: Verifying Checksum
53024431fae2: Download complete
4497c79db972: Download complete
c13dd88defb2: Download complete
2a3b0439d56f: Download complete
e57864ae8143: Download complete
83a20d8eda58: Pull complete
2e3807511e7e: Pull complete
c9e20853cafe: Pull complete
ab59ea540597: Pull complete
6f45af67343c: Pull complete
11000a987582: Pull complete
40682065444e: Pull complete
398f064d2c69: Pull complete
953a5601ef6d: Pull complete
f2dbd038a2fb: Pull complete
bca17f8a8a29: Pull complete
c720cd58b82f: Pull complete
efdf886b6476: Pull complete
53024431fae2: Pull complete
4497c79db972: Pull complete
c13dd88defb2: Pull complete
2a3b0439d56f: Pull complete
e57864ae8143: Pull complete
e7ccf0f290a3: Verifying Checksum
e7ccf0f290a3: Download complete
130885600d6d: Verifying Checksum
130885600d6d: Download complete
6678fb42e323: Verifying Checksum
6678fb42e323: Download complete
2de06f961339: Verifying Checksum
2de06f961339: Download complete
130885600d6d: Pull complete
e7ccf0f290a3: Pull complete
970ecbdb4a90: Verifying Checksum
970ecbdb4a90: Download complete
355ddd0f6bb6: Verifying Checksum
355ddd0f6bb6: Download complete
46939620a5db: Verifying Checksum
46939620a5db: Download complete
dc70af6cdc87: Verifying Checksum
dc70af6cdc87: Download complete
01679bfaf4ab: Download complete
ac45cd67bf35: Verifying Checksum
ac45cd67bf35: Download complete
efda4b257a84: Download complete
d42d9719358a: Verifying Checksum
d42d9719358a: Download complete
cfa82b7f4d43: Verifying Checksum
cfa82b7f4d43: Download complete
dcfe395d9c1c: Verifying Checksum
dcfe395d9c1c: Download complete
39ec54cd3b1f: Verifying Checksum
39ec54cd3b1f: Download complete
e4f23bc70b27: Verifying Checksum
e4f23bc70b27: Download complete
1c1a1b41e45c: Verifying Checksum
1c1a1b41e45c: Download complete
4b799f72e6aa: Verifying Checksum
4b799f72e6aa: Download complete
746c429ec170: Download complete
9ab9d07ad8f0: Verifying Checksum
9ab9d07ad8f0: Download complete
1dd19789134b: Verifying Checksum
1dd19789134b: Download complete
docker: write /var/lib/docker/tmp/GetImageBlob2188716423: no space left on device.
See 'docker run --help'.
