Unable to find image 'n132/arvo:13997-vul' locally
13997-vul: Pulling from n132/arvo
34667c7e4631: Pulling fs layer
d18d76a881a4: Pulling fs layer
119c7358fbfc: Pulling fs layer
34667c7e4631: Waiting
2aaf13f3eff0: Pulling fs layer
119c7358fbfc: Waiting
d18d76a881a4: Waiting
84a711db8894: Pulling fs layer
23315fc02683: Pulling fs layer
84a711db8894: Waiting
23315fc02683: Waiting
2aaf13f3eff0: Waiting
5080dd9ffc88: Pulling fs layer
570068fd49b1: Pulling fs layer
5080dd9ffc88: Waiting
31b1b68050d4: Pulling fs layer
570068fd49b1: Waiting
4eb0f7fd208c: Pulling fs layer
31b1b68050d4: Waiting
ab308a8a16c5: Pulling fs layer
4eb0f7fd208c: Waiting
11ce332484b2: Pulling fs layer
ab308a8a16c5: Waiting
22e8b7b4a014: Pulling fs layer
a7dfd01bee3c: Pulling fs layer
22e8b7b4a014: Waiting
11ce332484b2: Waiting
865d56f20bff: Pulling fs layer
6034f3048a6c: Pulling fs layer
865d56f20bff: Waiting
a7dfd01bee3c: Waiting
6034f3048a6c: Waiting
43a3f0655d0c: Pulling fs layer
9066bd9bed95: Pulling fs layer
d6f2d5302970: Pulling fs layer
1d6ed9442970: Pulling fs layer
bdb00f4e9d72: Pulling fs layer
43a3f0655d0c: Waiting
9066bd9bed95: Waiting
d6f2d5302970: Waiting
1d6ed9442970: Waiting
2ad3bff64342: Pulling fs layer
bdb00f4e9d72: Waiting
bd47797f4bf8: Pulling fs layer
7e56b18f5464: Pulling fs layer
db997fc51d93: Pulling fs layer
bd7ac40bba4a: Pulling fs layer
bd47797f4bf8: Waiting
f662dc37ba59: Pulling fs layer
3a65af694fd3: Pulling fs layer
db997fc51d93: Waiting
7e56b18f5464: Waiting
fbcac5093242: Pulling fs layer
2ad3bff64342: Waiting
bd7ac40bba4a: Waiting
9878ad863214: Pulling fs layer
f662dc37ba59: Waiting
1ad17e4e279f: Pulling fs layer
3a65af694fd3: Waiting
fbcac5093242: Waiting
7f6e9d39ec89: Pulling fs layer
1ad17e4e279f: Waiting
3966800c2a3a: Pulling fs layer
cb211d78c56e: Pulling fs layer
7f6e9d39ec89: Waiting
010c67de6d1e: Pulling fs layer
3966800c2a3a: Waiting
86bf679fa3d6: Pulling fs layer
cb211d78c56e: Waiting
4475613e47ee: Pulling fs layer
fa2dd4ec929a: Pulling fs layer
86bf679fa3d6: Waiting
4475613e47ee: Waiting
a6947f3343a5: Pulling fs layer
1def6cf59326: Pulling fs layer
fa2dd4ec929a: Waiting
a6947f3343a5: Waiting
69efd11de5a9: Pulling fs layer
1def6cf59326: Waiting
a49d34c13fd3: Pulling fs layer
52aa4bdf7f59: Pulling fs layer
a49d34c13fd3: Waiting
f950e1e0ee2d: Pulling fs layer
52aa4bdf7f59: Waiting
ff2771530ced: Pulling fs layer
900035947437: Pulling fs layer
4854ac80d0a6: Pulling fs layer
f950e1e0ee2d: Waiting
ff2771530ced: Waiting
bc1251d5383a: Pulling fs layer
3cd18b520e09: Pulling fs layer
4854ac80d0a6: Waiting
bc1251d5383a: Waiting
63eb339d2263: Pulling fs layer
4a19772ed3ff: Pulling fs layer
63eb339d2263: Waiting
4a19772ed3ff: Waiting
d3d4a08166b0: Pulling fs layer
766fde190e84: Pulling fs layer
766fde190e84: Waiting
d3d4a08166b0: Waiting
d18d76a881a4: Verifying Checksum
d18d76a881a4: Download complete
34667c7e4631: Verifying Checksum
34667c7e4631: Download complete
2aaf13f3eff0: Download complete
119c7358fbfc: Verifying Checksum
23315fc02683: Verifying Checksum
5080dd9ffc88: Verifying Checksum
5080dd9ffc88: Download complete
84a711db8894: Verifying Checksum
84a711db8894: Download complete
34667c7e4631: Pull complete
d18d76a881a4: Pull complete
119c7358fbfc: Pull complete
2aaf13f3eff0: Pull complete
31b1b68050d4: Verifying Checksum
31b1b68050d4: Download complete
4eb0f7fd208c: Verifying Checksum
4eb0f7fd208c: Download complete
ab308a8a16c5: Verifying Checksum
ab308a8a16c5: Download complete
11ce332484b2: Verifying Checksum
84a711db8894: Pull complete
23315fc02683: Pull complete
5080dd9ffc88: Pull complete
22e8b7b4a014: Verifying Checksum
22e8b7b4a014: Download complete
a7dfd01bee3c: Verifying Checksum
a7dfd01bee3c: Download complete
865d56f20bff: Verifying Checksum
865d56f20bff: Download complete
570068fd49b1: Verifying Checksum
570068fd49b1: Download complete
570068fd49b1: Pull complete
31b1b68050d4: Pull complete
4eb0f7fd208c: Pull complete
ab308a8a16c5: Pull complete
11ce332484b2: Pull complete
22e8b7b4a014: Pull complete
a7dfd01bee3c: Pull complete
865d56f20bff: Pull complete
43a3f0655d0c: Verifying Checksum
43a3f0655d0c: Download complete
9066bd9bed95: Download complete
6034f3048a6c: Verifying Checksum
6034f3048a6c: Download complete
d6f2d5302970: Verifying Checksum
d6f2d5302970: Download complete
1d6ed9442970: Verifying Checksum
1d6ed9442970: Download complete
9878ad863214: Waiting
010c67de6d1e: Waiting
69efd11de5a9: Waiting
3cd18b520e09: Waiting
900035947437: Waiting
docker: write /var/lib/docker/tmp/GetImageBlob4254259131: no space left on device.
See 'docker run --help'.
