Unable to find image 'n132/arvo:42940-vul' locally
42940-vul: Pulling from n132/arvo
7b1a6ab2e44d: Already exists
8881f6140900: Pulling fs layer
c8beb2c50bd8: Pulling fs layer
b34a1cd09240: Pulling fs layer
213ec0ca34a3: Pulling fs layer
bc47ca9c8b0b: Pulling fs layer
e2dbe7c7eeb9: Pulling fs layer
8881f6140900: Waiting
d65b913a4283: Pulling fs layer
00d76864d0f2: Pulling fs layer
38c82b79faaf: Pulling fs layer
a5a5df1e66fa: Pulling fs layer
213ec0ca34a3: Waiting
c8beb2c50bd8: Waiting
b34a1cd09240: Waiting
b8936f3a6b76: Pulling fs layer
a89e2c443787: Pulling fs layer
a1eca5fe4e69: Pulling fs layer
d65b913a4283: Waiting
10f360e0ebd9: Pulling fs layer
bc47ca9c8b0b: Waiting
e2dbe7c7eeb9: Waiting
a5a5df1e66fa: Waiting
327580500485: Pulling fs layer
00d76864d0f2: Waiting
38c82b79faaf: Waiting
a89e2c443787: Waiting
ab4ff7c0acf8: Pulling fs layer
b8936f3a6b76: Waiting
10f360e0ebd9: Waiting
51074a011940: Pulling fs layer
327580500485: Waiting
185dd92dbcba: Pulling fs layer
a1eca5fe4e69: Waiting
ab4ff7c0acf8: Waiting
51074a011940: Waiting
e12b10886cc3: Pulling fs layer
185dd92dbcba: Waiting
91dae9ae977b: Pulling fs layer
e12b10886cc3: Waiting
f52b6e96c57d: Pulling fs layer
62bc68827793: Pulling fs layer
ba68d3752fff: Pulling fs layer
f52b6e96c57d: Waiting
20ed0d279125: Pulling fs layer
91dae9ae977b: Waiting
26111b31185d: Pulling fs layer
62bc68827793: Waiting
ba68d3752fff: Waiting
ad7c4356c7c0: Pulling fs layer
20ed0d279125: Waiting
8099d836ffe7: Pulling fs layer
26111b31185d: Waiting
ef70627a5788: Pulling fs layer
ad7c4356c7c0: Waiting
7706b202cea3: Pulling fs layer
da5887f5c725: Pulling fs layer
f4a8610cad8b: Pulling fs layer
7706b202cea3: Waiting
1072ab371a26: Pulling fs layer
da5887f5c725: Waiting
d0a0be7397d2: Pulling fs layer
f4a8610cad8b: Waiting
47d92abbb2b2: Pulling fs layer
1072ab371a26: Waiting
f375b1a619c7: Pulling fs layer
5dcac79176f2: Pulling fs layer
2a3b53061e03: Pulling fs layer
f375b1a619c7: Waiting
73457b34b06b: Pulling fs layer
5dcac79176f2: Waiting
09ea6605fc99: Pulling fs layer
73457b34b06b: Waiting
3d653677ae00: Pulling fs layer
2a3b53061e03: Waiting
ac5b2156be54: Pulling fs layer
09ea6605fc99: Waiting
ac5b2156be54: Waiting
c8beb2c50bd8: Download complete
b34a1cd09240: Download complete
213ec0ca34a3: Download complete
8881f6140900: Download complete
e2dbe7c7eeb9: Verifying Checksum
e2dbe7c7eeb9: Download complete
8881f6140900: Pull complete
c8beb2c50bd8: Pull complete
b34a1cd09240: Pull complete
213ec0ca34a3: Pull complete
bc47ca9c8b0b: Verifying Checksum
bc47ca9c8b0b: Download complete
d65b913a4283: Verifying Checksum
d65b913a4283: Download complete
8099d836ffe7: Waiting
ef70627a5788: Waiting
d0a0be7397d2: Waiting
47d92abbb2b2: Waiting
3d653677ae00: Waiting
docker: write /var/lib/docker/tmp/GetImageBlob2616745299: no space left on device.
See 'docker run --help'.
