Unable to find image 'n132/arvo:42821-vul' locally
42821-vul: Pulling from n132/arvo
f3ef4ff62e0d: Pulling fs layer
71597766d6d1: Pulling fs layer
fa95a0422deb: Pulling fs layer
f3ef4ff62e0d: Waiting
0ca9a930fa05: Pulling fs layer
fa95a0422deb: Waiting
71597766d6d1: Waiting
bf972e7061f1: Pulling fs layer
b38562501b1a: Pulling fs layer
62305f0fdabd: Pulling fs layer
b38562501b1a: Waiting
bf972e7061f1: Waiting
0ca9a930fa05: Waiting
951f8168d803: Pulling fs layer
4d531cb354da: Pulling fs layer
29822b19036a: Pulling fs layer
7bf32ce85a9e: Pulling fs layer
885df2877d55: Pulling fs layer
3d148047a880: Pulling fs layer
b35fbbd983c8: Pulling fs layer
628ce4e25f21: Pulling fs layer
e599a6301f30: Pulling fs layer
4d531cb354da: Waiting
885df2877d55: Waiting
29822b19036a: Waiting
7bf32ce85a9e: Waiting
62305f0fdabd: Waiting
951f8168d803: Waiting
628ce4e25f21: Waiting
b35fbbd983c8: Waiting
0bef90d26266: Pulling fs layer
3d148047a880: Waiting
eb1eb4fb51ff: Pulling fs layer
e599a6301f30: Waiting
99d233c76f00: Pulling fs layer
0bef90d26266: Waiting
05c63b33929c: Pulling fs layer
eb1eb4fb51ff: Waiting
c11c13988974: Pulling fs layer
99d233c76f00: Waiting
fd65c5953e27: Pulling fs layer
6c35600afd40: Pulling fs layer
eecec3aa5164: Pulling fs layer
c11c13988974: Waiting
05c63b33929c: Waiting
fd65c5953e27: Waiting
ca4fde5498d0: Pulling fs layer
6c35600afd40: Waiting
eecec3aa5164: Waiting
cb5ba4ae55a8: Pulling fs layer
ca4fde5498d0: Waiting
5e5e023ff403: Pulling fs layer
16ce842de352: Pulling fs layer
cb5ba4ae55a8: Waiting
5e5e023ff403: Waiting
fe1a5b38fd88: Pulling fs layer
58f0f36ec7d4: Pulling fs layer
16ce842de352: Waiting
3cc53b7b6bc6: Pulling fs layer
fe1a5b38fd88: Waiting
744628bca507: Pulling fs layer
58f0f36ec7d4: Waiting
3cc53b7b6bc6: Waiting
1fa00dd80145: Pulling fs layer
e5058455fb95: Pulling fs layer
744628bca507: Waiting
66446d43c6a7: Pulling fs layer
5f5dc917e2f5: Pulling fs layer
1fa00dd80145: Waiting
a49c59d8cbdc: Pulling fs layer
66446d43c6a7: Waiting
e5058455fb95: Waiting
d00d73ba394a: Pulling fs layer
a49c59d8cbdc: Waiting
4eb4dea7c144: Pulling fs layer
74b36315df2c: Pulling fs layer
0ccdba506328: Pulling fs layer
122d867f481e: Pulling fs layer
4eb4dea7c144: Waiting
74b36315df2c: Waiting
122d867f481e: Waiting
71597766d6d1: Verifying Checksum
71597766d6d1: Download complete
f3ef4ff62e0d: Download complete
fa95a0422deb: Verifying Checksum
fa95a0422deb: Download complete
bf972e7061f1: Download complete
62305f0fdabd: Verifying Checksum
62305f0fdabd: Download complete
0ca9a930fa05: Verifying Checksum
0ca9a930fa05: Download complete
f3ef4ff62e0d: Pull complete
4d531cb354da: Verifying Checksum
4d531cb354da: Download complete
29822b19036a: Download complete
71597766d6d1: Pull complete
fa95a0422deb: Pull complete
7bf32ce85a9e: Verifying Checksum
7bf32ce85a9e: Download complete
b38562501b1a: Verifying Checksum
b38562501b1a: Download complete
0ca9a930fa05: Pull complete
bf972e7061f1: Pull complete
3d148047a880: Verifying Checksum
3d148047a880: Download complete
b35fbbd983c8: Download complete
628ce4e25f21: Verifying Checksum
628ce4e25f21: Download complete
e599a6301f30: Download complete
0bef90d26266: Verifying Checksum
0bef90d26266: Download complete
eb1eb4fb51ff: Verifying Checksum
eb1eb4fb51ff: Download complete
885df2877d55: Verifying Checksum
885df2877d55: Download complete
99d233c76f00: Verifying Checksum
99d233c76f00: Download complete
05c63b33929c: Verifying Checksum
05c63b33929c: Download complete
951f8168d803: Download complete
5f5dc917e2f5: Waiting
d00d73ba394a: Waiting
0ccdba506328: Waiting
docker: failed to register layer: write /usr/local/bin/opt: no space left on device.
See 'docker run --help'.
