Unable to find image 'n132/arvo:33402-vul' locally
33402-vul: Pulling from n132/arvo
4007a89234b4: Pulling fs layer
c1de0f9cdfc1: Pulling fs layer
c8ee6ca703b8: Pulling fs layer
4007a89234b4: Waiting
c1de0f9cdfc1: Waiting
b39e2761d3d4: Pulling fs layer
4bbd1b1e9dea: Pulling fs layer
c8ee6ca703b8: Waiting
3f36bec93795: Pulling fs layer
b39e2761d3d4: Waiting
505ac307577b: Pulling fs layer
aa20c5b8ff6e: Pulling fs layer
3f36bec93795: Waiting
505ac307577b: Waiting
353d46de7706: Pulling fs layer
aa20c5b8ff6e: Waiting
5e1d8be230be: Pulling fs layer
a493c99e3a65: Pulling fs layer
353d46de7706: Waiting
604f283a5601: Pulling fs layer
d42f9f066f5f: Pulling fs layer
a493c99e3a65: Waiting
6deed19b4e24: Pulling fs layer
604f283a5601: Waiting
585b5d76df14: Pulling fs layer
d42f9f066f5f: Waiting
dd6815052762: Pulling fs layer
585b5d76df14: Waiting
b28d799b7493: Pulling fs layer
dd6815052762: Waiting
7f6938d2bddf: Pulling fs layer
d22ec5c1d8c2: Pulling fs layer
b28d799b7493: Waiting
6ccebb8675e0: Pulling fs layer
d22ec5c1d8c2: Waiting
e937e5dfd8e3: Pulling fs layer
6ccebb8675e0: Waiting
57c9796c05f3: Pulling fs layer
3a8f9a6337d0: Pulling fs layer
e937e5dfd8e3: Waiting
57c9796c05f3: Waiting
6b748171b2a1: Pulling fs layer
3a8f9a6337d0: Waiting
94351f0a6656: Pulling fs layer
6b748171b2a1: Waiting
09ae202e483b: Pulling fs layer
94351f0a6656: Waiting
91a331d8b24e: Pulling fs layer
9beee084915f: Pulling fs layer
5931a2477e67: Pulling fs layer
91a331d8b24e: Waiting
5c9ce66f2a3a: Pulling fs layer
9beee084915f: Waiting
d4eda1a5ade4: Pulling fs layer
5c9ce66f2a3a: Waiting
ef0a1980a3d9: Pulling fs layer
72df508ca98f: Pulling fs layer
c3ad8dcc57d8: Pulling fs layer
d2ecdd5ffa99: Pulling fs layer
72df508ca98f: Waiting
c3ad8dcc57d8: Waiting
d2ecdd5ffa99: Waiting
94c0192c7f05: Pulling fs layer
e20f919b921f: Pulling fs layer
bc60d51e1844: Pulling fs layer
e20f919b921f: Waiting
2dc0053d122b: Pulling fs layer
94c0192c7f05: Waiting
bc60d51e1844: Waiting
893818a5c77f: Pulling fs layer
4d34149cd88d: Pulling fs layer
87fe3dd78ab6: Pulling fs layer
2dc0053d122b: Waiting
893818a5c77f: Waiting
4d34149cd88d: Waiting
bec2e7df3292: Pulling fs layer
20d0a1126744: Pulling fs layer
87fe3dd78ab6: Waiting
3417d2e4db64: Pulling fs layer
6d5c1621ba7c: Pulling fs layer
3417d2e4db64: Waiting
bec2e7df3292: Waiting
20d0a1126744: Waiting
9176257ad960: Pulling fs layer
6d5c1621ba7c: Waiting
4c7293a1d807: Pulling fs layer
9176257ad960: Waiting
290a20f8e884: Pulling fs layer
e94cf76bc335: Pulling fs layer
86464244125a: Pulling fs layer
67c7f521b059: Pulling fs layer
290a20f8e884: Waiting
2c042e13d142: Pulling fs layer
e94cf76bc335: Waiting
67c7f521b059: Waiting
3b1e302a2008: Pulling fs layer
86464244125a: Waiting
3b1e302a2008: Waiting
2c042e13d142: Waiting
4007a89234b4: Verifying Checksum
4007a89234b4: Download complete
4007a89234b4: Pull complete
c8ee6ca703b8: Verifying Checksum
c8ee6ca703b8: Download complete
c1de0f9cdfc1: Verifying Checksum
c1de0f9cdfc1: Download complete
c1de0f9cdfc1: Pull complete
c8ee6ca703b8: Pull complete
b39e2761d3d4: Download complete
b39e2761d3d4: Pull complete
3f36bec93795: Download complete
4bbd1b1e9dea: Verifying Checksum
4bbd1b1e9dea: Download complete
aa20c5b8ff6e: Verifying Checksum
aa20c5b8ff6e: Download complete
505ac307577b: Verifying Checksum
505ac307577b: Download complete
5e1d8be230be: Verifying Checksum
5e1d8be230be: Download complete
4bbd1b1e9dea: Pull complete
3f36bec93795: Pull complete
604f283a5601: Verifying Checksum
604f283a5601: Download complete
353d46de7706: Verifying Checksum
353d46de7706: Download complete
505ac307577b: Pull complete
aa20c5b8ff6e: Pull complete
a493c99e3a65: Verifying Checksum
a493c99e3a65: Download complete
d42f9f066f5f: Verifying Checksum
d42f9f066f5f: Download complete
585b5d76df14: Verifying Checksum
585b5d76df14: Download complete
dd6815052762: Verifying Checksum
dd6815052762: Download complete
7f6938d2bddf: Verifying Checksum
7f6938d2bddf: Download complete
d22ec5c1d8c2: Verifying Checksum
d22ec5c1d8c2: Download complete
6deed19b4e24: Verifying Checksum
6deed19b4e24: Download complete
353d46de7706: Pull complete
5e1d8be230be: Pull complete
b28d799b7493: Verifying Checksum
b28d799b7493: Download complete
6ccebb8675e0: Verifying Checksum
6ccebb8675e0: Download complete
e937e5dfd8e3: Verifying Checksum
e937e5dfd8e3: Download complete
3a8f9a6337d0: Verifying Checksum
3a8f9a6337d0: Download complete
57c9796c05f3: Verifying Checksum
57c9796c05f3: Download complete
94351f0a6656: Verifying Checksum
94351f0a6656: Download complete
09ae202e483b: Verifying Checksum
09ae202e483b: Download complete
6b748171b2a1: Verifying Checksum
6b748171b2a1: Download complete
9beee084915f: Verifying Checksum
9beee084915f: Download complete
91a331d8b24e: Verifying Checksum
91a331d8b24e: Download complete
5c9ce66f2a3a: Verifying Checksum
5c9ce66f2a3a: Download complete
d4eda1a5ade4: Verifying Checksum
d4eda1a5ade4: Download complete
ef0a1980a3d9: Download complete
5931a2477e67: Verifying Checksum
5931a2477e67: Download complete
72df508ca98f: Verifying Checksum
72df508ca98f: Download complete
d2ecdd5ffa99: Verifying Checksum
d2ecdd5ffa99: Download complete
e20f919b921f: Verifying Checksum
e20f919b921f: Download complete
94c0192c7f05: Download complete
bc60d51e1844: Verifying Checksum
bc60d51e1844: Download complete
2dc0053d122b: Download complete
4d34149cd88d: Verifying Checksum
4d34149cd88d: Download complete
893818a5c77f: Verifying Checksum
893818a5c77f: Download complete
c3ad8dcc57d8: Download complete
87fe3dd78ab6: Verifying Checksum
87fe3dd78ab6: Download complete
bec2e7df3292: Verifying Checksum
bec2e7df3292: Download complete
20d0a1126744: Download complete
a493c99e3a65: Pull complete
9176257ad960: Download complete
3417d2e4db64: Verifying Checksum
3417d2e4db64: Download complete
290a20f8e884: Verifying Checksum
290a20f8e884: Download complete
6d5c1621ba7c: Verifying Checksum
6d5c1621ba7c: Download complete
e94cf76bc335: Verifying Checksum
e94cf76bc335: Download complete
4c7293a1d807: Verifying Checksum
4c7293a1d807: Download complete
86464244125a: Verifying Checksum
86464244125a: Download complete
3b1e302a2008: Download complete
67c7f521b059: Download complete
docker: write /var/lib/docker/tmp/GetImageBlob2511487652: no space left on device.
See 'docker run --help'.
