Unable to find image 'n132/arvo:23077-vul' locally
23077-vul: Pulling from n132/arvo
3386e6af03b0: Pulling fs layer
49ac0bbe6c8e: Pulling fs layer
3386e6af03b0: Waiting
d1983a67e104: Pulling fs layer
1a0f3a523f04: Pulling fs layer
73c5426d06aa: Pulling fs layer
fa7611375f71: Pulling fs layer
cfbeaae4f211: Pulling fs layer
fa7611375f71: Waiting
d1983a67e104: Waiting
49ac0bbe6c8e: Waiting
1a0f3a523f04: Waiting
73c5426d06aa: Waiting
42371f50a4fa: Pulling fs layer
d03027ec3c94: Pulling fs layer
c7d96356120a: Pulling fs layer
6c28d33bde9b: Pulling fs layer
f52300c66b5f: Pulling fs layer
df8ecd39b0e7: Pulling fs layer
9454a074fc30: Pulling fs layer
47fed183f2ed: Pulling fs layer
e96eecbbb562: Pulling fs layer
6c28d33bde9b: Waiting
cfbeaae4f211: Waiting
42371f50a4fa: Waiting
d03027ec3c94: Waiting
df8ecd39b0e7: Waiting
f52300c66b5f: Waiting
c7d96356120a: Waiting
9454a074fc30: Waiting
47fed183f2ed: Waiting
e96eecbbb562: Waiting
0b0cc7417213: Pulling fs layer
8e81c9530cd8: Pulling fs layer
4445fbb6820d: Pulling fs layer
8f1a3969422b: Pulling fs layer
3e6f87cba13b: Pulling fs layer
53949135a71e: Pulling fs layer
3bb11b51b193: Pulling fs layer
53949135a71e: Waiting
0b0cc7417213: Waiting
8e81c9530cd8: Waiting
4445fbb6820d: Waiting
8f1a3969422b: Waiting
3e6f87cba13b: Waiting
f3d42b82f5af: Pulling fs layer
3bb11b51b193: Waiting
6e5ddb1a73c9: Pulling fs layer
bd04730537d7: Pulling fs layer
5ffa2df741ec: Pulling fs layer
f3391a337fe7: Pulling fs layer
5ffa2df741ec: Waiting
bd04730537d7: Waiting
6e5ddb1a73c9: Waiting
f3d42b82f5af: Waiting
665630a5b42b: Pulling fs layer
f3391a337fe7: Waiting
8b0996b8d745: Pulling fs layer
665630a5b42b: Waiting
5546df0354cd: Pulling fs layer
000823b0568f: Pulling fs layer
8b0996b8d745: Waiting
30fa66289f9f: Pulling fs layer
ad55502ccd78: Pulling fs layer
000823b0568f: Waiting
5546df0354cd: Waiting
30fa66289f9f: Waiting
8bb9b0129143: Pulling fs layer
ad55502ccd78: Waiting
8bb9b0129143: Waiting
a128803220fd: Pulling fs layer
074a463dacf2: Pulling fs layer
70020e468913: Pulling fs layer
a128803220fd: Waiting
074a463dacf2: Waiting
62c21e551114: Pulling fs layer
70020e468913: Waiting
9796534e8248: Pulling fs layer
eb0985f4a497: Pulling fs layer
347bdaa21a40: Pulling fs layer
ffb6b0e94d71: Pulling fs layer
9796534e8248: Waiting
62c21e551114: Waiting
bb505e23f74d: Pulling fs layer
347bdaa21a40: Waiting
eb0985f4a497: Waiting
ffb6b0e94d71: Waiting
bb505e23f74d: Waiting
a044f2b8d98c: Pulling fs layer
a044f2b8d98c: Waiting
05127661ecf6: Pulling fs layer
d0092ae1c1ff: Pulling fs layer
05127661ecf6: Waiting
d0092ae1c1ff: Waiting
67d205df4ec3: Pulling fs layer
67d205df4ec3: Waiting
4f4fb700ef54: Pulling fs layer
6a28bf4631af: Pulling fs layer
4f4fb700ef54: Waiting
23bb412ef93f: Pulling fs layer
6a28bf4631af: Waiting
23bb412ef93f: Waiting
526af65d84be: Pulling fs layer
526af65d84be: Waiting
3386e6af03b0: Verifying Checksum
3386e6af03b0: Download complete
49ac0bbe6c8e: Verifying Checksum
49ac0bbe6c8e: Download complete
d1983a67e104: Download complete
1a0f3a523f04: Download complete
3386e6af03b0: Pull complete
49ac0bbe6c8e: Pull complete
d1983a67e104: Pull complete
1a0f3a523f04: Pull complete
73c5426d06aa: Download complete
cfbeaae4f211: Verifying Checksum
cfbeaae4f211: Download complete
fa7611375f71: Download complete
d03027ec3c94: Download complete
73c5426d06aa: Pull complete
fa7611375f71: Pull complete
cfbeaae4f211: Pull complete
c7d96356120a: Verifying Checksum
c7d96356120a: Download complete
42371f50a4fa: Verifying Checksum
42371f50a4fa: Download complete
6c28d33bde9b: Download complete
df8ecd39b0e7: Verifying Checksum
df8ecd39b0e7: Download complete
9454a074fc30: Download complete
47fed183f2ed: Download complete
e96eecbbb562: Verifying Checksum
e96eecbbb562: Download complete
f52300c66b5f: Verifying Checksum
f52300c66b5f: Download complete
0b0cc7417213: Verifying Checksum
0b0cc7417213: Verifying Checksum8e81c9530cd8: Verifying Checksum
8e81c9530cd8: Verifying Checksum8f1a3969422b: Verifying Checksum
8f1a3969422b: Download complete
4445fbb6820d: Download complete
3e6f87cba13b: Verifying Checksum
3e6f87cba13b: Download complete
42371f50a4fa: Pull complete
d03027ec3c94: Pull complete
c7d96356120a: Pull complete
6c28d33bde9b: Pull complete
f52300c66b5f: Pull complete
df8ecd39b0e7: Pull complete
9454a074fc30: Pull complete
47fed183f2ed: Pull complete
e96eecbbb562: Pull complete
0b0cc7417213: Pull complete
8e81c9530cd8: Pull complete
4445fbb6820d: Pull complete
8f1a3969422b: Pull complete
3e6f87cba13b: Pull complete
3bb11b51b193: Verifying Checksum
3bb11b51b193: Download complete
53949135a71e: Verifying Checksum
53949135a71e: Download complete
f3d42b82f5af: Verifying Checksum
f3d42b82f5af: Download complete
53949135a71e: Pull complete
3bb11b51b193: Pull complete
bd04730537d7: Verifying Checksum
bd04730537d7: Download complete
5ffa2df741ec: Verifying Checksum
5ffa2df741ec: Download complete
6e5ddb1a73c9: Verifying Checksum
6e5ddb1a73c9: Download complete
f3391a337fe7: Verifying Checksum665630a5b42b: Verifying Checksum
665630a5b42b: Download complete
8b0996b8d745: Verifying Checksum
8b0996b8d745: Download complete
000823b0568f: Verifying Checksum
000823b0568f: Download complete
5546df0354cd: Verifying Checksum
5546df0354cd: Download complete
f3d42b82f5af: Pull complete
30fa66289f9f: Verifying Checksum
30fa66289f9f: Download complete
ad55502ccd78: Verifying Checksum
ad55502ccd78: Download complete
a128803220fd: Verifying Checksum
a128803220fd: Download complete
074a463dacf2: Verifying Checksum
074a463dacf2: Download complete
8bb9b0129143: Verifying Checksum
8bb9b0129143: Download complete
70020e468913: Verifying Checksum
70020e468913: Download complete
9796534e8248: Verifying Checksum
9796534e8248: Download complete
62c21e551114: Verifying Checksum
62c21e551114: Download complete
347bdaa21a40: Verifying Checksum
347bdaa21a40: Download complete
eb0985f4a497: Download complete
docker: write /var/lib/docker/tmpdocker: write /var/lib/docker/tmp/GetImageBlob1992154741: no space left on device.
See 'docker run --help'.
