Unable to find image 'n132/arvo:60728-vul' locally
60728-vul: Pulling from n132/arvo
7608715873ec: Already exists
67d560c78017: Pulling fs layer
a7e7be41d33e: Pulling fs layer
bc8ad4baa141: Pulling fs layer
7fa2beb36056: Pulling fs layer
b5265d9da61d: Pulling fs layer
2a778a8d349c: Pulling fs layer
5c1fe07fc4a9: Pulling fs layer
de461f4b49f9: Pulling fs layer
e295ee79afe0: Pulling fs layer
b725376d49a8: Pulling fs layer
f453536d9ffc: Pulling fs layer
1e5c1a1b3ebc: Pulling fs layer
b9fbb0c3c60c: Pulling fs layer
bb9e7e18a65c: Pulling fs layer
b2cbf43d7105: Pulling fs layer
fc3bb3780840: Pulling fs layer
a1469dadcb65: Pulling fs layer
9091bb1d7910: Pulling fs layer
7294b0ed35ef: Pulling fs layer
4b3f0ab12282: Pulling fs layer
f88db4838507: Pulling fs layer
3eb62b0461d5: Pulling fs layer
5d1d97af7207: Pulling fs layer
12f44760bf9f: Pulling fs layer
e1eb3bcc1005: Pulling fs layer
8f525c921c1d: Pulling fs layer
540c6589e028: Pulling fs layer
c6f6de62ee29: Pulling fs layer
bb9e7e18a65c: Waiting
b5265d9da61d: Waiting
feaec4b21652: Pulling fs layer
f85b0b1514a3: Pulling fs layer
b725376d49a8: Waiting
e295ee79afe0: Waiting
02cbd716dc45: Pulling fs layer
f453536d9ffc: Waiting
2a778a8d349c: Waiting
1e5c1a1b3ebc: Waiting
4f4fb700ef54: Pulling fs layer
5c1fe07fc4a9: Waiting
b9fbb0c3c60c: Waiting
9902a9c0d484: Pulling fs layer
a7e7be41d33e: Waiting
de461f4b49f9: Waiting
d0bf015ae92e: Pulling fs layer
b2cbf43d7105: Waiting
12f44760bf9f: Waiting
4b42d235b784: Pulling fs layer
5d1d97af7207: Waiting
e1eb3bcc1005: Waiting
ed88ad233226: Pulling fs layer
8f525c921c1d: Waiting
feaec4b21652: Waiting
fc3bb3780840: Waiting
524fc8359511: Pulling fs layer
a1469dadcb65: Waiting
9091bb1d7910: Waiting
f85b0b1514a3: Waiting
cf4c39d15be8: Pulling fs layer
540c6589e028: Waiting
4b3f0ab12282: Waiting
f88db4838507: Waiting
c6f6de62ee29: Waiting
7294b0ed35ef: Waiting
3eb62b0461d5: Waiting
bc8ad4baa141: Waiting
7fa2beb36056: Waiting
4b42d235b784: Waiting
cf4c39d15be8: Waiting
524fc8359511: Waiting
4f4fb700ef54: Waiting
67d560c78017: Waiting
ed88ad233226: Waiting
d0bf015ae92e: Waiting
9902a9c0d484: Waiting
a7e7be41d33e: Verifying Checksum
a7e7be41d33e: Download complete
bc8ad4baa141: Verifying Checksum
bc8ad4baa141: Download complete
b5265d9da61d: Verifying Checksum
b5265d9da61d: Download complete
67d560c78017: Verifying Checksum
67d560c78017: Download complete
7fa2beb36056: Download complete
5c1fe07fc4a9: Download complete
de461f4b49f9: Verifying Checksum
de461f4b49f9: Download complete
67d560c78017: Pull complete
a7e7be41d33e: Pull complete
2a778a8d349c: Verifying Checksum
2a778a8d349c: Download complete
b725376d49a8: Verifying Checksum
b725376d49a8: Download complete
bc8ad4baa141: Pull complete
f453536d9ffc: Download complete
1e5c1a1b3ebc: Verifying Checksum
1e5c1a1b3ebc: Download complete
7fa2beb36056: Pull complete
b5265d9da61d: Pull complete
bb9e7e18a65c: Verifying Checksum
bb9e7e18a65c: Download complete
e295ee79afe0: Verifying Checksum
e295ee79afe0: Download complete
b9fbb0c3c60c: Verifying Checksum
b9fbb0c3c60c: Download complete
b2cbf43d7105: Verifying Checksum
b2cbf43d7105: Download complete
a1469dadcb65: Verifying Checksum
a1469dadcb65: Download complete
fc3bb3780840: Verifying Checksum
fc3bb3780840: Download complete
4b3f0ab12282: Download complete
7294b0ed35ef: Download complete
9091bb1d7910: Verifying Checksum
9091bb1d7910: Download complete
5d1d97af7207: Verifying Checksum
5d1d97af7207: Download complete
3eb62b0461d5: Verifying Checksum
3eb62b0461d5: Download complete
f88db4838507: Verifying Checksum
f88db4838507: Download complete
e1eb3bcc1005: Verifying Checksum
e1eb3bcc1005: Download complete
8f525c921c1d: Verifying Checksum
8f525c921c1d: Download complete
12f44760bf9f: Download complete
2a778a8d349c: Pull complete
5c1fe07fc4a9: Pull complete
de461f4b49f9: Pull complete
e295ee79afe0: Pull complete
02cbd716dc45: Waiting
docker: failed to register layer: write /usr/local/lib/python3.8/urllib/__pycache__/request.cpython-38.opt-1.pyc: no space left on device.
See 'docker run --help'.
