Unable to find image 'n132/arvo:49271-vul' locally
49271-vul: Pulling from n132/arvo
d7bfe07ed847: Pulling fs layer
3dd93ef8ffd9: Pulling fs layer
790f9d0a0dce: Pulling fs layer
11cd3f144815: Pulling fs layer
aca768540b99: Pulling fs layer
35b1312e159e: Pulling fs layer
4d0ca8b7e228: Pulling fs layer
414fd4239a5b: Pulling fs layer
134292459dc2: Pulling fs layer
3e879b680f74: Pulling fs layer
134292459dc2: Waiting
11cd3f144815: Waiting
aca768540b99: Waiting
35b1312e159e: Waiting
4d0ca8b7e228: Waiting
3dd93ef8ffd9: Waiting
414fd4239a5b: Waiting
d7bfe07ed847: Waiting
790f9d0a0dce: Waiting
4e3ee7259875: Pulling fs layer
3e879b680f74: Waiting
4e3ee7259875: Waiting
179bd47227be: Pulling fs layer
662cb2cd82c8: Pulling fs layer
179bd47227be: Waiting
2b2061b7cfc8: Pulling fs layer
662cb2cd82c8: Waiting
09a8db6460fc: Pulling fs layer
2b2061b7cfc8: Waiting
35013daf344c: Pulling fs layer
09a8db6460fc: Waiting
35013daf344c: Waiting
e30bb79aa736: Pulling fs layer
a40f0e6334a1: Pulling fs layer
e30bb79aa736: Waiting
2040f9a72d25: Pulling fs layer
a40f0e6334a1: Waiting
2040f9a72d25: Waiting
5b9b7d46044b: Pulling fs layer
281dec0535bb: Pulling fs layer
5da4306d17df: Pulling fs layer
5b9b7d46044b: Waiting
9b63b2d37aa2: Pulling fs layer
281dec0535bb: Waiting
5da4306d17df: Waiting
970ba34f771e: Pulling fs layer
9b63b2d37aa2: Waiting
970ba34f771e: Waiting
74baffd4dbc1: Pulling fs layer
d6e698060da1: Pulling fs layer
74baffd4dbc1: Waiting
4a7077bdffa1: Pulling fs layer
dd7a2aca3e4d: Pulling fs layer
d6e698060da1: Waiting
4a7077bdffa1: Waiting
3184fb8da752: Pulling fs layer
dd7a2aca3e4d: Waiting
3184fb8da752: Waiting
507d0bae0b3e: Pulling fs layer
b1de00312bef: Pulling fs layer
2de1ac1c1dfb: Pulling fs layer
507d0bae0b3e: Waiting
b1de00312bef: Waiting
fe62c3ad23c3: Pulling fs layer
2de1ac1c1dfb: Waiting
e06d6dd18df5: Pulling fs layer
72cff7af0881: Pulling fs layer
fe62c3ad23c3: Waiting
687931af1345: Pulling fs layer
72cff7af0881: Waiting
03a381ff81f2: Pulling fs layer
e06d6dd18df5: Waiting
7628c10b54a2: Pulling fs layer
03a381ff81f2: Waiting
4e932498e990: Pulling fs layer
7628c10b54a2: Waiting
ff5846a4c947: Pulling fs layer
638eecc1d21a: Pulling fs layer
ff5846a4c947: Waiting
9cc4bbcc0d43: Pulling fs layer
638eecc1d21a: Waiting
2e7f2726ad5d: Pulling fs layer
9cc4bbcc0d43: Waiting
df84a71d14e1: Pulling fs layer
2e7f2726ad5d: Waiting
b0bacf39f79d: Pulling fs layer
df84a71d14e1: Waiting
58e84f91997f: Pulling fs layer
b0bacf39f79d: Waiting
d7bfe07ed847: Download complete
790f9d0a0dce: Download complete
3dd93ef8ffd9: Verifying Checksum
3dd93ef8ffd9: Download complete
d7bfe07ed847: Pull complete
11cd3f144815: Verifying Checksum
11cd3f144815: Download complete
35b1312e159e: Download complete
aca768540b99: Verifying Checksum
aca768540b99: Download complete
3dd93ef8ffd9: Pull complete
790f9d0a0dce: Pull complete
414fd4239a5b: Download complete
11cd3f144815: Pull complete
aca768540b99: Pull complete
35b1312e159e: Pull complete
134292459dc2: Verifying Checksum
134292459dc2: Download complete
4d0ca8b7e228: Verifying Checksum
4d0ca8b7e228: Download complete
4e3ee7259875: Verifying Checksum
4e3ee7259875: Download complete
3e879b680f74: Download complete
179bd47227be: Verifying Checksum
179bd47227be: Download complete
2b2061b7cfc8: Verifying Checksum
2b2061b7cfc8: Download complete
662cb2cd82c8: Download complete
09a8db6460fc: Verifying Checksum
09a8db6460fc: Download complete
35013daf344c: Verifying Checksum
35013daf344c: Download complete
a40f0e6334a1: Verifying Checksum
a40f0e6334a1: Download complete
e30bb79aa736: Download complete
2040f9a72d25: Download complete
281dec0535bb: Download complete
5da4306d17df: Download complete
5b9b7d46044b: Verifying Checksum
5b9b7d46044b: Download complete
4d0ca8b7e228: Pull complete
414fd4239a5b: Pull complete
134292459dc2: Pull complete
3e879b680f74: Pull complete
4e3ee7259875: Pull complete
179bd47227be: Pull complete
662cb2cd82c8: Pull complete
2b2061b7cfc8: Pull complete
09a8db6460fc: Pull complete
35013daf344c: Pull complete
e30bb79aa736: Pull complete
a40f0e6334a1: Pull complete
2040f9a72d25: Pull complete
5b9b7d46044b: Pull complete
281dec0535bb: Pull complete
5da4306d17df: Pull complete
970ba34f771e: Verifying Checksum
970ba34f771e: Download complete
9b63b2d37aa2: Verifying Checksum
9b63b2d37aa2: Download complete
74baffd4dbc1: Verifying Checksum
74baffd4dbc1: Download complete
4a7077bdffa1: Verifying Checksum
4a7077bdffa1: Download complete
d6e698060da1: Verifying Checksum
d6e698060da1: Download complete
dd7a2aca3e4d: Verifying Checksum
dd7a2aca3e4d: Download complete
9b63b2d37aa2: Pull complete
970ba34f771e: Pull complete
3184fb8da752: Verifying Checksum
3184fb8da752: Download complete
b1de00312bef: Verifying Checksum
b1de00312bef: Download complete
74baffd4dbc1: Pull complete
507d0bae0b3e: Download complete
2de1ac1c1dfb: Download complete
fe62c3ad23c3: Verifying Checksum
fe62c3ad23c3: Download complete
e06d6dd18df5: Download complete
72cff7af0881: Verifying Checksum
72cff7af0881: Download complete
03a381ff81f2: Verifying Checksum
03a381ff81f2: Download complete
687931af1345: Verifying Checksum
687931af1345: Download complete
7628c10b54a2: Verifying Checksum
7628c10b54a2: Download complete
ff5846a4c947: Verifying Checksum
ff5846a4c947: Download complete
4e932498e990: Verifying Checksum
4e932498e990: Download complete
638eecc1d21a: Verifying Checksum
638eecc1d21a: Download complete
df84a71d14e1: Verifying Checksum
df84a71d14e1: Download complete
2e7f2726ad5d: Verifying Checksum
2e7f2726ad5d: Download complete
58e84f91997f: Download complete
9cc4bbcc0d43: Verifying Checksum
9cc4bbcc0d43: Download complete
d6e698060da1: Pull complete
4a7077bdffa1: Pull complete
dd7a2aca3e4d: Pull complete
3184fb8da752: Pull complete
507d0bae0b3e: Pull complete
b1de00312bef: Pull complete
2de1ac1c1dfb: Pull complete
fe62c3ad23c3: Pull complete
e06d6dd18df5: Pull complete
72cff7af0881: Pull complete
687931af1345: Pull complete
03a381ff81f2: Pull complete
7628c10b54a2: Pull complete
4e932498e990: Pull complete
ff5846a4c947: Pull complete
638eecc1d21a: Pull complete
9cc4bbcc0d43: Pull complete
2e7f2726ad5d: Pull complete
df84a71d14e1: Pull complete
docker: write /var/lib/docker/tmp/GetImageBlob3832571434: no space left on device.
See 'docker run --help'.
