INFO: Running with entropic power schedule (0xFF, 100).
INFO: Seed: 1622885698
INFO: Loaded 1 modules   (22547 inline 8-bit counters): 22547 [0x952c90, 0x9584a3), 
INFO: Loaded 1 PC tables (22547 PCs): 22547 [0x82ca40,0x884b70), 
/out/libraw_nef_fuzzer: Running 1 inputs 1 time(s) each.
Running: /tmp/poc
=================================================================
==7==ERROR: AddressSanitizer: heap-buffer-overflow on address 0x7cb53da017fd at pc 0x00000059cf29 bp 0x7ffd3d447dc0 sp 0x7ffd3d447db8
READ of size 1 at 0x7cb53da017fd thread T0
SCARINESS: 12 (1-byte-read-heap-buffer-overflow)
    #0 0x59cf28 in libraw_sget4_static(short, unsigned char*) /src/libraw/src/utils/read_utils.cpp:63:12
    #1 0x5ad8eb in checked_buffer_t::sget4(int) /src/libraw/src/utils/utils_libraw.cpp:704:10
    #2 0x77ddd2 in LibRaw::parseAdobeRAFMakernote() /src/libraw/src/metadata/fuji.cpp:229:33
    #3 0x74ac9b in LibRaw::parse_tiff_ifd(int) /src/libraw/src/metadata/tiff.cpp:1531:21
    #4 0x751ab9 in LibRaw::parse_tiff(int) /src/libraw/src/metadata/tiff.cpp:1707:9
    #5 0x6d062a in LibRaw::identify() /src/libraw/src/metadata/identify.cpp:474:14
    #6 0x592e3c in LibRaw::open_datastream(LibRaw_abstract_datastream*) /src/libraw/src/utils/open.cpp:480:4
    #7 0x591ef9 in LibRaw::open_buffer(void const*, unsigned long) /src/libraw/src/utils/open.cpp:240:13
    #8 0x56dc20 in LLVMFuzzerTestOneInput /src/libraw_fuzzer.cc:62:24
    #9 0x43df33 in fuzzer::Fuzzer::ExecuteCallback(unsigned char const*, unsigned long) /src/llvm-project/compiler-rt/lib/fuzzer/FuzzerLoop.cpp:611:15
    #10 0x429692 in fuzzer::RunOneTest(fuzzer::Fuzzer*, char const*, unsigned long) /src/llvm-project/compiler-rt/lib/fuzzer/FuzzerDriver.cpp:324:6
    #11 0x42ef3c in fuzzer::FuzzerDriver(int*, char***, int (*)(unsigned char const*, unsigned long)) /src/llvm-project/compiler-rt/lib/fuzzer/FuzzerDriver.cpp:860:9
    #12 0x458472 in main /src/llvm-project/compiler-rt/lib/fuzzer/FuzzerMain.cpp:20:10
    #13 0x7cb542014082 in __libc_start_main (/lib/x86_64-linux-gnu/libc.so.6+0x24082) (BuildId: 87b331c034a6458c64ce09c03939e947212e18ce)
    #14 0x41f85d in _start (/out/libraw_nef_fuzzer+0x41f85d)

DEDUP_TOKEN: libraw_sget4_static(short, unsigned char*)--checked_buffer_t::sget4(int)--LibRaw::parseAdobeRAFMakernote()
0x7cb53da017fd is located 3 bytes to the left of 2106464-byte region [0x7cb53da01800,0x7cb53dc03c60)
allocated by thread T0 here:
    #0 0x569f0d in operator new(unsigned long) /src/llvm-project/compiler-rt/lib/asan/asan_new_delete.cpp:95:3
    #1 0x5ad3a2 in __libcpp_operator_new<unsigned long> /usr/local/bin/../include/c++/v1/new:245:10
    #2 0x5ad3a2 in __libcpp_allocate /usr/local/bin/../include/c++/v1/new:271:10
    #3 0x5ad3a2 in allocate /usr/local/bin/../include/c++/v1/__memory/allocator.h:105:38
    #4 0x5ad3a2 in allocate /usr/local/bin/../include/c++/v1/__memory/allocator_traits.h:262:20
    #5 0x5ad3a2 in __vallocate /usr/local/bin/../include/c++/v1/vector:931:37
    #6 0x5ad3a2 in vector /usr/local/bin/../include/c++/v1/vector:1062:9
    #7 0x5ad3a2 in checked_buffer_t::checked_buffer_t(short, int) /src/libraw/src/utils/utils_libraw.cpp:679:72
    #8 0x77da24 in fuji_wb_checked_buffer_t /src/libraw/src/metadata/fuji.cpp:120:50
    #9 0x77da24 in LibRaw::parseAdobeRAFMakernote() /src/libraw/src/metadata/fuji.cpp:211:27
    #10 0x74ac9b in LibRaw::parse_tiff_ifd(int) /src/libraw/src/metadata/tiff.cpp:1531:21
    #11 0x751ab9 in LibRaw::parse_tiff(int) /src/libraw/src/metadata/tiff.cpp:1707:9
    #12 0x6d062a in LibRaw::identify() /src/libraw/src/metadata/identify.cpp:474:14
    #13 0x592e3c in LibRaw::open_datastream(LibRaw_abstract_datastream*) /src/libraw/src/utils/open.cpp:480:4
    #14 0x591ef9 in LibRaw::open_buffer(void const*, unsigned long) /src/libraw/src/utils/open.cpp:240:13
    #15 0x56dc20 in LLVMFuzzerTestOneInput /src/libraw_fuzzer.cc:62:24
    #16 0x43df33 in fuzzer::Fuzzer::ExecuteCallback(unsigned char const*, unsigned long) /src/llvm-project/compiler-rt/lib/fuzzer/FuzzerLoop.cpp:611:15
    #17 0x429692 in fuzzer::RunOneTest(fuzzer::Fuzzer*, char const*, unsigned long) /src/llvm-project/compiler-rt/lib/fuzzer/FuzzerDriver.cpp:324:6
    #18 0x42ef3c in fuzzer::FuzzerDriver(int*, char***, int (*)(unsigned char const*, unsigned long)) /src/llvm-project/compiler-rt/lib/fuzzer/FuzzerDriver.cpp:860:9
    #19 0x458472 in main /src/llvm-project/compiler-rt/lib/fuzzer/FuzzerMain.cpp:20:10
    #20 0x7cb542014082 in __libc_start_main (/lib/x86_64-linux-gnu/libc.so.6+0x24082) (BuildId: 87b331c034a6458c64ce09c03939e947212e18ce)

DEDUP_TOKEN: operator new(unsigned long)--__libcpp_operator_new<unsigned long>--__libcpp_allocate
SUMMARY: AddressSanitizer: heap-buffer-overflow /src/libraw/src/utils/read_utils.cpp:63:12 in libraw_sget4_static(short, unsigned char*)
Shadow bytes around the buggy address:
  0x0f9727b382a0: fa fa fa fa fa fa fa fa fa fa fa fa fa fa fa fa
  0x0f9727b382b0: fa fa fa fa fa fa fa fa fa fa fa fa fa fa fa fa
  0x0f9727b382c0: fa fa fa fa fa fa fa fa fa fa fa fa fa fa fa fa
  0x0f9727b382d0: fa fa fa fa fa fa fa fa fa fa fa fa fa fa fa fa
  0x0f9727b382e0: fa fa fa fa fa fa fa fa fa fa fa fa fa fa fa fa
=>0x0f9727b382f0: fa fa fa fa fa fa fa fa fa fa fa fa fa fa fa[fa]
  0x0f9727b38300: 00 00 00 00 00 00 00 00 00 00 00 00 00 00 00 00
  0x0f9727b38310: 00 00 00 00 00 00 00 00 00 00 00 00 00 00 00 00
  0x0f9727b38320: 00 00 00 00 00 00 00 00 00 00 00 00 00 00 00 00
  0x0f9727b38330: 00 00 00 00 00 00 00 00 00 00 00 00 00 00 00 00
  0x0f9727b38340: 00 00 00 00 00 00 00 00 00 00 00 00 00 00 00 00
Shadow byte legend (one shadow byte represents 8 application bytes):
  Addressable:           00
  Partially addressable: 01 02 03 04 05 06 07 
  Heap left redzone:       fa
  Freed heap region:       fd
  Stack left redzone:      f1
  Stack mid redzone:       f2
  Stack right redzone:     f3
  Stack after return:      f5
  Stack use after scope:   f8
  Global redzone:          f9
  Global init order:       f6
  Poisoned by user:        f7
  Container overflow:      fc
  Array cookie:            ac
  Intra object redzone:    bb
  ASan internal:           fe
  Left alloca redzone:     ca
  Right alloca redzone:    cb
==7==ABORTING
