Unable to find image 'n132/arvo:1478-vul' locally
1478-vul: Pulling from n132/arvo
d16fc20e681d: Already exists
63f1c4e4b781: Already exists
fb4d3bb1280c: Already exists
8038895a6c2e: Already exists
43fa392d948c: Already exists
269c60a1465b: Already exists
962cf29a2bb7: Already exists
48dcb286890a: Already exists
0cede67fb003: Already exists
3c826b7674fb: Already exists
8387efc1ffde: Already exists
911ca8932ada: Already exists
8e7f672d6b82: Already exists
9d1a80471d30: Already exists
331bc47ffa98: Already exists
b3e4271b775c: Pulling fs layer
fc87bef11417: Pulling fs layer
5215281074db: Pulling fs layer
302b68d1a3a4: Pulling fs layer
d396a6d5d922: Pulling fs layer
675a0bae4b33: Pulling fs layer
17353a223942: Pulling fs layer
e5b4c6728f5d: Pulling fs layer
519fa4223b6e: Pulling fs layer
ad60637e30e0: Pulling fs layer
a09b111067e5: Pulling fs layer
4b003f78a0dc: Pulling fs layer
96c3cb3d81eb: Pulling fs layer
56160adc418e: Pulling fs layer
308bd0919579: Pulling fs layer
835d8a7b5f20: Pulling fs layer
970aec9ae0f5: Pulling fs layer
b32c4217325b: Pulling fs layer
476cc1931f70: Pulling fs layer
c3610d350190: Pulling fs layer
c5326b0e955e: Pulling fs layer
a929a2a76b72: Pulling fs layer
302b68d1a3a4: Waiting
bb1ffa5d399b: Pulling fs layer
81fe7cda78b8: Pulling fs layer
d396a6d5d922: Waiting
9b063a59081d: Pulling fs layer
e8bf385e18bd: Pulling fs layer
675a0bae4b33: Waiting
519fa4223b6e: Waiting
b2d944f71860: Pulling fs layer
34035f126bab: Pulling fs layer
e7604302ad99: Pulling fs layer
17353a223942: Waiting
37b583305c14: Pulling fs layer
e5b4c6728f5d: Waiting
bda0eccfb882: Pulling fs layer
ad60637e30e0: Waiting
54f3542228bf: Pulling fs layer
bb150eeb14e5: Pulling fs layer
b3e4271b775c: Waiting
a09b111067e5: Waiting
b4d1cf2fc18a: Pulling fs layer
ea691ce71d79: Pulling fs layer
58d0c8c29560: Pulling fs layer
96c3cb3d81eb: Waiting
4b003f78a0dc: Waiting
bb1ffa5d399b: Waiting
b32c4217325b: Waiting
81fe7cda78b8: Waiting
476cc1931f70: Waiting
9b063a59081d: Waiting
c3610d350190: Waiting
56160adc418e: Waiting
308bd0919579: Waiting
835d8a7b5f20: Waiting
a929a2a76b72: Waiting
970aec9ae0f5: Waiting
c5326b0e955e: Waiting
b2d944f71860: Waiting
54f3542228bf: Waiting
34035f126bab: Waiting
fc87bef11417: Waiting
5215281074db: Waiting
bb150eeb14e5: Waiting
e7604302ad99: Waiting
b4d1cf2fc18a: Waiting
37b583305c14: Waiting
ea691ce71d79: Waiting
fc87bef11417: Verifying Checksum
fc87bef11417: Download complete
b3e4271b775c: Download complete
5215281074db: Verifying Checksum
5215281074db: Download complete
d396a6d5d922: Verifying Checksum
d396a6d5d922: Download complete
675a0bae4b33: Download complete
b3e4271b775c: Pull complete
fc87bef11417: Pull complete
302b68d1a3a4: Verifying Checksum
302b68d1a3a4: Download complete
e5b4c6728f5d: Verifying Checksum
e5b4c6728f5d: Download complete
519fa4223b6e: Verifying Checksum
519fa4223b6e: Download complete
17353a223942: Verifying Checksum
17353a223942: Download complete
ad60637e30e0: Verifying Checksum
ad60637e30e0: Download complete
a09b111067e5: Verifying Checksum
a09b111067e5: Download complete
4b003f78a0dc: Download complete
96c3cb3d81eb: Download complete
308bd0919579: Verifying Checksum
308bd0919579: Download complete
56160adc418e: Verifying Checksum
56160adc418e: Download complete
970aec9ae0f5: Verifying Checksum
970aec9ae0f5: Download complete
b32c4217325b: Download complete
5215281074db: Pull complete
835d8a7b5f20: Verifying Checksum
835d8a7b5f20: Download complete
476cc1931f70: Verifying Checksum
476cc1931f70: Download complete
c5326b0e955e: Download complete
a929a2a76b72: Verifying Checksum
a929a2a76b72: Download complete
302b68d1a3a4: Pull complete
bb1ffa5d399b: Verifying Checksum
bb1ffa5d399b: Download complete
c3610d350190: Verifying Checksum
c3610d350190: Download complete
d396a6d5d922: Pull complete
675a0bae4b33: Pull complete
9b063a59081d: Verifying Checksum
9b063a59081d: Download complete
17353a223942: Pull complete
e5b4c6728f5d: Pull complete
519fa4223b6e: Pull complete
ad60637e30e0: Pull complete
a09b111067e5: Pull complete
4b003f78a0dc: Pull complete
81fe7cda78b8: Verifying Checksum
81fe7cda78b8: Download complete
96c3cb3d81eb: Pull complete
56160adc418e: Pull complete
308bd0919579: Pull complete
835d8a7b5f20: Pull complete
970aec9ae0f5: Pull complete
b32c4217325b: Pull complete
476cc1931f70: Pull complete
e8bf385e18bd: Verifying Checksum
e8bf385e18bd: Download complete
34035f126bab: Verifying Checksum
34035f126bab: Download complete
c3610d350190: Pull complete
c5326b0e955e: Pull complete
a929a2a76b72: Pull complete
bb1ffa5d399b: Pull complete
b2d944f71860: Verifying Checksum
b2d944f71860: Download complete
e7604302ad99: Verifying Checksum
e7604302ad99: Download complete
37b583305c14: Verifying Checksum
37b583305c14: Download complete
81fe7cda78b8: Pull complete
9b063a59081d: Pull complete
bda0eccfb882: Verifying Checksum
bda0eccfb882: Download complete
e8bf385e18bd: Pull complete
b2d944f71860: Pull complete
bb150eeb14e5: Verifying Checksum
bb150eeb14e5: Download complete
b4d1cf2fc18a: Download complete
58d0c8c29560: Verifying Checksum
58d0c8c29560: Download complete
docker: write /var/lib/docker/tmp/GetImageBlob3659843041: no space left on device.
See 'docker run --help'.
