Unable to find image 'n132/arvo:26209-vul' locally
26209-vul: Pulling from n132/arvo
4f53fa4d2cf0: Pulling fs layer
6af7c939e38e: Pulling fs layer
903d0ffd64f6: Pulling fs layer
4f53fa4d2cf0: Waiting
04feeed388b7: Pulling fs layer
4d7954a2e840: Pulling fs layer
6af7c939e38e: Waiting
903d0ffd64f6: Waiting
04feeed388b7: Waiting
75eaf94a43da: Pulling fs layer
e577eafe810a: Pulling fs layer
a6f19446d2f4: Pulling fs layer
1d0c34abc111: Pulling fs layer
e577eafe810a: Waiting
8ecde9153e13: Pulling fs layer
1d0c34abc111: Waiting
002b8b0f24e9: Pulling fs layer
c1e79ba47235: Pulling fs layer
274bf7ba0747: Pulling fs layer
a8e767e38ef4: Pulling fs layer
002b8b0f24e9: Waiting
c1e79ba47235: Waiting
d5864990d08b: Pulling fs layer
4f73a692f017: Pulling fs layer
d5864990d08b: Waiting
a8a274ba7156: Pulling fs layer
e07dec7ad1ef: Pulling fs layer
d46a09b4a904: Pulling fs layer
aa688af1d21f: Pulling fs layer
56c3d4fb917c: Pulling fs layer
f1abbda04be7: Pulling fs layer
9b2eca1341a4: Pulling fs layer
e07dec7ad1ef: Waiting
bfe7d3354c6a: Pulling fs layer
5565c9442a38: Pulling fs layer
1ef00f78df76: Pulling fs layer
89289ccb67db: Pulling fs layer
d495a02fd972: Pulling fs layer
a2ca01c6634f: Pulling fs layer
24e67f5fd863: Pulling fs layer
c1664083219d: Pulling fs layer
4f73a692f017: Waiting
9b2eca1341a4: Waiting
a1ee1ba06c2b: Pulling fs layer
a8a274ba7156: Waiting
e92abe1dc18c: Pulling fs layer
5565c9442a38: Waiting
bfe7d3354c6a: Waiting
7ea0bd7e93b2: Pulling fs layer
8edaa685938d: Pulling fs layer
e54bc51ab0b9: Pulling fs layer
24e67f5fd863: Waiting
d495a02fd972: Waiting
1ef00f78df76: Waiting
7fd2ebc6fa96: Pulling fs layer
c1664083219d: Waiting
a2ca01c6634f: Waiting
710d27014874: Pulling fs layer
dbe988684e12: Pulling fs layer
89289ccb67db: Waiting
a1ee1ba06c2b: Waiting
fdf182a08aa6: Pulling fs layer
7ea0bd7e93b2: Waiting
b41dee0527e5: Pulling fs layer
e92abe1dc18c: Waiting
710d27014874: Waiting
8edaa685938d: Waiting
7fd2ebc6fa96: Waiting
fdf182a08aa6: Waiting
e54bc51ab0b9: Waiting
f1abbda04be7: Waiting
56c3d4fb917c: Waiting
c3087b712139: Pulling fs layer
5108830d6ae8: Pulling fs layer
cd4395fbdeaa: Pulling fs layer
c3087b712139: Waiting
5108830d6ae8: Waiting
b3483804e135: Pulling fs layer
cd4395fbdeaa: Waiting
fd42b0740b7e: Pulling fs layer
b3483804e135: Waiting
fd42b0740b7e: Waiting
25dcbe2fa839: Pulling fs layer
0cf5025f1fe0: Pulling fs layer
25dcbe2fa839: Waiting
0cf5025f1fe0: Waiting
d1f9130fd69f: Pulling fs layer
cff4d028ea74: Pulling fs layer
d1f9130fd69f: Waiting
fbd9f2e29609: Pulling fs layer
cff4d028ea74: Waiting
abd510cc51de: Pulling fs layer
fbd9f2e29609: Waiting
abd510cc51de: Waiting
4f53fa4d2cf0: Download complete
6af7c939e38e: Verifying Checksum
6af7c939e38e: Download complete
903d0ffd64f6: Download complete
04feeed388b7: Verifying Checksum
04feeed388b7: Download complete
4f53fa4d2cf0: Pull complete
6af7c939e38e: Pull complete
903d0ffd64f6: Pull complete
04feeed388b7: Pull complete
e577eafe810a: Verifying Checksum
e577eafe810a: Download complete
75eaf94a43da: Download complete
a6f19446d2f4: Verifying Checksum
a6f19446d2f4: Download complete
8ecde9153e13: Verifying Checksum
8ecde9153e13: Download complete
4d7954a2e840: Verifying Checksum
4d7954a2e840: Download complete
4d7954a2e840: Pull complete
75eaf94a43da: Pull complete
002b8b0f24e9: Verifying Checksum
002b8b0f24e9: Download complete
c1e79ba47235: Verifying Checksum
c1e79ba47235: Download complete
274bf7ba0747: Download complete
e577eafe810a: Pull complete
a6f19446d2f4: Pull complete
d5864990d08b: Verifying Checksum
d5864990d08b: Download complete
1d0c34abc111: Verifying Checksum
1d0c34abc111: Download complete
a8e767e38ef4: Verifying Checksum
a8e767e38ef4: Download complete
a8a274ba7156: Verifying Checksum
a8a274ba7156: Download complete
e07dec7ad1ef: Download complete
d46a09b4a904: Verifying Checksum
d46a09b4a904: Download complete
9b2eca1341a4: Verifying Checksum
9b2eca1341a4: Download complete
bfe7d3354c6a: Verifying Checksum
bfe7d3354c6a: Download complete
f1abbda04be7: Verifying Checksum
f1abbda04be7: Download complete
5565c9442a38: Verifying Checksum
5565c9442a38: Download complete
89289ccb67db: Verifying Checksum
89289ccb67db: Download complete
d495a02fd972: Verifying Checksum
d495a02fd972: Download complete
a2ca01c6634f: Verifying Checksum
a2ca01c6634f: Download complete
a1ee1ba06c2b: Verifying Checksum
a1ee1ba06c2b: Download complete
e92abe1dc18c: Verifying Checksum
e92abe1dc18c: Download complete
24e67f5fd863: Verifying Checksum
24e67f5fd863: Download complete
8edaa685938d: Verifying Checksum
8edaa685938d: Download complete
7ea0bd7e93b2: Verifying Checksum
7ea0bd7e93b2: Download complete
e54bc51ab0b9: Download complete
7fd2ebc6fa96: Verifying Checksum
7fd2ebc6fa96: Download complete
c1664083219d: Verifying Checksum
c1664083219d: Download complete
710d27014874: Verifying Checksum
710d27014874: Download complete
dbe988684e12: Verifying Checksum
dbe988684e12: Download complete
fdf182a08aa6: Verifying Checksum
fdf182a08aa6: Download complete
b41dee0527e5: Waiting
docker: write /var/lib/docker/tmp/GetImageBlob3608822109: no space left on device.
See 'docker run --help'.
