Unable to find image 'n132/arvo:1466-vul' locally
1466-vul: Pulling from n132/arvo
d16fc20e681d: Already exists
63f1c4e4b781: Already exists
fb4d3bb1280c: Already exists
8038895a6c2e: Already exists
43fa392d948c: Already exists
269c60a1465b: Already exists
962cf29a2bb7: Already exists
48dcb286890a: Already exists
0cede67fb003: Already exists
3c826b7674fb: Already exists
8387efc1ffde: Already exists
911ca8932ada: Already exists
8e7f672d6b82: Already exists
9d1a80471d30: Already exists
331bc47ffa98: Already exists
5bfb866df9d6: Pulling fs layer
e9bba93026a4: Pulling fs layer
271e9dbf754c: Pulling fs layer
00276d7b829a: Pulling fs layer
d01db2628edd: Pulling fs layer
5bfb866df9d6: Waiting
5232b65ed4a1: Pulling fs layer
e9bba93026a4: Waiting
c18f692624ed: Pulling fs layer
00276d7b829a: Waiting
271e9dbf754c: Waiting
c4fc81d5eb71: Pulling fs layer
5232b65ed4a1: Waiting
d01db2628edd: Waiting
6c696dac01c2: Pulling fs layer
c18f692624ed: Waiting
bab97c66cf44: Pulling fs layer
6c696dac01c2: Waiting
32c9fd6952d4: Pulling fs layer
c4fc81d5eb71: Waiting
9f59d3511f50: Pulling fs layer
bab97c66cf44: Waiting
c53cebb21321: Pulling fs layer
9f59d3511f50: Waiting
419068c4ab8d: Pulling fs layer
c53cebb21321: Waiting
37cdaa922d3d: Pulling fs layer
c301414ce2bf: Pulling fs layer
680e9902fc6e: Pulling fs layer
37cdaa922d3d: Waiting
c301414ce2bf: Waiting
419068c4ab8d: Waiting
561ec04e2a0c: Pulling fs layer
ccf909aa392a: Pulling fs layer
680e9902fc6e: Waiting
12d3000385f9: Pulling fs layer
ccf909aa392a: Waiting
561ec04e2a0c: Waiting
764834d7b04b: Pulling fs layer
12d3000385f9: Waiting
5782c8485c7f: Pulling fs layer
764834d7b04b: Waiting
43b85acb9031: Pulling fs layer
9044c4d569e0: Pulling fs layer
18f1de855db9: Pulling fs layer
5782c8485c7f: Waiting
9044c4d569e0: Waiting
43b85acb9031: Waiting
ef477f584a28: Pulling fs layer
8bad1f96faee: Pulling fs layer
9b5176026e2e: Pulling fs layer
18f1de855db9: Waiting
39915b1fecbf: Pulling fs layer
8bad1f96faee: Waiting
aab43d431e83: Pulling fs layer
9b5176026e2e: Waiting
8fcbf748c539: Pulling fs layer
39915b1fecbf: Waiting
90cfbcf039ba: Pulling fs layer
216f37cedbce: Pulling fs layer
402a30346813: Pulling fs layer
8fcbf748c539: Waiting
aab43d431e83: Waiting
90cfbcf039ba: Waiting
f019ae1f79f5: Pulling fs layer
06fe6672df61: Pulling fs layer
216f37cedbce: Waiting
06fe6672df61: Waiting
e9bba93026a4: Verifying Checksum
e9bba93026a4: Download complete
5bfb866df9d6: Verifying Checksum
5bfb866df9d6: Download complete
d01db2628edd: Verifying Checksum
d01db2628edd: Download complete
5232b65ed4a1: Download complete
271e9dbf754c: Verifying Checksum
271e9dbf754c: Download complete
c18f692624ed: Verifying Checksum
c18f692624ed: Download complete
6c696dac01c2: Verifying Checksum
6c696dac01c2: Download complete
00276d7b829a: Verifying Checksum
00276d7b829a: Download complete
c4fc81d5eb71: Verifying Checksum
c4fc81d5eb71: Download complete
bab97c66cf44: Verifying Checksum
bab97c66cf44: Download complete
32c9fd6952d4: Verifying Checksum
32c9fd6952d4: Download complete
c53cebb21321: Verifying Checksum
c53cebb21321: Download complete
9f59d3511f50: Verifying Checksum
9f59d3511f50: Download complete
419068c4ab8d: Verifying Checksum
419068c4ab8d: Download complete
5bfb866df9d6: Pull complete
e9bba93026a4: Pull complete
37cdaa922d3d: Verifying Checksum
37cdaa922d3d: Download complete
c301414ce2bf: Verifying Checksum
c301414ce2bf: Download complete
680e9902fc6e: Download complete
ccf909aa392a: Download complete
764834d7b04b: Verifying Checksum
764834d7b04b: Download complete
5782c8485c7f: Download complete
561ec04e2a0c: Verifying Checksum
561ec04e2a0c: Download complete
43b85acb9031: Verifying Checksum
43b85acb9031: Download complete
18f1de855db9: Verifying Checksum
18f1de855db9: Download complete
9044c4d569e0: Verifying Checksum
9044c4d569e0: Download complete
12d3000385f9: Verifying Checksum
12d3000385f9: Download complete
8bad1f96faee: Download complete
ef477f584a28: Verifying Checksum
ef477f584a28: Download complete
39915b1fecbf: Verifying Checksum
39915b1fecbf: Download complete
aab43d431e83: Verifying Checksum
aab43d431e83: Download complete
8fcbf748c539: Verifying Checksum
8fcbf748c539: Download complete
9b5176026e2e: Verifying Checksum
9b5176026e2e: Download complete
216f37cedbce: Verifying Checksum
216f37cedbce: Download complete
402a30346813: Verifying Checksum
402a30346813: Download complete
06fe6672df61: Verifying Checksum
06fe6672df61: Download complete
271e9dbf754c: Pull complete
90cfbcf039ba: Verifying Checksum
90cfbcf039ba: Download complete
00276d7b829a: Pull complete
d01db2628edd: Pull complete
5232b65ed4a1: Pull complete
c18f692624ed: Pull complete
c4fc81d5eb71: Pull complete
6c696dac01c2: Pull complete
bab97c66cf44: Pull complete
32c9fd6952d4: Pull complete
9f59d3511f50: Pull complete
c53cebb21321: Pull complete
419068c4ab8d: Pull complete
37cdaa922d3d: Pull complete
c301414ce2bf: Pull complete
680e9902fc6e: Pull complete
561ec04e2a0c: Pull complete
ccf909aa392a: Pull complete
12d3000385f9: Pull complete
764834d7b04b: Pull complete
5782c8485c7f: Pull complete
43b85acb9031: Pull complete
9044c4d569e0: Pull complete
18f1de855db9: Pull complete
ef477f584a28: Pull complete
8bad1f96faee: Pull complete
9b5176026e2e: Pull complete
39915b1fecbf: Pull complete
aab43d431e83: Pull complete
8fcbf748c539: Pull complete
90cfbcf039ba: Pull complete
216f37cedbce: Pull complete
402a30346813: Pull complete
docker: write /var/lib/docker/tmp/GetImageBlob2334527630: no space left on device.
See 'docker run --help'.
