Unable to find image 'n132/arvo:49835-vul' locally
49835-vul: Pulling from n132/arvo
d7bfe07ed847: Pulling fs layer
b8b05e763496: Pulling fs layer
0512e19e0c1a: Pulling fs layer
d7bfe07ed847: Waiting
15f446755779: Pulling fs layer
7b58de6178d2: Pulling fs layer
0512e19e0c1a: Waiting
7b58de6178d2: Waiting
bdbf2afa9b34: Pulling fs layer
cd27d5dfafa5: Pulling fs layer
d6dbc6fa7c4e: Pulling fs layer
6769b91ef297: Pulling fs layer
50ca925f8aad: Pulling fs layer
bdbf2afa9b34: Waiting
4d859aa954de: Pulling fs layer
68673f000b90: Pulling fs layer
d6dbc6fa7c4e: Waiting
47423e217fd0: Pulling fs layer
50ca925f8aad: Waiting
db891d1f7acc: Pulling fs layer
cd27d5dfafa5: Waiting
68673f000b90: Waiting
51e21fc977b1: Pulling fs layer
b007acefd9ae: Pulling fs layer
51e21fc977b1: Waiting
db891d1f7acc: Waiting
71187b7aa0f8: Pulling fs layer
b007acefd9ae: Waiting
7723a76d4a5a: Pulling fs layer
720b82e89272: Pulling fs layer
1b2394199888: Pulling fs layer
7723a76d4a5a: Waiting
720b82e89272: Waiting
d8fb21c7676f: Pulling fs layer
1b2394199888: Waiting
5e093e5d20c3: Pulling fs layer
d8fb21c7676f: Waiting
1923bc4231fc: Pulling fs layer
5e093e5d20c3: Waiting
bb716b60be43: Pulling fs layer
1923bc4231fc: Waiting
df99e857e024: Pulling fs layer
bb716b60be43: Waiting
28f39a89a617: Pulling fs layer
d4c2213ed39c: Pulling fs layer
a8e2a5a10620: Pulling fs layer
df99e857e024: Waiting
cb0db029ae94: Pulling fs layer
d4c2213ed39c: Waiting
28f39a89a617: Waiting
a8e2a5a10620: Waiting
096e229c87f7: Pulling fs layer
cb0db029ae94: Waiting
59e5d4dd6811: Pulling fs layer
096e229c87f7: Waiting
dd061f4dc630: Pulling fs layer
bb5c8667a705: Pulling fs layer
40a9ef86d4d6: Pulling fs layer
bb5c8667a705: Waiting
76d849767c2e: Pulling fs layer
c97cb84de8da: Pulling fs layer
40a9ef86d4d6: Waiting
76d849767c2e: Waiting
85d199d224d3: Pulling fs layer
355b666ef60c: Pulling fs layer
b490ac908f90: Pulling fs layer
c97cb84de8da: Waiting
85d199d224d3: Waiting
9d62e98d9235: Pulling fs layer
b490ac908f90: Waiting
5879cae49336: Pulling fs layer
0515a2b5ca9b: Pulling fs layer
9d62e98d9235: Waiting
5879cae49336: Waiting
8d379485bfa5: Pulling fs layer
109e3a9783ab: Pulling fs layer
ea97ff400b55: Pulling fs layer
c7a0396798c5: Pulling fs layer
ea97ff400b55: Waiting
c7a0396798c5: Waiting
109e3a9783ab: Waiting
8d379485bfa5: Waiting
0515a2b5ca9b: Waiting
d7bfe07ed847: Download complete
d7bfe07ed847: Pull complete
0512e19e0c1a: Download complete
15f446755779: Verifying Checksum
15f446755779: Download complete
b8b05e763496: Verifying Checksum
b8b05e763496: Download complete
7b58de6178d2: Verifying Checksum
7b58de6178d2: Download complete
bdbf2afa9b34: Verifying Checksum
bdbf2afa9b34: Download complete
d6dbc6fa7c4e: Verifying Checksum
d6dbc6fa7c4e: Download complete
b8b05e763496: Pull complete
0512e19e0c1a: Pull complete
15f446755779: Pull complete
6769b91ef297: Verifying Checksum
6769b91ef297: Download complete
4d859aa954de: Verifying Checksum
4d859aa954de: Download complete
cd27d5dfafa5: Verifying Checksum
cd27d5dfafa5: Download complete
68673f000b90: Verifying Checksum
68673f000b90: Download complete
7b58de6178d2: Pull complete
bdbf2afa9b34: Pull complete
47423e217fd0: Verifying Checksum
47423e217fd0: Download complete
50ca925f8aad: Verifying Checksum
50ca925f8aad: Download complete
51e21fc977b1: Download complete
b007acefd9ae: Download complete
7723a76d4a5a: Download complete
db891d1f7acc: Verifying Checksum
db891d1f7acc: Download complete
71187b7aa0f8: Download complete
720b82e89272: Download complete
1b2394199888: Verifying Checksum
d8fb21c7676f: Verifying Checksum
d8fb21c7676f: Download complete
5e093e5d20c3: Verifying Checksum
5e093e5d20c3: Download complete
bb716b60be43: Verifying Checksum
bb716b60be43: Download complete
1923bc4231fc: Verifying Checksum
1923bc4231fc: Download complete
df99e857e024: Verifying Checksum
df99e857e024: Download complete
cd27d5dfafa5: Pull complete
d6dbc6fa7c4e: Pull complete
28f39a89a617: Verifying Checksum
28f39a89a617: Download complete
d4c2213ed39c: Verifying Checksum
d4c2213ed39c: Download complete
a8e2a5a10620: Verifying Checksum
a8e2a5a10620: Download complete
cb0db029ae94: Verifying Checksum
096e229c87f7: Verifying Checksum
096e229c87f7: Download complete
cb0db029ae94: Download complete
59e5d4dd6811: Download complete
dd061f4dc630: Download complete
bb5c8667a705: Verifying Checksum
bb5c8667a705: Download complete
76d849767c2e: Verifying Checksum
76d849767c2e: Download complete
40a9ef86d4d6: Download complete
85d199d224d3: Download complete
355b666ef60c: Verifying Checksum
355b666ef60c: Download complete
9d62e98d9235: Verifying Checksum
9d62e98d9235: Download complete
b490ac908f90: Verifying Checksum
b490ac908f90: Download complete
5879cae49336: Verifying Checksum
5879cae49336: Download complete
1b2394199888: Download complete
docker: write /var/lib/docker/tmp/GetImageBlob984548607: no space left on device.
See 'docker run --help'.
