Unable to find image 'n132/arvo:36340-vul' locally
36340-vul: Pulling from n132/arvo
61e03ba1d414: Pulling fs layer
4afb39f216bd: Pulling fs layer
e489abdc9f90: Pulling fs layer
999fff7bcc24: Pulling fs layer
3c98c0852c3e: Pulling fs layer
8fb1b96b0194: Pulling fs layer
0f4e9129a85e: Pulling fs layer
2f04b95c6cb4: Pulling fs layer
45903c5d6fd1: Pulling fs layer
4f9917dc7f61: Pulling fs layer
822ab719dfe3: Pulling fs layer
fb3d8008b389: Pulling fs layer
cf11d330b4df: Pulling fs layer
4967334e5a42: Pulling fs layer
28d6cd951f28: Pulling fs layer
8fb1b96b0194: Waiting
6bdb1c73be33: Pulling fs layer
7da25af96800: Pulling fs layer
efd3e017b1c0: Pulling fs layer
857e04b43f6f: Pulling fs layer
57e766728052: Pulling fs layer
32a0d49424aa: Pulling fs layer
396368b3604a: Pulling fs layer
8924c7a292c3: Pulling fs layer
d956dfc4fc5c: Pulling fs layer
7aa474711d6e: Pulling fs layer
878714c1d396: Pulling fs layer
1a0d932fdf3e: Pulling fs layer
5d0b7d52bb3c: Pulling fs layer
edad4b0c4e1c: Pulling fs layer
411458836066: Pulling fs layer
93719fedc759: Pulling fs layer
4fecc56a2689: Pulling fs layer
c6d1da3e89d9: Pulling fs layer
fb18b7bea16f: Pulling fs layer
5144948e615b: Pulling fs layer
3610c373aa5b: Pulling fs layer
941dffd49a8d: Pulling fs layer
0f4e9129a85e: Waiting
951929de4673: Pulling fs layer
57e766728052: Waiting
2feb5122151a: Pulling fs layer
857e04b43f6f: Waiting
2f04b95c6cb4: Waiting
32a0d49424aa: Waiting
3960d4a9de47: Pulling fs layer
45903c5d6fd1: Waiting
569c038deba7: Pulling fs layer
28d6cd951f28: Waiting
4967334e5a42: Waiting
6bdb1c73be33: Waiting
db51b24463f2: Pulling fs layer
7da25af96800: Waiting
1da903f869c4: Pulling fs layer
396368b3604a: Waiting
ae6327c16387: Pulling fs layer
8924c7a292c3: Waiting
4f9917dc7f61: Waiting
29655c5374dc: Pulling fs layer
cf11d330b4df: Waiting
d956dfc4fc5c: Waiting
fb3d8008b389: Waiting
efd3e017b1c0: Waiting
0f3c84d77b8b: Pulling fs layer
7aa474711d6e: Waiting
822ab719dfe3: Waiting
878714c1d396: Waiting
017e85472481: Pulling fs layer
e489abdc9f90: Waiting
411458836066: Waiting
61e03ba1d414: Waiting
4afb39f216bd: Waiting
1a0d932fdf3e: Waiting
5d0b7d52bb3c: Waiting
999fff7bcc24: Waiting
edad4b0c4e1c: Waiting
c1d2252d1bad: Pulling fs layer
5144948e615b: Waiting
3c98c0852c3e: Waiting
cf440e54c34b: Pulling fs layer
4fecc56a2689: Waiting
941dffd49a8d: Waiting
c6d1da3e89d9: Waiting
fb18b7bea16f: Waiting
cb8d9dfef8ef: Pulling fs layer
ae6327c16387: Waiting
0f3c84d77b8b: Waiting
29655c5374dc: Waiting
db51b24463f2: Waiting
d02fbddc64f9: Pulling fs layer
569c038deba7: Waiting
017e85472481: Waiting
a85013df5900: Pulling fs layer
1da903f869c4: Waiting
3960d4a9de47: Waiting
2feb5122151a: Waiting
cb8d9dfef8ef: Waiting
d02fbddc64f9: Waiting
a85013df5900: Waiting
c1d2252d1bad: Waiting
cf440e54c34b: Waiting
4afb39f216bd: Verifying Checksum
4afb39f216bd: Download complete
e489abdc9f90: Verifying Checksum
e489abdc9f90: Download complete
61e03ba1d414: Download complete
999fff7bcc24: Download complete
8fb1b96b0194: Download complete
3c98c0852c3e: Verifying Checksum
3c98c0852c3e: Download complete
0f4e9129a85e: Verifying Checksum
0f4e9129a85e: Download complete
61e03ba1d414: Pull complete
4afb39f216bd: Pull complete
e489abdc9f90: Pull complete
999fff7bcc24: Pull complete
2f04b95c6cb4: Verifying Checksum
2f04b95c6cb4: Download complete
3c98c0852c3e: Pull complete
8fb1b96b0194: Pull complete
0f4e9129a85e: Pull complete
2f04b95c6cb4: Pull complete
4f9917dc7f61: Download complete
45903c5d6fd1: Download complete
fb3d8008b389: Verifying Checksum
fb3d8008b389: Download complete
cf11d330b4df: Verifying Checksum
cf11d330b4df: Download complete
822ab719dfe3: Verifying Checksum
822ab719dfe3: Download complete
45903c5d6fd1: Pull complete
4f9917dc7f61: Pull complete
28d6cd951f28: Verifying Checksum
28d6cd951f28: Download complete
4967334e5a42: Verifying Checksum
4967334e5a42: Download complete
efd3e017b1c0: Download complete
857e04b43f6f: Download complete
7da25af96800: Verifying Checksum
7da25af96800: Download complete
32a0d49424aa: Verifying Checksum
32a0d49424aa: Download complete
8924c7a292c3: Verifying Checksum
57e766728052: Verifying Checksum
57e766728052: Download complete
396368b3604a: Verifying Checksum
396368b3604a: Download complete
8924c7a292c3: Download complete
7aa474711d6e: Download complete
d956dfc4fc5c: Verifying Checksum
d956dfc4fc5c: Download complete
878714c1d396: Verifying Checksum
878714c1d396: Download complete
1a0d932fdf3e: Verifying Checksum
1a0d932fdf3e: Download complete
5d0b7d52bb3c: Verifying Checksum
5d0b7d52bb3c: Download complete
93719fedc759: Waiting
951929de4673: Waiting
3610c373aa5b: Waiting
docker: write /var/lib/docker/tmp/GetImageBlob2000435872: no space left on device.
See 'docker run --help'.
