Unable to find image 'n132/arvo:24653-vul' locally
24653-vul: Pulling from n132/arvo
7b378fa0f908: Already exists
4d77b1b29f2e: Already exists
7c793be88bae: Already exists
ecc05c8a19c0: Already exists
3fed19a54e6d: Pulling fs layer
ab924644a5ba: Pulling fs layer
2841d9d854fc: Pulling fs layer
783d57b537b2: Pulling fs layer
3d61050a5305: Pulling fs layer
d1c606f1de74: Pulling fs layer
ab924644a5ba: Waiting
3fed19a54e6d: Waiting
ed58da1083b7: Pulling fs layer
783d57b537b2: Waiting
72a0a7e54e04: Pulling fs layer
9781aa044c9f: Pulling fs layer
279f8e8d162d: Pulling fs layer
3d61050a5305: Waiting
26e478d25837: Pulling fs layer
2841d9d854fc: Waiting
31ba8d54cd7e: Pulling fs layer
a74a3b8b08fd: Pulling fs layer
528fcd2046ac: Pulling fs layer
ed58da1083b7: Waiting
25568da7eef0: Pulling fs layer
9781aa044c9f: Waiting
8df7fec07e6e: Pulling fs layer
26e478d25837: Waiting
d1c606f1de74: Waiting
2d26756382b3: Pulling fs layer
b2038180092c: Pulling fs layer
7fa69fd4dcdf: Pulling fs layer
31ba8d54cd7e: Waiting
d5c690a1b5d8: Pulling fs layer
566d148f649f: Pulling fs layer
a74a3b8b08fd: Waiting
40681a750a19: Pulling fs layer
25568da7eef0: Waiting
b089d554ba98: Pulling fs layer
cfd23313c39a: Pulling fs layer
123c940ee219: Pulling fs layer
2d26756382b3: Waiting
ef542c79dfec: Pulling fs layer
b51cd8ab24cb: Pulling fs layer
167b19826e5e: Pulling fs layer
cfd23313c39a: Waiting
b2038180092c: Waiting
825a6fdd6365: Pulling fs layer
d5c690a1b5d8: Waiting
daee1735844b: Pulling fs layer
8c7089d47c8a: Pulling fs layer
123c940ee219: Waiting
fe2b8e796eb1: Pulling fs layer
ef542c79dfec: Waiting
55911b0393ec: Pulling fs layer
b51cd8ab24cb: Waiting
dcf544c01aac: Pulling fs layer
b089d554ba98: Waiting
54042ebdbb3c: Pulling fs layer
dd6df63898ae: Pulling fs layer
faad3325ff6c: Pulling fs layer
0518fa057037: Pulling fs layer
4f0d550cc867: Pulling fs layer
8df7fec07e6e: Waiting
8c7089d47c8a: Waiting
54042ebdbb3c: Waiting
fe2b8e796eb1: Waiting
dcf544c01aac: Waiting
589c7ac41d11: Pulling fs layer
dd6df63898ae: Waiting
5987178496d3: Pulling fs layer
faad3325ff6c: Waiting
fc46ff89ef8c: Pulling fs layer
f55acee4c244: Pulling fs layer
4f0d550cc867: Waiting
fc46ff89ef8c: Waiting
5987178496d3: Waiting
03ae8179a733: Pulling fs layer
5871b5f38426: Pulling fs layer
279f8e8d162d: Waiting
40681a750a19: Waiting
1e231024c9d5: Pulling fs layer
dbd9b1895713: Pulling fs layer
5871b5f38426: Waiting
f55acee4c244: Waiting
03ae8179a733: Waiting
7fa69fd4dcdf: Waiting
167b19826e5e: Waiting
ab924644a5ba: Verifying Checksum
ab924644a5ba: Download complete
3fed19a54e6d: Verifying Checksum
3fed19a54e6d: Download complete
783d57b537b2: Verifying Checksum
783d57b537b2: Download complete
2841d9d854fc: Verifying Checksum
2841d9d854fc: Download complete
d1c606f1de74: Verifying Checksum
d1c606f1de74: Download complete
3fed19a54e6d: Pull complete
ab924644a5ba: Pull complete
2841d9d854fc: Pull complete
783d57b537b2: Pull complete
ed58da1083b7: Verifying Checksum
ed58da1083b7: Download complete
3d61050a5305: Verifying Checksum
3d61050a5305: Download complete
9781aa044c9f: Verifying Checksum
9781aa044c9f: Download complete
72a0a7e54e04: Verifying Checksum
72a0a7e54e04: Download complete
26e478d25837: Download complete
279f8e8d162d: Verifying Checksum
279f8e8d162d: Download complete
31ba8d54cd7e: Verifying Checksum
31ba8d54cd7e: Download complete
528fcd2046ac: Download complete
3d61050a5305: Pull complete
d1c606f1de74: Pull complete
25568da7eef0: Verifying Checksum
25568da7eef0: Download complete
a74a3b8b08fd: Verifying Checksum
a74a3b8b08fd: Download complete
8df7fec07e6e: Verifying Checksum
8df7fec07e6e: Download complete
b2038180092c: Verifying Checksum
b2038180092c: Download complete
2d26756382b3: Verifying Checksum
2d26756382b3: Download complete
7fa69fd4dcdf: Verifying Checksum
7fa69fd4dcdf: Download complete
d5c690a1b5d8: Download complete
ed58da1083b7: Pull complete
40681a750a19: Verifying Checksum
40681a750a19: Download complete
b089d554ba98: Verifying Checksum
b089d554ba98: Download complete
cfd23313c39a: Verifying Checksum
cfd23313c39a: Download complete
72a0a7e54e04: Pull complete
9781aa044c9f: Pull complete
566d148f649f: Verifying Checksum
566d148f649f: Download complete
123c940ee219: Verifying Checksum
123c940ee219: Download complete
b51cd8ab24cb: Verifying Checksum
b51cd8ab24cb: Download complete
279f8e8d162d: Pull complete
167b19826e5e: Verifying Checksum
167b19826e5e: Download complete
26e478d25837: Pull complete
825a6fdd6365: Verifying Checksum
825a6fdd6365: Download complete
daee1735844b: Verifying Checksum
daee1735844b: Download complete
ef542c79dfec: Download complete
8c7089d47c8a: Verifying Checksum
8c7089d47c8a: Download complete
fe2b8e796eb1: Verifying Checksum
fe2b8e796eb1: Download complete
55911b0393ec: Download complete
dcf544c01aac: Verifying Checksum
dcf544c01aac: Download complete
54042ebdbb3c: Verifying Checksum
54042ebdbb3c: Download complete
dd6df63898ae: Download complete
0518fa057037: Download complete
faad3325ff6c: Verifying Checksum
faad3325ff6c: Download complete
589c7ac41d11: Verifying Checksum
589c7ac41d11: Download complete
31ba8d54cd7e: Pull complete
5987178496d3: Verifying Checksum
5987178496d3: Download complete
a74a3b8b08fd: Pull complete
528fcd2046ac: Pull complete
25568da7eef0: Pull complete
8df7fec07e6e: Pull complete
fc46ff89ef8c: Verifying Checksum
fc46ff89ef8c: Download complete
4f0d550cc867: Verifying Checksum
4f0d550cc867: Download complete
f55acee4c244: Verifying Checksum
f55acee4c244: Download complete
5871b5f38426: Download complete
03ae8179a733: Verifying Checksum
03ae8179a733: Download complete
dbd9b1895713: Download complete
2d26756382b3: Pull complete
b2038180092c: Pull complete
7fa69fd4dcdf: Pull complete
d5c690a1b5d8: Pull complete
docker: write /var/lib/docker/tmp/GetImageBlob2410473802: no space left on device.
See 'docker run --help'.
