Unable to find image 'n132/arvo:8384-vul' locally
8384-vul: Pulling from n132/arvo
297061f60c36: Already exists
e9ccef17b516: Already exists
dbc33716854d: Already exists
8fe36b178d25: Already exists
686596545a94: Already exists
972ee6324645: Pulling fs layer
f0afc270ead2: Pulling fs layer
718f813aadd2: Pulling fs layer
a1841e490cb8: Pulling fs layer
88032168e6f9: Pulling fs layer
fc387bfdbc63: Pulling fs layer
feea3fcab3d3: Pulling fs layer
38bbcf53d8d0: Pulling fs layer
972ee6324645: Waiting
1b2ef6253c4f: Pulling fs layer
a1841e490cb8: Waiting
b0ac2a6d5b29: Pulling fs layer
f0afc270ead2: Waiting
718f813aadd2: Waiting
d6a93c1c9df5: Pulling fs layer
fc387bfdbc63: Waiting
60083224e67c: Pulling fs layer
88032168e6f9: Waiting
38bbcf53d8d0: Waiting
2001c9500431: Pulling fs layer
feea3fcab3d3: Waiting
bebf217fd9a1: Pulling fs layer
b0ac2a6d5b29: Waiting
1b2ef6253c4f: Waiting
60083224e67c: Waiting
7838c74d687a: Pulling fs layer
d6a93c1c9df5: Waiting
d2af8883bce5: Pulling fs layer
bebf217fd9a1: Waiting
761e80ae4d5c: Pulling fs layer
7838c74d687a: Waiting
2001c9500431: Waiting
230098a3fde6: Pulling fs layer
d2af8883bce5: Waiting
4efe62295dee: Pulling fs layer
761e80ae4d5c: Waiting
d08d81418be8: Pulling fs layer
230098a3fde6: Waiting
72ebd5640081: Pulling fs layer
e9550b9a2ac9: Pulling fs layer
4efe62295dee: Waiting
d08d81418be8: Waiting
102cb354fc9d: Pulling fs layer
72ebd5640081: Waiting
55b56b6520e4: Pulling fs layer
e9550b9a2ac9: Waiting
97adb0efe487: Pulling fs layer
102cb354fc9d: Waiting
55b56b6520e4: Waiting
186818bc7bb4: Pulling fs layer
97adb0efe487: Waiting
33ea0f07308a: Pulling fs layer
186818bc7bb4: Waiting
e30629af8e64: Pulling fs layer
33ea0f07308a: Waiting
1a5fd7a4eff3: Pulling fs layer
a15256b9181b: Pulling fs layer
e30629af8e64: Waiting
25c7ac9bdd73: Pulling fs layer
1a5fd7a4eff3: Waiting
4c4e26b4251c: Pulling fs layer
a15256b9181b: Waiting
603146437109: Pulling fs layer
4f4fb700ef54: Pulling fs layer
4c4e26b4251c: Waiting
857e8cef3544: Pulling fs layer
25c7ac9bdd73: Waiting
f42568aa5142: Pulling fs layer
4f4fb700ef54: Waiting
603146437109: Waiting
842ed80be512: Pulling fs layer
857e8cef3544: Waiting
842ed80be512: Waiting
f42568aa5142: Waiting
972ee6324645: Verifying Checksum
972ee6324645: Download complete
f0afc270ead2: Verifying Checksum
f0afc270ead2: Download complete
718f813aadd2: Verifying Checksum
718f813aadd2: Download complete
972ee6324645: Pull complete
f0afc270ead2: Pull complete
718f813aadd2: Pull complete
88032168e6f9: Verifying Checksum
88032168e6f9: Download complete
a1841e490cb8: Download complete
feea3fcab3d3: Download complete
38bbcf53d8d0: Download complete
1b2ef6253c4f: Verifying Checksum
1b2ef6253c4f: Download complete
b0ac2a6d5b29: Verifying Checksum
b0ac2a6d5b29: Download complete
fc387bfdbc63: Verifying Checksum
fc387bfdbc63: Download complete
60083224e67c: Verifying Checksum
60083224e67c: Download complete
2001c9500431: Verifying Checksum
2001c9500431: Download complete
d6a93c1c9df5: Verifying Checksum
d6a93c1c9df5: Download complete
docker: write /var/lib/docker/tmp/GetImageBlob3700913022: no space left on device.
See 'docker run --help'.
Download complete
60083224e67c: Verifying Checksum
60083224e67c: Download complete
2001c9500431: Verifying Checksum
2001c9500431: Download complete
d6a93c1c9df5: Verifying Checksum
d6a93c1c9df5: Download complete
102cb354fc9d: Waiting
55b56b6520e4: Waiting
25c7ac9bdd73: Waiting
4f4fb700ef54: Waiting
docker: write /var/lib/docker/tmp/GetImageBlob3700913022: no space left on device.
See 'docker run --help'.
