Unable to find image 'n132/arvo:58754-vul' locally
58754-vul: Pulling from n132/arvo
7608715873ec: Already exists
393141f4b152: Pulling fs layer
a2ee7c951b75: Pulling fs layer
d851f9f2755f: Pulling fs layer
f97fec6d0669: Pulling fs layer
014884d42056: Pulling fs layer
16747f6686fb: Pulling fs layer
f4da407da14e: Pulling fs layer
d451bfee440f: Pulling fs layer
d851f9f2755f: Waiting
88e47edfd3bc: Pulling fs layer
014884d42056: Waiting
f64cf5857c7d: Pulling fs layer
f4da407da14e: Waiting
1f6e78476668: Pulling fs layer
f97fec6d0669: Waiting
5783c3d30552: Pulling fs layer
88e47edfd3bc: Waiting
16747f6686fb: Waiting
393141f4b152: Waiting
d451bfee440f: Waiting
d7bda040f22e: Pulling fs layer
f64cf5857c7d: Waiting
a2ee7c951b75: Waiting
0c58f3f73d02: Pulling fs layer
1f6e78476668: Waiting
5783c3d30552: Waiting
d7bda040f22e: Waiting
e34b6240eb2f: Pulling fs layer
0c58f3f73d02: Waiting
5bec1163d4db: Pulling fs layer
e34b6240eb2f: Waiting
fd47b5c196df: Pulling fs layer
85f67bc055c9: Pulling fs layer
5bec1163d4db: Waiting
2d411138ba01: Pulling fs layer
fd47b5c196df: Waiting
5b23827e765d: Pulling fs layer
85f67bc055c9: Waiting
e803b83b71d5: Pulling fs layer
2d411138ba01: Waiting
cc40c763c746: Pulling fs layer
08c82edd9ac4: Pulling fs layer
7b4936eafd16: Pulling fs layer
9870cbd267cb: Pulling fs layer
e803b83b71d5: Waiting
5b23827e765d: Waiting
73b8a09ca624: Pulling fs layer
08c82edd9ac4: Waiting
159cc9226645: Pulling fs layer
7b4936eafd16: Waiting
cc40c763c746: Waiting
0bf5b1cbf3f9: Pulling fs layer
9870cbd267cb: Waiting
73b8a09ca624: Waiting
13ca177dd115: Pulling fs layer
7a4babd9bbcd: Pulling fs layer
159cc9226645: Waiting
0bf5b1cbf3f9: Waiting
0d5b53b3be98: Pulling fs layer
13ca177dd115: Waiting
d80efed28ccb: Pulling fs layer
7a4babd9bbcd: Waiting
18ff121c7ac7: Pulling fs layer
0d5b53b3be98: Waiting
d80efed28ccb: Waiting
5ac548df1fe2: Pulling fs layer
6af319ed6a39: Pulling fs layer
18ff121c7ac7: Waiting
5ac548df1fe2: Waiting
fdcff970973c: Pulling fs layer
5e0878af0d7e: Pulling fs layer
5f92a02320fe: Pulling fs layer
6af319ed6a39: Waiting
16d3ab9c84d3: Pulling fs layer
fdcff970973c: Waiting
5e0878af0d7e: Waiting
d166b09282f6: Pulling fs layer
5f92a02320fe: Waiting
16d3ab9c84d3: Waiting
bc5715842bd7: Pulling fs layer
d166b09282f6: Waiting
50ca5593ff2f: Pulling fs layer
bc5715842bd7: Waiting
110cd73f0fe4: Pulling fs layer
50ca5593ff2f: Waiting
cc82febaf824: Pulling fs layer
110cd73f0fe4: Waiting
3b8b8f829a23: Pulling fs layer
cc82febaf824: Waiting
68cb5366b049: Pulling fs layer
fce1f2a82028: Pulling fs layer
cb459fe59469: Pulling fs layer
68cb5366b049: Waiting
8ef9f1742270: Pulling fs layer
3b8b8f829a23: Waiting
fce1f2a82028: Waiting
cb459fe59469: Waiting
8d46b121c12a: Pulling fs layer
8ef9f1742270: Waiting
b1f050116f12: Pulling fs layer
778d63601b33: Pulling fs layer
8d46b121c12a: Waiting
b1f050116f12: Waiting
c36e2dbb7fab: Pulling fs layer
778d63601b33: Waiting
900d0446bfff: Pulling fs layer
d67286eee675: Pulling fs layer
99674aa8b79d: Pulling fs layer
b5527be9741e: Pulling fs layer
4f4fb700ef54: Pulling fs layer
900d0446bfff: Waiting
d67286eee675: Waiting
99674a2ee7c951b75: Verifying Checksum
a2ee7c951b75: Download complete
393141f4b152: Verifying Checksum
393141f4b152: Download complete
d851f9f2755f: Verifying Checksum
d851f9f2755f: Download complete
014884d42056: Verifying Checksum
014884d42056: Download complete
f97fec6d0669: Verifying Checksum
f97fec6d0669: Download complete
f4da407da14e: Download complete
393141f4b152: Pull complete
a2ee7c951b75: Pull complete
d451bfee440f: Download complete
16747f6686fb: Verifying Checksum
16747f6686fb: Download complete
d851f9f2755f: Pull complete
f64cf5857c7d: Verifying Checksum
f64cf5857c7d: Download complete
f97fec6d0669: Pull complete
014884d42056: Pull complete
1f6e78476668: Download complete
5783c3d30552: Verifying Checksum
5783c3d30552: Download complete
88e47edfd3bc: Verifying Checksum
88e47edfd3bc: Download complete
d7bda040f22e: Verifying Checksum
d7bda040f22e: Download complete
0c58f3f73d02: Download complete
e34b6240eb2f: Verifying Checksum
e34b6240eb2f: Download complete
5bec1163d4db: Verifying Checksum
5bec1163d4db: Download complete
fd47b5c196df: Verifying Checksum
fd47b5c196df: Download complete
85f67bc055c9: Verifying Checksum
85f67bc055c9: Download complete
2d411138ba01: Download complete
5b23827e765d: Verifying Checksum
5b23827e765d: Download complete
e803b83b71d5: Download complete
cc40c763c746: Download complete
08c82edd9ac4: Download complete
9870cbd267cb: Verifying Checksum
9870cbd267cb: Download complete
7b4936eafd16: Download complete
73b8a09ca624: Verifying Checksum
73b8a09ca624: Download complete
0bf5b1cbf3f9: Verifying Checksum
0bf5b1cbf3f9: Download complete
16747f6686fb: Pull complete
f4da407da14e: Pull complete
d451bfee440f: Pull complete
13ca177dd115: Verifying Checksum
13ca177dd115: Download complete
88e47edfd3bc: Pull complete
159cc9226645: Verifying Checksum
159cc9226645: Download complete
0d5b53b3be98: Verifying Checksum
0d5b53b3be98: Download complete
7a4babd9bbcd: Verifying Checksum
7a4babd9bbcd: Download complete
d80efed28ccb: Verifying Checksum
d80efed28ccb: Download complete
18ff121c7ac7: Download complete
f64cf5857c7d: Pull complete
1f6e78476668: Pull complete
5783c3d30552: Pull complete
6af319ed6a39: Verifying Checksum
6af319ed6a39: Download complete
5ac548df1fe2: Verifying Checksum
5ac548df1fe2: Download complete
d7bda040f22e: Pull complete
0c58f3f73d02: Pull complete
e34b6240eb2f: Pull complete
5bec1163d4db: Pull complete
fd47b5c196df: Pull complete
fdcff970973c: Download complete
5e0878af0d7e: Download complete
85f67bc055c9: Pull complete
2d411138ba01: Pull complete
5b23827e765d: Pull complete
5f92a02320fe: Verifying Checksum
5f92a02320fe: Download complete
e803b83b71d5: Pull complete
cc40c763c746: Pull complete
08c82edd9ac4: Pull complete
7b4936eafd16: Pull complete
9870cbd267cb: Pull complete
73b8a09ca624: Pull complete
16d3ab9c84d3: Download complete
bc5715842bd7: Verifying Checksum
bc5715842bd7: Download complete
d166b09282f6: Verifying Checksum
d166b09282f6: Download complete
110cd73f0fe4: Verifying Checksum
110cd73f0fe4: Download complete
50ca5593ff2f: Verifying Checksum
50ca5593ff2f: Download complete
cc82febaf824: Verifying Checksum
cc82febaf824: Download complete
3b8b8f829a23: Verifying Checksum
3b8b8f829a23: Download complete
fce1f2a82028: Verifying Checksum
fce1f2a82028: Download complete
68cb5366b049: Verifying Checksum
68cb5366b049: Download complete
8ef9f1742270: Verifying Checksum
8ef9f1742270: Download complete
cb459fe59469: Download complete
b1f050116f12: Verifying Checksum
b1f050116f12: Download complete
778d63601b33: Verifying Checksum
778d63601b33: Download complete
c36e2dbb7fab: Verifying Checksum
c36e2dbb7fab: Download complete
900d0446bfff: Verifying Checksum
900d0446bfff: Download complete
d67286eee675: Verifying Checksum
d67286eee675: Download complete
5cb38928b39f: Waiting
docker: write /var/lib/docker/tmp/GetImageBlob3139522051: no space left on device.
See 'docker run --help'.
ying Checksum
d67286eee675: Download complete
docker: write /var/lib/docker/tmp/GetImageBlob3139522051: no space left on device.
See 'docker run --help'.
