Unable to find image 'n132/arvo:60783-vul' locally
60783-vul: Pulling from n132/arvo
7608715873ec: Already exists
67d560c78017: Pulling fs layer
a7e7be41d33e: Pulling fs layer
67d560c78017: Waiting
bc8ad4baa141: Pulling fs layer
a7e7be41d33e: Waiting
7fa2beb36056: Pulling fs layer
bc8ad4baa141: Waiting
b5265d9da61d: Pulling fs layer
2a778a8d349c: Pulling fs layer
5c1fe07fc4a9: Pulling fs layer
b5265d9da61d: Waiting
2a778a8d349c: Waiting
de461f4b49f9: Pulling fs layer
e295ee79afe0: Pulling fs layer
5c1fe07fc4a9: Waiting
b725376d49a8: Pulling fs layer
de461f4b49f9: Waiting
e295ee79afe0: Waiting
f453536d9ffc: Pulling fs layer
1e5c1a1b3ebc: Pulling fs layer
b9fbb0c3c60c: Pulling fs layer
b725376d49a8: Waiting
f453536d9ffc: Waiting
bb9e7e18a65c: Pulling fs layer
1e5c1a1b3ebc: Waiting
b2cbf43d7105: Pulling fs layer
bb9e7e18a65c: Waiting
fc3bb3780840: Pulling fs layer
b2cbf43d7105: Waiting
a1469dadcb65: Pulling fs layer
9091bb1d7910: Pulling fs layer
fc3bb3780840: Waiting
7294b0ed35ef: Pulling fs layer
9091bb1d7910: Waiting
4b3f0ab12282: Pulling fs layer
f88db4838507: Pulling fs layer
7294b0ed35ef: Waiting
4b3f0ab12282: Waiting
3eb62b0461d5: Pulling fs layer
5d1d97af7207: Pulling fs layer
3eb62b0461d5: Waiting
12f44760bf9f: Pulling fs layer
e1eb3bcc1005: Pulling fs layer
12f44760bf9f: Waiting
5d1d97af7207: Waiting
8f525c921c1d: Pulling fs layer
e1eb3bcc1005: Waiting
6201a215818d: Pulling fs layer
8f525c921c1d: Waiting
02b8e7cbd209: Pulling fs layer
6201a215818d: Waiting
1a41529d3503: Pulling fs layer
02b8e7cbd209: Waiting
0ad3d0a8e96b: Pulling fs layer
1a41529d3503: Waiting
6544d360857a: Pulling fs layer
cce9efd99b42: Pulling fs layer
6544d360857a: Waiting
0ad3d0a8e96b: Waiting
186a1b671e1a: Pulling fs layer
2da4a8568e73: Pulling fs layer
186a1b671e1a: Waiting
737cdbbe6134: Pulling fs layer
c4781875dd66: Pulling fs layer
2da4a8568e73: Waiting
737cdbbe6134: Waiting
d854b02a8bc7: Pulling fs layer
7c3cb29e8520: Pulling fs layer
938b026a511c: Pulling fs layer
c4781875dd66: Waiting
7c3cb29e8520: Waiting
3ff81059291c: Pulling fs layer
938b026a511c: Waiting
d854b02a8bc7: Waiting
37c1d15db56f: Pulling fs layer
3ff81059291c: Waiting
345aa220cc3a: Pulling fs layer
a90fa4d0dfa8: Pulling fs layer
345aa220cc3a: Waiting
4b4589b209af: Pulling fs layer
a90fa4d0dfa8: Waiting
060d3f1af445: Pulling fs layer
4b4589b209af: Waiting
07fb7fdd257c: Pulling fs layer
060d3f1af445: Waiting
07fb7fdd257c: Waiting
b123c9e901a0: Pulling fs layer
910744d25321: Pulling fs layer
558534554fed: Pulling fs layer
910744d25321: Waiting
558534554fed: Waiting
b123c9e901a0: Waiting
a7e7be41d33e: Verifying Checksum
a7e7be41d33e: Download complete
bc8ad4baa141: Verifying Checksum
bc8ad4baa141: Download complete
b5265d9da61d: Verifying Checksum
b5265d9da61d: Download complete
67d560c78017: Verifying Checksum
67d560c78017: Download complete
7fa2beb36056: Download complete
5c1fe07fc4a9: Download complete
de461f4b49f9: Verifying Checksum
de461f4b49f9: Download complete
67d560c78017: Pull complete
a7e7be41d33e: Pull complete
2a778a8d349c: Download complete
b725376d49a8: Download complete
bc8ad4baa141: Pull complete
f453536d9ffc: Download complete
1e5c1a1b3ebc: Verifying Checksum
1e5c1a1b3ebc: Download complete
7fa2beb36056: Pull complete
b5265d9da61d: Pull complete
bb9e7e18a65c: Verifying Checksum
bb9e7e18a65c: Download complete
e295ee79afe0: Verifying Checksum
e295ee79afe0: Download complete
b9fbb0c3c60c: Verifying Checksum
b9fbb0c3c60c: Download complete
b2cbf43d7105: Verifying Checksum
b2cbf43d7105: Download complete
a1469dadcb65: Verifying Checksum
a1469dadcb65: Download complete
fc3bb3780840: Verifying Checksum
fc3bb3780840: Download complete
4b3f0ab12282: Verifying Checksum
4b3f0ab12282: Download complete
7294b0ed35ef: Download complete
9091bb1d7910: Verifying Checksum
9091bb1d7910: Download complete
5d1d97af7207: Verifying Checksum
5d1d97af7207: Download complete
3eb62b0461d5: Verifying Checksum
3eb62b0461d5: Download complete
f88db4838507: Download complete
e1eb3bcc1005: Verifying Checksum
e1eb3bcc1005: Download complete
8f525c921c1d: Verifying Checksum
8f525c921c1d: Download complete
12f44760bf9f: Download complete
02b8e7cbd209: Download complete
2a778a8d349c: Pull complete
5c1fe07fc4a9: Pull complete
de461f4b49f9: Pull complete
6201a215818d: Verifying Checksum
6201a215818d: Download complete
0ad3d0a8e96b: Verifying Checksum
0ad3d0a8e96b: Download complete
cce9efd99b42: Verifying Checksum
cce9efd99b42: Download complete
1a41529d3503: Verifying Checksum
1a41529d3503: Download complete
e295ee79afe0: Pull complete
6544d360857a: Verifying Checksum
6544d360857a: Download complete
2da4a8568e73: Verifying Checksum
2da4a8568e73: Download complete
737cdbbe6134: Verifying Checksum
737cdbbe6134: Download complete
186a1b671e1a: Verifying Checksum
186a1b671e1a: Download complete
d854b02a8bc7: Download complete
c4781875dd66: Verifying Checksum
c4781875dd66: Download complete
7c3cb29e8520: Download complete
37c1d15db56f: Waiting
docker: write /var/lib/docker/tmp/GetImageBlob284083423: no space left on device.
See 'docker run --help'.
