Unable to find image 'n132/arvo:17814-vul' locally
17814-vul: Pulling from n132/arvo
16c48d79e9cc: Pulling fs layer
3c654ad3ed7d: Pulling fs layer
6276f4f9c29d: Pulling fs layer
a4bd43ad48ce: Pulling fs layer
13c186054215: Pulling fs layer
3c654ad3ed7d: Waiting
2b9089768de6: Pulling fs layer
16c48d79e9cc: Waiting
6276f4f9c29d: Waiting
5b56ae1116fd: Pulling fs layer
a4bd43ad48ce: Waiting
ddc8b20c7481: Pulling fs layer
13c186054215: Waiting
2bf601e406a8: Pulling fs layer
2b9089768de6: Waiting
7bce300bc87b: Pulling fs layer
5b56ae1116fd: Waiting
2bf601e406a8: Waiting
ddc8b20c7481: Waiting
c8865260d6dc: Pulling fs layer
fbb3c351d5f4: Pulling fs layer
3d3037ed135f: Pulling fs layer
c8865260d6dc: Waiting
0fec59ee5c3f: Pulling fs layer
3d3037ed135f: Waiting
fbb3c351d5f4: Waiting
5de1bfa3b820: Pulling fs layer
1beddf4311e6: Pulling fs layer
0fec59ee5c3f: Waiting
5de1bfa3b820: Waiting
bf3c50b4eb1d: Pulling fs layer
1beddf4311e6: Waiting
bf3c50b4eb1d: Waiting
0acb23b0fc22: Pulling fs layer
581a639b9d5b: Pulling fs layer
8091c1115b78: Pulling fs layer
0acb23b0fc22: Waiting
b974ba023c0f: Pulling fs layer
0ac41612a727: Pulling fs layer
f8ac4ac016b8: Pulling fs layer
581a639b9d5b: Waiting
eb846ad37611: Pulling fs layer
7b6456db3fc0: Pulling fs layer
4fc1aab0e470: Pulling fs layer
4b765872a6eb: Pulling fs layer
b974ba023c0f: Waiting
eb846ad37611: Waiting
4fc1aab0e470: Waiting
4b765872a6eb: Waiting
8091c1115b78: Waiting
43e2de3fd4d9: Pulling fs layer
7b6456db3fc0: Waiting
f0de12f729ee: Pulling fs layer
2d98b84f9a69: Pulling fs layer
43e2de3fd4d9: Waiting
0a2452208411: Pulling fs layer
45487f0c4af7: Pulling fs layer
0a2452208411: Waiting
f0de12f729ee: Waiting
45487f0c4af7: Waiting
ebc39188a4b5: Pulling fs layer
6da819b9d989: Pulling fs layer
c10fd729aa23: Pulling fs layer
ebc39188a4b5: Waiting
db12eb5028af: Pulling fs layer
6da819b9d989: Waiting
4776cb82f5f4: Pulling fs layer
f20625e95db6: Pulling fs layer
db12eb5028af: Waiting
df7df46aa195: Pulling fs layer
4776cb82f5f4: Waiting
258184fdb84e: Pulling fs layer
f20625e95db6: Waiting
df7df46aa195: Waiting
258184fdb84e: Waiting
5ddf0936a275: Pulling fs layer
aaaa5106de15: Pulling fs layer
6ad50c2e947c: Pulling fs layer
e4d835c05640: Pulling fs layer
3f072b616232: Pulling fs layer
aaaa5106de15: Waiting
e4d835c05640: Waiting
5ddf0936a275: Waiting
079a4e8a7fe1: Pulling fs layer
b2bce9555eda: Pulling fs layer
3f072b616232: Waiting
eb991704fe9c: Pulling fs layer
eb991704fe9c: Waiting
b2bce9555eda: Waiting
30c874f3e866: Pulling fs layer
30c874f3e866: Waiting
00a84d4d1998: Pulling fs layer
93965976ac40: Pulling fs layer
00a84d4d1998: Waiting
16c48d79e9cc: Verifying Checksum
16c48d79e9cc: Download complete
3c654ad3ed7d: Download complete
6276f4f9c29d: Verifying Checksum
6276f4f9c29d: Download complete
a4bd43ad48ce: Download complete
16c48d79e9cc: Pull complete
3c654ad3ed7d: Pull complete
6276f4f9c29d: Pull complete
a4bd43ad48ce: Pull complete
2b9089768de6: Verifying Checksum
2b9089768de6: Download complete
13c186054215: Verifying Checksum
13c186054215: Download complete
5b56ae1116fd: Verifying Checksum
5b56ae1116fd: Download complete
2bf601e406a8: Verifying Checksum
2bf601e406a8: Download complete
13c186054215: Pull complete
2b9089768de6: Pull complete
5b56ae1116fd: Pull complete
c8865260d6dc: Download complete
7bce300bc87b: Verifying Checksum
7bce300bc87b: Download complete
fbb3c351d5f4: Verifying Checksum
fbb3c351d5f4: Download complete
3d3037ed135f: Verifying Checksum
3d3037ed135f: Download complete
5de1bfa3b820: Verifying Checksum
5de1bfa3b820: Download complete
0fec59ee5c3f: Verifying Checksum
0fec59ee5c3f: Download complete
1beddf4311e6: Verifying Checksum
1beddf4311e6: Download complete
0acb23b0fc22: Verifying Checksum
0acb23b0fc22: Download complete
0ac41612a727: Waiting
f8ac4ac016b8: Waiting
2d98b84f9a69: Waiting
c10fd729aa23: Waiting
6ad50c2e947c: Waiting
079a4e8a7fe1: Waiting
93965976ac40: Waiting
docker: write /var/lib/docker/tmp/GetImageBlob122371979: no space left on device.
See 'docker run --help'.
