Unable to find image 'n132/arvo:48281-vul' locally
48281-vul: Pulling from n132/arvo
d7bfe07ed847: Pulling fs layer
3dd93ef8ffd9: Pulling fs layer
d7bfe07ed847: Waiting
790f9d0a0dce: Pulling fs layer
3dd93ef8ffd9: Waiting
11cd3f144815: Pulling fs layer
790f9d0a0dce: Waiting
aca768540b99: Pulling fs layer
11cd3f144815: Waiting
aca768540b99: Waiting
35b1312e159e: Pulling fs layer
4d0ca8b7e228: Pulling fs layer
414fd4239a5b: Pulling fs layer
4d0ca8b7e228: Waiting
134292459dc2: Pulling fs layer
35b1312e159e: Waiting
3e879b680f74: Pulling fs layer
414fd4239a5b: Waiting
134292459dc2: Waiting
3e879b680f74: Waiting
4e3ee7259875: Pulling fs layer
179bd47227be: Pulling fs layer
4e3ee7259875: Waiting
662cb2cd82c8: Pulling fs layer
179bd47227be: Waiting
662cb2cd82c8: Waiting
2b2061b7cfc8: Pulling fs layer
09a8db6460fc: Pulling fs layer
2b2061b7cfc8: Waiting
35013daf344c: Pulling fs layer
e30bb79aa736: Pulling fs layer
35013daf344c: Waiting
09a8db6460fc: Waiting
e30bb79aa736: Waiting
a40f0e6334a1: Pulling fs layer
2040f9a72d25: Pulling fs layer
a40f0e6334a1: Waiting
2040f9a72d25: Waiting
5b9b7d46044b: Pulling fs layer
281dec0535bb: Pulling fs layer
5b9b7d46044b: Waiting
5da4306d17df: Pulling fs layer
281dec0535bb: Waiting
cbc0e3334ea9: Pulling fs layer
5da4306d17df: Waiting
18fadb5ab11f: Pulling fs layer
cbc0e3334ea9: Waiting
97bff75b783d: Pulling fs layer
97bff75b783d: Waiting
bebb5283fb72: Pulling fs layer
03a752e18286: Pulling fs layer
bebb5283fb72: Waiting
ea6e825c8a08: Pulling fs layer
fb7799a4cbcd: Pulling fs layer
176a0bcf1894: Pulling fs layer
ea6e825c8a08: Waiting
fb7799a4cbcd: Waiting
30e06dbe24dd: Pulling fs layer
176a0bcf1894: Waiting
70b006613241: Pulling fs layer
9fda82a319cf: Pulling fs layer
30e06dbe24dd: Waiting
70b006613241: Waiting
06dff19f7aaa: Pulling fs layer
9fda82a319cf: Waiting
74b3e8342a85: Pulling fs layer
41aa3a0df912: Pulling fs layer
74b3e8342a85: Waiting
f42b6ca92145: Pulling fs layer
06dff19f7aaa: Waiting
eae09846c353: Pulling fs layer
0a6beb222844: Pulling fs layer
cbb0ed91607f: Pulling fs layer
0eee62b32820: Pulling fs layer
0a6beb222844: Waiting
cbb0ed91607f: Waiting
ce493b92d665: Pulling fs layer
c601d5ce5016: Pulling fs layer
bba44b087d8f: Pulling fs layer
ce493b92d665: Waiting
d247af86117a: Pulling fs layer
fc650ce0941f: Pulling fs layer
fc650ce0941f: Waiting
d7bfe07ed847: Verifying Checksum
d7bfe07ed847: Download complete
790f9d0a0dce: Download complete
3dd93ef8ffd9: Verifying Checksum
3dd93ef8ffd9: Download complete
d7bfe07ed847: Pull complete
11cd3f144815: Verifying Checksum
11cd3f144815: Download complete
35b1312e159e: Download complete
aca768540b99: Verifying Checksum
aca768540b99: Download complete
3dd93ef8ffd9: Pull complete
790f9d0a0dce: Pull complete
414fd4239a5b: Download complete
11cd3f144815: Pull complete
aca768540b99: Pull complete
35b1312e159e: Pull complete
134292459dc2: Verifying Checksum
134292459dc2: Download complete
4d0ca8b7e228: Download complete
4e3ee7259875: Verifying Checksum
4e3ee7259875: Download complete
3e879b680f74: Verifying Checksum
3e879b680f74: Download complete
179bd47227be: Download complete
2b2061b7cfc8: Verifying Checksum
2b2061b7cfc8: Download complete
662cb2cd82c8: Verifying Checksum
662cb2cd82c8: Download complete
09a8db6460fc: Verifying Checksum
09a8db6460fc: Download complete
35013daf344c: Verifying Checksum
35013daf344c: Download complete
a40f0e6334a1: Verifying Checksum
a40f0e6334a1: Download complete
e30bb79aa736: Download complete
2040f9a72d25: Download complete
281dec0535bb: Download complete
5da4306d17df: Download complete
5b9b7d46044b: Verifying Checksum
5b9b7d46044b: Download complete
4d0ca8b7e228: Pull complete
414fd4239a5b: Pull complete
134292459dc2: Pull complete
3e879b680f74: Pull complete
4e3ee7259875: Pull complete
179bd47227be: Pull complete
662cb2cd82c8: Pull complete
2b2061b7cfc8: Pull complete
09a8db6460fc: Pull complete
35013daf344c: Pull complete
e30bb79aa736: Pull complete
a40f0e6334a1: Pull complete
2040f9a72d25: Pull complete
5b9b7d46044b: Pull complete
281dec0535bb: Pull complete
5da4306d17df: Pull complete
18fadb5ab11f: Verifying Checksum
18fadb5ab11f: Download complete
cbc0e3334ea9: Verifying Checksum
cbc0e3334ea9: Download complete
03a752e18286: Verifying Checksum
03a752e18286: Download complete
ea6e825c8a08: Verifying Checksum
176a0bcf1894: Verifying Checksum
176a0bcf1894: Download complete
30e06dbe24dd: Download complete
fb7799a4cbcd: Verifying Checksum
fb7799a4cbcd: Download complete
70b006613241: Verifying Checksum
70b006613241: Download complete
9fda82a319cf: Verifying Checksum
9fda82a319cf: Download complete
bebb5283fb72: Verifying Checksum
bebb5283fb72: Download complete
ea6e825c8a08: Download complete
06dff19f7aaa: Download complete
74b3e8342a85: Verifying Checksum
74b3e8342a85: Download complete
f42b6ca92145: Verifying Checksum
f42b6ca92145: Download complete
41aa3a0df912: Verifying Checksum
41aa3a0df912: Download complete
0a6beb222844: Verifying Checksum
0a6beb222844: Download complete
eae09846c353: Verifying Checksum
eae09846c353: Download complete
cbb0ed91607f: Verifying Checksum
cbb0ed91607f: Download complete
0eee62b32820: Verifying Checksum
0eee62b32820: Download complete
bba44b087d8f: Verifying Checksum
bba44b087d8f: Download complete
c601d5ce5016: Verifying Checksum
c601d5ce5016: Download complete
ce493b92d665: Verifying Checksum
ce493b92d665: Download complete
fc650ce0941f: Verifying Checksum
fc650ce0941f: Download complete
docker: write /var/lib/docker/tmp/GetImageBlob2612013706: no space left on device.
See 'docker run --help'.
