Unable to find image 'n132/arvo:61991-vul' locally
61991-vul: Pulling from n132/arvo
7608715873ec: Already exists
ba0f7f6ad026: Pulling fs layer
a89db50526df: Pulling fs layer
42f603f935a1: Pulling fs layer
d587c585871b: Pulling fs layer
08355c5e2767: Pulling fs layer
ba0f7f6ad026: Waiting
a0801aef7920: Pulling fs layer
a89db50526df: Waiting
8f900e2c4044: Pulling fs layer
d587c585871b: Waiting
42f603f935a1: Waiting
8e4a42011416: Pulling fs layer
08355c5e2767: Waiting
a0801aef7920: Waiting
a1149f3bab40: Pulling fs layer
8f900e2c4044: Waiting
8e4a42011416: Waiting
bc84adf33580: Pulling fs layer
850a365f7921: Pulling fs layer
8093912dbb6c: Pulling fs layer
2a5b3093abdc: Pulling fs layer
bc84adf33580: Waiting
6762f9c71a4c: Pulling fs layer
a1149f3bab40: Waiting
a5aec3331a67: Pulling fs layer
f9207ad8acb7: Pulling fs layer
9c16c3dee092: Pulling fs layer
2a5b3093abdc: Waiting
f1e681202b03: Pulling fs layer
850a365f7921: Waiting
2bbaea9a8393: Pulling fs layer
c3decf102b70: Pulling fs layer
8093912dbb6c: Waiting
9c16c3dee092: Waiting
679b960f88fc: Pulling fs layer
6762f9c71a4c: Waiting
f9207ad8acb7: Waiting
ba0dfdbb94e3: Pulling fs layer
2bbaea9a8393: Waiting
f1e681202b03: Waiting
c3decf102b70: Waiting
1b1dc1284c04: Pulling fs layer
679b960f88fc: Waiting
a5aec3331a67: Waiting
ba0dfdbb94e3: Waiting
a86090835a3d: Pulling fs layer
1b1dc1284c04: Waiting
d65f83cdb8be: Pulling fs layer
a86090835a3d: Waiting
1224501fb55f: Pulling fs layer
5ff638715f3c: Pulling fs layer
dd414bda75c5: Pulling fs layer
d652f906d4b8: Pulling fs layer
d65f83cdb8be: Waiting
5ff638715f3c: Waiting
25fc030c5bdb: Pulling fs layer
1224501fb55f: Waiting
dd414bda75c5: Waiting
d652f906d4b8: Waiting
25fc030c5bdb: Waiting
b6bf3c5ffdef: Pulling fs layer
318594c1d47b: Pulling fs layer
f9b67a2cef01: Pulling fs layer
318594c1d47b: Waiting
4a9df2894589: Pulling fs layer
3ec94ca59db4: Pulling fs layer
f9b67a2cef01: Waiting
4a9df2894589: Waiting
5ec7783508d0: Pulling fs layer
f3ca51485806: Pulling fs layer
f3ca51485806: Waiting
6766edad8313: Pulling fs layer
98685825c510: Pulling fs layer
be25530806af: Pulling fs layer
5e37c8b85231: Pulling fs layer
20e5cc79c4ba: Pulling fs layer
161ad1b10d27: Pulling fs layer
dfa71c24965b: Pulling fs layer
70849ddc1e5d: Pulling fs layer
6a0661a9941d: Pulling fs layer
a3f3281bfde0: Pulling fs layer
6ddcc0422717: Pulling fs layer
12012bac0cae: Pulling fs layer
44c63e094c62: Pulling fs layer
9f70b85d0b80: Pulling fs layer
9ab8a3abfe5c: Pulling fs layer
6766edad8313: Waiting
98685825c510: Waiting
be25530806af: Waiting
44c63e094c62: Waiting
9f70b85d0b80: Waiting
5e37c8b85231: Waiting
9ab8a3abfe5c: Waiting
dfa71c24965b: Waiting
70849ddc1e5d: Waiting
161ad1b10d27: Waiting
6a0661a9941d: Waiting
a3f3281bfde0: Waiting
6ddcc0422717: Waiting
12012bac0cae: Waiting
20e5cc79c4ba: Waiting
ba0f7f6ad026: Verifying Checksum
ba0f7f6ad026: Download complete
a89db50526df: Download complete
42f603f935a1: Verifying Checksum
42f603f935a1: Download complete
d587c585871b: Verifying Checksum
d587c585871b: Download complete
ba0f7f6ad026: Pull complete
a89db50526df: Pull complete
42f603f935a1: Pull complete
d587c585871b: Pull complete
08355c5e2767: Download complete
08355c5e2767: Pull complete
8f900e2c4044: Download complete
8e4a42011416: Verifying Checksum
8e4a42011416: Download complete
a1149f3bab40: Verifying Checksum
a1149f3bab40: Download complete
bc84adf33580: Verifying Checksum
bc84adf33580: Download complete
850a365f7921: Verifying Checksum
850a365f7921: Download complete
8093912dbb6c: Download complete
2a5b3093abdc: Verifying Checksum
2a5b3093abdc: Download complete
a0801aef7920: Download complete
a5aec3331a67: Download complete
6762f9c71a4c: Verifying Checksum
6762f9c71a4c: Download complete
9c16c3dee092: Verifying Checksum
9c16c3dee092: Download complete
f9207ad8acb7: Verifying Checksum
f9207ad8acb7: Download complete
2bbaea9a8393: Verifying Checksum
2bbaea9a8393: Download complete
f1e681202b03: Verifying Checksum
f1e681202b03: Download complete
c3decf102b70: Verifying Checksum
c3decf102b70: Download complete
679b960f88fc: Verifying Checksum
679b960f88fc: Download complete
ba0dfdbb94e3: Download complete
1b1dc1284c04: Download complete
a86090835a3d: Download complete
1224501fb55f: Verifying Checksum
1224501fb55f: Download complete
5ff638715f3c: Download complete
d65f83cdb8be: Verifying Checksum
d65f83cdb8be: Download complete
dd414bda75c5: Download complete
d652f906d4b8: Verifying Checksum
d652f906d4b8: Download complete
b6bf3c5ffdef: Waiting
3ec94ca59db4: Waiting
5ec7783508d0: Waiting
docker: failed to register layer: write /usr/local/lib/LLVMgold.so: no space left on device.
See 'docker run --help'.
