Unable to find image 'n132/arvo:42939-vul' locally
42939-vul: Pulling from n132/arvo
7b1a6ab2e44d: Already exists
8881f6140900: Pulling fs layer
c8beb2c50bd8: Pulling fs layer
b34a1cd09240: Pulling fs layer
213ec0ca34a3: Pulling fs layer
bc47ca9c8b0b: Pulling fs layer
e2dbe7c7eeb9: Pulling fs layer
d65b913a4283: Pulling fs layer
00d76864d0f2: Pulling fs layer
38c82b79faaf: Pulling fs layer
a5a5df1e66fa: Pulling fs layer
b8936f3a6b76: Pulling fs layer
a89e2c443787: Pulling fs layer
a1eca5fe4e69: Pulling fs layer
bc47ca9c8b0b: Waiting
10f360e0ebd9: Pulling fs layer
00d76864d0f2: Waiting
e2dbe7c7eeb9: Waiting
327580500485: Pulling fs layer
ab4ff7c0acf8: Pulling fs layer
b34a1cd09240: Waiting
51074a011940: Pulling fs layer
213ec0ca34a3: Waiting
c8beb2c50bd8: Waiting
d65b913a4283: Waiting
185dd92dbcba: Pulling fs layer
8881f6140900: Waiting
a89e2c443787: Waiting
e12b10886cc3: Pulling fs layer
327580500485: Waiting
38c82b79faaf: Waiting
10f360e0ebd9: Waiting
a1eca5fe4e69: Waiting
51074a011940: Waiting
a5a5df1e66fa: Waiting
ab4ff7c0acf8: Waiting
48eab2da2ec7: Pulling fs layer
b8936f3a6b76: Waiting
185dd92dbcba: Waiting
e12b10886cc3: Waiting
2261fa609f02: Pulling fs layer
1c27d031078c: Pulling fs layer
0f0023bee4c4: Pulling fs layer
6af0f2d4a83b: Pulling fs layer
b27a711158dd: Pulling fs layer
15ab61ead1c1: Pulling fs layer
2261fa609f02: Waiting
b33401fd4f37: Pulling fs layer
741c8b90b93c: Pulling fs layer
1c27d031078c: Waiting
c668e424ba6d: Pulling fs layer
b77ea85f98a6: Pulling fs layer
eb7120c86f71: Pulling fs layer
9e6d855686ca: Pulling fs layer
0f0023bee4c4: Waiting
6af0f2d4a83b: Waiting
b27a711158dd: Waiting
e9d9d989a097: Pulling fs layer
f1f08940e0b2: Pulling fs layer
b33401fd4f37: Waiting
4a406736b659: Pulling fs layer
1252c76176c6: Pulling fs layer
44086ec0a9d2: Pulling fs layer
888afab9cd3d: Pulling fs layer
c668e424ba6d: Waiting
9e6d855686ca: Waiting
e9d9d989a097: Waiting
961f7ebacfdd: Pulling fs layer
04eb91ecb1ff: Pulling fs layer
42a8f9d48017: Pulling fs layer
1252c76176c6: Waiting
44086ec0a9d2: Waiting
b77ea85f98a6: Waiting
04eb91ecb1ff: Waiting
42a8f9d48017: Waiting
4a406736b659: Waiting
eb7120c86f71: Waiting
961f7ebacfdd: Waiting
c8beb2c50bd8: Download complete
b34a1cd09240: Verifying Checksum
b34a1cd09240: Download complete
213ec0ca34a3: Download complete
8881f6140900: Verifying Checksum
8881f6140900: Download complete
e2dbe7c7eeb9: Verifying Checksum
e2dbe7c7eeb9: Download complete
8881f6140900: Pull complete
c8beb2c50bd8: Pull complete
b34a1cd09240: Pull complete
213ec0ca34a3: Pull complete
bc47ca9c8b0b: Verifying Checksum
bc47ca9c8b0b: Download complete
d65b913a4283: Verifying Checksum
d65b913a4283: Download complete
48eab2da2ec7: Waiting
741c8b90b93c: Waiting
15ab61ead1c1: Waiting
f1f08940e0b2: Waiting
888afab9cd3d: Waiting
docker: write /var/lib/docker/tmp/GetImageBlob2616745299: no space left on device.
See 'docker run --help'.
