Unable to find image 'n132/arvo:54857-vul' locally
54857-vul: Pulling from n132/arvo
846c0b181fff: Pulling fs layer
6f40dfa743ea: Pulling fs layer
870d7d85d921: Pulling fs layer
8cafa8deec23: Pulling fs layer
846c0b181fff: Waiting
b3c7713b77b4: Pulling fs layer
6f40dfa743ea: Waiting
8cafa8deec23: Waiting
870d7d85d921: Waiting
671aa2736f7d: Pulling fs layer
b3c7713b77b4: Waiting
26a655f48331: Pulling fs layer
5e53940b618d: Pulling fs layer
26a655f48331: Waiting
3ab0e8346b9d: Pulling fs layer
5e53940b618d: Waiting
da63893d7e33: Pulling fs layer
3ab0e8346b9d: Waiting
aeb614c05937: Pulling fs layer
da63893d7e33: Waiting
63eaf6e1861b: Pulling fs layer
aeb614c05937: Waiting
d7b23536322c: Pulling fs layer
6ac262db61e1: Pulling fs layer
d7b23536322c: Waiting
3e82909c323e: Pulling fs layer
58a52029f898: Pulling fs layer
27d5aa940f40: Pulling fs layer
aa8720e4745f: Pulling fs layer
58a52029f898: Waiting
27d5aa940f40: Waiting
2811b888af37: Pulling fs layer
aa8720e4745f: Waiting
fe41c9462537: Pulling fs layer
5455e015fd20: Pulling fs layer
3c7eb3a6d6b6: Pulling fs layer
5455e015fd20: Waiting
ea5ccad381d5: Pulling fs layer
dc6f22c3a893: Pulling fs layer
3c7eb3a6d6b6: Waiting
ea5ccad381d5: Waiting
e936cc5046a5: Pulling fs layer
dc6f22c3a893: Waiting
713ce431cd5f: Pulling fs layer
01fee13fe46b: Pulling fs layer
4d0509183493: Pulling fs layer
e936cc5046a5: Waiting
713ce431cd5f: Waiting
01fee13fe46b: Waiting
0af3539109d6: Pulling fs layer
4d0509183493: Waiting
3a61bdc90fe7: Pulling fs layer
3b44422fb7d5: Pulling fs layer
3a61bdc90fe7: Waiting
a597cbf107b1: Pulling fs layer
3b44422fb7d5: Waiting
a597cbf107b1: Waiting
0b9974761950: Pulling fs layer
0fcb8d7f8a6a: Pulling fs layer
0b9974761950: Waiting
5df395d2528b: Pulling fs layer
0fcb8d7f8a6a: Waiting
36f909084fbf: Pulling fs layer
5df395d2528b: Waiting
8d4496911e79: Pulling fs layer
36f909084fbf: Waiting
671b29dbda2d: Pulling fs layer
8d4496911e79: Waiting
f5dc560b5a50: Pulling fs layer
671b29dbda2d: Waiting
aa5403e4db70: Pulling fs layer
9ffcbd1ff11b: Pulling fs layer
aa5403e4db70: Waiting
9c85ce1bc3dc: Pulling fs layer
3aed4c45f4ec: Pulling fs layer
9c85ce1bc3dc: Waiting
b298dd4f3262: Pulling fs layer
3aed4c45f4ec: Waiting
dee06b90fcb4: Pulling fs layer
0694ae732bf5: Pulling fs layer
b298dd4f3262: Waiting
570646c42a7b: Pulling fs layer
0694ae732bf5: Waiting
fcbf80a2afbe: Pulling fs layer
570646c42a7b: Waiting
d82129f4c39f: Pulling fs layer
fcbf80a2afbe: Waiting
f8a1b192ab76: Pulling fs layer
d82129f4c39f: Waiting
1d56d6f4e0f4: Pulling fs layer
f8a1b192ab76: Waiting
1d56d6f4e0f4: Waiting
846c0b181fff: Verifying Checksum
846c0b181fff: Download complete
671aa2736f7d: Waiting
63eaf6e1861b: Waiting
6ac262db61e1: Waiting
3e82909c323e: Waiting
2811b888af37: Waiting
fe41c9462537: Waiting
0af3539109d6: Waiting
f5dc560b5a50: Waiting
9ffcbd1ff11b: Waiting
dee06b90fcb4: Waiting
docker: failed to register layer: mkdir /etc/dpkg/origins: no space left on device.
See 'docker run --help'.
