Unable to find image 'n132/arvo:14168-vul' locally
14168-vul: Pulling from n132/arvo
34667c7e4631: Pulling fs layer
d18d76a881a4: Pulling fs layer
119c7358fbfc: Pulling fs layer
2aaf13f3eff0: Pulling fs layer
d18d76a881a4: Waiting
119c7358fbfc: Waiting
84a711db8894: Pulling fs layer
34667c7e4631: Waiting
2aaf13f3eff0: Waiting
23315fc02683: Pulling fs layer
84a711db8894: Waiting
5080dd9ffc88: Pulling fs layer
23315fc02683: Waiting
570068fd49b1: Pulling fs layer
31b1b68050d4: Pulling fs layer
5080dd9ffc88: Waiting
4eb0f7fd208c: Pulling fs layer
570068fd49b1: Waiting
31b1b68050d4: Waiting
ab308a8a16c5: Pulling fs layer
4eb0f7fd208c: Waiting
11ce332484b2: Pulling fs layer
22e8b7b4a014: Pulling fs layer
ab308a8a16c5: Waiting
a7dfd01bee3c: Pulling fs layer
22e8b7b4a014: Waiting
865d56f20bff: Pulling fs layer
a7dfd01bee3c: Waiting
a23914a59c40: Pulling fs layer
6582489e06cb: Pulling fs layer
a23914a59c40: Waiting
925211d48d9f: Pulling fs layer
6582489e06cb: Waiting
865d56f20bff: Waiting
dad58d4ad8e3: Pulling fs layer
925211d48d9f: Waiting
f6a11eb09e43: Pulling fs layer
c6f2fe243994: Pulling fs layer
f6a11eb09e43: Waiting
8d871efb029e: Pulling fs layer
b77b4c8f7522: Pulling fs layer
c6f2fe243994: Waiting
65049d307b8a: Pulling fs layer
6396d81d3cd2: Pulling fs layer
ee91c085d682: Pulling fs layer
8d871efb029e: Waiting
6396d81d3cd2: Waiting
2dbc7ea55a48: Pulling fs layer
ee91c085d682: Waiting
65049d307b8a: Waiting
ca9b939de07a: Pulling fs layer
d827091cd9a9: Pulling fs layer
0457b20b6f18: Pulling fs layer
4176b60be977: Pulling fs layer
d827091cd9a9: Waiting
0457b20b6f18: Waiting
4176b60be977: Waiting
91c2e2b31114: Pulling fs layer
92ab6ddbc5e9: Pulling fs layer
91c2e2b31114: Waiting
cfabbfd9fc0f: Pulling fs layer
92ab6ddbc5e9: Waiting
cfabbfd9fc0f: Waiting
f8415d83311d: Pulling fs layer
a64d5d9783fa: Pulling fs layer
f8415d83311d: Waiting
a5e24f510939: Pulling fs layer
b0a80b90ffb1: Pulling fs layer
a64d5d9783fa: Waiting
aa810e3a67f0: Pulling fs layer
b0a80b90ffb1: Waiting
08c72364895e: Pulling fs layer
d23276c47804: Pulling fs layer
cae210642d67: Pulling fs layer
d23276c47804: Waiting
4c7160c6a79c: Pulling fs layer
08c72364895e: Waiting
cae210642d67: Waiting
5a1cbe6420c3: Pulling fs layer
4c7160c6a79c: Waiting
8cf9cb417b14: Pulling fs layer
5a1cbe6420c3: Waiting
f6f19127e704: Pulling fs layer
8cf9cb417b14: Waiting
b8bc7dd8364b: Pulling fs layer
f6f19127e704: Waiting
841ffce94827: Pulling fs layer
b8bc7dd8364b: Waiting
1462ef3d00bf: Pulling fs layer
841ffce94827: Waiting
78cdf7bbd181: Pulling fs layer
1462ef3d00bf: Waiting
49fa58c0ccbd: Pulling fs layer
78cdf7bbd181: Waiting
04edeb53c679: Pulling fs layer
49fa58c0ccbd: Waiting
133a2db3d16d: Pulling fs layer
04edeb53c679: Waiting
133a2db3d16d: Waiting
d18d76a881a4: Verifying Checksum
d18d76a881a4: Download complete
34667c7e4631: Verifying Checksum
2aaf13f3eff0: Download complete
119c7358fbfc: Download complete
23315fc02683: Download complete
5080dd9ffc88: Verifying Checksum
5080dd9ffc88: Download complete
84a711db8894: Verifying Checksum
84a711db8894: Download complete
34667c7e4631: Pull complete
d18d76a881a4: Pull complete
119c7358fbfc: Pull complete
2aaf13f3eff0: Pull complete
31b1b68050d4: Verifying Checksum
31b1b68050d4: Download complete
4eb0f7fd208c: Verifying Checksum
4eb0f7fd208c: Download complete
ab308a8a16c5: Verifying Checksum
ab308a8a16c5: Download complete
11ce332484b2: Download complete
84a711db8894: Pull complete
23315fc02683: Pull complete
5080dd9ffc88: Pull complete
22e8b7b4a014: Verifying Checksum
22e8b7b4a014: Download complete
a7dfd01bee3c: Verifying Checksum
a7dfd01bee3c: Download complete
865d56f20bff: Verifying Checksum
865d56f20bff: Download complete
570068fd49b1: Verifying Checksum
570068fd49b1: Download complete
6582489e06cb: Verifying Checksum
6582489e06cb: Download complete
925211d48d9f: Verifying Checksum
925211d48d9f: Download complete
dad58d4ad8e3: Verifying Checksum
dad58d4ad8e3: Download complete
a23914a59c40: Verifying Checksum
a23914a59c40: Download complete
8d871efb029e: Verifying Checksum
8d871efb029e: Download complete
65049d307b8a: Verifying Checksum
65049d307b8a: Download complete
b77b4c8f7522: Download complete
6396d81d3cd2: Download complete
c6f2fe243994: Verifying Checksum
c6f2fe243994: Download complete
ee91c085d682: Verifying Checksum
ee91c085d682: Download complete
2dbc7ea55a48: Verifying Checksum
2dbc7ea55a48: Download complete
0457b20b6f18: Verifying Checksum
0457b20b6f18: Download complete
ca9b939de07a: Verifying Checksum
ca9b939de07a: Download complete
d827091cd9a9: Verifying Checksum
d827091cd9a9: Download complete
91c2e2b31114: Verifying Checksum
4176b60be977: Verifying Checksum
4176b60be977: Download complete
91c2e2b31114: Download complete
cfabbfd9fc0f: Verifying Checksum
cfabbfd9fc0f: Download complete
f8415d83311d: Download complete
92ab6ddbc5e9: Verifying Checksum
92ab6ddbc5e9: Download complete
a64d5d9783fa: Download complete
b0a80b90ffb1: Verifying Checksum
b0a80b90ffb1: Download complete
aa810e3a67f0: Verifying Checksum
aa810e3a67f0: Download complete
08c72364895e: Download complete
cae210642d67: Download complete
d23276c47804: Verifying Checksum
d23276c47804: Download complete
5a1cbe6420c3: Download complete
a5e24f510939: Verifying Checksum
a5e24f510939: Download complete
570068fd49b1: Pull complete
31b1b68050d4: Pull complete
4c7160c6a79c: Verifying Checksum
4c7160c6a79c: Download complete
f6f19127e704: Download complete
841ffce94827: Verifying Checksum
841ffce94827: Download complete
b8bc7dd8364b: Verifying Checksum
b8bc7dd8364b: Download complete
8cf9cb417b14: Verifying Checksum
8cf9cb417b14: Download complete
49fa58c0ccbd: Verifying Checksum
49fa58c0ccbd: Download complete
78cdf7bbd181: Verifying Checksum
78cdf7bbd181: Download complete
4eb0f7fd208c: Pull complete
ab308a8a16c5: Pull complete
11ce332484b2: Pull complete
22e8b7b4a014: Pull complete
133a2db3d16d: Verifying Checksum
133a2db3d16d: Download complete
1462ef3d00bf: Verifying Checksum
1462ef3d00bf: Download complete
a7dfd01bee3c: Pull complete
865d56f20bff: Pull complete
a23914a59c40: Pull complete
6582489e06cb: Pull complete
925211d48d9f: Pull complete
dad58d4ad8e3: Pull complete
docker: write /var/lib/docker/tmp/GetImageBlob886084495: no space left on device.
See 'docker run --help'.
