INFO: Seed: 1620334738
INFO: Loaded 1 modules (16683 guards): [0xd0e270, 0xd1e71c), 
/out/ffmpeg_AV_CODEC_ID_AAC_fuzzer: Running 1 inputs 1 time(s) each.
Running: /tmp/poc
libavcodec/aacps.c:978:22: runtime error: index -1 out of bounds for type 'INTFLOAT [32][2]'
    #0 0x5edab9 in stereo_processing /src/ffmpeg/libavcodec/aacps.c:978:22
    #1 0x5e8aeb in ff_ps_apply /src/ffmpeg/libavcodec/aacps.c:998:5
    #2 0x54f6aa in ff_sbr_apply /src/ffmpeg/libavcodec/aacsbr_template.c:1536:13
    #3 0x531367 in spectral_to_sample /src/ffmpeg/libavcodec/aacdec_template.c:2784:25
    #4 0x52c704 in aac_decode_frame_int /src/ffmpeg/libavcodec/aacdec_template.c:3090:5
    #5 0x51b1da in aac_decode_frame /src/ffmpeg/libavcodec/aacdec_template.c:3186:15
    #6 0x595abc in decode_simple_internal /src/ffmpeg/libavcodec/decode.c:414:15
    #7 0x5952f1 in decode_simple_receive_frame /src/ffmpeg/libavcodec/decode.c:617:15
    #8 0x586312 in decode_receive_frame_internal /src/ffmpeg/libavcodec/decode.c:635:15
    #9 0x584dcd in avcodec_send_packet /src/ffmpeg/libavcodec/decode.c:675:15
    #10 0x586c73 in compat_decode /src/ffmpeg/libavcodec/decode.c:730:15
    #11 0x518817 in LLVMFuzzerTestOneInput /src/ffmpeg/tools/target_dec_fuzzer.c:213:23
    #12 0x82d234 in fuzzer::Fuzzer::ExecuteCallback(unsigned char const*, unsigned long) /src/libfuzzer/FuzzerLoop.cpp:440:13
    #13 0x82d54e in fuzzer::Fuzzer::RunOne(unsigned char const*, unsigned long) /src/libfuzzer/FuzzerLoop.cpp:397:3
    #14 0x81fd70 in fuzzer::RunOneTest(fuzzer::Fuzzer*, char const*, unsigned long) /src/libfuzzer/FuzzerDriver.cpp:268:6
    #15 0x823c90 in fuzzer::FuzzerDriver(int*, char***, int (*)(unsigned char const*, unsigned long)) /src/libfuzzer/FuzzerDriver.cpp:682:9
    #16 0x81fa6c in main /src/libfuzzer/FuzzerMain.cpp:20:10
    #17 0x779d1238583f in __libc_start_main (/lib/x86_64-linux-gnu/libc.so.6+0x2083f)
    #18 0x41cb38 in _start (/out/ffmpeg_AV_CODEC_ID_AAC_fuzzer+0x41cb38)

DEDUP_TOKEN: stereo_processing--ff_ps_apply--ff_sbr_apply
SUMMARY: UndefinedBehaviorSanitizer: undefined-behavior libavcodec/aacps.c:978:22 in 
