Unable to find image 'n132/arvo:20742-vul' locally
20742-vul: Pulling from n132/arvo
0a01a72a686c: Pulling fs layer
cc899a5544da: Pulling fs layer
19197c550755: Pulling fs layer
716d454e56b6: Pulling fs layer
7d6e256b97f2: Pulling fs layer
923943551a87: Pulling fs layer
0bb248aecc25: Pulling fs layer
3ea77b222646: Pulling fs layer
61e54da6071a: Pulling fs layer
25797c61c473: Pulling fs layer
ffa30da2f6cb: Pulling fs layer
6553c85b3b24: Pulling fs layer
7d4a302f26b0: Pulling fs layer
0a01a72a686c: Waiting
cc899a5544da: Waiting
19197c550755: Waiting
716d454e56b6: Waiting
7d6e256b97f2: Waiting
923943551a87: Waiting
0bb248aecc25: Waiting
3ea77b222646: Waiting
61e54da6071a: Waiting
25797c61c473: Waiting
ffa30da2f6cb: Waiting
6553c85b3b24: Waiting
a43b05006be7: Pulling fs layer
7d4a302f26b0: Waiting
ed116617fb17: Pulling fs layer
a43b05006be7: Waiting
2bae9a58bf9a: Pulling fs layer
ed116617fb17: Waiting
324dfd88d74f: Pulling fs layer
2a59c52e46e8: Pulling fs layer
324dfd88d74f: Waiting
1ec1e054d472: Pulling fs layer
63111b760e28: Pulling fs layer
2a59c52e46e8: Waiting
43838095bb56: Pulling fs layer
bb7f8bb10d47: Pulling fs layer
fc523e09b9b8: Pulling fs layer
43838095bb56: Waiting
bb7f8bb10d47: Waiting
9d573935a4b6: Pulling fs layer
fc523e09b9b8: Waiting
63111b760e28: Waiting
63b7d0fac209: Pulling fs layer
63b7d0fac209: Waiting
e3849122631c: Pulling fs layer
e3849122631c: Waiting
fe8b69d82ea9: Pulling fs layer
1ae0b0a888c7: Pulling fs layer
fe8b69d82ea9: Waiting
95ff02ec4c5e: Pulling fs layer
c52775423a1e: Pulling fs layer
3277864b47bb: Pulling fs layer
1ae0b0a888c7: Waiting
95ff02ec4c5e: Waiting
9a672600255c: Pulling fs layer
8f152728fe6b: Pulling fs layer
3277864b47bb: Waiting
c52775423a1e: Waiting
f5c74bca5381: Pulling fs layer
8f152728fe6b: Waiting
7df096b2f92a: Pulling fs layer
970f283bf121: Pulling fs layer
ab197fd882c4: Pulling fs layer
8ab6e1a056ce: Pulling fs layer
b21a2452d2c9: Pulling fs layer
f5c74bca5381: Waiting
ab197fd882c4: Waiting
6c4edfdc99be: Pulling fs layer
7df096b2f92a: Waiting
b21a2452d2c9: Waiting
970f283bf121: Waiting
255690076c76: Pulling fs layer
6c4edfdc99be: Waiting
09bbe4a93463: Pulling fs layer
255690076c76: Waiting
9f08a98b77e0: Pulling fs layer
ff56d55c6342: Pulling fs layer
24cacd04ced0: Pulling fs layer
ff56d55c6342: Waiting
e141ecfa9e01: Pulling fs layer
01c91cb809bc: Pulling fs layer
e141ecfa9e01: Waiting
24cacd04ced0: Waiting
f70706394dc0: Pulling fs layer
77fca017df17: Pulling fs layer
01c91cb809bc: Waiting
f70706394dc0: Waiting
77fca017df17: Waiting
fcc830730ca0: Pulling fs layer
6e5de70ef16e: Pulling fs layer
fcc830730ca0: Waiting
f5ab55b0d40c: Pulling fs layer
6e5de70ef16e: Waiting
0a01a72a686c: Verifying Checksum
0a01a72a686c: Download complete
19197c550755: Download complete
716d454e56b6: Download complete
0a01a72a686c: Pull complete
cc899a5544da: Pull complete
19197c550755: Pull complete
716d454e56b6: Pull complete
923943551a87: Verifying Checksum
923943551a87: Download complete
7d6e256b97f2: Verifying Checksum
7d6e256b97f2: Download complete
61e54da6071a: Download complete
0bb248aecc25: Verifying Checksum
0bb248aecc25: Download complete
ffa30da2f6cb: Download complete
25797c61c473: Verifying Checksum
25797c61c473: Download complete
7d6e256b97f2: Pull complete
923943551a87: Pull complete
0bb248aecc25: Pull complete
7d4a302f26b0: Verifying Checksum
7d4a302f26b0: Download complete
6553c85b3b24: Verifying Checksum
6553c85b3b24: Download complete
a43b05006be7: Verifying Checksum
a43b05006be7: Download complete
3ea77b222646: Verifying Checksum
3ea77b222646: Download complete
2bae9a58bf9a: Download complete
ed116617fb17: Verifying Checksum
ed116617fb17: Download complete
324dfd88d74f: Verifying Checksum
324dfd88d74f: Download complete
1ec1e054d472: Verifying Checksum
1ec1e054d472: Download complete
2a59c52e46e8: Verifying Checksum
2a59c52e46e8: Download complete
63111b760e28: Verifying Checksum
63111b760e28: Download complete
43838095bb56: Verifying Checksum
43838095bb56: Download complete
3ea77b222646: Pull complete
61e54da6071a: Pull complete
fc523e09b9b8: Verifying Checksum
fc523e09b9b8: Download complete
bb7f8bb10d47: Verifying Checksum
bb7f8bb10d47: Download complete
9d573935a4b6: Download complete
25797c61c473: Pull complete
ffa30da2f6cb: Pull complete
9a672600255c: Waiting
8ab6e1a056ce: Waiting
09bbe4a93463: Waiting
9f08a98b77e0: Waiting
f5ab55b0d40c: Waiting
docker: failed to register layer: write /root/.go/pkg/linux_amd64_race/go/build.a: no space left on device.
See 'docker run --help'.
