Unable to find image 'n132/arvo:31181-vul' locally
31181-vul: Pulling from n132/arvo
4007a89234b4: Pulling fs layer
4007a89234b4: Waiting
5dfa26c6b9c9: Pulling fs layer
0ba7bf18aa40: Pulling fs layer
5dfa26c6b9c9: Waiting
0ba7bf18aa40: Waiting
4c6ec688ebe3: Pulling fs layer
8402f6a128ab: Pulling fs layer
4c6ec688ebe3: Waiting
a9844295fc02: Pulling fs layer
8402f6a128ab: Waiting
896d36fd4c48: Pulling fs layer
7caeb050fbae: Pulling fs layer
a9844295fc02: Waiting
19c994299ca2: Pulling fs layer
7caeb050fbae: Waiting
3af6636da2fc: Pulling fs layer
19c994299ca2: Waiting
f066005d6cfa: Pulling fs layer
eb7a669b446d: Pulling fs layer
db2d8166cb16: Pulling fs layer
eb7a669b446d: Waiting
ce13daa0e1d4: Pulling fs layer
49415db117de: Pulling fs layer
db2d8166cb16: Waiting
ce13daa0e1d4: Waiting
2a537e092603: Pulling fs layer
9f8cbd34f314: Pulling fs layer
49415db117de: Waiting
2a537e092603: Waiting
11795e809c12: Pulling fs layer
60ad66e29b37: Pulling fs layer
9f8cbd34f314: Waiting
11795e809c12: Waiting
667a3fc11e31: Pulling fs layer
7002e1675336: Pulling fs layer
667a3fc11e31: Waiting
99f1f9ab76c4: Pulling fs layer
2e07133b3a8c: Pulling fs layer
873c68cbb916: Pulling fs layer
99f1f9ab76c4: Waiting
2e07133b3a8c: Waiting
51404522b68c: Pulling fs layer
873c68cbb916: Waiting
905d55d9e7a6: Pulling fs layer
342b5aeeb441: Pulling fs layer
905d55d9e7a6: Waiting
8cb0e99510b5: Pulling fs layer
51404522b68c: Waiting
1f9561feceed: Pulling fs layer
342b5aeeb441: Waiting
8cb0e99510b5: Waiting
2a97cfafbe61: Pulling fs layer
1f9561feceed: Waiting
5be87dc4eaab: Pulling fs layer
59c9d109b361: Pulling fs layer
4f4fb700ef54: Pulling fs layer
087e6d0094e0: Pulling fs layer
59c9d109b361: Waiting
2a97cfafbe61: Waiting
5be87dc4eaab: Waiting
d40c63bee3c1: Pulling fs layer
087e6d0094e0: Waiting
7f286e9c9953: Pulling fs layer
d40c63bee3c1: Waiting
01d5af4d65f2: Pulling fs layer
7f286e9c9953: Waiting
138f1b55eb2a: Pulling fs layer
90a659e3a1c6: Pulling fs layer
01d5af4d65f2: Waiting
138f1b55eb2a: Waiting
4007a89234b4: Download complete
5dfa26c6b9c9: Verifying Checksum
5dfa26c6b9c9: Download complete
0ba7bf18aa40: Download complete
4c6ec688ebe3: Download complete
4007a89234b4: Pull complete
5dfa26c6b9c9: Pull complete
0ba7bf18aa40: Pull complete
4c6ec688ebe3: Pull complete
a9844295fc02: Download complete
7caeb050fbae: Verifying Checksum
7caeb050fbae: Download complete
8402f6a128ab: Download complete
896d36fd4c48: Verifying Checksum
896d36fd4c48: Download complete
3af6636da2fc: Download complete
8402f6a128ab: Pull complete
a9844295fc02: Pull complete
eb7a669b446d: Verifying Checksum
eb7a669b446d: Download complete
db2d8166cb16: Verifying Checksum
db2d8166cb16: Download complete
f066005d6cfa: Verifying Checksum
f066005d6cfa: Download complete
896d36fd4c48: Pull complete
7caeb050fbae: Pull complete
ce13daa0e1d4: Verifying Checksum
ce13daa0e1d4: Download complete
2a537e092603: Verifying Checksum
2a537e092603: Download complete
19c994299ca2: Download complete
11795e809c12: Verifying Checksum
11795e809c12: Download complete
9f8cbd34f314: Verifying Checksum
9f8cbd34f314: Download complete
60ad66e29b37: Download complete
49415db117de: Verifying Checksum
49415db117de: Download complete
7002e1675336: Download complete
667a3fc11e31: Download complete
873c68cbb916: Verifying Checksum
873c68cbb916: Download complete
2e07133b3a8c: Verifying Checksum
2e07133b3a8c: Download complete
51404522b68c: Download complete
905d55d9e7a6: Download complete
99f1f9ab76c4: Verifying Checksum
99f1f9ab76c4: Download complete
342b5aeeb441: Verifying Checksum
342b5aeeb441: Download complete
1f9561feceed: Verifying Checksum
1f9561feceed: Download complete
2a97cfafbe61: Verifying Checksum
2a97cfafbe61: Download complete
59c9d109b361: Verifying Checksum
59c9d109b361: Download complete
4f4fb700ef54: Verifying Checksum
4f4fb700ef54: Download complete
5be87dc4eaab: Verifying Checksum
5be87dc4eaab: Download complete
087e6d0094e0: Verifying Checksum
087e6d0094e0: Download complete
d40c63bee3c1: Verifying Checksum
d40c63bee3c1: Download complete
01d5af4d65f2: Verifying Checksum
01d5af4d65f2: Download complete
7f286e9c9953: Verifying Checksum
7f286e9c9953: Download complete
90a659e3a1c6: Verifying Checksum
90a659e3a1c6: Download complete
docker: write /var/lib/docker/tmp/GetImageBlob1649831642: no space left on device.
See 'docker run --help'.
