Unable to find image 'n132/arvo:20053-vul' locally
20053-vul: Pulling from n132/arvo
3386e6af03b0: Pulling fs layer
49ac0bbe6c8e: Pulling fs layer
3386e6af03b0: Waiting
d1983a67e104: Pulling fs layer
49ac0bbe6c8e: Waiting
d1983a67e104: Waiting
1a0f3a523f04: Pulling fs layer
73c5426d06aa: Pulling fs layer
fa7611375f71: Pulling fs layer
73c5426d06aa: Waiting
1a0f3a523f04: Waiting
cfbeaae4f211: Pulling fs layer
fa7611375f71: Waiting
42371f50a4fa: Pulling fs layer
cfbeaae4f211: Waiting
d03027ec3c94: Pulling fs layer
42371f50a4fa: Waiting
c7d96356120a: Pulling fs layer
6c28d33bde9b: Pulling fs layer
c7d96356120a: Waiting
d03027ec3c94: Waiting
6c28d33bde9b: Waiting
f52300c66b5f: Pulling fs layer
df8ecd39b0e7: Pulling fs layer
f52300c66b5f: Waiting
df8ecd39b0e7: Waiting
9454a074fc30: Pulling fs layer
47fed183f2ed: Pulling fs layer
e96eecbbb562: Pulling fs layer
0b0cc7417213: Pulling fs layer
8e81c9530cd8: Pulling fs layer
9454a074fc30: Waiting
4445fbb6820d: Pulling fs layer
8e81c9530cd8: Waiting
e96eecbbb562: Waiting
0b0cc7417213: Waiting
47fed183f2ed: Waiting
4445fbb6820d: Waiting
8f1a3969422b: Pulling fs layer
8f1a3969422b: Waiting
3e6f87cba13b: Pulling fs layer
26f8998a1ba9: Pulling fs layer
666c956e205d: Pulling fs layer
3e6f87cba13b: Waiting
bf87c180c4b3: Pulling fs layer
e3405682ce61: Pulling fs layer
bf87c180c4b3: Waiting
666c956e205d: Waiting
26f8998a1ba9: Waiting
e3405682ce61: Waiting
35400a968525: Pulling fs layer
7c6c77b8ddb4: Pulling fs layer
35400a968525: Waiting
7c6c77b8ddb4: Waiting
f1c8716619f2: Pulling fs layer
8f0cbface813: Pulling fs layer
f1c8716619f2: Waiting
10c5c4b8e2e0: Pulling fs layer
8f0cbface813: Waiting
14fc308d12e4: Pulling fs layer
10c5c4b8e2e0: Waiting
14fc308d12e4: Waiting
cb4527a2606f: Pulling fs layer
e5f4d3fbff62: Pulling fs layer
026b98951f43: Pulling fs layer
f2d0873aaa33: Pulling fs layer
cb4527a2606f: Waiting
89d049520831: Pulling fs layer
f8163e912073: Pulling fs layer
89d049520831: Waiting
e5f4d3fbff62: Waiting
026b98951f43: Waiting
f2d0873aaa33: Waiting
f579bf8b4679: Pulling fs layer
247a39bef595: Pulling fs layer
be670ecbbb4d: Pulling fs layer
f579bf8b4679: Waiting
247a39bef595: Waiting
f8163e912073: Waiting
18412ceba256: Pulling fs layer
be670ecbbb4d: Waiting
2b748e0884b4: Pulling fs layer
18412ceba256: Waiting
cd792ef2dd59: Pulling fs layer
15bc78727f72: Pulling fs layer
2b748e0884b4: Waiting
533eaa8a3f82: Pulling fs layer
a58df2738886: Pulling fs layer
cd792ef2dd59: Waiting
25b1541bca3a: Pulling fs layer
15bc78727f72: Waiting
533eaa8a3f82: Waiting
b4e80fc903cd: Pulling fs layer
a58df2738886: Waiting
4f4fb700ef54: Pulling fs layer
25b1541bca3a: Waiting
b4e80fc903cd: Waiting
d1c685899aac: Pulling fs layer
4f4fb700ef54: Waiting
e9159b075b2d: Pulling fs layer
d1c685899aac: Waiting
6392d799166b: Pulling fs layer
e9159b075b2d: Waiting
6392d799166b: Waiting
3386e6af03b0: Verifying Checksum
3386e6af03b0: Download complete
49ac0bbe6c8e: Verifying Checksum
49ac0bbe6c8e: Download complete
d1983a67e104: Verifying Checksum
d1983a67e104: Download complete
1a0f3a523f04: Download complete
3386e6af03b0: Pull complete
49ac0bbe6c8e: Pull complete
d1983a67e104: Pull complete
1a0f3a523f04: Pull complete
73c5426d06aa: Verifying Checksumcfbeaae4f211: Download complete
fa7611375f71: Download complete
d03027ec3c94: Download complete
73c5426d06aa: Pull complete
fa7611375f71: Pull complete
cfbeaae4f211: Pull complete
c7d96356120a: Download complete
42371f50a4fa: Verifying Checksum
42371f50a4fa: Download complete
6c28d33bde9b: Download complete
df8ecd39b0e7: Verifying Checksum
df8ecd39b0e7: Download complete
9454a074fc30: Verifying Checksum
9454a074fc30: Download complete
47fed183f2ed: Download complete
e96eecbbb562: Verifying Checksum
e96eecbbb562: Download complete
f52300c66b5f: Verifying Checksum
f52300c66b5f: Download complete
0b0cc7417213: Verifying Checksum
0b0cc7417213: Download complete
8e81c9530cd8: Download complete
8f1a3969422b: Verifying Checksum
8f1a3969422b: Download complete
4445fbb6820d: Download complete
3e6f87cba13b: Verifying Checksum
3e6f87cba13b: Download complete
42371f50a4fa: Pull complete
d03027ec3c94: Pull complete
c7d96356120a: Pull complete
6c28d33bde9b: Pull complete
f52300c66b5f: Pull complete
df8ecd39b0e7: Pull complete
9454a074fc30: Pull complete
47fed183f2ed: Pull complete
e96eecbbb562: Pull complete
0b0cc7417213: Pull complete
8e81c9530cd8: Pull complete
4445fbb6820d: Pull complete
8f1a3969422b: Pull complete
3e6f87cba13b: Pull complete
26f8998a1ba9: Verifying Checksum
26f8998a1ba9: Download complete
666c956e205d: Verifying Checksum
666c956e205d: Download complete
35400a968525: Download complete
bf87c180c4b3: Verifying Checksum
bf87c180c4b3: Download complete
7c6c77b8ddb4: Verifying Checksum
7c6c77b8ddb4: Download complete
f1c8716619f2: Download complete
8f0cbface813: Verifying Checksum
8f0cbface813: Download complete
10c5c4b8e2e0: Verifying Checksum
10c5c4b8e2e0: Download complete
14fc308d12e4: Verifying Checksum
14fc308d12e4: Download complete
cb4527a2606f: Verifying Checksum
cb4527a2606f: Download complete
e5f4d3fbff62: Verifying Checksum
e5f4d3fbff62: Download complete
026b98951f43: Download complete
e3405682ce61: Verifying Checksum
e3405682ce61: Download complete
f2d0873aaa33: Download complete
89d049520831: Verifying Checksum
89d049520831: Download complete
f8163e912073: Verifying Checksum
f8163e912073: Download complete
f579bf8b4679: Verifying Checksum
f579bf8b4679: Download complete
be670ecbbb4d: Verifying Checksum
be670ecbbb4d: Download complete
247a39bef595: Verifying Checksum
247a39bef595: Download complete
18412ceba256: Verifying Checksum
18412ceba256: Download complete
2b748e0884b4: Verifying Checksum
2b748e0884b4: Download complete
15bc78727f72: Verifying Checksum
15bc78727f72: Download complete
a58df2738886: Verifying Checksum
a58df2738886: Download complete
cd792ef2dd59: Verifying Checksum
cd792ef2dd59: Download complete
25b1541bca3a: Verifying Checksum
25b1541bca3a: Download complete
b4e80fc903cd: Download complete
4f4fb700ef54: Download complete
d1c685899aac: Download complete
6392d799166b: Verifying Checksum
533eaa8a3f82: Verifying Checksum
533eaa8a3f82: Download complete
e9159b075b2d: Verifying Checksum
e9159b075b2d: Download complete
6392d799166b: Download complete
docker: failed to register layer: write /lib/systemd/systemd: no space left on device.
See 'docker run --help'.
