Unable to find image 'n132/arvo:1538-vul' locally
1538-vul: Pulling from n132/arvo
d16fc20e681d: Already exists
63f1c4e4b781: Already exists
fb4d3bb1280c: Already exists
8038895a6c2e: Already exists
43fa392d948c: Already exists
acb324eaf143: Already exists
2d869ded115f: Already exists
33f51ca5dba0: Already exists
2e24ca0e8f73: Already exists
fcd73e9b9751: Already exists
240423bcfba4: Already exists
d5077c143141: Already exists
2d5a31a2dd25: Already exists
c655debf496a: Already exists
de9124ff0e0f: Already exists
40ec434d98cf: Pulling fs layer
214cf5d8d827: Pulling fs layer
d61431c5fbf0: Pulling fs layer
44b6f5b8acd7: Pulling fs layer
e8b4e57692a6: Pulling fs layer
214cf5d8d827: Waiting
40ec434d98cf: Waiting
a844d2c6ecad: Pulling fs layer
f5db3008682b: Pulling fs layer
d61431c5fbf0: Waiting
74b766ec0f1c: Pulling fs layer
44b6f5b8acd7: Waiting
086e9fb2acae: Pulling fs layer
f5db3008682b: Waiting
05add352f9d3: Pulling fs layer
e8b4e57692a6: Waiting
a844d2c6ecad: Waiting
866ce6bd3a90: Pulling fs layer
086e9fb2acae: Waiting
05add352f9d3: Waiting
81b57a07ed32: Pulling fs layer
866ce6bd3a90: Waiting
76dc2fcf7535: Pulling fs layer
c805791f4530: Pulling fs layer
5d9911428aa0: Pulling fs layer
402ae63178d3: Pulling fs layer
933c181fdcab: Pulling fs layer
81b57a07ed32: Waiting
e16283d2577a: Pulling fs layer
ae85720c3333: Pulling fs layer
c805791f4530: Waiting
16a0754b53a6: Pulling fs layer
933c181fdcab: Waiting
76dc2fcf7535: Waiting
7291c7acb5a2: Pulling fs layer
e16283d2577a: Waiting
5d9911428aa0: Waiting
ed8c88301925: Pulling fs layer
16a0754b53a6: Waiting
52d33eb61e10: Pulling fs layer
7291c7acb5a2: Waiting
66787cd3bdcc: Pulling fs layer
0cc6d387a11a: Pulling fs layer
3b1b96512489: Pulling fs layer
ed8c88301925: Waiting
52d33eb61e10: Waiting
ae6e285872c0: Pulling fs layer
0cc6d387a11a: Waiting
402ae63178d3: Waiting
2a05a8e90db1: Pulling fs layer
66787cd3bdcc: Waiting
99438d1a6615: Pulling fs layer
2a05a8e90db1: Waiting
99438d1a6615: Waiting
00dce6739517: Pulling fs layer
f6c93a680dac: Pulling fs layer
3b1b96512489: Waiting
e7818aa204ab: Pulling fs layer
f6c93a680dac: Waiting
2a8a540d4124: Pulling fs layer
8e4d94ba532b: Pulling fs layer
484f4e77a265: Pulling fs layer
2a8a540d4124: Waiting
83f059d2598a: Pulling fs layer
8e4d94ba532b: Waiting
e7818aa204ab: Waiting
214cf5d8d827: Verifying Checksum
214cf5d8d827: Download complete
40ec434d98cf: Verifying Checksum
40ec434d98cf: Download complete
d61431c5fbf0: Verifying Checksum
d61431c5fbf0: Download complete
e8b4e57692a6: Verifying Checksum
e8b4e57692a6: Download complete
a844d2c6ecad: Verifying Checksum
a844d2c6ecad: Download complete
40ec434d98cf: Pull complete
214cf5d8d827: Pull complete
44b6f5b8acd7: Verifying Checksum
44b6f5b8acd7: Download complete
f5db3008682b: Verifying Checksum
f5db3008682b: Download complete
086e9fb2acae: Download complete
05add352f9d3: Verifying Checksum
05add352f9d3: Download complete
866ce6bd3a90: Verifying Checksum
866ce6bd3a90: Download complete
74b766ec0f1c: Verifying Checksum
74b766ec0f1c: Download complete
81b57a07ed32: Download complete
c805791f4530: Verifying Checksum
c805791f4530: Download complete
76dc2fcf7535: Verifying Checksum
76dc2fcf7535: Download complete
5d9911428aa0: Verifying Checksum
5d9911428aa0: Download complete
402ae63178d3: Download complete
e16283d2577a: Verifying Checksum
e16283d2577a: Download complete
933c181fdcab: Download complete
16a0754b53a6: Verifying Checksum
16a0754b53a6: Download complete
7291c7acb5a2: Verifying Checksum
7291c7acb5a2: Download complete
ed8c88301925: Download complete
52d33eb61e10: Download complete
d61431c5fbf0: Pull complete
ae85720c3333: Download complete
66787cd3bdcc: Verifying Checksum
66787cd3bdcc: Download complete
3b1b96512489: Verifying Checksum
3b1b96512489: Download complete
0cc6d387a11a: Verifying Checksum
0cc6d387a11a: Download complete
ae6e285872c0: Verifying Checksum
ae6e285872c0: Download complete
99438d1a6615: Download complete
2a05a8e90db1: Verifying Checksum
2a05a8e90db1: Download complete
00dce6739517: Verifying Checksum
00dce6739517: Download complete
f6c93a680dac: Download complete
2a8a540d4124: Verifying Checksum
2a8a540d4124: Download complete
8e4d94ba532b: Verifying Checksum
8e4d94ba532b: Download complete
44b6f5b8acd7: Pull complete
e7818aa204ab: Verifying Checksum
e7818aa204ab: Download complete
e8b4e57692a6: Pull complete
a844d2c6ecad: Pull complete
f5db3008682b: Pull complete
74b766ec0f1c: Pull complete
086e9fb2acae: Pull complete
83f059d2598a: Download complete
05add352f9d3: Pull complete
866ce6bd3a90: Pull complete
81b57a07ed32: Pull complete
76dc2fcf7535: Pull complete
c805791f4530: Pull complete
5d9911428aa0: Pull complete
402ae63178d3: Pull complete
933c181fdcab: Pull complete
e16283d2577a: Pull complete
ae85720c3333: Pull complete
16a0754b53a6: Pull complete
7291c7acb5a2: Pull complete
ed8c88301925: Pull complete
52d33eb61e10: Pull complete
66787cd3bdcc: Pull complete
0cc6d387a11a: Pull complete
3b1b96512489: Pull complete
ae6e285872c0: Pull complete
2a05a8e90db1: Pull complete
99438d1a6615: Pull complete
00dce6739517: Pull complete
f6c93a680dac: Pull complete
docker: write /var/lib/docker/tmp/GetImageBlob2839872426: no space left on device.
See 'docker run --help'.
