Unable to find image 'n132/arvo:52917-vul' locally
52917-vul: Pulling from n132/arvo
eaead16dc43b: Already exists
680d31a755ab: Pulling fs layer
e541a692c3ba: Pulling fs layer
9d9d6b124b70: Pulling fs layer
3c6609f547ce: Pulling fs layer
1618b8654456: Pulling fs layer
3fbe173dfe68: Pulling fs layer
7290dc054ac3: Pulling fs layer
e9c3bc9cbe61: Pulling fs layer
e853953cbc8e: Pulling fs layer
ae54a6a44fbe: Pulling fs layer
418382b692a4: Pulling fs layer
472741067438: Pulling fs layer
3c6609f547ce: Waiting
e9c3bc9cbe61: Waiting
7e9d4f40f0b6: Pulling fs layer
1618b8654456: Waiting
f58b6a4f855c: Pulling fs layer
3fbe173dfe68: Waiting
ae54a6a44fbe: Waiting
d57601dc210e: Pulling fs layer
7290dc054ac3: Waiting
e853953cbc8e: Waiting
e25c073d4a9e: Pulling fs layer
680d31a755ab: Waiting
18ec7241c4aa: Pulling fs layer
418382b692a4: Waiting
0a2787f3df14: Pulling fs layer
7e9d4f40f0b6: Waiting
e541a692c3ba: Waiting
926405182f76: Pulling fs layer
472741067438: Waiting
9d9d6b124b70: Waiting
f58b6a4f855c: Waiting
d57601dc210e: Waiting
9edbc65c3f31: Pulling fs layer
18ec7241c4aa: Waiting
0a2787f3df14: Waiting
e25c073d4a9e: Waiting
4fdd36c0cd0d: Pulling fs layer
926405182f76: Waiting
9edbc65c3f31: Waiting
01be56a9d179: Pulling fs layer
e326af811ea5: Pulling fs layer
4fdd36c0cd0d: Waiting
7af32ba5f70c: Pulling fs layer
01be56a9d179: Waiting
92125f6a88d6: Pulling fs layer
e326af811ea5: Waiting
7af32ba5f70c: Waiting
144950706728: Pulling fs layer
49cf6fd0d3b0: Pulling fs layer
92125f6a88d6: Waiting
e79da5e68191: Pulling fs layer
144950706728: Waiting
baf10c2b11a9: Pulling fs layer
49cf6fd0d3b0: Waiting
54d6cc42e973: Pulling fs layer
e79da5e68191: Waiting
baf10c2b11a9: Waiting
aeb2e9c08803: Pulling fs layer
07a0a64102fe: Pulling fs layer
54d6cc42e973: Waiting
c8128f6db04e: Pulling fs layer
aeb2e9c08803: Waiting
204c484e6582: Pulling fs layer
ce6bc9f6ca8f: Pulling fs layer
07a0a64102fe: Waiting
9d8f26095789: Pulling fs layer
19f2e034ca79: Pulling fs layer
204c484e6582: Waiting
7fba080d966b: Pulling fs layer
481785fbc6d2: Pulling fs layer
48ff46771329: Pulling fs layer
5cee6165f2ad: Pulling fs layer
c8128f6db04e: Waiting
19f2e034ca79: Waiting
481785fbc6d2: Waiting
48ff46771329: Waiting
942e97ecf871: Pulling fs layer
7fba080d966b: Waiting
ce6bc9f6ca8f: Waiting
5cee6165f2ad: Waiting
7f614353c3de: Pulling fs layer
9d8f26095789: Waiting
1d9aaeb73ac2: Pulling fs layer
0cf88814cedb: Pulling fs layer
599dc5940391: Pulling fs layer
7f614353c3de: Waiting
fec99adda802: Pulling fs layer
942e97ecf871: Waiting
6da5ea9606cb: Pulling fs layer
0cf88814cedb: Waiting
1d9aaeb73ac2: Waiting
00b06a9dc671: Pulling fs layer
599dc5940391: Waiting
fec99adda802: Waiting
6da5ea9606cb: Waiting
c46e60cd7f1c: Pulling fs layer
00b06a9dc671: Waiting
c733d8a45aaa: Pulling fs layer
c46e60cd7f1c: Waiting
4e73a49e5b28: Pulling fs layer
11cea3cc9dee: Pulling fs layer
cbf16d113a32: Pulling fs layer
c733d8a45aaa: Waiting
4e73a49e5b28: Waiting
e2f50b41a903: Pulling fs layer
3258f1457e5a: Pulling f680d31a755ab: Verifying Checksum
680d31a755ab: Download complete
e541a692c3ba: Download complete
680d31a755ab: Pull complete
e541a692c3ba: Pull complete
9d9d6b124b70: Download complete
3c6609f547ce: Verifying Checksum
3c6609f547ce: Download complete
9d9d6b124b70: Pull complete
1618b8654456: Verifying Checksum
1618b8654456: Download complete
3c6609f547ce: Pull complete
1618b8654456: Pull complete
3fbe173dfe68: Verifying Checksum
3fbe173dfe68: Download complete
7290dc054ac3: Verifying Checksum
7290dc054ac3: Download complete
e9c3bc9cbe61: Download complete
e853953cbc8e: Verifying Checksum
e853953cbc8e: Download complete
ae54a6a44fbe: Verifying Checksum
ae54a6a44fbe: Download complete
418382b692a4: Download complete
3fbe173dfe68: Pull complete
7290dc054ac3: Pull complete
e9c3bc9cbe61: Pull complete
472741067438: Verifying Checksum
472741067438: Download complete
7e9d4f40f0b6: Verifying Checksum
7e9d4f40f0b6: Download complete
f58b6a4f855c: Verifying Checksum
f58b6a4f855c: Download complete
d57601dc210e: Verifying Checksum
d57601dc210e: Download complete
e25c073d4a9e: Download complete
e853953cbc8e: Pull complete
18ec7241c4aa: Verifying Checksum
18ec7241c4aa: Download complete
0a2787f3df14: Verifying Checksum
0a2787f3df14: Download complete
ae54a6a44fbe: Pull complete
418382b692a4: Pull complete
472741067438: Pull complete
926405182f76: Download complete
7e9d4f40f0b6: Pull complete
f58b6a4f855c: Pull complete
d57601dc210e: Pull complete
e25c073d4a9e: Pull complete
18ec7241c4aa: Pull complete
0a2787f3df14: Pull complete
926405182f76: Pull complete
9edbc65c3f31: Download complete
9edbc65c3f31: Pull complete
01be56a9d179: Verifying Checksum
01be56a9d179: Download complete
4fdd36c0cd0d: Verifying Checksum
4fdd36c0cd0d: Download complete
4fdd36c0cd0d: Pull complete
01be56a9d179: Pull complete
e326af811ea5: Verifying Checksum
e326af811ea5: Download complete
e326af811ea5: Pull complete
7af32ba5f70c: Verifying Checksum
7af32ba5f70c: Pull complete
92125f6a88d6: Download complete
92125f6a88d6: Pull complete
49cf6fd0d3b0: Verifying Checksum
49cf6fd0d3b0: Download complete
e79da5e68191: Verifying Checksum
e79da5e68191: Download complete
54d6cc42e973: Download complete
aeb2e9c08803: Verifying Checksum
aeb2e9c08803: Download complete
07a0a64102fe: Download complete
144950706728: Verifying Checksum
144950706728: Download complete
c8128f6db04e: Verifying Checksum
c8128f6db04e: Download complete
204c484e6582: Verifying Checksum
204c484e6582: Download complete
baf10c2b11a9: Download complete
ce6bc9f6ca8f: Verifying Checksum
ce6bc9f6ca8f: Download complete
9d8f26095789: Download complete
19f2e034ca79: Verifying Checksum
19f2e034ca79: Download complete
7fba080d966b: Download complete
48ff46771329: Verifying Checksum
48ff46771329: Download complete
5cee6165f2ad: Verifying Checksum
5cee6165f2ad: Download complete
481785fbc6d2: Verifying Checksum
481785fbc6d2: Download complete
942e97ecf871: Verifying Checksum
942e97ecf871: Download complete
1d9aaeb73ac2: Verifying Checksum
1d9aaeb73ac2: Download complete
599dc5940391: Verifying Checksum
599dc5940391: Download complete
0cf88814cedb: Verifying Checksum
0cf88814cedb: Download complete
c733d8a45aaa: Waiting
4f4fb700ef54: Waiting
fec99adda802: Waiting
docker: write /var/lib/docker/tmp/GetImageBlob3810200998: no space left on device.
See 'docker run --help'.
te
0cf88814cedb: Verifying Checksum
0cf88814cedb: Download complete
docker: write /var/lib/docker/tmp/GetImageBlob3810200998: no space left on device.
See 'docker run --help'.
