Unable to find image 'n132/arvo:54810-vul' locally
54810-vul: Pulling from n132/arvo
846c0b181fff: Pulling fs layer
16cc997c339e: Pulling fs layer
846c0b181fff: Waiting
6e8b7e1b8b34: Pulling fs layer
7c5677a4e1fb: Pulling fs layer
de7ea5afbf74: Pulling fs layer
16cc997c339e: Waiting
1b88b6ae61e8: Pulling fs layer
7c5677a4e1fb: Waiting
7701642b5fd3: Pulling fs layer
6e8b7e1b8b34: Waiting
6769fa03a7a8: Pulling fs layer
de7ea5afbf74: Waiting
1b88b6ae61e8: Waiting
7701642b5fd3: Waiting
6769fa03a7a8: Waiting
9d3a73feddc8: Pulling fs layer
9d3a73feddc8: Waiting
d37a1c03377e: Pulling fs layer
70ab34ec0b51: Pulling fs layer
ebe9075b9198: Pulling fs layer
d4e14f0c90e8: Pulling fs layer
d37a1c03377e: Waiting
70ab34ec0b51: Waiting
ebe9075b9198: Waiting
67f1f819c147: Pulling fs layer
d4e14f0c90e8: Waiting
d914ab1bf64c: Pulling fs layer
8d2b8970d7db: Pulling fs layer
8e2f4f7b2851: Pulling fs layer
01a59e352029: Pulling fs layer
8e2f4f7b2851: Waiting
8d2b8970d7db: Waiting
d914ab1bf64c: Waiting
67f1f819c147: Waiting
01a59e352029: Waiting
5d5c29f803d6: Pulling fs layer
d30ed5488097: Pulling fs layer
5d5c29f803d6: Waiting
2259ba4db311: Pulling fs layer
d30ed5488097: Waiting
822547fc7e98: Pulling fs layer
2259ba4db311: Waiting
08bb6618ae19: Pulling fs layer
822547fc7e98: Waiting
ef067e0e6d35: Pulling fs layer
0d067af1091d: Pulling fs layer
ef067e0e6d35: Waiting
08bb6618ae19: Waiting
934ac5227640: Pulling fs layer
55d03d7852ea: Pulling fs layer
5565912469ed: Pulling fs layer
934ac5227640: Waiting
0d067af1091d: Waiting
55d03d7852ea: Waiting
5565912469ed: Waiting
d97c0944db40: Pulling fs layer
ff18d57565a0: Pulling fs layer
2474e4f18c93: Pulling fs layer
ff18d57565a0: Waiting
d97c0944db40: Waiting
2474e4f18c93: Waiting
e55fb2b992b4: Pulling fs layer
517937100aa3: Pulling fs layer
62b9724fcfeb: Pulling fs layer
517937100aa3: Waiting
e55fb2b992b4: Waiting
fe44365200ce: Pulling fs layer
62b9724fcfeb: Waiting
7d47b14673ea: Pulling fs layer
d4f5cd577d0f: Pulling fs layer
02d5a3c3db81: Pulling fs layer
3107c50ddd37: Pulling fs layer
c32ccb3401e6: Pulling fs layer
6f1b42652ea9: Pulling fs layer
582cf474d0b4: Pulling fs layer
d4f5cd577d0f: Waiting
4005d48147a7: Pulling fs layer
8567a8d32991: Pulling fs layer
c32ccb3401e6: Waiting
47aa0b091c4c: Pulling fs layer
02d5a3c3db81: Waiting
91dfdb97f41b: Pulling fs layer
3107c50ddd37: Waiting
fe44365200ce: Waiting
7b9ba4fabc1e: Pulling fs layer
7d47b14673ea: Waiting
8567a8d32991: Waiting
def2594cdff0: Pulling fs layer
91dfdb97f41b: Waiting
47aa0b091c4c: Waiting
6f1b42652ea9: Waiting
582cf474d0b4: Waiting
4005d48147a7: Waiting
eb94d38e28d5: Pulling fs layer
def2594cdff0: Waiting
7b9ba4fabc1e: Waiting
eb94d38e28d5: Waiting
f0f0498e1c14: Pulling fs layer
2dd305de2605: Pulling fs layer
f0f0498e1c14: Waiting
e590b9cc161d: Pulling fs layer
08c887e2c0e2: Pulling fs layer
2e08531043df: Pulling fs layer
0aa2b22b8bb2: Pulling fs layer
e590b9cc161d: Waiting
2dd305de2605: Waiting
08c887e2c0e2: Waiting
8b3fea5aec5c: Pulling fs layer
2e08531043df: Waiting
0aa2b22b8bb2: Waiting
ba37e4c209a2: Pulling fs layer
8b3fea5aec5c: 846c0b181fff: Verifying Checksum
846c0b181fff: Download complete
6e8b7e1b8b34: Verifying Checksum
6e8b7e1b8b34: Download complete
de7ea5afbf74: Verifying Checksum
de7ea5afbf74: Download complete
16cc997c339e: Verifying Checksum
16cc997c339e: Download complete
7c5677a4e1fb: Verifying Checksum
7c5677a4e1fb: Download complete
6769fa03a7a8: Verifying Checksum
6769fa03a7a8: Download complete
1b88b6ae61e8: Download complete
9d3a73feddc8: Download complete
70ab34ec0b51: Verifying Checksum
70ab34ec0b51: Download complete
7701642b5fd3: Verifying Checksum
7701642b5fd3: Download complete
ebe9075b9198: Verifying Checksum
ebe9075b9198: Download complete
d4e14f0c90e8: Verifying Checksum
d4e14f0c90e8: Download complete
67f1f819c147: Download complete
d37a1c03377e: Verifying Checksum
d37a1c03377e: Download complete
8d2b8970d7db: Verifying Checksum
8d2b8970d7db: Download complete
8e2f4f7b2851: Verifying Checksum
8e2f4f7b2851: Download complete
01a59e352029: Verifying Checksum
01a59e352029: Download complete
5d5c29f803d6: Download complete
d30ed5488097: Download complete
d914ab1bf64c: Verifying Checksum
d914ab1bf64c: Download complete
2259ba4db311: Verifying Checksum
2259ba4db311: Download complete
08bb6618ae19: Verifying Checksum
08bb6618ae19: Download complete
822547fc7e98: Download complete
0d067af1091d: Download complete
ef067e0e6d35: Verifying Checksum
ef067e0e6d35: Download complete
934ac5227640: Download complete
5565912469ed: Verifying Checksum
5565912469ed: Download complete
d97c0944db40: Verifying Checksum
d97c0944db40: Download complete
2474e4f18c93: Verifying Checksum
2474e4f18c93: Download complete
e55fb2b992b4: Verifying Checksum
e55fb2b992b4: Download complete
55d03d7852ea: Download complete
517937100aa3: Verifying Checksum
517937100aa3: Download complete
fe44365200ce: Download complete
62b9724fcfeb: Verifying Checksum
62b9724fcfeb: Download complete
7d47b14673ea: Verifying Checksum
7d47b14673ea: Download complete
d4f5cd577d0f: Download complete
3107c50ddd37: Verifying Checksum
3107c50ddd37: Download complete
02d5a3c3db81: Verifying Checksum
02d5a3c3db81: Download complete
6f1b42652ea9: Verifying Checksum
6f1b42652ea9: Download complete
c32ccb3401e6: Verifying Checksum
c32ccb3401e6: Download complete
4005d48147a7: Download complete
582cf474d0b4: Verifying Checksum
582cf474d0b4: Download complete
8567a8d32991: Verifying Checksum
8567a8d32991: Download complete
47aa0b091c4c: Verifying Checksum
47aa0b091c4c: Download complete
7b9ba4fabc1e: Verifying Checksum
7b9ba4fabc1e: Download complete
91dfdb97f41b: Verifying Checksum
91dfdb97f41b: Download complete
ff18d57565a0: Download complete
eb94d38e28d5: Verifying Checksum
eb94d38e28d5: Download complete
def2594cdff0: Verifying Checksum
def2594cdff0: Download complete
2dd305de2605: Verifying Checksum
2dd305de2605: Download complete
e590b9cc161d: Download complete
08c887e2c0e2: Download complete
0aa2b22b8bb2: Download complete
2e08531043df: Verifying Checksum
2e08531043df: Download complete
ba37e4c209a2: Verifying Checksum
ba37e4c209a2: Download complete
4f4fb700ef54: Download complete
8b3fea5aec5c: Verifying Checksum
8b3fea5aec5c: Download complete
f10965690474: Verifying Checksum
f10965690474: Download complete
69b6713e0928: Verifying Checksum
69b6713e0928: Download complete
f0f0498e1c14: Verifying Checksum
f0f0498e1c14: Download complete
docker: write /var/lib/docker/tmp/GetImageBlob1187426785: no space left on device.
See 'docker run --help'.
sum
69b6713e0928: Download complete
f0f0498e1c14: Verifying Checksum
f0f0498e1c14: Download complete
docker: write /var/lib/docker/tmp/GetImageBlob1187426785: no space left on device.
See 'docker run --help'.
