Unable to find image 'n132/arvo:1354-vul' locally
1354-vul: Pulling from n132/arvo
d16fc20e681d: Already exists
63f1c4e4b781: Already exists
fb4d3bb1280c: Already exists
8038895a6c2e: Already exists
43fa392d948c: Already exists
269c60a1465b: Already exists
962cf29a2bb7: Already exists
48dcb286890a: Already exists
0cede67fb003: Already exists
3c826b7674fb: Already exists
8387efc1ffde: Already exists
911ca8932ada: Already exists
8e7f672d6b82: Already exists
9d1a80471d30: Already exists
331bc47ffa98: Already exists
e6e93fcba7c8: Pulling fs layer
ffe105f6edb5: Pulling fs layer
c6afe3e7c24e: Pulling fs layer
283a1ab1265f: Pulling fs layer
e6e93fcba7c8: Waiting
e7dfee90aaba: Pulling fs layer
f1ccb15db005: Pulling fs layer
ffe105f6edb5: Waiting
297c90cc64fb: Pulling fs layer
581a9c599204: Pulling fs layer
169d4bed5006: Pulling fs layer
011d1044a0d1: Pulling fs layer
51de08bcfb2f: Pulling fs layer
c6afe3e7c24e: Waiting
aa14d7f2fe80: Pulling fs layer
e7dfee90aaba: Waiting
011d1044a0d1: Waiting
f6d249d65c62: Pulling fs layer
283a1ab1265f: Waiting
297c90cc64fb: Waiting
53299151bdd6: Pulling fs layer
c600d52c1a2c: Pulling fs layer
169d4bed5006: Waiting
5786f1a4575c: Pulling fs layer
f1ccb15db005: Waiting
c54404ba8825: Pulling fs layer
eb2703247528: Pulling fs layer
581a9c599204: Waiting
c600d52c1a2c: Waiting
53299151bdd6: Waiting
a73998803221: Pulling fs layer
5d5a0204569e: Pulling fs layer
a6ff8ec006c7: Pulling fs layer
51de08bcfb2f: Waiting
cc3ca81885f7: Pulling fs layer
aa14d7f2fe80: Waiting
917a69ebf367: Pulling fs layer
5d5a0204569e: Waiting
5786f1a4575c: Waiting
cd122e528f84: Pulling fs layer
d4fcf0d6ad47: Pulling fs layer
c54404ba8825: Waiting
a6ff8ec006c7: Waiting
e44de9dacfcd: Pulling fs layer
cc3ca81885f7: Waiting
f2800250417a: Pulling fs layer
0b5250f6bca7: Pulling fs layer
dffaf83b9e59: Pulling fs layer
8d7dcb76a085: Pulling fs layer
d4fcf0d6ad47: Waiting
d59dc6aa8cfb: Pulling fs layer
0547ad13d318: Pulling fs layer
27738f44bb36: Pulling fs layer
91c97258c7a4: Pulling fs layer
81d34ad9b756: Pulling fs layer
2aaed51405e8: Pulling fs layer
81d34ad9b756: Waiting
0547ad13d318: Waiting
8d7dcb76a085: Waiting
d59dc6aa8cfb: Waiting
27738f44bb36: Waiting
dffaf83b9e59: Waiting
ffe105f6edb5: Download complete
e6e93fcba7c8: Verifying Checksum
e6e93fcba7c8: Download complete
c6afe3e7c24e: Verifying Checksum
c6afe3e7c24e: Download complete
e7dfee90aaba: Verifying Checksum
e7dfee90aaba: Download complete
f1ccb15db005: Download complete
297c90cc64fb: Verifying Checksum
297c90cc64fb: Download complete
581a9c599204: Verifying Checksum
581a9c599204: Download complete
169d4bed5006: Verifying Checksum
169d4bed5006: Download complete
51de08bcfb2f: Verifying Checksum
51de08bcfb2f: Download complete
283a1ab1265f: Verifying Checksum
283a1ab1265f: Download complete
aa14d7f2fe80: Download complete
f6d249d65c62: Verifying Checksum
f6d249d65c62: Download complete
53299151bdd6: Verifying Checksum
53299151bdd6: Download complete
c600d52c1a2c: Verifying Checksum
c600d52c1a2c: Download complete
5786f1a4575c: Download complete
c54404ba8825: Verifying Checksum
c54404ba8825: Download complete
eb2703247528: Download complete
a73998803221: Download complete
011d1044a0d1: Download complete
a6ff8ec006c7: Download complete
e6e93fcba7c8: Pull complete
ffe105f6edb5: Pull complete
5d5a0204569e: Verifying Checksum
5d5a0204569e: Download complete
917a69ebf367: Download complete
cc3ca81885f7: Verifying Checksum
cc3ca81885f7: Download complete
cd122e528f84: Verifying Checksum
cd122e528f84: Download complete
d4fcf0d6ad47: Verifying Checksum
d4fcf0d6ad47: Download complete
f2800250417a: Download complete
e44de9dacfcd: Verifying Checksum
e44de9dacfcd: Download complete
0b5250f6bca7: Verifying Checksum
0b5250f6bca7: Download complete
8d7dcb76a085: Verifying Checksum
8d7dcb76a085: Download complete
d59dc6aa8cfb: Verifying Checksum
d59dc6aa8cfb: Download complete
c6afe3e7c24e: Pull complete
27738f44bb36: Verifying Checksum
27738f44bb36: Download complete
91c97258c7a4: Verifying Checksum
91c97258c7a4: Download complete
dffaf83b9e59: Download complete
2aaed51405e8: Verifying Checksum
2aaed51405e8: Download complete
0547ad13d318: Verifying Checksum
0547ad13d318: Download complete
283a1ab1265f: Pull complete
e7dfee90aaba: Pull complete
f1ccb15db005: Pull complete
297c90cc64fb: Pull complete
581a9c599204: Pull complete
169d4bed5006: Pull complete
011d1044a0d1: Pull complete
51de08bcfb2f: Pull complete
aa14d7f2fe80: Pull complete
f6d249d65c62: Pull complete
53299151bdd6: Pull complete
c600d52c1a2c: Pull complete
5786f1a4575c: Pull complete
c54404ba8825: Pull complete
eb2703247528: Pull complete
a73998803221: Pull complete
5d5a0204569e: Pull complete
a6ff8ec006c7: Pull complete
cc3ca81885f7: Pull complete
917a69ebf367: Pull complete
cd122e528f84: Pull complete
d4fcf0d6ad47: Pull complete
e44de9dacfcd: Pull complete
f2800250417a: Pull complete
0b5250f6bca7: Pull complete
dffaf83b9e59: Pull complete
8d7dcb76a085: Pull complete
d59dc6aa8cfb: Pull complete
0547ad13d318: Pull complete
27738f44bb36: Pull complete
91c97258c7a4: Pull complete
docker: write /var/lib/docker/tmp/GetImageBlob4076763453: no space left on device.
See 'docker run --help'.
