Unable to find image 'n132/arvo:50970-vul' locally
50970-vul: Pulling from n132/arvo
d7bfe07ed847: Pulling fs layer
d7bfe07ed847: Waiting
3dd93ef8ffd9: Pulling fs layer
790f9d0a0dce: Pulling fs layer
3dd93ef8ffd9: Waiting
11cd3f144815: Pulling fs layer
aca768540b99: Pulling fs layer
35b1312e159e: Pulling fs layer
4d0ca8b7e228: Pulling fs layer
11cd3f144815: Waiting
35b1312e159e: Waiting
aca768540b99: Waiting
790f9d0a0dce: Waiting
4d0ca8b7e228: Waiting
414fd4239a5b: Pulling fs layer
134292459dc2: Pulling fs layer
414fd4239a5b: Waiting
134292459dc2: Waiting
3e879b680f74: Pulling fs layer
4e3ee7259875: Pulling fs layer
179bd47227be: Pulling fs layer
662cb2cd82c8: Pulling fs layer
179bd47227be: Waiting
3e879b680f74: Waiting
4e3ee7259875: Waiting
662cb2cd82c8: Waiting
2b2061b7cfc8: Pulling fs layer
09a8db6460fc: Pulling fs layer
35013daf344c: Pulling fs layer
2b2061b7cfc8: Waiting
09a8db6460fc: Waiting
e30bb79aa736: Pulling fs layer
35013daf344c: Waiting
a40f0e6334a1: Pulling fs layer
2040f9a72d25: Pulling fs layer
a40f0e6334a1: Waiting
e30bb79aa736: Waiting
2040f9a72d25: Waiting
5b9b7d46044b: Pulling fs layer
5b9b7d46044b: Waiting
281dec0535bb: Pulling fs layer
5da4306d17df: Pulling fs layer
281dec0535bb: Waiting
183a08a0cc9c: Pulling fs layer
5da4306d17df: Waiting
811793f173e5: Pulling fs layer
a3cd03a92d12: Pulling fs layer
08f9e277ef08: Pulling fs layer
a3cd03a92d12: Waiting
811793f173e5: Waiting
7eb75f97d62a: Pulling fs layer
74cd27e9a2a8: Pulling fs layer
7eb75f97d62a: Waiting
08f9e277ef08: Waiting
a1cc654f2174: Pulling fs layer
e336b0cd884e: Pulling fs layer
74cd27e9a2a8: Waiting
a1cc654f2174: Waiting
d4d52ef9d156: Pulling fs layer
e336b0cd884e: Waiting
9d080608c091: Pulling fs layer
29ce3234651a: Pulling fs layer
d4d52ef9d156: Waiting
412e602a1736: Pulling fs layer
29ce3234651a: Waiting
d542a35289c8: Pulling fs layer
412e602a1736: Waiting
c2ad9187715c: Pulling fs layer
f1ab653f7416: Pulling fs layer
c2ad9187715c: Waiting
200f8168bef2: Pulling fs layer
f1ab653f7416: Waiting
c4989254e3f2: Pulling fs layer
fae04c0c16ae: Pulling fs layer
968119d04665: Pulling fs layer
c4989254e3f2: Waiting
fae04c0c16ae: Waiting
ef28712f02d4: Pulling fs layer
f78fab4d1f1f: Pulling fs layer
ef28712f02d4: Waiting
f78fab4d1f1f: Waiting
d8ff283e3056: Pulling fs layer
22e05a6f35e9: Pulling fs layer
bb3fd9030f42: Pulling fs layer
22e05a6f35e9: Waiting
bb3fd9030f42: Waiting
d8ff283e3056: Waiting
d7bfe07ed847: Download complete
790f9d0a0dce: Download complete
3dd93ef8ffd9: Verifying Checksum
3dd93ef8ffd9: Download complete
d7bfe07ed847: Pull complete
11cd3f144815: Download complete
35b1312e159e: Download complete
aca768540b99: Verifying Checksum
aca768540b99: Download complete
3dd93ef8ffd9: Pull complete
790f9d0a0dce: Pull complete
414fd4239a5b: Download complete
11cd3f144815: Pull complete
aca768540b99: Pull complete
35b1312e159e: Pull complete
134292459dc2: Download complete
4d0ca8b7e228: Verifying Checksum
4d0ca8b7e228: Download complete
4e3ee7259875: Verifying Checksum
4e3ee7259875: Download complete
3e879b680f74: Verifying Checksum
3e879b680f74: Download complete
179bd47227be: Verifying Checksum
179bd47227be: Download complete
2b2061b7cfc8: Verifying Checksum
2b2061b7cfc8: Download complete
662cb2cd82c8: Verifying Checksum
662cb2cd82c8: Download complete
09a8db6460fc: Verifying Checksum
09a8db6460fc: Download complete
35013daf344c: Verifying Checksum
35013daf344c: Download complete
a40f0e6334a1: Verifying Checksum
a40f0e6334a1: Download complete
e30bb79aa736: Download complete
2040f9a72d25: Download complete
281dec0535bb: Download complete
5da4306d17df: Download complete
5b9b7d46044b: Verifying Checksum
5b9b7d46044b: Download complete
4d0ca8b7e228: Pull complete
414fd4239a5b: Pull complete
134292459dc2: Pull complete
3e879b680f74: Pull complete
4e3ee7259875: Pull complete
179bd47227be: Pull complete
662cb2cd82c8: Pull complete
2b2061b7cfc8: Pull complete
09a8db6460fc: Pull complete
35013daf344c: Pull complete
e30bb79aa736: Pull complete
a40f0e6334a1: Pull complete
2040f9a72d25: Pull complete
5b9b7d46044b: Pull complete
281dec0535bb: Pull complete
5da4306d17df: Pull complete
811793f173e5: Verifying Checksum
811793f173e5: Download complete
9d080608c091: Waiting
d542a35289c8: Waiting
200f8168bef2: Waiting
968119d04665: Waiting
docker: write /var/lib/docker/tmp/GetImageBlob126526684: no space left on device.
See 'docker run --help'.
