Unable to find image 'n132/arvo:9357-vul' locally
9357-vul: Pulling from n132/arvo
b234f539f7a1: Pulling fs layer
55172d420b43: Pulling fs layer
5ba5bbeb6b91: Pulling fs layer
43ae2841ad7a: Pulling fs layer
b234f539f7a1: Waiting
55172d420b43: Waiting
f6c9c6de4190: Pulling fs layer
97a265b0396c: Pulling fs layer
43ae2841ad7a: Waiting
f6c9c6de4190: Waiting
5ba5bbeb6b91: Waiting
d8c6466b446a: Pulling fs layer
97a265b0396c: Waiting
e91eb3927461: Pulling fs layer
d8c6466b446a: Waiting
c4a238612112: Pulling fs layer
e91eb3927461: Waiting
42dd599703ca: Pulling fs layer
c4a238612112: Waiting
41ffcf89428c: Pulling fs layer
3a79ef18785f: Pulling fs layer
e0eebfcf3043: Pulling fs layer
23e11f5c83b7: Pulling fs layer
116eb7b111f1: Pulling fs layer
3cbe07fc9467: Pulling fs layer
a6ef5968443f: Pulling fs layer
9e5b484b3a04: Pulling fs layer
24ec2c13f669: Pulling fs layer
11112c9d74c7: Pulling fs layer
e0eebfcf3043: Waiting
a7a791c88eea: Pulling fs layer
11112c9d74c7: Waiting
23e11f5c83b7: Waiting
41ffcf89428c: Waiting
116eb7b111f1: Waiting
3cbe07fc9467: Waiting
a6ef5968443f: Waiting
9e5b484b3a04: Waiting
24ec2c13f669: Waiting
42dd599703ca: Waiting
3a79ef18785f: Waiting
03dcf28d298d: Pulling fs layer
a7a791c88eea: Waiting
266a3b72e452: Pulling fs layer
03dcf28d298d: Waiting
f49a8352a140: Pulling fs layer
f49a8352a140: Waiting
cef69fa8b563: Pulling fs layer
266a3b72e452: Waiting
a7432d6bd8b4: Pulling fs layer
13c55b6222c5: Pulling fs layer
faf8eda24a0f: Pulling fs layer
02155896a825: Pulling fs layer
2065792e67db: Pulling fs layer
b991b9de89e1: Pulling fs layer
f3a54207a2a4: Pulling fs layer
13c55b6222c5: Waiting
22be7a628920: Pulling fs layer
cef69fa8b563: Waiting
a7432d6bd8b4: Waiting
02155896a825: Waiting
42643f40d914: Pulling fs layer
22be7a628920: Waiting
faf8eda24a0f: Waiting
2065792e67db: Waiting
b991b9de89e1: Waiting
3a618111cf14: Pulling fs layer
f3a54207a2a4: Waiting
8e71db914aa2: Pulling fs layer
9c882a4e8424: Pulling fs layer
863751fc1afe: Pulling fs layer
9c882a4e8424: Waiting
3a618111cf14: Waiting
42643f40d914: Waiting
8e71db914aa2: Waiting
4f4fb700ef54: Pulling fs layer
410587925a51: Pulling fs layer
c6615e9a9aa6: Pull55172d420b43: Verifying Checksum
55172d420b43: Download complete
5ba5bbeb6b91: Verifying Checksum
5ba5bbeb6b91: Download complete
43ae2841ad7a: Download complete
f6c9c6de4190: Download complete
d8c6466b446a: Verifying Checksum
d8c6466b446a: Download complete
97a265b0396c: Verifying Checksum
97a265b0396c: Download complete
e91eb3927461: Verifying Checksum
e91eb3927461: Download complete
42dd599703ca: Verifying Checksum
42dd599703ca: Download complete
41ffcf89428c: Verifying Checksum
41ffcf89428c: Download complete
3a79ef18785f: Download complete
e0eebfcf3043: Download complete
c4a238612112: Verifying Checksum
c4a238612112: Download complete
23e11f5c83b7: Verifying Checksum
23e11f5c83b7: Download complete
3cbe07fc9467: Verifying Checksum
3cbe07fc9467: Download complete
116eb7b111f1: Verifying Checksum
116eb7b111f1: Download complete
a6ef5968443f: Verifying Checksum
a6ef5968443f: Download complete
9e5b484b3a04: Verifying Checksum
9e5b484b3a04: Download complete
24ec2c13f669: Verifying Checksum
24ec2c13f669: Download complete
a7a791c88eea: Verifying Checksum
a7a791c88eea: Download complete
03dcf28d298d: Verifying Checksum
03dcf28d298d: Download complete
266a3b72e452: Download complete
f49a8352a140: Verifying Checksum
f49a8352a140: Download complete
cef69fa8b563: Download complete
a7432d6bd8b4: Download complete
13c55b6222c5: Verifying Checksum
13c55b6222c5: Download complete
02155896a825: Waiting
3a618111cf14: Waiting
c6615e9a9aa6: Waiting
docker: write /var/lib/docker/tmp/GetImageBlob4020541699: no space left on device.
See 'docker run --help'.
oad complete
docker: write /var/lib/docker/tmp/GetImageBlob4020541699: no space left on device.
See 'docker run --help'.
