Unable to find image 'n132/arvo:60983-vul' locally
60983-vul: Pulling from n132/arvo
e92ed755c008: Already exists
b9fd7cb1ff8f: Already exists
ee690f2d57a1: Already exists
53e3366ec435: Already exists
63e7c0e1f466: Pulling fs layer
a2db896529a8: Pulling fs layer
1aadbf2b743b: Pulling fs layer
c47cfe87133d: Pulling fs layer
d47d661e0346: Pulling fs layer
54f456767742: Pulling fs layer
50838dae68b0: Pulling fs layer
e3dcfa897fac: Pulling fs layer
a39a6f57d314: Pulling fs layer
1aadbf2b743b: Waiting
8e5ad5f844bd: Pulling fs layer
acdc4754fb16: Pulling fs layer
63e7c0e1f466: Waiting
a2db896529a8: Waiting
561d38f2523f: Pulling fs layer
d89ccc9de79b: Pulling fs layer
50838dae68b0: Waiting
c47cfe87133d: Waiting
a39a6f57d314: Waiting
d47d661e0346: Waiting
e3dcfa897fac: Waiting
54f456767742: Waiting
acdc4754fb16: Waiting
d555683b6ceb: Pulling fs layer
561d38f2523f: Waiting
8e5ad5f844bd: Waiting
77f0c8f46b99: Pulling fs layer
d89ccc9de79b: Waiting
ff650ebce0c0: Pulling fs layer
d555683b6ceb: Waiting
82e53dcf5b25: Pulling fs layer
6cdc92e4034f: Pulling fs layer
77f0c8f46b99: Waiting
5ac0b8588de6: Pulling fs layer
ff650ebce0c0: Waiting
7ea325996a10: Pulling fs layer
82e53dcf5b25: Waiting
556f03ecb1c8: Pulling fs layer
23c604a00d35: Pulling fs layer
2e376e74b944: Pulling fs layer
9b7f4a0f20ac: Pulling fs layer
c3731316110e: Pulling fs layer
6cdc92e4034f: Waiting
5ac0b8588de6: Waiting
7ea325996a10: Waiting
4f4fb700ef54: Pulling fs layer
c1f2364b5e82: Pulling fs layer
556f03ecb1c8: Waiting
db2cdb440694: Pulling fs layer
7de0dad4fe14: Pulling fs layer
cea1dc98764d: Pulling fs layer
84a76a4aaa9a: Pulling fs layer
9b38cb4a0fcc: Pulling fs layer
23c604a00d35: Waiting
c1f2364b5e82: Waiting
7de0dad4fe14: Waiting
2e376e74b944: Waiting
db2cdb440694: Waiting
cea1dc98764d: Waiting
9b7f4a0f20ac: Waiting
c3731316110e: Waiting
9b38cb4a0fcc: Waiting
4f4fb700ef54: Waiting
63e7c0e1f466: Download complete
a2db896529a8: Download complete
1aadbf2b743b: Download complete
63e7c0e1f466: Pull complete
a2db896529a8: Pull complete
1aadbf2b743b: Pull complete
d47d661e0346: Download complete
54f456767742: Verifying Checksum
54f456767742: Download complete
c47cfe87133d: Verifying Checksum
c47cfe87133d: Download complete
50838dae68b0: Verifying Checksum
50838dae68b0: Download complete
e3dcfa897fac: Verifying Checksum
e3dcfa897fac: Download complete
a39a6f57d314: Verifying Checksum
a39a6f57d314: Download complete
acdc4754fb16: Verifying Checksum
acdc4754fb16: Download complete
d89ccc9de79b: Verifying Checksum
d89ccc9de79b: Download complete
d555683b6ceb: Verifying Checksum
d555683b6ceb: Download complete
561d38f2523f: Download complete
77f0c8f46b99: Verifying Checksum
77f0c8f46b99: Download complete
82e53dcf5b25: Download complete
6cdc92e4034f: Verifying Checksum
6cdc92e4034f: Download complete
5ac0b8588de6: Verifying Checksum
5ac0b8588de6: Download complete
ff650ebce0c0: Verifying Checksum
ff650ebce0c0: Download complete
7ea325996a10: Verifying Checksum
7ea325996a10: Download complete
84a76a4aaa9a: Waiting
docker: write /var/lib/docker/tmp/GetImageBlob1917024695: no space left on device.
See 'docker run --help'.
