Unable to find image 'n132/arvo:47877-vul' locally
47877-vul: Pulling from n132/arvo
d7bfe07ed847: Pulling fs layer
3dd93ef8ffd9: Pulling fs layer
790f9d0a0dce: Pulling fs layer
11cd3f144815: Pulling fs layer
aca768540b99: Pulling fs layer
3dd93ef8ffd9: Waiting
d7bfe07ed847: Waiting
11cd3f144815: Waiting
35b1312e159e: Pulling fs layer
aca768540b99: Waiting
790f9d0a0dce: Waiting
4d0ca8b7e228: Pulling fs layer
35b1312e159e: Waiting
414fd4239a5b: Pulling fs layer
4d0ca8b7e228: Waiting
134292459dc2: Pulling fs layer
414fd4239a5b: Waiting
134292459dc2: Waiting
3e879b680f74: Pulling fs layer
3e879b680f74: Waiting
4e3ee7259875: Pulling fs layer
179bd47227be: Pulling fs layer
4e3ee7259875: Waiting
662cb2cd82c8: Pulling fs layer
179bd47227be: Waiting
2b2061b7cfc8: Pulling fs layer
09a8db6460fc: Pulling fs layer
662cb2cd82c8: Waiting
2b2061b7cfc8: Waiting
35013daf344c: Pulling fs layer
09a8db6460fc: Waiting
e30bb79aa736: Pulling fs layer
35013daf344c: Waiting
e30bb79aa736: Waiting
a40f0e6334a1: Pulling fs layer
2040f9a72d25: Pulling fs layer
a40f0e6334a1: Waiting
2040f9a72d25: Waiting
5b9b7d46044b: Pulling fs layer
5b9b7d46044b: Waiting
281dec0535bb: Pulling fs layer
5da4306d17df: Pulling fs layer
281dec0535bb: Waiting
b031c9c976d1: Pulling fs layer
5da4306d17df: Waiting
73ea67b45e02: Pulling fs layer
73ea67b45e02: Waiting
b02463231cba: Pulling fs layer
b5364f21f3c3: Pulling fs layer
b02463231cba: Waiting
ca99cde29c4d: Pulling fs layer
b5364f21f3c3: Waiting
8cadbdd5c30d: Pulling fs layer
97cf0d31e4ff: Pulling fs layer
2e6390a2edaa: Pulling fs layer
ca99cde29c4d: Waiting
b9cbcc6cc9b0: Pulling fs layer
766c0618ec8b: Pulling fs layer
8cadbdd5c30d: Waiting
d7f1c3190cda: Pulling fs layer
97cf0d31e4ff: Waiting
b9cbcc6cc9b0: Waiting
3dd4d394f9e8: Pulling fs layer
2e6390a2edaa: Waiting
766c0618ec8b: Waiting
0eaf55ec2bfd: Pulling fs layer
d7f1c3190cda: Waiting
d690ea44a979: Pulling fs layer
3dd4d394f9e8: Waiting
0eaf55ec2bfd: Waiting
4b5bc1dd3d72: Pulling fs layer
d690ea44a979: Waiting
c6d24a4b7c99: Pulling fs layer
7723c04d9bc8: Pulling fs layer
58eeb5e47110: Pulling fs layer
38bc847a5a10: Pulling fs layer
4b5bc1dd3d72: Waiting
c6d24a4b7c99: Waiting
7723c04d9bc8: Waiting
9a1d2c44ca8c: Pulling fs layer
16eb2dcebfe4: Pulling fs layer
38bc847a5a10: Waiting
58eeb5e47110: Waiting
76500ab2f469: Pulling fs layer
9a1d2c44ca8c: Waiting
9244a98348b1: Pulling fs layer
502252aadcfb: Pulling fs layer
76500ab2f469: Waiting
502252aadcfb: Waiting
d7bfe07ed847: Verifying Checksum
d7bfe07ed847: Download complete
790f9d0a0dce: Download complete
3dd93ef8ffd9: Verifying Checksum
d7bfe07ed847: Pull complete
11cd3f144815: Download complete
35b1312e159e: Download complete
aca768540b99: Verifying Checksum
aca768540b99: Download complete
3dd93ef8ffd9: Pull complete
790f9d0a0dce: Pull complete
414fd4239a5b: Download complete
11cd3f144815: Pull complete
aca768540b99: Pull complete
35b1312e159e: Pull complete
134292459dc2: Verifying Checksum
134292459dc2: Download complete
4d0ca8b7e228: Download complete
4e3ee7259875: Verifying Checksum
4e3ee7259875: Download complete
3e879b680f74: Verifying Checksum
3e879b680f74: Download complete
179bd47227be: Verifying Checksum
179bd47227be: Download complete
2b2061b7cfc8: Download complete
662cb2cd82c8: Verifying Checksum
662cb2cd82c8: Download complete
09a8db6460fc: Verifying Checksum
09a8db6460fc: Download complete
35013daf344c: Verifying Checksum
a40f0e6334a1: Verifying Checksum
a40f0e6334a1: Download complete
e30bb79aa736: Download complete
2040f9a72d25: Download complete
281dec0535bb: Download complete
5da4306d17df: Download complete
5b9b7d46044b: Verifying Checksum
5b9b7d46044b: Download complete
4d0ca8b7e228: Pull complete
414fd4239a5b: Pull complete
134292459dc2: Pull complete
3e879b680f74: Pull complete
4e3ee7259875: Pull complete
179bd47227be: Pull complete
662cb2cd82c8: Pull complete
2b2061b7cfc8: Pull complete
09a8db6460fc: Pull complete
35013daf344c: Pull complete
e30bb79aa736: Pull complete
a40f0e6334a1: Pull complete
2040f9a72d25: Pull complete
5b9b7d46044b: Pull complete
281dec0535bb: Pull complete
5da4306d17df: Pull complete
73ea67b45e02: Verifying Checksum
73ea67b45e02: Download complete
b02463231cba: Verifying Checksum
b02463231cba: Download complete
b031c9c976d1: Verifying Checksum
b031c9c976d1: Download complete
16eb2dcebfe4: Waiting
9244a98348b1: Waiting
docker: write /var/lib/docker/tmp/GetImageBlob2964975074: no space left on device.
See 'docker run --help'.
