Unable to find image 'n132/arvo:59640-vul' locally
59640-vul: Pulling from n132/arvo
7608715873ec: Already exists
e2bcde7c9d10: Pulling fs layer
f90f7c5514c2: Pulling fs layer
c030bfa0b4be: Pulling fs layer
88f88a6d928e: Pulling fs layer
dc0578ef7395: Pulling fs layer
d5505516a2c8: Pulling fs layer
0e34efc6ee36: Pulling fs layer
7c324d10fbef: Pulling fs layer
a172e49a4bfc: Pulling fs layer
f8a4d0229f3d: Pulling fs layer
e9a488085094: Pulling fs layer
a49863a798af: Pulling fs layer
3abbc75b51dc: Pulling fs layer
b0e3611ad6ae: Pulling fs layer
86f6d81932f7: Pulling fs layer
2b7672e0185d: Pulling fs layer
47b1e404afb7: Pulling fs layer
0e34efc6ee36: Waiting
d5d231817a31: Pulling fs layer
a9bad22b92eb: Pulling fs layer
7f0c9076deb0: Pulling fs layer
9cdbb5120618: Pulling fs layer
1f8a633ad4a3: Pulling fs layer
6ff1c9aeb37b: Pulling fs layer
d36d82ef34f6: Pulling fs layer
1971e12960e2: Pulling fs layer
940879a7e014: Pulling fs layer
2e37c60d4a01: Pulling fs layer
b76e96aff730: Pulling fs layer
4e85f90bad09: Pulling fs layer
37615e95ef45: Pulling fs layer
dec3822c217c: Pulling fs layer
ed97a02589d7: Pulling fs layer
7007febf2044: Pulling fs layer
e2bcde7c9d10: Waiting
f90f7c5514c2: Waiting
c030bfa0b4be: Waiting
8ed063821c62: Pulling fs layer
80768cf62285: Pulling fs layer
dc0578ef7395: Waiting
f31408b6c362: Pulling fs layer
88f88a6d928e: Waiting
d5505516a2c8: Waiting
9cdbb5120618: Waiting
1f8a633ad4a3: Waiting
8864469e512b: Pulling fs layer
7c324d10fbef: Waiting
79164fa449e0: Pulling fs layer
a172e49a4bfc: Waiting
f8a4d0229f3d: Waiting
6ff1c9aeb37b: Waiting
e9a488085094: Waiting
06bc31e2f0e7: Pulling fs layer
d36d82ef34f6: Waiting
a49863a798af: Waiting
1971e12960e2: Waiting
940879a7e014: Waiting
21f4fad5d97a: Pulling fs layer
3abbc75b51dc: Waiting
6bd65f2196ce: Pulling fs layer
b0e3611ad6ae: Waiting
86f6d81932f7: Waiting
2b7672e0185d: Waiting
47b1e404afb7: Waiting
2e37c60d4a01: Waiting
b76e96aff730: Waiting
4e85f90bad09: Waiting
d5d231817a31: Waiting
5a4e35fac771: Pulling fs layer
a9bad22b92eb: Waiting
9255fd6b9c6a: Pulling fs layer
097b8faab8ac: Pulling fs layer
7f0c9076deb0: Waiting
37615e95ef45: Waiting
af3e47f638b7: Pulling fs layer
80768cf62285: Waiting
8085f245e217: Pulling fs layer
f1d483149440: Pulling fs layer
dec3822c217c: Waiting
ecb97832ab85: Pulling fs layer
f31408b6c362: Waiting
8ed063821c62: Waiting
1355b73389cd: Pulling fs layer
8864469e512b: Waiting
ed97a02589d7: Waiting
7007febf2044: Waiting
06bc31e2f0e7: Waiting
21f4fad5d97a: Waiting
79164fa449e0: Waiting
af3e47f638b7: Waiting
9255fd6b9c6a: Waiting
5a4e35fac771: Waiting
6bd65f2196ce: Waiting
8085f245e217: Waiting
1355b73389cd: Waiting
097b8faab8ac: Waiting
ecb97832ab85: Waiting
f90f7c5514c2: Verifying Checksum
f90f7c5514c2: Download complete
e2bcde7c9d10: Verifying Checksum
e2bcde7c9d10: Download complete
c030bfa0b4be: Verifying Checksum
c030bfa0b4be: Download complete
dc0578ef7395: Verifying Checksum
dc0578ef7395: Download complete
88f88a6d928e: Verifying Checksum
88f88a6d928e: Download complete
0e34efc6ee36: Download complete
7c324d10fbef: Download complete
e2bcde7c9d10: Pull complete
f90f7c5514c2: Pull complete
c030bfa0b4be: Pull complete
88f88a6d928e: Pull complete
dc0578ef7395: Pull complete
a172e49a4bfc: Verifying Checksum
d5505516a2c8: Verifying Checksum
d5505516a2c8: Download complete
e9a488085094: Verifying Checksum
e9a488085094: Download complete
f8a4d0229f3d: Verifying Checksum
f8a4d0229f3d: Download complete
a49863a798af: Verifying Checksum
a49863a798af: Download complete
3abbc75b51dc: Download complete
86f6d81932f7: Verifying Checksum
86f6d81932f7: Download complete
b0e3611ad6ae: Verifying Checksum
b0e3611ad6ae: Download complete
2b7672e0185d: Verifying Checksum
2b7672e0185d: Download complete
47b1e404afb7: Download complete
a9bad22b92eb: Verifying Checksum
a9bad22b92eb: Download complete
7f0c9076deb0: Verifying Checksum
7f0c9076deb0: Download complete
d5d231817a31: Verifying Checksum
d5d231817a31: Download complete
9cdbb5120618: Verifying Checksum
9cdbb5120618: Download complete
1f8a633ad4a3: Verifying Checksum
1f8a633ad4a3: Download complete
6ff1c9aeb37b: Verifying Checksum
6ff1c9aeb37b: Download complete
d36d82ef34f6: Download complete
1971e12960e2: Verifying Checksum
1971e12960e2: Download complete
940879a7e014: Verifying Checksum
940879a7e014: Download complete
d5505516a2c8: Pull complete
0e34efc6ee36: Pull complete
7c324d10fbef: Pull complete
b76e96aff730: Verifying Checksum
b76e96aff730: Download complete
2e37c60d4a01: Verifying Checksum
2e37c60d4a01: Download complete
37615e95ef45: Verifying Checksum
37615e95ef45: Download complete
4e85f90bad09: Verifying Checksum
4e85f90bad09: Download complete
ed97a02589d7: Verifying Checksum
ed97a02589d7: Download complete
7007febf2044: Download complete
8ed063821c62: Download complete
80768cf62285: Verifying Checksum
80768cf62285: Download complete
dec3822c217c: Verifying Checksum
dec3822c217c: Download complete
f31408b6c362: Verifying Checksum
f31408b6c362: Download complete
8864469e512b: Download complete
79164fa449e0: Verifying Checksum
79164fa449e0: Download complete
21f4fad5d97a: Verifying Checksum
21f4fad5d97a: Download complete
6bd65f2196ce: Verifying Checksum
6bd65f2196ce: Download complete
5a4e35fac771: Verifying Checksum
5a4e35fac771: Download complete
9255fd6b9c6a: Verifying Checksum
9255fd6b9c6a: Download complete
af3e47f638b7: Verifying Checksum
af3e47f638b7: Download complete
8085f245e217: Verifying Checksum
8085f245e217: Download complete
097b8faab8ac: Verifying Checksum
097b8faab8ac: Download complete
f1d483149440: Verifying Checksum
f1d483149440: Download complete
1355b73389cd: Download complete
docker: write /var/lib/docker/tmp/GetImageBlob404592606: no space left on device.
See 'docker run --help'.
