Unable to find image 'n132/arvo:54850-vul' locally
54850-vul: Pulling from n132/arvo
846c0b181fff: Pulling fs layer
6f40dfa743ea: Pulling fs layer
870d7d85d921: Pulling fs layer
8cafa8deec23: Pulling fs layer
b3c7713b77b4: Pulling fs layer
671aa2736f7d: Pulling fs layer
26a655f48331: Pulling fs layer
5e53940b618d: Pulling fs layer
3ab0e8346b9d: Pulling fs layer
da63893d7e33: Pulling fs layer
aeb614c05937: Pulling fs layer
63eaf6e1861b: Pulling fs layer
d7b23536322c: Pulling fs layer
b3c7713b77b4: Waiting
6ac262db61e1: Pulling fs layer
3e82909c323e: Pulling fs layer
58a52029f898: Pulling fs layer
27d5aa940f40: Pulling fs layer
6f40dfa743ea: Waiting
aa8720e4745f: Pulling fs layer
846c0b181fff: Waiting
2811b888af37: Pulling fs layer
fe41c9462537: Pulling fs layer
63eaf6e1861b: Waiting
5455e015fd20: Pulling fs layer
671aa2736f7d: Waiting
3c7eb3a6d6b6: Pulling fs layer
26a655f48331: Waiting
5e53940b618d: Waiting
ea5ccad381d5: Pulling fs layer
dc6f22c3a893: Pulling fs layer
e936cc5046a5: Pulling fs layer
870d7d85d921: Waiting
da63893d7e33: Waiting
aeb614c05937: Waiting
3ab0e8346b9d: Waiting
713ce431cd5f: Pulling fs layer
8cafa8deec23: Waiting
aa8720e4745f: Waiting
3c7eb3a6d6b6: Waiting
d7b23536322c: Waiting
893b7bb1ff8c: Pulling fs layer
6ac262db61e1: Waiting
58a52029f898: Waiting
27d5aa940f40: Waiting
3e82909c323e: Waiting
fe41c9462537: Waiting
2811b888af37: Waiting
d646e193f348: Pulling fs layer
713ce431cd5f: Waiting
d9a57d69484f: Pulling fs layer
e7c6ad86a7b0: Pulling fs layer
d646e193f348: Waiting
9f509e8c340e: Pulling fs layer
dc6f22c3a893: Waiting
ea5ccad381d5: Waiting
b4bfc1b020a2: Pulling fs layer
e936cc5046a5: Waiting
5455e015fd20: Waiting
a85dc27171ea: Pulling fs layer
d9a57d69484f: Waiting
a6715e2dd6cd: Pulling fs layer
f0be3ab9c445: Pulling fs layer
b4bfc1b020a2: Waiting
fcf2a6acbd33: Pulling fs layer
c7622cb2a7f4: Pulling fs layer
01fc6230ff0d: Pulling fs layer
4e28279f8e58: Pulling fs layer
e8488d82155f: Pulling fs layer
d7b93129bb92: Pulling fs layer
7a690bdf5986: Pulling fs layer
4e28279f8e58: Waiting
c7622cb2a7f4: Waiting
c06b76a92f4d: Pulling fs layer
78dd10de371e: Pulling fs layer
46d4a5154113: Pulling fs layer
7a690bdf5986: Waiting
44350e80175d: Pulling fs layer
11234974a403: Pulling fs layer
78dd10de371e: Waiting
46d4a5154113: Waiting
8a15fa1e0036: Pulling fs layer
1a5cae6b5845: Pulling fs layer
11234974a403: Waiting
8a15fa1e0036: Waiting
13454d467272: Pulling fs layer
1a5cae6b5845: Waiting
0b0d7d54cbf2: Pulling fs layer
13454d467272: Waiting
0b0d7d54cbf2: Waiting
893b7bb1ff8c: Waiting
e7c6ad86a7b0: Waiting
9f509e8c340e: Waiting
fcf2a6acbd33: Waiting
01fc6230ff0d: Waiting
a6715e2dd6cd: Waiting
c06b76a92f4d: Waiting
44350e80175d: Waiting
846c0b181fff: Verifying Checksum
846c0b181fff: Download complete
f0be3ab9c445: Waiting
a85dc27171ea: Waiting
d7b93129bb92: Waiting
e8488d82155f: Waiting
docker: failed to register layer: mkdir /etc/dpkg/origins: no space left on device.
See 'docker run --help'.
