Unable to find image 'n132/arvo:52588-vul' locally
52588-vul: Pulling from n132/arvo
4d32b49e2995: Already exists
0372169c5ac9: Already exists
73292b01e9e9: Already exists
fefb8adb747a: Already exists
123384011ade: Already exists
83444ef99d4f: Already exists
fef2f2205eef: Already exists
cf46b04c0b53: Already exists
71e82bc675f2: Already exists
98f7293828c8: Already exists
3a9a5b9889c6: Already exists
e750c7c89ba9: Already exists
799bdcdc510f: Already exists
a357eb7086b4: Already exists
c3780f0d3345: Already exists
c4ea1066d7b6: Already exists
5faa531a7ac5: Already exists
d72dd135bc2f: Already exists
ad6acaf4f884: Already exists
c42bf1879f69: Already exists
a24973b7041b: Already exists
411b8103c7c3: Already exists
3a2d0d753c00: Pulling fs layer
89ef4a85a599: Pulling fs layer
1e00d67b8e88: Pulling fs layer
9381839bce37: Pulling fs layer
7d779d6127e0: Pulling fs layer
4f4fb700ef54: Pulling fs layer
946d664c8a5b: Pulling fs layer
89ef4a85a599: Waiting
91aebb032465: Pulling fs layer
3a2d0d753c00: Waiting
1e00d67b8e88: Waiting
9381839bce37: Waiting
8e72d832a788: Pulling fs layer
070094e5ea49: Pulling fs layer
aaeb703d55a3: Pulling fs layer
91aebb032465: Waiting
ce09997619a3: Pulling fs layer
4f4fb700ef54: Waiting
ce09997619a3: Waiting
946d664c8a5b: Waiting
8e72d832a788: Waiting
3a2d0d753c00: Verifying Checksum
3a2d0d753c00: Download complete
89ef4a85a599: Verifying Checksum
89ef4a85a599: Download complete
1e00d67b8e88: Verifying Checksum
1e00d67b8e88: Download complete
7d779d6127e0: Waiting
070094e5ea49: Waiting
aaeb703d55a3: Waiting
docker: write /var/lib/docker/tmp/GetImageBlob3744142771: no space left on device.
See 'docker run --help'.
