Unable to find image 'n132/arvo:7951-vul' locally
7951-vul: Pulling from n132/arvo
d3938036b19c: Already exists
a9b30c108bda: Already exists
67de21feec18: Already exists
817da545be2b: Already exists
d967c497ce23: Already exists
cbdaba71e344: Already exists
47b021e4bacd: Already exists
b71d45c5d20a: Already exists
ce93dce41dce: Already exists
e820f2ae1cdd: Already exists
890c17381927: Already exists
5cdeac971ba3: Already exists
b8217f1fb2af: Already exists
da5c60927e66: Already exists
626e55865748: Already exists
d7dc654ed1a4: Already exists
d91a512512c5: Pulling fs layer
f4a40cd42f34: Pulling fs layer
ba92a3e75e22: Pulling fs layer
6c32d5e70dc1: Pulling fs layer
d91a512512c5: Waiting
be17ce69e2b4: Pulling fs layer
f4a40cd42f34: Waiting
4f4fb700ef54: Pulling fs layer
807cf1738dba: Pulling fs layer
6c32d5e70dc1: Waiting
f6bb2bd4e151: Pulling fs layer
ba92a3e75e22: Waiting
be17ce69e2b4: Waiting
6f87d467f098: Pulling fs layer
4f4fb700ef54: Waiting
807cf1738dba: Waiting
f4a40cd42f34: Verifying Checksum
f4a40cd42f3f4a40cd42f34: Verifyiba92a3e75e22: Download complete
d91a512512c5: Verifying Checksum
d91a512512c5: Download complete
be17ce69e2b4: Download complete
4f4fb700ef54: Verifying Checksum
4f4fb700ef54: Download complete
807cf1738dba: Verifying Checksum
807cf1738dba: Download complete
6f87d467f098: Waiting
docker: write /var/lib/docker/tmp/GetImageBlob2514364885: no space left on device.
See 'docker run --help'.
ib/docker/tmp/GetImageBlob2514364885: no space left on device.
See 'docker run --help'.
