Unable to find image 'n132/arvo:23383-vul' locally
23383-vul: Pulling from n132/arvo
e92ed755c008: Already exists
b9fd7cb1ff8f: Already exists
ee690f2d57a1: Already exists
53e3366ec435: Already exists
63e7c0e1f466: Pulling fs layer
a2db896529a8: Pulling fs layer
1aadbf2b743b: Pulling fs layer
c47cfe87133d: Pulling fs layer
d47d661e0346: Pulling fs layer
54f456767742: Pulling fs layer
50838dae68b0: Pulling fs layer
e3dcfa897fac: Pulling fs layer
a39a6f57d314: Pulling fs layer
8e5ad5f844bd: Pulling fs layer
acdc4754fb16: Pulling fs layer
561d38f2523f: Pulling fs layer
d89ccc9de79b: Pulling fs layer
d555683b6ceb: Pulling fs layer
77f0c8f46b99: Pulling fs layer
ff650ebce0c0: Pulling fs layer
82e53dcf5b25: Pulling fs layer
d47d661e0346: Waiting
6cdc92e4034f: Pulling fs layer
5ac0b8588de6: Pulling fs layer
7ea325996a10: Pulling fs layer
7fed19f021de: Pulling fs layer
a2db896529a8: Waiting
63e7c0e1f466: Waiting
1aadbf2b743b: Waiting
8bcde10b31d0: Pulling fs layer
c47cfe87133d: Waiting
dff29815a68f: Pulling fs layer
c53a6c55d0b3: Pulling fs layer
6cdc92e4034f: Waiting
82e53dcf5b25: Waiting
5ac0b8588de6: Waiting
a1a3cf18028d: Pulling fs layer
7ea325996a10: Waiting
54f456767742: Waiting
4f4fb700ef54: Pulling fs layer
214abe20ee9d: Pulling fs layer
acdc4754fb16: Waiting
01b1e920bac9: Pulling fs layer
50838dae68b0: Waiting
e3dcfa897fac: Waiting
b87ab411802c: Pulling fs layer
561d38f2523f: Waiting
a39a6f57d314: Waiting
d89ccc9de79b: Waiting
d555683b6ceb: Waiting
ff650ebce0c0: Waiting
7fed19f021de: Waiting
8e5ad5f844bd: Waiting
77f0c8f46b99: Waiting
cc142e5739a5: Pulling fs layer
10c383a8fd13: Pulling fs layer
8bcde10b31d0: Waiting
4f4fb700ef54: Waiting
83864da5ed31: Pulling fs layer
c53a6c55d0b3: Waiting
dff29815a68f: Waiting
01b1e920bac9: Waiting
a1a3cf18028d: Waiting
10c383a8fd13: Waiting
b87ab411802c: Waiting
cc142e5739a5: Waiting
214abe20ee9d: Waiting
83864da5ed31: Waiting
63e7c0e1f466: Verifying Checksum
63e7c0e1f466: Download complete
a2db896529a8: Download complete
1aadbf2b743b: Download complete
63e7c0e1f466: Pull complete
a2db896529a8: Pull complete
1aadbf2b743b: Pull complete
d47d661e0346: Download complete
54f456767742: Verifying Checksum
54f456767742: Download complete
c47cfe87133d: Verifying Checksum
c47cfe87133d: Download complete
50838dae68b0: Verifying Checksum
50838dae68b0: Download complete
e3dcfa897fac: Verifying Checksum
e3dcfa897fac: Download complete
a39a6f57d314: Verifying Checksum
a39a6f57d314: Download complete
acdc4754fb16: Verifying Checksum
acdc4754fb16: Download complete
d89ccc9de79b: Verifying Checksum
d89ccc9de79b: Download complete
d555683b6ceb: Verifying Checksum
d555683b6ceb: Download complete
561d38f2523f: Download complete
77f0c8f46b99: Verifying Checksum
77f0c8f46b99: Download complete
82e53dcf5b25: Verifying Checksum
82e53dcf5b25: Download complete
6cdc92e4034f: Verifying Checksum
6cdc92e4034f: Download complete
5ac0b8588de6: Verifying Checksum
5ac0b8588de6: Download complete
ff650ebce0c0: Download complete
7ea325996a10: Verifying Checksum
7ea325996a10: Download complete
docker: write /var/lib/docker/tmp/GetImageBlob1917024695: no space left on device.
See 'docker run --help'.
