Unable to find image 'n132/arvo:18788-vul' locally
18788-vul: Pulling from n132/arvo
e80174c8b43b: Pulling fs layer
d1072db285cc: Pulling fs layer
e80174c8b43b: Waiting
858453671e67: Pulling fs layer
3d07b1124f98: Pulling fs layer
7804481e6417: Pulling fs layer
d9dcea20cbc3: Pulling fs layer
ac5d1f73d9c2: Pulling fs layer
d1072db285cc: Waiting
c2ac81415538: Pulling fs layer
0454841a0701: Pulling fs layer
3d07b1124f98: Waiting
ca5570330e90: Pulling fs layer
858453671e67: Waiting
d4a42683ae9a: Pulling fs layer
199c2873e4d2: Pulling fs layer
d9dcea20cbc3: Waiting
7804481e6417: Waiting
0062a00ea020: Pulling fs layer
75c9997620e5: Pulling fs layer
ca5570330e90: Waiting
0454841a0701: Waiting
65076cea62f2: Pulling fs layer
d4a42683ae9a: Waiting
a23dd90e1e96: Pulling fs layer
35026f4554f3: Pulling fs layer
0062a00ea020: Waiting
199c2873e4d2: Waiting
75c9997620e5: Waiting
65076cea62f2: Waiting
a23dd90e1e96: Waiting
56ea1aa88ba2: Pulling fs layer
35026f4554f3: Waiting
6ffb39943a69: Pulling fs layer
56ea1aa88ba2: Waiting
621d97f26cd4: Pulling fs layer
332b1b004c6e: Pulling fs layer
3f24bc22f09f: Pulling fs layer
621d97f26cd4: Waiting
80b7eccd8e07: Pulling fs layer
22d7ab261767: Pulling fs layer
332b1b004c6e: Waiting
80b7eccd8e07: Waiting
3f24bc22f09f: Waiting
f5efe9b1149d: Pulling fs layer
f5efe9b1149d: Waiting
ea20c4d616c1: Pulling fs layer
22d7ab261767: Waiting
320939bac7a1: Pulling fs layer
607e3a2111a2: Pulling fs layer
320939bac7a1: Waiting
ea20c4d616c1: Waiting
68f567e6ac95: Pulling fs layer
d27af66baee9: Pulling fs layer
da50742183f5: Pulling fs layer
72e14e97b249: Pulling fs layer
68f567e6ac95: Waiting
d27af66baee9: Waiting
37895631d708: Pulling fs layer
09e304c1facc: Pulling fs layer
9e9b1d087773: Pulling fs layer
72e14e97b249: Waiting
09e304c1facc: Waiting
37895631d708: Waiting
aabe6b2c737e: Pulling fs layer
9e9b1d087773: Waiting
cc82354da796: Pulling fs layer
254eade48957: Pulling fs layer
aabe6b2c737e: Waiting
24a09a162c66: Pulling fs layer
254eade48957: Waiting
96c7d45fc37f: Pulling fs layer
24a09a162c66: Waiting
0e8339856e0c: Pulling fs layer
96c7d45fc37f: Waiting
411f3de89556: Pulling fs layer
0e8339856e0c: Waiting
fd8856e87664: Pulling fs layer
b082de23e3ce: Pulling fs layer
411f3de89556: Waiting
fd8856e87664: Waiting
cf8db08b9a80: Pulling fs layer
86378b85beac: Pulling fs layer
f0e71e5cdfe2: Pulling fs layer
b082de23e3ce: Waiting
86378b85beac: Waiting
214210784f6a: Pulling fs layer
cd8c25d58761: Pulling fs layer
214210784f6a: Waiting
d1072db285cc: Download complete
e80174c8b43b: Verifying Checksum
e80174c8b43b: Download complete
858453671e67: Download complete
3d07b1124f98: Verifying Checksum
3d07b1124f98: Download complete
e80174c8b43b: Pull complete
d1072db285cc: Pull complete
858453671e67: Pull complete
3d07b1124f98: Pull complete
7804481e6417: Verifying Checksum
7804481e6417: Download complete
d9dcea20cbc3: Download complete
ac5d1f73d9c2: Verifying Checksum
ac5d1f73d9c2: Download complete
7804481e6417: Pull complete
d9dcea20cbc3: Pull complete
ac5d1f73d9c2: Pull complete
ca5570330e90: Verifying Checksum
ca5570330e90: Download complete
d4a42683ae9a: Download complete
199c2873e4d2: Verifying Checksum
199c2873e4d2: Download complete
0062a00ea020: Verifying Checksum
0062a00ea020: Download complete
c2ac81415538: Download complete
65076cea62f2: Download complete
75c9997620e5: Verifying Checksum
75c9997620e5: Download complete
56ea1aa88ba2: Verifying Checksum
56ea1aa88ba2: Download complete
35026f4554f3: Verifying Checksum
35026f4554f3: Download complete
6ffb39943a69: Verifying Checksum
6ffb39943a69: Download complete
621d97f26cd4: Verifying Checksum
621d97f26cd4: Download complete
332b1b004c6e: Download complete
3f24bc22f09f: Download complete
0454841a0701: Download complete
80b7eccd8e07: Verifying Checksum
80b7eccd8e07: Download complete
22d7ab261767: Verifying Checksum
22d7ab261767: Download complete
f5efe9b1149d: Verifying Checksum
f5efe9b1149d: Download complete
ea20c4d616c1: Verifying Checksum
ea20c4d616c1: Download complete
320939bac7a1: Verifying Checksum
320939bac7a1: Download complete
68f567e6ac95: Verifying Checksum
68f567e6ac95: Download complete
607e3a2111a2: Verifying Checksum
607e3a2111a2: Download complete
d27af66baee9: Download complete
a23dd90e1e96: Download complete
72e14e97b249: Verifying Checksum
72e14e97b249: Download complete
da50742183f5: Download complete
37895631d708: Verifying Checksum
37895631d708: Download complete
09e304c1facc: Verifying Checksum
09e304c1facc: Download complete
aabe6b2c737e: Verifying Checksum
aabe6b2c737e: Download complete
254eade48957: Download complete
9e9b1d087773: Download complete
cc82354da796: Verifying Checksum
cc82354da796: Download complete
96c7d45fc37f: Verifying Checksum
96c7d45fc37f: Download complete
24a09a162c66: Verifying Checksum
24a09a162c66: Download complete
411f3de89556: Verifying Checksum
411f3de89556: Download complete
0e8339856e0c: Verifying Checksum
0e8339856e0c: Download complete
b082de23e3ce: Verifying Checksum
b082de23e3ce: Download complete
fd8856e87664: Verifying Checksum
fd8856e87664: Download complete
cf8db08b9a80: Verifying Checksum
cf8db08b9a80: Download complete
86378b85beac: Download complete
f0e71e5cdfe2: Verifying Checksum
f0e71e5cdfe2: Download complete
cd8c25d58761: Verifying Checksum
cd8c25d58761: Download complete
docker: write /var/lib/docker/tmp/GetImageBlob1269283560: no space left on device.
See 'docker run --help'.
