Unable to find image 'n132/arvo:42938-vul' locally
42938-vul: Pulling from n132/arvo
7b1a6ab2e44d: Already exists
8881f6140900: Pulling fs layer
c8beb2c50bd8: Pulling fs layer
b34a1cd09240: Pulling fs layer
213ec0ca34a3: Pulling fs layer
8881f6140900: Waiting
c8beb2c50bd8: Waiting
bc47ca9c8b0b: Pulling fs layer
e2dbe7c7eeb9: Pulling fs layer
d65b913a4283: Pulling fs layer
00d76864d0f2: Pulling fs layer
38c82b79faaf: Pulling fs layer
a5a5df1e66fa: Pulling fs layer
b8936f3a6b76: Pulling fs layer
a89e2c443787: Pulling fs layer
213ec0ca34a3: Waiting
a1eca5fe4e69: Pulling fs layer
bc47ca9c8b0b: Waiting
10f360e0ebd9: Pulling fs layer
b34a1cd09240: Waiting
327580500485: Pulling fs layer
ab4ff7c0acf8: Pulling fs layer
e2dbe7c7eeb9: Waiting
00d76864d0f2: Waiting
51074a011940: Pulling fs layer
185dd92dbcba: Pulling fs layer
a5a5df1e66fa: Waiting
d65b913a4283: Waiting
e12b10886cc3: Pulling fs layer
086bf8bc3e42: Pulling fs layer
b8936f3a6b76: Waiting
4253cdbbf856: Pulling fs layer
38c82b79faaf: Waiting
d600ed265d17: Pulling fs layer
a89e2c443787: Waiting
83d034b6e31d: Pulling fs layer
a1eca5fe4e69: Waiting
8585ec38825c: Pulling fs layer
10f360e0ebd9: Waiting
ab4ff7c0acf8: Waiting
5c4831ef07fd: Pulling fs layer
327580500485: Waiting
d470def50b63: Pulling fs layer
e12b10886cc3: Waiting
185dd92dbcba: Waiting
086bf8bc3e42: Waiting
4253cdbbf856: Waiting
ca0b23d7819b: Pulling fs layer
c17f7f3ec7e4: Pulling fs layer
963d5fe93eef: Pulling fs layer
d600ed265d17: Waiting
b25610787a9c: Pulling fs layer
078c8793fc4f: Pulling fs layer
51074a011940: Waiting
83d034b6e31d: Waiting
35c06a8c3c66: Pulling fs layer
5c4831ef07fd: Waiting
f6d0659c2a41: Pulling fs layer
963d5fe93eef: Waiting
c891a5d2f074: Pulling fs layer
ca0b23d7819b: Waiting
31267f785d61: Pulling fs layer
c17f7f3ec7e4: Waiting
b25610787a9c: Waiting
9e1d01c82e4c: Pulling fs layer
078c8793fc4f: Waiting
f6d0659c2a41: Waiting
35c06a8c3c66: Waiting
767c829171fd: Pulling fs layer
e1c4f2616395: Pulling fs layer
31267f785d61: Waiting
9e1d01c82e4c: Waiting
fda0a473c198: Pulling fs layer
090be143208e: Pulling fs layer
71a228dc51be: Pulling fs layer
fda0a473c198: Waiting
71a228dc51be: Waiting
e1c4f2616395: Waiting
c8beb2c50bd8: Download complete
b34a1cd09240: Verifying Checksum
b34a1cd09240: Download complete
213ec0ca34a3: Download complete
8881f6140900: Verifying Checksum
8881f6140900: Download complete
e2dbe7c7eeb9: Verifying Checksum
e2dbe7c7eeb9: Download complete
8881f6140900: Pull complete
c8beb2c50bd8: Pull complete
b34a1cd09240: Pull complete
213ec0ca34a3: Pull complete
bc47ca9c8b0b: Verifying Checksum
bc47ca9c8b0b: Download complete
8585ec38825c: Waiting
d470def50b63: Waiting
c891a5d2f074: Waiting
767c829171fd: Waiting
090be143208e: Waiting
docker: write /var/lib/docker/tmp/GetImageBlob2616745299: no space left on device.
See 'docker run --help'.
