Unable to find image 'n132/arvo:40680-vul' locally
40680-vul: Pulling from n132/arvo
7b1a6ab2e44d: Already exists
62b4300592ae: Pulling fs layer
34b5ea9f9ec4: Pulling fs layer
b95727eaa29b: Pulling fs layer
70391a145f52: Pulling fs layer
1b935f447b3a: Pulling fs layer
4eb48f26fca1: Pulling fs layer
94c4ea000725: Pulling fs layer
b95727eaa29b: Waiting
62b4300592ae: Waiting
c0b833145186: Pulling fs layer
2dcfefbac0c8: Pulling fs layer
34b5ea9f9ec4: Waiting
f262e3981d37: Pulling fs layer
4eb48f26fca1: Waiting
94c4ea000725: Waiting
63798b3685f7: Pulling fs layer
338923d0083f: Pulling fs layer
70391a145f52: Waiting
8c273fd8d501: Pulling fs layer
1b935f447b3a: Waiting
2dcfefbac0c8: Waiting
f262e3981d37: Waiting
c0b833145186: Waiting
d33b60795733: Pulling fs layer
1efe4d8720e9: Pulling fs layer
63798b3685f7: Waiting
338923d0083f: Waiting
8c273fd8d501: Waiting
61ee2e8d0509: Pulling fs layer
d33b60795733: Waiting
484bd97b6315: Pulling fs layer
13977aa1081a: Pulling fs layer
1efe4d8720e9: Waiting
08482e9c005f: Pulling fs layer
a5df67537025: Pulling fs layer
484bd97b6315: Waiting
61ee2e8d0509: Waiting
c888ced246d4: Pulling fs layer
5188f0799ae9: Pulling fs layer
08482e9c005f: Waiting
13977aa1081a: Waiting
84fd306c4ac8: Pulling fs layer
66d808b28245: Pulling fs layer
c888ced246d4: Waiting
a5df67537025: Waiting
33b90db88915: Pulling fs layer
5188f0799ae9: Waiting
8f9332a6e7f8: Pulling fs layer
84fd306c4ac8: Waiting
66d808b28245: Waiting
33b90db88915: Waiting
3aacde312631: Pulling fs layer
8f9332a6e7f8: Waiting
5d7a655c4831: Pulling fs layer
952cfb086f5d: Pulling fs layer
3aacde312631: Waiting
1c0d3dee080d: Pulling fs layer
5d7a655c4831: Waiting
bd57c67d8216: Pulling fs layer
952cfb086f5d: Waiting
15c81cc1569d: Pulling fs layer
1c0d3dee080d: Waiting
ed45167c0fde: Pulling fs layer
bd57c67d8216: Waiting
15c81cc1569d: Waiting
742779536156: Pulling fs layer
7b15dd48d28c: Pulling fs layer
ed45167c0fde: Waiting
74b6efba7665: Pulling fs layer
742779536156: Waiting
60095ee57bb0: Pulling fs layer
7b15dd48d28c: Waiting
2d1e705842b1: Pulling fs layer
74b6efba7665: Waiting
60095ee57bb0: Waiting
3c26ca478f94: Pulling fs layer
b7b816825baf: Pulling fs layer
2d1e705842b1: Waiting
fe6a47f1ed68: Pulling fs layer
bd6c555ea0f6: Pulling fs layer
b7b816825baf: Waiting
3c26ca478f94: Waiting
fe6a47f1ed68: Waiting
e1ed7feb9e76: Pulling fs layer
cecbbc3cce50: Pulling fs layer
d604550e1f8e: Pulling fs layer
3dacd0977ea3: Pulling fs layer
286950b43bf7: Pulling fs layer
e772beac0201: Pulling fs layer
cecbbc3cce50: Waiting
ddccd1f6ad70: Pulling fs layer
3dacd0977ea3: Waiting
bd6c555ea0f6: Waiting
896cda072f9f: Pulling fs layer
e1ed7feb9e76: Waiting
4f4fb700ef54: Pulling fs layer
d604550e1f8e: Waiting
e772beac0201: Waiting
9b555ad50eb1: Pulling fs layer
ddccd1f6ad70: Waiting
286950b43bf7: Waiting
1222c3ea2f52: Pulling fs layer
896cda072f9f: Waiting
4f4fb700e34b5ea9f9ec4: Download complete
62b4300592ae: Download complete
70391a145f52: Verifying Checksum
70391a145f52: Download complete
b95727eaa29b: Verifying Checksum
b95727eaa29b: Download complete
4eb48f26fca1: Verifying Checksum
4eb48f26fca1: Download complete
62b4300592ae: Pull complete
34b5ea9f9ec4: Pull complete
c0b833145186: Verifying Checksum
c0b833145186: Download complete
2dcfefbac0c8: Verifying Checksum
2dcfefbac0c8: Download complete
b95727eaa29b: Pull complete
70391a145f52: Pull complete
f262e3981d37: Download complete
1b935f447b3a: Verifying Checksum
1b935f447b3a: Download complete
338923d0083f: Download complete
63798b3685f7: Verifying Checksum
63798b3685f7: Download complete
8c273fd8d501: Verifying Checksum
8c273fd8d501: Download complete
1efe4d8720e9: Download complete
61ee2e8d0509: Download complete
d33b60795733: Verifying Checksum
d33b60795733: Download complete
484bd97b6315: Download complete
94c4ea000725: Download complete
13977aa1081a: Verifying Checksum
13977aa1081a: Download complete
08482e9c005f: Verifying Checksum
08482e9c005f: Download complete
c888ced246d4: Verifying Checksum
c888ced246d4: Download complete
5188f0799ae9: Verifying Checksum
5188f0799ae9: Download complete
66d808b28245: Verifying Checksum
66d808b28245: Download complete
1b935f447b3a: Pull complete
4eb48f26fca1: Pull complete
33b90db88915: Verifying Checksum
33b90db88915: Download complete
8f9332a6e7f8: Verifying Checksum
8f9332a6e7f8: Download complete
a5df67537025: Verifying Checksum
a5df67537025: Download complete
3aacde312631: Download complete
952cfb086f5d: Download complete
5d7a655c4831: Verifying Checksum
5d7a655c4831: Download complete
1c0d3dee080d: Verifying Checksum
84fd306c4ac8: Verifying Checksum
84fd306c4ac8: Download complete
15c81cc1569d: Download complete
bd57c67d8216: Verifying Checksum
bd57c67d8216: Download complete
ed45167c0fde: Verifying Checksum
ed45167c0fde: Download complete
7b15dd48d28c: Verifying Checksum
7b15dd48d28c: Download complete
74b6efba7665: Download complete
742779536156: Verifying Checksum
742779536156: Download complete
2d1e705842b1: Verifying Checksum
2d1e705842b1: Download complete
3c26ca478f94: Download complete
b7b816825baf: Verifying Checksum
b7b816825baf: Download complete
94c4ea000725: Pull complete
60095ee57bb0: Verifying Checksum
60095ee57bb0: Download complete
c0b833145186: Pull complete
2dcfefbac0c8: Pull complete
f262e3981d37: Pull complete
63798b3685f7: Pull complete
338923d0083f: Pull complete
8c273fd8d501: Pull complete
d33b60795733: Pull complete
1efe4d8720e9: Pull complete
61ee2e8d0509: Pull complete
484bd97b6315: Pull complete
13977aa1081a: Pull complete
08482e9c005f: Pull complete
fe6a47f1ed68: Verifying Checksum
fe6a47f1ed68: Download complete
cecbbc3cce50: Verifying Checksum
cecbbc3cce50: Download complete
d604550e1f8e: Verifying Checksum
d604550e1f8e: Download complete
3dacd0977ea3: Verifying Checksum
3dacd0977ea3: Download complete
bd6c555ea0f6: Verifying Checksum
bd6c555ea0f6: Download complete
286950b43bf7: Download complete
e772beac0201: Download complete
ddccd1f6ad70: Verifying Checksum
ddccd1f6ad70: Download complete
896cda072f9f: Download complete
4f4fb700ef54: Verifying Checksum
4f4fb700ef54: Download complete
9b555ad50eb1: Verifying Checksum
9b555ad50eb1: Download complete
48f0e6a55b4c: Verifying Checksum
48f0e6a55b4c: Download complete
e1ed7feb9e76: Verifying Checksum
e1ed7feb9e76: Download complete
a5df67537025: Pull complete
c888ced246d4: Pull complete
5188f0799ae9: Pull complete
1c0d3dee080d: Download complete
docker: write /var/lib/docker/tmp/GetImageBlob2436070221: no space left on device.
See 'docker run --help'.
Download complete
e1ed7feb9e76: Verifying Checksum
e1ed7feb9e76: Download complete
a5df67537025: Pull complete
c888ced246d4: Pull complete
5188f0799ae9: Pull complete
docker: write /var/lib/docker/tmp/GetImageBlob2436070221: no space left on device.
See 'docker run --help'.
