Unable to find image 'n132/arvo:1442-vul' locally
1442-vul: Pulling from n132/arvo
d16fc20e681d: Already exists
63f1c4e4b781: Already exists
fb4d3bb1280c: Already exists
8038895a6c2e: Already exists
43fa392d948c: Already exists
269c60a1465b: Already exists
962cf29a2bb7: Already exists
48dcb286890a: Already exists
0cede67fb003: Already exists
3c826b7674fb: Already exists
8387efc1ffde: Already exists
911ca8932ada: Already exists
8e7f672d6b82: Already exists
9d1a80471d30: Already exists
331bc47ffa98: Already exists
751b90c433e8: Pulling fs layer
70e8740e0ad8: Pulling fs layer
107263d00fd3: Pulling fs layer
22be8320948e: Pulling fs layer
c4c484589309: Pulling fs layer
138781dab67c: Pulling fs layer
66af57c6e1a2: Pulling fs layer
f868e7b9b015: Pulling fs layer
6cb1aad55f47: Pulling fs layer
7e28d125674c: Pulling fs layer
07b58f637167: Pulling fs layer
a4a77629f420: Pulling fs layer
80e4734821ce: Pulling fs layer
caa5abfbdc9a: Pulling fs layer
47214d78f394: Pulling fs layer
0d93d73a7b28: Pulling fs layer
ccda3238ac67: Pulling fs layer
20a90da8400f: Pulling fs layer
c72b4b2db0c1: Pulling fs layer
3cf4c30368d2: Pulling fs layer
f990f1328d65: Pulling fs layer
b99be77f607f: Pulling fs layer
8ed14adcfba0: Pulling fs layer
205f25feeb79: Pulling fs layer
1676c92e90ea: Pulling fs layer
2d7ae47ee76f: Pulling fs layer
026b78ed6e14: Pulling fs layer
751b90c433e8: Waiting
3d3a327e7abc: Pulling fs layer
9707c380a328: Pulling fs layer
d0aebd1d20f8: Pulling fs layer
5721198a9008: Pulling fs layer
ebda403b95aa: Pulling fs layer
9d92ac6df660: Pulling fs layer
c58054b813b7: Pulling fs layer
d7199278e904: Pulling fs layer
7e63a91bb6cb: Pulling fs layer
22be8320948e: Waiting
c4c484589309: Waiting
138781dab67c: Waiting
66af57c6e1a2: Waiting
f868e7b9b015: Waiting
6cb1aad55f47: Waiting
7e28d125674c: Waiting
07b58f637167: Waiting
a4a77629f420: Waiting
80e4734821ce: Waiting
caa5abfbdc9a: Waiting
47214d78f394: Waiting
0d93d73a7b28: Waiting
9707c380a328: Waiting
3d3a327e7abc: Waiting
d0aebd1d20f8: Waiting
5721198a9008: Waiting
ccda3238ac67: Waiting
ebda403b95aa: Waiting
20a90da8400f: Waiting
9d92ac6df660: Waiting
c72b4b2db0c1: Waiting
c58054b813b7: Waiting
70e8740e0ad8: Waiting
d7199278e904: Waiting
3cf4c30368d2: Waiting
1676c92e90ea: Waiting
107263d00fd3: Waiting
2d7ae47ee76f: Waiting
026b78ed6e14: Waiting
8ed14adcfba0: Waiting
205f25feeb79: Waiting
7e63a91bb6cb: Waiting
b99be77f607f: Waiting
f990f1328d65: Waiting
docker: write /var/lib/docker/tmp/GetImageBlob1317330392: no space left on device.
See 'docker run --help'.
