Unable to find image 'n132/arvo:1427-vul' locally
1427-vul: Pulling from n132/arvo
d16fc20e681d: Already exists
63f1c4e4b781: Already exists
fb4d3bb1280c: Already exists
8038895a6c2e: Already exists
43fa392d948c: Already exists
269c60a1465b: Already exists
962cf29a2bb7: Already exists
48dcb286890a: Already exists
0cede67fb003: Already exists
3c826b7674fb: Already exists
8387efc1ffde: Already exists
911ca8932ada: Already exists
8e7f672d6b82: Already exists
9d1a80471d30: Already exists
331bc47ffa98: Already exists
b2de70fa0935: Pulling fs layer
4c11b6c73b1a: Pulling fs layer
21e6b486d412: Pulling fs layer
04c7503db126: Pulling fs layer
f49402f50f09: Pulling fs layer
b2de70fa0935: Waiting
230df85aa88a: Pulling fs layer
d0c944d1fa07: Pulling fs layer
04c7503db126: Waiting
4c11b6c73b1a: Waiting
eef7e97f7bf6: Pulling fs layer
00988228bd78: Pulling fs layer
b6db7cf75bf0: Pulling fs layer
21e6b486d412: Waiting
3934c0445737: Pulling fs layer
443105a9585a: Pulling fs layer
f49402f50f09: Waiting
230df85aa88a: Waiting
746771a87ff8: Pulling fs layer
eef7e97f7bf6: Waiting
e500317fbcc0: Pulling fs layer
248fef28f715: Pulling fs layer
d0c944d1fa07: Waiting
d801e361a734: Pulling fs layer
e500317fbcc0: Waiting
504a1d157967: Pulling fs layer
00988228bd78: Waiting
746771a87ff8: Waiting
f7d4cfaf0663: Pulling fs layer
3934c0445737: Waiting
443105a9585a: Waiting
38c491e67e81: Pulling fs layer
c0eb395f51af: Pulling fs layer
504a1d157967: Waiting
ac94066d5bdf: Pulling fs layer
f7d4cfaf0663: Waiting
d801e361a734: Waiting
1a733fd676bf: Pulling fs layer
c0eb395f51af: Waiting
ac94066d5bdf: Waiting
38c491e67e81: Waiting
b57ba7bc5de9: Pulling fs layer
f620404111b3: Pulling fs layer
66549aa3f4cb: Pulling fs layer
1a733fd676bf: Waiting
b57ba7bc5de9: Waiting
ca0c3b03a42c: Pulling fs layer
b6db7cf75bf0: Waiting
f620404111b3: Waiting
f43e081a83c2: Pulling fs layer
b106e1cc0670: Pulling fs layer
66549aa3f4cb: Waiting
65f130f92a8a: Pulling fs layer
a9bc86c69adc: Pulling fs layer
248fef28f715: Waiting
f43e081a83c2: Waiting
65f130f92a8a: Waiting
ad93ea02581d: Pulling fs layer
a9bc86c69adc: Waiting
928f12d4597e: Pulling fs layer
0cd4c9bc75e5: Pulling fs layer
b83ede7e0f27: Pulling fs layer
f48251be4e36: Pulling fs layer
ca0c3b03a42c: Waiting
ad93ea02581d: Waiting
02c934409ac4: Pulling fs layer
f48251be4e36: Waiting
0cd4c9bc75e5: Waiting
928f12d4597e: Waiting
4c11b6c73b1a: Verifying Checksum
4c11b6c73b1a: Download complete
21e6b486d412: Verifying Checksum
21e6b486d412: Download complete
b2de70fa0935: Verifying Checksum
b2de70fa0935: Download complete
f49402f50f09: Verifying Checksum
f49402f50f09: Download complete
230df85aa88a: Download complete
d0c944d1fa07: Verifying Checksum
d0c944d1fa07: Download complete
00988228bd78: Verifying Checksum
00988228bd78: Download complete
b6db7cf75bf0: Download complete
eef7e97f7bf6: Verifying Checksum
eef7e97f7bf6: Download complete
04c7503db126: Verifying Checksum
04c7503db126: Download complete
443105a9585a: Download complete
e500317fbcc0: Verifying Checksum
e500317fbcc0: Download complete
746771a87ff8: Download complete
248fef28f715: Download complete
d801e361a734: Verifying Checksum
d801e361a734: Download complete
3934c0445737: Verifying Checksum
3934c0445737: Download complete
f7d4cfaf0663: Verifying Checksum
f7d4cfaf0663: Download complete
504a1d157967: Verifying Checksum
504a1d157967: Download complete
38c491e67e81: Verifying Checksum
38c491e67e81: Download complete
1a733fd676bf: Verifying Checksum
1a733fd676bf: Download complete
ac94066d5bdf: Verifying Checksum
ac94066d5bdf: Download complete
b57ba7bc5de9: Download complete
b2de70fa0935: Pull complete
4c11b6c73b1a: Pull complete
c0eb395f51af: Verifying Checksum
c0eb395f51af: Download complete
66549aa3f4cb: Verifying Checksum
66549aa3f4cb: Download complete
f43e081a83c2: Verifying Checksum
f43e081a83c2: Download complete
f620404111b3: Verifying Checksum
f620404111b3: Download complete
65f130f92a8a: Download complete
ca0c3b03a42c: Verifying Checksum
ca0c3b03a42c: Download complete
b106e1cc0670: Verifying Checksum
b106e1cc0670: Download complete
a9bc86c69adc: Verifying Checksum
a9bc86c69adc: Download complete
ad93ea02581d: Verifying Checksum
ad93ea02581d: Download complete
b83ede7e0f27: Verifying Checksum
b83ede7e0f27: Download complete
0cd4c9bc75e5: Verifying Checksum
0cd4c9bc75e5: Download complete
02c934409ac4: Verifying Checksum
02c934409ac4: Download complete
21e6b486d412: Pull complete
928f12d4597e: Verifying Checksum
928f12d4597e: Download complete
04c7503db126: Pull complete
f49402f50f09: Pull complete
230df85aa88a: Pull complete
d0c944d1fa07: Pull complete
eef7e97f7bf6: Pull complete
00988228bd78: Pull complete
b6db7cf75bf0: Pull complete
3934c0445737: Pull complete
443105a9585a: Pull complete
746771a87ff8: Pull complete
e500317fbcc0: Pull complete
248fef28f715: Pull complete
d801e361a734: Pull complete
504a1d157967: Pull complete
f7d4cfaf0663: Pull complete
38c491e67e81: Pull complete
c0eb395f51af: Pull complete
ac94066d5bdf: Pull complete
1a733fd676bf: Pull complete
b57ba7bc5de9: Pull complete
f620404111b3: Pull complete
66549aa3f4cb: Pull complete
ca0c3b03a42c: Pull complete
f43e081a83c2: Pull complete
b106e1cc0670: Pull complete
65f130f92a8a: Pull complete
a9bc86c69adc: Pull complete
ad93ea02581d: Pull complete
928f12d4597e: Pull complete
0cd4c9bc75e5: Pull complete
b83ede7e0f27: Pull complete
docker: write /var/lib/docker/tmp/GetImageBlob1733097112: no space left on device.
See 'docker run --help'.
