Unable to find image 'n132/arvo:47911-vul' locally
47911-vul: Pulling from n132/arvo
d7bfe07ed847: Pulling fs layer
d7bfe07ed847: Waiting
3dd93ef8ffd9: Pulling fs layer
790f9d0a0dce: Pulling fs layer
11cd3f144815: Pulling fs layer
aca768540b99: Pulling fs layer
35b1312e159e: Pulling fs layer
4d0ca8b7e228: Pulling fs layer
790f9d0a0dce: Waiting
414fd4239a5b: Pulling fs layer
3dd93ef8ffd9: Waiting
aca768540b99: Waiting
134292459dc2: Pulling fs layer
414fd4239a5b: Waiting
35b1312e159e: Waiting
11cd3f144815: Waiting
4d0ca8b7e228: Waiting
134292459dc2: Waiting
3e879b680f74: Pulling fs layer
4e3ee7259875: Pulling fs layer
3e879b680f74: Waiting
179bd47227be: Pulling fs layer
4e3ee7259875: Waiting
662cb2cd82c8: Pulling fs layer
2b2061b7cfc8: Pulling fs layer
179bd47227be: Waiting
662cb2cd82c8: Waiting
09a8db6460fc: Pulling fs layer
35013daf344c: Pulling fs layer
09a8db6460fc: Waiting
e30bb79aa736: Pulling fs layer
2b2061b7cfc8: Waiting
a40f0e6334a1: Pulling fs layer
2040f9a72d25: Pulling fs layer
35013daf344c: Waiting
e30bb79aa736: Waiting
5b9b7d46044b: Pulling fs layer
2040f9a72d25: Waiting
a40f0e6334a1: Waiting
5b9b7d46044b: Waiting
281dec0535bb: Pulling fs layer
5da4306d17df: Pulling fs layer
8576b352dfb8: Pulling fs layer
281dec0535bb: Waiting
5da4306d17df: Waiting
eaea3d046700: Pulling fs layer
8576b352dfb8: Waiting
42fc001cbb58: Pulling fs layer
eaea3d046700: Waiting
b593ac7ac3f5: Pulling fs layer
42fc001cbb58: Waiting
f1dda456a6d9: Pulling fs layer
12a7594d1481: Pulling fs layer
f1dda456a6d9: Waiting
b593ac7ac3f5: Waiting
7fafef6bb47e: Pulling fs layer
12a7594d1481: Waiting
7fafef6bb47e: Waiting
7478e73389ea: Pulling fs layer
96acc6095c71: Pulling fs layer
7478e73389ea: Waiting
d032f1c337e2: Pulling fs layer
96acc6095c71: Waiting
13901f28f839: Pulling fs layer
9b4a88f3a61a: Pulling fs layer
13d7fc57145d: Pulling fs layer
13901f28f839: Waiting
c74e48a5b0d1: Pulling fs layer
e6e582045143: Pulling fs layer
1d0f0dac8ecc: Pulling fs layer
dc05b0cae96f: Pulling fs layer
c74e48a5b0d1: Waiting
0b935a3ab2c7: Pulling fs layer
e6e582045143: Waiting
4d61619e5c23: Pulling fs layer
1d0f0dac8ecc: Waiting
946c6e26e0ff: Pulling fs layer
8ee70be93824: Pulling fs layer
4d61619e5c23: Waiting
946c6e26e0ff: Waiting
0b935a3ab2c7: Waiting
13d7fc57145d: Waiting
dc05b0cae96f: Waiting
823b556b817b: Pulling fs layer
823b556b817b: Waiting
8ee70be93824: Waiting
b29569d002ba: Pulling fs layer
7e0514e9977a: Pulling fs layer
b29569d002ba: Waiting
7e0514e9977a: Waiting
d7bfe07ed847: Download complete
790f9d0a0dce: Download complete
3dd93ef8ffd9: Verifying Checksum
3dd93ef8ffd9: Download complete
d7bfe07ed847: Pull complete
11cd3f144815: Download complete
35b1312e159e: Download complete
aca768540b99: Verifying Checksum
aca768540b99: Download complete
3dd93ef8ffd9: Pull complete
790f9d0a0dce: Pull complete
414fd4239a5b: Download complete
11cd3f144815: Pull complete
aca768540b99: Pull complete
35b1312e159e: Pull complete
134292459dc2: Verifying Checksum
134292459dc2: Download complete
4d0ca8b7e228: Verifying Checksum
4d0ca8b7e228: Download complete
4e3ee7259875: Verifying Checksum
4e3ee7259875: Download complete
3e879b680f74: Verifying Checksum
3e879b680f74: Download complete
179bd47227be: Verifying Checksum
179bd47227be: Download complete
2b2061b7cfc8: Verifying Checksum
2b2061b7cfc8: Download complete
662cb2cd82c8: Download complete
09a8db6460fc: Verifying Checksum
09a8db6460fc: Download complete
35013daf344c: Download complete
a40f0e6334a1: Verifying Checksum
a40f0e6334a1: Download complete
e30bb79aa736: Download complete
2040f9a72d25: Download complete
281dec0535bb: Download complete
5da4306d17df: Download complete
5b9b7d46044b: Download complete
4d0ca8b7e228: Pull complete
414fd4239a5b: Pull complete
134292459dc2: Pull complete
3e879b680f74: Pull complete
4e3ee7259875: Pull complete
179bd47227be: Pull complete
662cb2cd82c8: Pull complete
2b2061b7cfc8: Pull complete
09a8db6460fc: Pull complete
35013daf344c: Pull complete
e30bb79aa736: Pull complete
a40f0e6334a1: Pull complete
2040f9a72d25: Pull complete
5b9b7d46044b: Pull complete
281dec0535bb: Pull complete
5da4306d17df: Pull complete
eaea3d046700: Verifying Checksum
eaea3d046700: Download complete
42fc001cbb58: Verifying Checksum
42fc001cbb58: Download complete
f1dda456a6d9: Verifying Checksum
f1dda456a6d9: Download complete
8576b352dfb8: Download complete
12a7594d1481: Verifying Checksum
12a7594d1481: Download complete
7fafef6bb47e: Verifying Checksum
7fafef6bb47e: Download complete
7478e73389ea: Verifying Checksum
7478e73389ea: Download complete
96acc6095c71: Verifying Checksum
96acc6095c71: Download complete
d032f1c337e2: Verifying Checksum
d032f1c337e2: Download complete
13901f28f839: Verifying Checksum
13901f28f839: Download complete
9b4a88f3a61a: Download complete
b593ac7ac3f5: Verifying Checksum
b593ac7ac3f5: Download complete
13d7fc57145d: Download complete
e6e582045143: Verifying Checksum
e6e582045143: Download complete
1d0f0dac8ecc: Verifying Checksum
1d0f0dac8ecc: Download complete
0b935a3ab2c7: Verifying Checksum
0b935a3ab2c7: Download complete
4d61619e5c23: Verifying Checksum
4d61619e5c23: Download complete
dc05b0cae96f: Verifying Checksum
dc05b0cae96f: Download complete
8ee70be93824: Verifying Checksum
8ee70be93824: Download complete
946c6e26e0ff: Verifying Checksum
946c6e26e0ff: Download complete
823b556b817b: Verifying Checksum
823b556b817b: Download complete
7e0514e9977a: Download complete
docker: write /var/lib/docker/tmp/GetImageBlob252501811: no space left on device.
See 'docker run --help'.
