Unable to find image 'n132/arvo:36356-vul' locally
36356-vul: Pulling from n132/arvo
61e03ba1d414: Pulling fs layer
4afb39f216bd: Pulling fs layer
e489abdc9f90: Pulling fs layer
999fff7bcc24: Pulling fs layer
3c98c0852c3e: Pulling fs layer
8fb1b96b0194: Pulling fs layer
0f4e9129a85e: Pulling fs layer
4afb39f216bd: Waiting
2f04b95c6cb4: Pulling fs layer
45903c5d6fd1: Pulling fs layer
4f9917dc7f61: Pulling fs layer
822ab719dfe3: Pulling fs layer
fb3d8008b389: Pulling fs layer
61e03ba1d414: Waiting
cf11d330b4df: Pulling fs layer
4967334e5a42: Pulling fs layer
0f4e9129a85e: Waiting
28d6cd951f28: Pulling fs layer
e489abdc9f90: Waiting
6bdb1c73be33: Pulling fs layer
999fff7bcc24: Waiting
7da25af96800: Pulling fs layer
3c98c0852c3e: Waiting
efd3e017b1c0: Pulling fs layer
8fb1b96b0194: Waiting
857e04b43f6f: Pulling fs layer
fb3d8008b389: Waiting
28d6cd951f28: Waiting
57e766728052: Pulling fs layer
2f04b95c6cb4: Waiting
cf11d330b4df: Waiting
45903c5d6fd1: Waiting
32a0d49424aa: Pulling fs layer
4967334e5a42: Waiting
396368b3604a: Pulling fs layer
4f9917dc7f61: Waiting
8924c7a292c3: Pulling fs layer
822ab719dfe3: Waiting
d956dfc4fc5c: Pulling fs layer
57e766728052: Waiting
efd3e017b1c0: Waiting
857e04b43f6f: Waiting
7aa474711d6e: Pulling fs layer
396368b3604a: Waiting
32a0d49424aa: Waiting
6bdb1c73be33: Waiting
878714c1d396: Pulling fs layer
7da25af96800: Waiting
8924c7a292c3: Waiting
1a0d932fdf3e: Pulling fs layer
5d0b7d52bb3c: Pulling fs layer
d956dfc4fc5c: Waiting
7aa474711d6e: Waiting
878714c1d396: Waiting
25aae29542a6: Pulling fs layer
1a0d932fdf3e: Waiting
5d0b7d52bb3c: Waiting
d2bd7efbbb17: Pulling fs layer
399e8f5c01fd: Pulling fs layer
25aae29542a6: Waiting
25ebd81ca72b: Pulling fs layer
091742109b0b: Pulling fs layer
408a11c8ccb9: Pulling fs layer
d2bd7efbbb17: Waiting
399e8f5c01fd: Waiting
25ebd81ca72b: Waiting
01f50ef25ec0: Pulling fs layer
9dac9c7db8b0: Pulling fs layer
408a11c8ccb9: Waiting
741a136b0683: Pulling fs layer
b043e6731db8: Pulling fs layer
091742109b0b: Waiting
f3be7ece8be5: Pulling fs layer
9dac9c7db8b0: Waiting
741a136b0683: Waiting
b043e6731db8: Waiting
e9de06d8980d: Pulling fs layer
473d54642942: Pulling fs layer
2aa13c8e2d31: Pulling fs layer
d5c313d8801e: Pulling fs layer
2f850a0f793d: Pulling fs layer
e9de06d8980d: Waiting
473d54642942: Waiting
d5c313d8801e: Waiting
59babafc5a67: Pulling fs layer
6f0ba238928e: Pulling fs layer
1c72d1290dd4: Pulling fs layer
2c4532ae7b09: Pulling fs layer
323e6d0a60c9: Pulling fs layer
2f850a0f793d: Waiting
bf1728dae2f3: Pulling fs layer
5b4392cb978b: Pulling fs layer
827bdb48ca52: Pulling fs layer
59babafc5a67: Waiting
6f0ba238928e: Waiting
2c4532ae7b09: Waiting
bf1728dae2f3: Waiting
5b4392cb978b: Waiting
827bdb48ca52: Waiting
4afb39f216bd: Verifying Checksum
4afb39f216bd: Download complete
e489abdc9f90: Verifying Checksum
e489abdc9f90: Download complete
61e03ba1d414: Download complete
999fff7bcc24: Download complete
8fb1b96b0194: Download complete
3c98c0852c3e: Verifying Checksum
3c98c0852c3e: Download complete
0f4e9129a85e: Download complete
61e03ba1d414: Pull complete
4afb39f216bd: Pull complete
e489abdc9f90: Pull complete
999fff7bcc24: Pull complete
2f04b95c6cb4: Verifying Checksum
2f04b95c6cb4: Download complete
3c98c0852c3e: Pull complete
8fb1b96b0194: Pull complete
0f4e9129a85e: Pull complete
2f04b95c6cb4: Pull complete
4f9917dc7f61: Download complete
45903c5d6fd1: Verifying Checksum
45903c5d6fd1: Download complete
fb3d8008b389: Verifying Checksum
fb3d8008b389: Download complete
cf11d330b4df: Verifying Checksum
cf11d330b4df: Download complete
822ab719dfe3: Verifying Checksum
822ab719dfe3: Download complete
45903c5d6fd1: Pull complete
4f9917dc7f61: Pull complete
28d6cd951f28: Verifying Checksum
28d6cd951f28: Download complete
4967334e5a42: Verifying Checksum
4967334e5a42: Download complete
efd3e017b1c0: Verifying Checksum
efd3e017b1c0: Download complete
857e04b43f6f: Download complete
7da25af96800: Verifying Checksum
7da25af96800: Download complete
32a0d49424aa: Verifying Checksum
32a0d49424aa: Download complete
8924c7a292c3: Verifying Checksum
8924c7a292c3: Download complete
57e766728052: Verifying Checksum
57e766728052: Download complete
396368b3604a: Verifying Checksum
396368b3604a: Download complete
7aa474711d6e: Download complete
d956dfc4fc5c: Verifying Checksum
d956dfc4fc5c: Download complete
878714c1d396: Verifying Checksum
878714c1d396: Download complete
1a0d932fdf3e: Verifying Checksum
1a0d932fdf3e: Download complete
5d0b7d52bb3c: Download complete
01f50ef25ec0: Waiting
f3be7ece8be5: Waiting
2aa13c8e2d31: Waiting
1c72d1290dd4: Waiting
323e6d0a60c9: Waiting
docker: write /var/lib/docker/tmp/GetImageBlob2000435872: no space left on device.
See 'docker run --help'.
