Unable to find image 'n132/arvo:10400-vul' locally
10400-vul: Pulling from n132/arvo
297061f60c36: Already exists
e9ccef17b516: Already exists
dbc33716854d: Already exists
8fe36b178d25: Already exists
686596545a94: Already exists
dcd5c3fae03a: Pulling fs layer
b185ad8a5803: Pulling fs layer
691c44d8650f: Pulling fs layer
eb38715ac26f: Pulling fs layer
d22955ec0608: Pulling fs layer
a96397e1b962: Pulling fs layer
bd50ea5a7863: Pulling fs layer
8f3d86761d2c: Pulling fs layer
ada9e45150f2: Pulling fs layer
eb38715ac26f: Waiting
cb78044c2fe3: Pulling fs layer
dcd5c3fae03a: Waiting
b185ad8a5803: Waiting
c95372feab6c: Pulling fs layer
53b32bf85294: Pulling fs layer
691c44d8650f: Waiting
a7732b267a99: Pulling fs layer
8f3d86761d2c: Waiting
d22955ec0608: Waiting
b594d4b818cd: Pulling fs layer
cb78044c2fe3: Waiting
a96397e1b962: Waiting
bd50ea5a7863: Waiting
ada9e45150f2: Waiting
e8f4021bffeb: Pulling fs layer
53b32bf85294: Waiting
a7732b267a99: Waiting
c95372feab6c: Waiting
eaeceacd7649: Pulling fs layer
b594d4b818cd: Waiting
a2321404e511: Pulling fs layer
e8f4021bffeb: Waiting
c53bba044dcd: Pulling fs layer
eaeceacd7649: Waiting
812bd52de4f5: Pulling fs layer
a2321404e511: Waiting
8143ecdf5f07: Pulling fs layer
c53bba044dcd: Waiting
8a7f6fc49aa4: Pulling fs layer
dd5f1db2d759: Pulling fs layer
812bd52de4f5: Waiting
59014b5c7d14: Pulling fs layer
8143ecdf5f07: Waiting
ea32b7a7d47c: Pulling fs layer
8a7f6fc49aa4: Waiting
dd5f1db2d759: Waiting
5f1bd301945e: Pulling fs layer
59014b5c7d14: Waiting
ea32b7a7d47c: Waiting
b0b814456726: Pulling fs layer
4a5cd847d271: Pulling fs layer
5f1bd301945e: Waiting
cfe286438280: Pulling fs layer
b0b814456726: Waiting
a0ead5c89c01: Pulling fs layer
ff07d8d2e85f: Pulling fs layer
4a5cd847d271: Waiting
cfe286438280: Waiting
d1bc3521e363: Pulling fs layer
a0ead5c89c01: Waiting
ba1dcf60b0d0: Pulling fs layer
7600ed36a622: Pulling fs layer
ff07d8d2e85f: Waiting
d1bc3521e363: Waiting
4f4fb700ef54: Pulling fs layer
ba1dcf60b0d0: Waiting
7600ed36a622: Waiting
fb40e800f7b6: Pulling fs layer
c312b8ecd93c: Pulling fs layer
4f4fb700ef54: Waiting
24d5c42f5193: Pulling fs layer
fb40e800f7b6: Waiting
24d5c42f5193: Waiting
c312b8ecd93c: Waiting
b185ad8a5803: Download complete
dcd5c3fae03a: Verifying Checksum
dcd5c3fae03a: Download complete
691c44d8650f: Verifying Checksum
691c44d8650f: Download complete
d22955ec0608: Verifying Checksum
d22955ec0608: Download complete
bd50ea5a7863: Verifying Checksum
bd50ea5a7863: Download complete
a96397e1b962: Verifying Checksum
a96397e1b962: Download complete
dcd5c3fae03a: Pull complete
b185ad8a5803: Pull complete
691c44d8650f: Pull complete
ada9e45150f2: Verifying Checksum
ada9e45150f2: Download complete
8f3d86761d2c: Verifying Checksum
8f3d86761d2c: Download complete
c95372feab6c: Verifying Checksum
c95372feab6c: Download complete
cb78044c2fe3: Verifying Checksum
cb78044c2fe3: Download complete
eb38715ac26f: Verifying Checksum
eb38715ac26f: Download complete
eb38715ac26f: Pull complete
d22955ec0608: Pull complete
a96397e1b962: Pull complete
bd50ea5a7863: Pull complete
8f3d86761d2c: Pull complete
ada9e45150f2: Pull complete
cb78044c2fe3: Pull complete
c95372feab6c: Pull complete
a7732b267a99: Verifying Checksum
a7732b267a99: Download complete
b594d4b818cd: Verifying Checksum
b594d4b818cd: Download complete
53b32bf85294: Verifying Checksum
53b32bf85294: Download complete
eaeceacd7649: Verifying Checksum
eaeceacd7649: Download complete
a2321404e511: Verifying Checksum
a2321404e511: Download complete
812bd52de4f5: Verifying Checksum
812bd52de4f5: Download complete
c53bba044dcd: Verifying Checksum
c53bba044dcd: Download complete
8143ecdf5f07: Verifying Checksum
8143ecdf5f07: Download complete
8a7f6fc49aa4: Verifying Checksum
8a7f6fc49aa4: Download complete
dd5f1db2d759: Verifying Checksum
dd5f1db2d759: Download complete
59014b5c7d14: Verifying Checksum
59014b5c7d14: Download complete
ea32b7a7d47c: Download complete
5f1bd301945e: Verifying Checksum
5f1bd301945e: Download complete
4a5cd847d271: Verifying Checksum
4a5cd847d271: Download complete
b0b814456726: Verifying Checksum
b0b814456726: Download complete
cfe286438280: Verifying Checksum
cfe286438280: Download complete
53b32bf85294: Pull complete
a7732b267a99: Pull complete
a0ead5c89c01: Verifying Checksum
a0ead5c89c01: Download complete
e8f4021bffeb: Verifying Checksum
e8f4021bffeb: Download complete
ff07d8d2e85f: Verifying Checksum
ff07d8d2e85f: Download complete
ba1dcf60b0d0: Verifying Checksum
ba1dcf60b0d0: Download complete
7600ed36a622: Verifying Checksum
7600ed36a622: Download complete
d1bc3521e363: Verifying Checksum
d1bc3521e363: Download complete
4f4fb700ef54: Download complete
fb40e800f7b6: Verifying Checksum
fb40fb40e800f7b6: Verifying Chec24d5c42f5193: Verifying Checksum
24d5c42f5193: Download complete
b594d4b818cd: Pull complete
e8f4021bffeb: Pull complete
eaeceacd7649: Pull complete
a2321404e511: Pull complete
c53bba044dcd: Pull complete
812bd52de4f5: Pull complete
8143ecdf5f07: Pull complete
8a7f6fc49aa4: Pull complete
dd5f1db2d759: Pull complete
59014b5c7d14: Pull complete
ea32b7a7d47c: Pull complete
5f1bd301945e: Pull complete
b0b814456726: Pull complete
4a5cd847d271: Pull complete
cfe286438280: Pull complete
a0ead5c89c01: Pull complete
ff07d8d2e85f: Pull complete
d1bc3521e363: Pull complete
ba1dcf60b0d0: Pull complete
7600ed36a622: Pull complete
4f4fb700ef54: Pull complete
fb40e800f7b6: Pull complete
docker: write /var/lib/docker/tmp/Getdocker: write /var/lib/docker/tmp/GetImageBlob2611740968: no space left on device.
See 'docker run --help'.
