INFO: Running with entropic power schedule (0xFF, 100).
INFO: Seed: 1600011483
INFO: Loaded 1 modules   (38734 inline 8-bit counters): 38734 [0xaf66e0, 0xaffe2e), 
INFO: Loaded 1 PC tables (38734 PCs): 38734 [0xa10428,0xaa7908), 
/out/compress_fuzzer: Running 1 inputs 1 time(s) each.
Running: /tmp/poc
=================================================================
==7==ERROR: AddressSanitizer: heap-buffer-overflow on address 0x60d0000000c1 at pc 0x00000056879e bp 0x7ffcea6ff1b0 sp 0x7ffcea6ff1a8
WRITE of size 1 at 0x60d0000000c1 thread T0
SCARINESS: 31 (1-byte-write-heap-buffer-overflow)
    #0 0x56879d in blosclz_compress /src/c-blosc/blosc/blosclz.c:588:11
    #1 0x5644a9 in blosc_c /src/c-blosc/blosc/blosc.c:653:16
    #2 0x55bea1 in serial_blosc /src/c-blosc/blosc/blosc.c:836:18
    #3 0x55bea1 in do_job /src/c-blosc/blosc/blosc.c:914:15
    #4 0x55f035 in blosc_compress_context /src/c-blosc/blosc/blosc.c:1255:13
    #5 0x55f035 in blosc_compress /src/c-blosc/blosc/blosc.c:1417:14
    #6 0x55af96 in LLVMFuzzerTestOneInput /src/c-blosc/tests/fuzz/fuzz_compress.c:44:7
    #7 0x45eb63 in fuzzer::Fuzzer::ExecuteCallback(unsigned char const*, unsigned long) (/out/compress_fuzzer+0x45eb63)
    #8 0x44a342 in fuzzer::RunOneTest(fuzzer::Fuzzer*, char const*, unsigned long) /src/llvm-project/compiler-rt/lib/fuzzer/FuzzerDriver.cpp:323:6
    #9 0x45001e in fuzzer::FuzzerDriver(int*, char***, int (*)(unsigned char const*, unsigned long)) (/out/compress_fuzzer+0x45001e)
    #10 0x479712 in main /src/llvm-project/compiler-rt/lib/fuzzer/FuzzerMain.cpp:20:10
    #11 0x72c4fb7d0082 in __libc_start_main (/lib/x86_64-linux-gnu/libc.so.6+0x24082)
    #12 0x42570d in _start (/out/compress_fuzzer+0x42570d)

DEDUP_TOKEN: blosclz_compress--blosc_c--serial_blosc
0x60d0000000c1 is located 0 bytes to the right of 129-byte region [0x60d000000040,0x60d0000000c1)
allocated by thread T0 here:
    #0 0x5279ed in malloc /src/llvm-project/compiler-rt/lib/asan/asan_malloc_linux.cpp:145:3
    #1 0x55af4c in LLVMFuzzerTestOneInput /src/c-blosc/tests/fuzz/fuzz_compress.c:40:12
    #2 0x45eb63 in fuzzer::Fuzzer::ExecuteCallback(unsigned char const*, unsigned long) (/out/compress_fuzzer+0x45eb63)
    #3 0x44a342 in fuzzer::RunOneTest(fuzzer::Fuzzer*, char const*, unsigned long) /src/llvm-project/compiler-rt/lib/fuzzer/FuzzerDriver.cpp:323:6
    #4 0x45001e in fuzzer::FuzzerDriver(int*, char***, int (*)(unsigned char const*, unsigned long)) (/out/compress_fuzzer+0x45001e)
    #5 0x479712 in main /src/llvm-project/compiler-rt/lib/fuzzer/FuzzerMain.cpp:20:10
    #6 0x72c4fb7d0082 in __libc_start_main (/lib/x86_64-linux-gnu/libc.so.6+0x24082)

DEDUP_TOKEN: malloc--LLVMFuzzerTestOneInput--fuzzer::Fuzzer::ExecuteCallback(unsigned char const*, unsigned long)
SUMMARY: AddressSanitizer: heap-buffer-overflow /src/c-blosc/blosc/blosclz.c:588:11 in blosclz_compress
Shadow bytes around the buggy address:
  0x0c1a7fff7fc0: 00 00 00 00 00 00 00 00 00 00 00 00 00 00 00 00
  0x0c1a7fff7fd0: 00 00 00 00 00 00 00 00 00 00 00 00 00 00 00 00
  0x0c1a7fff7fe0: 00 00 00 00 00 00 00 00 00 00 00 00 00 00 00 00
  0x0c1a7fff7ff0: 00 00 00 00 00 00 00 00 00 00 00 00 00 00 00 00
  0x0c1a7fff8000: fa fa fa fa fa fa fa fa 00 00 00 00 00 00 00 00
=>0x0c1a7fff8010: 00 00 00 00 00 00 00 00[01]fa fa fa fa fa fa fa
  0x0c1a7fff8020: fa fa fa fa fa fa fa fa fa fa fa fa fa fa fa fa
  0x0c1a7fff8030: fa fa fa fa fa fa fa fa fa fa fa fa fa fa fa fa
  0x0c1a7fff8040: fa fa fa fa fa fa fa fa fa fa fa fa fa fa fa fa
  0x0c1a7fff8050: fa fa fa fa fa fa fa fa fa fa fa fa fa fa fa fa
  0x0c1a7fff8060: fa fa fa fa fa fa fa fa fa fa fa fa fa fa fa fa
Shadow byte legend (one shadow byte represents 8 application bytes):
  Addressable:           00
  Partially addressable: 01 02 03 04 05 06 07 
  Heap left redzone:       fa
  Freed heap region:       fd
  Stack left redzone:      f1
  Stack mid redzone:       f2
  Stack right redzone:     f3
  Stack after return:      f5
  Stack use after scope:   f8
  Global redzone:          f9
  Global init order:       f6
  Poisoned by user:        f7
  Container overflow:      fc
  Array cookie:            ac
  Intra object redzone:    bb
  ASan internal:           fe
  Left alloca redzone:     ca
  Right alloca redzone:    cb
  Shadow gap:              cc
==7==ABORTING
