Unable to find image 'n132/arvo:47936-vul' locally
47936-vul: Pulling from n132/arvo
d7bfe07ed847: Pulling fs layer
3dd93ef8ffd9: Pulling fs layer
790f9d0a0dce: Pulling fs layer
11cd3f144815: Pulling fs layer
aca768540b99: Pulling fs layer
35b1312e159e: Pulling fs layer
4d0ca8b7e228: Pulling fs layer
414fd4239a5b: Pulling fs layer
134292459dc2: Pulling fs layer
3e879b680f74: Pulling fs layer
4e3ee7259875: Pulling fs layer
179bd47227be: Pulling fs layer
662cb2cd82c8: Pulling fs layer
2b2061b7cfc8: Pulling fs layer
09a8db6460fc: Pulling fs layer
35013daf344c: Pulling fs layer
e30bb79aa736: Pulling fs layer
a40f0e6334a1: Pulling fs layer
2040f9a72d25: Pulling fs layer
5b9b7d46044b: Pulling fs layer
414fd4239a5b: Waiting
281dec0535bb: Pulling fs layer
d7bfe07ed847: Waiting
3dd93ef8ffd9: Waiting
5da4306d17df: Pulling fs layer
790f9d0a0dce: Waiting
11cd3f144815: Waiting
1c39f39e0907: Pulling fs layer
aca768540b99: Waiting
35b1312e159e: Waiting
3dfdf29c7842: Pulling fs layer
4d0ca8b7e228: Waiting
e30bb79aa736: Waiting
5b59477fa5ba: Pulling fs layer
179bd47227be: Waiting
662cb2cd82c8: Waiting
2b2061b7cfc8: Waiting
134292459dc2: Waiting
09a8db6460fc: Waiting
839a92409667: Pulling fs layer
35013daf344c: Waiting
3e879b680f74: Waiting
4e3ee7259875: Waiting
00fe3874ca2d: Pulling fs layer
5da4306d17df: Waiting
a40f0e6334a1: Waiting
e45946adf552: Pulling fs layer
2040f9a72d25: Waiting
dc004de62b52: Pulling fs layer
5b9b7d46044b: Waiting
3dfdf29c7842: Waiting
281dec0535bb: Waiting
1c39f39e0907: Waiting
68ee355f86fe: Pulling fs layer
6d1db222084b: Pulling fs layer
00fe3874ca2d: Waiting
5b59477fa5ba: Waiting
839a92409667: Waiting
05e886c9440e: Pulling fs layer
e45946adf552: Waiting
dc004de62b52: Waiting
a2e52eeed268: Pulling fs layer
68ee355f86fe: Waiting
a4288cc2d54a: Pulling fs layer
6d1db222084b: Waiting
05e886c9440e: Waiting
93a3565d6c76: Pulling fs layer
535cff46a874: Pulling fs layer
a2e52eeed268: Waiting
a78b699ff6f2: Pulling fs layer
a4288cc2d54a: Waiting
d561fff21562: Pulling fs layer
93a3565d6c76: Waiting
2fe04d1972c3: Pulling fs layer
535cff46a874: Waiting
9c1e7160cc18: Pulling fs layer
a78b699ff6f2: Waiting
f83a7e3e18d4: Pulling fs layer
1e900a77798f: Pulling fs layer
5247cbb56154: Pulling fs layer
f83a7e3e18d4: Waiting
5e911d633bf4: Pulling fs layer
1e900a77798f: Waiting
2dcaf6eb9b41: Pulling fs layer
5247cbb56154: Waiting
efe5628516bd: Pulling fs layer
5e911d633bf4: Waiting
2dcaf6eb9b41: Waiting
efe5628516bd: Waiting
d7bfe07ed847: Verifying Checksum
d7bfe07ed847: Download complete
790f9d0a0dce: Download complete
3dd93ef8ffd9: Verifying Checksum
3dd93ef8ffd9: Download complete
d7bfe07ed847: Pull complete
11cd3f144815: Verifying Checksum
11cd3f144815: Download complete
35b1312e159e: Download complete
aca768540b99: Verifying Checksum
aca768540b99: Download complete
3dd93ef8ffd9: Pull complete
790f9d0a0dce: Pull complete
414fd4239a5b: Download complete
11cd3f144815: Pull complete
aca768540b99: Pull complete
35b1312e159e: Pull complete
134292459dc2: Verifying Checksum
134292459dc2: Download complete
4d0ca8b7e228: Verifying Checksum
4d0ca8b7e228: Download complete
4e3ee7259875: Verifying Checksum
4e3ee7259875: Download complete
3e879b680f74: Verifying Checksum
3e879b680f74: Download complete
179bd47227be: Download complete
2b2061b7cfc8: Verifying Checksum
2b2061b7cfc8: Download complete
662cb2cd82c8: Verifying Checksum
662cb2cd82c8: Download complete
09a8db6460fc: Verifying Checksum
09a8db6460fc: Download complete
35013daf344c: Download complete
a40f0e6334a1: Verifying Checksum
a40f0e6334a1: Download complete
e30bb79aa736: Download complete
2040f9a72d25: Download complete
281dec0535bb: Verifying Checksum
5da4306d17df: Download complete
5b9b7d46044b: Verifying Checksum
5b9b7d46044b: Download complete
4d0ca8b7e228: Pull complete
414fd4239a5b: Pull complete
134292459dc2: Pull complete
3e879b680f74: Pull complete
4e3ee7259875: Pull complete
179bd47227be: Pull complete
662cb2cd82c8: Pull complete
2b2061b7cfc8: Pull complete
09a8db6460fc: Pull complete
35013daf344c: Pull complete
e30bb79aa736: Pull complete
a40f0e6334a1: Pull complete
2040f9a72d25: Pull complete
5b9b7d46044b: Pull complete
281dec0535bb: Pull complete
5da4306d17df: Pull complete
3dfdf29c7842: Verifying Checksum
3dfdf29c7842: Download complete
d561fff21562: Waiting
2fe04d1972c3: Waiting
9c1e7160cc18: Waiting
docker: write /var/lib/docker/tmp/GetImageBlob4038318800: no space left on device.
See 'docker run --help'.
