Unable to find image 'n132/arvo:19002-vul' locally
19002-vul: Pulling from n132/arvo
e80174c8b43b: Pulling fs layer
d1072db285cc: Pulling fs layer
858453671e67: Pulling fs layer
3d07b1124f98: Pulling fs layer
d7efd72e543e: Pulling fs layer
e80174c8b43b: Waiting
d1072db285cc: Waiting
ba7c7a0418bc: Pulling fs layer
858453671e67: Waiting
7da31aeedd31: Pulling fs layer
3d07b1124f98: Waiting
d7efd72e543e: Waiting
b06e8243d1e9: Pulling fs layer
7fff943d3b6e: Pulling fs layer
ba7c7a0418bc: Waiting
7da31aeedd31: Waiting
72e666449ac4: Pulling fs layer
7fff943d3b6e: Waiting
b06e8243d1e9: Waiting
3a00154900ce: Pulling fs layer
72e666449ac4: Waiting
ff3f74036fbb: Pulling fs layer
981dccf46070: Pulling fs layer
3a00154900ce: Waiting
5253587e8457: Pulling fs layer
981dccf46070: Waiting
bd409d39c49c: Pulling fs layer
48dc0b398f21: Pulling fs layer
bd409d39c49c: Waiting
ce9c5a303c26: Pulling fs layer
3b031d6b521c: Pulling fs layer
48dc0b398f21: Waiting
193db2e27ede: Pulling fs layer
bb612bbfbefb: Pulling fs layer
6cb8a8449a75: Pulling fs layer
3b031d6b521c: Waiting
b6ad55f12364: Pulling fs layer
193db2e27ede: Waiting
bb612bbfbefb: Waiting
4faede76f89f: Pulling fs layer
b6ad55f12364: Waiting
b7fdef15cbb1: Pulling fs layer
a7a324417169: Pulling fs layer
b7fdef15cbb1: Waiting
71d7fdbfce27: Pulling fs layer
73be45d01b21: Pulling fs layer
99d2fc3d5986: Pulling fs layer
71d7fdbfce27: Waiting
22af53db8ae1: Pulling fs layer
73be45d01b21: Waiting
937302a92220: Pulling fs layer
99d2fc3d5986: Waiting
49691a8c10dc: Pulling fs layer
937302a92220: Waiting
49691a8c10dc: Waiting
fcc1f3d00f3f: Pulling fs layer
48ce9be2f527: Pulling fs layer
b9000586faa9: Pulling fs layer
48ce9be2f527: Waiting
9c89e61f621c: Pulling fs layer
b9000586faa9: Waiting
003a7bf09a0b: Pulling fs layer
0aa8d0a877d8: Pulling fs layer
9c89e61f621c: Waiting
df2672cbd847: Pulling fs layer
2bd37561d9e4: Pulling fs layer
df2672cbd847: Waiting
a2c4d1482abc: Pulling fs layer
0aa8d0a877d8: Waiting
0d9159e6f14d: Pulling fs layer
ef0251c04f15: Pulling fs layer
a2c4d1482abc: Waiting
2bd37561d9e4: Waiting
0d9159e6f14d: Waiting
1bcc852a375c: Pulling fs layer
a95c776974a7: Pulling fs layer
595211ceb3bc: Pulling fs layer
ef0251c04f15: Waiting
32a0e6f803e8: Pulling fs layer
ed473538dc8c: Pulling fs layer
1bcc852a375c: Waiting
595211ceb3bc: Waiting
0177d292889a: Pulling fs layer
5ae062691bc9: Pulling fs layer
ed473538dc8c: Waiting
0177d292889a: Waiting
5ae062691bc9: Waiting
d1072db285cc: Download complete
e80174c8b43b: Verifying Checksum
e80174c8b43b: Download complete
858453671e67: Download complete
3d07b1124f98: Verifying Checksum
3d07b1124f98: Download complete
ba7c7a0418bc: Download complete
7da31aeedd31: Download complete
e80174c8b43b: Pull complete
d1072db285cc: Pull complete
858453671e67: Pull complete
3d07b1124f98: Pull complete
d7efd72e543e: Verifying Checksum
d7efd72e543e: Download complete
7fff943d3b6e: Verifying Checksum
7fff943d3b6e: Download complete
d7efd72e543e: Pull complete
ba7c7a0418bc: Pull complete
7da31aeedd31: Pull complete
72e666449ac4: Verifying Checksum
72e666449ac4: Download complete
3a00154900ce: Verifying Checksum
3a00154900ce: Download complete
ff3f74036fbb: Verifying Checksum
ff3f74036fbb: Download complete
b06e8243d1e9: Verifying Checksum
b06e8243d1e9: Download complete
5253587e8457: Waiting
ce9c5a303c26: Waiting
6cb8a8449a75: Waiting
b06e8243d1e9: Pull complete
7fff943d3b6e: Pull complete
4faede76f89f: Waiting
a7a324417169: Waiting
22af53db8ae1: Waiting
fcc1f3d00f3f: Waiting
72e666449ac4: Pull complete
3a00154900ce: Pull complete
003a7bf09a0b: Waiting
a95c776974a7: Waiting
32a0e6f803e8: Waiting
docker: write /var/lib/docker/tmp/GetImageBlob761069936: no space left on device.
See 'docker run --help'.
