Unable to find image 'n132/arvo:1639-vul' locally
1639-vul: Pulling from n132/arvo
d16fc20e681d: Already exists
63f1c4e4b781: Already exists
fb4d3bb1280c: Already exists
8038895a6c2e: Already exists
43fa392d948c: Already exists
acb324eaf143: Already exists
2d869ded115f: Already exists
33f51ca5dba0: Already exists
2e24ca0e8f73: Already exists
fcd73e9b9751: Already exists
240423bcfba4: Already exists
d5077c143141: Already exists
2d5a31a2dd25: Already exists
c655debf496a: Already exists
de9124ff0e0f: Already exists
ca83d3d05c6d: Pulling fs layer
b3cffd9ebf8c: Pulling fs layer
d753d9b25b6e: Pulling fs layer
7cc44f47ee91: Pulling fs layer
4775336d9d52: Pulling fs layer
8de27b947e2b: Pulling fs layer
ca83d3d05c6d: Waiting
495e0f5fb4d3: Pulling fs layer
ade3fc911650: Pulling fs layer
b3cffd9ebf8c: Waiting
4e672022f4f3: Pulling fs layer
4775336d9d52: Waiting
a37cb31ff276: Pulling fs layer
1b0859282016: Pulling fs layer
c9738ffd7348: Pulling fs layer
8de27b947e2b: Waiting
e5e167f88a53: Pulling fs layer
482b921637b1: Pulling fs layer
ade3fc911650: Waiting
fb1e3b926744: Pulling fs layer
d753d9b25b6e: Waiting
21c54d56c4e9: Pulling fs layer
e7604aba1fa3: Pulling fs layer
a37cb31ff276: Waiting
c6c7da2b49c2: Pulling fs layer
c9738ffd7348: Waiting
1d0d288d9d93: Pulling fs layer
b09fcf7382e1: Pulling fs layer
21c54d56c4e9: Waiting
cebe6bfb049b: Pulling fs layer
e7604aba1fa3: Waiting
bdcd92d58ce0: Pulling fs layer
c6c7da2b49c2: Waiting
33ba18ec5f2a: Pulling fs layer
e5e167f88a53: Waiting
787c6a61f37b: Pulling fs layer
02d1d0074d8b: Pulling fs layer
bdcd92d58ce0: Waiting
b09fcf7382e1: Waiting
cebe6bfb049b: Waiting
8f4f56fd2c87: Pulling fs layer
e9114b7f2e23: Pulling fs layer
482b921637b1: Waiting
6ab3cac802f7: Pulling fs layer
8f4f56fd2c87: Waiting
f01a1b893a18: Pulling fs layer
f9b6a0b6980a: Pulling fs layer
d4e8178bcf50: Pulling fs layer
33ba18ec5f2a: Waiting
820f37300ef3: Pulling fs layer
f9b6a0b6980a: Waiting
68983536a5ab: Pulling fs layer
f01a1b893a18: Waiting
573c4450d847: Pulling fs layer
d4e8178bcf50: Waiting
c60ee81290a2: Pulling fs layer
543089c61d06: Pulling fs layer
6ab3cac802f7: Waiting
68983536a5ab: Waiting
820f37300ef3: Waiting
c60ee81290a2: Waiting
543089c61d06: Waiting
573c4450d847: Waiting
4e672022f4f3: Waiting
02d1d0074d8b: Waiting
787c6a61f37b: Waiting
1d0d288d9d93: Waiting
ca83d3d05c6d: Verifying Checksum
ca83d3d05c6d: Download complete
b3cffd9ebf8c: Verifying Checksum
b3cffd9ebf8c: Download complete
ca83d3d05c6d: Pull complete
b3cffd9ebf8c: Pull complete
d753d9b25b6e: Verifying Checksum
d753d9b25b6e: Download complete
495e0f5fb4d3: Waiting
1b0859282016: Waiting
fb1e3b926744: Waiting
e9114b7f2e23: Waiting
docker: write /var/lib/docker/tmp/GetImageBlob2269422840: no space left on device.
See 'docker run --help'.
