Unable to find image 'n132/arvo:58134-vul' locally
58134-vul: Pulling from n132/arvo
7608715873ec: Already exists
ae415db10c28: Pulling fs layer
3df13df25856: Pulling fs layer
2e457be5f03c: Pulling fs layer
4e1301d90f76: Pulling fs layer
cd4786088128: Pulling fs layer
9a946082a692: Pulling fs layer
ae415db10c28: Waiting
2e457be5f03c: Waiting
2a318a3aa03b: Pulling fs layer
3df13df25856: Waiting
1de558139cc2: Pulling fs layer
83a20d8eda58: Pulling fs layer
cd4786088128: Waiting
2e3807511e7e: Pulling fs layer
c9e20853cafe: Pulling fs layer
ab59ea540597: Pulling fs layer
2a318a3aa03b: Waiting
1de558139cc2: Waiting
9a946082a692: Waiting
6f45af67343c: Pulling fs layer
11000a987582: Pulling fs layer
2e3807511e7e: Waiting
40682065444e: Pulling fs layer
398f064d2c69: Pulling fs layer
953a5601ef6d: Pulling fs layer
f2dbd038a2fb: Pulling fs layer
bca17f8a8a29: Pulling fs layer
c720cd58b82f: Pulling fs layer
efdf886b6476: Pulling fs layer
ab59ea540597: Waiting
53024431fae2: Pulling fs layer
4497c79db972: Pulling fs layer
c13dd88defb2: Pulling fs layer
f2dbd038a2fb: Waiting
6f45af67343c: Waiting
2a3b0439d56f: Pulling fs layer
e57864ae8143: Pulling fs layer
398f064d2c69: Waiting
11000a987582: Waiting
d97cc40ff356: Pulling fs layer
953a5601ef6d: Waiting
3b8c2a464735: Pulling fs layer
efdf886b6476: Waiting
b89d7a9c69aa: Pulling fs layer
c9e20853cafe: Waiting
e57864ae8143: Waiting
d97cc40ff356: Waiting
40e569b2a77d: Pulling fs layer
c720cd58b82f: Waiting
af80e2284bcb: Pulling fs layer
4497c79db972: Waiting
c13dd88defb2: Waiting
2a3b0439d56f: Waiting
9866fac506b1: Pulling fs layer
af80e2284bcb: Waiting
f1208da0aa33: Pulling fs layer
51c001514b59: Pulling fs layer
9866fac506b1: Waiting
f1208da0aa33: Waiting
be73d0321f84: Pulling fs layer
9be8feda747c: Pulling fs layer
3b8c2a464735: Waiting
53024431fae2: Waiting
9db5172f77bf: Pulling fs layer
40e569b2a77d: Waiting
3896fb6de74e: Pulling fs layer
9be8feda747c: Waiting
7ee56686a0ca: Pulling fs layer
ddc38ffa053a: Pulling fs layer
40682065444e: Waiting
3896fb6de74e: Waiting
7ee56686a0ca: Waiting
b2eb268f1993: Pulling fs layer
411d4014c0c4: Pulling fs layer
b68ea54885b4: Pulling fs layer
6c404d2a5cbe: Pulling fs layer
c22ac2f27831: Pulling fs layer
b68ea54885b4: Waiting
3ef23aa813cf: Pulling fs layer
9471541d1023: Pulling fs layer
b2eb268f1993: Waiting
c22ac2f27831: Waiting
f6ea6d3554d5: Pulling fs layer
3ef23aa813cf: Waiting
9f44834fc6c8: Pulling fs layer
411d4014c0c4: Waiting
f6ea6d3554d5: Waiting
9471541d1023: Waiting
3df13df25856: Download complete
ae415db10c28: Verifying Checksum
ae415db10c28: Download complete
2e457be5f03c: Verifying Checksum
2e457be5f03c: Download complete
ae415db10c28: Pull complete
3df13df25856: Pull complete
cd4786088128: Verifying Checksum
cd4786088128: Download complete
2e457be5f03c: Pull complete
4e1301d90f76: Download complete
4e1301d90f76: Pull complete
cd4786088128: Pull complete
9a946082a692: Download complete
1de558139cc2: Download complete
2a318a3aa03b: Download complete
83a20d8eda58: Verifying Checksum
83a20d8eda58: Download complete
c9e20853cafe: Verifying Checksum
c9e20853cafe: Download complete
ab59ea540597: Verifying Checksum
ab59ea540597: Download complete
6f45af67343c: Verifying Checksum
6f45af67343c: Download complete
11000a987582: Verifying Checksum
11000a987582: Download complete
2e3807511e7e: Verifying Checksum
2e3807511e7e: Download complete
398f064d2c69: Download complete
40682065444e: Verifying Checksum
40682065444e: Download complete
953a5601ef6d: Download complete
9a946082a692: Pull complete
2a318a3aa03b: Pull complete
1de558139cc2: Pull complete
bca17f8a8a29: Download complete
c720cd58b82f: Download complete
efdf886b6476: Verifying Checksum
efdf886b6476: Download complete
f2dbd038a2fb: Verifying Checksum
f2dbd038a2fb: Download complete
53024431fae2: Verifying Checksum
53024431fae2: Download complete
4497c79db972: Download complete
c13dd88defb2: Download complete
2a3b0439d56f: Download complete
e57864ae8143: Download complete
3b8c2a464735: Verifying Checksum
3b8c2a464735: Download complete
83a20d8eda58: Pull complete
d97cc40ff356: Verifying Checksum
d97cc40ff356: Download complete
40e569b2a77d: Download complete
2e3807511e7e: Pull complete
c9e20853cafe: Pull complete
ab59ea540597: Pull complete
6f45af67343c: Pull complete
11000a987582: Pull complete
40682065444e: Pull complete
398f064d2c69: Pull complete
953a5601ef6d: Pull complete
f2dbd038a2fb: Pull complete
bca17f8a8a29: Pull complete
c720cd58b82f: Pull complete
efdf886b6476: Pull complete
53024431fae2: Pull complete
4497c79db972: Pull complete
c13dd88defb2: Pull complete
2a3b0439d56f: Pull complete
e57864ae8143: Pull complete
b89d7a9c69aa: Verifying Checksum
b89d7a9c69aa: Download complete
9866fac506b1: Verifying Checksum
9866fac506b1: Download complete
f1208da0aa33: Verifying Checksum
f1208da0aa33: Download complete
51c001514b59: Verifying Checksum
51c001514b59: Download complete
af80e2284bcb: Verifying Checksum
af80e2284bcb: Download complete
be73d0321f84: Verifying Checksum
be73d0321f84: Download complete
9be8feda747c: Verifying Checksum
9be8feda747c: Download complete
9db5172f77bf: Download complete
3896fb6de74e: Verifying Checksum
3896fb6de74e: Download complete
ddc38ffa053a: Verifying Checksum
ddc38ffa053a: Download complete
b2eb268f1993: Verifying Checksum
b2eb268f1993: Download complete
d97cc40ff356: Pull complete
3b8c2a464735: Pull complete
7ee56686a0ca: Verifying Checksum
7ee56686a0ca: Download complete
411d4014c0c4: Verifying Checksum
411d4014c0c4: Download complete
b68ea54885b4: Download complete
6c404d2a5cbe: Verifying Checksum
6c404d2a5cbe: Download complete
3ef23aa813cf: Download complete
9471541d1023: Verifying Checksum
9471541d1023: Download complete
c22ac2f27831: Verifying Checksum
c22ac2f27831: Download complete
9f44834fc6c8: Verifying Checksum
9f44834fc6c8: Download complete
b89d7a9c69aa: Pull complete
40e569b2a77d: Pull complete
af80e2284bcb: Pull complete
9866fac506b1: Pull complete
f1208da0aa33: Pull complete
51c001514b59: Pull complete
be73d0321f84: Pull complete
9be8feda747c: Pull complete
9db5172f77bf: Pull complete
3896fb6de74e: Pull complete
7ee56686a0ca: Pull complete
ddc38ffa053a: Pull complete
b2eb268f1993: Pull complete
411d4014c0c4: Pull complete
b68ea54885b4: Pull complete
6c404d2a5cbe: Pull complete
c22ac2f27831: Pull complete
3ef23aa813cf: Pull complete
9471541d1023: Pull complete
docker: write /var/lib/docker/tmp/GetImageBlob2793436770: no space left on device.
See 'docker run --help'.
