Unable to find image 'n132/arvo:53158-vul' locally
53158-vul: Pulling from n132/arvo
d7bfe07ed847: Pulling fs layer
95088a006ac2: Pulling fs layer
923ecc5ed2f2: Pulling fs layer
e9c3d943e704: Pulling fs layer
8dfbf0a75ed0: Pulling fs layer
be04fd845787: Pulling fs layer
9876b7ea398b: Pulling fs layer
bdb2c8167e7e: Pulling fs layer
53c4bc05a52c: Pulling fs layer
e54cafd33672: Pulling fs layer
9e5aa43077e5: Pulling fs layer
923ecc5ed2f2: Waiting
e9c3d943e704: Waiting
8dfbf0a75ed0: Waiting
be04fd845787: Waiting
9876b7ea398b: Waiting
53c4bc05a52c: Waiting
e54cafd33672: Waiting
bdb2c8167e7e: Waiting
d7bfe07ed847: Waiting
95088a006ac2: Waiting
9e5aa43077e5: Waiting
5f8396d68966: Pulling fs layer
e3c1691191fc: Pulling fs layer
5f8396d68966: Waiting
18bc567ba5fb: Pulling fs layer
baa45a975476: Pulling fs layer
e0ace36b713a: Pulling fs layer
0fd23064151c: Pulling fs layer
18bc567ba5fb: Waiting
e3c1691191fc: Waiting
e0ace36b713a: Waiting
02578ab1065c: Pulling fs layer
0fd23064151c: Waiting
baa45a975476: Waiting
8e9e64e94608: Pulling fs layer
fbc865ba1d4e: Pulling fs layer
02578ab1065c: Waiting
8e9e64e94608: Waiting
fbc865ba1d4e: Waiting
548d7141138a: Pulling fs layer
e39bca31ffe6: Pulling fs layer
548d7141138a: Waiting
a799c77ef639: Pulling fs layer
6bc3ecc96259: Pulling fs layer
73a073c5dabe: Pulling fs layer
5c5ccc01fcc2: Pulling fs layer
6bc3ecc96259: Waiting
af208d5a627b: Pulling fs layer
4f4fb700ef54: Pulling fs layer
daa845e628fd: Pulling fs layer
ec34c38f0f7e: Pulling fs layer
ffdf8d9d516c: Pulling fs layer
e39bca31ffe6: Waiting
73a073c5dabe: Waiting
a799c77ef639: Waiting
5c5ccc01fcc2: Waiting
4f4fb700ef54: Waiting
61bb548a6b32: Pulling fs layer
af208d5a627b: Waiting
ffdf8d9d516c: Waiting
7fbb5d6a0ad0: Pulling fs layer
61bb548a6b32: Waiting
d128e798abc7: Pulling fs layer
7fbb5d6a0ad0: Waiting
d128e798abc7: Waiting
daa845e628fd: Waiting
d7bfe07ed847: Download complete
d7bfe07ed847: Pull complete
e9c3d943e704: Verifying Checksum
e9c3d943e704: Download complete
95088a006ac2: Verifying Checksum
95088a006ac2: Download complete
be04fd845787: Download complete
bdb2c8167e7e: Verifying Checksum
bdb2c8167e7e: Download complete
8dfbf0a75ed0: Verifying Checksum
8dfbf0a75ed0: Download complete
95088a006ac2: Pull complete
923ecc5ed2f2: Pull complete
e54cafd33672: Verifying Checksum
e54cafd33672: Download complete
e9c3d943e704: Pull complete
9e5aa43077e5: Verifying Checksum
9e5aa43077e5: Download complete
53c4bc05a52c: Verifying Checksum
53c4bc05a52c: Download complete
9876b7ea398b: Verifying Checksum
9876b7ea398b: Download complete
8dfbf0a75ed0: Pull complete
be04fd845787: Pull complete
e3c1691191fc: Verifying Checksum
e3c1691191fc: Download complete
5f8396d68966: Download complete
baa45a975476: Download complete
e0ace36b713a: Verifying Checksum
e0ace36b713a: Download complete
02578ab1065c: Verifying Checksum
02578ab1065c: Download complete
0fd23064151c: Verifying Checksum
0fd23064151c: Download complete
8e9e64e94608: Verifying Checksum
8e9e64e94608: Download complete
fbc865ba1d4e: Verifying Checksum
fbc865ba1d4e: Download complete
18bc567ba5fb: Verifying Checksum
18bc567ba5fb: Download complete
548d7141138a: Verifying Checksum
548d7141138a: Download complete
e39bca31ffe6: Verifying Checksum
e39bca31ffe6: Download complete
6bc3ecc96259: Verifying Checksum
6bc3ecc96259: Download complete
5c5ccc01fcc2: Verifying Checksum
5c5ccc01fcc2: Download complete
73a073c5dabe: Download complete
af208d5a627b: Verifying Checksum
af208d5a627b: Download complete
4f4fb700ef54: Download complete
daa845e628fd: Verifying Checksum
daa845e628fd: Download complete
ffdf8d9d516c: Verifying Checksum
ffdf8d9d516c: Download complete
61bb548a6b32: Verifying Checksum
61bb548a6b32: Download complete
ec34c38f0f7e: Verifying Checksum
ec34c38f0f7e: Download complete
d128e798abc7: Verifying Checksum
d128e798abc7: Download complete
docker: write /var/lib/docker/tmp/GetImageBlob110736212: no space left on device.
See 'docker run --help'.
