Unable to find image 'n132/arvo:1345-vul' locally
1345-vul: Pulling from n132/arvo
d16fc20e681d: Already exists
63f1c4e4b781: Already exists
fb4d3bb1280c: Already exists
8038895a6c2e: Already exists
43fa392d948c: Already exists
269c60a1465b: Already exists
962cf29a2bb7: Already exists
48dcb286890a: Already exists
0cede67fb003: Already exists
3c826b7674fb: Already exists
8387efc1ffde: Already exists
911ca8932ada: Already exists
8e7f672d6b82: Already exists
9d1a80471d30: Already exists
331bc47ffa98: Already exists
e6e93fcba7c8: Pulling fs layer
ffe105f6edb5: Pulling fs layer
c6afe3e7c24e: Pulling fs layer
283a1ab1265f: Pulling fs layer
61d9b4557a61: Pulling fs layer
ffe105f6edb5: Waiting
bc60754de51f: Pulling fs layer
e6e93fcba7c8: Waiting
c6afe3e7c24e: Waiting
bb3852dbdb49: Pulling fs layer
283a1ab1265f: Waiting
9f14e8db61bb: Pulling fs layer
61d9b4557a61: Waiting
8614c3b07658: Pulling fs layer
3ffed7e877cc: Pulling fs layer
5b86a748f92f: Pulling fs layer
bb3852dbdb49: Waiting
e2b62759376f: Pulling fs layer
3ffed7e877cc: Waiting
0536fa961b92: Pulling fs layer
8614c3b07658: Waiting
9f14e8db61bb: Waiting
e2b62759376f: Waiting
5abe3ab21c12: Pulling fs layer
0536fa961b92: Waiting
c495df94635e: Pulling fs layer
4c839f4affd2: Pulling fs layer
5b86a748f92f: Waiting
5abe3ab21c12: Waiting
acd657db22ae: Pulling fs layer
c495df94635e: Waiting
0b00e120a2a7: Pulling fs layer
c8ebd3b25f42: Pulling fs layer
4c839f4affd2: Waiting
acd657db22ae: Waiting
99f7da1a1fef: Pulling fs layer
0b00e120a2a7: Waiting
7259da5ace5b: Pulling fs layer
c8ebd3b25f42: Waiting
e16f7b69659f: Pulling fs layer
c914f4974c55: Pulling fs layer
7259da5ace5b: Waiting
edd814443dc7: Pulling fs layer
8c3bd530ccb8: Pulling fs layer
a9542945af93: Pulling fs layer
aa9004b65aa9: Pulling fs layer
daf548a95fed: Pulling fs layer
a9542945af93: Waiting
e2f14259960c: Pulling fs layer
c914f4974c55: Waiting
8c3bd530ccb8: Waiting
daf548a95fed: Waiting
ac4459176024: Pulling fs layer
e2f14259960c: Waiting
392d4006c1af: Pulling fs layer
aa9004b65aa9: Waiting
403644ce0d52: Pulling fs layer
392d4006c1af: Waiting
9bdcbe9501c8: Pulling fs layer
ac4459176024: Waiting
403644ce0d52: Waiting
3d30179923f0: Pulling fs layer
5056d17e71a1: Pulling fs layer
fe5380633301: Pulling fs layer
5056d17e71a1: Waiting
3d30179923f0: Waiting
ffe105f6edb5: Verifying Checksum
ffe105f6edb5: Download complete
e6e93fcba7c8: Verifying Checksum
e6e93fcba7c8: Download complete
c6afe3e7c24e: Verifying Checksum
c6afe3e7c24e: Download complete
283a1ab1265f: Verifying Checksum
283a1ab1265f: Download complete
e6e93fcba7c8: Pull complete
ffe105f6edb5: Pull complete
c6afe3e7c24e: Pull complete
283a1ab1265f: Pull complete
61d9b4557a61: Verifying Checksum
61d9b4557a61: Download complete
61d9b4557a61: Pull complete
bc60754de51f: Download complete
bc60754de51f: Pull complete
bb3852dbdb49: Verifying Checksum
bb3852dbdb49: Download complete
bb3852dbdb49: Pull complete
9f14e8db61bb: Verifying Checksum
9f14e8db61bb: Download complete
9f14e8db61bb: Pull complete
3ffed7e877cc: Verifying Checksum
3ffed7e877cc: Download complete
8614c3b07658: Verifying Checksum
8614c3b07658: Download complete
8614c3b07658: Pull complete
5b86a748f92f: Verifying Checksum
5b86a748f92f: Download complete
e2b62759376f: Download complete
3ffed7e877cc: Pull complete
5b86a748f92f: Pull complete
e2b62759376f: Pull complete
5abe3ab21c12: Download complete
0536fa961b92: Verifying Checksum
0536fa961b92: Download complete
0536fa961b92: Pull complete
5abe3ab21c12: Pull complete
c495df94635e: Verifying Checksum
c495df94635e: Download complete
c495df94635e: Pull complete
acd657db22ae: Verifying Checksum
acd657db22ae: Download complete
4c839f4affd2: Verifying Checksum
4c839f4affd2: Download complete
4c839f4affd2: Pull complete
acd657db22ae: Pull complete
c8ebd3b25f42: Verifying Checksum
c8ebd3b25f42: Download complete
0b00e120a2a7: Download complete
0b00e120a2a7: Pull complete
c8ebd3b25f42: Pull complete
7259da5ace5b: Verifying Checksum
7259da5ace5b: Download complete
99f7da1a1fef: Verifying Checksum
99f7da1a1fef: Download complete
e16f7b69659f: Verifying Checksum
e16f7b69659f: Download complete
c914f4974c55: Verifying Checksum
c914f4974c55: Download complete
99f7da1a1fef: Pull complete
8c3bd530ccb8: Verifying Checksum
8c3bd530ccb8: Download complete
7259da5ace5b: Pull complete
e16f7b69659f: Pull complete
c914f4974c55: Pull complete
edd814443dc7: Verifying Checksum
edd814443dc7: Download complete
edd814443dc7: Pull complete
8c3bd530ccb8: Pull complete
a9542945af93: Verifying Checksum
a9542945af93: Download complete
a9542945af93: Pull complete
aa9004b65aa9: Verifying Checksum
aa9004b65aa9: Download complete
aa9004b65aa9: Pull complete
daf548a95fed: Verifying Checksum
daf548a95fed: Download complete
daf548a95fed: Pull complete
e2f14259960c: Verifying Checksum
e2f14259960c: Download complete
ac4459176024: Verifying Checksum
ac4459176024: Download complete
e2f14259960c: Pull complete
ac4459176024: Pull complete
392d4006c1af: Verifying Checksum
392d4006c1af: Pull complete
9bdcbe9501c8: Verifying Checksum
9bdcbe9501c8: Download complete
3d30179923f0: Download complete
403644ce0d52: Verifying Checksum
403644ce0d52: Download complete
fe5380633301: Verifying Checksum
fe5380633301: Download complete
403644ce0d52: Pull complete
9bdcbe9501c8: Pull complete
3d30179923f0: Pull complete
docker: write /var/lib/docker/tmp/GetImageBlob2755546473: no space left on device.
See 'docker run --help'.
