Unable to find image 'n132/arvo:1378-vul' locally
1378-vul: Pulling from n132/arvo
d16fc20e681d: Already exists
63f1c4e4b781: Already exists
fb4d3bb1280c: Already exists
8038895a6c2e: Already exists
43fa392d948c: Already exists
269c60a1465b: Already exists
962cf29a2bb7: Already exists
48dcb286890a: Already exists
0cede67fb003: Already exists
3c826b7674fb: Already exists
8387efc1ffde: Already exists
911ca8932ada: Already exists
8e7f672d6b82: Already exists
9d1a80471d30: Already exists
331bc47ffa98: Already exists
f8b6edb18e7b: Pulling fs layer
663c2ea25d7c: Pulling fs layer
32a786ef48f3: Pulling fs layer
d117c199b9b8: Pulling fs layer
2b2bda3c7004: Pulling fs layer
f8b6edb18e7b: Waiting
8579482623e2: Pulling fs layer
4896f74c2ffb: Pulling fs layer
663c2ea25d7c: Waiting
f6b0cebba454: Pulling fs layer
8d75f7909cf8: Pulling fs layer
8579482623e2: Waiting
5ebfa5ca640c: Pulling fs layer
30db72960a97: Pulling fs layer
8064fd173ce4: Pulling fs layer
4896f74c2ffb: Waiting
04e2358b1051: Pulling fs layer
2b2bda3c7004: Waiting
45f46d149789: Pulling fs layer
f6b0cebba454: Waiting
424dfcca0e1c: Pulling fs layer
beea136f49a5: Pulling fs layer
8d75f7909cf8: Waiting
57aaf7afd5ec: Pulling fs layer
d117c199b9b8: Waiting
5d1d7edb3e9e: Pulling fs layer
32a786ef48f3: Waiting
38b79e192c93: Pulling fs layer
901237cdc35c: Pulling fs layer
30db72960a97: Waiting
82fca2d5e552: Pulling fs layer
c34b450de195: Pulling fs layer
beea136f49a5: Waiting
8064fd173ce4: Waiting
ac3ea040cde8: Pulling fs layer
57aaf7afd5ec: Waiting
c555e7364c83: Pulling fs layer
af4eb5f870a1: Pulling fs layer
5d1d7edb3e9e: Waiting
65709a63c563: Pulling fs layer
3ae672739998: Pulling fs layer
0ec985b7890b: Pulling fs layer
04e2358b1051: Waiting
d51d869dc497: Pulling fs layer
45f46d149789: Waiting
424dfcca0e1c: Waiting
b24904be8229: Pulling fs layer
6dd23fc0f570: Pulling fs layer
eb80fccff802: Pulling fs layer
78ad6ab8fdba: Pulling fs layer
3ae672739998: Waiting
09980c90d9a5: Pulling fs layer
8fa7e80f35f1: Pulling fs layer
1b0ccf77c952: Pulling fs layer
0ec985b7890b: Waiting
38b79e192c93: Waiting
65709a63c563: Waiting
d51d869dc497: Waiting
b24904be8229: Waiting
1b0ccf77c952: Waiting
78ad6ab8fdba: Waiting
eb80fccff802: Waiting
af4eb5f870a1: Waiting
ac3ea040cde8: Waiting
82fca2d5e552: Waiting
09980c90d9a5: Waiting
c555e7364c83: Waiting
c34b450de195: Waiting
8fa7e80f35f1: Waiting
5ebfa5ca640c: Waiting
901237cdc35c: Waiting
6dd23fc0f570: Waiting
docker: write /var/lib/docker/tmp/GetImageBlob3572308299: no space left on device.
See 'docker run --help'.
