Unable to find image 'n132/arvo:48799-vul' locally
48799-vul: Pulling from n132/arvo
d7bfe07ed847: Pulling fs layer
3dd93ef8ffd9: Pulling fs layer
790f9d0a0dce: Pulling fs layer
11cd3f144815: Pulling fs layer
aca768540b99: Pulling fs layer
3dd93ef8ffd9: Waiting
790f9d0a0dce: Waiting
35b1312e159e: Pulling fs layer
4d0ca8b7e228: Pulling fs layer
d7bfe07ed847: Waiting
414fd4239a5b: Pulling fs layer
aca768540b99: Waiting
35b1312e159e: Waiting
11cd3f144815: Waiting
4d0ca8b7e228: Waiting
134292459dc2: Pulling fs layer
3e879b680f74: Pulling fs layer
414fd4239a5b: Waiting
134292459dc2: Waiting
4e3ee7259875: Pulling fs layer
3e879b680f74: Waiting
179bd47227be: Pulling fs layer
662cb2cd82c8: Pulling fs layer
4e3ee7259875: Waiting
2b2061b7cfc8: Pulling fs layer
179bd47227be: Waiting
09a8db6460fc: Pulling fs layer
662cb2cd82c8: Waiting
35013daf344c: Pulling fs layer
2b2061b7cfc8: Waiting
e30bb79aa736: Pulling fs layer
09a8db6460fc: Waiting
a40f0e6334a1: Pulling fs layer
35013daf344c: Waiting
e30bb79aa736: Waiting
2040f9a72d25: Pulling fs layer
a40f0e6334a1: Waiting
5b9b7d46044b: Pulling fs layer
281dec0535bb: Pulling fs layer
2040f9a72d25: Waiting
5da4306d17df: Pulling fs layer
04dc48d3bd26: Pulling fs layer
281dec0535bb: Waiting
5b9b7d46044b: Waiting
5da4306d17df: Waiting
f1167ce39e52: Pulling fs layer
f1523feda020: Pulling fs layer
04dc48d3bd26: Waiting
0410d893a5de: Pulling fs layer
b54a4c25cbbd: Pulling fs layer
f1523feda020: Waiting
0410d893a5de: Waiting
0fff981639cb: Pulling fs layer
bc6ced5995f1: Pulling fs layer
0fff981639cb: Waiting
651d90da6779: Pulling fs layer
0468cb5c5ae6: Pulling fs layer
bc6ced5995f1: Waiting
16c364d26a0c: Pulling fs layer
651d90da6779: Waiting
0468cb5c5ae6: Waiting
d5227d111fa9: Pulling fs layer
4937a61a4381: Pulling fs layer
10da6967ee2c: Pulling fs layer
d5227d111fa9: Waiting
777e123af8f8: Pulling fs layer
4937a61a4381: Waiting
bf2b0c983ddd: Pulling fs layer
777e123af8f8: Waiting
e6ee86099b7f: Pulling fs layer
10da6967ee2c: Waiting
4c81fe21d7dd: Pulling fs layer
e6ee86099b7f: Waiting
0c56e8069a7c: Pulling fs layer
4c81fe21d7dd: Waiting
cd823ee49edd: Pulling fs layer
7347d8236e85: Pulling fs layer
48857f9f7220: Pulling fs layer
5faa420374f7: Pulling fs layer
48857f9f7220: Waiting
f25e7cf2a1df: Pulling fs layer
9c2d957f1653: Pulling fs layer
9c2d957f1653: Waiting
f25e7cf2a1df: Waiting
5faa420374f7: Waiting
d7bfe07ed847: Verifying Checksum
d7bfe07ed847: Download complete
790f9d0a0dce: Download complete
3dd93ef8ffd9: Verifying Checksum
3dd93ef8ffd9: Download complete
d7bfe07ed847: Pull complete
11cd3f144815: Verifying Checksum
11cd3f144815: Download complete
aca768540b99: Verifying Checksum
aca768540b99: Download complete
3dd93ef8ffd9: Pull complete
790f9d0a0dce: Pull complete
414fd4239a5b: Download complete
11cd3f144815: Pull complete
aca768540b99: Pull complete
35b1312e159e: Pull complete
134292459dc2: Verifying Checksum
134292459dc2: Download complete
4d0ca8b7e228: Verifying Checksum
4d0ca8b7e228: Download complete
4e3ee7259875: Verifying Checksum
3e879b680f74: Verifying Checksum
3e879b680f74: Download complete
179bd47227be: Download complete
2b2061b7cfc8: Verifying Checksum
2b2061b7cfc8: Download complete
662cb2cd82c8: Verifying Checksum
662cb2cd82c8: Download complete
09a8db6460fc: Verifying Checksum
09a8db6460fc: Download complete
35013daf344c: Download complete
a40f0e6334a1: Verifying Checksum
a40f0e6334a1: Download complete
e30bb79aa736: Download complete
2040f9a72d25: Download complete
281dec0535bb: Download complete
5da4306d17df: Download complete
5b9b7d46044b: Verifying Checksum
5b9b7d46044b: Download complete
4d0ca8b7e228: Pull complete
414fd4239a5b: Pull complete
134292459dc2: Pull complete
3e879b680f74: Pull complete
4e3ee7259875: Pull complete
179bd47227be: Pull complete
662cb2cd82c8: Pull complete
2b2061b7cfc8: Pull complete
09a8db6460fc: Pull complete
35013daf344c: Pull complete
e30bb79aa736: Pull complete
a40f0e6334a1: Pull complete
2040f9a72d25: Pull complete
5b9b7d46044b: Pull complete
281dec0535bb: Pull complete
5da4306d17df: Pull complete
f1167ce39e52: Verifying Checksum
f1167ce39e52: Download complete
f1523feda020: Verifying Checksum
f1523feda020: Download complete
04dc48d3bd26: Verifying Checksum
04dc48d3bd26: Download complete
b54a4c25cbbd: Verifying Checksum
b54a4c25cbbd: Download complete
bc6ced5995f1: Verifying Checksum
bc6ced5995f1: Download complete
0fff981639cb: Verifying Checksum
0fff981639cb: Download complete
651d90da6779: Verifying Checksum
651d90da6779: Download complete
0468cb5c5ae6: Verifying Checksum
0468cb5c5ae6: Download complete
16c364d26a0c: Verifying Checksum
16c364d26a0c: Download complete
d5227d111fa9: Verifying Checksum
d5227d111fa9: Download complete
4937a61a4381: Verifying Checksum
4937a61a4381: Download complete
10da6967ee2c: Verifying Checksum
10da6967ee2c: Download complete
0410d893a5de: Verifying Checksum
0410d893a5de: Download complete
e6ee86099b7f: Verifying Checksum
e6ee86099b7f: Download complete
bf2b0c983ddd: Verifying Checksum
bf2b0c983ddd: Download complete
4c81fe21d7dd: Verifying Checksum
4c81fe21d7dd: Download complete
777e123af8f8: Verifying Checksum
777e123af8f8: Download complete
0c56e8069a7c: Verifying Checksum
0c56e8069a7c: Download complete
cd823ee49edd: Verifying Checksum
cd823ee49edd: Download complete
5faa420374f7: Verifying Checksum
5faa420374f7: Download complete
48857f9f7220: Download complete
7347d8236e85: Verifying Checksum
7347d8236e85: Download complete
9c2d957f1653: Verifying Checksum
9c2d957f1653: Download complete
04dc48d3bd26: Pull complete
f1167ce39e52: Pull complete
docker: write /var/lib/docker/tmp/GetImageBlob3585667768: no space left on device.
See 'docker run --help'.
