Unable to find image 'n132/arvo:38855-vul' locally
38855-vul: Pulling from n132/arvo
35807b77a593: Already exists
d4eb1500b53f: Already exists
87f97e83bc2b: Already exists
f7744a033683: Already exists
d9a1f02cbff7: Already exists
0c539a3e96d1: Already exists
434038efcd08: Already exists
5bf93beadac7: Already exists
819e0f6fc0b8: Already exists
235e956571b4: Already exists
7ecff5452269: Already exists
0e52663c2f75: Already exists
4a52d2cbbd99: Already exists
636d4ceeeb0d: Already exists
a90546d23802: Already exists
d0925daf5b28: Already exists
f8b8460fabc6: Already exists
fdb39372504d: Already exists
aff682097fce: Already exists
cf3f651df1f3: Already exists
4522750874b2: Pulling fs layer
efebf3070ab5: Pulling fs layer
eacb3ab043f5: Pulling fs layer
7fdb5218dd35: Pulling fs layer
cbb6867a633c: Pulling fs layer
6526b1633d8b: Pulling fs layer
27577e3ed4ca: Pulling fs layer
5b3006b549f4: Pulling fs layer
bbe8757b94cc: Pulling fs layer
7fdb5218dd35: Waiting
866f1616c28b: Pulling fs layer
cbb6867a633c: Waiting
8ab454ebd22a: Pulling fs layer
6526b1633d8b: Waiting
a1e23e4d8664: Pulling fs layer
60a17c04497b: Pulling fs layer
9b7642f2fbcd: Pulling fs layer
573444f6acbd: Pulling fs layer
1f7dafcd02ed: Pulling fs layer
bbe8757b94cc: Waiting
021daa63ce46: Pulling fs layer
f6e50984e039: Pulling fs layer
4522750874b2: Waiting
e091483f1309: Pulling fs layer
5b3006b549f4: Waiting
6068494b8e44: Pulling fs layer
802e38cf7d93: Pulling fs layer
573444f6acbd: Waiting
ddf4f50717b1: Pulling fs layer
021daa63ce46: Waiting
1f7dafcd02ed: Waiting
eacb3ab043f5: Waiting
efebf3070ab5: Waiting
60a17c04497b: Waiting
9b7642f2fbcd: Waiting
802e38cf7d93: Waiting
e091483f1309: Waiting
ddf4f50717b1: Waiting
6068494b8e44: Waiting
a1e23e4d8664: Waiting
eacb3ab043f5: Verifying Checksum
eacb3ab043f5: Download complete
efebf3070ab5: Verifying Checksum
efebf3070ab5: Download complete
cbb6867a633c: Verifying Checksum
cbb6867a633c: Download complete
4522750874b2: Verifying Checksum
27577e3ed4ca: Verifying Checksum
27577e3ed4ca: Download complete
5b3006b549f4: Verifying Checksum
5b3006b549f4: Download complete
6526b1633d8b: Verifying Checksum
6526b1633d8b: Download complete
bbe8757b94cc: Verifying Checksum
bbe8757b94cc: Download complete
7fdb5218dd35: Verifying Checksum
7fdb5218dd35: Download complete
866f1616c28b: Download complete
8ab454ebd22a: Verifying Checksum
8ab454ebd22a: Download complete
60a17c04497b: Verifying Checksum
60a17c04497b: Download complete
a1e23e4d8664: Download complete
573444f6acbd: Verifying Checksum
573444f6acbd: Download complete
1f7dafcd02ed: Verifying Checksum
1f7dafcd02ed: Download complete
9b7642f2fbcd: Verifying Checksum
9b7642f2fbcd: Download complete
021daa63ce46: Verifying Checksum
021daa63ce46: Download complete
f6e50984e039: Download complete
e091483f1309: Verifying Checksum
e091483f1309: Download complete
ddf4f50717b1: Verifying Checksum
ddf4f50717b1: Download complete
6068494b8e44: Download complete
4522750874b2: Pull complete
efebf3070ab5: Pull complete
eacb3ab043f5: Pull complete
7fdb5218dd35: Pull complete
cbb6867a633c: Pull complete
6526b1633d8b: Pull complete
27577e3ed4ca: Pull complete
5b3006b549f4: Pull complete
bbe8757b94cc: Pull complete
866f1616c28b: Pull complete
8ab454ebd22a: Pull complete
a1e23e4d8664: Pull complete
60a17c04497b: Pull complete
9b7642f2fbcd: Pull complete
573444f6acbd: Pull complete
1f7dafcd02ed: Pull complete
021daa63ce46: Pull complete
f6e50984e039: Pull complete
e091483f1309: Pull complete
6068494b8e44: Pull complete
docker: write /var/lib/docker/tmp/GetImageBlob2657620580: no space left on device.
See 'docker run --help'.
