Unable to find image 'n132/arvo:13851-vul' locally
13851-vul: Pulling from n132/arvo
34667c7e4631: Pulling fs layer
d18d76a881a4: Pulling fs layer
119c7358fbfc: Pulling fs layer
2aaf13f3eff0: Pulling fs layer
d18d76a881a4: Waiting
34667c7e4631: Waiting
2aaf13f3eff0: Waiting
833176b94784: Pulling fs layer
1b763a2d1a9b: Pulling fs layer
833176b94784: Waiting
bb3dcb92a7cf: Pulling fs layer
1b763a2d1a9b: Waiting
aacf3ddefaf5: Pulling fs layer
7a293537d161: Pulling fs layer
bb3dcb92a7cf: Waiting
aacf3ddefaf5: Waiting
370a364ad623: Pulling fs layer
7a293537d161: Waiting
965a76613907: Pulling fs layer
533205e6ded4: Pulling fs layer
965a76613907: Waiting
5a92530c3949: Pulling fs layer
533205e6ded4: Waiting
56c941d7b36f: Pulling fs layer
6d08e08fa54c: Pulling fs layer
e3fafe968b53: Pulling fs layer
63787f46280d: Pulling fs layer
56c941d7b36f: Waiting
6d08e08fa54c: Waiting
e3fafe968b53: Waiting
cb332bac7906: Pulling fs layer
63787f46280d: Waiting
9e8be8dbd175: Pulling fs layer
cb332bac7906: Waiting
ab24627e1a0e: Pulling fs layer
784bbe74f84c: Pulling fs layer
ab24627e1a0e: Waiting
4ac08935ec19: Pulling fs layer
784bbe74f84c: Waiting
7c30a84dc733: Pulling fs layer
4ac08935ec19: Waiting
50cff7766a09: Pulling fs layer
7c30a84dc733: Waiting
50cff7766a09: Waiting
c656e54f7355: Pulling fs layer
973ed6c46444: Pulling fs layer
9a493ff3968c: Pulling fs layer
c656e54f7355: Waiting
a7c3f48e39aa: Pulling fs layer
973ed6c46444: Waiting
9a493ff3968c: Waiting
27250b07a227: Pulling fs layer
0ad0f4eaf50f: Pulling fs layer
da8d25e960aa: Pulling fs layer
0ad0f4eaf50f: Waiting
b7a2680ebfd5: Pulling fs layer
da8d25e960aa: Waiting
b7a2680ebfd5: Waiting
490a33f1f937: Pulling fs layer
c7459ac5e458: Pulling fs layer
2a60d5ff7400: Pulling fs layer
c7459ac5e458: Waiting
d0c89e25de4f: Pulling fs layer
2a60d5ff7400: Waiting
106c796446bd: Pulling fs layer
ed8733cb5400: Pulling fs layer
106c796446bd: Waiting
d0c89e25de4f: Waiting
f0a563d1c9b1: Pulling fs layer
01304577635e: Pulling fs layer
f0a563d1c9b1: Waiting
ed8733cb5400: Waiting
35b9fc97eb89: Pulling fs layer
353070ceedf2: Pulling fs layer
35b9fc97eb89: Waiting
65c9f78c1f87: Pulling fs layer
e2f237685ebc: Pulling fs layer
e4c9399d484e: Pulling fs layer
65c9f78c1f87: Waiting
cc2db79805de: Pulling fs layer
e4c9399d484e: Waiting
a7f4d901a311: Pulling fs layer
0abfbc1c35c2: Pulling fs layer
cc2db79805de: Waiting
66a173456f7d: Pulling fs layer
0abfbc1c35c2: Waiting
e8997f0df306: Pulling fs layer
66a173456f7d: Waiting
dc3006fc64fc: Pulling fs layer
9210299f3fb6: Pulling fs layer
e3f0aa82fb2f: Pulling fs layer
e8997f0df306: Waiting
dc3006fc64fc: Waiting
e3f0aa82fb2f: Waiting
d18d76a881a4: Verifying Checksum
d18d76a881a4: Download complete
34667c7e4631: Download complete
2aaf13f3eff0: Download complete
34667c7e4631: Pull complete
d18d76a881a4: Pull complete
119c7358fbfc: Pull complete
2aaf13f3eff0: Pull complete
370a364ad623: Waiting
5a92530c3949: Waiting
9e8be8dbd175: Waiting
a7c3f48e39aa: Waiting
27250b07a227: Waiting
490a33f1f937: Waiting
01304577635e: Waiting
353070ceedf2: Waiting
e2f237685ebc: Waiting
a7f4d901a311: Waiting
9210299f3fb6: Waiting
docker: write /var/lib/docker/tmp/GetImageBlob2203340545: no space left on device.
See 'docker run --help'.
