Unable to find image 'n132/arvo:8743-vul' locally
8743-vul: Pulling from n132/arvo
297061f60c36: Already exists
e9ccef17b516: Already exists
dbc33716854d: Already exists
8fe36b178d25: Already exists
686596545a94: Already exists
dcd5c3fae03a: Pulling fs layer
b185ad8a5803: Pulling fs layer
691c44d8650f: Pulling fs layer
eb38715ac26f: Pulling fs layer
d22955ec0608: Pulling fs layer
a96397e1b962: Pulling fs layer
bd50ea5a7863: Pulling fs layer
8f3d86761d2c: Pulling fs layer
ada9e45150f2: Pulling fs layer
cb78044c2fe3: Pulling fs layer
c95372feab6c: Pulling fs layer
fd81a30227b0: Pulling fs layer
fcebb5459236: Pulling fs layer
0b50fdd9ab21: Pulling fs layer
d22955ec0608: Waiting
ed7781d119c5: Pulling fs layer
b9b510219eb5: Pulling fs layer
1656d18f564c: Pulling fs layer
b185ad8a5803: Waiting
a260f14f468c: Pulling fs layer
a09b325633e6: Pulling fs layer
bbc9dd5d77e4: Pulling fs layer
dcd5c3fae03a: Waiting
cccbc49b273a: Pulling fs layer
fd81a30227b0: Waiting
cbec9474384f: Pulling fs layer
d38aa63f80c7: Pulling fs layer
691c44d8650f: Waiting
65fe35e99d81: Pulling fs layer
a96397e1b962: Waiting
fa093300ce9b: Pulling fs layer
bd50ea5a7863: Waiting
2c44053a18a3: Pulling fs layer
14e826e09a31: Pulling fs layer
ada9e45150f2: Waiting
a18f0536dcd9: Pulling fs layer
8f3d86761d2c: Waiting
f72dd7f7f481: Pulling fs layer
e8f04c176659: Pulling fs layer
cb78044c2fe3: Waiting
eb38715ac26f: Waiting
0343f85c20d3: Pulling fs layer
bbc9dd5d77e4: Waiting
46339050f4db: Pulling fs layer
fa093300ce9b: Waiting
fcebb5459236: Waiting
cccbc49b273a: Waiting
922dfc5c9028: Pulling fs layer
a18f0536dcd9: Waiting
0b50fdd9ab21: Waiting
4f4fb700ef54: Pulling fs layer
ed7781d119c5: Waiting
2c44053a18a3: Waiting
cbec9474384f: Waiting
4319f8dfef08: Pulling fs layer
b9b510219eb5: Waiting
d38aa63f80c7: Waiting
0343f85c20d3: Waiting
14e826e09a31: Waiting
1656d18f564c: Waiting
9fde93f55e5b: Pulling fs layer
f72dd7f7f481: Waiting
a260f14f468c: Waiting
aff15af089f4: Pulling fs layer
a09b325633e6: Waiting
4f4fb700ef54: Waiting
aff15af089f4: Waiting
4319f8dfef08: Waiting
46339050f4db: Waiting
9fde93f55e5b: Waiting
65fe35e99d81: Waiting
922dfc5c9028: Waiting
c95372feab6c: Waiting
e8f04c176659: Waiting
b185ad8a5803: Download complete
dcd5c3fae03a: Download complete
691c44d8650f: Download complete
d22955ec0608: Verifying Checksum
d22955ec0608: Download complete
bd50ea5a7863: Verifying Checksum
bd50ea5a7863: Download complete
a96397e1b962: Verifying Checksum
a96397e1b962: Download complete
dcd5c3fae03a: Pull complete
b185ad8a5803: Pull complete
691c44d8650f: Pull complete
ada9e45150f2: Download complete
8f3d86761d2c: Verifying Checksum
8f3d86761d2c: Download complete
c95372feab6c: Verifying Checksum
c95372feab6c: Download complete
fd81a30227b0: Verifying Checksum
fd81a30227b0: Download complete
cb78044c2fe3: Verifying Checksum
cb78044c2fe3: Download complete
fcebb5459236: Verifying Checksum
fcebb5459236: Download complete
eb38715ac26f: Download complete
0b50fdd9ab21: Verifying Checksum
0b50fdd9ab21: Download complete
1656d18f564c: Verifying Checksum
1656d18f564c: Download complete
a260f14f468c: Verifying Checksum
a260f14f468c: Download complete
a09b325633e6: Verifying Checksum
a09b325633e6: Download complete
bbc9dd5d77e4: Verifying Checksum
bbc9dd5d77e4: Download complete
ed7781d119c5: Verifying Checksum
ed7781d119c5: Download complete
cccbc49b273a: Verifying Checksum
cccbc49b273a: Download complete
cbec9474384f: Verifying Checksum
cbec9474384f: Download complete
d38aa63f80c7: Download complete
fa093300ce9b: Verifying Checksum
fa093300ce9b: Download complete
b9b510219eb5: Verifying Checksum
b9b510219eb5: Download complete
2c44053a18a3: Verifying Checksum
2c44053a18a3: Download complete
14e826e09a31: Verifying Checksum
14e826e09a31: Download complete
65fe35e99d81: Download complete
a18f0536dcd9: Download complete
e8f04c176659: Verifying Checksum
e8f04c176659: Download complete
f72dd7f7f481: Verifying Checksum
f72dd7f7f481: Download complete
46339050f4db: Verifying Checksum
46339050f4db: Download complete
4f4fb700ef54: Verifying Checksum
4f4fb700ef54: Download complete
4319f8dfef08: Download complete
0343f85c20d3: Verifying Checksum
0343f85c20d3: Download complete
eb38715ac26f: Pull complete
d22955ec0608: Pull complete
aff15af089f4: Verifying Checksum
aff15af089f4: Download complete
a96397e1b962: Pull complete
bd50ea5a7863: Pull complete
8f3d86761d2c: Pull complete
ada9e45150f2: Pull complete
922dfc5c9028: Verifying Checksum
922dfc5c9028: Download complete
cb78044c2fe3: Pull complete
c95372feab6c: Pull complete
fd81a30227b0: Pull complete
fcebb5459236: Pull complete
0b50fdd9ab21: Pull complete
9fde93f55e5b: Verifying Checksum
9fde93f55e5b: Download complete
ed7781d119c5: Pull complete
b9b510219eb5: Pull complete
1656d18f564c: Pull complete
a260f14f468c: Pull complete
a09b325633e6: Pull complete
bbc9dd5d77e4: Pull complete
cccbc49b273a: Pull complete
cbec9474384f: Pull complete
d38aa63f80c7: Pull complete
65fe35e99d81: Pull complete
fa093300ce9b: Pull complete
2c44053a18a3: Pull complete
14e826e09a31: Pull complete
a18f0536dcd9: Pull complete
f72dd7f7f481: Pull complete
e8f04c176659: Pull complete
0343f85c20d3: Pull complete
46339050f4db: Pull complete
922dfc5c9028: Pull complete
4f4fb700ef54: Pull complete
4319f8dfef08: Pull complete
docker: failed to register layer: write /out/coder_PNG_fuzzer: no space left on device.
See 'docker run --help'.
81: Pull complete
e8f04c176659: Pull complete
0343f85c20d3: Pull complete
46339050f4db: Pull complete
922dfc5c9028: Pull complete
4f4fb700ef54: Pull complete
4319f8dfef08: Pull complete
docker: failed to register layer: write /out/coder_PNG_fuzzer: no space left on device.
See 'docker run --help'.
