Unable to find image 'n132/arvo:50014-vul' locally
50014-vul: Pulling from n132/arvo
d7bfe07ed847: Pulling fs layer
3dd93ef8ffd9: Pulling fs layer
d7bfe07ed847: Waiting
790f9d0a0dce: Pulling fs layer
3dd93ef8ffd9: Waiting
11cd3f144815: Pulling fs layer
790f9d0a0dce: Waiting
aca768540b99: Pulling fs layer
11cd3f144815: Waiting
aca768540b99: Waiting
35b1312e159e: Pulling fs layer
4d0ca8b7e228: Pulling fs layer
414fd4239a5b: Pulling fs layer
134292459dc2: Pulling fs layer
3e879b680f74: Pulling fs layer
4e3ee7259875: Pulling fs layer
4d0ca8b7e228: Waiting
179bd47227be: Pulling fs layer
4e3ee7259875: Waiting
134292459dc2: Waiting
3e879b680f74: Waiting
35b1312e159e: Waiting
414fd4239a5b: Waiting
662cb2cd82c8: Pulling fs layer
179bd47227be: Waiting
662cb2cd82c8: Waiting
2b2061b7cfc8: Pulling fs layer
09a8db6460fc: Pulling fs layer
35013daf344c: Pulling fs layer
e30bb79aa736: Pulling fs layer
09a8db6460fc: Waiting
2b2061b7cfc8: Waiting
a40f0e6334a1: Pulling fs layer
2040f9a72d25: Pulling fs layer
35013daf344c: Waiting
a40f0e6334a1: Waiting
5b9b7d46044b: Pulling fs layer
e30bb79aa736: Waiting
2040f9a72d25: Waiting
281dec0535bb: Pulling fs layer
5b9b7d46044b: Waiting
281dec0535bb: Waiting
5da4306d17df: Pulling fs layer
5da4306d17df: Waiting
6dd18e771df0: Pulling fs layer
ca23bf58048c: Pulling fs layer
3e127d20cbe0: Pulling fs layer
6dd18e771df0: Waiting
ca23bf58048c: Waiting
00c6596b4103: Pulling fs layer
d9dfa4d41e84: Pulling fs layer
00c6596b4103: Waiting
7834c5ea9feb: Pulling fs layer
d9dfa4d41e84: Waiting
6273083b81f7: Pulling fs layer
7834c5ea9feb: Waiting
3e127d20cbe0: Waiting
7f7aca6f31ff: Pulling fs layer
c63306586b3d: Pulling fs layer
6273083b81f7: Waiting
7f7aca6f31ff: Waiting
624b5edfb9a5: Pulling fs layer
c63306586b3d: Waiting
5a72cdb3a481: Pulling fs layer
624b5edfb9a5: Waiting
9fa2929b78e4: Pulling fs layer
ebbcc639e348: Pulling fs layer
c130aa4833f9: Pulling fs layer
ebbcc639e348: Waiting
e56aa3b29bad: Pulling fs layer
c4bd8a909206: Pulling fs layer
e56aa3b29bad: Waiting
1fe9a962e989: Pulling fs layer
c4bd8a909206: Waiting
fa2d6f4ff7e3: Pulling fs layer
c130aa4833f9: Waiting
89d4c016e0d4: Pulling fs layer
1fe9a962e989: Waiting
fa2d6f4ff7e3: Waiting
5bc1e2019697: Pulling fs layer
89d4c016e0d4: Waiting
7f96a15f3fca: Pulling fs layer
01ee476df5eb: Pulling fs layer
7f96a15f3fca: Waiting
5bc1e2019697: Waiting
b6450def8f3e: Pulling fs layer
01ee476df5eb: Waiting
cb0b34e239f1: Pulling fs layer
b6450def8f3e: Waiting
cb0b34e239f1: Waiting
d7bfe07ed847: Download complete
790f9d0a0dce: Download complete
3dd93ef8ffd9: Download complete
d7bfe07ed847: Pull complete
11cd3f144815: Verifying Checksum
11cd3f144815: Download complete
35b1312e159e: Download complete
aca768540b99: Verifying Checksum
aca768540b99: Download complete
3dd93ef8ffd9: Pull complete
790f9d0a0dce: Pull complete
414fd4239a5b: Download complete
11cd3f144815: Pull complete
aca768540b99: Pull complete
35b1312e159e: Pull complete
134292459dc2: Download complete
4d0ca8b7e228: Verifying Checksum
4d0ca8b7e228: Download complete
4e3ee7259875: Verifying Checksum
4e3ee7259875: Download complete
3e879b680f74: Verifying Checksum
3e879b680f74: Download complete
179bd47227be: Verifying Checksum
179bd47227be: Download complete
2b2061b7cfc8: Download complete
662cb2cd82c8: Verifying Checksum
662cb2cd82c8: Download complete
09a8db6460fc: Verifying Checksum
09a8db6460fc: Download complete
35013daf344c: Verifying Checksum
35013daf344c: Download complete
a40f0e6334a1: Verifying Checksum
a40f0e6334a1: Download complete
e30bb79aa736: Download complete
2040f9a72d25: Download complete
281dec0535bb: Download complete
5da4306d17df: Download complete
5b9b7d46044b: Download complete
4d0ca8b7e228: Pull complete
414fd4239a5b: Pull complete
134292459dc2: Pull complete
3e879b680f74: Pull complete
4e3ee7259875: Pull complete
179bd47227be: Pull complete
662cb2cd82c8: Pull complete
2b2061b7cfc8: Pull complete
09a8db6460fc: Pull complete
35013daf344c: Pull complete
e30bb79aa736: Pull complete
a40f0e6334a1: Pull complete
2040f9a72d25: Pull complete
5b9b7d46044b: Pull complete
281dec0535bb: Pull complete
5da4306d17df: Pull complete
ca23bf58048c: Verifying Checksum
ca23bf58048c: Download complete
6dd18e771df0: Verifying Checksum
6dd18e771df0: Download complete
7834c5ea9feb: Verifying Checksum
d9dfa4d41e84: Verifying Checksum
d9dfa4d41e84: Download complete
6273083b81f7: Download complete
7f7aca6f31ff: Verifying Checksum
7f7aca6f31ff: Download complete
c63306586b3d: Verifying Checksum
c63306586b3d: Download complete
9fa2929b78e4: Download complete
5a72cdb3a481: Verifying Checksum
5a72cdb3a481: Download complete
ebbcc639e348: Verifying Checksum
ebbcc639e348: Download complete
e56aa3b29bad: Download complete
c4bd8a909206: Verifying Checksum
c4bd8a909206: Download complete
00c6596b4103: Verifying Checksum
00c6596b4103: Download complete
7834c5ea9feb: Download complete
624b5edfb9a5: Download complete
fa2d6f4ff7e3: Verifying Checksum
fa2d6f4ff7e3: Download complete
c130aa4833f9: Verifying Checksum
c130aa4833f9: Download complete
89d4c016e0d4: Verifying Checksum
89d4c016e0d4: Download complete
7f96a15f3fca: Verifying Checksum
7f96a15f3fca: Download complete
1fe9a962e989: Download complete
01ee476df5eb: Download complete
5bc1e2019697: Verifying Checksum
5bc1e2019697: Download complete
cb0b34e239f1: Verifying Checksum
cb0b34e239f1: Download complete
docker: write /var/lib/docker/tmp/GetImageBlob3366210639: no space left on device.
See 'docker run --help'.
