Unable to find image 'n132/arvo:64990-vul' locally
64990-vul: Pulling from n132/arvo
7608715873ec: Already exists
6a031355e5a4: Pulling fs layer
0b72f79bb618: Pulling fs layer
90335b886515: Pulling fs layer
4acfddd8e55d: Pulling fs layer
e7da934767ce: Pulling fs layer
0b72f79bb618: Waiting
ca48cdf3983f: Pulling fs layer
6a031355e5a4: Waiting
90335b886515: Waiting
7dbcdbf5d55f: Pulling fs layer
50e9c68d34ea: Pulling fs layer
e7da934767ce: Waiting
4acfddd8e55d: Waiting
4e836e3eed39: Pulling fs layer
7dbcdbf5d55f: Waiting
4b5040227f1e: Pulling fs layer
d3fb02ed4540: Pulling fs layer
ca48cdf3983f: Waiting
1f5f6d4a864c: Pulling fs layer
fac93c045c91: Pulling fs layer
8846363f4f98: Pulling fs layer
625645c62835: Pulling fs layer
ef05bcbd095c: Pulling fs layer
c3f48f44c27e: Pulling fs layer
d3fb02ed4540: Waiting
534e4ce04141: Pulling fs layer
fac93c045c91: Waiting
bcc4f22e74eb: Pulling fs layer
50e9c68d34ea: Waiting
1f5f6d4a864c: Waiting
b92dd1a5cf6c: Pulling fs layer
4e836e3eed39: Waiting
ef05bcbd095c: Waiting
4b5040227f1e: Waiting
b4e67ac51e1a: Pulling fs layer
8846363f4f98: Waiting
534e4ce04141: Waiting
c3f48f44c27e: Waiting
1dd8dea6f287: Pulling fs layer
625645c62835: Waiting
9db7b76f6a4a: Pulling fs layer
b92dd1a5cf6c: Waiting
b4e67ac51e1a: Waiting
bcc4f22e74eb: Waiting
4e2c795fe7b7: Pulling fs layer
1dd8dea6f287: Waiting
8a57f4724c32: Pulling fs layer
9db7b76f6a4a: Waiting
73ce5d51499a: Pulling fs layer
66494ca4c4bd: Pulling fs layer
8a57f4724c32: Waiting
86951b715a9f: Pulling fs layer
73ce5d51499a: Waiting
5dda498c2b68: Pulling fs layer
66494ca4c4bd: Waiting
2aefa3045c98: Pulling fs layer
86951b715a9f: Waiting
5dda498c2b68: Waiting
91c1c9bc6630: Pulling fs layer
3d2a044b2844: Pulling fs layer
45094ef860a2: Pulling fs layer
91c1c9bc6630: Waiting
5712e91d1ecd: Pulling fs layer
2aefa3045c98: Waiting
b3ddde29774a: Pulling fs layer
b1cc0136a9d7: Pulling fs layer
45094ef860a2: Waiting
3d2a044b2844: Waiting
30a64b315299: Pulling fs layer
6d0523bcb8ea: Pulling fs layer
b3ddde29774a: Waiting
37b041539a2c: Pulling fs layer
5712e91d1ecd: Waiting
b1cc0136a9d7: Waiting
30a64b315299: Waiting
99d356d3837d: Pulling fs layer
6d0523bcb8ea: Waiting
37b041539a2c: Waiting
cdc78f442acb: Pulling fs layer
99d356d3837d: Waiting
653a55ed2546: Pulling fs layer
b081d133fd9e: Pulling fs layer
cdc78f442acb: Waiting
e4cd6381df6a: Pulling fs layer
653a55ed2546: Waiting
cf4105ccca54: Pulling fs layer
b081d133fd9e: Waiting
e4cd6381df6a: Waiting
dc0f7854bb52: Pulling fs layer
4e2c795fe7b7: Waiting
f54e9b8f0369: Pulling fs layer
cf4105ccca54: Waiting
576b24e987df: Pulling fs layer
dc0f7854bb52: Waiting
c10cbe57a1af: Pulling fs layer
f54e9b8f0369: Waiting
576b24e987df: Waiting
e878b895167c: Pulling fs layer
795708f5aa20: Pulling fs layer
c10cbe57a1af: Waiting
e878b895167c: Waiting
06a51a1e72a7: Pulling fs layer
92d3d99fed72: Pulling fs layer
5f1a087228a7: Pulling fs layer
795708f5aa20: Waiting
06a51a1e72a7: Waiting
d6c4d4dada17: Pulling fs layer
92d3d99fed72: Waiting
5f1a087228a7: Waiting
5dd4141de629: Pulling fs layer
ed056682736e: Pulling fs layer
d6c4d4dada17: Waiting
5dd4141de629: Waiting
928c61608429: Pulling fs layer
ed056682736e: Waiting
869fdbb5069a: Pulling fs layer
e8fafe2c5eaf: Pulling fs layer
928c61608429: Waiting
63581e1b6c00: Pulling fs layer
869fdbb5069a: Waiting
c89fccb21387: Pulling fs layer
e8fafe2c5eaf: Waiting
e15580786cbe: Pulling fs layer
63581e1b6c00: Waiting
c89fccb21387: Waiting
0c00d0e7180f: Pulling fs layer
693a5883438d: Pulling fs layer
e15580786cbe: Waiting
0c00d0e7180f: Waiting
fdd7e13cebe5: Pulling fs layer
64656e2bb84e: Pulling fs layer
693a5883438d: Waiting
3f93bcfb2cce: Pulling fs layer
e010a187ff95: Pulling fs layer
de36868ab7cf: Pulling fs layer
64656e2bb84e: Waiting
7bdb07b32744: Pulling fs layer
fdd7e13cebe5: Waiting
4f4fb700ef54: 0b72f79bb618: Verifying Checksum
0b72f79bb618: Download complete
6a031355e5a4: Verifying Checksum
6a031355e5a4: Download complete
90335b886515: Verifying Checksum
90335b886515: Download complete
4acfddd8e55d: Verifying Checksum
4acfddd8e55d: Download complete
e7da934767ce: Download complete
7dbcdbf5d55f: Verifying Checksum
7dbcdbf5d55f: Download complete
6a031355e5a4: Pull complete
0b72f79bb618: Pull complete
90335b886515: Pull complete
4acfddd8e55d: Pull complete
e7da934767ce: Pull complete
ca48cdf3983f: Verifying Checksum
ca48cdf3983f: Download complete
50e9c68d34ea: Download complete
4b5040227f1e: Verifying Checksum
4b5040227f1e: Download complete
4e836e3eed39: Verifying Checksum
4e836e3eed39: Download complete
1f5f6d4a864c: Download complete
fac93c045c91: Download complete
8846363f4f98: Verifying Checksum
8846363f4f98: Download complete
d3fb02ed4540: Verifying Checksum
625645c62835: Verifying Checksum
625645c62835: Download complete
ef05bcbd095c: Verifying Checksum
ef05bcbd095c: Download complete
c3f48f44c27e: Download complete
bcc4f22e74eb: Verifying Checksum
bcc4f22e74eb: Download complete
1dd8dea6f287: Download complete
b4e67ac51e1a: Download complete
9db7b76f6a4a: Verifying Checksum
9db7b76f6a4a: Download complete
4e2c795fe7b7: Verifying Checksum
4e2c795fe7b7: Download complete
b92dd1a5cf6c: Verifying Checksum
b92dd1a5cf6c: Download complete
73ce5d51499a: Download complete
8a57f4724c32: Verifying Checksum
8a57f4724c32: Download complete
d3fb02ed4540: Download complete
66494ca4c4bd: Verifying Checksum
66494ca4c4bd: Download complete
86951b715a9f: Download complete
5dda498c2b68: Verifying Checksum
5dda498c2b68: Download complete
91c1c9bc6630: Verifying Checksum
91c1c9bc6630: Download complete
3d2a044b2844: Verifying Checksum
3d2a044b2844: Download complete
2aefa3045c98: Verifying Checksum
2aefa3045c98: Download complete
5712e91d1ecd: Verifying Checksum
5712e91d1ecd: Download complete
b3ddde29774a: Verifying Checksum
b3ddde29774a: Download complete
b1cc0136a9d7: Verifying Checksum
b1cc0136a9d7: Download complete
30a64b315299: Verifying Checksum
30a64b315299: Download complete
6d0523bcb8ea: Verifying Checksum
6d0523bcb8ea: Download complete
45094ef860a2: Verifying Checksum
45094ef860a2: Download complete
99d356d3837d: Download complete
37b041539a2c: Verifying Checksum
37b041539a2c: Download complete
653a55ed2546: Verifying Checksum
653a55ed2546: Download complete
e4cd6381df6a: Verifying Checksum
e4cd6381df6a: Download complete
b081d133fd9e: Verifying Checksum
b081d133fd9e: Download complete
cf4105ccca54: Verifying Checksum
cf4105ccca54: Download complete
cdc78f442acb: Verifying Checksum
cdc78f442acb: Download complete
dc0f7854bb52: Download complete
f54e9b8f0369: Download complete
c10cbe57a1af: Verifying Checksum
e878b895167c: Verifying Checksum
e878b895167c: Download complete
576b24e987df: Verifying Checksum
576b24e987df: Download complete
c10cbe57a1af: Download complete
06a51a1e72a7: Download complete
795708f5aa20: Verifying Checksum
795708f5aa20: Download complete
5f1a087228a7: Verifying Checksum
5f1a087228a7: Download complete
5dd4141de629: Verifying Checksum
5dd4141de629: Download complete
d6c4d4dada17: Verifying Checksum
d6c4d4dada17: Download complete
92d3d99fed72: Verifying Checksum
92d3d99fed72: Download complete
ed056682736e: Download complete
928c61608429: Verifying Checksum
928c61608429: Download complete
e8fafe2c5eaf: Verifying Checksum
e8fafe2c5eaf: Download complete
63581e1b6c00: Verifying Checksum
63581e1b6c00: Download complete
e15580786cbe: Verifying Checksum
e15580786cbe: Download complete
869fdbb5069a: Download complete
0c00d0e7180f: Verifying Checksum
0c00d0e7180f: Download complete
c89fccb21387: Verifying Checksum
c89fccb21387: Download complete
693a5883438d: Verifying Checksum
693a5883438d: Download complete
fdd7e13cebe5: Verifying Checksum
fdd7e13cebe5: Download complete
e010a187ff95: Download complete
de36868ab7cf: Verifying Checksum
de36868ab7cf: Download complete
64656e2bb84e: Verifying Checksum
64656e2bb84e: Download complete
4f4fb700ef54: Download complete
7bdb07b32744: Download complete
bfaf17f722c7: Verifying Checksum
bfaf17f722c7: Download complete
cd6e27bef5f9: Verifying Checksum
cd6e27bef5f9: Download complete
3f93bcfb2cce: Verifying Checksum
3f93bcfb2cce: Download complete
docker: write /var/lib/docker/tmp/GetImageBlob1041490247: no space left on device.
See 'docker run --help'.
ifying Checksum
bfaf17f722c7: Download complete
cd6e27bef5f9: Verifying Checksum
cd6e27bef5f9: Download complete
3f93bcfb2cce: Verifying Checksum
3f93bcfb2cce: Download complete
docker: write /var/lib/docker/tmp/GetImageBlob1041490247: no space left on device.
See 'docker run --help'.
