Unable to find image 'n132/arvo:57825-vul' locally
57825-vul: Pulling from n132/arvo
7608715873ec: Already exists
ae415db10c28: Pulling fs layer
3df13df25856: Pulling fs layer
2e457be5f03c: Pulling fs layer
4e1301d90f76: Pulling fs layer
cd4786088128: Pulling fs layer
9a946082a692: Pulling fs layer
2a318a3aa03b: Pulling fs layer
1de558139cc2: Pulling fs layer
83a20d8eda58: Pulling fs layer
2e3807511e7e: Pulling fs layer
2e457be5f03c: Waiting
c9e20853cafe: Pulling fs layer
ab59ea540597: Pulling fs layer
6f45af67343c: Pulling fs layer
11000a987582: Pulling fs layer
40682065444e: Pulling fs layer
398f064d2c69: Pulling fs layer
953a5601ef6d: Pulling fs layer
f2dbd038a2fb: Pulling fs layer
bca17f8a8a29: Pulling fs layer
c720cd58b82f: Pulling fs layer
efdf886b6476: Pulling fs layer
53024431fae2: Pulling fs layer
4497c79db972: Pulling fs layer
c13dd88defb2: Pulling fs layer
2a3b0439d56f: Pulling fs layer
e57864ae8143: Pulling fs layer
ae415db10c28: Waiting
f7e2b7b03cb9: Pulling fs layer
dd8b7fa6b16f: Pulling fs layer
3df13df25856: Waiting
f2dbd038a2fb: Waiting
2e3807511e7e: Waiting
c9e20853cafe: Waiting
4e1301d90f76: Waiting
ab59ea540597: Waiting
cd4786088128: Waiting
6f45af67343c: Waiting
9a946082a692: Waiting
11000a987582: Waiting
40682065444e: Waiting
2a318a3aa03b: Waiting
1de558139cc2: Waiting
398f064d2c69: Waiting
83a20d8eda58: Waiting
953a5601ef6d: Waiting
2a3b0439d56f: Waiting
bca17f8a8a29: Waiting
c720cd58b82f: Waiting
e57864ae8143: Waiting
efdf886b6476: Waiting
53024431fae2: Waiting
4497c79db972: Waiting
f7e2b7b03cb9: Waiting
c13dd88defb2: Waiting
057ad93f5144: Pulling fs layer
04646e009d6d: Pulling fs layer
9aafb79631a7: Pulling fs layer
9a77745adc4b: Pulling fs layer
9bba56860dda: Pulling fs layer
062abffc93fe: Pulling fs layer
27d75278238b: Pulling fs layer
d4cfdd9ec318: Pulling fs layer
dd8b7fa6b16f: Waiting
2096296c51a4: Pulling fs layer
4d2ddb164751: Pulling fs layer
057ad93f5144: Waiting
04646e009d6d: Waiting
357b8c51b68c: Pulling fs layer
9aafb79631a7: Waiting
f4911ff67238: Pulling fs layer
ae12429faa6c: Pulling fs layer
1dcdca2058cd: Pulling fs layer
8a5870adca4d: Pulling fs layer
8ee5b2ff62af: Pulling fs layer
e0a6848f8d89: Pulling fs layer
9a77745adc4b: Waiting
f54156c3b0b4: Pulling fs layer
9bba56860dda: Waiting
88b80a35cf12: Pulling fs layer
4d2ddb164751: Waiting
f345a382dff9: Pulling fs layer
357b8c51b68c: Waiting
062abffc93fe: Waiting
67040b11702c: Pulling fs layer
f4911ff67238: Waiting
27d75278238b: Waiting
ae12429faa6c: Waiting
d4cfdd9ec318: Waiting
2096296c51a4: Waiting
1dcdca2058cd: Waiting
8a5870adca4d: Waiting
8ee5b2ff62af: Waiting
e0a6848f8d89: Waiting
88b80a35cf12: Waiting
67040b11702c: Waiting
f345a382dff9: Waiting
3df13df25856: Download complete
ae415db10c28: Verifying Checksum
ae415db10c28: Download complete
2e457be5f03c: Verifying Checksum
2e457be5f03c: Download complete
ae415db10c28: Pull complete
3df13df25856: Pull complete
cd4786088128: Verifying Checksum
cd4786088128: Download complete
2e457be5f03c: Pull complete
4e1301d90f76: Download complete
4e1301d90f76: Pull complete
cd4786088128: Pull complete
9a946082a692: Verifying Checksum
9a946082a692: Download complete
1de558139cc2: Download complete
2a318a3aa03b: Download complete
83a20d8eda58: Verifying Checksum
83a20d8eda58: Download complete
c9e20853cafe: Verifying Checksum
c9e20853cafe: Download complete
ab59ea540597: Verifying Checksum
ab59ea540597: Download complete
6f45af67343c: Verifying Checksum
6f45af67343c: Download complete
11000a987582: Verifying Checksum
11000a987582: Download complete
2e3807511e7e: Verifying Checksum
2e3807511e7e: Download complete
398f064d2c69: Download complete
40682065444e: Verifying Checksum
40682065444e: Download complete
953a5601ef6d: Verifying Checksum
953a5601ef6d: Download complete
9a946082a692: Pull complete
2a318a3aa03b: Pull complete
1de558139cc2: Pull complete
bca17f8a8a29: Download complete
c720cd58b82f: Download complete
efdf886b6476: Verifying Checksum
efdf886b6476: Download complete
f2dbd038a2fb: Verifying Checksum
f2dbd038a2fb: Download complete
53024431fae2: Verifying Checksum
53024431fae2: Download complete
4497c79db972: Download complete
c13dd88defb2: Download complete
2a3b0439d56f: Download complete
e57864ae8143: Download complete
83a20d8eda58: Pull complete
2e3807511e7e: Pull complete
c9e20853cafe: Pull complete
ab59ea540597: Pull complete
6f45af67343c: Pull complete
11000a987582: Pull complete
40682065444e: Pull complete
398f064d2c69: Pull complete
953a5601ef6d: Pull complete
f2dbd038a2fb: Pull complete
bca17f8a8a29: Pull complete
c720cd58b82f: Pull complete
efdf886b6476: Pull complete
53024431fae2: Pull complete
4497c79db972: Pull complete
c13dd88defb2: Pull complete
2a3b0439d56f: Pull complete
e57864ae8143: Pull complete
f7e2b7b03cb9: Download complete
dd8b7fa6b16f: Verifying Checksum
dd8b7fa6b16f: Download complete
057ad93f5144: Verifying Checksum
057ad93f5144: Download complete
f7e2b7b03cb9: Pull complete
dd8b7fa6b16f: Pull complete
04646e009d6d: Download complete
f54156c3b0b4: Waiting
docker: write /var/lib/docker/tmp/GetImageBlob189484148: no space left on device.
See 'docker run --help'.
