Unable to find image 'n132/arvo:54451-vul' locally
54451-vul: Pulling from n132/arvo
846c0b181fff: Pulling fs layer
097009a04571: Pulling fs layer
ba45dfea691c: Pulling fs layer
95d0308d0db5: Pulling fs layer
8b981e975a65: Pulling fs layer
9c3535297a15: Pulling fs layer
1c424379b7b3: Pulling fs layer
23127a442de6: Pulling fs layer
846c0b181fff: Waiting
d5c5e44a6128: Pulling fs layer
097009a04571: Waiting
9bbe7b0e02a8: Pulling fs layer
23127a442de6: Waiting
ba45dfea691c: Waiting
95d0308d0db5: Waiting
8b981e975a65: Waiting
1c424379b7b3: Waiting
9c3535297a15: Waiting
85567015c56b: Pulling fs layer
fdaa868a0f02: Pulling fs layer
4bef7d77075b: Pulling fs layer
9dcc70a84cea: Pulling fs layer
fdaa868a0f02: Waiting
4bef7d77075b: Waiting
85567015c56b: Waiting
89f9ec673cb6: Pulling fs layer
9dcc70a84cea: Waiting
89f9ec673cb6: Waiting
d9e12116bd1e: Pulling fs layer
0fe382a15548: Pulling fs layer
d9e12116bd1e: Waiting
bc8fa48ffdd6: Pulling fs layer
0fe382a15548: Waiting
b4a60017039b: Pulling fs layer
c121d85f76ab: Pulling fs layer
bc8fa48ffdd6: Waiting
b4a60017039b: Waiting
08a1cff3876e: Pulling fs layer
9948ee7a9a57: Pulling fs layer
bc1c29040cd4: Pulling fs layer
c121d85f76ab: Waiting
08a1cff3876e: Waiting
8849bdb025cd: Pulling fs layer
bc1c29040cd4: Waiting
7f99c47c3834: Pulling fs layer
8849bdb025cd: Waiting
c8474f562171: Pulling fs layer
7f99c47c3834: Waiting
dc9c2921105d: Pulling fs layer
3cec1ba6121a: Pulling fs layer
8ae2cfd1f8c7: Pulling fs layer
dc9c2921105d: Waiting
b7a9c9b77963: Pulling fs layer
df631600b52c: Pulling fs layer
c8474f562171: Waiting
3cec1ba6121a: Waiting
014768d33630: Pulling fs layer
8ae2cfd1f8c7: Waiting
b7a9c9b77963: Waiting
4f4fb700ef54: Pulling fs layer
a69165ed70c0: Pulling fs layer
4f4fb700ef54: Waiting
014768d33630: Waiting
a25fd8dc5145: Pulling fs layer
a69165ed70c0: Waiting
846c0b181fff: Verifying Checksum
846c0b181fff: Download complete
9bbe7b0e02a8: Waiting
d5c5e44a6128: Waiting
9948ee7a9a57: Waiting
df631600b52c: Waiting
a25fd8dc5145: Waiting
docker: failed to register layer: mkdir /etc/dpkg/origins: no space left on device.
See 'docker run --help'.
