INFO: Seed: 1622057218
INFO: Loaded 1 modules   (40125 inline 8-bit counters): 40125 [0xddb920, 0xde55dd), 
INFO: Loaded 1 PC tables (40125 PCs): 40125 [0xde55e0,0xe821b0), 
/out/conf: Running 1 inputs 1 time(s) each.
Running: /tmp/poc
=================================================================
==7==ERROR: AddressSanitizer: heap-buffer-overflow on address 0x608000000171 at pc 0x0000005836b4 bp 0x7ffceb269210 sp 0x7ffceb269208
WRITE of size 1 at 0x608000000171 thread T0
SCARINESS: 31 (1-byte-write-heap-buffer-overflow)
    #0 0x5836b3 in OPENSSL_strlcpy /src/openssl/crypto/o_str.c:77:14
    #1 0x5837af in OPENSSL_strlcat /src/openssl/crypto/o_str.c:86:16
    #2 0x5789e8 in ERR_add_error_vdata /src/openssl/crypto/err/err.c:888:9
    #3 0x575ed0 in ERR_add_error_data /src/openssl/crypto/err/err.c:831:5
    #4 0x5c1884 in process_include /src/openssl/crypto/conf/conf_def.c
    #5 0x5bf1dd in def_load_bio /src/openssl/crypto/conf/conf_def.c:365:24
    #6 0x4c9eec in FuzzerTestOneInput /src/openssl/fuzz/conf.c:38:5
    #7 0x514cc0 in fuzzer::Fuzzer::ExecuteCallback(unsigned char const*, unsigned long) /src/libfuzzer/FuzzerLoop.cpp:553:15
    #8 0x4caaaf in fuzzer::RunOneTest(fuzzer::Fuzzer*, char const*, unsigned long) /src/libfuzzer/FuzzerDriver.cpp:292:6
    #9 0x4d7894 in fuzzer::FuzzerDriver(int*, char***, int (*)(unsigned char const*, unsigned long)) /src/libfuzzer/FuzzerDriver.cpp:775:9
    #10 0x4ca107 in main /src/libfuzzer/FuzzerMain.cpp:19:10
    #11 0x79e5adb8a83f in __libc_start_main (/lib/x86_64-linux-gnu/libc.so.6+0x2083f)
    #12 0x41fd98 in _start (/out/conf+0x41fd98)

DEDUP_TOKEN: OPENSSL_strlcpy--OPENSSL_strlcat--ERR_add_error_vdata
0x608000000171 is located 0 bytes to the right of 81-byte region [0x608000000120,0x608000000171)
allocated by thread T0 here:
    #0 0x497cfd in malloc /src/llvm/projects/compiler-rt/lib/asan/asan_malloc_linux.cc:145:3
    #1 0x578815 in ERR_add_error_vdata /src/openssl/crypto/err/err.c:865:23
    #2 0x575ed0 in ERR_add_error_data /src/openssl/crypto/err/err.c:831:5
    #3 0x5c1871 in process_include /src/openssl/crypto/conf/conf_def.c:676:9
    #4 0x5bf1dd in def_load_bio /src/openssl/crypto/conf/conf_def.c:365:24
    #5 0x4c9eec in FuzzerTestOneInput /src/openssl/fuzz/conf.c:38:5
    #6 0x514cc0 in fuzzer::Fuzzer::ExecuteCallback(unsigned char const*, unsigned long) /src/libfuzzer/FuzzerLoop.cpp:553:15
    #7 0x4caaaf in fuzzer::RunOneTest(fuzzer::Fuzzer*, char const*, unsigned long) /src/libfuzzer/FuzzerDriver.cpp:292:6
    #8 0x4d7894 in fuzzer::FuzzerDriver(int*, char***, int (*)(unsigned char const*, unsigned long)) /src/libfuzzer/FuzzerDriver.cpp:775:9
    #9 0x4ca107 in main /src/libfuzzer/FuzzerMain.cpp:19:10
    #10 0x79e5adb8a83f in __libc_start_main (/lib/x86_64-linux-gnu/libc.so.6+0x2083f)

DEDUP_TOKEN: malloc--ERR_add_error_vdata--ERR_add_error_data
SUMMARY: AddressSanitizer: heap-buffer-overflow /src/openssl/crypto/o_str.c:77:14 in OPENSSL_strlcpy
Shadow bytes around the buggy address:
  0x0c107fff7fd0: 00 00 00 00 00 00 00 00 00 00 00 00 00 00 00 00
  0x0c107fff7fe0: 00 00 00 00 00 00 00 00 00 00 00 00 00 00 00 00
  0x0c107fff7ff0: 00 00 00 00 00 00 00 00 00 00 00 00 00 00 00 00
  0x0c107fff8000: fa fa fa fa 00 00 00 00 00 00 00 00 00 00 00 00
  0x0c107fff8010: fa fa fa fa 00 00 00 00 00 00 00 00 00 00 04 fa
=>0x0c107fff8020: fa fa fa fa 00 00 00 00 00 00 00 00 00 00[01]fa
  0x0c107fff8030: fa fa fa fa fa fa fa fa fa fa fa fa fa fa fa fa
  0x0c107fff8040: fa fa fa fa fa fa fa fa fa fa fa fa fa fa fa fa
  0x0c107fff8050: fa fa fa fa fa fa fa fa fa fa fa fa fa fa fa fa
  0x0c107fff8060: fa fa fa fa fa fa fa fa fa fa fa fa fa fa fa fa
  0x0c107fff8070: fa fa fa fa fa fa fa fa fa fa fa fa fa fa fa fa
Shadow byte legend (one shadow byte represents 8 application bytes):
  Addressable:           00
  Partially addressable: 01 02 03 04 05 06 07 
  Heap left redzone:       fa
  Freed heap region:       fd
  Stack left redzone:      f1
  Stack mid redzone:       f2
  Stack right redzone:     f3
  Stack after return:      f5
  Stack use after scope:   f8
  Global redzone:          f9
  Global init order:       f6
  Poisoned by user:        f7
  Container overflow:      fc
  Array cookie:            ac
  Intra object redzone:    bb
  ASan internal:           fe
  Left alloca redzone:     ca
  Right alloca redzone:    cb
  Shadow gap:              cc
==7==ABORTING
