Unable to find image 'n132/arvo:36355-vul' locally
36355-vul: Pulling from n132/arvo
61e03ba1d414: Pulling fs layer
4afb39f216bd: Pulling fs layer
e489abdc9f90: Pulling fs layer
999fff7bcc24: Pulling fs layer
3c98c0852c3e: Pulling fs layer
8fb1b96b0194: Pulling fs layer
0f4e9129a85e: Pulling fs layer
2f04b95c6cb4: Pulling fs layer
45903c5d6fd1: Pulling fs layer
4f9917dc7f61: Pulling fs layer
e489abdc9f90: Waiting
822ab719dfe3: Pulling fs layer
fb3d8008b389: Pulling fs layer
4afb39f216bd: Waiting
cf11d330b4df: Pulling fs layer
4967334e5a42: Pulling fs layer
3c98c0852c3e: Waiting
28d6cd951f28: Pulling fs layer
0f4e9129a85e: Waiting
45903c5d6fd1: Waiting
6bdb1c73be33: Pulling fs layer
2f04b95c6cb4: Waiting
4f9917dc7f61: Waiting
8fb1b96b0194: Waiting
7da25af96800: Pulling fs layer
efd3e017b1c0: Pulling fs layer
61e03ba1d414: Waiting
857e04b43f6f: Pulling fs layer
4967334e5a42: Waiting
822ab719dfe3: Waiting
cf11d330b4df: Waiting
57e766728052: Pulling fs layer
32a0d49424aa: Pulling fs layer
fb3d8008b389: Waiting
28d6cd951f28: Waiting
396368b3604a: Pulling fs layer
8924c7a292c3: Pulling fs layer
857e04b43f6f: Waiting
57e766728052: Waiting
d956dfc4fc5c: Pulling fs layer
7aa474711d6e: Pulling fs layer
878714c1d396: Pulling fs layer
1a0d932fdf3e: Pulling fs layer
5d0b7d52bb3c: Pulling fs layer
32a0d49424aa: Waiting
6bdb1c73be33: Waiting
ef03382237fb: Pulling fs layer
18fc82194091: Pulling fs layer
18afcfd39f81: Pulling fs layer
7aa474711d6e: Waiting
b1cc737ef6c5: Pulling fs layer
bfd462665630: Pulling fs layer
d956dfc4fc5c: Waiting
84c9faecc3d2: Pulling fs layer
ef03382237fb: Waiting
97e92de441f1: Pulling fs layer
5d0b7d52bb3c: Waiting
bfd462665630: Waiting
384290bda52b: Pulling fs layer
84c9faecc3d2: Waiting
18fc82194091: Waiting
100294dea1fe: Pulling fs layer
384290bda52b: Waiting
b1cc737ef6c5: Waiting
6773df09485a: Pulling fs layer
878714c1d396: Waiting
100294dea1fe: Waiting
bf216a3e415b: Pulling fs layer
4f8177853bb5: Pulling fs layer
4bd86f72a23f: Pulling fs layer
18afcfd39f81: Waiting
6773df09485a: Waiting
bf216a3e415b: Waiting
bdc401483976: Pulling fs layer
1a0d932fdf3e: Waiting
f8bf551afa49: Pulling fs layer
4f8177853bb5: Waiting
e6840504e55f: Pulling fs layer
f8bf551afa49: Waiting
5d322398c73d: Pulling fs layer
bdc401483976: Waiting
396368b3604a: Waiting
1f63c8dcbbc8: Pulling fs layer
044c689cd3b4: Pulling fs layer
4104ce344d92: Pulling fs layer
673522dab8f9: Pulling fs layer
044c689cd3b4: Waiting
ad4c03f881b9: Pulling fs layer
673522dab8f9: Waiting
49fee3d391f9: Pulling fs layer
30eab7de7f34: Pulling fs layer
30eab7de7f34: Waiting
e6840504e55f: Waiting
4afb39f216bd: Verifying Checksum
e489abdc9f90: Verifying Checksum
e489abdc9f90: Download complete
61e03ba1d414: Download complete
999fff7bcc24: Download complete
8fb1b96b0194: Download complete
3c98c0852c3e: Verifying Checksum
3c98c0852c3e: Download complete
0f4e9129a85e: Verifying Checksum
0f4e9129a85e: Download complete
61e03ba1d414: Pull complete
4afb39f216bd: Pull complete
e489abdc9f90: Pull complete
999fff7bcc24: Pull complete
2f04b95c6cb4: Verifying Checksum
2f04b95c6cb4: Download complete
3c98c0852c3e: Pull complete
8fb1b96b0194: Pull complete
0f4e9129a85e: Pull complete
2f04b95c6cb4: Pull complete
4f9917dc7f61: Download complete
45903c5d6fd1: Verifying Checksum
45903c5d6fd1: Download complete
fb3d8008b389: Verifying Checksum
fb3d8008b389: Download complete
cf11d330b4df: Verifying Checksum
cf11d330b4df: Download complete
822ab719dfe3: Download complete
45903c5d6fd1: Pull complete
4f9917dc7f61: Pull complete
28d6cd951f28: Verifying Checksum
28d6cd951f28: Download complete
4967334e5a42: Verifying Checksum
4967334e5a42: Download complete
efd3e017b1c0: Verifying Checksum
efd3e017b1c0: Download complete
857e04b43f6f: Download complete
7da25af96800: Verifying Checksum
7da25af96800: Download complete
32a0d49424aa: Verifying Checksum
32a0d49424aa: Download complete
8924c7a292c3: Download complete
57e766728052: Download complete
396368b3604a: Verifying Checksum
396368b3604a: Download complete
7aa474711d6e: Download complete
d956dfc4fc5c: Verifying Checksum
d956dfc4fc5c: Download complete
878714c1d396: Verifying Checksum
878714c1d396: Download complete
1a0d932fdf3e: Verifying Checksum
1a0d932fdf3e: Download complete
18fc82194091: Verifying Checksum
18fc82194091: Download complete
ef03382237fb: Verifying Checksum
ef03382237fb: Download complete
5d0b7d52bb3c: Download complete
18afcfd39f81: Download complete
b1cc737ef6c5: Verifying Checksum
b1cc737ef6c5: Download complete
97e92de441f1: Verifying Checksum
97e92de441f1: Download complete
bfd462665630: Verifying Checksum
bfd462665630: Download complete
384290bda52b: Download complete
6773df09485a: Verifying Checksum
6773df09485a: Download complete
bf216a3e415b: Verifying Checksum
bf216a3e415b: Download complete
100294dea1fe: Verifying Checksum
100294dea1fe: Download complete
4f8177853bb5: Download complete
84c9faecc3d2: Verifying Checksum
84c9faecc3d2: Download complete
4bd86f72a23f: Verifying Checksum
4bd86f72a23f: Download complete
f8bf551afa49: Verifying Checksum
f8bf551afa49: Download complete
bdc401483976: Download complete
5d322398c73d: Verifying Checksum
5d322398c73d: Download complete
e6840504e55f: Verifying Checksum
e6840504e55f: Download complete
4104ce344d92: Verifying Checksum
4104ce344d92: Download complete
044c689cd3b4: Verifying Checksum
044c689cd3b4: Download complete
1f63c8dcbbc8: Verifying Checksum
1f63c8dcbbc8: Download complete
ad4c03f881b9: Verifying Checksum
ad4c03f881b9: Download complete
673522dab8f9: Verifying Checksum
673522dab8f9: Download complete
30eab7de7f34: Verifying Checksum
30eab7de7f34: Download complete
docker: write /var/lib/docker/tmp/GetImageBlob2810147330: no space left on device.
See 'docker run --help'.
