Unable to find image 'n132/arvo:17597-vul' locally
17597-vul: Pulling from n132/arvo
16c48d79e9cc: Pulling fs layer
16c48d79e9cc: Waiting
3c654ad3ed7d: Pulling fs layer
6276f4f9c29d: Pulling fs layer
3c654ad3ed7d: Waiting
a4bd43ad48ce: Pulling fs layer
6276f4f9c29d: Waiting
6d17867de201: Pulling fs layer
a4bd43ad48ce: Waiting
bb83ca093632: Pulling fs layer
bcc6602310b2: Pulling fs layer
bb83ca093632: Waiting
6d17867de201: Waiting
bde9ea9b6065: Pulling fs layer
bcc6602310b2: Waiting
4d6b4194c499: Pulling fs layer
c0dab1d1cb74: Pulling fs layer
6744da06e878: Pulling fs layer
c0dab1d1cb74: Waiting
bde9ea9b6065: Waiting
4d6b4194c499: Waiting
6744da06e878: Waiting
a44887a6a733: Pulling fs layer
66d4e2b8e5db: Pulling fs layer
a44887a6a733: Waiting
39b0f7b1cd86: Pulling fs layer
3f13e7cf9cef: Pulling fs layer
66d4e2b8e5db: Waiting
39b0f7b1cd86: Waiting
9525169a6a4d: Pulling fs layer
3f13e7cf9cef: Waiting
e6faa9299f9b: Pulling fs layer
9525169a6a4d: Waiting
23ec1a544472: Pulling fs layer
e6faa9299f9b: Waiting
dbd51b75e908: Pulling fs layer
23ec1a544472: Waiting
dbd51b75e908: Waiting
5f91d6ba4636: Pulling fs layer
a2195bb969f6: Pulling fs layer
5f91d6ba4636: Waiting
a2195bb969f6: Waiting
0eb832b1e143: Pulling fs layer
11f0ffbfb2c2: Pulling fs layer
0eb832b1e143: Waiting
11f0ffbfb2c2: Waiting
bd35aad09de7: Pulling fs layer
729f9af118fd: Pulling fs layer
ff18fa36b8c3: Pulling fs layer
729f9af118fd: Waiting
bd35aad09de7: Waiting
ff18fa36b8c3: Waiting
e014ce62df0f: Pulling fs layer
9961bc76c468: Pulling fs layer
685999595b95: Pulling fs layer
e014ce62df0f: Waiting
9961bc76c468: Waiting
2cc0832c5792: Pulling fs layer
685999595b95: Waiting
2cc0832c5792: Waiting
92b48e8c6ecf: Pulling fs layer
7b1747e0e8d5: Pulling fs layer
92b48e8c6ecf: Waiting
7b1747e0e8d5: Waiting
829fb84eb701: Pulling fs layer
829fb84eb701: Waiting
eb57cdcad208: Pulling fs layer
3b434e9459cb: Pulling fs layer
eb57cdcad208: Waiting
3b434e9459cb: Waiting
e4e3208294dd: Pulling fs layer
0ac96fa20507: Pulling fs layer
e4e3208294dd: Waiting
0ac96fa20507: Waiting
0e6780e7493d: Pulling fs layer
b8dcbfe39a5d: Pulling fs layer
0e6780e7493d: Waiting
95936d43381b: Pulling fs layer
b8dcbfe39a5d: Waiting
e7693ba971be: Pulling fs layer
bd668b765259: Pulling fs layer
95936d43381b: Waiting
e7693ba971be: Waiting
91c72ca8aca4: Pulling fs layer
bd668b765259: Waiting
466a58e9ce3b: Pulling fs layer
91c72ca8aca4: Waiting
f57e979746aa: Pulling fs layer
466a58e9ce3b: Waiting
4f4fb700ef54: Pulling fs layer
a4e49598e4b4: Pulling fs layer
f57e979746aa: Wait16c48d79e9cc: Verifying Checksum
16c48d79e9cc: Download complete
3c654ad3ed7d: Download complete
6276f4f9c29d: Verifying Checksum
6276f4f9c29d: Download complete
a4bd43ad48ce: Download complete
16c48d79e9cc: Pull complete
3c654ad3ed7d: Pull complete
6276f4f9c29d: Pull complete
a4bd43ad48ce: Pull complete
6d17867de201: Verifying Checksum
6d17867de201: Download complete
bb83ca093632: Verifying Checksum
bb83ca093632: Download complete
bcc6602310b2: Download complete
4d6b4194c499: Verifying Checksum
4d6b4194c499: Download complete
6d17867de201: Pull complete
bb83ca093632: Pull complete
bcc6602310b2: Pull complete
c0dab1d1cb74: Verifying Checksum
c0dab1d1cb74: Download complete
bde9ea9b6065: Verifying Checksum
bde9ea9b6065: Download complete
6744da06e878: Verifying Checksum
6744da06e878: Download complete
a44887a6a733: Verifying Checksum
a44887a6a733: Download complete
39b0f7b1cd86: Verifying Checksum
39b0f7b1cd86: Download complete
3f13e7cf9cef: Verifying Checksum
3f13e7cf9cef: Download complete
66d4e2b8e5db: Verifying Checksum
66d4e2b8e5db: Download complete
ff18fa36b8c3: Waiting
bd35aad09de7: Waiting
92b48e8c6ecf: Waiting
829fb84eb701: Waiting
docker: write /var/lib/docker/tmp/GetImageBlob1020758450: no space left on device.
See 'docker run --help'.
ce left on device.
See 'docker run --help'.
