Unable to find image 'n132/arvo:54861-vul' locally
54861-vul: Pulling from n132/arvo
846c0b181fff: Pulling fs layer
6f40dfa743ea: Pulling fs layer
870d7d85d921: Pulling fs layer
8cafa8deec23: Pulling fs layer
870d7d85d921: Waiting
846c0b181fff: Waiting
6f40dfa743ea: Waiting
b3c7713b77b4: Pulling fs layer
8cafa8deec23: Waiting
671aa2736f7d: Pulling fs layer
b3c7713b77b4: Waiting
671aa2736f7d: Waiting
26a655f48331: Pulling fs layer
5e53940b618d: Pulling fs layer
3ab0e8346b9d: Pulling fs layer
da63893d7e33: Pulling fs layer
aeb614c05937: Pulling fs layer
63eaf6e1861b: Pulling fs layer
d7b23536322c: Pulling fs layer
6ac262db61e1: Pulling fs layer
3e82909c323e: Pulling fs layer
58a52029f898: Pulling fs layer
da63893d7e33: Waiting
27d5aa940f40: Pulling fs layer
26a655f48331: Waiting
d7b23536322c: Waiting
5e53940b618d: Waiting
6ac262db61e1: Waiting
aeb614c05937: Waiting
aa8720e4745f: Pulling fs layer
3e82909c323e: Waiting
63eaf6e1861b: Waiting
3ab0e8346b9d: Waiting
2811b888af37: Pulling fs layer
58a52029f898: Waiting
aa8720e4745f: Waiting
27d5aa940f40: Waiting
2811b888af37: Waiting
fe41c9462537: Pulling fs layer
5455e015fd20: Pulling fs layer
3c7eb3a6d6b6: Pulling fs layer
ea5ccad381d5: Pulling fs layer
fe41c9462537: Waiting
5455e015fd20: Waiting
dc6f22c3a893: Pulling fs layer
3c7eb3a6d6b6: Waiting
e936cc5046a5: Pulling fs layer
dc6f22c3a893: Waiting
ea5ccad381d5: Waiting
e936cc5046a5: Waiting
713ce431cd5f: Pulling fs layer
f7cd521ac62c: Pulling fs layer
713ce431cd5f: Waiting
ff7d37906c8c: Pulling fs layer
3e8339bcd215: Pulling fs layer
6692349e2a66: Pulling fs layer
f7cd521ac62c: Waiting
ff7d37906c8c: Waiting
3e8339bcd215: Waiting
e635a4ea9356: Pulling fs layer
6692349e2a66: Waiting
3fb9d211cdf1: Pulling fs layer
65bd7fab44c8: Pulling fs layer
e635a4ea9356: Waiting
a5df4676c692: Pulling fs layer
954b54099ad2: Pulling fs layer
3fb9d211cdf1: Waiting
a5df4676c692: Waiting
2a4e27c5cd34: Pulling fs layer
954b54099ad2: Waiting
65bd7fab44c8: Waiting
11bf1b971082: Pulling fs layer
8b6bfc87104b: Pulling fs layer
2a4e27c5cd34: Waiting
08b982937c66: Pulling fs layer
11bf1b971082: Waiting
8b6bfc87104b: Waiting
a935736820b1: Pulling fs layer
08b982937c66: Waiting
06dd01dd9eff: Pulling fs layer
a935736820b1: Waiting
d6c1f9d61198: Pulling fs layer
e4faa96e383e: Pulling fs layer
812c3b2424f5: Pulling fs layer
1dda24da312d: Pulling fs layer
d6c1f9d61198: Waiting
70d38b5365f0: Pulling fs layer
812c3b2424f5: Waiting
1dda24da312d: Waiting
6c8665e741bc: Pulling fs layer
70d38b5365f0: Waiting
852314f04364: Pulling fs layer
bdb5cf216fc9: Pulling fs layer
852314f04364: Waiting
686a6730d7c2: Pulling fs layer
c8ee8c5f14cf: Pulling fs layer
bdb5cf216fc9: Waiting
846c0b181fff: Verifying Checksum
846c0b181fff: Download complete
06dd01dd9eff: Waiting
e4faa96e383e: Waiting
6c8665e741bc: Waiting
686a6730d7c2: Waiting
c8ee8c5f14cf: Waiting
docker: failed to register layer: mkdir /etc/dpkg/origins: no space left on device.
See 'docker run --help'.
