Unable to find image 'n132/arvo:42944-vul' locally
42944-vul: Pulling from n132/arvo
7b1a6ab2e44d: Already exists
8881f6140900: Pulling fs layer
c8beb2c50bd8: Pulling fs layer
b34a1cd09240: Pulling fs layer
213ec0ca34a3: Pulling fs layer
bc47ca9c8b0b: Pulling fs layer
e2dbe7c7eeb9: Pulling fs layer
d65b913a4283: Pulling fs layer
00d76864d0f2: Pulling fs layer
38c82b79faaf: Pulling fs layer
a5a5df1e66fa: Pulling fs layer
b8936f3a6b76: Pulling fs layer
a89e2c443787: Pulling fs layer
a1eca5fe4e69: Pulling fs layer
10f360e0ebd9: Pulling fs layer
327580500485: Pulling fs layer
ab4ff7c0acf8: Pulling fs layer
51074a011940: Pulling fs layer
185dd92dbcba: Pulling fs layer
e12b10886cc3: Pulling fs layer
4d6bb3eec575: Pulling fs layer
3c182cfbc44f: Pulling fs layer
c9e21a724cc1: Pulling fs layer
1cf18da8c465: Pulling fs layer
d79da561e21b: Pulling fs layer
69f27a3a9084: Pulling fs layer
a41cc32f2bb7: Pulling fs layer
6a7abd542b31: Pulling fs layer
e35c72881063: Pulling fs layer
f123f098cc05: Pulling fs layer
0fbe7d42789c: Pulling fs layer
18ab88e45165: Pulling fs layer
fe440f0dcfff: Pulling fs layer
b034595c38ee: Pulling fs layer
4a7bdc655305: Pulling fs layer
77e55dedbcf1: Pulling fs layer
a62d3e41734f: Pulling fs layer
d79da561e21b: Waiting
69f27a3a9084: Waiting
790e9cd69d0d: Pulling fs layer
a41cc32f2bb7: Waiting
411f908609b7: Pulling fs layer
f123f098cc05: Waiting
b034595c38ee: Waiting
51f11f2c1267: Pulling fs layer
15d22c503c87: Pulling fs layer
2d6050551462: Pulling fs layer
51074a011940: Waiting
e35c72881063: Waiting
0fbe7d42789c: Waiting
8881f6140900: Waiting
c8beb2c50bd8: Waiting
38c82b79faaf: Waiting
18ab88e45165: Waiting
b34a1cd09240: Waiting
fe440f0dcfff: Waiting
77e55dedbcf1: Waiting
a5a5df1e66fa: Waiting
b8936f3a6b76: Waiting
a89e2c443787: Waiting
a1eca5fe4e69: Waiting
10f360e0ebd9: Waiting
327580500485: Waiting
2d6050551462: Waiting
411f908609b7: Waiting
ab4ff7c0acf8: Waiting
e2dbe7c7eeb9: Waiting
213ec0ca34a3: Waiting
bc47ca9c8b0b: Waiting
15d22c503c87: Waiting
c9e21a724cc1: Waiting
d65b913a4283: Waiting
185dd92dbcba: Waiting
e12b10886cc3: Waiting
3c182cfbc44f: Waiting
4d6bb3eec575: Waiting
00d76864d0f2: Waiting
a62d3e41734f: Waiting
51f11f2c1267: Waiting
1cf18da8c465: Waiting
4a7bdc655305: Waiting
c8beb2c50bd8: Download complete
b34a1cd09240: Verifying Checksum
b34a1cd09240: Download complete
213ec0ca34a3: Download complete
8881f6140900: Verifying Checksum
8881f6140900: Download complete
e2dbe7c7eeb9: Verifying Checksum
e2dbe7c7eeb9: Download complete
8881f6140900: Pull complete
c8beb2c50bd8: Pull complete
b34a1cd09240: Pull complete
213ec0ca34a3: Pull complete
bc47ca9c8b0b: Verifying Checksum
bc47ca9c8b0b: Download complete
d65b913a4283: Verifying Checksum
d65b913a4283: Download complete
6a7abd542b31: Waiting
790e9cd69d0d: Waiting
docker: write /var/lib/docker/tmp/GetImageBlob2616745299: no space left on device.
See 'docker run --help'.
